2021-07-23 09:53:57.986 parsl:626 Rank:0 [INFO]  Python version: 3.8.8 (default, Apr 13 2021, 12:59:45) 
[Clang 10.0.0 ]
2021-07-23 09:53:57.987 parsl:627 Rank:0 [INFO]  Debug logging: True
2021-07-23 09:53:57.987 parsl:628 Rank:0 [INFO]  Log dir: /Users/ananthhariharan/Documents/Code/GitHub/Parsl-Project/runinfo/020/htex_Local
2021-07-23 09:53:57.987 parsl:629 Rank:0 [INFO]  Manager ID: 635733cf244f
2021-07-23 09:53:57.987 parsl:630 Rank:0 [INFO]  Block ID: 0
2021-07-23 09:53:57.987 parsl:631 Rank:0 [INFO]  cores_per_worker: 1
2021-07-23 09:53:57.987 parsl:632 Rank:0 [INFO]  mem_per_worker: None
2021-07-23 09:53:57.987 parsl:633 Rank:0 [INFO]  task_port: 54142
2021-07-23 09:53:57.987 parsl:634 Rank:0 [INFO]  result_port: 54411
2021-07-23 09:53:57.987 parsl:635 Rank:0 [INFO]  addresses: 69.174.173.76,192.168.4.29,Ananths-Macbook.local
2021-07-23 09:53:57.987 parsl:636 Rank:0 [INFO]  max_workers: 3
2021-07-23 09:53:57.987 parsl:637 Rank:0 [INFO]  poll_period: 100
2021-07-23 09:53:57.987 parsl:638 Rank:0 [INFO]  address_probe_timeout: 30
2021-07-23 09:53:57.987 parsl:639 Rank:0 [INFO]  Prefetch capacity: 0
2021-07-23 09:53:57.987 parsl:640 Rank:0 [INFO]  Heartbeat threshold: 5
2021-07-23 09:53:57.987 parsl:641 Rank:0 [INFO]  Heartbeat period: 2
2021-07-23 09:53:57.987 parsl:642 Rank:0 [INFO]  CPU affinity: none
2021-07-23 09:53:57.987 parsl:118 Rank:0 [INFO]  Manager started
2021-07-23 09:53:57.988 parsl.executors.high_throughput.probe:34 Rank:0 [DEBUG]  Trying to connect back on tcp://69.174.173.76:54142
2021-07-23 09:53:57.988 parsl.executors.high_throughput.probe:34 Rank:0 [DEBUG]  Trying to connect back on tcp://192.168.4.29:54142
2021-07-23 09:53:57.989 parsl.executors.high_throughput.probe:34 Rank:0 [DEBUG]  Trying to connect back on tcp://Ananths-Macbook.local:54142
2021-07-23 09:53:58.002 parsl.executors.high_throughput.probe:47 Rank:0 [INFO]  Connected to interchange on 192.168.4.29
2021-07-23 09:53:58.129 parsl:125 Rank:0 [INFO]  Connection to Interchange successful on 192.168.4.29
2021-07-23 09:53:58.130 parsl:128 Rank:0 [INFO]  Task url : tcp://192.168.4.29:54142
2021-07-23 09:53:58.130 parsl:129 Rank:0 [INFO]  Result url : tcp://192.168.4.29:54411
2021-07-23 09:53:58.130 parsl:147 Rank:0 [INFO]  Manager connected
2021-07-23 09:53:58.132 parsl:173 Rank:0 [INFO]  Manager will spawn 3 workers
2021-07-23 09:53:58.204 parsl:401 Rank:0 [DEBUG]  Manager synced with workers
2021-07-23 09:53:58.210 parsl:226 Rank:0 [INFO]  [TASK PULL THREAD] starting
2021-07-23 09:53:58.212 parsl:232 Rank:0 [DEBUG]  Sending registration message: b'{"parsl_v": "1.1.0", "python_v": "3.8.8", "worker_count": 3, "uid": "635733cf244f", "block_id": "0", "prefetch_capacity": 0, "max_capacity": 3, "os": "Darwin", "hostname": "Ananths-Macbook.local", "dir": "/Users/ananthhariharan/Documents/Code/GitHub/Parsl-Project", "cpu_count": 2, "total_memory": 8589934592}'
2021-07-23 09:53:58.213 parsl:307 Rank:0 [DEBUG]  [RESULT_PUSH_THREAD] Starting thread
2021-07-23 09:53:58.213 parsl:310 Rank:0 [DEBUG]  [RESULT_PUSH_THREAD] push poll period: 0.1
2021-07-23 09:53:58.214 parsl:244 Rank:0 [DEBUG]  [TASK_PULL_THREAD] ready workers:0, pending tasks:0
2021-07-23 09:53:58.216 parsl:416 Rank:0 [INFO]  Loop start
2021-07-23 09:53:58.215 parsl:344 Rank:0 [DEBUG]  [WORKER_WATCHDOG_THREAD] Starting thread
2021-07-23 09:53:58.322 parsl:283 Rank:0 [DEBUG]  [TASK_PULL_THREAD] No incoming tasks
2021-07-23 09:53:58.322 parsl:244 Rank:0 [DEBUG]  [TASK_PULL_THREAD] ready workers:3, pending tasks:0
2021-07-23 09:53:58.323 parsl:252 Rank:0 [DEBUG]  [TASK_PULL_THREAD] Requesting tasks: 3
2021-07-23 09:53:58.326 parsl:274 Rank:0 [DEBUG]  [TASK_PULL_THREAD] Got tasks: [1] of 1
2021-07-23 09:53:58.327 parsl:244 Rank:0 [DEBUG]  [TASK_PULL_THREAD] ready workers:3, pending tasks:1
2021-07-23 09:53:58.327 parsl:252 Rank:0 [DEBUG]  [TASK_PULL_THREAD] Requesting tasks: 3
2021-07-23 09:53:58.328 parsl:283 Rank:0 [DEBUG]  [TASK_PULL_THREAD] No incoming tasks
2021-07-23 09:53:58.328 parsl:244 Rank:0 [DEBUG]  [TASK_PULL_THREAD] ready workers:3, pending tasks:0
2021-07-23 09:53:58.328 parsl:252 Rank:0 [DEBUG]  [TASK_PULL_THREAD] Requesting tasks: 3
2021-07-23 09:53:58.335 parsl.process_loggers:28 Rank:0 [DEBUG]  Normal ending for send_first_message on thread MainThread
2021-07-23 09:53:58.532 parsl:283 Rank:0 [DEBUG]  [TASK_PULL_THREAD] No incoming tasks
2021-07-23 09:53:58.533 parsl:244 Rank:0 [DEBUG]  [TASK_PULL_THREAD] ready workers:3, pending tasks:0
2021-07-23 09:53:58.533 parsl:252 Rank:0 [DEBUG]  [TASK_PULL_THREAD] Requesting tasks: 3
2021-07-23 09:53:58.540 parsl:274 Rank:0 [DEBUG]  [TASK_PULL_THREAD] Got tasks: [2, 3] of 3
2021-07-23 09:53:58.540 parsl:244 Rank:0 [DEBUG]  [TASK_PULL_THREAD] ready workers:3, pending tasks:2
2021-07-23 09:53:58.540 parsl:252 Rank:0 [DEBUG]  [TASK_PULL_THREAD] Requesting tasks: 3
2021-07-23 09:53:58.541 parsl:283 Rank:0 [DEBUG]  [TASK_PULL_THREAD] No incoming tasks
2021-07-23 09:53:58.541 parsl:244 Rank:0 [DEBUG]  [TASK_PULL_THREAD] ready workers:3, pending tasks:0
2021-07-23 09:53:58.541 parsl:252 Rank:0 [DEBUG]  [TASK_PULL_THREAD] Requesting tasks: 3
2021-07-23 09:53:58.550 parsl.process_loggers:28 Rank:0 [DEBUG]  Normal ending for send_first_message on thread MainThread
2021-07-23 09:53:58.550 parsl.process_loggers:28 Rank:0 [DEBUG]  Normal ending for send_first_message on thread MainThread
2021-07-23 09:53:58.745 parsl:283 Rank:0 [DEBUG]  [TASK_PULL_THREAD] No incoming tasks
2021-07-23 09:53:58.745 parsl:244 Rank:0 [DEBUG]  [TASK_PULL_THREAD] ready workers:3, pending tasks:0
2021-07-23 09:53:58.745 parsl:252 Rank:0 [DEBUG]  [TASK_PULL_THREAD] Requesting tasks: 3
2021-07-23 09:53:58.749 parsl:274 Rank:0 [DEBUG]  [TASK_PULL_THREAD] Got tasks: [4] of 4
2021-07-23 09:53:58.750 parsl:244 Rank:0 [DEBUG]  [TASK_PULL_THREAD] ready workers:3, pending tasks:1
2021-07-23 09:53:58.750 parsl:252 Rank:0 [DEBUG]  [TASK_PULL_THREAD] Requesting tasks: 3
2021-07-23 09:53:58.750 parsl:283 Rank:0 [DEBUG]  [TASK_PULL_THREAD] No incoming tasks
2021-07-23 09:53:58.751 parsl:244 Rank:0 [DEBUG]  [TASK_PULL_THREAD] ready workers:3, pending tasks:0
2021-07-23 09:53:58.751 parsl:252 Rank:0 [DEBUG]  [TASK_PULL_THREAD] Requesting tasks: 3
2021-07-23 09:53:58.755 parsl.process_loggers:28 Rank:0 [DEBUG]  Normal ending for send_first_message on thread MainThread
2021-07-23 09:53:58.956 parsl:283 Rank:0 [DEBUG]  [TASK_PULL_THREAD] No incoming tasks
2021-07-23 09:53:58.956 parsl:244 Rank:0 [DEBUG]  [TASK_PULL_THREAD] ready workers:3, pending tasks:0
2021-07-23 09:53:58.957 parsl:252 Rank:0 [DEBUG]  [TASK_PULL_THREAD] Requesting tasks: 3
2021-07-23 09:53:58.962 parsl:274 Rank:0 [DEBUG]  [TASK_PULL_THREAD] Got tasks: [5] of 5
2021-07-23 09:53:58.963 parsl:244 Rank:0 [DEBUG]  [TASK_PULL_THREAD] ready workers:3, pending tasks:1
2021-07-23 09:53:58.963 parsl:252 Rank:0 [DEBUG]  [TASK_PULL_THREAD] Requesting tasks: 3
2021-07-23 09:53:58.964 parsl:283 Rank:0 [DEBUG]  [TASK_PULL_THREAD] No incoming tasks
2021-07-23 09:53:58.964 parsl:244 Rank:0 [DEBUG]  [TASK_PULL_THREAD] ready workers:3, pending tasks:0
2021-07-23 09:53:58.964 parsl:252 Rank:0 [DEBUG]  [TASK_PULL_THREAD] Requesting tasks: 3
2021-07-23 09:53:58.968 parsl.process_loggers:28 Rank:0 [DEBUG]  Normal ending for send_first_message on thread MainThread
2021-07-23 09:53:59.165 parsl:283 Rank:0 [DEBUG]  [TASK_PULL_THREAD] No incoming tasks
2021-07-23 09:53:59.165 parsl:244 Rank:0 [DEBUG]  [TASK_PULL_THREAD] ready workers:3, pending tasks:0
2021-07-23 09:53:59.165 parsl:252 Rank:0 [DEBUG]  [TASK_PULL_THREAD] Requesting tasks: 3
2021-07-23 09:53:59.170 parsl:274 Rank:0 [DEBUG]  [TASK_PULL_THREAD] Got tasks: [6] of 6
2021-07-23 09:53:59.170 parsl:244 Rank:0 [DEBUG]  [TASK_PULL_THREAD] ready workers:3, pending tasks:1
2021-07-23 09:53:59.170 parsl:252 Rank:0 [DEBUG]  [TASK_PULL_THREAD] Requesting tasks: 3
2021-07-23 09:53:59.171 parsl:283 Rank:0 [DEBUG]  [TASK_PULL_THREAD] No incoming tasks
2021-07-23 09:53:59.171 parsl:244 Rank:0 [DEBUG]  [TASK_PULL_THREAD] ready workers:3, pending tasks:0
2021-07-23 09:53:59.171 parsl:252 Rank:0 [DEBUG]  [TASK_PULL_THREAD] Requesting tasks: 3
2021-07-23 09:53:59.174 parsl.process_loggers:28 Rank:0 [DEBUG]  Normal ending for send_first_message on thread MainThread
2021-07-23 09:53:59.376 parsl:283 Rank:0 [DEBUG]  [TASK_PULL_THREAD] No incoming tasks
2021-07-23 09:53:59.377 parsl:244 Rank:0 [DEBUG]  [TASK_PULL_THREAD] ready workers:3, pending tasks:0
2021-07-23 09:53:59.377 parsl:252 Rank:0 [DEBUG]  [TASK_PULL_THREAD] Requesting tasks: 3
2021-07-23 09:53:59.381 parsl:274 Rank:0 [DEBUG]  [TASK_PULL_THREAD] Got tasks: [7, 8] of 8
2021-07-23 09:53:59.381 parsl:244 Rank:0 [DEBUG]  [TASK_PULL_THREAD] ready workers:3, pending tasks:2
2021-07-23 09:53:59.381 parsl:252 Rank:0 [DEBUG]  [TASK_PULL_THREAD] Requesting tasks: 3
2021-07-23 09:53:59.382 parsl:283 Rank:0 [DEBUG]  [TASK_PULL_THREAD] No incoming tasks
2021-07-23 09:53:59.382 parsl:244 Rank:0 [DEBUG]  [TASK_PULL_THREAD] ready workers:3, pending tasks:0
2021-07-23 09:53:59.382 parsl:252 Rank:0 [DEBUG]  [TASK_PULL_THREAD] Requesting tasks: 3
2021-07-23 09:53:59.385 parsl.process_loggers:28 Rank:0 [DEBUG]  Normal ending for send_first_message on thread MainThread
2021-07-23 09:53:59.386 parsl.process_loggers:28 Rank:0 [DEBUG]  Normal ending for send_first_message on thread MainThread
2021-07-23 09:53:59.587 parsl:283 Rank:0 [DEBUG]  [TASK_PULL_THREAD] No incoming tasks
2021-07-23 09:53:59.587 parsl:244 Rank:0 [DEBUG]  [TASK_PULL_THREAD] ready workers:3, pending tasks:0
2021-07-23 09:53:59.587 parsl:252 Rank:0 [DEBUG]  [TASK_PULL_THREAD] Requesting tasks: 3
2021-07-23 09:53:59.595 parsl:274 Rank:0 [DEBUG]  [TASK_PULL_THREAD] Got tasks: [9] of 9
2021-07-23 09:53:59.595 parsl:244 Rank:0 [DEBUG]  [TASK_PULL_THREAD] ready workers:3, pending tasks:1
2021-07-23 09:53:59.596 parsl:252 Rank:0 [DEBUG]  [TASK_PULL_THREAD] Requesting tasks: 3
2021-07-23 09:53:59.597 parsl:283 Rank:0 [DEBUG]  [TASK_PULL_THREAD] No incoming tasks
2021-07-23 09:53:59.597 parsl:244 Rank:0 [DEBUG]  [TASK_PULL_THREAD] ready workers:3, pending tasks:0
2021-07-23 09:53:59.597 parsl:252 Rank:0 [DEBUG]  [TASK_PULL_THREAD] Requesting tasks: 3
2021-07-23 09:53:59.600 parsl.process_loggers:28 Rank:0 [DEBUG]  Normal ending for send_first_message on thread MainThread
2021-07-23 09:53:59.798 parsl:283 Rank:0 [DEBUG]  [TASK_PULL_THREAD] No incoming tasks
2021-07-23 09:53:59.799 parsl:244 Rank:0 [DEBUG]  [TASK_PULL_THREAD] ready workers:3, pending tasks:0
2021-07-23 09:53:59.799 parsl:252 Rank:0 [DEBUG]  [TASK_PULL_THREAD] Requesting tasks: 3
2021-07-23 09:53:59.803 parsl:274 Rank:0 [DEBUG]  [TASK_PULL_THREAD] Got tasks: [10] of 10
2021-07-23 09:53:59.804 parsl:244 Rank:0 [DEBUG]  [TASK_PULL_THREAD] ready workers:3, pending tasks:1
2021-07-23 09:53:59.804 parsl:252 Rank:0 [DEBUG]  [TASK_PULL_THREAD] Requesting tasks: 3
2021-07-23 09:53:59.805 parsl:283 Rank:0 [DEBUG]  [TASK_PULL_THREAD] No incoming tasks
2021-07-23 09:53:59.806 parsl:244 Rank:0 [DEBUG]  [TASK_PULL_THREAD] ready workers:3, pending tasks:0
2021-07-23 09:53:59.806 parsl:252 Rank:0 [DEBUG]  [TASK_PULL_THREAD] Requesting tasks: 3
2021-07-23 09:53:59.809 parsl.process_loggers:28 Rank:0 [DEBUG]  Normal ending for send_first_message on thread MainThread
2021-07-23 09:54:00.009 parsl:283 Rank:0 [DEBUG]  [TASK_PULL_THREAD] No incoming tasks
2021-07-23 09:54:00.009 parsl:244 Rank:0 [DEBUG]  [TASK_PULL_THREAD] ready workers:3, pending tasks:0
2021-07-23 09:54:00.009 parsl:252 Rank:0 [DEBUG]  [TASK_PULL_THREAD] Requesting tasks: 3
2021-07-23 09:54:00.014 parsl:274 Rank:0 [DEBUG]  [TASK_PULL_THREAD] Got tasks: [11] of 11
2021-07-23 09:54:00.014 parsl:244 Rank:0 [DEBUG]  [TASK_PULL_THREAD] ready workers:3, pending tasks:1
2021-07-23 09:54:00.014 parsl:252 Rank:0 [DEBUG]  [TASK_PULL_THREAD] Requesting tasks: 3
2021-07-23 09:54:00.015 parsl:283 Rank:0 [DEBUG]  [TASK_PULL_THREAD] No incoming tasks
2021-07-23 09:54:00.015 parsl:244 Rank:0 [DEBUG]  [TASK_PULL_THREAD] ready workers:3, pending tasks:0
2021-07-23 09:54:00.015 parsl:252 Rank:0 [DEBUG]  [TASK_PULL_THREAD] Requesting tasks: 3
2021-07-23 09:54:00.020 parsl.process_loggers:28 Rank:0 [DEBUG]  Normal ending for send_first_message on thread MainThread
2021-07-23 09:54:00.215 parsl:283 Rank:0 [DEBUG]  [TASK_PULL_THREAD] No incoming tasks
2021-07-23 09:54:00.216 parsl:244 Rank:0 [DEBUG]  [TASK_PULL_THREAD] ready workers:3, pending tasks:0
2021-07-23 09:54:00.216 parsl:214 Rank:0 [DEBUG]  Return from heartbeat: None
2021-07-23 09:54:00.216 parsl:252 Rank:0 [DEBUG]  [TASK_PULL_THREAD] Requesting tasks: 3
2021-07-23 09:54:00.221 parsl:270 Rank:0 [DEBUG]  Got heartbeat from interchange
2021-07-23 09:54:00.221 parsl:244 Rank:0 [DEBUG]  [TASK_PULL_THREAD] ready workers:3, pending tasks:0
2021-07-23 09:54:00.221 parsl:252 Rank:0 [DEBUG]  [TASK_PULL_THREAD] Requesting tasks: 3
2021-07-23 09:54:00.221 parsl:283 Rank:0 [DEBUG]  [TASK_PULL_THREAD] No incoming tasks
2021-07-23 09:54:00.222 parsl:244 Rank:0 [DEBUG]  [TASK_PULL_THREAD] ready workers:3, pending tasks:0
2021-07-23 09:54:00.222 parsl:252 Rank:0 [DEBUG]  [TASK_PULL_THREAD] Requesting tasks: 3
2021-07-23 09:54:00.223 parsl:274 Rank:0 [DEBUG]  [TASK_PULL_THREAD] Got tasks: [12, 13] of 13
2021-07-23 09:54:00.223 parsl:244 Rank:0 [DEBUG]  [TASK_PULL_THREAD] ready workers:3, pending tasks:2
2021-07-23 09:54:00.224 parsl:252 Rank:0 [DEBUG]  [TASK_PULL_THREAD] Requesting tasks: 3
2021-07-23 09:54:00.224 parsl:283 Rank:0 [DEBUG]  [TASK_PULL_THREAD] No incoming tasks
2021-07-23 09:54:00.225 parsl:244 Rank:0 [DEBUG]  [TASK_PULL_THREAD] ready workers:3, pending tasks:0
2021-07-23 09:54:00.225 parsl:252 Rank:0 [DEBUG]  [TASK_PULL_THREAD] Requesting tasks: 3
2021-07-23 09:54:00.229 parsl.process_loggers:28 Rank:0 [DEBUG]  Normal ending for send_first_message on thread MainThread
2021-07-23 09:54:00.229 parsl.process_loggers:28 Rank:0 [DEBUG]  Normal ending for send_first_message on thread MainThread
2021-07-23 09:54:00.430 parsl:283 Rank:0 [DEBUG]  [TASK_PULL_THREAD] No incoming tasks
2021-07-23 09:54:00.430 parsl:244 Rank:0 [DEBUG]  [TASK_PULL_THREAD] ready workers:3, pending tasks:0
2021-07-23 09:54:00.431 parsl:252 Rank:0 [DEBUG]  [TASK_PULL_THREAD] Requesting tasks: 3
2021-07-23 09:54:00.433 parsl:274 Rank:0 [DEBUG]  [TASK_PULL_THREAD] Got tasks: [14] of 14
2021-07-23 09:54:00.433 parsl:244 Rank:0 [DEBUG]  [TASK_PULL_THREAD] ready workers:3, pending tasks:1
2021-07-23 09:54:00.433 parsl:252 Rank:0 [DEBUG]  [TASK_PULL_THREAD] Requesting tasks: 3
2021-07-23 09:54:00.434 parsl:283 Rank:0 [DEBUG]  [TASK_PULL_THREAD] No incoming tasks
2021-07-23 09:54:00.434 parsl:244 Rank:0 [DEBUG]  [TASK_PULL_THREAD] ready workers:3, pending tasks:0
2021-07-23 09:54:00.434 parsl:252 Rank:0 [DEBUG]  [TASK_PULL_THREAD] Requesting tasks: 3
2021-07-23 09:54:00.437 parsl.process_loggers:28 Rank:0 [DEBUG]  Normal ending for send_first_message on thread MainThread
2021-07-23 09:54:00.555 parsl:274 Rank:0 [DEBUG]  [TASK_PULL_THREAD] Got tasks: [15] of 15
2021-07-23 09:54:00.555 parsl:244 Rank:0 [DEBUG]  [TASK_PULL_THREAD] ready workers:3, pending tasks:1
2021-07-23 09:54:00.555 parsl:252 Rank:0 [DEBUG]  [TASK_PULL_THREAD] Requesting tasks: 3
2021-07-23 09:54:00.558 parsl:283 Rank:0 [DEBUG]  [TASK_PULL_THREAD] No incoming tasks
2021-07-23 09:54:00.558 parsl:244 Rank:0 [DEBUG]  [TASK_PULL_THREAD] ready workers:3, pending tasks:0
2021-07-23 09:54:00.558 parsl:252 Rank:0 [DEBUG]  [TASK_PULL_THREAD] Requesting tasks: 3
2021-07-23 09:54:00.561 parsl.process_loggers:28 Rank:0 [DEBUG]  Normal ending for send_first_message on thread MainThread
2021-07-23 09:54:00.760 parsl:283 Rank:0 [DEBUG]  [TASK_PULL_THREAD] No incoming tasks
2021-07-23 09:54:00.760 parsl:244 Rank:0 [DEBUG]  [TASK_PULL_THREAD] ready workers:3, pending tasks:0
2021-07-23 09:54:00.760 parsl:252 Rank:0 [DEBUG]  [TASK_PULL_THREAD] Requesting tasks: 3
2021-07-23 09:54:00.766 parsl:274 Rank:0 [DEBUG]  [TASK_PULL_THREAD] Got tasks: [16] of 16
2021-07-23 09:54:00.766 parsl:244 Rank:0 [DEBUG]  [TASK_PULL_THREAD] ready workers:3, pending tasks:1
2021-07-23 09:54:00.766 parsl:252 Rank:0 [DEBUG]  [TASK_PULL_THREAD] Requesting tasks: 3
2021-07-23 09:54:00.767 parsl:283 Rank:0 [DEBUG]  [TASK_PULL_THREAD] No incoming tasks
2021-07-23 09:54:00.767 parsl:244 Rank:0 [DEBUG]  [TASK_PULL_THREAD] ready workers:3, pending tasks:0
2021-07-23 09:54:00.767 parsl:252 Rank:0 [DEBUG]  [TASK_PULL_THREAD] Requesting tasks: 3
2021-07-23 09:54:00.770 parsl.process_loggers:28 Rank:0 [DEBUG]  Normal ending for send_first_message on thread MainThread
2021-07-23 09:54:00.973 parsl:283 Rank:0 [DEBUG]  [TASK_PULL_THREAD] No incoming tasks
2021-07-23 09:54:00.973 parsl:244 Rank:0 [DEBUG]  [TASK_PULL_THREAD] ready workers:3, pending tasks:0
2021-07-23 09:54:00.973 parsl:252 Rank:0 [DEBUG]  [TASK_PULL_THREAD] Requesting tasks: 3
2021-07-23 09:54:00.980 parsl:274 Rank:0 [DEBUG]  [TASK_PULL_THREAD] Got tasks: [17, 18] of 18
2021-07-23 09:54:00.980 parsl:244 Rank:0 [DEBUG]  [TASK_PULL_THREAD] ready workers:3, pending tasks:2
2021-07-23 09:54:00.980 parsl:252 Rank:0 [DEBUG]  [TASK_PULL_THREAD] Requesting tasks: 3
2021-07-23 09:54:00.980 parsl:283 Rank:0 [DEBUG]  [TASK_PULL_THREAD] No incoming tasks
2021-07-23 09:54:00.981 parsl:244 Rank:0 [DEBUG]  [TASK_PULL_THREAD] ready workers:3, pending tasks:0
2021-07-23 09:54:00.981 parsl:252 Rank:0 [DEBUG]  [TASK_PULL_THREAD] Requesting tasks: 3
2021-07-23 09:54:00.984 parsl.process_loggers:28 Rank:0 [DEBUG]  Normal ending for send_first_message on thread MainThread
2021-07-23 09:54:00.984 parsl.process_loggers:28 Rank:0 [DEBUG]  Normal ending for send_first_message on thread MainThread
2021-07-23 09:54:01.184 parsl:283 Rank:0 [DEBUG]  [TASK_PULL_THREAD] No incoming tasks
2021-07-23 09:54:01.185 parsl:244 Rank:0 [DEBUG]  [TASK_PULL_THREAD] ready workers:3, pending tasks:0
2021-07-23 09:54:01.185 parsl:252 Rank:0 [DEBUG]  [TASK_PULL_THREAD] Requesting tasks: 3
2021-07-23 09:54:01.189 parsl:274 Rank:0 [DEBUG]  [TASK_PULL_THREAD] Got tasks: [19] of 19
2021-07-23 09:54:01.189 parsl:244 Rank:0 [DEBUG]  [TASK_PULL_THREAD] ready workers:3, pending tasks:1
2021-07-23 09:54:01.190 parsl:252 Rank:0 [DEBUG]  [TASK_PULL_THREAD] Requesting tasks: 3
2021-07-23 09:54:01.190 parsl:283 Rank:0 [DEBUG]  [TASK_PULL_THREAD] No incoming tasks
2021-07-23 09:54:01.190 parsl:244 Rank:0 [DEBUG]  [TASK_PULL_THREAD] ready workers:3, pending tasks:0
2021-07-23 09:54:01.191 parsl:252 Rank:0 [DEBUG]  [TASK_PULL_THREAD] Requesting tasks: 3
2021-07-23 09:54:01.195 parsl.process_loggers:28 Rank:0 [DEBUG]  Normal ending for send_first_message on thread MainThread
2021-07-23 09:54:01.396 parsl:283 Rank:0 [DEBUG]  [TASK_PULL_THREAD] No incoming tasks
2021-07-23 09:54:01.396 parsl:244 Rank:0 [DEBUG]  [TASK_PULL_THREAD] ready workers:3, pending tasks:0
2021-07-23 09:54:01.396 parsl:252 Rank:0 [DEBUG]  [TASK_PULL_THREAD] Requesting tasks: 3
2021-07-23 09:54:01.401 parsl:274 Rank:0 [DEBUG]  [TASK_PULL_THREAD] Got tasks: [20] of 20
2021-07-23 09:54:01.401 parsl:244 Rank:0 [DEBUG]  [TASK_PULL_THREAD] ready workers:3, pending tasks:1
2021-07-23 09:54:01.402 parsl:252 Rank:0 [DEBUG]  [TASK_PULL_THREAD] Requesting tasks: 3
2021-07-23 09:54:01.402 parsl:283 Rank:0 [DEBUG]  [TASK_PULL_THREAD] No incoming tasks
2021-07-23 09:54:01.402 parsl:244 Rank:0 [DEBUG]  [TASK_PULL_THREAD] ready workers:3, pending tasks:0
2021-07-23 09:54:01.402 parsl:252 Rank:0 [DEBUG]  [TASK_PULL_THREAD] Requesting tasks: 3
2021-07-23 09:54:01.405 parsl.process_loggers:28 Rank:0 [DEBUG]  Normal ending for send_first_message on thread MainThread
2021-07-23 09:54:01.606 parsl:283 Rank:0 [DEBUG]  [TASK_PULL_THREAD] No incoming tasks
2021-07-23 09:54:01.606 parsl:244 Rank:0 [DEBUG]  [TASK_PULL_THREAD] ready workers:3, pending tasks:0
2021-07-23 09:54:01.606 parsl:252 Rank:0 [DEBUG]  [TASK_PULL_THREAD] Requesting tasks: 3
2021-07-23 09:54:01.609 parsl:274 Rank:0 [DEBUG]  [TASK_PULL_THREAD] Got tasks: [21] of 21
2021-07-23 09:54:01.611 parsl:244 Rank:0 [DEBUG]  [TASK_PULL_THREAD] ready workers:3, pending tasks:1
2021-07-23 09:54:01.611 parsl:252 Rank:0 [DEBUG]  [TASK_PULL_THREAD] Requesting tasks: 3
2021-07-23 09:54:01.612 parsl:283 Rank:0 [DEBUG]  [TASK_PULL_THREAD] No incoming tasks
2021-07-23 09:54:01.612 parsl:244 Rank:0 [DEBUG]  [TASK_PULL_THREAD] ready workers:3, pending tasks:0
2021-07-23 09:54:01.612 parsl:252 Rank:0 [DEBUG]  [TASK_PULL_THREAD] Requesting tasks: 3
2021-07-23 09:54:01.615 parsl.process_loggers:28 Rank:0 [DEBUG]  Normal ending for send_first_message on thread MainThread
2021-07-23 09:54:01.816 parsl:283 Rank:0 [DEBUG]  [TASK_PULL_THREAD] No incoming tasks
2021-07-23 09:54:01.816 parsl:244 Rank:0 [DEBUG]  [TASK_PULL_THREAD] ready workers:3, pending tasks:0
2021-07-23 09:54:01.816 parsl:252 Rank:0 [DEBUG]  [TASK_PULL_THREAD] Requesting tasks: 3
2021-07-23 09:54:01.821 parsl:274 Rank:0 [DEBUG]  [TASK_PULL_THREAD] Got tasks: [22, 23] of 23
2021-07-23 09:54:01.822 parsl:244 Rank:0 [DEBUG]  [TASK_PULL_THREAD] ready workers:3, pending tasks:2
2021-07-23 09:54:01.822 parsl:252 Rank:0 [DEBUG]  [TASK_PULL_THREAD] Requesting tasks: 3
2021-07-23 09:54:01.823 parsl:283 Rank:0 [DEBUG]  [TASK_PULL_THREAD] No incoming tasks
2021-07-23 09:54:01.823 parsl:244 Rank:0 [DEBUG]  [TASK_PULL_THREAD] ready workers:3, pending tasks:0
2021-07-23 09:54:01.823 parsl:252 Rank:0 [DEBUG]  [TASK_PULL_THREAD] Requesting tasks: 3
2021-07-23 09:54:01.827 parsl.process_loggers:28 Rank:0 [DEBUG]  Normal ending for send_first_message on thread MainThread
2021-07-23 09:54:01.828 parsl.process_loggers:28 Rank:0 [DEBUG]  Normal ending for send_first_message on thread MainThread
2021-07-23 09:54:02.027 parsl:283 Rank:0 [DEBUG]  [TASK_PULL_THREAD] No incoming tasks
2021-07-23 09:54:02.028 parsl:244 Rank:0 [DEBUG]  [TASK_PULL_THREAD] ready workers:3, pending tasks:0
2021-07-23 09:54:02.028 parsl:252 Rank:0 [DEBUG]  [TASK_PULL_THREAD] Requesting tasks: 3
2021-07-23 09:54:02.033 parsl:274 Rank:0 [DEBUG]  [TASK_PULL_THREAD] Got tasks: [24] of 24
2021-07-23 09:54:02.033 parsl:244 Rank:0 [DEBUG]  [TASK_PULL_THREAD] ready workers:3, pending tasks:1
2021-07-23 09:54:02.034 parsl:252 Rank:0 [DEBUG]  [TASK_PULL_THREAD] Requesting tasks: 3
2021-07-23 09:54:02.034 parsl:283 Rank:0 [DEBUG]  [TASK_PULL_THREAD] No incoming tasks
2021-07-23 09:54:02.034 parsl:244 Rank:0 [DEBUG]  [TASK_PULL_THREAD] ready workers:3, pending tasks:0
2021-07-23 09:54:02.034 parsl:252 Rank:0 [DEBUG]  [TASK_PULL_THREAD] Requesting tasks: 3
2021-07-23 09:54:02.039 parsl.process_loggers:28 Rank:0 [DEBUG]  Normal ending for send_first_message on thread MainThread
2021-07-23 09:54:02.236 parsl:283 Rank:0 [DEBUG]  [TASK_PULL_THREAD] No incoming tasks
2021-07-23 09:54:02.236 parsl:244 Rank:0 [DEBUG]  [TASK_PULL_THREAD] ready workers:3, pending tasks:0
2021-07-23 09:54:02.236 parsl:214 Rank:0 [DEBUG]  Return from heartbeat: None
2021-07-23 09:54:02.237 parsl:252 Rank:0 [DEBUG]  [TASK_PULL_THREAD] Requesting tasks: 3
2021-07-23 09:54:02.240 parsl:270 Rank:0 [DEBUG]  Got heartbeat from interchange
2021-07-23 09:54:02.240 parsl:244 Rank:0 [DEBUG]  [TASK_PULL_THREAD] ready workers:3, pending tasks:0
2021-07-23 09:54:02.240 parsl:252 Rank:0 [DEBUG]  [TASK_PULL_THREAD] Requesting tasks: 3
2021-07-23 09:54:02.241 parsl:283 Rank:0 [DEBUG]  [TASK_PULL_THREAD] No incoming tasks
2021-07-23 09:54:02.241 parsl:244 Rank:0 [DEBUG]  [TASK_PULL_THREAD] ready workers:3, pending tasks:0
2021-07-23 09:54:02.241 parsl:252 Rank:0 [DEBUG]  [TASK_PULL_THREAD] Requesting tasks: 3
2021-07-23 09:54:02.242 parsl:274 Rank:0 [DEBUG]  [TASK_PULL_THREAD] Got tasks: [25] of 25
2021-07-23 09:54:02.243 parsl:244 Rank:0 [DEBUG]  [TASK_PULL_THREAD] ready workers:3, pending tasks:1
2021-07-23 09:54:02.243 parsl:252 Rank:0 [DEBUG]  [TASK_PULL_THREAD] Requesting tasks: 3
2021-07-23 09:54:02.244 parsl:283 Rank:0 [DEBUG]  [TASK_PULL_THREAD] No incoming tasks
2021-07-23 09:54:02.244 parsl:244 Rank:0 [DEBUG]  [TASK_PULL_THREAD] ready workers:3, pending tasks:0
2021-07-23 09:54:02.244 parsl:252 Rank:0 [DEBUG]  [TASK_PULL_THREAD] Requesting tasks: 3
2021-07-23 09:54:02.248 parsl.process_loggers:28 Rank:0 [DEBUG]  Normal ending for send_first_message on thread MainThread
2021-07-23 09:54:02.445 parsl:283 Rank:0 [DEBUG]  [TASK_PULL_THREAD] No incoming tasks
2021-07-23 09:54:02.446 parsl:244 Rank:0 [DEBUG]  [TASK_PULL_THREAD] ready workers:3, pending tasks:0
2021-07-23 09:54:02.446 parsl:252 Rank:0 [DEBUG]  [TASK_PULL_THREAD] Requesting tasks: 3
2021-07-23 09:54:02.450 parsl:274 Rank:0 [DEBUG]  [TASK_PULL_THREAD] Got tasks: [26] of 26
2021-07-23 09:54:02.451 parsl:244 Rank:0 [DEBUG]  [TASK_PULL_THREAD] ready workers:3, pending tasks:1
2021-07-23 09:54:02.451 parsl:252 Rank:0 [DEBUG]  [TASK_PULL_THREAD] Requesting tasks: 3
2021-07-23 09:54:02.452 parsl:283 Rank:0 [DEBUG]  [TASK_PULL_THREAD] No incoming tasks
2021-07-23 09:54:02.453 parsl:244 Rank:0 [DEBUG]  [TASK_PULL_THREAD] ready workers:3, pending tasks:0
2021-07-23 09:54:02.453 parsl:252 Rank:0 [DEBUG]  [TASK_PULL_THREAD] Requesting tasks: 3
2021-07-23 09:54:02.456 parsl.process_loggers:28 Rank:0 [DEBUG]  Normal ending for send_first_message on thread MainThread
2021-07-23 09:54:02.665 parsl:283 Rank:0 [DEBUG]  [TASK_PULL_THREAD] No incoming tasks
2021-07-23 09:54:02.666 parsl:244 Rank:0 [DEBUG]  [TASK_PULL_THREAD] ready workers:3, pending tasks:0
2021-07-23 09:54:02.666 parsl:252 Rank:0 [DEBUG]  [TASK_PULL_THREAD] Requesting tasks: 3
2021-07-23 09:54:02.671 parsl:274 Rank:0 [DEBUG]  [TASK_PULL_THREAD] Got tasks: [27, 28] of 28
2021-07-23 09:54:02.672 parsl:244 Rank:0 [DEBUG]  [TASK_PULL_THREAD] ready workers:3, pending tasks:2
2021-07-23 09:54:02.672 parsl:252 Rank:0 [DEBUG]  [TASK_PULL_THREAD] Requesting tasks: 3
2021-07-23 09:54:02.674 parsl:283 Rank:0 [DEBUG]  [TASK_PULL_THREAD] No incoming tasks
2021-07-23 09:54:02.674 parsl:244 Rank:0 [DEBUG]  [TASK_PULL_THREAD] ready workers:3, pending tasks:0
2021-07-23 09:54:02.674 parsl:252 Rank:0 [DEBUG]  [TASK_PULL_THREAD] Requesting tasks: 3
2021-07-23 09:54:02.680 parsl.process_loggers:28 Rank:0 [DEBUG]  Normal ending for send_first_message on thread MainThread
2021-07-23 09:54:02.679 parsl.process_loggers:28 Rank:0 [DEBUG]  Normal ending for send_first_message on thread MainThread
2021-07-23 09:54:02.878 parsl:283 Rank:0 [DEBUG]  [TASK_PULL_THREAD] No incoming tasks
2021-07-23 09:54:02.879 parsl:244 Rank:0 [DEBUG]  [TASK_PULL_THREAD] ready workers:3, pending tasks:0
2021-07-23 09:54:02.879 parsl:252 Rank:0 [DEBUG]  [TASK_PULL_THREAD] Requesting tasks: 3
2021-07-23 09:54:02.885 parsl:274 Rank:0 [DEBUG]  [TASK_PULL_THREAD] Got tasks: [29] of 29
2021-07-23 09:54:02.885 parsl:244 Rank:0 [DEBUG]  [TASK_PULL_THREAD] ready workers:3, pending tasks:1
2021-07-23 09:54:02.886 parsl:252 Rank:0 [DEBUG]  [TASK_PULL_THREAD] Requesting tasks: 3
2021-07-23 09:54:02.886 parsl:283 Rank:0 [DEBUG]  [TASK_PULL_THREAD] No incoming tasks
2021-07-23 09:54:02.886 parsl:244 Rank:0 [DEBUG]  [TASK_PULL_THREAD] ready workers:3, pending tasks:0
2021-07-23 09:54:02.886 parsl:252 Rank:0 [DEBUG]  [TASK_PULL_THREAD] Requesting tasks: 3
2021-07-23 09:54:02.890 parsl.process_loggers:28 Rank:0 [DEBUG]  Normal ending for send_first_message on thread MainThread
2021-07-23 09:54:03.002 parsl:274 Rank:0 [DEBUG]  [TASK_PULL_THREAD] Got tasks: [30] of 30
2021-07-23 09:54:03.002 parsl:244 Rank:0 [DEBUG]  [TASK_PULL_THREAD] ready workers:3, pending tasks:1
2021-07-23 09:54:03.003 parsl:252 Rank:0 [DEBUG]  [TASK_PULL_THREAD] Requesting tasks: 3
2021-07-23 09:54:03.003 parsl:283 Rank:0 [DEBUG]  [TASK_PULL_THREAD] No incoming tasks
2021-07-23 09:54:03.004 parsl:244 Rank:0 [DEBUG]  [TASK_PULL_THREAD] ready workers:3, pending tasks:0
2021-07-23 09:54:03.004 parsl:252 Rank:0 [DEBUG]  [TASK_PULL_THREAD] Requesting tasks: 3
2021-07-23 09:54:03.009 parsl.process_loggers:28 Rank:0 [DEBUG]  Normal ending for send_first_message on thread MainThread
2021-07-23 09:54:03.205 parsl:283 Rank:0 [DEBUG]  [TASK_PULL_THREAD] No incoming tasks
2021-07-23 09:54:03.205 parsl:244 Rank:0 [DEBUG]  [TASK_PULL_THREAD] ready workers:3, pending tasks:0
2021-07-23 09:54:03.205 parsl:252 Rank:0 [DEBUG]  [TASK_PULL_THREAD] Requesting tasks: 3
2021-07-23 09:54:03.209 parsl:274 Rank:0 [DEBUG]  [TASK_PULL_THREAD] Got tasks: [31] of 31
2021-07-23 09:54:03.210 parsl:244 Rank:0 [DEBUG]  [TASK_PULL_THREAD] ready workers:3, pending tasks:1
2021-07-23 09:54:03.210 parsl:252 Rank:0 [DEBUG]  [TASK_PULL_THREAD] Requesting tasks: 3
2021-07-23 09:54:03.210 parsl:283 Rank:0 [DEBUG]  [TASK_PULL_THREAD] No incoming tasks
2021-07-23 09:54:03.211 parsl:244 Rank:0 [DEBUG]  [TASK_PULL_THREAD] ready workers:3, pending tasks:0
2021-07-23 09:54:03.211 parsl:252 Rank:0 [DEBUG]  [TASK_PULL_THREAD] Requesting tasks: 3
2021-07-23 09:54:03.214 parsl.process_loggers:28 Rank:0 [DEBUG]  Normal ending for send_first_message on thread MainThread
2021-07-23 09:54:03.326 parsl:274 Rank:0 [DEBUG]  [TASK_PULL_THREAD] Got tasks: [32, 33] of 33
2021-07-23 09:54:03.327 parsl:244 Rank:0 [DEBUG]  [TASK_PULL_THREAD] ready workers:3, pending tasks:2
2021-07-23 09:54:03.327 parsl:252 Rank:0 [DEBUG]  [TASK_PULL_THREAD] Requesting tasks: 3
2021-07-23 09:54:03.327 parsl:283 Rank:0 [DEBUG]  [TASK_PULL_THREAD] No incoming tasks
2021-07-23 09:54:03.327 parsl:244 Rank:0 [DEBUG]  [TASK_PULL_THREAD] ready workers:3, pending tasks:0
2021-07-23 09:54:03.328 parsl:252 Rank:0 [DEBUG]  [TASK_PULL_THREAD] Requesting tasks: 3
2021-07-23 09:54:03.331 parsl.process_loggers:28 Rank:0 [DEBUG]  Normal ending for send_first_message on thread MainThread
2021-07-23 09:54:03.331 parsl.process_loggers:28 Rank:0 [DEBUG]  Normal ending for send_first_message on thread MainThread
2021-07-23 09:54:03.533 parsl:283 Rank:0 [DEBUG]  [TASK_PULL_THREAD] No incoming tasks
2021-07-23 09:54:03.533 parsl:244 Rank:0 [DEBUG]  [TASK_PULL_THREAD] ready workers:3, pending tasks:0
2021-07-23 09:54:03.533 parsl:252 Rank:0 [DEBUG]  [TASK_PULL_THREAD] Requesting tasks: 3
2021-07-23 09:54:03.541 parsl:274 Rank:0 [DEBUG]  [TASK_PULL_THREAD] Got tasks: [34] of 34
2021-07-23 09:54:03.541 parsl:244 Rank:0 [DEBUG]  [TASK_PULL_THREAD] ready workers:3, pending tasks:1
2021-07-23 09:54:03.541 parsl:252 Rank:0 [DEBUG]  [TASK_PULL_THREAD] Requesting tasks: 3
2021-07-23 09:54:03.542 parsl:283 Rank:0 [DEBUG]  [TASK_PULL_THREAD] No incoming tasks
2021-07-23 09:54:03.542 parsl:244 Rank:0 [DEBUG]  [TASK_PULL_THREAD] ready workers:3, pending tasks:0
2021-07-23 09:54:03.542 parsl:252 Rank:0 [DEBUG]  [TASK_PULL_THREAD] Requesting tasks: 3
2021-07-23 09:54:03.545 parsl.process_loggers:28 Rank:0 [DEBUG]  Normal ending for send_first_message on thread MainThread
2021-07-23 09:54:03.659 parsl:274 Rank:0 [DEBUG]  [TASK_PULL_THREAD] Got tasks: [35] of 35
2021-07-23 09:54:03.659 parsl:244 Rank:0 [DEBUG]  [TASK_PULL_THREAD] ready workers:3, pending tasks:1
2021-07-23 09:54:03.660 parsl:252 Rank:0 [DEBUG]  [TASK_PULL_THREAD] Requesting tasks: 3
2021-07-23 09:54:03.661 parsl:283 Rank:0 [DEBUG]  [TASK_PULL_THREAD] No incoming tasks
2021-07-23 09:54:03.661 parsl:244 Rank:0 [DEBUG]  [TASK_PULL_THREAD] ready workers:3, pending tasks:0
2021-07-23 09:54:03.661 parsl:252 Rank:0 [DEBUG]  [TASK_PULL_THREAD] Requesting tasks: 3
2021-07-23 09:54:03.665 parsl.process_loggers:28 Rank:0 [DEBUG]  Normal ending for send_first_message on thread MainThread
2021-07-23 09:54:03.865 parsl:283 Rank:0 [DEBUG]  [TASK_PULL_THREAD] No incoming tasks
2021-07-23 09:54:03.865 parsl:244 Rank:0 [DEBUG]  [TASK_PULL_THREAD] ready workers:3, pending tasks:0
2021-07-23 09:54:03.865 parsl:252 Rank:0 [DEBUG]  [TASK_PULL_THREAD] Requesting tasks: 3
2021-07-23 09:54:03.870 parsl:274 Rank:0 [DEBUG]  [TASK_PULL_THREAD] Got tasks: [36] of 36
2021-07-23 09:54:03.870 parsl:244 Rank:0 [DEBUG]  [TASK_PULL_THREAD] ready workers:3, pending tasks:1
2021-07-23 09:54:03.870 parsl:252 Rank:0 [DEBUG]  [TASK_PULL_THREAD] Requesting tasks: 3
2021-07-23 09:54:03.871 parsl:283 Rank:0 [DEBUG]  [TASK_PULL_THREAD] No incoming tasks
2021-07-23 09:54:03.871 parsl:244 Rank:0 [DEBUG]  [TASK_PULL_THREAD] ready workers:3, pending tasks:0
2021-07-23 09:54:03.871 parsl:252 Rank:0 [DEBUG]  [TASK_PULL_THREAD] Requesting tasks: 3
2021-07-23 09:54:03.875 parsl.process_loggers:28 Rank:0 [DEBUG]  Normal ending for send_first_message on thread MainThread
2021-07-23 09:54:04.076 parsl:283 Rank:0 [DEBUG]  [TASK_PULL_THREAD] No incoming tasks
2021-07-23 09:54:04.077 parsl:244 Rank:0 [DEBUG]  [TASK_PULL_THREAD] ready workers:3, pending tasks:0
2021-07-23 09:54:04.077 parsl:252 Rank:0 [DEBUG]  [TASK_PULL_THREAD] Requesting tasks: 3
2021-07-23 09:54:04.083 parsl:274 Rank:0 [DEBUG]  [TASK_PULL_THREAD] Got tasks: [37, 38] of 38
2021-07-23 09:54:04.083 parsl:244 Rank:0 [DEBUG]  [TASK_PULL_THREAD] ready workers:3, pending tasks:2
2021-07-23 09:54:04.084 parsl:252 Rank:0 [DEBUG]  [TASK_PULL_THREAD] Requesting tasks: 3
2021-07-23 09:54:04.084 parsl:283 Rank:0 [DEBUG]  [TASK_PULL_THREAD] No incoming tasks
2021-07-23 09:54:04.085 parsl:244 Rank:0 [DEBUG]  [TASK_PULL_THREAD] ready workers:3, pending tasks:0
2021-07-23 09:54:04.085 parsl:252 Rank:0 [DEBUG]  [TASK_PULL_THREAD] Requesting tasks: 3
2021-07-23 09:54:04.089 parsl.process_loggers:28 Rank:0 [DEBUG]  Normal ending for send_first_message on thread MainThread
2021-07-23 09:54:04.089 parsl.process_loggers:28 Rank:0 [DEBUG]  Normal ending for send_first_message on thread MainThread
2021-07-23 09:54:04.287 parsl:283 Rank:0 [DEBUG]  [TASK_PULL_THREAD] No incoming tasks
2021-07-23 09:54:04.288 parsl:244 Rank:0 [DEBUG]  [TASK_PULL_THREAD] ready workers:3, pending tasks:0
2021-07-23 09:54:04.288 parsl:214 Rank:0 [DEBUG]  Return from heartbeat: None
2021-07-23 09:54:04.288 parsl:252 Rank:0 [DEBUG]  [TASK_PULL_THREAD] Requesting tasks: 3
2021-07-23 09:54:04.290 parsl:270 Rank:0 [DEBUG]  Got heartbeat from interchange
2021-07-23 09:54:04.291 parsl:244 Rank:0 [DEBUG]  [TASK_PULL_THREAD] ready workers:3, pending tasks:0
2021-07-23 09:54:04.291 parsl:252 Rank:0 [DEBUG]  [TASK_PULL_THREAD] Requesting tasks: 3
2021-07-23 09:54:04.291 parsl:283 Rank:0 [DEBUG]  [TASK_PULL_THREAD] No incoming tasks
2021-07-23 09:54:04.291 parsl:244 Rank:0 [DEBUG]  [TASK_PULL_THREAD] ready workers:3, pending tasks:0
2021-07-23 09:54:04.291 parsl:252 Rank:0 [DEBUG]  [TASK_PULL_THREAD] Requesting tasks: 3
2021-07-23 09:54:04.292 parsl:274 Rank:0 [DEBUG]  [TASK_PULL_THREAD] Got tasks: [39] of 39
2021-07-23 09:54:04.293 parsl:244 Rank:0 [DEBUG]  [TASK_PULL_THREAD] ready workers:3, pending tasks:1
2021-07-23 09:54:04.293 parsl:252 Rank:0 [DEBUG]  [TASK_PULL_THREAD] Requesting tasks: 3
2021-07-23 09:54:04.293 parsl:283 Rank:0 [DEBUG]  [TASK_PULL_THREAD] No incoming tasks
2021-07-23 09:54:04.294 parsl:244 Rank:0 [DEBUG]  [TASK_PULL_THREAD] ready workers:3, pending tasks:0
2021-07-23 09:54:04.294 parsl:252 Rank:0 [DEBUG]  [TASK_PULL_THREAD] Requesting tasks: 3
2021-07-23 09:54:04.298 parsl.process_loggers:28 Rank:0 [DEBUG]  Normal ending for send_first_message on thread MainThread
2021-07-23 09:54:04.313 parsl:274 Rank:0 [DEBUG]  [TASK_PULL_THREAD] Got tasks: [40] of 40
2021-07-23 09:54:04.313 parsl:244 Rank:0 [DEBUG]  [TASK_PULL_THREAD] ready workers:3, pending tasks:1
2021-07-23 09:54:04.314 parsl:252 Rank:0 [DEBUG]  [TASK_PULL_THREAD] Requesting tasks: 3
2021-07-23 09:54:04.314 parsl:283 Rank:0 [DEBUG]  [TASK_PULL_THREAD] No incoming tasks
2021-07-23 09:54:04.314 parsl:244 Rank:0 [DEBUG]  [TASK_PULL_THREAD] ready workers:3, pending tasks:0
2021-07-23 09:54:04.314 parsl:252 Rank:0 [DEBUG]  [TASK_PULL_THREAD] Requesting tasks: 3
2021-07-23 09:54:04.317 parsl.process_loggers:28 Rank:0 [DEBUG]  Normal ending for send_first_message on thread MainThread
2021-07-23 09:54:04.518 parsl:283 Rank:0 [DEBUG]  [TASK_PULL_THREAD] No incoming tasks
2021-07-23 09:54:04.519 parsl:244 Rank:0 [DEBUG]  [TASK_PULL_THREAD] ready workers:3, pending tasks:0
2021-07-23 09:54:04.519 parsl:252 Rank:0 [DEBUG]  [TASK_PULL_THREAD] Requesting tasks: 3
2021-07-23 09:54:04.528 parsl:274 Rank:0 [DEBUG]  [TASK_PULL_THREAD] Got tasks: [41] of 41
2021-07-23 09:54:04.528 parsl:244 Rank:0 [DEBUG]  [TASK_PULL_THREAD] ready workers:3, pending tasks:1
2021-07-23 09:54:04.528 parsl:252 Rank:0 [DEBUG]  [TASK_PULL_THREAD] Requesting tasks: 3
2021-07-23 09:54:04.529 parsl:283 Rank:0 [DEBUG]  [TASK_PULL_THREAD] No incoming tasks
2021-07-23 09:54:04.529 parsl:244 Rank:0 [DEBUG]  [TASK_PULL_THREAD] ready workers:3, pending tasks:0
2021-07-23 09:54:04.529 parsl:252 Rank:0 [DEBUG]  [TASK_PULL_THREAD] Requesting tasks: 3
2021-07-23 09:54:04.532 parsl.process_loggers:28 Rank:0 [DEBUG]  Normal ending for send_first_message on thread MainThread
2021-07-23 09:54:04.735 parsl:283 Rank:0 [DEBUG]  [TASK_PULL_THREAD] No incoming tasks
2021-07-23 09:54:04.735 parsl:244 Rank:0 [DEBUG]  [TASK_PULL_THREAD] ready workers:3, pending tasks:0
2021-07-23 09:54:04.735 parsl:252 Rank:0 [DEBUG]  [TASK_PULL_THREAD] Requesting tasks: 3
2021-07-23 09:54:04.743 parsl:274 Rank:0 [DEBUG]  [TASK_PULL_THREAD] Got tasks: [42, 43] of 43
2021-07-23 09:54:04.743 parsl:244 Rank:0 [DEBUG]  [TASK_PULL_THREAD] ready workers:3, pending tasks:2
2021-07-23 09:54:04.744 parsl:252 Rank:0 [DEBUG]  [TASK_PULL_THREAD] Requesting tasks: 3
2021-07-23 09:54:04.745 parsl:283 Rank:0 [DEBUG]  [TASK_PULL_THREAD] No incoming tasks
2021-07-23 09:54:04.746 parsl:244 Rank:0 [DEBUG]  [TASK_PULL_THREAD] ready workers:3, pending tasks:0
2021-07-23 09:54:04.746 parsl:252 Rank:0 [DEBUG]  [TASK_PULL_THREAD] Requesting tasks: 3
2021-07-23 09:54:04.749 parsl.process_loggers:28 Rank:0 [DEBUG]  Normal ending for send_first_message on thread MainThread
2021-07-23 09:54:04.750 parsl.process_loggers:28 Rank:0 [DEBUG]  Normal ending for send_first_message on thread MainThread
2021-07-23 09:54:04.951 parsl:283 Rank:0 [DEBUG]  [TASK_PULL_THREAD] No incoming tasks
2021-07-23 09:54:04.952 parsl:244 Rank:0 [DEBUG]  [TASK_PULL_THREAD] ready workers:3, pending tasks:0
2021-07-23 09:54:04.952 parsl:252 Rank:0 [DEBUG]  [TASK_PULL_THREAD] Requesting tasks: 3
2021-07-23 09:54:04.957 parsl:274 Rank:0 [DEBUG]  [TASK_PULL_THREAD] Got tasks: [44] of 44
2021-07-23 09:54:04.957 parsl:244 Rank:0 [DEBUG]  [TASK_PULL_THREAD] ready workers:3, pending tasks:1
2021-07-23 09:54:04.958 parsl:252 Rank:0 [DEBUG]  [TASK_PULL_THREAD] Requesting tasks: 3
2021-07-23 09:54:04.959 parsl:283 Rank:0 [DEBUG]  [TASK_PULL_THREAD] No incoming tasks
2021-07-23 09:54:04.959 parsl:244 Rank:0 [DEBUG]  [TASK_PULL_THREAD] ready workers:3, pending tasks:0
2021-07-23 09:54:04.960 parsl:252 Rank:0 [DEBUG]  [TASK_PULL_THREAD] Requesting tasks: 3
2021-07-23 09:54:04.964 parsl.process_loggers:28 Rank:0 [DEBUG]  Normal ending for send_first_message on thread MainThread
2021-07-23 09:54:05.165 parsl:283 Rank:0 [DEBUG]  [TASK_PULL_THREAD] No incoming tasks
2021-07-23 09:54:05.165 parsl:244 Rank:0 [DEBUG]  [TASK_PULL_THREAD] ready workers:3, pending tasks:0
2021-07-23 09:54:05.165 parsl:252 Rank:0 [DEBUG]  [TASK_PULL_THREAD] Requesting tasks: 3
2021-07-23 09:54:05.170 parsl:274 Rank:0 [DEBUG]  [TASK_PULL_THREAD] Got tasks: [45] of 45
2021-07-23 09:54:05.170 parsl:244 Rank:0 [DEBUG]  [TASK_PULL_THREAD] ready workers:3, pending tasks:1
2021-07-23 09:54:05.170 parsl:252 Rank:0 [DEBUG]  [TASK_PULL_THREAD] Requesting tasks: 3
2021-07-23 09:54:05.171 parsl:283 Rank:0 [DEBUG]  [TASK_PULL_THREAD] No incoming tasks
2021-07-23 09:54:05.171 parsl:244 Rank:0 [DEBUG]  [TASK_PULL_THREAD] ready workers:3, pending tasks:0
2021-07-23 09:54:05.171 parsl:252 Rank:0 [DEBUG]  [TASK_PULL_THREAD] Requesting tasks: 3
2021-07-23 09:54:05.176 parsl.process_loggers:28 Rank:0 [DEBUG]  Normal ending for send_first_message on thread MainThread
2021-07-23 09:54:05.376 parsl:283 Rank:0 [DEBUG]  [TASK_PULL_THREAD] No incoming tasks
2021-07-23 09:54:05.376 parsl:244 Rank:0 [DEBUG]  [TASK_PULL_THREAD] ready workers:3, pending tasks:0
2021-07-23 09:54:05.376 parsl:252 Rank:0 [DEBUG]  [TASK_PULL_THREAD] Requesting tasks: 3
2021-07-23 09:54:05.384 parsl:274 Rank:0 [DEBUG]  [TASK_PULL_THREAD] Got tasks: [46] of 46
2021-07-23 09:54:05.384 parsl:244 Rank:0 [DEBUG]  [TASK_PULL_THREAD] ready workers:3, pending tasks:1
2021-07-23 09:54:05.384 parsl:252 Rank:0 [DEBUG]  [TASK_PULL_THREAD] Requesting tasks: 3
2021-07-23 09:54:05.385 parsl:283 Rank:0 [DEBUG]  [TASK_PULL_THREAD] No incoming tasks
2021-07-23 09:54:05.386 parsl:244 Rank:0 [DEBUG]  [TASK_PULL_THREAD] ready workers:3, pending tasks:0
2021-07-23 09:54:05.386 parsl:252 Rank:0 [DEBUG]  [TASK_PULL_THREAD] Requesting tasks: 3
2021-07-23 09:54:05.390 parsl.process_loggers:28 Rank:0 [DEBUG]  Normal ending for send_first_message on thread MainThread
