2021-07-16 12:30:04.566 parsl.dataflow.dflow:84 [DEBUG]  Starting DataFlowKernel with config
Config(
    app_cache=True, 
    checkpoint_files=None, 
    checkpoint_mode='task_exit', 
    checkpoint_period=None, 
    executors=[HighThroughputExecutor(
        address=None, 
        address_probe_timeout=None, 
        cores_per_worker=1, 
        cpu_affinity='none', 
        heartbeat_period=2, 
        heartbeat_threshold=5, 
        interchange_port_range=(55000, 56000), 
        label='htex_Local', 
        launch_cmd='process_worker_pool.py {debug} {max_workers} -a {addresses} -p {prefetch_capacity} -c {cores_per_worker} -m {mem_per_worker} --poll {poll_period} --task_port={task_port} --result_port={result_port} --logdir={logdir} --block_id={{block_id}} --hb_period={heartbeat_period} {address_probe_timeout_string} --hb_threshold={heartbeat_threshold} --cpu-affinity {cpu_affinity} ', 
        managed=True, 
        max_workers=3, 
        mem_per_worker=None, 
        poll_period=100, 
        prefetch_capacity=0, 
        provider=LocalProvider(
            channel=LocalChannel(
                envs={}, 
                script_dir=None, 
                userhome='/Users/ananthhariharan/Documents/Code/GitHub/Parsl-Project'
            ), 
            cmd_timeout=30, 
            init_blocks=0, 
            launcher=SingleNodeLauncher(debug=True, fail_on_any=False), 
            max_blocks=5, 
            min_blocks=0, 
            move_files=None, 
            nodes_per_block=1, 
            parallelism=1, 
            worker_init=''
        ), 
        storage_access=[FTPInTaskStaging(), HTTPInTaskStaging(), NoOpFileStaging()], 
        worker_debug=True, 
        worker_logdir_root=None, 
        worker_port_range=(54000, 55000), 
        worker_ports=None, 
        working_dir='/Users/ananthhariharan/Documents/Code/GitHub/Parsl-Project/test_htex_alternate'
    )], 
    garbage_collect=True, 
    initialize_logging=True, 
    internal_tasks_max_threads=10, 
    max_idletime=120.0, 
    monitoring=MonitoringHub(
        'localhost',
        client_address='127.0.0.1', 
        client_port_range=(55000, 56000), 
        hub_port=55055, 
        hub_port_range=(55050, 56000), 
        logdir=None, 
        logging_endpoint='sqlite:///monitoring.db', 
        monitoring_debug=False, 
        resource_monitoring_enabled=True, 
        resource_monitoring_interval=1, 
        workflow_name=None, 
        workflow_version=None
    ), 
    retries=2, 
    run_dir='runinfo', 
    strategy='simple', 
    usage_tracking=False
)
2021-07-16 12:30:04.566 parsl.dataflow.dflow:86 [INFO]  Parsl version: 1.1.0
2021-07-16 12:30:04.566 parsl.dataflow.usage_tracking.usage:125 [DEBUG]  Tracking status: False
2021-07-16 12:30:04.567 parsl.monitoring.monitoring:209 [INFO]  Monitoring Hub initialized
2021-07-16 12:30:04.567 parsl.monitoring.monitoring:211 [DEBUG]  Initializing ZMQ Pipes to client
2021-07-16 12:30:04.594 parsl.monitoring.monitoring:255 [INFO]  Started the Hub process 90407 and DBM process 90408
2021-07-16 12:30:04.612 parsl.dataflow.dflow:114 [INFO]  Run id is: 806adb91-bf06-458b-bdfa-f3577af242f3
2021-07-16 12:30:04.741 parsl.monitoring.monitoring:274 [DEBUG]  Sending message MessageType.WORKFLOW_INFO, {'python_version': '3.8.8', 'parsl_version': '1.1.0', 'time_began': datetime.datetime(2021, 7, 16, 12, 30, 4, 612642), 'time_completed': None, 'run_id': '806adb91-bf06-458b-bdfa-f3577af242f3', 'workflow_name': 'test.py', 'workflow_version': '2021-07-16 12:30:04', 'rundir': '/Users/ananthhariharan/Documents/Code/GitHub/Parsl-Project/runinfo/008', 'tasks_completed_count': 0, 'tasks_failed_count': 0, 'user': 'ananthhariharan', 'host': 'Ananths-Macbook.local'}
2021-07-16 12:30:04.742 parsl.dataflow.memoization:164 [INFO]  App caching initialized
2021-07-16 12:30:04.742 parsl.dataflow.strategy:127 [DEBUG]  Scaling strategy: simple
2021-07-16 12:30:04.745 parsl.executors.high_throughput.executor:468 [DEBUG]  Starting queue management thread
2021-07-16 12:30:04.745 parsl.executors.high_throughput.executor:358 [DEBUG]  [MTHREAD] queue management worker starting
2021-07-16 12:30:04.745 parsl.executors.high_throughput.executor:472 [DEBUG]  Started queue management thread
2021-07-16 12:30:04.764 parsl.executors.high_throughput.executor:319 [DEBUG]  Created management thread: <Thread(HTEX-Queue-Management-Thread, started daemon 123145446817792)>
2021-07-16 12:30:04.765 parsl.executors.high_throughput.executor:291 [DEBUG]  Launch command: process_worker_pool.py --debug --max_workers=3 -a 69.174.173.76,Ananths-Macbook.local,192.168.4.29 -p 0 -c 1 -m None --poll 100 --task_port=54534 --result_port=54869 --logdir=/Users/ananthhariharan/Documents/Code/GitHub/Parsl-Project/runinfo/008/htex_Local --block_id={block_id} --hb_period=2  --hb_threshold=5 --cpu-affinity none 
2021-07-16 12:30:04.765 parsl.executors.high_throughput.executor:294 [DEBUG]  Starting HighThroughputExecutor with provider:
LocalProvider(
    channel=LocalChannel(
        envs={}, 
        script_dir='/Users/ananthhariharan/Documents/Code/GitHub/Parsl-Project/runinfo/008/submit_scripts', 
        userhome='/Users/ananthhariharan/Documents/Code/GitHub/Parsl-Project'
    ), 
    cmd_timeout=30, 
    init_blocks=0, 
    launcher=SingleNodeLauncher(debug=True, fail_on_any=False), 
    max_blocks=5, 
    min_blocks=0, 
    move_files=None, 
    nodes_per_block=1, 
    parallelism=1, 
    worker_init=''
)
2021-07-16 12:30:04.769 parsl.dataflow.task_status_poller:114 [DEBUG]  Adding executor htex_Local
2021-07-16 12:30:04.770 parsl.dataflow.task_status_poller:37 [INFO]  Monitoring enabled on task status poller
2021-07-16 12:30:04.778 parsl.dataflow.dflow:802 [DEBUG]  Task 0 will be sent to executor htex_Local
2021-07-16 12:30:04.778 parsl.dataflow.dflow:628 [DEBUG]  Adding output dependencies
2021-07-16 12:30:04.778 parsl.dataflow.dflow:881 [INFO]  Task 0 submitted for App app_F, not waiting on any dependency
2021-07-16 12:30:04.778 parsl.dataflow.dflow:889 [DEBUG]  Task 0 set to pending state with AppFuture: <AppFuture super=<AppFuture at 0x7f8ad6e31130 state=pending>>
2021-07-16 12:30:04.779 parsl.monitoring.monitoring:274 [DEBUG]  Sending message MessageType.TASK_INFO, {'task_func_name': 'app_F', 'task_memoize': False, 'task_hashsum': None, 'task_fail_count': 0, 'task_status': <States.pending: 0>, 'task_id': 0, 'task_time_invoked': datetime.datetime(2021, 7, 16, 12, 30, 4, 778685), 'task_try_time_launched': None, 'task_time_returned': None, 'task_try_time_returned': None, 'task_executor': 'htex_Local', 'run_id': '806adb91-bf06-458b-bdfa-f3577af242f3', 'try_id': 0, 'timestamp': datetime.datetime(2021, 7, 16, 12, 30, 4, 779062), 'task_status_name': 'pending', 'tasks_failed_count': 0, 'tasks_completed_count': 0, 'tasks_memo_completed_count': 0, 'from_memo': None, 'task_inputs': 'None', 'task_outputs': 'None', 'task_stdin': None, 'task_stdout': None, 'task_stderr': None, 'task_fail_history': '', 'task_depends': '', 'task_joins': None}
2021-07-16 12:30:04.779 parsl.dataflow.memoization:229 [DEBUG]  Task 0 will not be memoized
2021-07-16 12:30:04.780 parsl.executors.high_throughput.executor:557 [DEBUG]  Pushing function <function MonitoringHub.monitor_wrapper.<locals>.wrapped at 0x7f8ad6e2fee0> to queue with args ()
2021-07-16 12:30:04.782 parsl.monitoring.monitoring:274 [DEBUG]  Sending message MessageType.TASK_INFO, {'task_func_name': 'app_F', 'task_memoize': False, 'task_hashsum': None, 'task_fail_count': 0, 'task_status': <States.launched: 7>, 'task_id': 0, 'task_time_invoked': datetime.datetime(2021, 7, 16, 12, 30, 4, 778685), 'task_try_time_launched': datetime.datetime(2021, 7, 16, 12, 30, 4, 779794), 'task_time_returned': None, 'task_try_time_returned': None, 'task_executor': 'htex_Local', 'run_id': '806adb91-bf06-458b-bdfa-f3577af242f3', 'try_id': 0, 'timestamp': datetime.datetime(2021, 7, 16, 12, 30, 4, 782363), 'task_status_name': 'launched', 'tasks_failed_count': 0, 'tasks_completed_count': 0, 'tasks_memo_completed_count': 0, 'from_memo': False, 'task_inputs': 'None', 'task_outputs': 'None', 'task_stdin': None, 'task_stdout': None, 'task_stderr': None, 'task_fail_history': '', 'task_depends': '', 'task_joins': None}
2021-07-16 12:30:04.782 parsl.dataflow.dflow:591 [INFO]  Task 0 launched on executor htex_Local
2021-07-16 12:30:05.745 parsl.dataflow.task_status_poller:52 [DEBUG]  Sending message [] to hub from task status poller
2021-07-16 12:30:05.753 parsl.dataflow.strategy:205 [DEBUG]  Executor htex_Local has 1 active tasks, 0/0 running/pending blocks, and 0 connected workers
2021-07-16 12:30:05.754 parsl.dataflow.strategy:265 [DEBUG]  Requesting 1 more blocks
2021-07-16 12:30:05.755 parsl.providers.local.local:217 [DEBUG]  Launching in remote mode
2021-07-16 12:30:05.775 parsl.executors.high_throughput.executor:620 [DEBUG]  Launched block 0->90411
2021-07-16 12:30:05.776 parsl.dataflow.task_status_poller:52 [DEBUG]  Sending message [{'run_id': '806adb91-bf06-458b-bdfa-f3577af242f3', 'status': 'PENDING', 'timestamp': datetime.datetime(2021, 7, 16, 12, 30, 5, 775977), 'executor_label': 'htex_Local', 'job_id': '90411', 'block_id': '0'}] to hub from task status poller
2021-07-16 12:30:06.922 parsl.dataflow.dflow:442 [INFO]  Task 0 completed (launched -> exec_done)
2021-07-16 12:30:06.922 parsl.dataflow.dflow:802 [DEBUG]  Task 1 will be sent to executor htex_Local
2021-07-16 12:30:06.923 parsl.dataflow.dflow:628 [DEBUG]  Adding output dependencies
2021-07-16 12:30:06.923 parsl.dataflow.dflow:881 [INFO]  Task 1 submitted for App app_A, not waiting on any dependency
2021-07-16 12:30:06.923 parsl.dataflow.dflow:889 [DEBUG]  Task 1 set to pending state with AppFuture: <AppFuture super=<AppFuture at 0x7f8ad6e44550 state=pending>>
2021-07-16 12:30:06.924 parsl.monitoring.monitoring:274 [DEBUG]  Sending message MessageType.TASK_INFO, {'task_func_name': 'app_A', 'task_memoize': False, 'task_hashsum': None, 'task_fail_count': 0, 'task_status': <States.pending: 0>, 'task_id': 1, 'task_time_invoked': datetime.datetime(2021, 7, 16, 12, 30, 6, 923293), 'task_try_time_launched': None, 'task_time_returned': None, 'task_try_time_returned': None, 'task_executor': 'htex_Local', 'run_id': '806adb91-bf06-458b-bdfa-f3577af242f3', 'try_id': 0, 'timestamp': datetime.datetime(2021, 7, 16, 12, 30, 6, 924160), 'task_status_name': 'pending', 'tasks_failed_count': 0, 'tasks_completed_count': 1, 'tasks_memo_completed_count': 0, 'from_memo': None, 'task_inputs': 'None', 'task_outputs': 'None', 'task_stdin': None, 'task_stdout': None, 'task_stderr': None, 'task_fail_history': '', 'task_depends': '', 'task_joins': None}
2021-07-16 12:30:06.925 parsl.dataflow.memoization:229 [DEBUG]  Task 1 will not be memoized
2021-07-16 12:30:06.927 parsl.executors.high_throughput.executor:557 [DEBUG]  Pushing function <function MonitoringHub.monitor_wrapper.<locals>.wrapped at 0x7f8ad6e38430> to queue with args ()
2021-07-16 12:30:06.930 parsl.dataflow.dflow:1166 [WARNING]  No tasks checkpointed so far in this run. Please ensure caching is enabled
2021-07-16 12:30:06.930 parsl.monitoring.monitoring:274 [DEBUG]  Sending message MessageType.TASK_INFO, {'task_func_name': 'app_A', 'task_memoize': False, 'task_hashsum': None, 'task_fail_count': 0, 'task_status': <States.launched: 7>, 'task_id': 1, 'task_time_invoked': datetime.datetime(2021, 7, 16, 12, 30, 6, 923293), 'task_try_time_launched': datetime.datetime(2021, 7, 16, 12, 30, 6, 925870), 'task_time_returned': None, 'task_try_time_returned': None, 'task_executor': 'htex_Local', 'run_id': '806adb91-bf06-458b-bdfa-f3577af242f3', 'try_id': 0, 'timestamp': datetime.datetime(2021, 7, 16, 12, 30, 6, 930371), 'task_status_name': 'launched', 'tasks_failed_count': 0, 'tasks_completed_count': 1, 'tasks_memo_completed_count': 0, 'from_memo': False, 'task_inputs': 'None', 'task_outputs': 'None', 'task_stdin': None, 'task_stdout': None, 'task_stderr': None, 'task_fail_history': '', 'task_depends': '', 'task_joins': None}
2021-07-16 12:30:06.931 parsl.monitoring.monitoring:274 [DEBUG]  Sending message MessageType.TASK_INFO, {'task_func_name': 'app_F', 'task_memoize': False, 'task_hashsum': None, 'task_fail_count': 0, 'task_status': <States.exec_done: 3>, 'task_id': 0, 'task_time_invoked': datetime.datetime(2021, 7, 16, 12, 30, 4, 778685), 'task_try_time_launched': datetime.datetime(2021, 7, 16, 12, 30, 4, 779794), 'task_time_returned': datetime.datetime(2021, 7, 16, 12, 30, 6, 922325), 'task_try_time_returned': datetime.datetime(2021, 7, 16, 12, 30, 6, 921753), 'task_executor': 'htex_Local', 'run_id': '806adb91-bf06-458b-bdfa-f3577af242f3', 'try_id': 0, 'timestamp': datetime.datetime(2021, 7, 16, 12, 30, 6, 930804), 'task_status_name': 'exec_done', 'tasks_failed_count': 0, 'tasks_completed_count': 1, 'tasks_memo_completed_count': 0, 'from_memo': False, 'task_inputs': 'None', 'task_outputs': 'None', 'task_stdin': None, 'task_stdout': None, 'task_stderr': None, 'task_fail_history': '', 'task_depends': '', 'task_joins': None}
2021-07-16 12:30:06.931 parsl.dataflow.dflow:591 [INFO]  Task 1 launched on executor htex_Local
2021-07-16 12:30:06.932 parsl.dataflow.dflow:802 [DEBUG]  Task 2 will be sent to executor htex_Local
2021-07-16 12:30:06.932 parsl.dataflow.dflow:628 [DEBUG]  Adding output dependencies
2021-07-16 12:30:06.932 parsl.dataflow.dflow:881 [INFO]  Task 2 submitted for App app_B, not waiting on any dependency
2021-07-16 12:30:06.932 parsl.dataflow.dflow:889 [DEBUG]  Task 2 set to pending state with AppFuture: <AppFuture super=<AppFuture at 0x7f8ad6e44370 state=pending>>
2021-07-16 12:30:06.932 parsl.monitoring.monitoring:274 [DEBUG]  Sending message MessageType.TASK_INFO, {'task_func_name': 'app_B', 'task_memoize': False, 'task_hashsum': None, 'task_fail_count': 0, 'task_status': <States.pending: 0>, 'task_id': 2, 'task_time_invoked': datetime.datetime(2021, 7, 16, 12, 30, 6, 932226), 'task_try_time_launched': None, 'task_time_returned': None, 'task_try_time_returned': None, 'task_executor': 'htex_Local', 'run_id': '806adb91-bf06-458b-bdfa-f3577af242f3', 'try_id': 0, 'timestamp': datetime.datetime(2021, 7, 16, 12, 30, 6, 932608), 'task_status_name': 'pending', 'tasks_failed_count': 0, 'tasks_completed_count': 1, 'tasks_memo_completed_count': 0, 'from_memo': None, 'task_inputs': 'None', 'task_outputs': 'None', 'task_stdin': None, 'task_stdout': None, 'task_stderr': None, 'task_fail_history': '', 'task_depends': '', 'task_joins': None}
2021-07-16 12:30:06.933 parsl.dataflow.memoization:229 [DEBUG]  Task 2 will not be memoized
2021-07-16 12:30:06.933 parsl.executors.high_throughput.executor:557 [DEBUG]  Pushing function <function MonitoringHub.monitor_wrapper.<locals>.wrapped at 0x7f8ad6e38280> to queue with args ()
2021-07-16 12:30:06.935 parsl.monitoring.monitoring:274 [DEBUG]  Sending message MessageType.TASK_INFO, {'task_func_name': 'app_B', 'task_memoize': False, 'task_hashsum': None, 'task_fail_count': 0, 'task_status': <States.launched: 7>, 'task_id': 2, 'task_time_invoked': datetime.datetime(2021, 7, 16, 12, 30, 6, 932226), 'task_try_time_launched': datetime.datetime(2021, 7, 16, 12, 30, 6, 933173), 'task_time_returned': None, 'task_try_time_returned': None, 'task_executor': 'htex_Local', 'run_id': '806adb91-bf06-458b-bdfa-f3577af242f3', 'try_id': 0, 'timestamp': datetime.datetime(2021, 7, 16, 12, 30, 6, 935335), 'task_status_name': 'launched', 'tasks_failed_count': 0, 'tasks_completed_count': 1, 'tasks_memo_completed_count': 0, 'from_memo': False, 'task_inputs': 'None', 'task_outputs': 'None', 'task_stdin': None, 'task_stdout': None, 'task_stderr': None, 'task_fail_history': '', 'task_depends': '', 'task_joins': None}
2021-07-16 12:30:06.936 parsl.dataflow.dflow:591 [INFO]  Task 2 launched on executor htex_Local
2021-07-16 12:30:06.936 parsl.dataflow.dflow:802 [DEBUG]  Task 3 will be sent to executor htex_Local
2021-07-16 12:30:06.936 parsl.dataflow.dflow:628 [DEBUG]  Adding output dependencies
2021-07-16 12:30:06.936 parsl.dataflow.dflow:881 [INFO]  Task 3 submitted for App app_C, waiting on task 1, task 2
2021-07-16 12:30:06.936 parsl.dataflow.dflow:889 [DEBUG]  Task 3 set to pending state with AppFuture: <AppFuture super=<AppFuture at 0x7f8ad6e4e400 state=pending>>
2021-07-16 12:30:06.937 parsl.monitoring.monitoring:274 [DEBUG]  Sending message MessageType.TASK_INFO, {'task_func_name': 'app_C', 'task_memoize': False, 'task_hashsum': None, 'task_fail_count': 0, 'task_status': <States.pending: 0>, 'task_id': 3, 'task_time_invoked': datetime.datetime(2021, 7, 16, 12, 30, 6, 936411), 'task_try_time_launched': None, 'task_time_returned': None, 'task_try_time_returned': None, 'task_executor': 'htex_Local', 'run_id': '806adb91-bf06-458b-bdfa-f3577af242f3', 'try_id': 0, 'timestamp': datetime.datetime(2021, 7, 16, 12, 30, 6, 936795), 'task_status_name': 'pending', 'tasks_failed_count': 0, 'tasks_completed_count': 1, 'tasks_memo_completed_count': 0, 'from_memo': None, 'task_inputs': 'None', 'task_outputs': 'None', 'task_stdin': None, 'task_stdout': None, 'task_stderr': None, 'task_fail_history': '', 'task_depends': '1,2', 'task_joins': None}
2021-07-16 12:30:06.937 parsl.dataflow.dflow:802 [DEBUG]  Task 4 will be sent to executor htex_Local
2021-07-16 12:30:06.937 parsl.dataflow.dflow:628 [DEBUG]  Adding output dependencies
2021-07-16 12:30:06.937 parsl.dataflow.dflow:881 [INFO]  Task 4 submitted for App app_D, waiting on task 3
2021-07-16 12:30:06.937 parsl.dataflow.dflow:889 [DEBUG]  Task 4 set to pending state with AppFuture: <AppFuture super=<AppFuture at 0x7f8ad6e4e5e0 state=pending>>
2021-07-16 12:30:06.937 parsl.monitoring.monitoring:274 [DEBUG]  Sending message MessageType.TASK_INFO, {'task_func_name': 'app_D', 'task_memoize': False, 'task_hashsum': None, 'task_fail_count': 0, 'task_status': <States.pending: 0>, 'task_id': 4, 'task_time_invoked': datetime.datetime(2021, 7, 16, 12, 30, 6, 937434), 'task_try_time_launched': None, 'task_time_returned': None, 'task_try_time_returned': None, 'task_executor': 'htex_Local', 'run_id': '806adb91-bf06-458b-bdfa-f3577af242f3', 'try_id': 0, 'timestamp': datetime.datetime(2021, 7, 16, 12, 30, 6, 937734), 'task_status_name': 'pending', 'tasks_failed_count': 0, 'tasks_completed_count': 1, 'tasks_memo_completed_count': 0, 'from_memo': None, 'task_inputs': 'None', 'task_outputs': 'None', 'task_stdin': None, 'task_stdout': None, 'task_stderr': None, 'task_fail_history': '', 'task_depends': '3', 'task_joins': None}
2021-07-16 12:30:06.938 parsl.dataflow.dflow:802 [DEBUG]  Task 5 will be sent to executor htex_Local
2021-07-16 12:30:06.938 parsl.dataflow.dflow:628 [DEBUG]  Adding output dependencies
2021-07-16 12:30:06.938 parsl.dataflow.dflow:881 [INFO]  Task 5 submitted for App app_E, waiting on task 4
2021-07-16 12:30:06.938 parsl.dataflow.dflow:889 [DEBUG]  Task 5 set to pending state with AppFuture: <AppFuture super=<AppFuture at 0x7f8ad6e4e760 state=pending>>
2021-07-16 12:30:06.938 parsl.monitoring.monitoring:274 [DEBUG]  Sending message MessageType.TASK_INFO, {'task_func_name': 'app_E', 'task_memoize': False, 'task_hashsum': None, 'task_fail_count': 0, 'task_status': <States.pending: 0>, 'task_id': 5, 'task_time_invoked': datetime.datetime(2021, 7, 16, 12, 30, 6, 938336), 'task_try_time_launched': None, 'task_time_returned': None, 'task_try_time_returned': None, 'task_executor': 'htex_Local', 'run_id': '806adb91-bf06-458b-bdfa-f3577af242f3', 'try_id': 0, 'timestamp': datetime.datetime(2021, 7, 16, 12, 30, 6, 938591), 'task_status_name': 'pending', 'tasks_failed_count': 0, 'tasks_completed_count': 1, 'tasks_memo_completed_count': 0, 'from_memo': None, 'task_inputs': 'None', 'task_outputs': 'None', 'task_stdin': None, 'task_stdout': None, 'task_stderr': None, 'task_fail_history': '', 'task_depends': '4', 'task_joins': None}
2021-07-16 12:30:07.136 parsl.dataflow.dflow:442 [INFO]  Task 2 completed (launched -> exec_done)
2021-07-16 12:30:07.137 parsl.dataflow.dflow:1166 [WARNING]  No tasks checkpointed so far in this run. Please ensure caching is enabled
2021-07-16 12:30:07.138 parsl.monitoring.monitoring:274 [DEBUG]  Sending message MessageType.TASK_INFO, {'task_func_name': 'app_B', 'task_memoize': False, 'task_hashsum': None, 'task_fail_count': 0, 'task_status': <States.exec_done: 3>, 'task_id': 2, 'task_time_invoked': datetime.datetime(2021, 7, 16, 12, 30, 6, 932226), 'task_try_time_launched': datetime.datetime(2021, 7, 16, 12, 30, 6, 933173), 'task_time_returned': datetime.datetime(2021, 7, 16, 12, 30, 7, 137081), 'task_try_time_returned': datetime.datetime(2021, 7, 16, 12, 30, 7, 136821), 'task_executor': 'htex_Local', 'run_id': '806adb91-bf06-458b-bdfa-f3577af242f3', 'try_id': 0, 'timestamp': datetime.datetime(2021, 7, 16, 12, 30, 7, 137843), 'task_status_name': 'exec_done', 'tasks_failed_count': 0, 'tasks_completed_count': 2, 'tasks_memo_completed_count': 0, 'from_memo': False, 'task_inputs': 'None', 'task_outputs': 'None', 'task_stdin': None, 'task_stdout': None, 'task_stderr': None, 'task_fail_history': '', 'task_depends': '', 'task_joins': None}
2021-07-16 12:30:07.138 parsl.dataflow.dflow:442 [INFO]  Task 1 completed (launched -> exec_done)
2021-07-16 12:30:07.139 parsl.dataflow.dflow:1166 [WARNING]  No tasks checkpointed so far in this run. Please ensure caching is enabled
2021-07-16 12:30:07.139 parsl.dataflow.memoization:229 [DEBUG]  Task 3 will not be memoized
2021-07-16 12:30:07.139 parsl.executors.high_throughput.executor:557 [DEBUG]  Pushing function <function MonitoringHub.monitor_wrapper.<locals>.wrapped at 0x7f8ad6e38940> to queue with args (7, 3.0)
2021-07-16 12:30:07.141 parsl.monitoring.monitoring:274 [DEBUG]  Sending message MessageType.TASK_INFO, {'task_func_name': 'app_C', 'task_memoize': False, 'task_hashsum': None, 'task_fail_count': 0, 'task_status': <States.launched: 7>, 'task_id': 3, 'task_time_invoked': datetime.datetime(2021, 7, 16, 12, 30, 6, 936411), 'task_try_time_launched': datetime.datetime(2021, 7, 16, 12, 30, 7, 139317), 'task_time_returned': None, 'task_try_time_returned': None, 'task_executor': 'htex_Local', 'run_id': '806adb91-bf06-458b-bdfa-f3577af242f3', 'try_id': 0, 'timestamp': datetime.datetime(2021, 7, 16, 12, 30, 7, 141073), 'task_status_name': 'launched', 'tasks_failed_count': 0, 'tasks_completed_count': 3, 'tasks_memo_completed_count': 0, 'from_memo': False, 'task_inputs': 'None', 'task_outputs': 'None', 'task_stdin': None, 'task_stdout': None, 'task_stderr': None, 'task_fail_history': '', 'task_depends': '1,2', 'task_joins': None}
2021-07-16 12:30:07.141 parsl.dataflow.dflow:591 [INFO]  Task 3 launched on executor htex_Local
2021-07-16 12:30:07.141 parsl.monitoring.monitoring:274 [DEBUG]  Sending message MessageType.TASK_INFO, {'task_func_name': 'app_A', 'task_memoize': False, 'task_hashsum': None, 'task_fail_count': 0, 'task_status': <States.exec_done: 3>, 'task_id': 1, 'task_time_invoked': datetime.datetime(2021, 7, 16, 12, 30, 6, 923293), 'task_try_time_launched': datetime.datetime(2021, 7, 16, 12, 30, 6, 925870), 'task_time_returned': datetime.datetime(2021, 7, 16, 12, 30, 7, 138695), 'task_try_time_returned': datetime.datetime(2021, 7, 16, 12, 30, 7, 138541), 'task_executor': 'htex_Local', 'run_id': '806adb91-bf06-458b-bdfa-f3577af242f3', 'try_id': 0, 'timestamp': datetime.datetime(2021, 7, 16, 12, 30, 7, 141800), 'task_status_name': 'exec_done', 'tasks_failed_count': 0, 'tasks_completed_count': 3, 'tasks_memo_completed_count': 0, 'from_memo': False, 'task_inputs': 'None', 'task_outputs': 'None', 'task_stdin': None, 'task_stdout': None, 'task_stderr': None, 'task_fail_history': '', 'task_depends': '', 'task_joins': None}
2021-07-16 12:30:07.343 parsl.dataflow.dflow:442 [INFO]  Task 3 completed (launched -> exec_done)
2021-07-16 12:30:07.344 parsl.dataflow.dflow:1166 [WARNING]  No tasks checkpointed so far in this run. Please ensure caching is enabled
2021-07-16 12:30:07.345 parsl.dataflow.memoization:229 [DEBUG]  Task 4 will not be memoized
2021-07-16 12:30:07.345 parsl.executors.high_throughput.executor:557 [DEBUG]  Pushing function <function MonitoringHub.monitor_wrapper.<locals>.wrapped at 0x7f8ad6e38b80> to queue with args (10, 7, 10.0)
2021-07-16 12:30:07.348 parsl.monitoring.monitoring:274 [DEBUG]  Sending message MessageType.TASK_INFO, {'task_func_name': 'app_D', 'task_memoize': False, 'task_hashsum': None, 'task_fail_count': 0, 'task_status': <States.launched: 7>, 'task_id': 4, 'task_time_invoked': datetime.datetime(2021, 7, 16, 12, 30, 6, 937434), 'task_try_time_launched': datetime.datetime(2021, 7, 16, 12, 30, 7, 345168), 'task_time_returned': None, 'task_try_time_returned': None, 'task_executor': 'htex_Local', 'run_id': '806adb91-bf06-458b-bdfa-f3577af242f3', 'try_id': 0, 'timestamp': datetime.datetime(2021, 7, 16, 12, 30, 7, 348136), 'task_status_name': 'launched', 'tasks_failed_count': 0, 'tasks_completed_count': 4, 'tasks_memo_completed_count': 0, 'from_memo': False, 'task_inputs': 'None', 'task_outputs': 'None', 'task_stdin': None, 'task_stdout': None, 'task_stderr': None, 'task_fail_history': '', 'task_depends': '3', 'task_joins': None}
2021-07-16 12:30:07.348 parsl.dataflow.dflow:591 [INFO]  Task 4 launched on executor htex_Local
2021-07-16 12:30:07.349 parsl.monitoring.monitoring:274 [DEBUG]  Sending message MessageType.TASK_INFO, {'task_func_name': 'app_C', 'task_memoize': False, 'task_hashsum': None, 'task_fail_count': 0, 'task_status': <States.exec_done: 3>, 'task_id': 3, 'task_time_invoked': datetime.datetime(2021, 7, 16, 12, 30, 6, 936411), 'task_try_time_launched': datetime.datetime(2021, 7, 16, 12, 30, 7, 139317), 'task_time_returned': datetime.datetime(2021, 7, 16, 12, 30, 7, 344124), 'task_try_time_returned': datetime.datetime(2021, 7, 16, 12, 30, 7, 343820), 'task_executor': 'htex_Local', 'run_id': '806adb91-bf06-458b-bdfa-f3577af242f3', 'try_id': 0, 'timestamp': datetime.datetime(2021, 7, 16, 12, 30, 7, 348951), 'task_status_name': 'exec_done', 'tasks_failed_count': 0, 'tasks_completed_count': 4, 'tasks_memo_completed_count': 0, 'from_memo': False, 'task_inputs': 'None', 'task_outputs': 'None', 'task_stdin': None, 'task_stdout': None, 'task_stderr': None, 'task_fail_history': '', 'task_depends': '1,2', 'task_joins': None}
2021-07-16 12:30:07.550 parsl.dataflow.dflow:442 [INFO]  Task 4 completed (launched -> exec_done)
2021-07-16 12:30:07.551 parsl.dataflow.dflow:1166 [WARNING]  No tasks checkpointed so far in this run. Please ensure caching is enabled
2021-07-16 12:30:07.552 parsl.dataflow.memoization:229 [DEBUG]  Task 5 will not be memoized
2021-07-16 12:30:07.552 parsl.executors.high_throughput.executor:557 [DEBUG]  Pushing function <function MonitoringHub.monitor_wrapper.<locals>.wrapped at 0x7f8ad6e38dc0> to queue with args (10,)
2021-07-16 12:30:07.555 parsl.monitoring.monitoring:274 [DEBUG]  Sending message MessageType.TASK_INFO, {'task_func_name': 'app_E', 'task_memoize': False, 'task_hashsum': None, 'task_fail_count': 0, 'task_status': <States.launched: 7>, 'task_id': 5, 'task_time_invoked': datetime.datetime(2021, 7, 16, 12, 30, 6, 938336), 'task_try_time_launched': datetime.datetime(2021, 7, 16, 12, 30, 7, 552098), 'task_time_returned': None, 'task_try_time_returned': None, 'task_executor': 'htex_Local', 'run_id': '806adb91-bf06-458b-bdfa-f3577af242f3', 'try_id': 0, 'timestamp': datetime.datetime(2021, 7, 16, 12, 30, 7, 554773), 'task_status_name': 'launched', 'tasks_failed_count': 0, 'tasks_completed_count': 5, 'tasks_memo_completed_count': 0, 'from_memo': False, 'task_inputs': 'None', 'task_outputs': 'None', 'task_stdin': None, 'task_stdout': None, 'task_stderr': None, 'task_fail_history': '', 'task_depends': '4', 'task_joins': None}
2021-07-16 12:30:07.555 parsl.dataflow.dflow:591 [INFO]  Task 5 launched on executor htex_Local
2021-07-16 12:30:07.556 parsl.monitoring.monitoring:274 [DEBUG]  Sending message MessageType.TASK_INFO, {'task_func_name': 'app_D', 'task_memoize': False, 'task_hashsum': None, 'task_fail_count': 0, 'task_status': <States.exec_done: 3>, 'task_id': 4, 'task_time_invoked': datetime.datetime(2021, 7, 16, 12, 30, 6, 937434), 'task_try_time_launched': datetime.datetime(2021, 7, 16, 12, 30, 7, 345168), 'task_time_returned': datetime.datetime(2021, 7, 16, 12, 30, 7, 551180), 'task_try_time_returned': datetime.datetime(2021, 7, 16, 12, 30, 7, 550924), 'task_executor': 'htex_Local', 'run_id': '806adb91-bf06-458b-bdfa-f3577af242f3', 'try_id': 0, 'timestamp': datetime.datetime(2021, 7, 16, 12, 30, 7, 555906), 'task_status_name': 'exec_done', 'tasks_failed_count': 0, 'tasks_completed_count': 5, 'tasks_memo_completed_count': 0, 'from_memo': False, 'task_inputs': 'None', 'task_outputs': 'None', 'task_stdin': None, 'task_stdout': None, 'task_stderr': None, 'task_fail_history': '', 'task_depends': '3', 'task_joins': None}
2021-07-16 12:30:07.761 parsl.dataflow.dflow:442 [INFO]  Task 5 completed (launched -> exec_done)
2021-07-16 12:30:07.762 parsl.dataflow.dflow:802 [DEBUG]  Task 6 will be sent to executor htex_Local
2021-07-16 12:30:07.762 parsl.dataflow.dflow:628 [DEBUG]  Adding output dependencies
2021-07-16 12:30:07.762 parsl.dataflow.dflow:881 [INFO]  Task 6 submitted for App app_A, not waiting on any dependency
2021-07-16 12:30:07.762 parsl.dataflow.dflow:889 [DEBUG]  Task 6 set to pending state with AppFuture: <AppFuture super=<AppFuture at 0x7f8ad6e5d070 state=pending>>
2021-07-16 12:30:07.763 parsl.monitoring.monitoring:274 [DEBUG]  Sending message MessageType.TASK_INFO, {'task_func_name': 'app_A', 'task_memoize': False, 'task_hashsum': None, 'task_fail_count': 0, 'task_status': <States.pending: 0>, 'task_id': 6, 'task_time_invoked': datetime.datetime(2021, 7, 16, 12, 30, 7, 762290), 'task_try_time_launched': None, 'task_time_returned': None, 'task_try_time_returned': None, 'task_executor': 'htex_Local', 'run_id': '806adb91-bf06-458b-bdfa-f3577af242f3', 'try_id': 0, 'timestamp': datetime.datetime(2021, 7, 16, 12, 30, 7, 762933), 'task_status_name': 'pending', 'tasks_failed_count': 0, 'tasks_completed_count': 6, 'tasks_memo_completed_count': 0, 'from_memo': None, 'task_inputs': 'None', 'task_outputs': 'None', 'task_stdin': None, 'task_stdout': None, 'task_stderr': None, 'task_fail_history': '', 'task_depends': '', 'task_joins': None}
2021-07-16 12:30:07.764 parsl.dataflow.memoization:229 [DEBUG]  Task 6 will not be memoized
2021-07-16 12:30:07.764 parsl.executors.high_throughput.executor:557 [DEBUG]  Pushing function <function MonitoringHub.monitor_wrapper.<locals>.wrapped at 0x7f8ad6e5c1f0> to queue with args ()
2021-07-16 12:30:07.766 parsl.dataflow.dflow:1166 [WARNING]  No tasks checkpointed so far in this run. Please ensure caching is enabled
2021-07-16 12:30:07.766 parsl.monitoring.monitoring:274 [DEBUG]  Sending message MessageType.TASK_INFO, {'task_func_name': 'app_E', 'task_memoize': False, 'task_hashsum': None, 'task_fail_count': 0, 'task_status': <States.exec_done: 3>, 'task_id': 5, 'task_time_invoked': datetime.datetime(2021, 7, 16, 12, 30, 6, 938336), 'task_try_time_launched': datetime.datetime(2021, 7, 16, 12, 30, 7, 552098), 'task_time_returned': datetime.datetime(2021, 7, 16, 12, 30, 7, 761658), 'task_try_time_returned': datetime.datetime(2021, 7, 16, 12, 30, 7, 761345), 'task_executor': 'htex_Local', 'run_id': '806adb91-bf06-458b-bdfa-f3577af242f3', 'try_id': 0, 'timestamp': datetime.datetime(2021, 7, 16, 12, 30, 7, 766692), 'task_status_name': 'exec_done', 'tasks_failed_count': 0, 'tasks_completed_count': 6, 'tasks_memo_completed_count': 0, 'from_memo': False, 'task_inputs': 'None', 'task_outputs': 'None', 'task_stdin': None, 'task_stdout': None, 'task_stderr': None, 'task_fail_history': '', 'task_depends': '4', 'task_joins': None}
2021-07-16 12:30:07.767 parsl.monitoring.monitoring:274 [DEBUG]  Sending message MessageType.TASK_INFO, {'task_func_name': 'app_A', 'task_memoize': False, 'task_hashsum': None, 'task_fail_count': 0, 'task_status': <States.launched: 7>, 'task_id': 6, 'task_time_invoked': datetime.datetime(2021, 7, 16, 12, 30, 7, 762290), 'task_try_time_launched': datetime.datetime(2021, 7, 16, 12, 30, 7, 763909), 'task_time_returned': None, 'task_try_time_returned': None, 'task_executor': 'htex_Local', 'run_id': '806adb91-bf06-458b-bdfa-f3577af242f3', 'try_id': 0, 'timestamp': datetime.datetime(2021, 7, 16, 12, 30, 7, 767322), 'task_status_name': 'launched', 'tasks_failed_count': 0, 'tasks_completed_count': 6, 'tasks_memo_completed_count': 0, 'from_memo': False, 'task_inputs': 'None', 'task_outputs': 'None', 'task_stdin': None, 'task_stdout': None, 'task_stderr': None, 'task_fail_history': '', 'task_depends': '', 'task_joins': None}
2021-07-16 12:30:07.767 parsl.dataflow.dflow:591 [INFO]  Task 6 launched on executor htex_Local
2021-07-16 12:30:07.768 parsl.dataflow.dflow:802 [DEBUG]  Task 7 will be sent to executor htex_Local
2021-07-16 12:30:07.768 parsl.dataflow.dflow:628 [DEBUG]  Adding output dependencies
2021-07-16 12:30:07.768 parsl.dataflow.dflow:881 [INFO]  Task 7 submitted for App app_B, not waiting on any dependency
2021-07-16 12:30:07.768 parsl.dataflow.dflow:889 [DEBUG]  Task 7 set to pending state with AppFuture: <AppFuture super=<AppFuture at 0x7f8ad6e5d040 state=pending>>
2021-07-16 12:30:07.768 parsl.monitoring.monitoring:274 [DEBUG]  Sending message MessageType.TASK_INFO, {'task_func_name': 'app_B', 'task_memoize': False, 'task_hashsum': None, 'task_fail_count': 0, 'task_status': <States.pending: 0>, 'task_id': 7, 'task_time_invoked': datetime.datetime(2021, 7, 16, 12, 30, 7, 768146), 'task_try_time_launched': None, 'task_time_returned': None, 'task_try_time_returned': None, 'task_executor': 'htex_Local', 'run_id': '806adb91-bf06-458b-bdfa-f3577af242f3', 'try_id': 0, 'timestamp': datetime.datetime(2021, 7, 16, 12, 30, 7, 768407), 'task_status_name': 'pending', 'tasks_failed_count': 0, 'tasks_completed_count': 6, 'tasks_memo_completed_count': 0, 'from_memo': None, 'task_inputs': 'None', 'task_outputs': 'None', 'task_stdin': None, 'task_stdout': None, 'task_stderr': None, 'task_fail_history': '', 'task_depends': '', 'task_joins': None}
2021-07-16 12:30:07.768 parsl.dataflow.memoization:229 [DEBUG]  Task 7 will not be memoized
2021-07-16 12:30:07.769 parsl.executors.high_throughput.executor:557 [DEBUG]  Pushing function <function MonitoringHub.monitor_wrapper.<locals>.wrapped at 0x7f8ad6e5c040> to queue with args ()
2021-07-16 12:30:07.770 parsl.monitoring.monitoring:274 [DEBUG]  Sending message MessageType.TASK_INFO, {'task_func_name': 'app_B', 'task_memoize': False, 'task_hashsum': None, 'task_fail_count': 0, 'task_status': <States.launched: 7>, 'task_id': 7, 'task_time_invoked': datetime.datetime(2021, 7, 16, 12, 30, 7, 768146), 'task_try_time_launched': datetime.datetime(2021, 7, 16, 12, 30, 7, 768704), 'task_time_returned': None, 'task_try_time_returned': None, 'task_executor': 'htex_Local', 'run_id': '806adb91-bf06-458b-bdfa-f3577af242f3', 'try_id': 0, 'timestamp': datetime.datetime(2021, 7, 16, 12, 30, 7, 770237), 'task_status_name': 'launched', 'tasks_failed_count': 0, 'tasks_completed_count': 6, 'tasks_memo_completed_count': 0, 'from_memo': False, 'task_inputs': 'None', 'task_outputs': 'None', 'task_stdin': None, 'task_stdout': None, 'task_stderr': None, 'task_fail_history': '', 'task_depends': '', 'task_joins': None}
2021-07-16 12:30:07.770 parsl.dataflow.dflow:591 [INFO]  Task 7 launched on executor htex_Local
2021-07-16 12:30:07.770 parsl.dataflow.dflow:802 [DEBUG]  Task 8 will be sent to executor htex_Local
2021-07-16 12:30:07.770 parsl.dataflow.dflow:628 [DEBUG]  Adding output dependencies
2021-07-16 12:30:07.771 parsl.dataflow.dflow:881 [INFO]  Task 8 submitted for App app_C, waiting on task 6, task 7
2021-07-16 12:30:07.771 parsl.dataflow.dflow:889 [DEBUG]  Task 8 set to pending state with AppFuture: <AppFuture super=<AppFuture at 0x7f8ad6e5dbe0 state=pending>>
2021-07-16 12:30:07.771 parsl.monitoring.monitoring:274 [DEBUG]  Sending message MessageType.TASK_INFO, {'task_func_name': 'app_C', 'task_memoize': False, 'task_hashsum': None, 'task_fail_count': 0, 'task_status': <States.pending: 0>, 'task_id': 8, 'task_time_invoked': datetime.datetime(2021, 7, 16, 12, 30, 7, 770932), 'task_try_time_launched': None, 'task_time_returned': None, 'task_try_time_returned': None, 'task_executor': 'htex_Local', 'run_id': '806adb91-bf06-458b-bdfa-f3577af242f3', 'try_id': 0, 'timestamp': datetime.datetime(2021, 7, 16, 12, 30, 7, 771234), 'task_status_name': 'pending', 'tasks_failed_count': 0, 'tasks_completed_count': 6, 'tasks_memo_completed_count': 0, 'from_memo': None, 'task_inputs': 'None', 'task_outputs': 'None', 'task_stdin': None, 'task_stdout': None, 'task_stderr': None, 'task_fail_history': '', 'task_depends': '6,7', 'task_joins': None}
2021-07-16 12:30:07.771 parsl.dataflow.dflow:802 [DEBUG]  Task 9 will be sent to executor htex_Local
2021-07-16 12:30:07.771 parsl.dataflow.dflow:628 [DEBUG]  Adding output dependencies
2021-07-16 12:30:07.771 parsl.dataflow.dflow:881 [INFO]  Task 9 submitted for App app_D, waiting on task 8
2021-07-16 12:30:07.771 parsl.dataflow.dflow:889 [DEBUG]  Task 9 set to pending state with AppFuture: <AppFuture super=<AppFuture at 0x7f8ad6e5ddc0 state=pending>>
2021-07-16 12:30:07.772 parsl.monitoring.monitoring:274 [DEBUG]  Sending message MessageType.TASK_INFO, {'task_func_name': 'app_D', 'task_memoize': False, 'task_hashsum': None, 'task_fail_count': 0, 'task_status': <States.pending: 0>, 'task_id': 9, 'task_time_invoked': datetime.datetime(2021, 7, 16, 12, 30, 7, 771708), 'task_try_time_launched': None, 'task_time_returned': None, 'task_try_time_returned': None, 'task_executor': 'htex_Local', 'run_id': '806adb91-bf06-458b-bdfa-f3577af242f3', 'try_id': 0, 'timestamp': datetime.datetime(2021, 7, 16, 12, 30, 7, 771974), 'task_status_name': 'pending', 'tasks_failed_count': 0, 'tasks_completed_count': 6, 'tasks_memo_completed_count': 0, 'from_memo': None, 'task_inputs': 'None', 'task_outputs': 'None', 'task_stdin': None, 'task_stdout': None, 'task_stderr': None, 'task_fail_history': '', 'task_depends': '8', 'task_joins': None}
2021-07-16 12:30:07.772 parsl.dataflow.dflow:802 [DEBUG]  Task 10 will be sent to executor htex_Local
2021-07-16 12:30:07.772 parsl.dataflow.dflow:628 [DEBUG]  Adding output dependencies
2021-07-16 12:30:07.772 parsl.dataflow.dflow:881 [INFO]  Task 10 submitted for App app_E, waiting on task 9
2021-07-16 12:30:07.772 parsl.dataflow.dflow:889 [DEBUG]  Task 10 set to pending state with AppFuture: <AppFuture super=<AppFuture at 0x7f8ad6e5df40 state=pending>>
2021-07-16 12:30:07.772 parsl.monitoring.monitoring:274 [DEBUG]  Sending message MessageType.TASK_INFO, {'task_func_name': 'app_E', 'task_memoize': False, 'task_hashsum': None, 'task_fail_count': 0, 'task_status': <States.pending: 0>, 'task_id': 10, 'task_time_invoked': datetime.datetime(2021, 7, 16, 12, 30, 7, 772422), 'task_try_time_launched': None, 'task_time_returned': None, 'task_try_time_returned': None, 'task_executor': 'htex_Local', 'run_id': '806adb91-bf06-458b-bdfa-f3577af242f3', 'try_id': 0, 'timestamp': datetime.datetime(2021, 7, 16, 12, 30, 7, 772657), 'task_status_name': 'pending', 'tasks_failed_count': 0, 'tasks_completed_count': 6, 'tasks_memo_completed_count': 0, 'from_memo': None, 'task_inputs': 'None', 'task_outputs': 'None', 'task_stdin': None, 'task_stdout': None, 'task_stderr': None, 'task_fail_history': '', 'task_depends': '9', 'task_joins': None}
2021-07-16 12:30:07.974 parsl.dataflow.dflow:442 [INFO]  Task 7 completed (launched -> exec_done)
2021-07-16 12:30:07.975 parsl.dataflow.dflow:1166 [WARNING]  No tasks checkpointed so far in this run. Please ensure caching is enabled
2021-07-16 12:30:07.976 parsl.monitoring.monitoring:274 [DEBUG]  Sending message MessageType.TASK_INFO, {'task_func_name': 'app_B', 'task_memoize': False, 'task_hashsum': None, 'task_fail_count': 0, 'task_status': <States.exec_done: 3>, 'task_id': 7, 'task_time_invoked': datetime.datetime(2021, 7, 16, 12, 30, 7, 768146), 'task_try_time_launched': datetime.datetime(2021, 7, 16, 12, 30, 7, 768704), 'task_time_returned': datetime.datetime(2021, 7, 16, 12, 30, 7, 975062), 'task_try_time_returned': datetime.datetime(2021, 7, 16, 12, 30, 7, 974786), 'task_executor': 'htex_Local', 'run_id': '806adb91-bf06-458b-bdfa-f3577af242f3', 'try_id': 0, 'timestamp': datetime.datetime(2021, 7, 16, 12, 30, 7, 976200), 'task_status_name': 'exec_done', 'tasks_failed_count': 0, 'tasks_completed_count': 7, 'tasks_memo_completed_count': 0, 'from_memo': False, 'task_inputs': 'None', 'task_outputs': 'None', 'task_stdin': None, 'task_stdout': None, 'task_stderr': None, 'task_fail_history': '', 'task_depends': '', 'task_joins': None}
2021-07-16 12:30:07.977 parsl.dataflow.dflow:442 [INFO]  Task 6 completed (launched -> exec_done)
2021-07-16 12:30:07.978 parsl.dataflow.dflow:1166 [WARNING]  No tasks checkpointed so far in this run. Please ensure caching is enabled
2021-07-16 12:30:07.978 parsl.dataflow.memoization:229 [DEBUG]  Task 8 will not be memoized
2021-07-16 12:30:07.978 parsl.executors.high_throughput.executor:557 [DEBUG]  Pushing function <function MonitoringHub.monitor_wrapper.<locals>.wrapped at 0x7f8ad6e5c700> to queue with args (7, 3.0)
2021-07-16 12:30:07.981 parsl.monitoring.monitoring:274 [DEBUG]  Sending message MessageType.TASK_INFO, {'task_func_name': 'app_C', 'task_memoize': False, 'task_hashsum': None, 'task_fail_count': 0, 'task_status': <States.launched: 7>, 'task_id': 8, 'task_time_invoked': datetime.datetime(2021, 7, 16, 12, 30, 7, 770932), 'task_try_time_launched': datetime.datetime(2021, 7, 16, 12, 30, 7, 978266), 'task_time_returned': None, 'task_try_time_returned': None, 'task_executor': 'htex_Local', 'run_id': '806adb91-bf06-458b-bdfa-f3577af242f3', 'try_id': 0, 'timestamp': datetime.datetime(2021, 7, 16, 12, 30, 7, 980997), 'task_status_name': 'launched', 'tasks_failed_count': 0, 'tasks_completed_count': 8, 'tasks_memo_completed_count': 0, 'from_memo': False, 'task_inputs': 'None', 'task_outputs': 'None', 'task_stdin': None, 'task_stdout': None, 'task_stderr': None, 'task_fail_history': '', 'task_depends': '6,7', 'task_joins': None}
2021-07-16 12:30:07.981 parsl.dataflow.dflow:591 [INFO]  Task 8 launched on executor htex_Local
2021-07-16 12:30:07.982 parsl.monitoring.monitoring:274 [DEBUG]  Sending message MessageType.TASK_INFO, {'task_func_name': 'app_A', 'task_memoize': False, 'task_hashsum': None, 'task_fail_count': 0, 'task_status': <States.exec_done: 3>, 'task_id': 6, 'task_time_invoked': datetime.datetime(2021, 7, 16, 12, 30, 7, 762290), 'task_try_time_launched': datetime.datetime(2021, 7, 16, 12, 30, 7, 763909), 'task_time_returned': datetime.datetime(2021, 7, 16, 12, 30, 7, 977302), 'task_try_time_returned': datetime.datetime(2021, 7, 16, 12, 30, 7, 976998), 'task_executor': 'htex_Local', 'run_id': '806adb91-bf06-458b-bdfa-f3577af242f3', 'try_id': 0, 'timestamp': datetime.datetime(2021, 7, 16, 12, 30, 7, 981874), 'task_status_name': 'exec_done', 'tasks_failed_count': 0, 'tasks_completed_count': 8, 'tasks_memo_completed_count': 0, 'from_memo': False, 'task_inputs': 'None', 'task_outputs': 'None', 'task_stdin': None, 'task_stdout': None, 'task_stderr': None, 'task_fail_history': '', 'task_depends': '', 'task_joins': None}
2021-07-16 12:30:08.182 parsl.dataflow.dflow:442 [INFO]  Task 8 completed (launched -> exec_done)
2021-07-16 12:30:08.183 parsl.dataflow.dflow:1166 [WARNING]  No tasks checkpointed so far in this run. Please ensure caching is enabled
2021-07-16 12:30:08.183 parsl.dataflow.memoization:229 [DEBUG]  Task 9 will not be memoized
2021-07-16 12:30:08.184 parsl.executors.high_throughput.executor:557 [DEBUG]  Pushing function <function MonitoringHub.monitor_wrapper.<locals>.wrapped at 0x7f8ad6e5c940> to queue with args (10, 7, 10.0)
2021-07-16 12:30:08.187 parsl.monitoring.monitoring:274 [DEBUG]  Sending message MessageType.TASK_INFO, {'task_func_name': 'app_D', 'task_memoize': False, 'task_hashsum': None, 'task_fail_count': 0, 'task_status': <States.launched: 7>, 'task_id': 9, 'task_time_invoked': datetime.datetime(2021, 7, 16, 12, 30, 7, 771708), 'task_try_time_launched': datetime.datetime(2021, 7, 16, 12, 30, 8, 183747), 'task_time_returned': None, 'task_try_time_returned': None, 'task_executor': 'htex_Local', 'run_id': '806adb91-bf06-458b-bdfa-f3577af242f3', 'try_id': 0, 'timestamp': datetime.datetime(2021, 7, 16, 12, 30, 8, 186817), 'task_status_name': 'launched', 'tasks_failed_count': 0, 'tasks_completed_count': 9, 'tasks_memo_completed_count': 0, 'from_memo': False, 'task_inputs': 'None', 'task_outputs': 'None', 'task_stdin': None, 'task_stdout': None, 'task_stderr': None, 'task_fail_history': '', 'task_depends': '8', 'task_joins': None}
2021-07-16 12:30:08.187 parsl.dataflow.dflow:591 [INFO]  Task 9 launched on executor htex_Local
2021-07-16 12:30:08.188 parsl.monitoring.monitoring:274 [DEBUG]  Sending message MessageType.TASK_INFO, {'task_func_name': 'app_C', 'task_memoize': False, 'task_hashsum': None, 'task_fail_count': 0, 'task_status': <States.exec_done: 3>, 'task_id': 8, 'task_time_invoked': datetime.datetime(2021, 7, 16, 12, 30, 7, 770932), 'task_try_time_launched': datetime.datetime(2021, 7, 16, 12, 30, 7, 978266), 'task_time_returned': datetime.datetime(2021, 7, 16, 12, 30, 8, 182795), 'task_try_time_returned': datetime.datetime(2021, 7, 16, 12, 30, 8, 182521), 'task_executor': 'htex_Local', 'run_id': '806adb91-bf06-458b-bdfa-f3577af242f3', 'try_id': 0, 'timestamp': datetime.datetime(2021, 7, 16, 12, 30, 8, 187837), 'task_status_name': 'exec_done', 'tasks_failed_count': 0, 'tasks_completed_count': 9, 'tasks_memo_completed_count': 0, 'from_memo': False, 'task_inputs': 'None', 'task_outputs': 'None', 'task_stdin': None, 'task_stdout': None, 'task_stderr': None, 'task_fail_history': '', 'task_depends': '6,7', 'task_joins': None}
2021-07-16 12:30:08.391 parsl.dataflow.dflow:442 [INFO]  Task 9 completed (launched -> exec_done)
2021-07-16 12:30:08.392 parsl.dataflow.dflow:1166 [WARNING]  No tasks checkpointed so far in this run. Please ensure caching is enabled
2021-07-16 12:30:08.392 parsl.dataflow.memoization:229 [DEBUG]  Task 10 will not be memoized
2021-07-16 12:30:08.392 parsl.executors.high_throughput.executor:557 [DEBUG]  Pushing function <function MonitoringHub.monitor_wrapper.<locals>.wrapped at 0x7f8ad6e5cb80> to queue with args (10,)
2021-07-16 12:30:08.395 parsl.monitoring.monitoring:274 [DEBUG]  Sending message MessageType.TASK_INFO, {'task_func_name': 'app_E', 'task_memoize': False, 'task_hashsum': None, 'task_fail_count': 0, 'task_status': <States.launched: 7>, 'task_id': 10, 'task_time_invoked': datetime.datetime(2021, 7, 16, 12, 30, 7, 772422), 'task_try_time_launched': datetime.datetime(2021, 7, 16, 12, 30, 8, 392261), 'task_time_returned': None, 'task_try_time_returned': None, 'task_executor': 'htex_Local', 'run_id': '806adb91-bf06-458b-bdfa-f3577af242f3', 'try_id': 0, 'timestamp': datetime.datetime(2021, 7, 16, 12, 30, 8, 394897), 'task_status_name': 'launched', 'tasks_failed_count': 0, 'tasks_completed_count': 10, 'tasks_memo_completed_count': 0, 'from_memo': False, 'task_inputs': 'None', 'task_outputs': 'None', 'task_stdin': None, 'task_stdout': None, 'task_stderr': None, 'task_fail_history': '', 'task_depends': '9', 'task_joins': None}
2021-07-16 12:30:08.395 parsl.dataflow.dflow:591 [INFO]  Task 10 launched on executor htex_Local
2021-07-16 12:30:08.396 parsl.monitoring.monitoring:274 [DEBUG]  Sending message MessageType.TASK_INFO, {'task_func_name': 'app_D', 'task_memoize': False, 'task_hashsum': None, 'task_fail_count': 0, 'task_status': <States.exec_done: 3>, 'task_id': 9, 'task_time_invoked': datetime.datetime(2021, 7, 16, 12, 30, 7, 771708), 'task_try_time_launched': datetime.datetime(2021, 7, 16, 12, 30, 8, 183747), 'task_time_returned': datetime.datetime(2021, 7, 16, 12, 30, 8, 391323), 'task_try_time_returned': datetime.datetime(2021, 7, 16, 12, 30, 8, 391049), 'task_executor': 'htex_Local', 'run_id': '806adb91-bf06-458b-bdfa-f3577af242f3', 'try_id': 0, 'timestamp': datetime.datetime(2021, 7, 16, 12, 30, 8, 395825), 'task_status_name': 'exec_done', 'tasks_failed_count': 0, 'tasks_completed_count': 10, 'tasks_memo_completed_count': 0, 'from_memo': False, 'task_inputs': 'None', 'task_outputs': 'None', 'task_stdin': None, 'task_stdout': None, 'task_stderr': None, 'task_fail_history': '', 'task_depends': '8', 'task_joins': None}
2021-07-16 12:30:08.606 parsl.dataflow.dflow:442 [INFO]  Task 10 completed (launched -> exec_done)
2021-07-16 12:30:08.606 parsl.dataflow.dflow:1037 [INFO]  DFK cleanup initiated
2021-07-16 12:30:08.607 parsl.dataflow.dflow:927 [INFO]  Summary of tasks in DFK:
2021-07-16 12:30:08.607 parsl.dataflow.dflow:941 [INFO]  Tasks in state States.exec_done: 11
2021-07-16 12:30:08.607 parsl.dataflow.dflow:947 [INFO]  End of summary
2021-07-16 12:30:08.608 parsl.dataflow.dflow:1166 [WARNING]  No tasks checkpointed so far in this run. Please ensure caching is enabled
2021-07-16 12:30:08.608 parsl.monitoring.monitoring:274 [DEBUG]  Sending message MessageType.TASK_INFO, {'task_func_name': 'app_E', 'task_memoize': False, 'task_hashsum': None, 'task_fail_count': 0, 'task_status': <States.exec_done: 3>, 'task_id': 10, 'task_time_invoked': datetime.datetime(2021, 7, 16, 12, 30, 7, 772422), 'task_try_time_launched': datetime.datetime(2021, 7, 16, 12, 30, 8, 392261), 'task_time_returned': datetime.datetime(2021, 7, 16, 12, 30, 8, 606402), 'task_try_time_returned': datetime.datetime(2021, 7, 16, 12, 30, 8, 606127), 'task_executor': 'htex_Local', 'run_id': '806adb91-bf06-458b-bdfa-f3577af242f3', 'try_id': 0, 'timestamp': datetime.datetime(2021, 7, 16, 12, 30, 8, 608446), 'task_status_name': 'exec_done', 'tasks_failed_count': 0, 'tasks_completed_count': 11, 'tasks_memo_completed_count': 0, 'from_memo': False, 'task_inputs': 'None', 'task_outputs': 'None', 'task_stdin': None, 'task_stdout': None, 'task_stderr': None, 'task_fail_history': '', 'task_depends': '9', 'task_joins': None}
2021-07-16 12:30:08.609 parsl.dataflow.dflow:1166 [WARNING]  No tasks checkpointed so far in this run. Please ensure caching is enabled
2021-07-16 12:30:08.610 parsl.dataflow.dflow:1061 [INFO]  Terminating flow_control and strategy threads
2021-07-16 12:30:08.613 parsl.executors.high_throughput.executor:688 [DEBUG]  Current blocks : {'0': '90411'}
2021-07-16 12:30:08.615 parsl.executors.high_throughput.executor:521 [DEBUG]  [HOLD_BLOCK]: Sending hold to manager: 19395cbe81fd
2021-07-16 12:30:08.617 parsl.executors.high_throughput.executor:490 [DEBUG]  Sent hold request to worker: 19395cbe81fd
2021-07-16 12:30:08.618 parsl.providers.local.local:266 [DEBUG]  Terminating job/proc_id: 90411
2021-07-16 12:30:08.649 parsl.dataflow.dflow:1074 [DEBUG]  Sending message [{'run_id': '806adb91-bf06-458b-bdfa-f3577af242f3', 'status': 'CANCELLED', 'timestamp': datetime.datetime(2021, 7, 16, 12, 30, 8, 649520), 'executor_label': 'htex_Local', 'job_id': '90411', 'block_id': '0'}] to hub from DFK
2021-07-16 12:30:08.650 parsl.monitoring.monitoring:274 [DEBUG]  Sending message MessageType.BLOCK_INFO, [{'run_id': '806adb91-bf06-458b-bdfa-f3577af242f3', 'status': 'CANCELLED', 'timestamp': datetime.datetime(2021, 7, 16, 12, 30, 8, 649520), 'executor_label': 'htex_Local', 'job_id': '90411', 'block_id': '0'}]
2021-07-16 12:30:08.651 parsl.executors.high_throughput.executor:727 [INFO]  Attempting HighThroughputExecutor shutdown
2021-07-16 12:30:08.651 parsl.executors.high_throughput.executor:729 [INFO]  Finished HighThroughputExecutor shutdown attempt
2021-07-16 12:30:08.652 parsl.executors.threads:101 [DEBUG]  Done with executor shutdown
2021-07-16 12:30:08.652 parsl.monitoring.monitoring:274 [DEBUG]  Sending message MessageType.WORKFLOW_INFO, {'tasks_failed_count': 0, 'tasks_completed_count': 11, 'time_began': datetime.datetime(2021, 7, 16, 12, 30, 4, 612642), 'time_completed': datetime.datetime(2021, 7, 16, 12, 30, 8, 652408), 'run_id': '806adb91-bf06-458b-bdfa-f3577af242f3', 'rundir': '/Users/ananthhariharan/Documents/Code/GitHub/Parsl-Project/runinfo/008'}
2021-07-16 12:30:08.653 parsl.monitoring.monitoring:283 [INFO]  Terminating Monitoring Hub
2021-07-16 12:30:08.654 parsl.monitoring.monitoring:300 [INFO]  Waiting for Hub to receive all messages and terminate
2021-07-16 12:30:11.699 parsl.process_loggers:28 [DEBUG]  Normal ending for router_starter on thread MainThread
2021-07-16 12:30:11.706 parsl.monitoring.monitoring:302 [DEBUG]  Finished waiting for Hub termination
2021-07-16 12:30:11.853 parsl.monitoring.monitoring:306 [DEBUG]  Finished waiting for DBM termination
2021-07-16 12:30:11.853 parsl.dataflow.dflow:1090 [INFO]  DFK cleanup complete
