2021-07-27 15:58:59.100 parsl.dataflow.dflow:84 [DEBUG]  Starting DataFlowKernel with config
Config(
    app_cache=True, 
    checkpoint_files=None, 
    checkpoint_mode='task_exit', 
    checkpoint_period=None, 
    executors=[HighThroughputExecutor(
        address=None, 
        address_probe_timeout=None, 
        cores_per_worker=0.25, 
        cpu_affinity='none', 
        heartbeat_period=2, 
        heartbeat_threshold=5, 
        interchange_port_range=(55000, 56000), 
        label='htex_Local', 
        launch_cmd='process_worker_pool.py {debug} {max_workers} -a {addresses} -p {prefetch_capacity} -c {cores_per_worker} -m {mem_per_worker} --poll {poll_period} --task_port={task_port} --result_port={result_port} --logdir={logdir} --block_id={{block_id}} --hb_period={heartbeat_period} {address_probe_timeout_string} --hb_threshold={heartbeat_threshold} --cpu-affinity {cpu_affinity} ', 
        managed=True, 
        max_workers=inf, 
        mem_per_worker=None, 
        poll_period=100, 
        prefetch_capacity=0, 
        provider=LocalProvider(
            channel=LocalChannel(
                envs={}, 
                script_dir=None, 
                userhome='/Users/ananthhariharan/Documents/Code/GitHub/Parsl-Project'
            ), 
            cmd_timeout=30, 
            init_blocks=0, 
            launcher=SingleNodeLauncher(debug=True, fail_on_any=False), 
            max_blocks=5, 
            min_blocks=0, 
            move_files=None, 
            nodes_per_block=1, 
            parallelism=1, 
            worker_init=''
        ), 
        storage_access=[FTPInTaskStaging(), HTTPInTaskStaging(), NoOpFileStaging()], 
        worker_debug=True, 
        worker_logdir_root=None, 
        worker_port_range=(54000, 55000), 
        worker_ports=None, 
        working_dir='/Users/ananthhariharan/Documents/Code/GitHub/Parsl-Project/test_htex_alternate'
    )], 
    garbage_collect=True, 
    initialize_logging=True, 
    internal_tasks_max_threads=10, 
    max_idletime=120.0, 
    monitoring=MonitoringHub(
        'localhost',
        client_address='127.0.0.1', 
        client_port_range=(55000, 56000), 
        hub_port=55055, 
        hub_port_range=(55050, 56000), 
        logdir=None, 
        logging_endpoint='sqlite:///monitoring.db', 
        monitoring_debug=False, 
        resource_monitoring_enabled=True, 
        resource_monitoring_interval=1, 
        workflow_name=None, 
        workflow_version=None
    ), 
    retries=2, 
    run_dir='runinfo', 
    strategy='simple', 
    usage_tracking=False
)
2021-07-27 15:58:59.100 parsl.dataflow.dflow:86 [INFO]  Parsl version: 1.1.0
2021-07-27 15:58:59.100 parsl.dataflow.usage_tracking.usage:125 [DEBUG]  Tracking status: False
2021-07-27 15:58:59.101 parsl.monitoring.monitoring:209 [INFO]  Monitoring Hub initialized
2021-07-27 15:58:59.101 parsl.monitoring.monitoring:211 [DEBUG]  Initializing ZMQ Pipes to client
2021-07-27 15:58:59.129 parsl.monitoring.monitoring:255 [INFO]  Started the Hub process 27225 and DBM process 27226
2021-07-27 15:58:59.146 parsl.dataflow.dflow:114 [INFO]  Run id is: d48ae282-1612-4a23-a02c-306596b45ed4
2021-07-27 15:58:59.276 parsl.monitoring.monitoring:274 [DEBUG]  Sending message MessageType.WORKFLOW_INFO, {'python_version': '3.8.8', 'parsl_version': '1.1.0', 'time_began': datetime.datetime(2021, 7, 27, 15, 58, 59, 146412), 'time_completed': None, 'run_id': 'd48ae282-1612-4a23-a02c-306596b45ed4', 'workflow_name': 'cpw_eval.py', 'workflow_version': '2021-07-27 15:58:59', 'rundir': '/Users/ananthhariharan/Documents/Code/GitHub/Parsl-Project/runinfo/025', 'tasks_completed_count': 0, 'tasks_failed_count': 0, 'user': 'ananthhariharan', 'host': 'Ananths-Macbook.local'}
2021-07-27 15:58:59.276 parsl.dataflow.memoization:164 [INFO]  App caching initialized
2021-07-27 15:58:59.277 parsl.dataflow.strategy:127 [DEBUG]  Scaling strategy: simple
2021-07-27 15:58:59.279 parsl.executors.high_throughput.executor:468 [DEBUG]  Starting queue management thread
2021-07-27 15:58:59.280 parsl.executors.high_throughput.executor:358 [DEBUG]  [MTHREAD] queue management worker starting
2021-07-27 15:58:59.280 parsl.executors.high_throughput.executor:472 [DEBUG]  Started queue management thread
2021-07-27 15:58:59.296 parsl.executors.high_throughput.executor:319 [DEBUG]  Created management thread: <Thread(HTEX-Queue-Management-Thread, started daemon 123145437896704)>
2021-07-27 15:58:59.297 parsl.executors.high_throughput.executor:291 [DEBUG]  Launch command: process_worker_pool.py --debug  -a Ananths-Macbook.local,69.174.173.76,192.168.4.29 -p 0 -c 0.25 -m None --poll 100 --task_port=54009 --result_port=54356 --logdir=/Users/ananthhariharan/Documents/Code/GitHub/Parsl-Project/runinfo/025/htex_Local --block_id={block_id} --hb_period=2  --hb_threshold=5 --cpu-affinity none 
2021-07-27 15:58:59.298 parsl.executors.high_throughput.executor:294 [DEBUG]  Starting HighThroughputExecutor with provider:
LocalProvider(
    channel=LocalChannel(
        envs={}, 
        script_dir='/Users/ananthhariharan/Documents/Code/GitHub/Parsl-Project/runinfo/025/submit_scripts', 
        userhome='/Users/ananthhariharan/Documents/Code/GitHub/Parsl-Project'
    ), 
    cmd_timeout=30, 
    init_blocks=0, 
    launcher=SingleNodeLauncher(debug=True, fail_on_any=False), 
    max_blocks=5, 
    min_blocks=0, 
    move_files=None, 
    nodes_per_block=1, 
    parallelism=1, 
    worker_init=''
)
2021-07-27 15:58:59.302 parsl.dataflow.task_status_poller:114 [DEBUG]  Adding executor htex_Local
2021-07-27 15:58:59.302 parsl.dataflow.task_status_poller:37 [INFO]  Monitoring enabled on task status poller
2021-07-27 15:58:59.309 parsl.dataflow.dflow:802 [DEBUG]  Task 0 will be sent to executor htex_Local
2021-07-27 15:58:59.309 parsl.dataflow.dflow:628 [DEBUG]  Adding output dependencies
2021-07-27 15:58:59.309 parsl.dataflow.dflow:881 [INFO]  Task 0 submitted for App app_A, not waiting on any dependency
2021-07-27 15:58:59.309 parsl.dataflow.dflow:889 [DEBUG]  Task 0 set to pending state with AppFuture: <AppFuture super=<AppFuture at 0x7fab06733070 state=pending>>
2021-07-27 15:58:59.310 parsl.monitoring.monitoring:274 [DEBUG]  Sending message MessageType.TASK_INFO, {'task_func_name': 'app_A', 'task_memoize': False, 'task_hashsum': None, 'task_fail_count': 0, 'task_status': <States.pending: 0>, 'task_id': 0, 'task_time_invoked': datetime.datetime(2021, 7, 27, 15, 58, 59, 309393), 'task_try_time_launched': None, 'task_time_returned': None, 'task_try_time_returned': None, 'task_executor': 'htex_Local', 'run_id': 'd48ae282-1612-4a23-a02c-306596b45ed4', 'try_id': 0, 'timestamp': datetime.datetime(2021, 7, 27, 15, 58, 59, 309772), 'task_status_name': 'pending', 'tasks_failed_count': 0, 'tasks_completed_count': 0, 'tasks_memo_completed_count': 0, 'from_memo': None, 'task_inputs': 'None', 'task_outputs': 'None', 'task_stdin': None, 'task_stdout': None, 'task_stderr': None, 'task_fail_history': '', 'task_depends': '', 'task_joins': None}
2021-07-27 15:58:59.310 parsl.dataflow.memoization:229 [DEBUG]  Task 0 will not be memoized
2021-07-27 15:58:59.311 parsl.executors.high_throughput.executor:557 [DEBUG]  Pushing function <function MonitoringHub.monitor_wrapper.<locals>.wrapped at 0x7fab06730e50> to queue with args ()
2021-07-27 15:58:59.313 parsl.monitoring.monitoring:274 [DEBUG]  Sending message MessageType.TASK_INFO, {'task_func_name': 'app_A', 'task_memoize': False, 'task_hashsum': None, 'task_fail_count': 0, 'task_status': <States.launched: 7>, 'task_id': 0, 'task_time_invoked': datetime.datetime(2021, 7, 27, 15, 58, 59, 309393), 'task_try_time_launched': datetime.datetime(2021, 7, 27, 15, 58, 59, 310429), 'task_time_returned': None, 'task_try_time_returned': None, 'task_executor': 'htex_Local', 'run_id': 'd48ae282-1612-4a23-a02c-306596b45ed4', 'try_id': 0, 'timestamp': datetime.datetime(2021, 7, 27, 15, 58, 59, 313257), 'task_status_name': 'launched', 'tasks_failed_count': 0, 'tasks_completed_count': 0, 'tasks_memo_completed_count': 0, 'from_memo': False, 'task_inputs': 'None', 'task_outputs': 'None', 'task_stdin': None, 'task_stdout': None, 'task_stderr': None, 'task_fail_history': '', 'task_depends': '', 'task_joins': None}
2021-07-27 15:58:59.313 parsl.dataflow.dflow:591 [INFO]  Task 0 launched on executor htex_Local
2021-07-27 15:58:59.313 parsl.dataflow.dflow:802 [DEBUG]  Task 1 will be sent to executor htex_Local
2021-07-27 15:58:59.314 parsl.dataflow.dflow:628 [DEBUG]  Adding output dependencies
2021-07-27 15:58:59.314 parsl.dataflow.dflow:881 [INFO]  Task 1 submitted for App app_B, not waiting on any dependency
2021-07-27 15:58:59.314 parsl.dataflow.dflow:889 [DEBUG]  Task 1 set to pending state with AppFuture: <AppFuture super=<AppFuture at 0x7fab06746250 state=pending>>
2021-07-27 15:58:59.314 parsl.monitoring.monitoring:274 [DEBUG]  Sending message MessageType.TASK_INFO, {'task_func_name': 'app_B', 'task_memoize': False, 'task_hashsum': None, 'task_fail_count': 0, 'task_status': <States.pending: 0>, 'task_id': 1, 'task_time_invoked': datetime.datetime(2021, 7, 27, 15, 58, 59, 314036), 'task_try_time_launched': None, 'task_time_returned': None, 'task_try_time_returned': None, 'task_executor': 'htex_Local', 'run_id': 'd48ae282-1612-4a23-a02c-306596b45ed4', 'try_id': 0, 'timestamp': datetime.datetime(2021, 7, 27, 15, 58, 59, 314282), 'task_status_name': 'pending', 'tasks_failed_count': 0, 'tasks_completed_count': 0, 'tasks_memo_completed_count': 0, 'from_memo': None, 'task_inputs': 'None', 'task_outputs': 'None', 'task_stdin': None, 'task_stdout': None, 'task_stderr': None, 'task_fail_history': '', 'task_depends': '', 'task_joins': None}
2021-07-27 15:58:59.314 parsl.dataflow.memoization:229 [DEBUG]  Task 1 will not be memoized
2021-07-27 15:58:59.315 parsl.executors.high_throughput.executor:557 [DEBUG]  Pushing function <function MonitoringHub.monitor_wrapper.<locals>.wrapped at 0x7fab067391f0> to queue with args ()
2021-07-27 15:58:59.316 parsl.monitoring.monitoring:274 [DEBUG]  Sending message MessageType.TASK_INFO, {'task_func_name': 'app_B', 'task_memoize': False, 'task_hashsum': None, 'task_fail_count': 0, 'task_status': <States.launched: 7>, 'task_id': 1, 'task_time_invoked': datetime.datetime(2021, 7, 27, 15, 58, 59, 314036), 'task_try_time_launched': datetime.datetime(2021, 7, 27, 15, 58, 59, 314600), 'task_time_returned': None, 'task_try_time_returned': None, 'task_executor': 'htex_Local', 'run_id': 'd48ae282-1612-4a23-a02c-306596b45ed4', 'try_id': 0, 'timestamp': datetime.datetime(2021, 7, 27, 15, 58, 59, 316396), 'task_status_name': 'launched', 'tasks_failed_count': 0, 'tasks_completed_count': 0, 'tasks_memo_completed_count': 0, 'from_memo': False, 'task_inputs': 'None', 'task_outputs': 'None', 'task_stdin': None, 'task_stdout': None, 'task_stderr': None, 'task_fail_history': '', 'task_depends': '', 'task_joins': None}
2021-07-27 15:58:59.316 parsl.dataflow.dflow:591 [INFO]  Task 1 launched on executor htex_Local
2021-07-27 15:58:59.316 parsl.dataflow.dflow:802 [DEBUG]  Task 2 will be sent to executor htex_Local
2021-07-27 15:58:59.317 parsl.dataflow.dflow:628 [DEBUG]  Adding output dependencies
2021-07-27 15:58:59.317 parsl.dataflow.dflow:881 [INFO]  Task 2 submitted for App app_C, waiting on task 0, task 1
2021-07-27 15:58:59.317 parsl.dataflow.dflow:889 [DEBUG]  Task 2 set to pending state with AppFuture: <AppFuture super=<AppFuture at 0x7fab06746940 state=pending>>
2021-07-27 15:58:59.317 parsl.monitoring.monitoring:274 [DEBUG]  Sending message MessageType.TASK_INFO, {'task_func_name': 'app_C', 'task_memoize': False, 'task_hashsum': None, 'task_fail_count': 0, 'task_status': <States.pending: 0>, 'task_id': 2, 'task_time_invoked': datetime.datetime(2021, 7, 27, 15, 58, 59, 317029), 'task_try_time_launched': None, 'task_time_returned': None, 'task_try_time_returned': None, 'task_executor': 'htex_Local', 'run_id': 'd48ae282-1612-4a23-a02c-306596b45ed4', 'try_id': 0, 'timestamp': datetime.datetime(2021, 7, 27, 15, 58, 59, 317324), 'task_status_name': 'pending', 'tasks_failed_count': 0, 'tasks_completed_count': 0, 'tasks_memo_completed_count': 0, 'from_memo': None, 'task_inputs': 'None', 'task_outputs': 'None', 'task_stdin': None, 'task_stdout': None, 'task_stderr': None, 'task_fail_history': '', 'task_depends': '0,1', 'task_joins': None}
2021-07-27 15:58:59.317 parsl.dataflow.dflow:802 [DEBUG]  Task 3 will be sent to executor htex_Local
2021-07-27 15:58:59.317 parsl.dataflow.dflow:628 [DEBUG]  Adding output dependencies
2021-07-27 15:58:59.317 parsl.dataflow.dflow:881 [INFO]  Task 3 submitted for App app_D, waiting on task 2
2021-07-27 15:58:59.317 parsl.dataflow.dflow:889 [DEBUG]  Task 3 set to pending state with AppFuture: <AppFuture super=<AppFuture at 0x7fab06746b20 state=pending>>
2021-07-27 15:58:59.318 parsl.monitoring.monitoring:274 [DEBUG]  Sending message MessageType.TASK_INFO, {'task_func_name': 'app_D', 'task_memoize': False, 'task_hashsum': None, 'task_fail_count': 0, 'task_status': <States.pending: 0>, 'task_id': 3, 'task_time_invoked': datetime.datetime(2021, 7, 27, 15, 58, 59, 317781), 'task_try_time_launched': None, 'task_time_returned': None, 'task_try_time_returned': None, 'task_executor': 'htex_Local', 'run_id': 'd48ae282-1612-4a23-a02c-306596b45ed4', 'try_id': 0, 'timestamp': datetime.datetime(2021, 7, 27, 15, 58, 59, 317996), 'task_status_name': 'pending', 'tasks_failed_count': 0, 'tasks_completed_count': 0, 'tasks_memo_completed_count': 0, 'from_memo': None, 'task_inputs': 'None', 'task_outputs': 'None', 'task_stdin': None, 'task_stdout': None, 'task_stderr': None, 'task_fail_history': '', 'task_depends': '2', 'task_joins': None}
2021-07-27 15:58:59.318 parsl.dataflow.dflow:802 [DEBUG]  Task 4 will be sent to executor htex_Local
2021-07-27 15:58:59.318 parsl.dataflow.dflow:628 [DEBUG]  Adding output dependencies
2021-07-27 15:58:59.318 parsl.dataflow.dflow:881 [INFO]  Task 4 submitted for App app_E, waiting on task 3
2021-07-27 15:58:59.318 parsl.dataflow.dflow:889 [DEBUG]  Task 4 set to pending state with AppFuture: <AppFuture super=<AppFuture at 0x7fab06746ca0 state=pending>>
2021-07-27 15:58:59.318 parsl.monitoring.monitoring:274 [DEBUG]  Sending message MessageType.TASK_INFO, {'task_func_name': 'app_E', 'task_memoize': False, 'task_hashsum': None, 'task_fail_count': 0, 'task_status': <States.pending: 0>, 'task_id': 4, 'task_time_invoked': datetime.datetime(2021, 7, 27, 15, 58, 59, 318379), 'task_try_time_launched': None, 'task_time_returned': None, 'task_try_time_returned': None, 'task_executor': 'htex_Local', 'run_id': 'd48ae282-1612-4a23-a02c-306596b45ed4', 'try_id': 0, 'timestamp': datetime.datetime(2021, 7, 27, 15, 58, 59, 318583), 'task_status_name': 'pending', 'tasks_failed_count': 0, 'tasks_completed_count': 0, 'tasks_memo_completed_count': 0, 'from_memo': None, 'task_inputs': 'None', 'task_outputs': 'None', 'task_stdin': None, 'task_stdout': None, 'task_stderr': None, 'task_fail_history': '', 'task_depends': '3', 'task_joins': None}
2021-07-27 15:59:00.282 parsl.dataflow.task_status_poller:52 [DEBUG]  Sending message [] to hub from task status poller
2021-07-27 15:59:00.291 parsl.dataflow.strategy:205 [DEBUG]  Executor htex_Local has 2 active tasks, 0/0 running/pending blocks, and 0 connected workers
2021-07-27 15:59:00.291 parsl.dataflow.strategy:265 [DEBUG]  Requesting 2 more blocks
2021-07-27 15:59:00.292 parsl.providers.local.local:217 [DEBUG]  Launching in remote mode
2021-07-27 15:59:00.310 parsl.executors.high_throughput.executor:620 [DEBUG]  Launched block 0->27229
2021-07-27 15:59:00.312 parsl.providers.local.local:217 [DEBUG]  Launching in remote mode
2021-07-27 15:59:00.338 parsl.executors.high_throughput.executor:620 [DEBUG]  Launched block 1->27237
2021-07-27 15:59:00.340 parsl.dataflow.task_status_poller:52 [DEBUG]  Sending message [{'run_id': 'd48ae282-1612-4a23-a02c-306596b45ed4', 'status': 'PENDING', 'timestamp': datetime.datetime(2021, 7, 27, 15, 59, 0, 339968), 'executor_label': 'htex_Local', 'job_id': '27229', 'block_id': '0'}, {'run_id': 'd48ae282-1612-4a23-a02c-306596b45ed4', 'status': 'PENDING', 'timestamp': datetime.datetime(2021, 7, 27, 15, 59, 0, 339986), 'executor_label': 'htex_Local', 'job_id': '27237', 'block_id': '1'}] to hub from task status poller
2021-07-27 15:59:01.863 parsl.dataflow.dflow:442 [INFO]  Task 0 completed (launched -> exec_done)
2021-07-27 15:59:01.865 parsl.dataflow.dflow:1166 [WARNING]  No tasks checkpointed so far in this run. Please ensure caching is enabled
2021-07-27 15:59:01.866 parsl.monitoring.monitoring:274 [DEBUG]  Sending message MessageType.TASK_INFO, {'task_func_name': 'app_A', 'task_memoize': False, 'task_hashsum': None, 'task_fail_count': 0, 'task_status': <States.exec_done: 3>, 'task_id': 0, 'task_time_invoked': datetime.datetime(2021, 7, 27, 15, 58, 59, 309393), 'task_try_time_launched': datetime.datetime(2021, 7, 27, 15, 58, 59, 310429), 'task_time_returned': datetime.datetime(2021, 7, 27, 15, 59, 1, 864017), 'task_try_time_returned': datetime.datetime(2021, 7, 27, 15, 59, 1, 863503), 'task_executor': 'htex_Local', 'run_id': 'd48ae282-1612-4a23-a02c-306596b45ed4', 'try_id': 0, 'timestamp': datetime.datetime(2021, 7, 27, 15, 59, 1, 865389), 'task_status_name': 'exec_done', 'tasks_failed_count': 0, 'tasks_completed_count': 1, 'tasks_memo_completed_count': 0, 'from_memo': False, 'task_inputs': 'None', 'task_outputs': 'None', 'task_stdin': None, 'task_stdout': None, 'task_stderr': None, 'task_fail_history': '', 'task_depends': '', 'task_joins': None}
2021-07-27 15:59:01.866 parsl.dataflow.dflow:442 [INFO]  Task 1 completed (launched -> exec_done)
2021-07-27 15:59:01.867 parsl.dataflow.dflow:1166 [WARNING]  No tasks checkpointed so far in this run. Please ensure caching is enabled
2021-07-27 15:59:01.867 parsl.dataflow.memoization:229 [DEBUG]  Task 2 will not be memoized
2021-07-27 15:59:01.868 parsl.executors.high_throughput.executor:557 [DEBUG]  Pushing function <function MonitoringHub.monitor_wrapper.<locals>.wrapped at 0x7fab06739670> to queue with args (7, 3.0)
2021-07-27 15:59:01.871 parsl.monitoring.monitoring:274 [DEBUG]  Sending message MessageType.TASK_INFO, {'task_func_name': 'app_C', 'task_memoize': False, 'task_hashsum': None, 'task_fail_count': 0, 'task_status': <States.launched: 7>, 'task_id': 2, 'task_time_invoked': datetime.datetime(2021, 7, 27, 15, 58, 59, 317029), 'task_try_time_launched': datetime.datetime(2021, 7, 27, 15, 59, 1, 867720), 'task_time_returned': None, 'task_try_time_returned': None, 'task_executor': 'htex_Local', 'run_id': 'd48ae282-1612-4a23-a02c-306596b45ed4', 'try_id': 0, 'timestamp': datetime.datetime(2021, 7, 27, 15, 59, 1, 870999), 'task_status_name': 'launched', 'tasks_failed_count': 0, 'tasks_completed_count': 2, 'tasks_memo_completed_count': 0, 'from_memo': False, 'task_inputs': 'None', 'task_outputs': 'None', 'task_stdin': None, 'task_stdout': None, 'task_stderr': None, 'task_fail_history': '', 'task_depends': '0,1', 'task_joins': None}
2021-07-27 15:59:01.871 parsl.dataflow.dflow:591 [INFO]  Task 2 launched on executor htex_Local
2021-07-27 15:59:01.872 parsl.monitoring.monitoring:274 [DEBUG]  Sending message MessageType.TASK_INFO, {'task_func_name': 'app_B', 'task_memoize': False, 'task_hashsum': None, 'task_fail_count': 0, 'task_status': <States.exec_done: 3>, 'task_id': 1, 'task_time_invoked': datetime.datetime(2021, 7, 27, 15, 58, 59, 314036), 'task_try_time_launched': datetime.datetime(2021, 7, 27, 15, 58, 59, 314600), 'task_time_returned': datetime.datetime(2021, 7, 27, 15, 59, 1, 866842), 'task_try_time_returned': datetime.datetime(2021, 7, 27, 15, 59, 1, 866613), 'task_executor': 'htex_Local', 'run_id': 'd48ae282-1612-4a23-a02c-306596b45ed4', 'try_id': 0, 'timestamp': datetime.datetime(2021, 7, 27, 15, 59, 1, 871904), 'task_status_name': 'exec_done', 'tasks_failed_count': 0, 'tasks_completed_count': 2, 'tasks_memo_completed_count': 0, 'from_memo': False, 'task_inputs': 'None', 'task_outputs': 'None', 'task_stdin': None, 'task_stdout': None, 'task_stderr': None, 'task_fail_history': '', 'task_depends': '', 'task_joins': None}
2021-07-27 15:59:02.046 parsl.dataflow.dflow:442 [INFO]  Task 2 completed (launched -> exec_done)
2021-07-27 15:59:02.046 parsl.dataflow.dflow:1166 [WARNING]  No tasks checkpointed so far in this run. Please ensure caching is enabled
2021-07-27 15:59:02.047 parsl.dataflow.memoization:229 [DEBUG]  Task 3 will not be memoized
2021-07-27 15:59:02.047 parsl.executors.high_throughput.executor:557 [DEBUG]  Pushing function <function MonitoringHub.monitor_wrapper.<locals>.wrapped at 0x7fab067398b0> to queue with args (10, 7, 10.0)
2021-07-27 15:59:02.051 parsl.monitoring.monitoring:274 [DEBUG]  Sending message MessageType.TASK_INFO, {'task_func_name': 'app_D', 'task_memoize': False, 'task_hashsum': None, 'task_fail_count': 0, 'task_status': <States.launched: 7>, 'task_id': 3, 'task_time_invoked': datetime.datetime(2021, 7, 27, 15, 58, 59, 317781), 'task_try_time_launched': datetime.datetime(2021, 7, 27, 15, 59, 2, 47170), 'task_time_returned': None, 'task_try_time_returned': None, 'task_executor': 'htex_Local', 'run_id': 'd48ae282-1612-4a23-a02c-306596b45ed4', 'try_id': 0, 'timestamp': datetime.datetime(2021, 7, 27, 15, 59, 2, 50716), 'task_status_name': 'launched', 'tasks_failed_count': 0, 'tasks_completed_count': 3, 'tasks_memo_completed_count': 0, 'from_memo': False, 'task_inputs': 'None', 'task_outputs': 'None', 'task_stdin': None, 'task_stdout': None, 'task_stderr': None, 'task_fail_history': '', 'task_depends': '2', 'task_joins': None}
2021-07-27 15:59:02.051 parsl.dataflow.dflow:591 [INFO]  Task 3 launched on executor htex_Local
2021-07-27 15:59:02.052 parsl.monitoring.monitoring:274 [DEBUG]  Sending message MessageType.TASK_INFO, {'task_func_name': 'app_C', 'task_memoize': False, 'task_hashsum': None, 'task_fail_count': 0, 'task_status': <States.exec_done: 3>, 'task_id': 2, 'task_time_invoked': datetime.datetime(2021, 7, 27, 15, 58, 59, 317029), 'task_try_time_launched': datetime.datetime(2021, 7, 27, 15, 59, 1, 867720), 'task_time_returned': datetime.datetime(2021, 7, 27, 15, 59, 2, 46316), 'task_try_time_returned': datetime.datetime(2021, 7, 27, 15, 59, 2, 46034), 'task_executor': 'htex_Local', 'run_id': 'd48ae282-1612-4a23-a02c-306596b45ed4', 'try_id': 0, 'timestamp': datetime.datetime(2021, 7, 27, 15, 59, 2, 51758), 'task_status_name': 'exec_done', 'tasks_failed_count': 0, 'tasks_completed_count': 3, 'tasks_memo_completed_count': 0, 'from_memo': False, 'task_inputs': 'None', 'task_outputs': 'None', 'task_stdin': None, 'task_stdout': None, 'task_stderr': None, 'task_fail_history': '', 'task_depends': '0,1', 'task_joins': None}
2021-07-27 15:59:02.256 parsl.dataflow.dflow:442 [INFO]  Task 3 completed (launched -> exec_done)
2021-07-27 15:59:02.257 parsl.dataflow.dflow:1166 [WARNING]  No tasks checkpointed so far in this run. Please ensure caching is enabled
2021-07-27 15:59:02.257 parsl.dataflow.memoization:229 [DEBUG]  Task 4 will not be memoized
2021-07-27 15:59:02.258 parsl.executors.high_throughput.executor:557 [DEBUG]  Pushing function <function MonitoringHub.monitor_wrapper.<locals>.wrapped at 0x7fab06739af0> to queue with args (7.0,)
2021-07-27 15:59:02.260 parsl.monitoring.monitoring:274 [DEBUG]  Sending message MessageType.TASK_INFO, {'task_func_name': 'app_E', 'task_memoize': False, 'task_hashsum': None, 'task_fail_count': 0, 'task_status': <States.launched: 7>, 'task_id': 4, 'task_time_invoked': datetime.datetime(2021, 7, 27, 15, 58, 59, 318379), 'task_try_time_launched': datetime.datetime(2021, 7, 27, 15, 59, 2, 257668), 'task_time_returned': None, 'task_try_time_returned': None, 'task_executor': 'htex_Local', 'run_id': 'd48ae282-1612-4a23-a02c-306596b45ed4', 'try_id': 0, 'timestamp': datetime.datetime(2021, 7, 27, 15, 59, 2, 260558), 'task_status_name': 'launched', 'tasks_failed_count': 0, 'tasks_completed_count': 4, 'tasks_memo_completed_count': 0, 'from_memo': False, 'task_inputs': 'None', 'task_outputs': 'None', 'task_stdin': None, 'task_stdout': None, 'task_stderr': None, 'task_fail_history': '', 'task_depends': '3', 'task_joins': None}
2021-07-27 15:59:02.261 parsl.dataflow.dflow:591 [INFO]  Task 4 launched on executor htex_Local
2021-07-27 15:59:02.262 parsl.monitoring.monitoring:274 [DEBUG]  Sending message MessageType.TASK_INFO, {'task_func_name': 'app_D', 'task_memoize': False, 'task_hashsum': None, 'task_fail_count': 0, 'task_status': <States.exec_done: 3>, 'task_id': 3, 'task_time_invoked': datetime.datetime(2021, 7, 27, 15, 58, 59, 317781), 'task_try_time_launched': datetime.datetime(2021, 7, 27, 15, 59, 2, 47170), 'task_time_returned': datetime.datetime(2021, 7, 27, 15, 59, 2, 256624), 'task_try_time_returned': datetime.datetime(2021, 7, 27, 15, 59, 2, 256346), 'task_executor': 'htex_Local', 'run_id': 'd48ae282-1612-4a23-a02c-306596b45ed4', 'try_id': 0, 'timestamp': datetime.datetime(2021, 7, 27, 15, 59, 2, 261662), 'task_status_name': 'exec_done', 'tasks_failed_count': 0, 'tasks_completed_count': 4, 'tasks_memo_completed_count': 0, 'from_memo': False, 'task_inputs': 'None', 'task_outputs': 'None', 'task_stdin': None, 'task_stdout': None, 'task_stderr': None, 'task_fail_history': '', 'task_depends': '2', 'task_joins': None}
2021-07-27 15:59:02.446 parsl.dataflow.dflow:442 [INFO]  Task 4 completed (launched -> exec_done)
2021-07-27 15:59:02.447 parsl.dataflow.dflow:802 [DEBUG]  Task 5 will be sent to executor htex_Local
2021-07-27 15:59:02.447 parsl.dataflow.dflow:628 [DEBUG]  Adding output dependencies
2021-07-27 15:59:02.447 parsl.dataflow.dflow:881 [INFO]  Task 5 submitted for App app_A, not waiting on any dependency
2021-07-27 15:59:02.447 parsl.dataflow.dflow:889 [DEBUG]  Task 5 set to pending state with AppFuture: <AppFuture super=<AppFuture at 0x7fab06756640 state=pending>>
2021-07-27 15:59:02.448 parsl.monitoring.monitoring:274 [DEBUG]  Sending message MessageType.TASK_INFO, {'task_func_name': 'app_A', 'task_memoize': False, 'task_hashsum': None, 'task_fail_count': 0, 'task_status': <States.pending: 0>, 'task_id': 5, 'task_time_invoked': datetime.datetime(2021, 7, 27, 15, 59, 2, 447393), 'task_try_time_launched': None, 'task_time_returned': None, 'task_try_time_returned': None, 'task_executor': 'htex_Local', 'run_id': 'd48ae282-1612-4a23-a02c-306596b45ed4', 'try_id': 0, 'timestamp': datetime.datetime(2021, 7, 27, 15, 59, 2, 447990), 'task_status_name': 'pending', 'tasks_failed_count': 0, 'tasks_completed_count': 5, 'tasks_memo_completed_count': 0, 'from_memo': None, 'task_inputs': 'None', 'task_outputs': 'None', 'task_stdin': None, 'task_stdout': None, 'task_stderr': None, 'task_fail_history': '', 'task_depends': '', 'task_joins': None}
2021-07-27 15:59:02.448 parsl.dataflow.dflow:1166 [WARNING]  No tasks checkpointed so far in this run. Please ensure caching is enabled
2021-07-27 15:59:02.449 parsl.monitoring.monitoring:274 [DEBUG]  Sending message MessageType.TASK_INFO, {'task_func_name': 'app_E', 'task_memoize': False, 'task_hashsum': None, 'task_fail_count': 0, 'task_status': <States.exec_done: 3>, 'task_id': 4, 'task_time_invoked': datetime.datetime(2021, 7, 27, 15, 58, 59, 318379), 'task_try_time_launched': datetime.datetime(2021, 7, 27, 15, 59, 2, 257668), 'task_time_returned': datetime.datetime(2021, 7, 27, 15, 59, 2, 446404), 'task_try_time_returned': datetime.datetime(2021, 7, 27, 15, 59, 2, 446178), 'task_executor': 'htex_Local', 'run_id': 'd48ae282-1612-4a23-a02c-306596b45ed4', 'try_id': 0, 'timestamp': datetime.datetime(2021, 7, 27, 15, 59, 2, 448945), 'task_status_name': 'exec_done', 'tasks_failed_count': 0, 'tasks_completed_count': 5, 'tasks_memo_completed_count': 0, 'from_memo': False, 'task_inputs': 'None', 'task_outputs': 'None', 'task_stdin': None, 'task_stdout': None, 'task_stderr': None, 'task_fail_history': '', 'task_depends': '3', 'task_joins': None}
2021-07-27 15:59:02.449 parsl.dataflow.memoization:229 [DEBUG]  Task 5 will not be memoized
2021-07-27 15:59:02.450 parsl.executors.high_throughput.executor:557 [DEBUG]  Pushing function <function MonitoringHub.monitor_wrapper.<locals>.wrapped at 0x7fab06739d30> to queue with args ()
2021-07-27 15:59:02.452 parsl.monitoring.monitoring:274 [DEBUG]  Sending message MessageType.TASK_INFO, {'task_func_name': 'app_A', 'task_memoize': False, 'task_hashsum': None, 'task_fail_count': 0, 'task_status': <States.launched: 7>, 'task_id': 5, 'task_time_invoked': datetime.datetime(2021, 7, 27, 15, 59, 2, 447393), 'task_try_time_launched': datetime.datetime(2021, 7, 27, 15, 59, 2, 449500), 'task_time_returned': None, 'task_try_time_returned': None, 'task_executor': 'htex_Local', 'run_id': 'd48ae282-1612-4a23-a02c-306596b45ed4', 'try_id': 0, 'timestamp': datetime.datetime(2021, 7, 27, 15, 59, 2, 452286), 'task_status_name': 'launched', 'tasks_failed_count': 0, 'tasks_completed_count': 5, 'tasks_memo_completed_count': 0, 'from_memo': False, 'task_inputs': 'None', 'task_outputs': 'None', 'task_stdin': None, 'task_stdout': None, 'task_stderr': None, 'task_fail_history': '', 'task_depends': '', 'task_joins': None}
2021-07-27 15:59:02.453 parsl.dataflow.dflow:591 [INFO]  Task 5 launched on executor htex_Local
2021-07-27 15:59:02.453 parsl.dataflow.dflow:802 [DEBUG]  Task 6 will be sent to executor htex_Local
2021-07-27 15:59:02.453 parsl.dataflow.dflow:628 [DEBUG]  Adding output dependencies
2021-07-27 15:59:02.453 parsl.dataflow.dflow:881 [INFO]  Task 6 submitted for App app_B, not waiting on any dependency
2021-07-27 15:59:02.453 parsl.dataflow.dflow:889 [DEBUG]  Task 6 set to pending state with AppFuture: <AppFuture super=<AppFuture at 0x7fab06756e50 state=pending>>
2021-07-27 15:59:02.453 parsl.monitoring.monitoring:274 [DEBUG]  Sending message MessageType.TASK_INFO, {'task_func_name': 'app_B', 'task_memoize': False, 'task_hashsum': None, 'task_fail_count': 0, 'task_status': <States.pending: 0>, 'task_id': 6, 'task_time_invoked': datetime.datetime(2021, 7, 27, 15, 59, 2, 453465), 'task_try_time_launched': None, 'task_time_returned': None, 'task_try_time_returned': None, 'task_executor': 'htex_Local', 'run_id': 'd48ae282-1612-4a23-a02c-306596b45ed4', 'try_id': 0, 'timestamp': datetime.datetime(2021, 7, 27, 15, 59, 2, 453705), 'task_status_name': 'pending', 'tasks_failed_count': 0, 'tasks_completed_count': 5, 'tasks_memo_completed_count': 0, 'from_memo': None, 'task_inputs': 'None', 'task_outputs': 'None', 'task_stdin': None, 'task_stdout': None, 'task_stderr': None, 'task_fail_history': '', 'task_depends': '', 'task_joins': None}
2021-07-27 15:59:02.454 parsl.dataflow.memoization:229 [DEBUG]  Task 6 will not be memoized
2021-07-27 15:59:02.454 parsl.executors.high_throughput.executor:557 [DEBUG]  Pushing function <function MonitoringHub.monitor_wrapper.<locals>.wrapped at 0x7fab06739f70> to queue with args ()
2021-07-27 15:59:02.456 parsl.monitoring.monitoring:274 [DEBUG]  Sending message MessageType.TASK_INFO, {'task_func_name': 'app_B', 'task_memoize': False, 'task_hashsum': None, 'task_fail_count': 0, 'task_status': <States.launched: 7>, 'task_id': 6, 'task_time_invoked': datetime.datetime(2021, 7, 27, 15, 59, 2, 453465), 'task_try_time_launched': datetime.datetime(2021, 7, 27, 15, 59, 2, 454060), 'task_time_returned': None, 'task_try_time_returned': None, 'task_executor': 'htex_Local', 'run_id': 'd48ae282-1612-4a23-a02c-306596b45ed4', 'try_id': 0, 'timestamp': datetime.datetime(2021, 7, 27, 15, 59, 2, 455779), 'task_status_name': 'launched', 'tasks_failed_count': 0, 'tasks_completed_count': 5, 'tasks_memo_completed_count': 0, 'from_memo': False, 'task_inputs': 'None', 'task_outputs': 'None', 'task_stdin': None, 'task_stdout': None, 'task_stderr': None, 'task_fail_history': '', 'task_depends': '', 'task_joins': None}
2021-07-27 15:59:02.456 parsl.dataflow.dflow:591 [INFO]  Task 6 launched on executor htex_Local
2021-07-27 15:59:02.456 parsl.dataflow.dflow:802 [DEBUG]  Task 7 will be sent to executor htex_Local
2021-07-27 15:59:02.456 parsl.dataflow.dflow:628 [DEBUG]  Adding output dependencies
2021-07-27 15:59:02.457 parsl.dataflow.dflow:881 [INFO]  Task 7 submitted for App app_C, waiting on task 5, task 6
2021-07-27 15:59:02.457 parsl.dataflow.dflow:889 [DEBUG]  Task 7 set to pending state with AppFuture: <AppFuture super=<AppFuture at 0x7fab0675c6a0 state=pending>>
2021-07-27 15:59:02.457 parsl.monitoring.monitoring:274 [DEBUG]  Sending message MessageType.TASK_INFO, {'task_func_name': 'app_C', 'task_memoize': False, 'task_hashsum': None, 'task_fail_count': 0, 'task_status': <States.pending: 0>, 'task_id': 7, 'task_time_invoked': datetime.datetime(2021, 7, 27, 15, 59, 2, 456910), 'task_try_time_launched': None, 'task_time_returned': None, 'task_try_time_returned': None, 'task_executor': 'htex_Local', 'run_id': 'd48ae282-1612-4a23-a02c-306596b45ed4', 'try_id': 0, 'timestamp': datetime.datetime(2021, 7, 27, 15, 59, 2, 457289), 'task_status_name': 'pending', 'tasks_failed_count': 0, 'tasks_completed_count': 5, 'tasks_memo_completed_count': 0, 'from_memo': None, 'task_inputs': 'None', 'task_outputs': 'None', 'task_stdin': None, 'task_stdout': None, 'task_stderr': None, 'task_fail_history': '', 'task_depends': '5,6', 'task_joins': None}
2021-07-27 15:59:02.457 parsl.dataflow.dflow:802 [DEBUG]  Task 8 will be sent to executor htex_Local
2021-07-27 15:59:02.458 parsl.dataflow.dflow:628 [DEBUG]  Adding output dependencies
2021-07-27 15:59:02.458 parsl.dataflow.dflow:881 [INFO]  Task 8 submitted for App app_D, waiting on task 7
2021-07-27 15:59:02.458 parsl.dataflow.dflow:889 [DEBUG]  Task 8 set to pending state with AppFuture: <AppFuture super=<AppFuture at 0x7fab0675c850 state=pending>>
2021-07-27 15:59:02.459 parsl.monitoring.monitoring:274 [DEBUG]  Sending message MessageType.TASK_INFO, {'task_func_name': 'app_D', 'task_memoize': False, 'task_hashsum': None, 'task_fail_count': 0, 'task_status': <States.pending: 0>, 'task_id': 8, 'task_time_invoked': datetime.datetime(2021, 7, 27, 15, 59, 2, 458192), 'task_try_time_launched': None, 'task_time_returned': None, 'task_try_time_returned': None, 'task_executor': 'htex_Local', 'run_id': 'd48ae282-1612-4a23-a02c-306596b45ed4', 'try_id': 0, 'timestamp': datetime.datetime(2021, 7, 27, 15, 59, 2, 458796), 'task_status_name': 'pending', 'tasks_failed_count': 0, 'tasks_completed_count': 5, 'tasks_memo_completed_count': 0, 'from_memo': None, 'task_inputs': 'None', 'task_outputs': 'None', 'task_stdin': None, 'task_stdout': None, 'task_stderr': None, 'task_fail_history': '', 'task_depends': '7', 'task_joins': None}
2021-07-27 15:59:02.459 parsl.dataflow.dflow:802 [DEBUG]  Task 9 will be sent to executor htex_Local
2021-07-27 15:59:02.459 parsl.dataflow.dflow:628 [DEBUG]  Adding output dependencies
2021-07-27 15:59:02.459 parsl.dataflow.dflow:881 [INFO]  Task 9 submitted for App app_E, waiting on task 8
2021-07-27 15:59:02.459 parsl.dataflow.dflow:889 [DEBUG]  Task 9 set to pending state with AppFuture: <AppFuture super=<AppFuture at 0x7fab06756970 state=pending>>
2021-07-27 15:59:02.460 parsl.monitoring.monitoring:274 [DEBUG]  Sending message MessageType.TASK_INFO, {'task_func_name': 'app_E', 'task_memoize': False, 'task_hashsum': None, 'task_fail_count': 0, 'task_status': <States.pending: 0>, 'task_id': 9, 'task_time_invoked': datetime.datetime(2021, 7, 27, 15, 59, 2, 459634), 'task_try_time_launched': None, 'task_time_returned': None, 'task_try_time_returned': None, 'task_executor': 'htex_Local', 'run_id': 'd48ae282-1612-4a23-a02c-306596b45ed4', 'try_id': 0, 'timestamp': datetime.datetime(2021, 7, 27, 15, 59, 2, 460048), 'task_status_name': 'pending', 'tasks_failed_count': 0, 'tasks_completed_count': 5, 'tasks_memo_completed_count': 0, 'from_memo': None, 'task_inputs': 'None', 'task_outputs': 'None', 'task_stdin': None, 'task_stdout': None, 'task_stderr': None, 'task_fail_history': '', 'task_depends': '8', 'task_joins': None}
2021-07-27 15:59:02.658 parsl.dataflow.dflow:442 [INFO]  Task 5 completed (launched -> exec_done)
2021-07-27 15:59:02.659 parsl.dataflow.dflow:1166 [WARNING]  No tasks checkpointed so far in this run. Please ensure caching is enabled
2021-07-27 15:59:02.660 parsl.monitoring.monitoring:274 [DEBUG]  Sending message MessageType.TASK_INFO, {'task_func_name': 'app_A', 'task_memoize': False, 'task_hashsum': None, 'task_fail_count': 0, 'task_status': <States.exec_done: 3>, 'task_id': 5, 'task_time_invoked': datetime.datetime(2021, 7, 27, 15, 59, 2, 447393), 'task_try_time_launched': datetime.datetime(2021, 7, 27, 15, 59, 2, 449500), 'task_time_returned': datetime.datetime(2021, 7, 27, 15, 59, 2, 658868), 'task_try_time_returned': datetime.datetime(2021, 7, 27, 15, 59, 2, 658588), 'task_executor': 'htex_Local', 'run_id': 'd48ae282-1612-4a23-a02c-306596b45ed4', 'try_id': 0, 'timestamp': datetime.datetime(2021, 7, 27, 15, 59, 2, 660212), 'task_status_name': 'exec_done', 'tasks_failed_count': 0, 'tasks_completed_count': 6, 'tasks_memo_completed_count': 0, 'from_memo': False, 'task_inputs': 'None', 'task_outputs': 'None', 'task_stdin': None, 'task_stdout': None, 'task_stderr': None, 'task_fail_history': '', 'task_depends': '', 'task_joins': None}
2021-07-27 15:59:02.661 parsl.dataflow.dflow:442 [INFO]  Task 6 completed (launched -> exec_done)
2021-07-27 15:59:02.662 parsl.dataflow.dflow:1166 [WARNING]  No tasks checkpointed so far in this run. Please ensure caching is enabled
2021-07-27 15:59:02.662 parsl.dataflow.memoization:229 [DEBUG]  Task 7 will not be memoized
2021-07-27 15:59:02.662 parsl.executors.high_throughput.executor:557 [DEBUG]  Pushing function <function MonitoringHub.monitor_wrapper.<locals>.wrapped at 0x7fab0675f430> to queue with args (7, 3.0)
2021-07-27 15:59:02.665 parsl.monitoring.monitoring:274 [DEBUG]  Sending message MessageType.TASK_INFO, {'task_func_name': 'app_C', 'task_memoize': False, 'task_hashsum': None, 'task_fail_count': 0, 'task_status': <States.launched: 7>, 'task_id': 7, 'task_time_invoked': datetime.datetime(2021, 7, 27, 15, 59, 2, 456910), 'task_try_time_launched': datetime.datetime(2021, 7, 27, 15, 59, 2, 662479), 'task_time_returned': None, 'task_try_time_returned': None, 'task_executor': 'htex_Local', 'run_id': 'd48ae282-1612-4a23-a02c-306596b45ed4', 'try_id': 0, 'timestamp': datetime.datetime(2021, 7, 27, 15, 59, 2, 664865), 'task_status_name': 'launched', 'tasks_failed_count': 0, 'tasks_completed_count': 7, 'tasks_memo_completed_count': 0, 'from_memo': False, 'task_inputs': 'None', 'task_outputs': 'None', 'task_stdin': None, 'task_stdout': None, 'task_stderr': None, 'task_fail_history': '', 'task_depends': '5,6', 'task_joins': None}
2021-07-27 15:59:02.665 parsl.dataflow.dflow:591 [INFO]  Task 7 launched on executor htex_Local
2021-07-27 15:59:02.666 parsl.monitoring.monitoring:274 [DEBUG]  Sending message MessageType.TASK_INFO, {'task_func_name': 'app_B', 'task_memoize': False, 'task_hashsum': None, 'task_fail_count': 0, 'task_status': <States.exec_done: 3>, 'task_id': 6, 'task_time_invoked': datetime.datetime(2021, 7, 27, 15, 59, 2, 453465), 'task_try_time_launched': datetime.datetime(2021, 7, 27, 15, 59, 2, 454060), 'task_time_returned': datetime.datetime(2021, 7, 27, 15, 59, 2, 661551), 'task_try_time_returned': datetime.datetime(2021, 7, 27, 15, 59, 2, 661246), 'task_executor': 'htex_Local', 'run_id': 'd48ae282-1612-4a23-a02c-306596b45ed4', 'try_id': 0, 'timestamp': datetime.datetime(2021, 7, 27, 15, 59, 2, 666024), 'task_status_name': 'exec_done', 'tasks_failed_count': 0, 'tasks_completed_count': 7, 'tasks_memo_completed_count': 0, 'from_memo': False, 'task_inputs': 'None', 'task_outputs': 'None', 'task_stdin': None, 'task_stdout': None, 'task_stderr': None, 'task_fail_history': '', 'task_depends': '', 'task_joins': None}
2021-07-27 15:59:02.760 parsl.dataflow.dflow:442 [INFO]  Task 7 completed (launched -> exec_done)
2021-07-27 15:59:02.760 parsl.dataflow.dflow:1166 [WARNING]  No tasks checkpointed so far in this run. Please ensure caching is enabled
2021-07-27 15:59:02.761 parsl.dataflow.memoization:229 [DEBUG]  Task 8 will not be memoized
2021-07-27 15:59:02.761 parsl.executors.high_throughput.executor:557 [DEBUG]  Pushing function <function MonitoringHub.monitor_wrapper.<locals>.wrapped at 0x7fab0675f670> to queue with args (10, 7, 10.0)
2021-07-27 15:59:02.762 parsl.monitoring.monitoring:274 [DEBUG]  Sending message MessageType.TASK_INFO, {'task_func_name': 'app_D', 'task_memoize': False, 'task_hashsum': None, 'task_fail_count': 0, 'task_status': <States.launched: 7>, 'task_id': 8, 'task_time_invoked': datetime.datetime(2021, 7, 27, 15, 59, 2, 458192), 'task_try_time_launched': datetime.datetime(2021, 7, 27, 15, 59, 2, 761127), 'task_time_returned': None, 'task_try_time_returned': None, 'task_executor': 'htex_Local', 'run_id': 'd48ae282-1612-4a23-a02c-306596b45ed4', 'try_id': 0, 'timestamp': datetime.datetime(2021, 7, 27, 15, 59, 2, 762729), 'task_status_name': 'launched', 'tasks_failed_count': 0, 'tasks_completed_count': 8, 'tasks_memo_completed_count': 0, 'from_memo': False, 'task_inputs': 'None', 'task_outputs': 'None', 'task_stdin': None, 'task_stdout': None, 'task_stderr': None, 'task_fail_history': '', 'task_depends': '7', 'task_joins': None}
2021-07-27 15:59:02.763 parsl.dataflow.dflow:591 [INFO]  Task 8 launched on executor htex_Local
2021-07-27 15:59:02.763 parsl.monitoring.monitoring:274 [DEBUG]  Sending message MessageType.TASK_INFO, {'task_func_name': 'app_C', 'task_memoize': False, 'task_hashsum': None, 'task_fail_count': 0, 'task_status': <States.exec_done: 3>, 'task_id': 7, 'task_time_invoked': datetime.datetime(2021, 7, 27, 15, 59, 2, 456910), 'task_try_time_launched': datetime.datetime(2021, 7, 27, 15, 59, 2, 662479), 'task_time_returned': datetime.datetime(2021, 7, 27, 15, 59, 2, 760543), 'task_try_time_returned': datetime.datetime(2021, 7, 27, 15, 59, 2, 760373), 'task_executor': 'htex_Local', 'run_id': 'd48ae282-1612-4a23-a02c-306596b45ed4', 'try_id': 0, 'timestamp': datetime.datetime(2021, 7, 27, 15, 59, 2, 763390), 'task_status_name': 'exec_done', 'tasks_failed_count': 0, 'tasks_completed_count': 8, 'tasks_memo_completed_count': 0, 'from_memo': False, 'task_inputs': 'None', 'task_outputs': 'None', 'task_stdin': None, 'task_stdout': None, 'task_stderr': None, 'task_fail_history': '', 'task_depends': '5,6', 'task_joins': None}
2021-07-27 15:59:02.979 parsl.dataflow.dflow:442 [INFO]  Task 8 completed (launched -> exec_done)
2021-07-27 15:59:02.979 parsl.dataflow.dflow:1166 [WARNING]  No tasks checkpointed so far in this run. Please ensure caching is enabled
2021-07-27 15:59:02.980 parsl.dataflow.memoization:229 [DEBUG]  Task 9 will not be memoized
2021-07-27 15:59:02.980 parsl.executors.high_throughput.executor:557 [DEBUG]  Pushing function <function MonitoringHub.monitor_wrapper.<locals>.wrapped at 0x7fab0675f8b0> to queue with args (7.0,)
2021-07-27 15:59:02.981 parsl.monitoring.monitoring:274 [DEBUG]  Sending message MessageType.TASK_INFO, {'task_func_name': 'app_E', 'task_memoize': False, 'task_hashsum': None, 'task_fail_count': 0, 'task_status': <States.launched: 7>, 'task_id': 9, 'task_time_invoked': datetime.datetime(2021, 7, 27, 15, 59, 2, 459634), 'task_try_time_launched': datetime.datetime(2021, 7, 27, 15, 59, 2, 980065), 'task_time_returned': None, 'task_try_time_returned': None, 'task_executor': 'htex_Local', 'run_id': 'd48ae282-1612-4a23-a02c-306596b45ed4', 'try_id': 0, 'timestamp': datetime.datetime(2021, 7, 27, 15, 59, 2, 981491), 'task_status_name': 'launched', 'tasks_failed_count': 0, 'tasks_completed_count': 9, 'tasks_memo_completed_count': 0, 'from_memo': False, 'task_inputs': 'None', 'task_outputs': 'None', 'task_stdin': None, 'task_stdout': None, 'task_stderr': None, 'task_fail_history': '', 'task_depends': '8', 'task_joins': None}
2021-07-27 15:59:02.981 parsl.dataflow.dflow:591 [INFO]  Task 9 launched on executor htex_Local
2021-07-27 15:59:02.982 parsl.monitoring.monitoring:274 [DEBUG]  Sending message MessageType.TASK_INFO, {'task_func_name': 'app_D', 'task_memoize': False, 'task_hashsum': None, 'task_fail_count': 0, 'task_status': <States.exec_done: 3>, 'task_id': 8, 'task_time_invoked': datetime.datetime(2021, 7, 27, 15, 59, 2, 458192), 'task_try_time_launched': datetime.datetime(2021, 7, 27, 15, 59, 2, 761127), 'task_time_returned': datetime.datetime(2021, 7, 27, 15, 59, 2, 979557), 'task_try_time_returned': datetime.datetime(2021, 7, 27, 15, 59, 2, 979402), 'task_executor': 'htex_Local', 'run_id': 'd48ae282-1612-4a23-a02c-306596b45ed4', 'try_id': 0, 'timestamp': datetime.datetime(2021, 7, 27, 15, 59, 2, 982074), 'task_status_name': 'exec_done', 'tasks_failed_count': 0, 'tasks_completed_count': 9, 'tasks_memo_completed_count': 0, 'from_memo': False, 'task_inputs': 'None', 'task_outputs': 'None', 'task_stdin': None, 'task_stdout': None, 'task_stderr': None, 'task_fail_history': '', 'task_depends': '7', 'task_joins': None}
2021-07-27 15:59:03.198 parsl.dataflow.dflow:442 [INFO]  Task 9 completed (launched -> exec_done)
2021-07-27 15:59:03.198 parsl.dataflow.dflow:802 [DEBUG]  Task 10 will be sent to executor htex_Local
2021-07-27 15:59:03.199 parsl.dataflow.dflow:628 [DEBUG]  Adding output dependencies
2021-07-27 15:59:03.199 parsl.dataflow.dflow:881 [INFO]  Task 10 submitted for App app_A, not waiting on any dependency
2021-07-27 15:59:03.199 parsl.dataflow.dflow:889 [DEBUG]  Task 10 set to pending state with AppFuture: <AppFuture super=<AppFuture at 0x7fab06764d90 state=pending>>
2021-07-27 15:59:03.200 parsl.monitoring.monitoring:274 [DEBUG]  Sending message MessageType.TASK_INFO, {'task_func_name': 'app_A', 'task_memoize': False, 'task_hashsum': None, 'task_fail_count': 0, 'task_status': <States.pending: 0>, 'task_id': 10, 'task_time_invoked': datetime.datetime(2021, 7, 27, 15, 59, 3, 198926), 'task_try_time_launched': None, 'task_time_returned': None, 'task_try_time_returned': None, 'task_executor': 'htex_Local', 'run_id': 'd48ae282-1612-4a23-a02c-306596b45ed4', 'try_id': 0, 'timestamp': datetime.datetime(2021, 7, 27, 15, 59, 3, 199885), 'task_status_name': 'pending', 'tasks_failed_count': 0, 'tasks_completed_count': 10, 'tasks_memo_completed_count': 0, 'from_memo': None, 'task_inputs': 'None', 'task_outputs': 'None', 'task_stdin': None, 'task_stdout': None, 'task_stderr': None, 'task_fail_history': '', 'task_depends': '', 'task_joins': None}
2021-07-27 15:59:03.200 parsl.dataflow.memoization:229 [DEBUG]  Task 10 will not be memoized
2021-07-27 15:59:03.200 parsl.dataflow.dflow:1166 [WARNING]  No tasks checkpointed so far in this run. Please ensure caching is enabled
2021-07-27 15:59:03.201 parsl.executors.high_throughput.executor:557 [DEBUG]  Pushing function <function MonitoringHub.monitor_wrapper.<locals>.wrapped at 0x7fab0675fca0> to queue with args ()
2021-07-27 15:59:03.201 parsl.monitoring.monitoring:274 [DEBUG]  Sending message MessageType.TASK_INFO, {'task_func_name': 'app_E', 'task_memoize': False, 'task_hashsum': None, 'task_fail_count': 0, 'task_status': <States.exec_done: 3>, 'task_id': 9, 'task_time_invoked': datetime.datetime(2021, 7, 27, 15, 59, 2, 459634), 'task_try_time_launched': datetime.datetime(2021, 7, 27, 15, 59, 2, 980065), 'task_time_returned': datetime.datetime(2021, 7, 27, 15, 59, 3, 198291), 'task_try_time_returned': datetime.datetime(2021, 7, 27, 15, 59, 3, 198018), 'task_executor': 'htex_Local', 'run_id': 'd48ae282-1612-4a23-a02c-306596b45ed4', 'try_id': 0, 'timestamp': datetime.datetime(2021, 7, 27, 15, 59, 3, 201621), 'task_status_name': 'exec_done', 'tasks_failed_count': 0, 'tasks_completed_count': 10, 'tasks_memo_completed_count': 0, 'from_memo': False, 'task_inputs': 'None', 'task_outputs': 'None', 'task_stdin': None, 'task_stdout': None, 'task_stderr': None, 'task_fail_history': '', 'task_depends': '8', 'task_joins': None}
2021-07-27 15:59:03.205 parsl.monitoring.monitoring:274 [DEBUG]  Sending message MessageType.TASK_INFO, {'task_func_name': 'app_A', 'task_memoize': False, 'task_hashsum': None, 'task_fail_count': 0, 'task_status': <States.launched: 7>, 'task_id': 10, 'task_time_invoked': datetime.datetime(2021, 7, 27, 15, 59, 3, 198926), 'task_try_time_launched': datetime.datetime(2021, 7, 27, 15, 59, 3, 200762), 'task_time_returned': None, 'task_try_time_returned': None, 'task_executor': 'htex_Local', 'run_id': 'd48ae282-1612-4a23-a02c-306596b45ed4', 'try_id': 0, 'timestamp': datetime.datetime(2021, 7, 27, 15, 59, 3, 204714), 'task_status_name': 'launched', 'tasks_failed_count': 0, 'tasks_completed_count': 10, 'tasks_memo_completed_count': 0, 'from_memo': False, 'task_inputs': 'None', 'task_outputs': 'None', 'task_stdin': None, 'task_stdout': None, 'task_stderr': None, 'task_fail_history': '', 'task_depends': '', 'task_joins': None}
2021-07-27 15:59:03.205 parsl.dataflow.dflow:591 [INFO]  Task 10 launched on executor htex_Local
2021-07-27 15:59:03.205 parsl.dataflow.dflow:802 [DEBUG]  Task 11 will be sent to executor htex_Local
2021-07-27 15:59:03.205 parsl.dataflow.dflow:628 [DEBUG]  Adding output dependencies
2021-07-27 15:59:03.206 parsl.dataflow.dflow:881 [INFO]  Task 11 submitted for App app_B, not waiting on any dependency
2021-07-27 15:59:03.206 parsl.dataflow.dflow:889 [DEBUG]  Task 11 set to pending state with AppFuture: <AppFuture super=<AppFuture at 0x7fab06764eb0 state=pending>>
2021-07-27 15:59:03.206 parsl.monitoring.monitoring:274 [DEBUG]  Sending message MessageType.TASK_INFO, {'task_func_name': 'app_B', 'task_memoize': False, 'task_hashsum': None, 'task_fail_count': 0, 'task_status': <States.pending: 0>, 'task_id': 11, 'task_time_invoked': datetime.datetime(2021, 7, 27, 15, 59, 3, 205915), 'task_try_time_launched': None, 'task_time_returned': None, 'task_try_time_returned': None, 'task_executor': 'htex_Local', 'run_id': 'd48ae282-1612-4a23-a02c-306596b45ed4', 'try_id': 0, 'timestamp': datetime.datetime(2021, 7, 27, 15, 59, 3, 206400), 'task_status_name': 'pending', 'tasks_failed_count': 0, 'tasks_completed_count': 10, 'tasks_memo_completed_count': 0, 'from_memo': None, 'task_inputs': 'None', 'task_outputs': 'None', 'task_stdin': None, 'task_stdout': None, 'task_stderr': None, 'task_fail_history': '', 'task_depends': '', 'task_joins': None}
2021-07-27 15:59:03.207 parsl.dataflow.memoization:229 [DEBUG]  Task 11 will not be memoized
2021-07-27 15:59:03.207 parsl.executors.high_throughput.executor:557 [DEBUG]  Pushing function <function MonitoringHub.monitor_wrapper.<locals>.wrapped at 0x7fab0675fd30> to queue with args ()
2021-07-27 15:59:03.210 parsl.monitoring.monitoring:274 [DEBUG]  Sending message MessageType.TASK_INFO, {'task_func_name': 'app_B', 'task_memoize': False, 'task_hashsum': None, 'task_fail_count': 0, 'task_status': <States.launched: 7>, 'task_id': 11, 'task_time_invoked': datetime.datetime(2021, 7, 27, 15, 59, 3, 205915), 'task_try_time_launched': datetime.datetime(2021, 7, 27, 15, 59, 3, 207128), 'task_time_returned': None, 'task_try_time_returned': None, 'task_executor': 'htex_Local', 'run_id': 'd48ae282-1612-4a23-a02c-306596b45ed4', 'try_id': 0, 'timestamp': datetime.datetime(2021, 7, 27, 15, 59, 3, 210306), 'task_status_name': 'launched', 'tasks_failed_count': 0, 'tasks_completed_count': 10, 'tasks_memo_completed_count': 0, 'from_memo': False, 'task_inputs': 'None', 'task_outputs': 'None', 'task_stdin': None, 'task_stdout': None, 'task_stderr': None, 'task_fail_history': '', 'task_depends': '', 'task_joins': None}
2021-07-27 15:59:03.211 parsl.dataflow.dflow:591 [INFO]  Task 11 launched on executor htex_Local
2021-07-27 15:59:03.211 parsl.dataflow.dflow:802 [DEBUG]  Task 12 will be sent to executor htex_Local
2021-07-27 15:59:03.211 parsl.dataflow.dflow:628 [DEBUG]  Adding output dependencies
2021-07-27 15:59:03.212 parsl.dataflow.dflow:881 [INFO]  Task 12 submitted for App app_C, waiting on task 10, task 11
2021-07-27 15:59:03.212 parsl.dataflow.dflow:889 [DEBUG]  Task 12 set to pending state with AppFuture: <AppFuture super=<AppFuture at 0x7fab06750ca0 state=pending>>
2021-07-27 15:59:03.212 parsl.monitoring.monitoring:274 [DEBUG]  Sending message MessageType.TASK_INFO, {'task_func_name': 'app_C', 'task_memoize': False, 'task_hashsum': None, 'task_fail_count': 0, 'task_status': <States.pending: 0>, 'task_id': 12, 'task_time_invoked': datetime.datetime(2021, 7, 27, 15, 59, 3, 211767), 'task_try_time_launched': None, 'task_time_returned': None, 'task_try_time_returned': None, 'task_executor': 'htex_Local', 'run_id': 'd48ae282-1612-4a23-a02c-306596b45ed4', 'try_id': 0, 'timestamp': datetime.datetime(2021, 7, 27, 15, 59, 3, 212187), 'task_status_name': 'pending', 'tasks_failed_count': 0, 'tasks_completed_count': 10, 'tasks_memo_completed_count': 0, 'from_memo': None, 'task_inputs': 'None', 'task_outputs': 'None', 'task_stdin': None, 'task_stdout': None, 'task_stderr': None, 'task_fail_history': '', 'task_depends': '10,11', 'task_joins': None}
2021-07-27 15:59:03.212 parsl.dataflow.dflow:802 [DEBUG]  Task 13 will be sent to executor htex_Local
2021-07-27 15:59:03.213 parsl.dataflow.dflow:628 [DEBUG]  Adding output dependencies
2021-07-27 15:59:03.213 parsl.dataflow.dflow:881 [INFO]  Task 13 submitted for App app_D, waiting on task 12
2021-07-27 15:59:03.213 parsl.dataflow.dflow:889 [DEBUG]  Task 13 set to pending state with AppFuture: <AppFuture super=<AppFuture at 0x7fab06750e80 state=pending>>
2021-07-27 15:59:03.214 parsl.monitoring.monitoring:274 [DEBUG]  Sending message MessageType.TASK_INFO, {'task_func_name': 'app_D', 'task_memoize': False, 'task_hashsum': None, 'task_fail_count': 0, 'task_status': <States.pending: 0>, 'task_id': 13, 'task_time_invoked': datetime.datetime(2021, 7, 27, 15, 59, 3, 213025), 'task_try_time_launched': None, 'task_time_returned': None, 'task_try_time_returned': None, 'task_executor': 'htex_Local', 'run_id': 'd48ae282-1612-4a23-a02c-306596b45ed4', 'try_id': 0, 'timestamp': datetime.datetime(2021, 7, 27, 15, 59, 3, 213672), 'task_status_name': 'pending', 'tasks_failed_count': 0, 'tasks_completed_count': 10, 'tasks_memo_completed_count': 0, 'from_memo': None, 'task_inputs': 'None', 'task_outputs': 'None', 'task_stdin': None, 'task_stdout': None, 'task_stderr': None, 'task_fail_history': '', 'task_depends': '12', 'task_joins': None}
2021-07-27 15:59:03.214 parsl.dataflow.dflow:802 [DEBUG]  Task 14 will be sent to executor htex_Local
2021-07-27 15:59:03.214 parsl.dataflow.dflow:628 [DEBUG]  Adding output dependencies
2021-07-27 15:59:03.214 parsl.dataflow.dflow:881 [INFO]  Task 14 submitted for App app_E, waiting on task 13
2021-07-27 15:59:03.214 parsl.dataflow.dflow:889 [DEBUG]  Task 14 set to pending state with AppFuture: <AppFuture super=<AppFuture at 0x7fab0676c040 state=pending>>
2021-07-27 15:59:03.215 parsl.monitoring.monitoring:274 [DEBUG]  Sending message MessageType.TASK_INFO, {'task_func_name': 'app_E', 'task_memoize': False, 'task_hashsum': None, 'task_fail_count': 0, 'task_status': <States.pending: 0>, 'task_id': 14, 'task_time_invoked': datetime.datetime(2021, 7, 27, 15, 59, 3, 214606), 'task_try_time_launched': None, 'task_time_returned': None, 'task_try_time_returned': None, 'task_executor': 'htex_Local', 'run_id': 'd48ae282-1612-4a23-a02c-306596b45ed4', 'try_id': 0, 'timestamp': datetime.datetime(2021, 7, 27, 15, 59, 3, 215086), 'task_status_name': 'pending', 'tasks_failed_count': 0, 'tasks_completed_count': 10, 'tasks_memo_completed_count': 0, 'from_memo': None, 'task_inputs': 'None', 'task_outputs': 'None', 'task_stdin': None, 'task_stdout': None, 'task_stderr': None, 'task_fail_history': '', 'task_depends': '13', 'task_joins': None}
2021-07-27 15:59:03.411 parsl.dataflow.dflow:442 [INFO]  Task 11 completed (launched -> exec_done)
2021-07-27 15:59:03.412 parsl.dataflow.dflow:1166 [WARNING]  No tasks checkpointed so far in this run. Please ensure caching is enabled
2021-07-27 15:59:03.413 parsl.monitoring.monitoring:274 [DEBUG]  Sending message MessageType.TASK_INFO, {'task_func_name': 'app_B', 'task_memoize': False, 'task_hashsum': None, 'task_fail_count': 0, 'task_status': <States.exec_done: 3>, 'task_id': 11, 'task_time_invoked': datetime.datetime(2021, 7, 27, 15, 59, 3, 205915), 'task_try_time_launched': datetime.datetime(2021, 7, 27, 15, 59, 3, 207128), 'task_time_returned': datetime.datetime(2021, 7, 27, 15, 59, 3, 411669), 'task_try_time_returned': datetime.datetime(2021, 7, 27, 15, 59, 3, 411110), 'task_executor': 'htex_Local', 'run_id': 'd48ae282-1612-4a23-a02c-306596b45ed4', 'try_id': 0, 'timestamp': datetime.datetime(2021, 7, 27, 15, 59, 3, 413108), 'task_status_name': 'exec_done', 'tasks_failed_count': 0, 'tasks_completed_count': 11, 'tasks_memo_completed_count': 0, 'from_memo': False, 'task_inputs': 'None', 'task_outputs': 'None', 'task_stdin': None, 'task_stdout': None, 'task_stderr': None, 'task_fail_history': '', 'task_depends': '', 'task_joins': None}
2021-07-27 15:59:03.414 parsl.dataflow.dflow:442 [INFO]  Task 10 completed (launched -> exec_done)
2021-07-27 15:59:03.415 parsl.dataflow.dflow:1166 [WARNING]  No tasks checkpointed so far in this run. Please ensure caching is enabled
2021-07-27 15:59:03.415 parsl.dataflow.memoization:229 [DEBUG]  Task 12 will not be memoized
2021-07-27 15:59:03.416 parsl.executors.high_throughput.executor:557 [DEBUG]  Pushing function <function MonitoringHub.monitor_wrapper.<locals>.wrapped at 0x7fab067691f0> to queue with args (7, 3.0)
2021-07-27 15:59:03.418 parsl.monitoring.monitoring:274 [DEBUG]  Sending message MessageType.TASK_INFO, {'task_func_name': 'app_C', 'task_memoize': False, 'task_hashsum': None, 'task_fail_count': 0, 'task_status': <States.launched: 7>, 'task_id': 12, 'task_time_invoked': datetime.datetime(2021, 7, 27, 15, 59, 3, 211767), 'task_try_time_launched': datetime.datetime(2021, 7, 27, 15, 59, 3, 415669), 'task_time_returned': None, 'task_try_time_returned': None, 'task_executor': 'htex_Local', 'run_id': 'd48ae282-1612-4a23-a02c-306596b45ed4', 'try_id': 0, 'timestamp': datetime.datetime(2021, 7, 27, 15, 59, 3, 418170), 'task_status_name': 'launched', 'tasks_failed_count': 0, 'tasks_completed_count': 12, 'tasks_memo_completed_count': 0, 'from_memo': False, 'task_inputs': 'None', 'task_outputs': 'None', 'task_stdin': None, 'task_stdout': None, 'task_stderr': None, 'task_fail_history': '', 'task_depends': '10,11', 'task_joins': None}
2021-07-27 15:59:03.419 parsl.dataflow.dflow:591 [INFO]  Task 12 launched on executor htex_Local
2021-07-27 15:59:03.419 parsl.monitoring.monitoring:274 [DEBUG]  Sending message MessageType.TASK_INFO, {'task_func_name': 'app_A', 'task_memoize': False, 'task_hashsum': None, 'task_fail_count': 0, 'task_status': <States.exec_done: 3>, 'task_id': 10, 'task_time_invoked': datetime.datetime(2021, 7, 27, 15, 59, 3, 198926), 'task_try_time_launched': datetime.datetime(2021, 7, 27, 15, 59, 3, 200762), 'task_time_returned': datetime.datetime(2021, 7, 27, 15, 59, 3, 414340), 'task_try_time_returned': datetime.datetime(2021, 7, 27, 15, 59, 3, 414040), 'task_executor': 'htex_Local', 'run_id': 'd48ae282-1612-4a23-a02c-306596b45ed4', 'try_id': 0, 'timestamp': datetime.datetime(2021, 7, 27, 15, 59, 3, 419464), 'task_status_name': 'exec_done', 'tasks_failed_count': 0, 'tasks_completed_count': 12, 'tasks_memo_completed_count': 0, 'from_memo': False, 'task_inputs': 'None', 'task_outputs': 'None', 'task_stdin': None, 'task_stdout': None, 'task_stderr': None, 'task_fail_history': '', 'task_depends': '', 'task_joins': None}
2021-07-27 15:59:03.598 parsl.dataflow.dflow:442 [INFO]  Task 12 completed (launched -> exec_done)
2021-07-27 15:59:03.598 parsl.dataflow.dflow:1166 [WARNING]  No tasks checkpointed so far in this run. Please ensure caching is enabled
2021-07-27 15:59:03.599 parsl.dataflow.memoization:229 [DEBUG]  Task 13 will not be memoized
2021-07-27 15:59:03.599 parsl.executors.high_throughput.executor:557 [DEBUG]  Pushing function <function MonitoringHub.monitor_wrapper.<locals>.wrapped at 0x7fab06769430> to queue with args (10, 7, 10.0)
2021-07-27 15:59:03.600 parsl.monitoring.monitoring:274 [DEBUG]  Sending message MessageType.TASK_INFO, {'task_func_name': 'app_D', 'task_memoize': False, 'task_hashsum': None, 'task_fail_count': 0, 'task_status': <States.launched: 7>, 'task_id': 13, 'task_time_invoked': datetime.datetime(2021, 7, 27, 15, 59, 3, 213025), 'task_try_time_launched': datetime.datetime(2021, 7, 27, 15, 59, 3, 599077), 'task_time_returned': None, 'task_try_time_returned': None, 'task_executor': 'htex_Local', 'run_id': 'd48ae282-1612-4a23-a02c-306596b45ed4', 'try_id': 0, 'timestamp': datetime.datetime(2021, 7, 27, 15, 59, 3, 600542), 'task_status_name': 'launched', 'tasks_failed_count': 0, 'tasks_completed_count': 13, 'tasks_memo_completed_count': 0, 'from_memo': False, 'task_inputs': 'None', 'task_outputs': 'None', 'task_stdin': None, 'task_stdout': None, 'task_stderr': None, 'task_fail_history': '', 'task_depends': '12', 'task_joins': None}
2021-07-27 15:59:03.601 parsl.dataflow.dflow:591 [INFO]  Task 13 launched on executor htex_Local
2021-07-27 15:59:03.601 parsl.monitoring.monitoring:274 [DEBUG]  Sending message MessageType.TASK_INFO, {'task_func_name': 'app_C', 'task_memoize': False, 'task_hashsum': None, 'task_fail_count': 0, 'task_status': <States.exec_done: 3>, 'task_id': 12, 'task_time_invoked': datetime.datetime(2021, 7, 27, 15, 59, 3, 211767), 'task_try_time_launched': datetime.datetime(2021, 7, 27, 15, 59, 3, 415669), 'task_time_returned': datetime.datetime(2021, 7, 27, 15, 59, 3, 598573), 'task_try_time_returned': datetime.datetime(2021, 7, 27, 15, 59, 3, 598415), 'task_executor': 'htex_Local', 'run_id': 'd48ae282-1612-4a23-a02c-306596b45ed4', 'try_id': 0, 'timestamp': datetime.datetime(2021, 7, 27, 15, 59, 3, 601403), 'task_status_name': 'exec_done', 'tasks_failed_count': 0, 'tasks_completed_count': 13, 'tasks_memo_completed_count': 0, 'from_memo': False, 'task_inputs': 'None', 'task_outputs': 'None', 'task_stdin': None, 'task_stdout': None, 'task_stderr': None, 'task_fail_history': '', 'task_depends': '10,11', 'task_joins': None}
2021-07-27 15:59:03.812 parsl.dataflow.dflow:442 [INFO]  Task 13 completed (launched -> exec_done)
2021-07-27 15:59:03.813 parsl.dataflow.dflow:1166 [WARNING]  No tasks checkpointed so far in this run. Please ensure caching is enabled
2021-07-27 15:59:03.814 parsl.dataflow.memoization:229 [DEBUG]  Task 14 will not be memoized
2021-07-27 15:59:03.814 parsl.executors.high_throughput.executor:557 [DEBUG]  Pushing function <function MonitoringHub.monitor_wrapper.<locals>.wrapped at 0x7fab06769670> to queue with args (7.0,)
2021-07-27 15:59:03.817 parsl.monitoring.monitoring:274 [DEBUG]  Sending message MessageType.TASK_INFO, {'task_func_name': 'app_E', 'task_memoize': False, 'task_hashsum': None, 'task_fail_count': 0, 'task_status': <States.launched: 7>, 'task_id': 14, 'task_time_invoked': datetime.datetime(2021, 7, 27, 15, 59, 3, 214606), 'task_try_time_launched': datetime.datetime(2021, 7, 27, 15, 59, 3, 814049), 'task_time_returned': None, 'task_try_time_returned': None, 'task_executor': 'htex_Local', 'run_id': 'd48ae282-1612-4a23-a02c-306596b45ed4', 'try_id': 0, 'timestamp': datetime.datetime(2021, 7, 27, 15, 59, 3, 816803), 'task_status_name': 'launched', 'tasks_failed_count': 0, 'tasks_completed_count': 14, 'tasks_memo_completed_count': 0, 'from_memo': False, 'task_inputs': 'None', 'task_outputs': 'None', 'task_stdin': None, 'task_stdout': None, 'task_stderr': None, 'task_fail_history': '', 'task_depends': '13', 'task_joins': None}
2021-07-27 15:59:03.817 parsl.dataflow.dflow:591 [INFO]  Task 14 launched on executor htex_Local
2021-07-27 15:59:03.818 parsl.monitoring.monitoring:274 [DEBUG]  Sending message MessageType.TASK_INFO, {'task_func_name': 'app_D', 'task_memoize': False, 'task_hashsum': None, 'task_fail_count': 0, 'task_status': <States.exec_done: 3>, 'task_id': 13, 'task_time_invoked': datetime.datetime(2021, 7, 27, 15, 59, 3, 213025), 'task_try_time_launched': datetime.datetime(2021, 7, 27, 15, 59, 3, 599077), 'task_time_returned': datetime.datetime(2021, 7, 27, 15, 59, 3, 813032), 'task_try_time_returned': datetime.datetime(2021, 7, 27, 15, 59, 3, 812759), 'task_executor': 'htex_Local', 'run_id': 'd48ae282-1612-4a23-a02c-306596b45ed4', 'try_id': 0, 'timestamp': datetime.datetime(2021, 7, 27, 15, 59, 3, 818160), 'task_status_name': 'exec_done', 'tasks_failed_count': 0, 'tasks_completed_count': 14, 'tasks_memo_completed_count': 0, 'from_memo': False, 'task_inputs': 'None', 'task_outputs': 'None', 'task_stdin': None, 'task_stdout': None, 'task_stderr': None, 'task_fail_history': '', 'task_depends': '12', 'task_joins': None}
2021-07-27 15:59:04.023 parsl.dataflow.dflow:442 [INFO]  Task 14 completed (launched -> exec_done)
2021-07-27 15:59:04.024 parsl.dataflow.dflow:802 [DEBUG]  Task 15 will be sent to executor htex_Local
2021-07-27 15:59:04.024 parsl.dataflow.dflow:628 [DEBUG]  Adding output dependencies
2021-07-27 15:59:04.024 parsl.dataflow.dflow:881 [INFO]  Task 15 submitted for App app_A, not waiting on any dependency
2021-07-27 15:59:04.024 parsl.dataflow.dflow:889 [DEBUG]  Task 15 set to pending state with AppFuture: <AppFuture super=<AppFuture at 0x7fab0676c160 state=pending>>
2021-07-27 15:59:04.024 parsl.dataflow.dflow:1166 [WARNING]  No tasks checkpointed so far in this run. Please ensure caching is enabled
2021-07-27 15:59:04.025 parsl.monitoring.monitoring:274 [DEBUG]  Sending message MessageType.TASK_INFO, {'task_func_name': 'app_A', 'task_memoize': False, 'task_hashsum': None, 'task_fail_count': 0, 'task_status': <States.pending: 0>, 'task_id': 15, 'task_time_invoked': datetime.datetime(2021, 7, 27, 15, 59, 4, 24496), 'task_try_time_launched': None, 'task_time_returned': None, 'task_try_time_returned': None, 'task_executor': 'htex_Local', 'run_id': 'd48ae282-1612-4a23-a02c-306596b45ed4', 'try_id': 0, 'timestamp': datetime.datetime(2021, 7, 27, 15, 59, 4, 25028), 'task_status_name': 'pending', 'tasks_failed_count': 0, 'tasks_completed_count': 15, 'tasks_memo_completed_count': 0, 'from_memo': None, 'task_inputs': 'None', 'task_outputs': 'None', 'task_stdin': None, 'task_stdout': None, 'task_stderr': None, 'task_fail_history': '', 'task_depends': '', 'task_joins': None}
2021-07-27 15:59:04.025 parsl.monitoring.monitoring:274 [DEBUG]  Sending message MessageType.TASK_INFO, {'task_func_name': 'app_E', 'task_memoize': False, 'task_hashsum': None, 'task_fail_count': 0, 'task_status': <States.exec_done: 3>, 'task_id': 14, 'task_time_invoked': datetime.datetime(2021, 7, 27, 15, 59, 3, 214606), 'task_try_time_launched': datetime.datetime(2021, 7, 27, 15, 59, 3, 814049), 'task_time_returned': datetime.datetime(2021, 7, 27, 15, 59, 4, 23922), 'task_try_time_returned': datetime.datetime(2021, 7, 27, 15, 59, 4, 23693), 'task_executor': 'htex_Local', 'run_id': 'd48ae282-1612-4a23-a02c-306596b45ed4', 'try_id': 0, 'timestamp': datetime.datetime(2021, 7, 27, 15, 59, 4, 25345), 'task_status_name': 'exec_done', 'tasks_failed_count': 0, 'tasks_completed_count': 15, 'tasks_memo_completed_count': 0, 'from_memo': False, 'task_inputs': 'None', 'task_outputs': 'None', 'task_stdin': None, 'task_stdout': None, 'task_stderr': None, 'task_fail_history': '', 'task_depends': '13', 'task_joins': None}
2021-07-27 15:59:04.025 parsl.dataflow.memoization:229 [DEBUG]  Task 15 will not be memoized
2021-07-27 15:59:04.026 parsl.executors.high_throughput.executor:557 [DEBUG]  Pushing function <function MonitoringHub.monitor_wrapper.<locals>.wrapped at 0x7fab067698b0> to queue with args ()
2021-07-27 15:59:04.027 parsl.monitoring.monitoring:274 [DEBUG]  Sending message MessageType.TASK_INFO, {'task_func_name': 'app_A', 'task_memoize': False, 'task_hashsum': None, 'task_fail_count': 0, 'task_status': <States.launched: 7>, 'task_id': 15, 'task_time_invoked': datetime.datetime(2021, 7, 27, 15, 59, 4, 24496), 'task_try_time_launched': datetime.datetime(2021, 7, 27, 15, 59, 4, 25935), 'task_time_returned': None, 'task_try_time_returned': None, 'task_executor': 'htex_Local', 'run_id': 'd48ae282-1612-4a23-a02c-306596b45ed4', 'try_id': 0, 'timestamp': datetime.datetime(2021, 7, 27, 15, 59, 4, 27329), 'task_status_name': 'launched', 'tasks_failed_count': 0, 'tasks_completed_count': 15, 'tasks_memo_completed_count': 0, 'from_memo': False, 'task_inputs': 'None', 'task_outputs': 'None', 'task_stdin': None, 'task_stdout': None, 'task_stderr': None, 'task_fail_history': '', 'task_depends': '', 'task_joins': None}
2021-07-27 15:59:04.027 parsl.dataflow.dflow:591 [INFO]  Task 15 launched on executor htex_Local
2021-07-27 15:59:04.027 parsl.dataflow.dflow:802 [DEBUG]  Task 16 will be sent to executor htex_Local
2021-07-27 15:59:04.028 parsl.dataflow.dflow:628 [DEBUG]  Adding output dependencies
2021-07-27 15:59:04.028 parsl.dataflow.dflow:881 [INFO]  Task 16 submitted for App app_B, not waiting on any dependency
2021-07-27 15:59:04.028 parsl.dataflow.dflow:889 [DEBUG]  Task 16 set to pending state with AppFuture: <AppFuture super=<AppFuture at 0x7fab06770a90 state=pending>>
2021-07-27 15:59:04.028 parsl.monitoring.monitoring:274 [DEBUG]  Sending message MessageType.TASK_INFO, {'task_func_name': 'app_B', 'task_memoize': False, 'task_hashsum': None, 'task_fail_count': 0, 'task_status': <States.pending: 0>, 'task_id': 16, 'task_time_invoked': datetime.datetime(2021, 7, 27, 15, 59, 4, 28011), 'task_try_time_launched': None, 'task_time_returned': None, 'task_try_time_returned': None, 'task_executor': 'htex_Local', 'run_id': 'd48ae282-1612-4a23-a02c-306596b45ed4', 'try_id': 0, 'timestamp': datetime.datetime(2021, 7, 27, 15, 59, 4, 28240), 'task_status_name': 'pending', 'tasks_failed_count': 0, 'tasks_completed_count': 15, 'tasks_memo_completed_count': 0, 'from_memo': None, 'task_inputs': 'None', 'task_outputs': 'None', 'task_stdin': None, 'task_stdout': None, 'task_stderr': None, 'task_fail_history': '', 'task_depends': '', 'task_joins': None}
2021-07-27 15:59:04.028 parsl.dataflow.memoization:229 [DEBUG]  Task 16 will not be memoized
2021-07-27 15:59:04.028 parsl.executors.high_throughput.executor:557 [DEBUG]  Pushing function <function MonitoringHub.monitor_wrapper.<locals>.wrapped at 0x7fab06769af0> to queue with args ()
2021-07-27 15:59:04.030 parsl.monitoring.monitoring:274 [DEBUG]  Sending message MessageType.TASK_INFO, {'task_func_name': 'app_B', 'task_memoize': False, 'task_hashsum': None, 'task_fail_count': 0, 'task_status': <States.launched: 7>, 'task_id': 16, 'task_time_invoked': datetime.datetime(2021, 7, 27, 15, 59, 4, 28011), 'task_try_time_launched': datetime.datetime(2021, 7, 27, 15, 59, 4, 28565), 'task_time_returned': None, 'task_try_time_returned': None, 'task_executor': 'htex_Local', 'run_id': 'd48ae282-1612-4a23-a02c-306596b45ed4', 'try_id': 0, 'timestamp': datetime.datetime(2021, 7, 27, 15, 59, 4, 30138), 'task_status_name': 'launched', 'tasks_failed_count': 0, 'tasks_completed_count': 15, 'tasks_memo_completed_count': 0, 'from_memo': False, 'task_inputs': 'None', 'task_outputs': 'None', 'task_stdin': None, 'task_stdout': None, 'task_stderr': None, 'task_fail_history': '', 'task_depends': '', 'task_joins': None}
2021-07-27 15:59:04.030 parsl.dataflow.dflow:591 [INFO]  Task 16 launched on executor htex_Local
2021-07-27 15:59:04.030 parsl.dataflow.dflow:802 [DEBUG]  Task 17 will be sent to executor htex_Local
2021-07-27 15:59:04.031 parsl.dataflow.dflow:628 [DEBUG]  Adding output dependencies
2021-07-27 15:59:04.031 parsl.dataflow.dflow:881 [INFO]  Task 17 submitted for App app_C, waiting on task 15, task 16
2021-07-27 15:59:04.031 parsl.dataflow.dflow:889 [DEBUG]  Task 17 set to pending state with AppFuture: <AppFuture super=<AppFuture at 0x7fab067771f0 state=pending>>
2021-07-27 15:59:04.031 parsl.monitoring.monitoring:274 [DEBUG]  Sending message MessageType.TASK_INFO, {'task_func_name': 'app_C', 'task_memoize': False, 'task_hashsum': None, 'task_fail_count': 0, 'task_status': <States.pending: 0>, 'task_id': 17, 'task_time_invoked': datetime.datetime(2021, 7, 27, 15, 59, 4, 31026), 'task_try_time_launched': None, 'task_time_returned': None, 'task_try_time_returned': None, 'task_executor': 'htex_Local', 'run_id': 'd48ae282-1612-4a23-a02c-306596b45ed4', 'try_id': 0, 'timestamp': datetime.datetime(2021, 7, 27, 15, 59, 4, 31341), 'task_status_name': 'pending', 'tasks_failed_count': 0, 'tasks_completed_count': 15, 'tasks_memo_completed_count': 0, 'from_memo': None, 'task_inputs': 'None', 'task_outputs': 'None', 'task_stdin': None, 'task_stdout': None, 'task_stderr': None, 'task_fail_history': '', 'task_depends': '15,16', 'task_joins': None}
2021-07-27 15:59:04.031 parsl.dataflow.dflow:802 [DEBUG]  Task 18 will be sent to executor htex_Local
2021-07-27 15:59:04.031 parsl.dataflow.dflow:628 [DEBUG]  Adding output dependencies
2021-07-27 15:59:04.031 parsl.dataflow.dflow:881 [INFO]  Task 18 submitted for App app_D, waiting on task 17
2021-07-27 15:59:04.032 parsl.dataflow.dflow:889 [DEBUG]  Task 18 set to pending state with AppFuture: <AppFuture super=<AppFuture at 0x7fab067773d0 state=pending>>
2021-07-27 15:59:04.032 parsl.monitoring.monitoring:274 [DEBUG]  Sending message MessageType.TASK_INFO, {'task_func_name': 'app_D', 'task_memoize': False, 'task_hashsum': None, 'task_fail_count': 0, 'task_status': <States.pending: 0>, 'task_id': 18, 'task_time_invoked': datetime.datetime(2021, 7, 27, 15, 59, 4, 31829), 'task_try_time_launched': None, 'task_time_returned': None, 'task_try_time_returned': None, 'task_executor': 'htex_Local', 'run_id': 'd48ae282-1612-4a23-a02c-306596b45ed4', 'try_id': 0, 'timestamp': datetime.datetime(2021, 7, 27, 15, 59, 4, 32066), 'task_status_name': 'pending', 'tasks_failed_count': 0, 'tasks_completed_count': 15, 'tasks_memo_completed_count': 0, 'from_memo': None, 'task_inputs': 'None', 'task_outputs': 'None', 'task_stdin': None, 'task_stdout': None, 'task_stderr': None, 'task_fail_history': '', 'task_depends': '17', 'task_joins': None}
2021-07-27 15:59:04.032 parsl.dataflow.dflow:802 [DEBUG]  Task 19 will be sent to executor htex_Local
2021-07-27 15:59:04.032 parsl.dataflow.dflow:628 [DEBUG]  Adding output dependencies
2021-07-27 15:59:04.032 parsl.dataflow.dflow:881 [INFO]  Task 19 submitted for App app_E, waiting on task 18
2021-07-27 15:59:04.032 parsl.dataflow.dflow:889 [DEBUG]  Task 19 set to pending state with AppFuture: <AppFuture super=<AppFuture at 0x7fab06777550 state=pending>>
2021-07-27 15:59:04.032 parsl.monitoring.monitoring:274 [DEBUG]  Sending message MessageType.TASK_INFO, {'task_func_name': 'app_E', 'task_memoize': False, 'task_hashsum': None, 'task_fail_count': 0, 'task_status': <States.pending: 0>, 'task_id': 19, 'task_time_invoked': datetime.datetime(2021, 7, 27, 15, 59, 4, 32510), 'task_try_time_launched': None, 'task_time_returned': None, 'task_try_time_returned': None, 'task_executor': 'htex_Local', 'run_id': 'd48ae282-1612-4a23-a02c-306596b45ed4', 'try_id': 0, 'timestamp': datetime.datetime(2021, 7, 27, 15, 59, 4, 32762), 'task_status_name': 'pending', 'tasks_failed_count': 0, 'tasks_completed_count': 15, 'tasks_memo_completed_count': 0, 'from_memo': None, 'task_inputs': 'None', 'task_outputs': 'None', 'task_stdin': None, 'task_stdout': None, 'task_stderr': None, 'task_fail_history': '', 'task_depends': '18', 'task_joins': None}
2021-07-27 15:59:04.219 parsl.dataflow.dflow:442 [INFO]  Task 15 completed (launched -> exec_done)
2021-07-27 15:59:04.220 parsl.dataflow.dflow:1166 [WARNING]  No tasks checkpointed so far in this run. Please ensure caching is enabled
2021-07-27 15:59:04.220 parsl.monitoring.monitoring:274 [DEBUG]  Sending message MessageType.TASK_INFO, {'task_func_name': 'app_A', 'task_memoize': False, 'task_hashsum': None, 'task_fail_count': 0, 'task_status': <States.exec_done: 3>, 'task_id': 15, 'task_time_invoked': datetime.datetime(2021, 7, 27, 15, 59, 4, 24496), 'task_try_time_launched': datetime.datetime(2021, 7, 27, 15, 59, 4, 25935), 'task_time_returned': datetime.datetime(2021, 7, 27, 15, 59, 4, 219482), 'task_try_time_returned': datetime.datetime(2021, 7, 27, 15, 59, 4, 219118), 'task_executor': 'htex_Local', 'run_id': 'd48ae282-1612-4a23-a02c-306596b45ed4', 'try_id': 0, 'timestamp': datetime.datetime(2021, 7, 27, 15, 59, 4, 220423), 'task_status_name': 'exec_done', 'tasks_failed_count': 0, 'tasks_completed_count': 16, 'tasks_memo_completed_count': 0, 'from_memo': False, 'task_inputs': 'None', 'task_outputs': 'None', 'task_stdin': None, 'task_stdout': None, 'task_stderr': None, 'task_fail_history': '', 'task_depends': '', 'task_joins': None}
2021-07-27 15:59:04.221 parsl.dataflow.dflow:442 [INFO]  Task 16 completed (launched -> exec_done)
2021-07-27 15:59:04.222 parsl.dataflow.dflow:1166 [WARNING]  No tasks checkpointed so far in this run. Please ensure caching is enabled
2021-07-27 15:59:04.222 parsl.dataflow.memoization:229 [DEBUG]  Task 17 will not be memoized
2021-07-27 15:59:04.223 parsl.executors.high_throughput.executor:557 [DEBUG]  Pushing function <function MonitoringHub.monitor_wrapper.<locals>.wrapped at 0x7fab06769f70> to queue with args (7, 3.0)
2021-07-27 15:59:04.225 parsl.monitoring.monitoring:274 [DEBUG]  Sending message MessageType.TASK_INFO, {'task_func_name': 'app_C', 'task_memoize': False, 'task_hashsum': None, 'task_fail_count': 0, 'task_status': <States.launched: 7>, 'task_id': 17, 'task_time_invoked': datetime.datetime(2021, 7, 27, 15, 59, 4, 31026), 'task_try_time_launched': datetime.datetime(2021, 7, 27, 15, 59, 4, 222596), 'task_time_returned': None, 'task_try_time_returned': None, 'task_executor': 'htex_Local', 'run_id': 'd48ae282-1612-4a23-a02c-306596b45ed4', 'try_id': 0, 'timestamp': datetime.datetime(2021, 7, 27, 15, 59, 4, 224966), 'task_status_name': 'launched', 'tasks_failed_count': 0, 'tasks_completed_count': 17, 'tasks_memo_completed_count': 0, 'from_memo': False, 'task_inputs': 'None', 'task_outputs': 'None', 'task_stdin': None, 'task_stdout': None, 'task_stderr': None, 'task_fail_history': '', 'task_depends': '15,16', 'task_joins': None}
2021-07-27 15:59:04.225 parsl.dataflow.dflow:591 [INFO]  Task 17 launched on executor htex_Local
2021-07-27 15:59:04.226 parsl.monitoring.monitoring:274 [DEBUG]  Sending message MessageType.TASK_INFO, {'task_func_name': 'app_B', 'task_memoize': False, 'task_hashsum': None, 'task_fail_count': 0, 'task_status': <States.exec_done: 3>, 'task_id': 16, 'task_time_invoked': datetime.datetime(2021, 7, 27, 15, 59, 4, 28011), 'task_try_time_launched': datetime.datetime(2021, 7, 27, 15, 59, 4, 28565), 'task_time_returned': datetime.datetime(2021, 7, 27, 15, 59, 4, 221533), 'task_try_time_returned': datetime.datetime(2021, 7, 27, 15, 59, 4, 221292), 'task_executor': 'htex_Local', 'run_id': 'd48ae282-1612-4a23-a02c-306596b45ed4', 'try_id': 0, 'timestamp': datetime.datetime(2021, 7, 27, 15, 59, 4, 226233), 'task_status_name': 'exec_done', 'tasks_failed_count': 0, 'tasks_completed_count': 17, 'tasks_memo_completed_count': 0, 'from_memo': False, 'task_inputs': 'None', 'task_outputs': 'None', 'task_stdin': None, 'task_stdout': None, 'task_stderr': None, 'task_fail_history': '', 'task_depends': '', 'task_joins': None}
2021-07-27 15:59:04.422 parsl.dataflow.dflow:442 [INFO]  Task 17 completed (launched -> exec_done)
2021-07-27 15:59:04.423 parsl.dataflow.dflow:1166 [WARNING]  No tasks checkpointed so far in this run. Please ensure caching is enabled
2021-07-27 15:59:04.423 parsl.dataflow.memoization:229 [DEBUG]  Task 18 will not be memoized
2021-07-27 15:59:04.424 parsl.executors.high_throughput.executor:557 [DEBUG]  Pushing function <function MonitoringHub.monitor_wrapper.<locals>.wrapped at 0x7fab0677b1f0> to queue with args (10, 7, 10.0)
2021-07-27 15:59:04.427 parsl.monitoring.monitoring:274 [DEBUG]  Sending message MessageType.TASK_INFO, {'task_func_name': 'app_D', 'task_memoize': False, 'task_hashsum': None, 'task_fail_count': 0, 'task_status': <States.launched: 7>, 'task_id': 18, 'task_time_invoked': datetime.datetime(2021, 7, 27, 15, 59, 4, 31829), 'task_try_time_launched': datetime.datetime(2021, 7, 27, 15, 59, 4, 423960), 'task_time_returned': None, 'task_try_time_returned': None, 'task_executor': 'htex_Local', 'run_id': 'd48ae282-1612-4a23-a02c-306596b45ed4', 'try_id': 0, 'timestamp': datetime.datetime(2021, 7, 27, 15, 59, 4, 426674), 'task_status_name': 'launched', 'tasks_failed_count': 0, 'tasks_completed_count': 18, 'tasks_memo_completed_count': 0, 'from_memo': False, 'task_inputs': 'None', 'task_outputs': 'None', 'task_stdin': None, 'task_stdout': None, 'task_stderr': None, 'task_fail_history': '', 'task_depends': '17', 'task_joins': None}
2021-07-27 15:59:04.427 parsl.dataflow.dflow:591 [INFO]  Task 18 launched on executor htex_Local
2021-07-27 15:59:04.427 parsl.monitoring.monitoring:274 [DEBUG]  Sending message MessageType.TASK_INFO, {'task_func_name': 'app_C', 'task_memoize': False, 'task_hashsum': None, 'task_fail_count': 0, 'task_status': <States.exec_done: 3>, 'task_id': 17, 'task_time_invoked': datetime.datetime(2021, 7, 27, 15, 59, 4, 31026), 'task_try_time_launched': datetime.datetime(2021, 7, 27, 15, 59, 4, 222596), 'task_time_returned': datetime.datetime(2021, 7, 27, 15, 59, 4, 422894), 'task_try_time_returned': datetime.datetime(2021, 7, 27, 15, 59, 4, 422580), 'task_executor': 'htex_Local', 'run_id': 'd48ae282-1612-4a23-a02c-306596b45ed4', 'try_id': 0, 'timestamp': datetime.datetime(2021, 7, 27, 15, 59, 4, 427745), 'task_status_name': 'exec_done', 'tasks_failed_count': 0, 'tasks_completed_count': 18, 'tasks_memo_completed_count': 0, 'from_memo': False, 'task_inputs': 'None', 'task_outputs': 'None', 'task_stdin': None, 'task_stdout': None, 'task_stderr': None, 'task_fail_history': '', 'task_depends': '15,16', 'task_joins': None}
2021-07-27 15:59:04.639 parsl.dataflow.dflow:442 [INFO]  Task 18 completed (launched -> exec_done)
2021-07-27 15:59:04.640 parsl.dataflow.dflow:1166 [WARNING]  No tasks checkpointed so far in this run. Please ensure caching is enabled
2021-07-27 15:59:04.640 parsl.dataflow.memoization:229 [DEBUG]  Task 19 will not be memoized
2021-07-27 15:59:04.640 parsl.executors.high_throughput.executor:557 [DEBUG]  Pushing function <function MonitoringHub.monitor_wrapper.<locals>.wrapped at 0x7fab0677b430> to queue with args (7.0,)
2021-07-27 15:59:04.643 parsl.monitoring.monitoring:274 [DEBUG]  Sending message MessageType.TASK_INFO, {'task_func_name': 'app_E', 'task_memoize': False, 'task_hashsum': None, 'task_fail_count': 0, 'task_status': <States.launched: 7>, 'task_id': 19, 'task_time_invoked': datetime.datetime(2021, 7, 27, 15, 59, 4, 32510), 'task_try_time_launched': datetime.datetime(2021, 7, 27, 15, 59, 4, 640253), 'task_time_returned': None, 'task_try_time_returned': None, 'task_executor': 'htex_Local', 'run_id': 'd48ae282-1612-4a23-a02c-306596b45ed4', 'try_id': 0, 'timestamp': datetime.datetime(2021, 7, 27, 15, 59, 4, 643526), 'task_status_name': 'launched', 'tasks_failed_count': 0, 'tasks_completed_count': 19, 'tasks_memo_completed_count': 0, 'from_memo': False, 'task_inputs': 'None', 'task_outputs': 'None', 'task_stdin': None, 'task_stdout': None, 'task_stderr': None, 'task_fail_history': '', 'task_depends': '18', 'task_joins': None}
2021-07-27 15:59:04.644 parsl.dataflow.dflow:591 [INFO]  Task 19 launched on executor htex_Local
2021-07-27 15:59:04.645 parsl.monitoring.monitoring:274 [DEBUG]  Sending message MessageType.TASK_INFO, {'task_func_name': 'app_D', 'task_memoize': False, 'task_hashsum': None, 'task_fail_count': 0, 'task_status': <States.exec_done: 3>, 'task_id': 18, 'task_time_invoked': datetime.datetime(2021, 7, 27, 15, 59, 4, 31829), 'task_try_time_launched': datetime.datetime(2021, 7, 27, 15, 59, 4, 423960), 'task_time_returned': datetime.datetime(2021, 7, 27, 15, 59, 4, 639247), 'task_try_time_returned': datetime.datetime(2021, 7, 27, 15, 59, 4, 638974), 'task_executor': 'htex_Local', 'run_id': 'd48ae282-1612-4a23-a02c-306596b45ed4', 'try_id': 0, 'timestamp': datetime.datetime(2021, 7, 27, 15, 59, 4, 644685), 'task_status_name': 'exec_done', 'tasks_failed_count': 0, 'tasks_completed_count': 19, 'tasks_memo_completed_count': 0, 'from_memo': False, 'task_inputs': 'None', 'task_outputs': 'None', 'task_stdin': None, 'task_stdout': None, 'task_stderr': None, 'task_fail_history': '', 'task_depends': '17', 'task_joins': None}
2021-07-27 15:59:04.846 parsl.dataflow.dflow:442 [INFO]  Task 19 completed (launched -> exec_done)
2021-07-27 15:59:04.847 parsl.dataflow.dflow:1037 [INFO]  DFK cleanup initiated
2021-07-27 15:59:04.847 parsl.dataflow.dflow:927 [INFO]  Summary of tasks in DFK:
2021-07-27 15:59:04.847 parsl.dataflow.dflow:941 [INFO]  Tasks in state States.exec_done: 20
2021-07-27 15:59:04.848 parsl.dataflow.dflow:947 [INFO]  End of summary
2021-07-27 15:59:04.848 parsl.dataflow.dflow:1166 [WARNING]  No tasks checkpointed so far in this run. Please ensure caching is enabled
2021-07-27 15:59:04.848 parsl.monitoring.monitoring:274 [DEBUG]  Sending message MessageType.TASK_INFO, {'task_func_name': 'app_E', 'task_memoize': False, 'task_hashsum': None, 'task_fail_count': 0, 'task_status': <States.exec_done: 3>, 'task_id': 19, 'task_time_invoked': datetime.datetime(2021, 7, 27, 15, 59, 4, 32510), 'task_try_time_launched': datetime.datetime(2021, 7, 27, 15, 59, 4, 640253), 'task_time_returned': datetime.datetime(2021, 7, 27, 15, 59, 4, 846648), 'task_try_time_returned': datetime.datetime(2021, 7, 27, 15, 59, 4, 846367), 'task_executor': 'htex_Local', 'run_id': 'd48ae282-1612-4a23-a02c-306596b45ed4', 'try_id': 0, 'timestamp': datetime.datetime(2021, 7, 27, 15, 59, 4, 848616), 'task_status_name': 'exec_done', 'tasks_failed_count': 0, 'tasks_completed_count': 20, 'tasks_memo_completed_count': 0, 'from_memo': False, 'task_inputs': 'None', 'task_outputs': 'None', 'task_stdin': None, 'task_stdout': None, 'task_stderr': None, 'task_fail_history': '', 'task_depends': '18', 'task_joins': None}
2021-07-27 15:59:04.850 parsl.dataflow.dflow:1166 [WARNING]  No tasks checkpointed so far in this run. Please ensure caching is enabled
2021-07-27 15:59:04.850 parsl.dataflow.dflow:1061 [INFO]  Terminating flow_control and strategy threads
2021-07-27 15:59:04.853 parsl.executors.high_throughput.executor:688 [DEBUG]  Current blocks : {'0': '27229', '1': '27237'}
2021-07-27 15:59:04.855 parsl.executors.high_throughput.executor:521 [DEBUG]  [HOLD_BLOCK]: Sending hold to manager: e4040d734ece
2021-07-27 15:59:04.859 parsl.executors.high_throughput.executor:490 [DEBUG]  Sent hold request to worker: e4040d734ece
2021-07-27 15:59:04.860 parsl.executors.high_throughput.executor:521 [DEBUG]  [HOLD_BLOCK]: Sending hold to manager: 95df16d029a0
2021-07-27 15:59:04.863 parsl.executors.high_throughput.executor:490 [DEBUG]  Sent hold request to worker: 95df16d029a0
2021-07-27 15:59:04.863 parsl.providers.local.local:266 [DEBUG]  Terminating job/proc_id: 27237
2021-07-27 15:59:04.893 parsl.providers.local.local:266 [DEBUG]  Terminating job/proc_id: 27229
2021-07-27 15:59:04.944 parsl.dataflow.dflow:1074 [DEBUG]  Sending message [{'run_id': 'd48ae282-1612-4a23-a02c-306596b45ed4', 'status': 'CANCELLED', 'timestamp': datetime.datetime(2021, 7, 27, 15, 59, 4, 944166), 'executor_label': 'htex_Local', 'job_id': '27237', 'block_id': '1'}, {'run_id': 'd48ae282-1612-4a23-a02c-306596b45ed4', 'status': 'CANCELLED', 'timestamp': datetime.datetime(2021, 7, 27, 15, 59, 4, 944206), 'executor_label': 'htex_Local', 'job_id': '27229', 'block_id': '0'}] to hub from DFK
2021-07-27 15:59:04.945 parsl.monitoring.monitoring:274 [DEBUG]  Sending message MessageType.BLOCK_INFO, [{'run_id': 'd48ae282-1612-4a23-a02c-306596b45ed4', 'status': 'CANCELLED', 'timestamp': datetime.datetime(2021, 7, 27, 15, 59, 4, 944166), 'executor_label': 'htex_Local', 'job_id': '27237', 'block_id': '1'}, {'run_id': 'd48ae282-1612-4a23-a02c-306596b45ed4', 'status': 'CANCELLED', 'timestamp': datetime.datetime(2021, 7, 27, 15, 59, 4, 944206), 'executor_label': 'htex_Local', 'job_id': '27229', 'block_id': '0'}]
2021-07-27 15:59:04.946 parsl.executors.high_throughput.executor:727 [INFO]  Attempting HighThroughputExecutor shutdown
2021-07-27 15:59:04.946 parsl.executors.high_throughput.executor:729 [INFO]  Finished HighThroughputExecutor shutdown attempt
2021-07-27 15:59:04.947 parsl.executors.threads:101 [DEBUG]  Done with executor shutdown
2021-07-27 15:59:04.947 parsl.monitoring.monitoring:274 [DEBUG]  Sending message MessageType.WORKFLOW_INFO, {'tasks_failed_count': 0, 'tasks_completed_count': 20, 'time_began': datetime.datetime(2021, 7, 27, 15, 58, 59, 146412), 'time_completed': datetime.datetime(2021, 7, 27, 15, 59, 4, 947170), 'run_id': 'd48ae282-1612-4a23-a02c-306596b45ed4', 'rundir': '/Users/ananthhariharan/Documents/Code/GitHub/Parsl-Project/runinfo/025'}
2021-07-27 15:59:04.948 parsl.monitoring.monitoring:283 [INFO]  Terminating Monitoring Hub
2021-07-27 15:59:04.948 parsl.monitoring.monitoring:300 [INFO]  Waiting for Hub to receive all messages and terminate
2021-07-27 15:59:07.990 parsl.process_loggers:28 [DEBUG]  Normal ending for router_starter on thread MainThread
2021-07-27 15:59:07.995 parsl.monitoring.monitoring:302 [DEBUG]  Finished waiting for Hub termination
2021-07-27 15:59:08.254 parsl.monitoring.monitoring:306 [DEBUG]  Finished waiting for DBM termination
2021-07-27 15:59:08.254 parsl.dataflow.dflow:1090 [INFO]  DFK cleanup complete
