2021-07-27 16:01:49.585 parsl:626 Rank:0 [INFO]  Python version: 3.8.8 (default, Apr 13 2021, 12:59:45) 
[Clang 10.0.0 ]
2021-07-27 16:01:49.585 parsl:627 Rank:0 [INFO]  Debug logging: True
2021-07-27 16:01:49.585 parsl:628 Rank:0 [INFO]  Log dir: /Users/ananthhariharan/Documents/Code/GitHub/Parsl-Project/runinfo/028/htex_Local
2021-07-27 16:01:49.585 parsl:629 Rank:0 [INFO]  Manager ID: 9d626aed977f
2021-07-27 16:01:49.585 parsl:630 Rank:0 [INFO]  Block ID: 1
2021-07-27 16:01:49.585 parsl:631 Rank:0 [INFO]  cores_per_worker: 0.25
2021-07-27 16:01:49.586 parsl:632 Rank:0 [INFO]  mem_per_worker: None
2021-07-27 16:01:49.586 parsl:633 Rank:0 [INFO]  task_port: 54503
2021-07-27 16:01:49.586 parsl:634 Rank:0 [INFO]  result_port: 54549
2021-07-27 16:01:49.586 parsl:635 Rank:0 [INFO]  addresses: Ananths-Macbook.local,69.174.173.76,192.168.4.29
2021-07-27 16:01:49.586 parsl:636 Rank:0 [INFO]  max_workers: inf
2021-07-27 16:01:49.586 parsl:637 Rank:0 [INFO]  poll_period: 100
2021-07-27 16:01:49.586 parsl:638 Rank:0 [INFO]  address_probe_timeout: 30
2021-07-27 16:01:49.586 parsl:639 Rank:0 [INFO]  Prefetch capacity: 0
2021-07-27 16:01:49.586 parsl:640 Rank:0 [INFO]  Heartbeat threshold: 5
2021-07-27 16:01:49.586 parsl:641 Rank:0 [INFO]  Heartbeat period: 2
2021-07-27 16:01:49.586 parsl:642 Rank:0 [INFO]  CPU affinity: none
2021-07-27 16:01:49.587 parsl:118 Rank:0 [INFO]  Manager started
2021-07-27 16:01:49.587 parsl.executors.high_throughput.probe:34 Rank:0 [DEBUG]  Trying to connect back on tcp://Ananths-Macbook.local:54503
2021-07-27 16:01:49.588 parsl.executors.high_throughput.probe:34 Rank:0 [DEBUG]  Trying to connect back on tcp://69.174.173.76:54503
2021-07-27 16:01:49.589 parsl.executors.high_throughput.probe:34 Rank:0 [DEBUG]  Trying to connect back on tcp://192.168.4.29:54503
2021-07-27 16:01:49.593 parsl.executors.high_throughput.probe:47 Rank:0 [INFO]  Connected to interchange on Ananths-Macbook.local
2021-07-27 16:01:49.597 parsl:125 Rank:0 [INFO]  Connection to Interchange successful on Ananths-Macbook.local
2021-07-27 16:01:49.597 parsl:128 Rank:0 [INFO]  Task url : tcp://Ananths-Macbook.local:54503
2021-07-27 16:01:49.597 parsl:129 Rank:0 [INFO]  Result url : tcp://Ananths-Macbook.local:54549
2021-07-27 16:01:49.598 parsl:147 Rank:0 [INFO]  Manager connected
2021-07-27 16:01:49.598 parsl:173 Rank:0 [INFO]  Manager will spawn 16 workers
2021-07-27 16:01:49.807 parsl:401 Rank:0 [DEBUG]  Manager synced with workers
2021-07-27 16:01:49.812 parsl:226 Rank:0 [INFO]  [TASK PULL THREAD] starting
2021-07-27 16:01:49.814 parsl:232 Rank:0 [DEBUG]  Sending registration message: b'{"parsl_v": "1.1.0", "python_v": "3.8.8", "worker_count": 16, "uid": "9d626aed977f", "block_id": "1", "prefetch_capacity": 0, "max_capacity": 16, "os": "Darwin", "hostname": "Ananths-Macbook.local", "dir": "/Users/ananthhariharan/Documents/Code/GitHub/Parsl-Project", "cpu_count": 2, "total_memory": 8589934592}'
2021-07-27 16:01:49.819 parsl:244 Rank:0 [DEBUG]  [TASK_PULL_THREAD] ready workers:15, pending tasks:0
2021-07-27 16:01:49.819 parsl:252 Rank:0 [DEBUG]  [TASK_PULL_THREAD] Requesting tasks: 15
2021-07-27 16:01:49.819 parsl:307 Rank:0 [DEBUG]  [RESULT_PUSH_THREAD] Starting thread
2021-07-27 16:01:49.819 parsl:310 Rank:0 [DEBUG]  [RESULT_PUSH_THREAD] push poll period: 0.1
2021-07-27 16:01:49.821 parsl:344 Rank:0 [DEBUG]  [WORKER_WATCHDOG_THREAD] Starting thread
2021-07-27 16:01:49.821 parsl:416 Rank:0 [INFO]  Loop start
2021-07-27 16:01:49.921 parsl:283 Rank:0 [DEBUG]  [TASK_PULL_THREAD] No incoming tasks
2021-07-27 16:01:49.921 parsl:244 Rank:0 [DEBUG]  [TASK_PULL_THREAD] ready workers:16, pending tasks:0
2021-07-27 16:01:49.921 parsl:252 Rank:0 [DEBUG]  [TASK_PULL_THREAD] Requesting tasks: 16
2021-07-27 16:01:50.122 parsl:283 Rank:0 [DEBUG]  [TASK_PULL_THREAD] No incoming tasks
2021-07-27 16:01:50.122 parsl:244 Rank:0 [DEBUG]  [TASK_PULL_THREAD] ready workers:16, pending tasks:0
2021-07-27 16:01:50.122 parsl:252 Rank:0 [DEBUG]  [TASK_PULL_THREAD] Requesting tasks: 16
2021-07-27 16:01:50.335 parsl:274 Rank:0 [DEBUG]  [TASK_PULL_THREAD] Got tasks: [5] of 1
2021-07-27 16:01:50.336 parsl:244 Rank:0 [DEBUG]  [TASK_PULL_THREAD] ready workers:16, pending tasks:1
2021-07-27 16:01:50.336 parsl:252 Rank:0 [DEBUG]  [TASK_PULL_THREAD] Requesting tasks: 16
2021-07-27 16:01:50.336 parsl:283 Rank:0 [DEBUG]  [TASK_PULL_THREAD] No incoming tasks
2021-07-27 16:01:50.337 parsl:244 Rank:0 [DEBUG]  [TASK_PULL_THREAD] ready workers:16, pending tasks:0
2021-07-27 16:01:50.337 parsl:252 Rank:0 [DEBUG]  [TASK_PULL_THREAD] Requesting tasks: 16
2021-07-27 16:01:50.344 parsl.process_loggers:28 Rank:0 [DEBUG]  Normal ending for send_first_message on thread MainThread
2021-07-27 16:01:50.540 parsl:283 Rank:0 [DEBUG]  [TASK_PULL_THREAD] No incoming tasks
2021-07-27 16:01:50.541 parsl:244 Rank:0 [DEBUG]  [TASK_PULL_THREAD] ready workers:16, pending tasks:0
2021-07-27 16:01:50.541 parsl:252 Rank:0 [DEBUG]  [TASK_PULL_THREAD] Requesting tasks: 16
2021-07-27 16:01:50.547 parsl:274 Rank:0 [DEBUG]  [TASK_PULL_THREAD] Got tasks: [6, 7] of 3
2021-07-27 16:01:50.548 parsl:244 Rank:0 [DEBUG]  [TASK_PULL_THREAD] ready workers:16, pending tasks:2
2021-07-27 16:01:50.548 parsl:252 Rank:0 [DEBUG]  [TASK_PULL_THREAD] Requesting tasks: 16
2021-07-27 16:01:50.549 parsl:283 Rank:0 [DEBUG]  [TASK_PULL_THREAD] No incoming tasks
2021-07-27 16:01:50.550 parsl:244 Rank:0 [DEBUG]  [TASK_PULL_THREAD] ready workers:16, pending tasks:0
2021-07-27 16:01:50.550 parsl:252 Rank:0 [DEBUG]  [TASK_PULL_THREAD] Requesting tasks: 16
2021-07-27 16:01:50.563 parsl.process_loggers:28 Rank:0 [DEBUG]  Normal ending for send_first_message on thread MainThread
2021-07-27 16:01:50.563 parsl.process_loggers:28 Rank:0 [DEBUG]  Normal ending for send_first_message on thread MainThread
2021-07-27 16:01:50.735 parsl:274 Rank:0 [DEBUG]  [TASK_PULL_THREAD] Got tasks: [8] of 4
2021-07-27 16:01:50.735 parsl:244 Rank:0 [DEBUG]  [TASK_PULL_THREAD] ready workers:16, pending tasks:1
2021-07-27 16:01:50.736 parsl:252 Rank:0 [DEBUG]  [TASK_PULL_THREAD] Requesting tasks: 16
2021-07-27 16:01:50.736 parsl:283 Rank:0 [DEBUG]  [TASK_PULL_THREAD] No incoming tasks
2021-07-27 16:01:50.736 parsl:244 Rank:0 [DEBUG]  [TASK_PULL_THREAD] ready workers:16, pending tasks:0
2021-07-27 16:01:50.736 parsl:252 Rank:0 [DEBUG]  [TASK_PULL_THREAD] Requesting tasks: 16
2021-07-27 16:01:50.744 parsl.process_loggers:28 Rank:0 [DEBUG]  Normal ending for send_first_message on thread MainThread
2021-07-27 16:01:50.938 parsl:283 Rank:0 [DEBUG]  [TASK_PULL_THREAD] No incoming tasks
2021-07-27 16:01:50.938 parsl:244 Rank:0 [DEBUG]  [TASK_PULL_THREAD] ready workers:16, pending tasks:0
2021-07-27 16:01:50.939 parsl:252 Rank:0 [DEBUG]  [TASK_PULL_THREAD] Requesting tasks: 16
2021-07-27 16:01:51.343 parsl:283 Rank:0 [DEBUG]  [TASK_PULL_THREAD] No incoming tasks
2021-07-27 16:01:51.343 parsl:244 Rank:0 [DEBUG]  [TASK_PULL_THREAD] ready workers:16, pending tasks:0
2021-07-27 16:01:51.343 parsl:252 Rank:0 [DEBUG]  [TASK_PULL_THREAD] Requesting tasks: 16
2021-07-27 16:01:51.346 parsl:274 Rank:0 [DEBUG]  [TASK_PULL_THREAD] Got tasks: [11, 12] of 6
2021-07-27 16:01:51.347 parsl:244 Rank:0 [DEBUG]  [TASK_PULL_THREAD] ready workers:16, pending tasks:2
2021-07-27 16:01:51.347 parsl:252 Rank:0 [DEBUG]  [TASK_PULL_THREAD] Requesting tasks: 16
2021-07-27 16:01:51.347 parsl:283 Rank:0 [DEBUG]  [TASK_PULL_THREAD] No incoming tasks
2021-07-27 16:01:51.348 parsl:244 Rank:0 [DEBUG]  [TASK_PULL_THREAD] ready workers:16, pending tasks:0
2021-07-27 16:01:51.348 parsl:252 Rank:0 [DEBUG]  [TASK_PULL_THREAD] Requesting tasks: 16
2021-07-27 16:01:51.356 parsl.process_loggers:28 Rank:0 [DEBUG]  Normal ending for send_first_message on thread MainThread
2021-07-27 16:01:51.356 parsl.process_loggers:28 Rank:0 [DEBUG]  Normal ending for send_first_message on thread MainThread
2021-07-27 16:01:51.552 parsl:283 Rank:0 [DEBUG]  [TASK_PULL_THREAD] No incoming tasks
2021-07-27 16:01:51.553 parsl:244 Rank:0 [DEBUG]  [TASK_PULL_THREAD] ready workers:16, pending tasks:0
2021-07-27 16:01:51.553 parsl:252 Rank:0 [DEBUG]  [TASK_PULL_THREAD] Requesting tasks: 16
2021-07-27 16:01:51.555 parsl:274 Rank:0 [DEBUG]  [TASK_PULL_THREAD] Got tasks: [13] of 7
2021-07-27 16:01:51.556 parsl:244 Rank:0 [DEBUG]  [TASK_PULL_THREAD] ready workers:16, pending tasks:1
2021-07-27 16:01:51.556 parsl:252 Rank:0 [DEBUG]  [TASK_PULL_THREAD] Requesting tasks: 16
2021-07-27 16:01:51.556 parsl:283 Rank:0 [DEBUG]  [TASK_PULL_THREAD] No incoming tasks
2021-07-27 16:01:51.556 parsl:244 Rank:0 [DEBUG]  [TASK_PULL_THREAD] ready workers:16, pending tasks:0
2021-07-27 16:01:51.556 parsl:252 Rank:0 [DEBUG]  [TASK_PULL_THREAD] Requesting tasks: 16
2021-07-27 16:01:51.564 parsl.process_loggers:28 Rank:0 [DEBUG]  Normal ending for send_first_message on thread MainThread
2021-07-27 16:01:51.757 parsl:283 Rank:0 [DEBUG]  [TASK_PULL_THREAD] No incoming tasks
2021-07-27 16:01:51.757 parsl:244 Rank:0 [DEBUG]  [TASK_PULL_THREAD] ready workers:16, pending tasks:0
2021-07-27 16:01:51.757 parsl:252 Rank:0 [DEBUG]  [TASK_PULL_THREAD] Requesting tasks: 16
2021-07-27 16:01:51.970 parsl:274 Rank:0 [DEBUG]  [TASK_PULL_THREAD] Got tasks: [15] of 8
2021-07-27 16:01:51.971 parsl:244 Rank:0 [DEBUG]  [TASK_PULL_THREAD] ready workers:16, pending tasks:1
2021-07-27 16:01:51.971 parsl:214 Rank:0 [DEBUG]  Return from heartbeat: None
2021-07-27 16:01:51.971 parsl:252 Rank:0 [DEBUG]  [TASK_PULL_THREAD] Requesting tasks: 16
2021-07-27 16:01:51.972 parsl:283 Rank:0 [DEBUG]  [TASK_PULL_THREAD] No incoming tasks
2021-07-27 16:01:51.972 parsl:244 Rank:0 [DEBUG]  [TASK_PULL_THREAD] ready workers:16, pending tasks:0
2021-07-27 16:01:51.972 parsl:252 Rank:0 [DEBUG]  [TASK_PULL_THREAD] Requesting tasks: 16
2021-07-27 16:01:51.974 parsl:270 Rank:0 [DEBUG]  Got heartbeat from interchange
2021-07-27 16:01:51.975 parsl:244 Rank:0 [DEBUG]  [TASK_PULL_THREAD] ready workers:15, pending tasks:0
2021-07-27 16:01:51.975 parsl:252 Rank:0 [DEBUG]  [TASK_PULL_THREAD] Requesting tasks: 15
2021-07-27 16:01:51.975 parsl:283 Rank:0 [DEBUG]  [TASK_PULL_THREAD] No incoming tasks
2021-07-27 16:01:51.975 parsl:244 Rank:0 [DEBUG]  [TASK_PULL_THREAD] ready workers:15, pending tasks:0
2021-07-27 16:01:51.975 parsl:252 Rank:0 [DEBUG]  [TASK_PULL_THREAD] Requesting tasks: 15
2021-07-27 16:01:51.980 parsl.process_loggers:28 Rank:0 [DEBUG]  Normal ending for send_first_message on thread MainThread
2021-07-27 16:01:52.177 parsl:283 Rank:0 [DEBUG]  [TASK_PULL_THREAD] No incoming tasks
2021-07-27 16:01:52.177 parsl:244 Rank:0 [DEBUG]  [TASK_PULL_THREAD] ready workers:16, pending tasks:0
2021-07-27 16:01:52.177 parsl:252 Rank:0 [DEBUG]  [TASK_PULL_THREAD] Requesting tasks: 16
2021-07-27 16:01:52.179 parsl:274 Rank:0 [DEBUG]  [TASK_PULL_THREAD] Got tasks: [16, 17] of 10
2021-07-27 16:01:52.180 parsl:244 Rank:0 [DEBUG]  [TASK_PULL_THREAD] ready workers:16, pending tasks:2
2021-07-27 16:01:52.180 parsl:252 Rank:0 [DEBUG]  [TASK_PULL_THREAD] Requesting tasks: 16
2021-07-27 16:01:52.180 parsl:283 Rank:0 [DEBUG]  [TASK_PULL_THREAD] No incoming tasks
2021-07-27 16:01:52.181 parsl:244 Rank:0 [DEBUG]  [TASK_PULL_THREAD] ready workers:16, pending tasks:0
2021-07-27 16:01:52.181 parsl:252 Rank:0 [DEBUG]  [TASK_PULL_THREAD] Requesting tasks: 16
2021-07-27 16:01:52.189 parsl.process_loggers:28 Rank:0 [DEBUG]  Normal ending for send_first_message on thread MainThread
2021-07-27 16:01:52.189 parsl.process_loggers:28 Rank:0 [DEBUG]  Normal ending for send_first_message on thread MainThread
2021-07-27 16:01:52.381 parsl:283 Rank:0 [DEBUG]  [TASK_PULL_THREAD] No incoming tasks
2021-07-27 16:01:52.382 parsl:244 Rank:0 [DEBUG]  [TASK_PULL_THREAD] ready workers:16, pending tasks:0
2021-07-27 16:01:52.382 parsl:252 Rank:0 [DEBUG]  [TASK_PULL_THREAD] Requesting tasks: 16
2021-07-27 16:01:52.784 parsl:283 Rank:0 [DEBUG]  [TASK_PULL_THREAD] No incoming tasks
2021-07-27 16:01:52.784 parsl:244 Rank:0 [DEBUG]  [TASK_PULL_THREAD] ready workers:16, pending tasks:0
2021-07-27 16:01:52.784 parsl:252 Rank:0 [DEBUG]  [TASK_PULL_THREAD] Requesting tasks: 16
2021-07-27 16:01:52.787 parsl:274 Rank:0 [DEBUG]  [TASK_PULL_THREAD] Got tasks: [20] of 11
2021-07-27 16:01:52.788 parsl:244 Rank:0 [DEBUG]  [TASK_PULL_THREAD] ready workers:16, pending tasks:1
2021-07-27 16:01:52.788 parsl:252 Rank:0 [DEBUG]  [TASK_PULL_THREAD] Requesting tasks: 16
2021-07-27 16:01:52.788 parsl:283 Rank:0 [DEBUG]  [TASK_PULL_THREAD] No incoming tasks
2021-07-27 16:01:52.788 parsl:244 Rank:0 [DEBUG]  [TASK_PULL_THREAD] ready workers:16, pending tasks:0
2021-07-27 16:01:52.788 parsl:252 Rank:0 [DEBUG]  [TASK_PULL_THREAD] Requesting tasks: 16
2021-07-27 16:01:52.795 parsl.process_loggers:28 Rank:0 [DEBUG]  Normal ending for send_first_message on thread MainThread
