2021-07-12 15:31:23.262 parsl:650 Rank:0 [INFO]  Python version: 3.9.6 (v3.9.6:db3ff76da1, Jun 28 2021, 11:49:53) 
[Clang 6.0 (clang-600.0.57)]
2021-07-12 15:31:23.262 parsl:651 Rank:0 [INFO]  Debug logging: True
2021-07-12 15:31:23.262 parsl:652 Rank:0 [INFO]  Log dir: /Users/vedkommalapati/Documents/GitHub/Parsl/runinfo/002/htex_Local
2021-07-12 15:31:23.262 parsl:653 Rank:0 [INFO]  Manager ID: 7cd604faaba8
2021-07-12 15:31:23.262 parsl:654 Rank:0 [INFO]  Block ID: 1
2021-07-12 15:31:23.262 parsl:655 Rank:0 [INFO]  cores_per_worker: 1
2021-07-12 15:31:23.262 parsl:656 Rank:0 [INFO]  mem_per_worker: None
2021-07-12 15:31:23.262 parsl:657 Rank:0 [INFO]  task_port: 54809
2021-07-12 15:31:23.262 parsl:658 Rank:0 [INFO]  result_port: 54538
2021-07-12 15:31:23.262 parsl:659 Rank:0 [INFO]  addresses: Veds-MacBook-Pro.local,73.211.248.63,192.168.1.6
2021-07-12 15:31:23.262 parsl:660 Rank:0 [INFO]  max_workers: inf
2021-07-12 15:31:23.263 parsl:661 Rank:0 [INFO]  poll_period: 100
2021-07-12 15:31:23.263 parsl:662 Rank:0 [INFO]  address_probe_timeout: 30
2021-07-12 15:31:23.263 parsl:663 Rank:0 [INFO]  Prefetch capacity: 0
2021-07-12 15:31:23.263 parsl:664 Rank:0 [INFO]  Heartbeat threshold: 5
2021-07-12 15:31:23.263 parsl:665 Rank:0 [INFO]  Heartbeat period: 2
2021-07-12 15:31:23.263 parsl:666 Rank:0 [INFO]  CPU affinity: none
2021-07-12 15:31:23.263 parsl:125 Rank:0 [INFO]  Manager started
2021-07-12 15:31:23.263 parsl.executors.high_throughput.probe:34 Rank:0 [DEBUG]  Trying to connect back on tcp://Veds-MacBook-Pro.local:54809
2021-07-12 15:31:23.264 parsl.executors.high_throughput.probe:34 Rank:0 [DEBUG]  Trying to connect back on tcp://73.211.248.63:54809
2021-07-12 15:31:23.264 parsl.executors.high_throughput.probe:34 Rank:0 [DEBUG]  Trying to connect back on tcp://192.168.1.6:54809
2021-07-12 15:31:23.288 parsl.executors.high_throughput.probe:47 Rank:0 [INFO]  Connected to interchange on 192.168.1.6
2021-07-12 15:31:23.294 parsl:132 Rank:0 [INFO]  Connection to Interchange successful on 192.168.1.6
2021-07-12 15:31:23.295 parsl:135 Rank:0 [INFO]  Task url : tcp://192.168.1.6:54809
2021-07-12 15:31:23.297 parsl:136 Rank:0 [INFO]  Result url : tcp://192.168.1.6:54538
2021-07-12 15:31:23.298 parsl:154 Rank:0 [INFO]  Manager connected
2021-07-12 15:31:23.298 parsl:180 Rank:0 [INFO]  Manager will spawn 4 workers
2021-07-12 15:31:23.342 parsl:421 Rank:0 [DEBUG]  Workers started
2021-07-12 15:31:23.344 parsl:235 Rank:0 [INFO]  [TASK PULL THREAD] starting
2021-07-12 15:31:23.344 parsl:318 Rank:0 [DEBUG]  [RESULT_PUSH_THREAD] Starting thread
2021-07-12 15:31:23.345 parsl:326 Rank:0 [DEBUG]  [RESULT_PUSH_THREAD] push poll period: 0.1
2021-07-12 15:31:23.346 parsl:360 Rank:0 [DEBUG]  [WORKER_WATCHDOG_THREAD] Starting thread
2021-07-12 15:31:23.346 parsl:363 Rank:0 [DEBUG]  [WORKER_WATCHDOG_THREAD] Loop
2021-07-12 15:31:23.347 parsl:392 Rank:0 [INFO]  [WORKER_WATCHDOG_THREAD] Worker 0 is alive
2021-07-12 15:31:23.346 parsl:436 Rank:0 [INFO]  Loop start
2021-07-12 15:31:23.346 parsl:241 Rank:0 [DEBUG]  Sending registration message: b'{"parsl_v": "1.1.0+desc-2021.07.09a", "python_v": "3.9.6", "worker_count": 4, "uid": "7cd604faaba8", "block_id": "1", "prefetch_capacity": 0, "max_capacity": 4, "os": "Darwin", "hostname": "Veds-MacBook-Pro.local", "dir": "/Users/vedkommalapati/Documents/GitHub/Parsl", "cpu_count": 2, "total_memory": 8589934592}'
2021-07-12 15:31:23.348 parsl:254 Rank:0 [DEBUG]  [TASK_PULL_THREAD] ready workers: 0, pending tasks: 0
2021-07-12 15:31:23.460 parsl:294 Rank:0 [DEBUG]  [TASK_PULL_THREAD] No incoming tasks
2021-07-12 15:31:23.460 parsl:254 Rank:0 [DEBUG]  [TASK_PULL_THREAD] ready workers: 4, pending tasks: 0
2021-07-12 15:31:23.460 parsl:262 Rank:0 [DEBUG]  [TASK_PULL_THREAD] Requesting tasks: 4
2021-07-12 15:31:23.673 parsl:294 Rank:0 [DEBUG]  [TASK_PULL_THREAD] No incoming tasks
2021-07-12 15:31:23.673 parsl:254 Rank:0 [DEBUG]  [TASK_PULL_THREAD] ready workers: 4, pending tasks: 0
2021-07-12 15:31:23.673 parsl:262 Rank:0 [DEBUG]  [TASK_PULL_THREAD] Requesting tasks: 4
2021-07-12 15:31:23.677 parsl:273 Rank:0 [DEBUG]  Updating time of last heartbeat from interchange at 1626121883.677551
2021-07-12 15:31:23.677 parsl:285 Rank:0 [DEBUG]  [TASK_PULL_THREAD] Got tasks: [3] of 1
2021-07-12 15:31:23.678 parsl:254 Rank:0 [DEBUG]  [TASK_PULL_THREAD] ready workers: 4, pending tasks: 1
2021-07-12 15:31:23.678 parsl:262 Rank:0 [DEBUG]  [TASK_PULL_THREAD] Requesting tasks: 4
2021-07-12 15:31:23.679 parsl:294 Rank:0 [DEBUG]  [TASK_PULL_THREAD] No incoming tasks
2021-07-12 15:31:23.679 parsl:254 Rank:0 [DEBUG]  [TASK_PULL_THREAD] ready workers: 4, pending tasks: 0
2021-07-12 15:31:23.679 parsl:262 Rank:0 [DEBUG]  [TASK_PULL_THREAD] Requesting tasks: 4
2021-07-12 15:31:23.681 parsl.monitoring.monitoring:450 Rank:0 [DEBUG]  wrapped: 1. start of wrapped
2021-07-12 15:31:23.682 parsl.monitoring.monitoring:132 Rank:0 [INFO]  htex-based monitoring channel initialising
2021-07-12 15:31:23.683 parsl.process_loggers:28 Rank:0 [DEBUG]  Normal ending for send_first_message on thread MainThread
2021-07-12 15:31:23.684 parsl.monitoring.monitoring:458 Rank:0 [DEBUG]  wrapped: 2. sent first message
2021-07-12 15:31:23.684 parsl.monitoring.monitoring:473 Rank:0 [DEBUG]  wrapped: 3. created monitor process, pid None
2021-07-12 15:31:23.686 parsl.monitoring.monitoring:475 Rank:0 [DEBUG]  wrapped: 4. started monitor process, pid 52550
2021-07-12 15:31:23.687 parsl.monitoring.monitoring:485 Rank:0 [DEBUG]  wrapped: 5. invoking wrapped function
2021-07-12 15:31:23.687 parsl.monitoring.monitoring:487 Rank:0 [DEBUG]  wrapped: 6. back from wrapped function ok
2021-07-12 15:31:23.687 parsl.monitoring.monitoring:490 Rank:0 [DEBUG]  wrapped: 10 in 2nd finally
2021-07-12 15:31:23.688 parsl.monitoring.monitoring:491 Rank:0 [DEBUG]  wrapped: 10.1 sending last message
2021-07-12 15:31:23.688 parsl.monitoring.monitoring:132 Rank:0 [INFO]  htex-based monitoring channel initialising
2021-07-12 15:31:23.689 parsl.process_loggers:28 Rank:0 [DEBUG]  Normal ending for send_last_message on thread MainThread
2021-07-12 15:31:23.690 parsl.monitoring.monitoring:497 Rank:0 [DEBUG]  wrapped: 10.1 sent last message
2021-07-12 15:31:23.691 parsl.monitoring.monitoring:501 Rank:0 [DEBUG]  wrapped: 11 done terminating monitor
2021-07-12 15:31:23.692 parsl.monitoring.monitoring:503 Rank:0 [DEBUG]  wrapped: 12 done joining monitor again
2021-07-12 15:31:23.889 parsl:294 Rank:0 [DEBUG]  [TASK_PULL_THREAD] No incoming tasks
2021-07-12 15:31:23.890 parsl:254 Rank:0 [DEBUG]  [TASK_PULL_THREAD] ready workers: 4, pending tasks: 0
2021-07-12 15:31:23.890 parsl:262 Rank:0 [DEBUG]  [TASK_PULL_THREAD] Requesting tasks: 4
2021-07-12 15:31:23.901 parsl:273 Rank:0 [DEBUG]  Updating time of last heartbeat from interchange at 1626121883.901354
2021-07-12 15:31:23.901 parsl:285 Rank:0 [DEBUG]  [TASK_PULL_THREAD] Got tasks: [4, 5] of 3
2021-07-12 15:31:23.901 parsl:254 Rank:0 [DEBUG]  [TASK_PULL_THREAD] ready workers: 4, pending tasks: 2
2021-07-12 15:31:23.902 parsl:262 Rank:0 [DEBUG]  [TASK_PULL_THREAD] Requesting tasks: 4
2021-07-12 15:31:23.905 parsl:294 Rank:0 [DEBUG]  [TASK_PULL_THREAD] No incoming tasks
2021-07-12 15:31:23.905 parsl:254 Rank:0 [DEBUG]  [TASK_PULL_THREAD] ready workers: 4, pending tasks: 0
2021-07-12 15:31:23.905 parsl:262 Rank:0 [DEBUG]  [TASK_PULL_THREAD] Requesting tasks: 4
2021-07-12 15:31:23.913 parsl.monitoring.monitoring:450 Rank:0 [DEBUG]  wrapped: 1. start of wrapped
2021-07-12 15:31:23.914 parsl.monitoring.monitoring:132 Rank:0 [INFO]  htex-based monitoring channel initialising
2021-07-12 15:31:23.917 parsl.process_loggers:28 Rank:0 [DEBUG]  Normal ending for send_first_message on thread MainThread
2021-07-12 15:31:23.918 parsl.monitoring.monitoring:458 Rank:0 [DEBUG]  wrapped: 2. sent first message
2021-07-12 15:31:23.918 parsl.monitoring.monitoring:450 Rank:0 [DEBUG]  wrapped: 1. start of wrapped
2021-07-12 15:31:23.918 parsl.monitoring.monitoring:473 Rank:0 [DEBUG]  wrapped: 3. created monitor process, pid None
2021-07-12 15:31:23.919 parsl.monitoring.monitoring:132 Rank:0 [INFO]  htex-based monitoring channel initialising
2021-07-12 15:31:23.920 parsl.process_loggers:28 Rank:0 [DEBUG]  Normal ending for send_first_message on thread MainThread
2021-07-12 15:31:23.921 parsl.monitoring.monitoring:458 Rank:0 [DEBUG]  wrapped: 2. sent first message
2021-07-12 15:31:23.921 parsl.monitoring.monitoring:473 Rank:0 [DEBUG]  wrapped: 3. created monitor process, pid None
2021-07-12 15:31:23.922 parsl.monitoring.monitoring:475 Rank:0 [DEBUG]  wrapped: 4. started monitor process, pid 52558
2021-07-12 15:31:23.923 parsl.monitoring.monitoring:485 Rank:0 [DEBUG]  wrapped: 5. invoking wrapped function
2021-07-12 15:31:23.923 parsl.monitoring.monitoring:487 Rank:0 [DEBUG]  wrapped: 6. back from wrapped function ok
2021-07-12 15:31:23.924 parsl.monitoring.monitoring:490 Rank:0 [DEBUG]  wrapped: 10 in 2nd finally
2021-07-12 15:31:23.925 parsl.monitoring.monitoring:491 Rank:0 [DEBUG]  wrapped: 10.1 sending last message
2021-07-12 15:31:23.925 parsl.monitoring.monitoring:132 Rank:0 [INFO]  htex-based monitoring channel initialising
2021-07-12 15:31:23.926 parsl.monitoring.monitoring:475 Rank:0 [DEBUG]  wrapped: 4. started monitor process, pid 52559
2021-07-12 15:31:23.927 parsl.process_loggers:28 Rank:0 [DEBUG]  Normal ending for send_last_message on thread MainThread
2021-07-12 15:31:23.928 parsl.monitoring.monitoring:485 Rank:0 [DEBUG]  wrapped: 5. invoking wrapped function
2021-07-12 15:31:23.928 parsl.monitoring.monitoring:497 Rank:0 [DEBUG]  wrapped: 10.1 sent last message
2021-07-12 15:31:23.928 parsl.monitoring.monitoring:487 Rank:0 [DEBUG]  wrapped: 6. back from wrapped function ok
2021-07-12 15:31:23.929 parsl.monitoring.monitoring:490 Rank:0 [DEBUG]  wrapped: 10 in 2nd finally
2021-07-12 15:31:23.929 parsl.monitoring.monitoring:501 Rank:0 [DEBUG]  wrapped: 11 done terminating monitor
2021-07-12 15:31:23.929 parsl.monitoring.monitoring:491 Rank:0 [DEBUG]  wrapped: 10.1 sending last message
2021-07-12 15:31:23.930 parsl.monitoring.monitoring:132 Rank:0 [INFO]  htex-based monitoring channel initialising
2021-07-12 15:31:23.932 parsl.monitoring.monitoring:503 Rank:0 [DEBUG]  wrapped: 12 done joining monitor again
2021-07-12 15:31:23.931 parsl.process_loggers:28 Rank:0 [DEBUG]  Normal ending for send_last_message on thread MainThread
2021-07-12 15:31:23.932 parsl.monitoring.monitoring:497 Rank:0 [DEBUG]  wrapped: 10.1 sent last message
2021-07-12 15:31:23.933 parsl.monitoring.monitoring:501 Rank:0 [DEBUG]  wrapped: 11 done terminating monitor
2021-07-12 15:31:23.935 parsl.monitoring.monitoring:503 Rank:0 [DEBUG]  wrapped: 12 done joining monitor again
2021-07-12 15:31:24.084 parsl:273 Rank:0 [DEBUG]  Updating time of last heartbeat from interchange at 1626121884.084121
2021-07-12 15:31:24.084 parsl:285 Rank:0 [DEBUG]  [TASK_PULL_THREAD] Got tasks: [6] of 4
2021-07-12 15:31:24.084 parsl:254 Rank:0 [DEBUG]  [TASK_PULL_THREAD] ready workers: 4, pending tasks: 1
2021-07-12 15:31:24.084 parsl:262 Rank:0 [DEBUG]  [TASK_PULL_THREAD] Requesting tasks: 4
2021-07-12 15:31:24.084 parsl:294 Rank:0 [DEBUG]  [TASK_PULL_THREAD] No incoming tasks
2021-07-12 15:31:24.084 parsl:254 Rank:0 [DEBUG]  [TASK_PULL_THREAD] ready workers: 4, pending tasks: 0
2021-07-12 15:31:24.084 parsl:262 Rank:0 [DEBUG]  [TASK_PULL_THREAD] Requesting tasks: 4
2021-07-12 15:31:24.086 parsl.monitoring.monitoring:450 Rank:0 [DEBUG]  wrapped: 1. start of wrapped
2021-07-12 15:31:24.087 parsl.monitoring.monitoring:132 Rank:0 [INFO]  htex-based monitoring channel initialising
2021-07-12 15:31:24.088 parsl.process_loggers:28 Rank:0 [DEBUG]  Normal ending for send_first_message on thread MainThread
2021-07-12 15:31:24.088 parsl.monitoring.monitoring:458 Rank:0 [DEBUG]  wrapped: 2. sent first message
2021-07-12 15:31:24.088 parsl.monitoring.monitoring:473 Rank:0 [DEBUG]  wrapped: 3. created monitor process, pid None
2021-07-12 15:31:24.090 parsl.monitoring.monitoring:475 Rank:0 [DEBUG]  wrapped: 4. started monitor process, pid 52562
2021-07-12 15:31:24.090 parsl.monitoring.monitoring:485 Rank:0 [DEBUG]  wrapped: 5. invoking wrapped function
2021-07-12 15:31:24.091 parsl.monitoring.monitoring:487 Rank:0 [DEBUG]  wrapped: 6. back from wrapped function ok
2021-07-12 15:31:24.091 parsl.monitoring.monitoring:490 Rank:0 [DEBUG]  wrapped: 10 in 2nd finally
2021-07-12 15:31:24.091 parsl.monitoring.monitoring:491 Rank:0 [DEBUG]  wrapped: 10.1 sending last message
2021-07-12 15:31:24.092 parsl.monitoring.monitoring:132 Rank:0 [INFO]  htex-based monitoring channel initialising
2021-07-12 15:31:24.093 parsl.process_loggers:28 Rank:0 [DEBUG]  Normal ending for send_last_message on thread MainThread
2021-07-12 15:31:24.093 parsl.monitoring.monitoring:497 Rank:0 [DEBUG]  wrapped: 10.1 sent last message
2021-07-12 15:31:24.093 parsl.monitoring.monitoring:132 Rank:0 [INFO]  htex-based monitoring channel initialising
2021-07-12 15:31:24.094 parsl.monitoring.monitoring:501 Rank:0 [DEBUG]  wrapped: 11 done terminating monitor
2021-07-12 15:31:24.095 parsl.monitoring.monitoring:503 Rank:0 [DEBUG]  wrapped: 12 done joining monitor again
2021-07-12 15:31:24.290 parsl:294 Rank:0 [DEBUG]  [TASK_PULL_THREAD] No incoming tasks
2021-07-12 15:31:24.290 parsl:254 Rank:0 [DEBUG]  [TASK_PULL_THREAD] ready workers: 4, pending tasks: 0
2021-07-12 15:31:24.290 parsl:262 Rank:0 [DEBUG]  [TASK_PULL_THREAD] Requesting tasks: 4
2021-07-12 15:31:24.692 parsl:294 Rank:0 [DEBUG]  [TASK_PULL_THREAD] No incoming tasks
2021-07-12 15:31:24.692 parsl:254 Rank:0 [DEBUG]  [TASK_PULL_THREAD] ready workers: 4, pending tasks: 0
2021-07-12 15:31:24.693 parsl:262 Rank:0 [DEBUG]  [TASK_PULL_THREAD] Requesting tasks: 4
2021-07-12 15:31:24.696 parsl:273 Rank:0 [DEBUG]  Updating time of last heartbeat from interchange at 1626121884.696873
2021-07-12 15:31:24.697 parsl:285 Rank:0 [DEBUG]  [TASK_PULL_THREAD] Got tasks: [10, 11] of 6
2021-07-12 15:31:24.697 parsl:254 Rank:0 [DEBUG]  [TASK_PULL_THREAD] ready workers: 4, pending tasks: 2
2021-07-12 15:31:24.697 parsl:262 Rank:0 [DEBUG]  [TASK_PULL_THREAD] Requesting tasks: 4
2021-07-12 15:31:24.697 parsl:294 Rank:0 [DEBUG]  [TASK_PULL_THREAD] No incoming tasks
2021-07-12 15:31:24.697 parsl:254 Rank:0 [DEBUG]  [TASK_PULL_THREAD] ready workers: 4, pending tasks: 0
2021-07-12 15:31:24.697 parsl:262 Rank:0 [DEBUG]  [TASK_PULL_THREAD] Requesting tasks: 4
2021-07-12 15:31:24.698 parsl.monitoring.monitoring:450 Rank:0 [DEBUG]  wrapped: 1. start of wrapped
2021-07-12 15:31:24.699 parsl.monitoring.monitoring:132 Rank:0 [INFO]  htex-based monitoring channel initialising
2021-07-12 15:31:24.699 parsl.monitoring.monitoring:450 Rank:0 [DEBUG]  wrapped: 1. start of wrapped
2021-07-12 15:31:24.699 parsl.monitoring.monitoring:132 Rank:0 [INFO]  htex-based monitoring channel initialising
2021-07-12 15:31:24.700 parsl.process_loggers:28 Rank:0 [DEBUG]  Normal ending for send_first_message on thread MainThread
2021-07-12 15:31:24.700 parsl.monitoring.monitoring:458 Rank:0 [DEBUG]  wrapped: 2. sent first message
2021-07-12 15:31:24.701 parsl.process_loggers:28 Rank:0 [DEBUG]  Normal ending for send_first_message on thread MainThread
2021-07-12 15:31:24.701 parsl.monitoring.monitoring:473 Rank:0 [DEBUG]  wrapped: 3. created monitor process, pid None
2021-07-12 15:31:24.702 parsl.monitoring.monitoring:458 Rank:0 [DEBUG]  wrapped: 2. sent first message
2021-07-12 15:31:24.702 parsl.monitoring.monitoring:473 Rank:0 [DEBUG]  wrapped: 3. created monitor process, pid None
2021-07-12 15:31:24.703 parsl.monitoring.monitoring:475 Rank:0 [DEBUG]  wrapped: 4. started monitor process, pid 52566
2021-07-12 15:31:24.704 parsl.monitoring.monitoring:485 Rank:0 [DEBUG]  wrapped: 5. invoking wrapped function
2021-07-12 15:31:24.704 parsl.monitoring.monitoring:475 Rank:0 [DEBUG]  wrapped: 4. started monitor process, pid 52567
2021-07-12 15:31:24.706 parsl.monitoring.monitoring:485 Rank:0 [DEBUG]  wrapped: 5. invoking wrapped function
2021-07-12 15:31:24.705 parsl.monitoring.monitoring:487 Rank:0 [DEBUG]  wrapped: 6. back from wrapped function ok
2021-07-12 15:31:24.706 parsl.monitoring.monitoring:487 Rank:0 [DEBUG]  wrapped: 6. back from wrapped function ok
2021-07-12 15:31:24.707 parsl.monitoring.monitoring:490 Rank:0 [DEBUG]  wrapped: 10 in 2nd finally
2021-07-12 15:31:24.707 parsl.monitoring.monitoring:490 Rank:0 [DEBUG]  wrapped: 10 in 2nd finally
2021-07-12 15:31:24.707 parsl.monitoring.monitoring:491 Rank:0 [DEBUG]  wrapped: 10.1 sending last message
2021-07-12 15:31:24.708 parsl.monitoring.monitoring:491 Rank:0 [DEBUG]  wrapped: 10.1 sending last message
2021-07-12 15:31:24.708 parsl.monitoring.monitoring:132 Rank:0 [INFO]  htex-based monitoring channel initialising
2021-07-12 15:31:24.708 parsl.monitoring.monitoring:132 Rank:0 [INFO]  htex-based monitoring channel initialising
2021-07-12 15:31:24.710 parsl.process_loggers:28 Rank:0 [DEBUG]  Normal ending for send_last_message on thread MainThread
2021-07-12 15:31:24.710 parsl.process_loggers:28 Rank:0 [DEBUG]  Normal ending for send_last_message on thread MainThread
2021-07-12 15:31:24.711 parsl.monitoring.monitoring:497 Rank:0 [DEBUG]  wrapped: 10.1 sent last message
2021-07-12 15:31:24.711 parsl.monitoring.monitoring:497 Rank:0 [DEBUG]  wrapped: 10.1 sent last message
2021-07-12 15:31:24.711 parsl.monitoring.monitoring:501 Rank:0 [DEBUG]  wrapped: 11 done terminating monitor
2021-07-12 15:31:24.712 parsl.monitoring.monitoring:501 Rank:0 [DEBUG]  wrapped: 11 done terminating monitor
2021-07-12 15:31:24.713 parsl.monitoring.monitoring:503 Rank:0 [DEBUG]  wrapped: 12 done joining monitor again
2021-07-12 15:31:24.713 parsl.monitoring.monitoring:503 Rank:0 [DEBUG]  wrapped: 12 done joining monitor again
2021-07-12 15:31:24.899 parsl:294 Rank:0 [DEBUG]  [TASK_PULL_THREAD] No incoming tasks
2021-07-12 15:31:24.899 parsl:254 Rank:0 [DEBUG]  [TASK_PULL_THREAD] ready workers: 4, pending tasks: 0
2021-07-12 15:31:24.900 parsl:262 Rank:0 [DEBUG]  [TASK_PULL_THREAD] Requesting tasks: 4
2021-07-12 15:31:25.300 parsl:294 Rank:0 [DEBUG]  [TASK_PULL_THREAD] No incoming tasks
2021-07-12 15:31:25.301 parsl:254 Rank:0 [DEBUG]  [TASK_PULL_THREAD] ready workers: 4, pending tasks: 0
2021-07-12 15:31:25.301 parsl:262 Rank:0 [DEBUG]  [TASK_PULL_THREAD] Requesting tasks: 4
2021-07-12 15:31:25.304 parsl:273 Rank:0 [DEBUG]  Updating time of last heartbeat from interchange at 1626121885.30492
2021-07-12 15:31:25.305 parsl:285 Rank:0 [DEBUG]  [TASK_PULL_THREAD] Got tasks: [15] of 7
2021-07-12 15:31:25.305 parsl:254 Rank:0 [DEBUG]  [TASK_PULL_THREAD] ready workers: 4, pending tasks: 1
2021-07-12 15:31:25.305 parsl:262 Rank:0 [DEBUG]  [TASK_PULL_THREAD] Requesting tasks: 4
2021-07-12 15:31:25.305 parsl:294 Rank:0 [DEBUG]  [TASK_PULL_THREAD] No incoming tasks
2021-07-12 15:31:25.305 parsl:254 Rank:0 [DEBUG]  [TASK_PULL_THREAD] ready workers: 4, pending tasks: 0
2021-07-12 15:31:25.306 parsl:262 Rank:0 [DEBUG]  [TASK_PULL_THREAD] Requesting tasks: 4
2021-07-12 15:31:25.306 parsl.monitoring.monitoring:450 Rank:0 [DEBUG]  wrapped: 1. start of wrapped
2021-07-12 15:31:25.307 parsl.monitoring.monitoring:132 Rank:0 [INFO]  htex-based monitoring channel initialising
2021-07-12 15:31:25.308 parsl.process_loggers:28 Rank:0 [DEBUG]  Normal ending for send_first_message on thread MainThread
2021-07-12 15:31:25.308 parsl.monitoring.monitoring:458 Rank:0 [DEBUG]  wrapped: 2. sent first message
2021-07-12 15:31:25.309 parsl.monitoring.monitoring:473 Rank:0 [DEBUG]  wrapped: 3. created monitor process, pid None
2021-07-12 15:31:25.310 parsl.monitoring.monitoring:475 Rank:0 [DEBUG]  wrapped: 4. started monitor process, pid 52571
2021-07-12 15:31:25.312 parsl.monitoring.monitoring:485 Rank:0 [DEBUG]  wrapped: 5. invoking wrapped function
2021-07-12 15:31:25.312 parsl.monitoring.monitoring:487 Rank:0 [DEBUG]  wrapped: 6. back from wrapped function ok
2021-07-12 15:31:25.312 parsl.monitoring.monitoring:490 Rank:0 [DEBUG]  wrapped: 10 in 2nd finally
2021-07-12 15:31:25.313 parsl.monitoring.monitoring:491 Rank:0 [DEBUG]  wrapped: 10.1 sending last message
2021-07-12 15:31:25.313 parsl.monitoring.monitoring:132 Rank:0 [INFO]  htex-based monitoring channel initialising
2021-07-12 15:31:25.315 parsl.process_loggers:28 Rank:0 [DEBUG]  Normal ending for send_last_message on thread MainThread
2021-07-12 15:31:25.316 parsl.monitoring.monitoring:497 Rank:0 [DEBUG]  wrapped: 10.1 sent last message
2021-07-12 15:31:25.316 parsl.monitoring.monitoring:501 Rank:0 [DEBUG]  wrapped: 11 done terminating monitor
2021-07-12 15:31:25.317 parsl.monitoring.monitoring:503 Rank:0 [DEBUG]  wrapped: 12 done joining monitor again
2021-07-12 15:31:25.509 parsl:294 Rank:0 [DEBUG]  [TASK_PULL_THREAD] No incoming tasks
2021-07-12 15:31:25.509 parsl:254 Rank:0 [DEBUG]  [TASK_PULL_THREAD] ready workers: 4, pending tasks: 0
2021-07-12 15:31:25.509 parsl:223 Rank:0 [DEBUG]  Sent heartbeat, return code None
2021-07-12 15:31:25.509 parsl:262 Rank:0 [DEBUG]  [TASK_PULL_THREAD] Requesting tasks: 4
2021-07-12 15:31:25.511 parsl:273 Rank:0 [DEBUG]  Updating time of last heartbeat from interchange at 1626121885.511932
2021-07-12 15:31:25.512 parsl:281 Rank:0 [DEBUG]  Got heartbeat from interchange
2021-07-12 15:31:25.512 parsl:254 Rank:0 [DEBUG]  [TASK_PULL_THREAD] ready workers: 4, pending tasks: 0
2021-07-12 15:31:25.512 parsl:262 Rank:0 [DEBUG]  [TASK_PULL_THREAD] Requesting tasks: 4
2021-07-12 15:31:25.512 parsl:294 Rank:0 [DEBUG]  [TASK_PULL_THREAD] No incoming tasks
2021-07-12 15:31:25.512 parsl:254 Rank:0 [DEBUG]  [TASK_PULL_THREAD] ready workers: 4, pending tasks: 0
2021-07-12 15:31:25.512 parsl:262 Rank:0 [DEBUG]  [TASK_PULL_THREAD] Requesting tasks: 4
2021-07-12 15:31:25.713 parsl:294 Rank:0 [DEBUG]  [TASK_PULL_THREAD] No incoming tasks
2021-07-12 15:31:25.713 parsl:254 Rank:0 [DEBUG]  [TASK_PULL_THREAD] ready workers: 4, pending tasks: 0
2021-07-12 15:31:25.713 parsl:262 Rank:0 [DEBUG]  [TASK_PULL_THREAD] Requesting tasks: 4
2021-07-12 15:31:26.119 parsl:294 Rank:0 [DEBUG]  [TASK_PULL_THREAD] No incoming tasks
2021-07-12 15:31:26.119 parsl:254 Rank:0 [DEBUG]  [TASK_PULL_THREAD] ready workers: 4, pending tasks: 0
2021-07-12 15:31:26.119 parsl:262 Rank:0 [DEBUG]  [TASK_PULL_THREAD] Requesting tasks: 4
2021-07-12 15:31:26.925 parsl:294 Rank:0 [DEBUG]  [TASK_PULL_THREAD] No incoming tasks
2021-07-12 15:31:26.925 parsl:254 Rank:0 [DEBUG]  [TASK_PULL_THREAD] ready workers: 4, pending tasks: 0
2021-07-12 15:31:26.925 parsl:262 Rank:0 [DEBUG]  [TASK_PULL_THREAD] Requesting tasks: 4
