2021-07-19 17:00:40.499 interchange:158 [DEBUG]  Initializing Interchange process
2021-07-19 17:00:40.500 interchange:164 [INFO]  Attempting connection to client at 127.0.0.1 on ports: 55570,55260,55892
2021-07-19 17:00:40.502 interchange:178 [INFO]  Connected to client
2021-07-19 17:00:40.503 interchange:208 [INFO]  Bound to ports 54134,54188 for incoming worker connections
2021-07-19 17:00:40.504 interchange:223 [INFO]  Platform info: {'parsl_v': '1.1.0', 'python_v': '3.8.8', 'os': 'Darwin', 'hostname': 'Ananths-Macbook.local', 'dir': '/Users/ananthhariharan/Documents/Code/GitHub/Parsl-Project'}
2021-07-19 17:00:40.505 interchange:371 [INFO]  Incoming ports bound
2021-07-19 17:00:40.506 interchange:282 [INFO]  Connecting to monitoring
2021-07-19 17:00:40.507 interchange:286 [INFO]  Monitoring enabled and connected to hub
2021-07-19 17:00:40.508 interchange:259 [INFO]  [TASK_PULL_THREAD] Starting
2021-07-19 17:00:40.509 interchange:302 [DEBUG]  [COMMAND] Command Server Starting
2021-07-19 17:00:40.509 interchange:282 [INFO]  Connecting to monitoring
2021-07-19 17:00:40.510 interchange:286 [INFO]  Monitoring enabled and connected to hub
2021-07-19 17:00:40.520 interchange:269 [DEBUG]  [TASK_PULL_THREAD] 0 tasks in internal queue
2021-07-19 17:00:40.524 interchange:278 [DEBUG]  [TASK_PULL_THREAD] Fetched task:1
2021-07-19 17:00:40.535 interchange:269 [DEBUG]  [TASK_PULL_THREAD] 1 tasks in internal queue
2021-07-19 17:00:40.547 interchange:269 [DEBUG]  [TASK_PULL_THREAD] 1 tasks in internal queue
2021-07-19 17:00:40.560 interchange:269 [DEBUG]  [TASK_PULL_THREAD] 1 tasks in internal queue
2021-07-19 17:00:40.574 interchange:269 [DEBUG]  [TASK_PULL_THREAD] 1 tasks in internal queue
2021-07-19 17:00:40.587 interchange:269 [DEBUG]  [TASK_PULL_THREAD] 1 tasks in internal queue
2021-07-19 17:00:40.601 interchange:269 [DEBUG]  [TASK_PULL_THREAD] 1 tasks in internal queue
2021-07-19 17:00:40.610 interchange:476 [DEBUG]  Managers count (interesting/total): 0/0
2021-07-19 17:00:40.611 interchange:512 [DEBUG]  [MAIN] either no interesting managers or no tasks, so skipping manager pass
2021-07-19 17:00:40.614 interchange:269 [DEBUG]  [TASK_PULL_THREAD] 1 tasks in internal queue
2021-07-19 17:00:40.627 interchange:269 [DEBUG]  [TASK_PULL_THREAD] 1 tasks in internal queue
2021-07-19 17:00:40.641 interchange:269 [DEBUG]  [TASK_PULL_THREAD] 1 tasks in internal queue
2021-07-19 17:00:40.654 interchange:269 [DEBUG]  [TASK_PULL_THREAD] 1 tasks in internal queue
2021-07-19 17:00:40.668 interchange:269 [DEBUG]  [TASK_PULL_THREAD] 1 tasks in internal queue
2021-07-19 17:00:40.682 interchange:269 [DEBUG]  [TASK_PULL_THREAD] 1 tasks in internal queue
2021-07-19 17:00:40.696 interchange:269 [DEBUG]  [TASK_PULL_THREAD] 1 tasks in internal queue
2021-07-19 17:00:40.710 interchange:269 [DEBUG]  [TASK_PULL_THREAD] 1 tasks in internal queue
2021-07-19 17:00:40.714 interchange:476 [DEBUG]  Managers count (interesting/total): 0/0
2021-07-19 17:00:40.715 interchange:512 [DEBUG]  [MAIN] either no interesting managers or no tasks, so skipping manager pass
2021-07-19 17:00:40.723 interchange:269 [DEBUG]  [TASK_PULL_THREAD] 1 tasks in internal queue
2021-07-19 17:00:40.737 interchange:269 [DEBUG]  [TASK_PULL_THREAD] 1 tasks in internal queue
2021-07-19 17:00:40.751 interchange:269 [DEBUG]  [TASK_PULL_THREAD] 1 tasks in internal queue
2021-07-19 17:00:40.764 interchange:269 [DEBUG]  [TASK_PULL_THREAD] 1 tasks in internal queue
2021-07-19 17:00:40.777 interchange:269 [DEBUG]  [TASK_PULL_THREAD] 1 tasks in internal queue
2021-07-19 17:00:40.789 interchange:269 [DEBUG]  [TASK_PULL_THREAD] 1 tasks in internal queue
2021-07-19 17:00:40.803 interchange:269 [DEBUG]  [TASK_PULL_THREAD] 1 tasks in internal queue
2021-07-19 17:00:40.816 interchange:269 [DEBUG]  [TASK_PULL_THREAD] 1 tasks in internal queue
2021-07-19 17:00:40.817 interchange:476 [DEBUG]  Managers count (interesting/total): 0/0
2021-07-19 17:00:40.819 interchange:512 [DEBUG]  [MAIN] either no interesting managers or no tasks, so skipping manager pass
2021-07-19 17:00:40.831 interchange:269 [DEBUG]  [TASK_PULL_THREAD] 1 tasks in internal queue
2021-07-19 17:00:40.844 interchange:269 [DEBUG]  [TASK_PULL_THREAD] 1 tasks in internal queue
2021-07-19 17:00:40.858 interchange:269 [DEBUG]  [TASK_PULL_THREAD] 1 tasks in internal queue
2021-07-19 17:00:40.872 interchange:269 [DEBUG]  [TASK_PULL_THREAD] 1 tasks in internal queue
2021-07-19 17:00:40.884 interchange:269 [DEBUG]  [TASK_PULL_THREAD] 1 tasks in internal queue
2021-07-19 17:00:40.897 interchange:269 [DEBUG]  [TASK_PULL_THREAD] 1 tasks in internal queue
2021-07-19 17:00:40.908 interchange:269 [DEBUG]  [TASK_PULL_THREAD] 1 tasks in internal queue
2021-07-19 17:00:40.920 interchange:269 [DEBUG]  [TASK_PULL_THREAD] 1 tasks in internal queue
2021-07-19 17:00:40.920 interchange:476 [DEBUG]  Managers count (interesting/total): 0/0
2021-07-19 17:00:40.921 interchange:512 [DEBUG]  [MAIN] either no interesting managers or no tasks, so skipping manager pass
2021-07-19 17:00:40.933 interchange:269 [DEBUG]  [TASK_PULL_THREAD] 1 tasks in internal queue
2021-07-19 17:00:40.946 interchange:269 [DEBUG]  [TASK_PULL_THREAD] 1 tasks in internal queue
2021-07-19 17:00:40.957 interchange:269 [DEBUG]  [TASK_PULL_THREAD] 1 tasks in internal queue
2021-07-19 17:00:40.968 interchange:269 [DEBUG]  [TASK_PULL_THREAD] 1 tasks in internal queue
2021-07-19 17:00:40.979 interchange:269 [DEBUG]  [TASK_PULL_THREAD] 1 tasks in internal queue
2021-07-19 17:00:40.990 interchange:269 [DEBUG]  [TASK_PULL_THREAD] 1 tasks in internal queue
2021-07-19 17:00:41.004 interchange:269 [DEBUG]  [TASK_PULL_THREAD] 1 tasks in internal queue
2021-07-19 17:00:41.018 interchange:269 [DEBUG]  [TASK_PULL_THREAD] 1 tasks in internal queue
2021-07-19 17:00:41.022 interchange:476 [DEBUG]  Managers count (interesting/total): 0/0
2021-07-19 17:00:41.023 interchange:512 [DEBUG]  [MAIN] either no interesting managers or no tasks, so skipping manager pass
2021-07-19 17:00:41.032 interchange:269 [DEBUG]  [TASK_PULL_THREAD] 1 tasks in internal queue
2021-07-19 17:00:41.043 interchange:269 [DEBUG]  [TASK_PULL_THREAD] 1 tasks in internal queue
2021-07-19 17:00:41.055 interchange:269 [DEBUG]  [TASK_PULL_THREAD] 1 tasks in internal queue
2021-07-19 17:00:41.069 interchange:269 [DEBUG]  [TASK_PULL_THREAD] 1 tasks in internal queue
2021-07-19 17:00:41.081 interchange:269 [DEBUG]  [TASK_PULL_THREAD] 1 tasks in internal queue
2021-07-19 17:00:41.093 interchange:269 [DEBUG]  [TASK_PULL_THREAD] 1 tasks in internal queue
2021-07-19 17:00:41.105 interchange:269 [DEBUG]  [TASK_PULL_THREAD] 1 tasks in internal queue
2021-07-19 17:00:41.119 interchange:269 [DEBUG]  [TASK_PULL_THREAD] 1 tasks in internal queue
2021-07-19 17:00:41.124 interchange:476 [DEBUG]  Managers count (interesting/total): 0/0
2021-07-19 17:00:41.125 interchange:512 [DEBUG]  [MAIN] either no interesting managers or no tasks, so skipping manager pass
2021-07-19 17:00:41.130 interchange:269 [DEBUG]  [TASK_PULL_THREAD] 1 tasks in internal queue
2021-07-19 17:00:41.143 interchange:269 [DEBUG]  [TASK_PULL_THREAD] 1 tasks in internal queue
2021-07-19 17:00:41.157 interchange:269 [DEBUG]  [TASK_PULL_THREAD] 1 tasks in internal queue
2021-07-19 17:00:41.171 interchange:269 [DEBUG]  [TASK_PULL_THREAD] 1 tasks in internal queue
2021-07-19 17:00:41.184 interchange:269 [DEBUG]  [TASK_PULL_THREAD] 1 tasks in internal queue
2021-07-19 17:00:41.198 interchange:269 [DEBUG]  [TASK_PULL_THREAD] 1 tasks in internal queue
2021-07-19 17:00:41.212 interchange:269 [DEBUG]  [TASK_PULL_THREAD] 1 tasks in internal queue
2021-07-19 17:00:41.225 interchange:269 [DEBUG]  [TASK_PULL_THREAD] 1 tasks in internal queue
2021-07-19 17:00:41.227 interchange:476 [DEBUG]  Managers count (interesting/total): 0/0
2021-07-19 17:00:41.228 interchange:512 [DEBUG]  [MAIN] either no interesting managers or no tasks, so skipping manager pass
2021-07-19 17:00:41.238 interchange:269 [DEBUG]  [TASK_PULL_THREAD] 1 tasks in internal queue
2021-07-19 17:00:41.252 interchange:269 [DEBUG]  [TASK_PULL_THREAD] 1 tasks in internal queue
2021-07-19 17:00:41.264 interchange:269 [DEBUG]  [TASK_PULL_THREAD] 1 tasks in internal queue
2021-07-19 17:00:41.277 interchange:269 [DEBUG]  [TASK_PULL_THREAD] 1 tasks in internal queue
2021-07-19 17:00:41.291 interchange:269 [DEBUG]  [TASK_PULL_THREAD] 1 tasks in internal queue
2021-07-19 17:00:41.303 interchange:269 [DEBUG]  [TASK_PULL_THREAD] 1 tasks in internal queue
2021-07-19 17:00:41.317 interchange:269 [DEBUG]  [TASK_PULL_THREAD] 1 tasks in internal queue
2021-07-19 17:00:41.329 interchange:476 [DEBUG]  Managers count (interesting/total): 0/0
2021-07-19 17:00:41.330 interchange:512 [DEBUG]  [MAIN] either no interesting managers or no tasks, so skipping manager pass
2021-07-19 17:00:41.331 interchange:269 [DEBUG]  [TASK_PULL_THREAD] 1 tasks in internal queue
2021-07-19 17:00:41.343 interchange:269 [DEBUG]  [TASK_PULL_THREAD] 1 tasks in internal queue
2021-07-19 17:00:41.355 interchange:269 [DEBUG]  [TASK_PULL_THREAD] 1 tasks in internal queue
2021-07-19 17:00:41.369 interchange:269 [DEBUG]  [TASK_PULL_THREAD] 1 tasks in internal queue
2021-07-19 17:00:41.380 interchange:269 [DEBUG]  [TASK_PULL_THREAD] 1 tasks in internal queue
2021-07-19 17:00:41.393 interchange:269 [DEBUG]  [TASK_PULL_THREAD] 1 tasks in internal queue
2021-07-19 17:00:41.406 interchange:269 [DEBUG]  [TASK_PULL_THREAD] 1 tasks in internal queue
2021-07-19 17:00:41.420 interchange:269 [DEBUG]  [TASK_PULL_THREAD] 1 tasks in internal queue
2021-07-19 17:00:41.432 interchange:269 [DEBUG]  [TASK_PULL_THREAD] 1 tasks in internal queue
2021-07-19 17:00:41.433 interchange:476 [DEBUG]  Managers count (interesting/total): 0/0
2021-07-19 17:00:41.434 interchange:512 [DEBUG]  [MAIN] either no interesting managers or no tasks, so skipping manager pass
2021-07-19 17:00:41.446 interchange:269 [DEBUG]  [TASK_PULL_THREAD] 1 tasks in internal queue
2021-07-19 17:00:41.459 interchange:269 [DEBUG]  [TASK_PULL_THREAD] 1 tasks in internal queue
2021-07-19 17:00:41.471 interchange:269 [DEBUG]  [TASK_PULL_THREAD] 1 tasks in internal queue
2021-07-19 17:00:41.483 interchange:269 [DEBUG]  [TASK_PULL_THREAD] 1 tasks in internal queue
2021-07-19 17:00:41.493 interchange:310 [DEBUG]  [COMMAND] Received command request: OUTSTANDING_C
2021-07-19 17:00:41.494 interchange:356 [DEBUG]  [COMMAND] Reply: 1
2021-07-19 17:00:41.495 interchange:269 [DEBUG]  [TASK_PULL_THREAD] 1 tasks in internal queue
2021-07-19 17:00:41.496 interchange:310 [DEBUG]  [COMMAND] Received command request: WORKERS
2021-07-19 17:00:41.496 interchange:356 [DEBUG]  [COMMAND] Reply: 0
2021-07-19 17:00:41.498 interchange:310 [DEBUG]  [COMMAND] Received command request: WORKERS
2021-07-19 17:00:41.499 interchange:356 [DEBUG]  [COMMAND] Reply: 0
2021-07-19 17:00:41.506 interchange:269 [DEBUG]  [TASK_PULL_THREAD] 1 tasks in internal queue
2021-07-19 17:00:41.519 interchange:269 [DEBUG]  [TASK_PULL_THREAD] 1 tasks in internal queue
2021-07-19 17:00:41.531 interchange:269 [DEBUG]  [TASK_PULL_THREAD] 1 tasks in internal queue
2021-07-19 17:00:41.536 interchange:476 [DEBUG]  Managers count (interesting/total): 0/0
2021-07-19 17:00:41.536 interchange:512 [DEBUG]  [MAIN] either no interesting managers or no tasks, so skipping manager pass
2021-07-19 17:00:41.544 interchange:269 [DEBUG]  [TASK_PULL_THREAD] 1 tasks in internal queue
2021-07-19 17:00:41.555 interchange:269 [DEBUG]  [TASK_PULL_THREAD] 1 tasks in internal queue
2021-07-19 17:00:41.568 interchange:269 [DEBUG]  [TASK_PULL_THREAD] 1 tasks in internal queue
2021-07-19 17:00:41.580 interchange:269 [DEBUG]  [TASK_PULL_THREAD] 1 tasks in internal queue
2021-07-19 17:00:41.592 interchange:269 [DEBUG]  [TASK_PULL_THREAD] 1 tasks in internal queue
2021-07-19 17:00:41.605 interchange:269 [DEBUG]  [TASK_PULL_THREAD] 1 tasks in internal queue
2021-07-19 17:00:41.618 interchange:269 [DEBUG]  [TASK_PULL_THREAD] 1 tasks in internal queue
2021-07-19 17:00:41.632 interchange:269 [DEBUG]  [TASK_PULL_THREAD] 1 tasks in internal queue
2021-07-19 17:00:41.638 interchange:476 [DEBUG]  Managers count (interesting/total): 0/0
2021-07-19 17:00:41.638 interchange:512 [DEBUG]  [MAIN] either no interesting managers or no tasks, so skipping manager pass
2021-07-19 17:00:41.643 interchange:269 [DEBUG]  [TASK_PULL_THREAD] 1 tasks in internal queue
2021-07-19 17:00:41.656 interchange:269 [DEBUG]  [TASK_PULL_THREAD] 1 tasks in internal queue
2021-07-19 17:00:41.668 interchange:269 [DEBUG]  [TASK_PULL_THREAD] 1 tasks in internal queue
2021-07-19 17:00:41.681 interchange:269 [DEBUG]  [TASK_PULL_THREAD] 1 tasks in internal queue
2021-07-19 17:00:41.694 interchange:269 [DEBUG]  [TASK_PULL_THREAD] 1 tasks in internal queue
2021-07-19 17:00:41.708 interchange:269 [DEBUG]  [TASK_PULL_THREAD] 1 tasks in internal queue
2021-07-19 17:00:41.719 interchange:269 [DEBUG]  [TASK_PULL_THREAD] 1 tasks in internal queue
2021-07-19 17:00:41.732 interchange:269 [DEBUG]  [TASK_PULL_THREAD] 1 tasks in internal queue
2021-07-19 17:00:41.740 interchange:476 [DEBUG]  Managers count (interesting/total): 0/0
2021-07-19 17:00:41.741 interchange:512 [DEBUG]  [MAIN] either no interesting managers or no tasks, so skipping manager pass
2021-07-19 17:00:41.745 interchange:269 [DEBUG]  [TASK_PULL_THREAD] 1 tasks in internal queue
2021-07-19 17:00:41.758 interchange:269 [DEBUG]  [TASK_PULL_THREAD] 1 tasks in internal queue
2021-07-19 17:00:41.770 interchange:269 [DEBUG]  [TASK_PULL_THREAD] 1 tasks in internal queue
2021-07-19 17:00:41.783 interchange:269 [DEBUG]  [TASK_PULL_THREAD] 1 tasks in internal queue
2021-07-19 17:00:41.796 interchange:269 [DEBUG]  [TASK_PULL_THREAD] 1 tasks in internal queue
2021-07-19 17:00:41.809 interchange:269 [DEBUG]  [TASK_PULL_THREAD] 1 tasks in internal queue
2021-07-19 17:00:41.822 interchange:269 [DEBUG]  [TASK_PULL_THREAD] 1 tasks in internal queue
2021-07-19 17:00:41.835 interchange:269 [DEBUG]  [TASK_PULL_THREAD] 1 tasks in internal queue
2021-07-19 17:00:41.843 interchange:476 [DEBUG]  Managers count (interesting/total): 0/0
2021-07-19 17:00:41.843 interchange:512 [DEBUG]  [MAIN] either no interesting managers or no tasks, so skipping manager pass
2021-07-19 17:00:41.847 interchange:269 [DEBUG]  [TASK_PULL_THREAD] 1 tasks in internal queue
2021-07-19 17:00:41.861 interchange:269 [DEBUG]  [TASK_PULL_THREAD] 1 tasks in internal queue
2021-07-19 17:00:41.872 interchange:269 [DEBUG]  [TASK_PULL_THREAD] 1 tasks in internal queue
2021-07-19 17:00:41.884 interchange:269 [DEBUG]  [TASK_PULL_THREAD] 1 tasks in internal queue
2021-07-19 17:00:41.897 interchange:269 [DEBUG]  [TASK_PULL_THREAD] 1 tasks in internal queue
2021-07-19 17:00:41.911 interchange:269 [DEBUG]  [TASK_PULL_THREAD] 1 tasks in internal queue
2021-07-19 17:00:41.923 interchange:269 [DEBUG]  [TASK_PULL_THREAD] 1 tasks in internal queue
2021-07-19 17:00:41.935 interchange:269 [DEBUG]  [TASK_PULL_THREAD] 1 tasks in internal queue
2021-07-19 17:00:41.945 interchange:476 [DEBUG]  Managers count (interesting/total): 0/0
2021-07-19 17:00:41.946 interchange:269 [DEBUG]  [TASK_PULL_THREAD] 1 tasks in internal queue
2021-07-19 17:00:41.946 interchange:512 [DEBUG]  [MAIN] either no interesting managers or no tasks, so skipping manager pass
2021-07-19 17:00:41.959 interchange:269 [DEBUG]  [TASK_PULL_THREAD] 1 tasks in internal queue
2021-07-19 17:00:41.971 interchange:269 [DEBUG]  [TASK_PULL_THREAD] 1 tasks in internal queue
2021-07-19 17:00:41.984 interchange:269 [DEBUG]  [TASK_PULL_THREAD] 1 tasks in internal queue
2021-07-19 17:00:41.997 interchange:269 [DEBUG]  [TASK_PULL_THREAD] 1 tasks in internal queue
2021-07-19 17:00:42.010 interchange:269 [DEBUG]  [TASK_PULL_THREAD] 1 tasks in internal queue
2021-07-19 17:00:42.024 interchange:269 [DEBUG]  [TASK_PULL_THREAD] 1 tasks in internal queue
2021-07-19 17:00:42.035 interchange:269 [DEBUG]  [TASK_PULL_THREAD] 1 tasks in internal queue
2021-07-19 17:00:42.046 interchange:269 [DEBUG]  [TASK_PULL_THREAD] 1 tasks in internal queue
2021-07-19 17:00:42.048 interchange:476 [DEBUG]  Managers count (interesting/total): 0/0
2021-07-19 17:00:42.048 interchange:512 [DEBUG]  [MAIN] either no interesting managers or no tasks, so skipping manager pass
2021-07-19 17:00:42.059 interchange:269 [DEBUG]  [TASK_PULL_THREAD] 1 tasks in internal queue
2021-07-19 17:00:42.072 interchange:269 [DEBUG]  [TASK_PULL_THREAD] 1 tasks in internal queue
2021-07-19 17:00:42.085 interchange:269 [DEBUG]  [TASK_PULL_THREAD] 1 tasks in internal queue
2021-07-19 17:00:42.098 interchange:269 [DEBUG]  [TASK_PULL_THREAD] 1 tasks in internal queue
2021-07-19 17:00:42.110 interchange:269 [DEBUG]  [TASK_PULL_THREAD] 1 tasks in internal queue
2021-07-19 17:00:42.121 interchange:269 [DEBUG]  [TASK_PULL_THREAD] 1 tasks in internal queue
2021-07-19 17:00:42.132 interchange:269 [DEBUG]  [TASK_PULL_THREAD] 1 tasks in internal queue
2021-07-19 17:00:42.143 interchange:269 [DEBUG]  [TASK_PULL_THREAD] 1 tasks in internal queue
2021-07-19 17:00:42.150 interchange:476 [DEBUG]  Managers count (interesting/total): 0/0
2021-07-19 17:00:42.150 interchange:512 [DEBUG]  [MAIN] either no interesting managers or no tasks, so skipping manager pass
2021-07-19 17:00:42.156 interchange:269 [DEBUG]  [TASK_PULL_THREAD] 1 tasks in internal queue
2021-07-19 17:00:42.169 interchange:269 [DEBUG]  [TASK_PULL_THREAD] 1 tasks in internal queue
2021-07-19 17:00:42.180 interchange:269 [DEBUG]  [TASK_PULL_THREAD] 1 tasks in internal queue
2021-07-19 17:00:42.192 interchange:269 [DEBUG]  [TASK_PULL_THREAD] 1 tasks in internal queue
2021-07-19 17:00:42.205 interchange:269 [DEBUG]  [TASK_PULL_THREAD] 1 tasks in internal queue
2021-07-19 17:00:42.218 interchange:269 [DEBUG]  [TASK_PULL_THREAD] 1 tasks in internal queue
2021-07-19 17:00:42.230 interchange:269 [DEBUG]  [TASK_PULL_THREAD] 1 tasks in internal queue
2021-07-19 17:00:42.241 interchange:269 [DEBUG]  [TASK_PULL_THREAD] 1 tasks in internal queue
2021-07-19 17:00:42.252 interchange:476 [DEBUG]  Managers count (interesting/total): 0/0
2021-07-19 17:00:42.253 interchange:512 [DEBUG]  [MAIN] either no interesting managers or no tasks, so skipping manager pass
2021-07-19 17:00:42.253 interchange:269 [DEBUG]  [TASK_PULL_THREAD] 1 tasks in internal queue
2021-07-19 17:00:42.265 interchange:269 [DEBUG]  [TASK_PULL_THREAD] 1 tasks in internal queue
2021-07-19 17:00:42.278 interchange:269 [DEBUG]  [TASK_PULL_THREAD] 1 tasks in internal queue
2021-07-19 17:00:42.291 interchange:269 [DEBUG]  [TASK_PULL_THREAD] 1 tasks in internal queue
2021-07-19 17:00:42.304 interchange:269 [DEBUG]  [TASK_PULL_THREAD] 1 tasks in internal queue
2021-07-19 17:00:42.315 interchange:269 [DEBUG]  [TASK_PULL_THREAD] 1 tasks in internal queue
2021-07-19 17:00:42.326 interchange:269 [DEBUG]  [TASK_PULL_THREAD] 1 tasks in internal queue
2021-07-19 17:00:42.339 interchange:269 [DEBUG]  [TASK_PULL_THREAD] 1 tasks in internal queue
2021-07-19 17:00:42.350 interchange:269 [DEBUG]  [TASK_PULL_THREAD] 1 tasks in internal queue
2021-07-19 17:00:42.354 interchange:476 [DEBUG]  Managers count (interesting/total): 0/0
2021-07-19 17:00:42.355 interchange:512 [DEBUG]  [MAIN] either no interesting managers or no tasks, so skipping manager pass
2021-07-19 17:00:42.361 interchange:269 [DEBUG]  [TASK_PULL_THREAD] 1 tasks in internal queue
2021-07-19 17:00:42.374 interchange:269 [DEBUG]  [TASK_PULL_THREAD] 1 tasks in internal queue
2021-07-19 17:00:42.386 interchange:269 [DEBUG]  [TASK_PULL_THREAD] 1 tasks in internal queue
2021-07-19 17:00:42.398 interchange:269 [DEBUG]  [TASK_PULL_THREAD] 1 tasks in internal queue
2021-07-19 17:00:42.410 interchange:269 [DEBUG]  [TASK_PULL_THREAD] 1 tasks in internal queue
2021-07-19 17:00:42.424 interchange:269 [DEBUG]  [TASK_PULL_THREAD] 1 tasks in internal queue
2021-07-19 17:00:42.435 interchange:269 [DEBUG]  [TASK_PULL_THREAD] 1 tasks in internal queue
2021-07-19 17:00:42.447 interchange:269 [DEBUG]  [TASK_PULL_THREAD] 1 tasks in internal queue
2021-07-19 17:00:42.456 interchange:476 [DEBUG]  Managers count (interesting/total): 0/0
2021-07-19 17:00:42.457 interchange:512 [DEBUG]  [MAIN] either no interesting managers or no tasks, so skipping manager pass
2021-07-19 17:00:42.461 interchange:269 [DEBUG]  [TASK_PULL_THREAD] 1 tasks in internal queue
2021-07-19 17:00:42.475 interchange:269 [DEBUG]  [TASK_PULL_THREAD] 1 tasks in internal queue
2021-07-19 17:00:42.488 interchange:269 [DEBUG]  [TASK_PULL_THREAD] 1 tasks in internal queue
2021-07-19 17:00:42.501 interchange:269 [DEBUG]  [TASK_PULL_THREAD] 1 tasks in internal queue
2021-07-19 17:00:42.501 interchange:360 [DEBUG]  [COMMAND] is alive
2021-07-19 17:00:42.514 interchange:269 [DEBUG]  [TASK_PULL_THREAD] 1 tasks in internal queue
2021-07-19 17:00:42.527 interchange:269 [DEBUG]  [TASK_PULL_THREAD] 1 tasks in internal queue
2021-07-19 17:00:42.541 interchange:269 [DEBUG]  [TASK_PULL_THREAD] 1 tasks in internal queue
2021-07-19 17:00:42.554 interchange:269 [DEBUG]  [TASK_PULL_THREAD] 1 tasks in internal queue
2021-07-19 17:00:42.559 interchange:476 [DEBUG]  Managers count (interesting/total): 0/0
2021-07-19 17:00:42.560 interchange:512 [DEBUG]  [MAIN] either no interesting managers or no tasks, so skipping manager pass
2021-07-19 17:00:42.566 interchange:269 [DEBUG]  [TASK_PULL_THREAD] 1 tasks in internal queue
2021-07-19 17:00:42.571 interchange:408 [DEBUG]  [MAIN] starting task_outgoing section
2021-07-19 17:00:42.572 interchange:434 [INFO]  [MAIN] Adding manager: b'63286c76a352' to ready queue
2021-07-19 17:00:42.573 interchange:436 [INFO]  [MAIN] Registration info for manager b'63286c76a352': {'parsl_v': '1.1.0', 'python_v': '3.8.8', 'worker_count': 3, 'uid': '63286c76a352', 'block_id': '0', 'prefetch_capacity': 0, 'max_capacity': 3, 'os': 'Darwin', 'hostname': 'Ananths-Macbook.local', 'dir': '/Users/ananthhariharan/Documents/Code/GitHub/Parsl-Project', 'cpu_count': 2, 'total_memory': 8589934592}
2021-07-19 17:00:42.574 interchange:293 [INFO]  Sending message {'last_heartbeat': 1626732042.572536, 'idle_since': 1626732042.572536, 'free_capacity': 0, 'block_id': '0', 'max_capacity': 3, 'worker_count': 3, 'active': True, 'tasks': [], 'parsl_v': '1.1.0', 'python_v': '3.8.8', 'uid': '63286c76a352', 'prefetch_capacity': 0, 'os': 'Darwin', 'hostname': 'Ananths-Macbook.local', 'dir': '/Users/ananthhariharan/Documents/Code/GitHub/Parsl-Project', 'cpu_count': 2, 'total_memory': 8589934592} to hub
2021-07-19 17:00:42.575 interchange:454 [INFO]  [MAIN] Manager b'63286c76a352' has compatible Parsl version 1.1.0
2021-07-19 17:00:42.576 interchange:455 [INFO]  [MAIN] Manager b'63286c76a352' has compatible Python version 3.8
2021-07-19 17:00:42.576 interchange:472 [DEBUG]  [MAIN] leaving task_outgoing section
2021-07-19 17:00:42.576 interchange:476 [DEBUG]  Managers count (interesting/total): 1/1
2021-07-19 17:00:42.577 interchange:510 [DEBUG]  [MAIN] leaving _ready_manager_queue section, with 0 managers still interesting
2021-07-19 17:00:42.577 interchange:269 [DEBUG]  [TASK_PULL_THREAD] 1 tasks in internal queue
2021-07-19 17:00:42.589 interchange:269 [DEBUG]  [TASK_PULL_THREAD] 1 tasks in internal queue
2021-07-19 17:00:42.601 interchange:269 [DEBUG]  [TASK_PULL_THREAD] 1 tasks in internal queue
2021-07-19 17:00:42.614 interchange:269 [DEBUG]  [TASK_PULL_THREAD] 1 tasks in internal queue
2021-07-19 17:00:42.628 interchange:269 [DEBUG]  [TASK_PULL_THREAD] 1 tasks in internal queue
2021-07-19 17:00:42.641 interchange:269 [DEBUG]  [TASK_PULL_THREAD] 1 tasks in internal queue
2021-07-19 17:00:42.655 interchange:269 [DEBUG]  [TASK_PULL_THREAD] 1 tasks in internal queue
2021-07-19 17:00:42.668 interchange:269 [DEBUG]  [TASK_PULL_THREAD] 1 tasks in internal queue
2021-07-19 17:00:42.674 interchange:408 [DEBUG]  [MAIN] starting task_outgoing section
2021-07-19 17:00:42.675 interchange:469 [DEBUG]  [MAIN] Manager b'63286c76a352' requested 3 tasks
2021-07-19 17:00:42.675 interchange:472 [DEBUG]  [MAIN] leaving task_outgoing section
2021-07-19 17:00:42.676 interchange:476 [DEBUG]  Managers count (interesting/total): 1/1
2021-07-19 17:00:42.677 interchange:500 [DEBUG]  [MAIN] Sent tasks: [1] to manager b'63286c76a352'
2021-07-19 17:00:42.678 interchange:502 [DEBUG]  [MAIN] Manager b'63286c76a352' has free_capacity 2
2021-07-19 17:00:42.679 interchange:510 [DEBUG]  [MAIN] leaving _ready_manager_queue section, with 1 managers still interesting
2021-07-19 17:00:42.680 interchange:408 [DEBUG]  [MAIN] starting task_outgoing section
2021-07-19 17:00:42.682 interchange:269 [DEBUG]  [TASK_PULL_THREAD] 0 tasks in internal queue
2021-07-19 17:00:42.682 interchange:469 [DEBUG]  [MAIN] Manager b'63286c76a352' requested 3 tasks
2021-07-19 17:00:42.683 interchange:472 [DEBUG]  [MAIN] leaving task_outgoing section
2021-07-19 17:00:42.684 interchange:476 [DEBUG]  Managers count (interesting/total): 1/1
2021-07-19 17:00:42.684 interchange:512 [DEBUG]  [MAIN] either no interesting managers or no tasks, so skipping manager pass
2021-07-19 17:00:42.685 interchange:408 [DEBUG]  [MAIN] starting task_outgoing section
2021-07-19 17:00:42.685 interchange:469 [DEBUG]  [MAIN] Manager b'63286c76a352' requested 3 tasks
2021-07-19 17:00:42.686 interchange:472 [DEBUG]  [MAIN] leaving task_outgoing section
2021-07-19 17:00:42.687 interchange:476 [DEBUG]  Managers count (interesting/total): 1/1
2021-07-19 17:00:42.687 interchange:512 [DEBUG]  [MAIN] either no interesting managers or no tasks, so skipping manager pass
2021-07-19 17:00:42.693 interchange:269 [DEBUG]  [TASK_PULL_THREAD] 0 tasks in internal queue
2021-07-19 17:00:42.706 interchange:269 [DEBUG]  [TASK_PULL_THREAD] 0 tasks in internal queue
2021-07-19 17:00:42.719 interchange:269 [DEBUG]  [TASK_PULL_THREAD] 0 tasks in internal queue
2021-07-19 17:00:42.733 interchange:269 [DEBUG]  [TASK_PULL_THREAD] 0 tasks in internal queue
2021-07-19 17:00:42.746 interchange:269 [DEBUG]  [TASK_PULL_THREAD] 0 tasks in internal queue
2021-07-19 17:00:42.759 interchange:269 [DEBUG]  [TASK_PULL_THREAD] 0 tasks in internal queue
2021-07-19 17:00:42.773 interchange:269 [DEBUG]  [TASK_PULL_THREAD] 0 tasks in internal queue
2021-07-19 17:00:42.785 interchange:269 [DEBUG]  [TASK_PULL_THREAD] 0 tasks in internal queue
2021-07-19 17:00:42.789 interchange:476 [DEBUG]  Managers count (interesting/total): 1/1
2021-07-19 17:00:42.790 interchange:512 [DEBUG]  [MAIN] either no interesting managers or no tasks, so skipping manager pass
2021-07-19 17:00:42.795 interchange:476 [DEBUG]  Managers count (interesting/total): 1/1
2021-07-19 17:00:42.796 interchange:512 [DEBUG]  [MAIN] either no interesting managers or no tasks, so skipping manager pass
2021-07-19 17:00:42.797 interchange:515 [DEBUG]  [MAIN] entering results_incoming section
2021-07-19 17:00:42.797 interchange:520 [DEBUG]  [MAIN] Got 1 result items in batch
2021-07-19 17:00:42.799 interchange:269 [DEBUG]  [TASK_PULL_THREAD] 0 tasks in internal queue
2021-07-19 17:00:42.800 interchange:533 [DEBUG]  [MAIN] Current tasks: []
2021-07-19 17:00:42.801 interchange:536 [DEBUG]  [MAIN] leaving results_incoming section
2021-07-19 17:00:42.807 interchange:278 [DEBUG]  [TASK_PULL_THREAD] Fetched task:2
2021-07-19 17:00:42.811 interchange:278 [DEBUG]  [TASK_PULL_THREAD] Fetched task:3
2021-07-19 17:00:42.825 interchange:269 [DEBUG]  [TASK_PULL_THREAD] 2 tasks in internal queue
2021-07-19 17:00:42.838 interchange:269 [DEBUG]  [TASK_PULL_THREAD] 2 tasks in internal queue
2021-07-19 17:00:42.852 interchange:269 [DEBUG]  [TASK_PULL_THREAD] 2 tasks in internal queue
2021-07-19 17:00:42.864 interchange:269 [DEBUG]  [TASK_PULL_THREAD] 2 tasks in internal queue
2021-07-19 17:00:42.875 interchange:269 [DEBUG]  [TASK_PULL_THREAD] 2 tasks in internal queue
2021-07-19 17:00:42.883 interchange:408 [DEBUG]  [MAIN] starting task_outgoing section
2021-07-19 17:00:42.884 interchange:469 [DEBUG]  [MAIN] Manager b'63286c76a352' requested 3 tasks
2021-07-19 17:00:42.885 interchange:472 [DEBUG]  [MAIN] leaving task_outgoing section
2021-07-19 17:00:42.885 interchange:476 [DEBUG]  Managers count (interesting/total): 1/1
2021-07-19 17:00:42.886 interchange:269 [DEBUG]  [TASK_PULL_THREAD] 0 tasks in internal queue
2021-07-19 17:00:42.888 interchange:500 [DEBUG]  [MAIN] Sent tasks: [2, 3] to manager b'63286c76a352'
2021-07-19 17:00:42.889 interchange:502 [DEBUG]  [MAIN] Manager b'63286c76a352' has free_capacity 1
2021-07-19 17:00:42.891 interchange:510 [DEBUG]  [MAIN] leaving _ready_manager_queue section, with 1 managers still interesting
2021-07-19 17:00:42.892 interchange:408 [DEBUG]  [MAIN] starting task_outgoing section
2021-07-19 17:00:42.893 interchange:469 [DEBUG]  [MAIN] Manager b'63286c76a352' requested 3 tasks
2021-07-19 17:00:42.894 interchange:472 [DEBUG]  [MAIN] leaving task_outgoing section
2021-07-19 17:00:42.894 interchange:476 [DEBUG]  Managers count (interesting/total): 1/1
2021-07-19 17:00:42.895 interchange:512 [DEBUG]  [MAIN] either no interesting managers or no tasks, so skipping manager pass
2021-07-19 17:00:42.896 interchange:408 [DEBUG]  [MAIN] starting task_outgoing section
2021-07-19 17:00:42.897 interchange:469 [DEBUG]  [MAIN] Manager b'63286c76a352' requested 3 tasks
2021-07-19 17:00:42.898 interchange:472 [DEBUG]  [MAIN] leaving task_outgoing section
2021-07-19 17:00:42.899 interchange:269 [DEBUG]  [TASK_PULL_THREAD] 0 tasks in internal queue
2021-07-19 17:00:42.899 interchange:476 [DEBUG]  Managers count (interesting/total): 1/1
2021-07-19 17:00:42.900 interchange:512 [DEBUG]  [MAIN] either no interesting managers or no tasks, so skipping manager pass
2021-07-19 17:00:42.910 interchange:269 [DEBUG]  [TASK_PULL_THREAD] 0 tasks in internal queue
2021-07-19 17:00:42.922 interchange:269 [DEBUG]  [TASK_PULL_THREAD] 0 tasks in internal queue
2021-07-19 17:00:42.933 interchange:269 [DEBUG]  [TASK_PULL_THREAD] 0 tasks in internal queue
2021-07-19 17:00:42.945 interchange:269 [DEBUG]  [TASK_PULL_THREAD] 0 tasks in internal queue
2021-07-19 17:00:42.956 interchange:269 [DEBUG]  [TASK_PULL_THREAD] 0 tasks in internal queue
2021-07-19 17:00:42.968 interchange:269 [DEBUG]  [TASK_PULL_THREAD] 0 tasks in internal queue
2021-07-19 17:00:42.982 interchange:269 [DEBUG]  [TASK_PULL_THREAD] 0 tasks in internal queue
2021-07-19 17:00:42.995 interchange:269 [DEBUG]  [TASK_PULL_THREAD] 0 tasks in internal queue
2021-07-19 17:00:43.002 interchange:476 [DEBUG]  Managers count (interesting/total): 1/1
2021-07-19 17:00:43.004 interchange:512 [DEBUG]  [MAIN] either no interesting managers or no tasks, so skipping manager pass
2021-07-19 17:00:43.008 interchange:269 [DEBUG]  [TASK_PULL_THREAD] 0 tasks in internal queue
2021-07-19 17:00:43.010 interchange:476 [DEBUG]  Managers count (interesting/total): 1/1
2021-07-19 17:00:43.011 interchange:512 [DEBUG]  [MAIN] either no interesting managers or no tasks, so skipping manager pass
2021-07-19 17:00:43.011 interchange:515 [DEBUG]  [MAIN] entering results_incoming section
2021-07-19 17:00:43.012 interchange:520 [DEBUG]  [MAIN] Got 2 result items in batch
2021-07-19 17:00:43.013 interchange:533 [DEBUG]  [MAIN] Current tasks: []
2021-07-19 17:00:43.014 interchange:536 [DEBUG]  [MAIN] leaving results_incoming section
2021-07-19 17:00:43.020 interchange:269 [DEBUG]  [TASK_PULL_THREAD] 0 tasks in internal queue
2021-07-19 17:00:43.021 interchange:278 [DEBUG]  [TASK_PULL_THREAD] Fetched task:4
2021-07-19 17:00:43.035 interchange:269 [DEBUG]  [TASK_PULL_THREAD] 1 tasks in internal queue
2021-07-19 17:00:43.047 interchange:269 [DEBUG]  [TASK_PULL_THREAD] 1 tasks in internal queue
2021-07-19 17:00:43.060 interchange:269 [DEBUG]  [TASK_PULL_THREAD] 1 tasks in internal queue
2021-07-19 17:00:43.072 interchange:269 [DEBUG]  [TASK_PULL_THREAD] 1 tasks in internal queue
2021-07-19 17:00:43.084 interchange:269 [DEBUG]  [TASK_PULL_THREAD] 1 tasks in internal queue
2021-07-19 17:00:43.092 interchange:408 [DEBUG]  [MAIN] starting task_outgoing section
2021-07-19 17:00:43.093 interchange:469 [DEBUG]  [MAIN] Manager b'63286c76a352' requested 3 tasks
2021-07-19 17:00:43.093 interchange:472 [DEBUG]  [MAIN] leaving task_outgoing section
2021-07-19 17:00:43.094 interchange:476 [DEBUG]  Managers count (interesting/total): 1/1
2021-07-19 17:00:43.095 interchange:269 [DEBUG]  [TASK_PULL_THREAD] 0 tasks in internal queue
2021-07-19 17:00:43.096 interchange:500 [DEBUG]  [MAIN] Sent tasks: [4] to manager b'63286c76a352'
2021-07-19 17:00:43.097 interchange:502 [DEBUG]  [MAIN] Manager b'63286c76a352' has free_capacity 2
2021-07-19 17:00:43.098 interchange:510 [DEBUG]  [MAIN] leaving _ready_manager_queue section, with 1 managers still interesting
2021-07-19 17:00:43.099 interchange:408 [DEBUG]  [MAIN] starting task_outgoing section
2021-07-19 17:00:43.100 interchange:469 [DEBUG]  [MAIN] Manager b'63286c76a352' requested 3 tasks
2021-07-19 17:00:43.101 interchange:472 [DEBUG]  [MAIN] leaving task_outgoing section
2021-07-19 17:00:43.101 interchange:476 [DEBUG]  Managers count (interesting/total): 1/1
2021-07-19 17:00:43.102 interchange:512 [DEBUG]  [MAIN] either no interesting managers or no tasks, so skipping manager pass
2021-07-19 17:00:43.103 interchange:408 [DEBUG]  [MAIN] starting task_outgoing section
2021-07-19 17:00:43.104 interchange:469 [DEBUG]  [MAIN] Manager b'63286c76a352' requested 3 tasks
2021-07-19 17:00:43.105 interchange:472 [DEBUG]  [MAIN] leaving task_outgoing section
2021-07-19 17:00:43.105 interchange:476 [DEBUG]  Managers count (interesting/total): 1/1
2021-07-19 17:00:43.106 interchange:512 [DEBUG]  [MAIN] either no interesting managers or no tasks, so skipping manager pass
2021-07-19 17:00:43.107 interchange:269 [DEBUG]  [TASK_PULL_THREAD] 0 tasks in internal queue
2021-07-19 17:00:43.119 interchange:269 [DEBUG]  [TASK_PULL_THREAD] 0 tasks in internal queue
2021-07-19 17:00:43.133 interchange:269 [DEBUG]  [TASK_PULL_THREAD] 0 tasks in internal queue
2021-07-19 17:00:43.147 interchange:269 [DEBUG]  [TASK_PULL_THREAD] 0 tasks in internal queue
2021-07-19 17:00:43.160 interchange:269 [DEBUG]  [TASK_PULL_THREAD] 0 tasks in internal queue
2021-07-19 17:00:43.171 interchange:269 [DEBUG]  [TASK_PULL_THREAD] 0 tasks in internal queue
2021-07-19 17:00:43.182 interchange:269 [DEBUG]  [TASK_PULL_THREAD] 0 tasks in internal queue
2021-07-19 17:00:43.193 interchange:269 [DEBUG]  [TASK_PULL_THREAD] 0 tasks in internal queue
2021-07-19 17:00:43.207 interchange:269 [DEBUG]  [TASK_PULL_THREAD] 0 tasks in internal queue
2021-07-19 17:00:43.208 interchange:476 [DEBUG]  Managers count (interesting/total): 1/1
2021-07-19 17:00:43.209 interchange:512 [DEBUG]  [MAIN] either no interesting managers or no tasks, so skipping manager pass
2021-07-19 17:00:43.210 interchange:476 [DEBUG]  Managers count (interesting/total): 1/1
2021-07-19 17:00:43.210 interchange:512 [DEBUG]  [MAIN] either no interesting managers or no tasks, so skipping manager pass
2021-07-19 17:00:43.211 interchange:515 [DEBUG]  [MAIN] entering results_incoming section
2021-07-19 17:00:43.212 interchange:520 [DEBUG]  [MAIN] Got 1 result items in batch
2021-07-19 17:00:43.213 interchange:533 [DEBUG]  [MAIN] Current tasks: []
2021-07-19 17:00:43.214 interchange:536 [DEBUG]  [MAIN] leaving results_incoming section
2021-07-19 17:00:43.218 interchange:269 [DEBUG]  [TASK_PULL_THREAD] 0 tasks in internal queue
2021-07-19 17:00:43.220 interchange:278 [DEBUG]  [TASK_PULL_THREAD] Fetched task:5
2021-07-19 17:00:43.233 interchange:269 [DEBUG]  [TASK_PULL_THREAD] 1 tasks in internal queue
2021-07-19 17:00:43.247 interchange:269 [DEBUG]  [TASK_PULL_THREAD] 1 tasks in internal queue
2021-07-19 17:00:43.259 interchange:269 [DEBUG]  [TASK_PULL_THREAD] 1 tasks in internal queue
2021-07-19 17:00:43.273 interchange:269 [DEBUG]  [TASK_PULL_THREAD] 1 tasks in internal queue
2021-07-19 17:00:43.285 interchange:269 [DEBUG]  [TASK_PULL_THREAD] 1 tasks in internal queue
2021-07-19 17:00:43.298 interchange:269 [DEBUG]  [TASK_PULL_THREAD] 1 tasks in internal queue
2021-07-19 17:00:43.304 interchange:408 [DEBUG]  [MAIN] starting task_outgoing section
2021-07-19 17:00:43.305 interchange:469 [DEBUG]  [MAIN] Manager b'63286c76a352' requested 3 tasks
2021-07-19 17:00:43.306 interchange:472 [DEBUG]  [MAIN] leaving task_outgoing section
2021-07-19 17:00:43.307 interchange:476 [DEBUG]  Managers count (interesting/total): 1/1
2021-07-19 17:00:43.308 interchange:500 [DEBUG]  [MAIN] Sent tasks: [5] to manager b'63286c76a352'
2021-07-19 17:00:43.308 interchange:502 [DEBUG]  [MAIN] Manager b'63286c76a352' has free_capacity 2
2021-07-19 17:00:43.310 interchange:269 [DEBUG]  [TASK_PULL_THREAD] 0 tasks in internal queue
2021-07-19 17:00:43.310 interchange:510 [DEBUG]  [MAIN] leaving _ready_manager_queue section, with 1 managers still interesting
2021-07-19 17:00:43.312 interchange:408 [DEBUG]  [MAIN] starting task_outgoing section
2021-07-19 17:00:43.312 interchange:469 [DEBUG]  [MAIN] Manager b'63286c76a352' requested 3 tasks
2021-07-19 17:00:43.313 interchange:472 [DEBUG]  [MAIN] leaving task_outgoing section
2021-07-19 17:00:43.314 interchange:476 [DEBUG]  Managers count (interesting/total): 1/1
2021-07-19 17:00:43.315 interchange:512 [DEBUG]  [MAIN] either no interesting managers or no tasks, so skipping manager pass
2021-07-19 17:00:43.316 interchange:408 [DEBUG]  [MAIN] starting task_outgoing section
2021-07-19 17:00:43.317 interchange:469 [DEBUG]  [MAIN] Manager b'63286c76a352' requested 3 tasks
2021-07-19 17:00:43.317 interchange:472 [DEBUG]  [MAIN] leaving task_outgoing section
2021-07-19 17:00:43.318 interchange:476 [DEBUG]  Managers count (interesting/total): 1/1
2021-07-19 17:00:43.318 interchange:512 [DEBUG]  [MAIN] either no interesting managers or no tasks, so skipping manager pass
2021-07-19 17:00:43.321 interchange:269 [DEBUG]  [TASK_PULL_THREAD] 0 tasks in internal queue
2021-07-19 17:00:43.333 interchange:269 [DEBUG]  [TASK_PULL_THREAD] 0 tasks in internal queue
2021-07-19 17:00:43.347 interchange:269 [DEBUG]  [TASK_PULL_THREAD] 0 tasks in internal queue
2021-07-19 17:00:43.361 interchange:269 [DEBUG]  [TASK_PULL_THREAD] 0 tasks in internal queue
2021-07-19 17:00:43.374 interchange:269 [DEBUG]  [TASK_PULL_THREAD] 0 tasks in internal queue
2021-07-19 17:00:43.388 interchange:269 [DEBUG]  [TASK_PULL_THREAD] 0 tasks in internal queue
2021-07-19 17:00:43.402 interchange:269 [DEBUG]  [TASK_PULL_THREAD] 0 tasks in internal queue
2021-07-19 17:00:43.414 interchange:269 [DEBUG]  [TASK_PULL_THREAD] 0 tasks in internal queue
2021-07-19 17:00:43.420 interchange:476 [DEBUG]  Managers count (interesting/total): 1/1
2021-07-19 17:00:43.421 interchange:512 [DEBUG]  [MAIN] either no interesting managers or no tasks, so skipping manager pass
2021-07-19 17:00:43.422 interchange:476 [DEBUG]  Managers count (interesting/total): 1/1
2021-07-19 17:00:43.422 interchange:512 [DEBUG]  [MAIN] either no interesting managers or no tasks, so skipping manager pass
2021-07-19 17:00:43.423 interchange:515 [DEBUG]  [MAIN] entering results_incoming section
2021-07-19 17:00:43.424 interchange:520 [DEBUG]  [MAIN] Got 1 result items in batch
2021-07-19 17:00:43.425 interchange:533 [DEBUG]  [MAIN] Current tasks: []
2021-07-19 17:00:43.425 interchange:536 [DEBUG]  [MAIN] leaving results_incoming section
2021-07-19 17:00:43.426 interchange:269 [DEBUG]  [TASK_PULL_THREAD] 0 tasks in internal queue
2021-07-19 17:00:43.430 interchange:278 [DEBUG]  [TASK_PULL_THREAD] Fetched task:6
2021-07-19 17:00:43.444 interchange:269 [DEBUG]  [TASK_PULL_THREAD] 1 tasks in internal queue
2021-07-19 17:00:43.457 interchange:269 [DEBUG]  [TASK_PULL_THREAD] 1 tasks in internal queue
2021-07-19 17:00:43.469 interchange:269 [DEBUG]  [TASK_PULL_THREAD] 1 tasks in internal queue
2021-07-19 17:00:43.481 interchange:269 [DEBUG]  [TASK_PULL_THREAD] 1 tasks in internal queue
2021-07-19 17:00:43.495 interchange:269 [DEBUG]  [TASK_PULL_THREAD] 1 tasks in internal queue
2021-07-19 17:00:43.503 interchange:360 [DEBUG]  [COMMAND] is alive
2021-07-19 17:00:43.508 interchange:269 [DEBUG]  [TASK_PULL_THREAD] 1 tasks in internal queue
2021-07-19 17:00:43.515 interchange:408 [DEBUG]  [MAIN] starting task_outgoing section
2021-07-19 17:00:43.516 interchange:469 [DEBUG]  [MAIN] Manager b'63286c76a352' requested 3 tasks
2021-07-19 17:00:43.517 interchange:472 [DEBUG]  [MAIN] leaving task_outgoing section
2021-07-19 17:00:43.517 interchange:476 [DEBUG]  Managers count (interesting/total): 1/1
2021-07-19 17:00:43.518 interchange:500 [DEBUG]  [MAIN] Sent tasks: [6] to manager b'63286c76a352'
2021-07-19 17:00:43.519 interchange:502 [DEBUG]  [MAIN] Manager b'63286c76a352' has free_capacity 2
2021-07-19 17:00:43.520 interchange:269 [DEBUG]  [TASK_PULL_THREAD] 0 tasks in internal queue
2021-07-19 17:00:43.521 interchange:510 [DEBUG]  [MAIN] leaving _ready_manager_queue section, with 1 managers still interesting
2021-07-19 17:00:43.523 interchange:408 [DEBUG]  [MAIN] starting task_outgoing section
2021-07-19 17:00:43.523 interchange:469 [DEBUG]  [MAIN] Manager b'63286c76a352' requested 3 tasks
2021-07-19 17:00:43.524 interchange:472 [DEBUG]  [MAIN] leaving task_outgoing section
2021-07-19 17:00:43.525 interchange:476 [DEBUG]  Managers count (interesting/total): 1/1
2021-07-19 17:00:43.526 interchange:512 [DEBUG]  [MAIN] either no interesting managers or no tasks, so skipping manager pass
2021-07-19 17:00:43.527 interchange:408 [DEBUG]  [MAIN] starting task_outgoing section
2021-07-19 17:00:43.528 interchange:469 [DEBUG]  [MAIN] Manager b'63286c76a352' requested 3 tasks
2021-07-19 17:00:43.529 interchange:472 [DEBUG]  [MAIN] leaving task_outgoing section
2021-07-19 17:00:43.529 interchange:476 [DEBUG]  Managers count (interesting/total): 1/1
2021-07-19 17:00:43.530 interchange:512 [DEBUG]  [MAIN] either no interesting managers or no tasks, so skipping manager pass
2021-07-19 17:00:43.534 interchange:269 [DEBUG]  [TASK_PULL_THREAD] 0 tasks in internal queue
2021-07-19 17:00:43.548 interchange:269 [DEBUG]  [TASK_PULL_THREAD] 0 tasks in internal queue
2021-07-19 17:00:43.561 interchange:269 [DEBUG]  [TASK_PULL_THREAD] 0 tasks in internal queue
2021-07-19 17:00:43.575 interchange:269 [DEBUG]  [TASK_PULL_THREAD] 0 tasks in internal queue
2021-07-19 17:00:43.588 interchange:269 [DEBUG]  [TASK_PULL_THREAD] 0 tasks in internal queue
2021-07-19 17:00:43.601 interchange:269 [DEBUG]  [TASK_PULL_THREAD] 0 tasks in internal queue
2021-07-19 17:00:43.614 interchange:269 [DEBUG]  [TASK_PULL_THREAD] 0 tasks in internal queue
2021-07-19 17:00:43.625 interchange:269 [DEBUG]  [TASK_PULL_THREAD] 0 tasks in internal queue
2021-07-19 17:00:43.632 interchange:476 [DEBUG]  Managers count (interesting/total): 1/1
2021-07-19 17:00:43.633 interchange:512 [DEBUG]  [MAIN] either no interesting managers or no tasks, so skipping manager pass
2021-07-19 17:00:43.635 interchange:476 [DEBUG]  Managers count (interesting/total): 1/1
2021-07-19 17:00:43.636 interchange:512 [DEBUG]  [MAIN] either no interesting managers or no tasks, so skipping manager pass
2021-07-19 17:00:43.636 interchange:515 [DEBUG]  [MAIN] entering results_incoming section
2021-07-19 17:00:43.637 interchange:520 [DEBUG]  [MAIN] Got 1 result items in batch
2021-07-19 17:00:43.638 interchange:533 [DEBUG]  [MAIN] Current tasks: []
2021-07-19 17:00:43.639 interchange:536 [DEBUG]  [MAIN] leaving results_incoming section
2021-07-19 17:00:43.641 interchange:269 [DEBUG]  [TASK_PULL_THREAD] 0 tasks in internal queue
2021-07-19 17:00:43.645 interchange:278 [DEBUG]  [TASK_PULL_THREAD] Fetched task:7
2021-07-19 17:00:43.650 interchange:278 [DEBUG]  [TASK_PULL_THREAD] Fetched task:8
2021-07-19 17:00:43.664 interchange:269 [DEBUG]  [TASK_PULL_THREAD] 2 tasks in internal queue
2021-07-19 17:00:43.678 interchange:269 [DEBUG]  [TASK_PULL_THREAD] 2 tasks in internal queue
2021-07-19 17:00:43.690 interchange:269 [DEBUG]  [TASK_PULL_THREAD] 2 tasks in internal queue
2021-07-19 17:00:43.703 interchange:269 [DEBUG]  [TASK_PULL_THREAD] 2 tasks in internal queue
2021-07-19 17:00:43.716 interchange:269 [DEBUG]  [TASK_PULL_THREAD] 2 tasks in internal queue
2021-07-19 17:00:43.724 interchange:408 [DEBUG]  [MAIN] starting task_outgoing section
2021-07-19 17:00:43.725 interchange:469 [DEBUG]  [MAIN] Manager b'63286c76a352' requested 3 tasks
2021-07-19 17:00:43.726 interchange:472 [DEBUG]  [MAIN] leaving task_outgoing section
2021-07-19 17:00:43.727 interchange:476 [DEBUG]  Managers count (interesting/total): 1/1
2021-07-19 17:00:43.728 interchange:269 [DEBUG]  [TASK_PULL_THREAD] 0 tasks in internal queue
2021-07-19 17:00:43.729 interchange:500 [DEBUG]  [MAIN] Sent tasks: [7, 8] to manager b'63286c76a352'
2021-07-19 17:00:43.731 interchange:502 [DEBUG]  [MAIN] Manager b'63286c76a352' has free_capacity 1
2021-07-19 17:00:43.731 interchange:510 [DEBUG]  [MAIN] leaving _ready_manager_queue section, with 1 managers still interesting
2021-07-19 17:00:43.732 interchange:408 [DEBUG]  [MAIN] starting task_outgoing section
2021-07-19 17:00:43.733 interchange:469 [DEBUG]  [MAIN] Manager b'63286c76a352' requested 3 tasks
2021-07-19 17:00:43.734 interchange:472 [DEBUG]  [MAIN] leaving task_outgoing section
2021-07-19 17:00:43.735 interchange:476 [DEBUG]  Managers count (interesting/total): 1/1
2021-07-19 17:00:43.736 interchange:512 [DEBUG]  [MAIN] either no interesting managers or no tasks, so skipping manager pass
2021-07-19 17:00:43.737 interchange:408 [DEBUG]  [MAIN] starting task_outgoing section
2021-07-19 17:00:43.738 interchange:469 [DEBUG]  [MAIN] Manager b'63286c76a352' requested 3 tasks
2021-07-19 17:00:43.739 interchange:472 [DEBUG]  [MAIN] leaving task_outgoing section
2021-07-19 17:00:43.739 interchange:476 [DEBUG]  Managers count (interesting/total): 1/1
2021-07-19 17:00:43.740 interchange:269 [DEBUG]  [TASK_PULL_THREAD] 0 tasks in internal queue
2021-07-19 17:00:43.740 interchange:512 [DEBUG]  [MAIN] either no interesting managers or no tasks, so skipping manager pass
2021-07-19 17:00:43.752 interchange:269 [DEBUG]  [TASK_PULL_THREAD] 0 tasks in internal queue
2021-07-19 17:00:43.764 interchange:269 [DEBUG]  [TASK_PULL_THREAD] 0 tasks in internal queue
2021-07-19 17:00:43.776 interchange:269 [DEBUG]  [TASK_PULL_THREAD] 0 tasks in internal queue
2021-07-19 17:00:43.788 interchange:269 [DEBUG]  [TASK_PULL_THREAD] 0 tasks in internal queue
2021-07-19 17:00:43.801 interchange:269 [DEBUG]  [TASK_PULL_THREAD] 0 tasks in internal queue
2021-07-19 17:00:43.814 interchange:269 [DEBUG]  [TASK_PULL_THREAD] 0 tasks in internal queue
2021-07-19 17:00:43.827 interchange:269 [DEBUG]  [TASK_PULL_THREAD] 0 tasks in internal queue
2021-07-19 17:00:43.840 interchange:269 [DEBUG]  [TASK_PULL_THREAD] 0 tasks in internal queue
2021-07-19 17:00:43.843 interchange:476 [DEBUG]  Managers count (interesting/total): 1/1
2021-07-19 17:00:43.844 interchange:512 [DEBUG]  [MAIN] either no interesting managers or no tasks, so skipping manager pass
2021-07-19 17:00:43.845 interchange:476 [DEBUG]  Managers count (interesting/total): 1/1
2021-07-19 17:00:43.846 interchange:512 [DEBUG]  [MAIN] either no interesting managers or no tasks, so skipping manager pass
2021-07-19 17:00:43.847 interchange:515 [DEBUG]  [MAIN] entering results_incoming section
2021-07-19 17:00:43.848 interchange:520 [DEBUG]  [MAIN] Got 2 result items in batch
2021-07-19 17:00:43.849 interchange:533 [DEBUG]  [MAIN] Current tasks: []
2021-07-19 17:00:43.851 interchange:536 [DEBUG]  [MAIN] leaving results_incoming section
2021-07-19 17:00:43.852 interchange:269 [DEBUG]  [TASK_PULL_THREAD] 0 tasks in internal queue
2021-07-19 17:00:43.856 interchange:278 [DEBUG]  [TASK_PULL_THREAD] Fetched task:9
2021-07-19 17:00:43.869 interchange:269 [DEBUG]  [TASK_PULL_THREAD] 1 tasks in internal queue
2021-07-19 17:00:43.882 interchange:269 [DEBUG]  [TASK_PULL_THREAD] 1 tasks in internal queue
2021-07-19 17:00:43.895 interchange:269 [DEBUG]  [TASK_PULL_THREAD] 1 tasks in internal queue
2021-07-19 17:00:43.906 interchange:269 [DEBUG]  [TASK_PULL_THREAD] 1 tasks in internal queue
2021-07-19 17:00:43.918 interchange:269 [DEBUG]  [TASK_PULL_THREAD] 1 tasks in internal queue
2021-07-19 17:00:43.931 interchange:269 [DEBUG]  [TASK_PULL_THREAD] 1 tasks in internal queue
2021-07-19 17:00:43.933 interchange:408 [DEBUG]  [MAIN] starting task_outgoing section
2021-07-19 17:00:43.934 interchange:469 [DEBUG]  [MAIN] Manager b'63286c76a352' requested 3 tasks
2021-07-19 17:00:43.935 interchange:472 [DEBUG]  [MAIN] leaving task_outgoing section
2021-07-19 17:00:43.935 interchange:476 [DEBUG]  Managers count (interesting/total): 1/1
2021-07-19 17:00:43.936 interchange:500 [DEBUG]  [MAIN] Sent tasks: [9] to manager b'63286c76a352'
2021-07-19 17:00:43.938 interchange:502 [DEBUG]  [MAIN] Manager b'63286c76a352' has free_capacity 2
2021-07-19 17:00:43.939 interchange:510 [DEBUG]  [MAIN] leaving _ready_manager_queue section, with 1 managers still interesting
2021-07-19 17:00:43.940 interchange:408 [DEBUG]  [MAIN] starting task_outgoing section
2021-07-19 17:00:43.941 interchange:469 [DEBUG]  [MAIN] Manager b'63286c76a352' requested 3 tasks
2021-07-19 17:00:43.941 interchange:472 [DEBUG]  [MAIN] leaving task_outgoing section
2021-07-19 17:00:43.943 interchange:476 [DEBUG]  Managers count (interesting/total): 1/1
2021-07-19 17:00:43.943 interchange:512 [DEBUG]  [MAIN] either no interesting managers or no tasks, so skipping manager pass
2021-07-19 17:00:43.944 interchange:408 [DEBUG]  [MAIN] starting task_outgoing section
2021-07-19 17:00:43.945 interchange:469 [DEBUG]  [MAIN] Manager b'63286c76a352' requested 3 tasks
2021-07-19 17:00:43.946 interchange:269 [DEBUG]  [TASK_PULL_THREAD] 0 tasks in internal queue
2021-07-19 17:00:43.946 interchange:472 [DEBUG]  [MAIN] leaving task_outgoing section
2021-07-19 17:00:43.947 interchange:476 [DEBUG]  Managers count (interesting/total): 1/1
2021-07-19 17:00:43.947 interchange:512 [DEBUG]  [MAIN] either no interesting managers or no tasks, so skipping manager pass
2021-07-19 17:00:43.959 interchange:269 [DEBUG]  [TASK_PULL_THREAD] 0 tasks in internal queue
2021-07-19 17:00:43.972 interchange:269 [DEBUG]  [TASK_PULL_THREAD] 0 tasks in internal queue
2021-07-19 17:00:43.986 interchange:269 [DEBUG]  [TASK_PULL_THREAD] 0 tasks in internal queue
2021-07-19 17:00:43.999 interchange:269 [DEBUG]  [TASK_PULL_THREAD] 0 tasks in internal queue
2021-07-19 17:00:44.010 interchange:269 [DEBUG]  [TASK_PULL_THREAD] 0 tasks in internal queue
2021-07-19 17:00:44.024 interchange:269 [DEBUG]  [TASK_PULL_THREAD] 0 tasks in internal queue
2021-07-19 17:00:44.038 interchange:269 [DEBUG]  [TASK_PULL_THREAD] 0 tasks in internal queue
2021-07-19 17:00:44.048 interchange:476 [DEBUG]  Managers count (interesting/total): 1/1
2021-07-19 17:00:44.049 interchange:512 [DEBUG]  [MAIN] either no interesting managers or no tasks, so skipping manager pass
2021-07-19 17:00:44.050 interchange:269 [DEBUG]  [TASK_PULL_THREAD] 0 tasks in internal queue
2021-07-19 17:00:44.051 interchange:476 [DEBUG]  Managers count (interesting/total): 1/1
2021-07-19 17:00:44.052 interchange:512 [DEBUG]  [MAIN] either no interesting managers or no tasks, so skipping manager pass
2021-07-19 17:00:44.054 interchange:515 [DEBUG]  [MAIN] entering results_incoming section
2021-07-19 17:00:44.055 interchange:520 [DEBUG]  [MAIN] Got 1 result items in batch
2021-07-19 17:00:44.056 interchange:533 [DEBUG]  [MAIN] Current tasks: []
2021-07-19 17:00:44.057 interchange:536 [DEBUG]  [MAIN] leaving results_incoming section
2021-07-19 17:00:44.062 interchange:278 [DEBUG]  [TASK_PULL_THREAD] Fetched task:10
2021-07-19 17:00:44.075 interchange:269 [DEBUG]  [TASK_PULL_THREAD] 1 tasks in internal queue
2021-07-19 17:00:44.089 interchange:269 [DEBUG]  [TASK_PULL_THREAD] 1 tasks in internal queue
2021-07-19 17:00:44.103 interchange:269 [DEBUG]  [TASK_PULL_THREAD] 1 tasks in internal queue
2021-07-19 17:00:44.114 interchange:269 [DEBUG]  [TASK_PULL_THREAD] 1 tasks in internal queue
2021-07-19 17:00:44.128 interchange:269 [DEBUG]  [TASK_PULL_THREAD] 1 tasks in internal queue
2021-07-19 17:00:44.140 interchange:269 [DEBUG]  [TASK_PULL_THREAD] 1 tasks in internal queue
2021-07-19 17:00:44.143 interchange:408 [DEBUG]  [MAIN] starting task_outgoing section
2021-07-19 17:00:44.144 interchange:469 [DEBUG]  [MAIN] Manager b'63286c76a352' requested 3 tasks
2021-07-19 17:00:44.144 interchange:472 [DEBUG]  [MAIN] leaving task_outgoing section
2021-07-19 17:00:44.145 interchange:476 [DEBUG]  Managers count (interesting/total): 1/1
2021-07-19 17:00:44.146 interchange:500 [DEBUG]  [MAIN] Sent tasks: [10] to manager b'63286c76a352'
2021-07-19 17:00:44.147 interchange:502 [DEBUG]  [MAIN] Manager b'63286c76a352' has free_capacity 2
2021-07-19 17:00:44.148 interchange:510 [DEBUG]  [MAIN] leaving _ready_manager_queue section, with 1 managers still interesting
2021-07-19 17:00:44.149 interchange:408 [DEBUG]  [MAIN] starting task_outgoing section
2021-07-19 17:00:44.150 interchange:469 [DEBUG]  [MAIN] Manager b'63286c76a352' requested 3 tasks
2021-07-19 17:00:44.151 interchange:472 [DEBUG]  [MAIN] leaving task_outgoing section
2021-07-19 17:00:44.152 interchange:269 [DEBUG]  [TASK_PULL_THREAD] 0 tasks in internal queue
2021-07-19 17:00:44.152 interchange:476 [DEBUG]  Managers count (interesting/total): 1/1
2021-07-19 17:00:44.153 interchange:512 [DEBUG]  [MAIN] either no interesting managers or no tasks, so skipping manager pass
2021-07-19 17:00:44.154 interchange:408 [DEBUG]  [MAIN] starting task_outgoing section
2021-07-19 17:00:44.155 interchange:469 [DEBUG]  [MAIN] Manager b'63286c76a352' requested 3 tasks
2021-07-19 17:00:44.155 interchange:472 [DEBUG]  [MAIN] leaving task_outgoing section
2021-07-19 17:00:44.156 interchange:476 [DEBUG]  Managers count (interesting/total): 1/1
2021-07-19 17:00:44.156 interchange:512 [DEBUG]  [MAIN] either no interesting managers or no tasks, so skipping manager pass
2021-07-19 17:00:44.164 interchange:269 [DEBUG]  [TASK_PULL_THREAD] 0 tasks in internal queue
2021-07-19 17:00:44.177 interchange:269 [DEBUG]  [TASK_PULL_THREAD] 0 tasks in internal queue
2021-07-19 17:00:44.190 interchange:269 [DEBUG]  [TASK_PULL_THREAD] 0 tasks in internal queue
2021-07-19 17:00:44.204 interchange:269 [DEBUG]  [TASK_PULL_THREAD] 0 tasks in internal queue
2021-07-19 17:00:44.217 interchange:269 [DEBUG]  [TASK_PULL_THREAD] 0 tasks in internal queue
2021-07-19 17:00:44.230 interchange:269 [DEBUG]  [TASK_PULL_THREAD] 0 tasks in internal queue
2021-07-19 17:00:44.243 interchange:269 [DEBUG]  [TASK_PULL_THREAD] 0 tasks in internal queue
2021-07-19 17:00:44.257 interchange:269 [DEBUG]  [TASK_PULL_THREAD] 0 tasks in internal queue
2021-07-19 17:00:44.258 interchange:476 [DEBUG]  Managers count (interesting/total): 1/1
2021-07-19 17:00:44.259 interchange:512 [DEBUG]  [MAIN] either no interesting managers or no tasks, so skipping manager pass
2021-07-19 17:00:44.260 interchange:476 [DEBUG]  Managers count (interesting/total): 1/1
2021-07-19 17:00:44.261 interchange:512 [DEBUG]  [MAIN] either no interesting managers or no tasks, so skipping manager pass
2021-07-19 17:00:44.262 interchange:515 [DEBUG]  [MAIN] entering results_incoming section
2021-07-19 17:00:44.263 interchange:520 [DEBUG]  [MAIN] Got 1 result items in batch
2021-07-19 17:00:44.263 interchange:533 [DEBUG]  [MAIN] Current tasks: []
2021-07-19 17:00:44.264 interchange:536 [DEBUG]  [MAIN] leaving results_incoming section
2021-07-19 17:00:44.268 interchange:278 [DEBUG]  [TASK_PULL_THREAD] Fetched task:11
2021-07-19 17:00:44.282 interchange:269 [DEBUG]  [TASK_PULL_THREAD] 1 tasks in internal queue
2021-07-19 17:00:44.296 interchange:269 [DEBUG]  [TASK_PULL_THREAD] 1 tasks in internal queue
2021-07-19 17:00:44.308 interchange:269 [DEBUG]  [TASK_PULL_THREAD] 1 tasks in internal queue
2021-07-19 17:00:44.320 interchange:269 [DEBUG]  [TASK_PULL_THREAD] 1 tasks in internal queue
2021-07-19 17:00:44.331 interchange:269 [DEBUG]  [TASK_PULL_THREAD] 1 tasks in internal queue
2021-07-19 17:00:44.343 interchange:269 [DEBUG]  [TASK_PULL_THREAD] 1 tasks in internal queue
2021-07-19 17:00:44.355 interchange:408 [DEBUG]  [MAIN] starting task_outgoing section
2021-07-19 17:00:44.356 interchange:469 [DEBUG]  [MAIN] Manager b'63286c76a352' requested 3 tasks
2021-07-19 17:00:44.357 interchange:472 [DEBUG]  [MAIN] leaving task_outgoing section
2021-07-19 17:00:44.357 interchange:476 [DEBUG]  Managers count (interesting/total): 1/1
2021-07-19 17:00:44.358 interchange:269 [DEBUG]  [TASK_PULL_THREAD] 0 tasks in internal queue
2021-07-19 17:00:44.359 interchange:500 [DEBUG]  [MAIN] Sent tasks: [11] to manager b'63286c76a352'
2021-07-19 17:00:44.360 interchange:502 [DEBUG]  [MAIN] Manager b'63286c76a352' has free_capacity 2
2021-07-19 17:00:44.362 interchange:510 [DEBUG]  [MAIN] leaving _ready_manager_queue section, with 1 managers still interesting
2021-07-19 17:00:44.362 interchange:408 [DEBUG]  [MAIN] starting task_outgoing section
2021-07-19 17:00:44.363 interchange:469 [DEBUG]  [MAIN] Manager b'63286c76a352' requested 3 tasks
2021-07-19 17:00:44.364 interchange:472 [DEBUG]  [MAIN] leaving task_outgoing section
2021-07-19 17:00:44.365 interchange:476 [DEBUG]  Managers count (interesting/total): 1/1
2021-07-19 17:00:44.365 interchange:512 [DEBUG]  [MAIN] either no interesting managers or no tasks, so skipping manager pass
2021-07-19 17:00:44.366 interchange:408 [DEBUG]  [MAIN] starting task_outgoing section
2021-07-19 17:00:44.367 interchange:469 [DEBUG]  [MAIN] Manager b'63286c76a352' requested 3 tasks
2021-07-19 17:00:44.367 interchange:472 [DEBUG]  [MAIN] leaving task_outgoing section
2021-07-19 17:00:44.368 interchange:476 [DEBUG]  Managers count (interesting/total): 1/1
2021-07-19 17:00:44.368 interchange:512 [DEBUG]  [MAIN] either no interesting managers or no tasks, so skipping manager pass
2021-07-19 17:00:44.370 interchange:269 [DEBUG]  [TASK_PULL_THREAD] 0 tasks in internal queue
2021-07-19 17:00:44.382 interchange:269 [DEBUG]  [TASK_PULL_THREAD] 0 tasks in internal queue
2021-07-19 17:00:44.395 interchange:269 [DEBUG]  [TASK_PULL_THREAD] 0 tasks in internal queue
2021-07-19 17:00:44.409 interchange:269 [DEBUG]  [TASK_PULL_THREAD] 0 tasks in internal queue
2021-07-19 17:00:44.422 interchange:269 [DEBUG]  [TASK_PULL_THREAD] 0 tasks in internal queue
2021-07-19 17:00:44.436 interchange:269 [DEBUG]  [TASK_PULL_THREAD] 0 tasks in internal queue
2021-07-19 17:00:44.448 interchange:269 [DEBUG]  [TASK_PULL_THREAD] 0 tasks in internal queue
2021-07-19 17:00:44.461 interchange:269 [DEBUG]  [TASK_PULL_THREAD] 0 tasks in internal queue
2021-07-19 17:00:44.470 interchange:476 [DEBUG]  Managers count (interesting/total): 1/1
2021-07-19 17:00:44.471 interchange:512 [DEBUG]  [MAIN] either no interesting managers or no tasks, so skipping manager pass
2021-07-19 17:00:44.474 interchange:269 [DEBUG]  [TASK_PULL_THREAD] 0 tasks in internal queue
2021-07-19 17:00:44.475 interchange:476 [DEBUG]  Managers count (interesting/total): 1/1
2021-07-19 17:00:44.476 interchange:512 [DEBUG]  [MAIN] either no interesting managers or no tasks, so skipping manager pass
2021-07-19 17:00:44.477 interchange:515 [DEBUG]  [MAIN] entering results_incoming section
2021-07-19 17:00:44.477 interchange:520 [DEBUG]  [MAIN] Got 1 result items in batch
2021-07-19 17:00:44.478 interchange:533 [DEBUG]  [MAIN] Current tasks: []
2021-07-19 17:00:44.479 interchange:536 [DEBUG]  [MAIN] leaving results_incoming section
2021-07-19 17:00:44.485 interchange:269 [DEBUG]  [TASK_PULL_THREAD] 0 tasks in internal queue
2021-07-19 17:00:44.486 interchange:278 [DEBUG]  [TASK_PULL_THREAD] Fetched task:12
2021-07-19 17:00:44.489 interchange:278 [DEBUG]  [TASK_PULL_THREAD] Fetched task:13
2021-07-19 17:00:44.501 interchange:269 [DEBUG]  [TASK_PULL_THREAD] 2 tasks in internal queue
2021-07-19 17:00:44.508 interchange:360 [DEBUG]  [COMMAND] is alive
2021-07-19 17:00:44.514 interchange:269 [DEBUG]  [TASK_PULL_THREAD] 2 tasks in internal queue
2021-07-19 17:00:44.528 interchange:269 [DEBUG]  [TASK_PULL_THREAD] 2 tasks in internal queue
2021-07-19 17:00:44.541 interchange:269 [DEBUG]  [TASK_PULL_THREAD] 2 tasks in internal queue
2021-07-19 17:00:44.555 interchange:269 [DEBUG]  [TASK_PULL_THREAD] 2 tasks in internal queue
2021-07-19 17:00:44.564 interchange:408 [DEBUG]  [MAIN] starting task_outgoing section
2021-07-19 17:00:44.565 interchange:469 [DEBUG]  [MAIN] Manager b'63286c76a352' requested 3 tasks
2021-07-19 17:00:44.566 interchange:472 [DEBUG]  [MAIN] leaving task_outgoing section
2021-07-19 17:00:44.568 interchange:269 [DEBUG]  [TASK_PULL_THREAD] 2 tasks in internal queue
2021-07-19 17:00:44.568 interchange:476 [DEBUG]  Managers count (interesting/total): 1/1
2021-07-19 17:00:44.570 interchange:500 [DEBUG]  [MAIN] Sent tasks: [12, 13] to manager b'63286c76a352'
2021-07-19 17:00:44.571 interchange:502 [DEBUG]  [MAIN] Manager b'63286c76a352' has free_capacity 1
2021-07-19 17:00:44.571 interchange:510 [DEBUG]  [MAIN] leaving _ready_manager_queue section, with 1 managers still interesting
2021-07-19 17:00:44.572 interchange:408 [DEBUG]  [MAIN] starting task_outgoing section
2021-07-19 17:00:44.573 interchange:466 [DEBUG]  [MAIN] Manager b'63286c76a352' sent heartbeat
2021-07-19 17:00:44.574 interchange:472 [DEBUG]  [MAIN] leaving task_outgoing section
2021-07-19 17:00:44.575 interchange:476 [DEBUG]  Managers count (interesting/total): 1/1
2021-07-19 17:00:44.576 interchange:512 [DEBUG]  [MAIN] either no interesting managers or no tasks, so skipping manager pass
2021-07-19 17:00:44.577 interchange:408 [DEBUG]  [MAIN] starting task_outgoing section
2021-07-19 17:00:44.578 interchange:469 [DEBUG]  [MAIN] Manager b'63286c76a352' requested 3 tasks
2021-07-19 17:00:44.578 interchange:472 [DEBUG]  [MAIN] leaving task_outgoing section
2021-07-19 17:00:44.579 interchange:476 [DEBUG]  Managers count (interesting/total): 1/1
2021-07-19 17:00:44.580 interchange:512 [DEBUG]  [MAIN] either no interesting managers or no tasks, so skipping manager pass
2021-07-19 17:00:44.581 interchange:269 [DEBUG]  [TASK_PULL_THREAD] 0 tasks in internal queue
2021-07-19 17:00:44.582 interchange:408 [DEBUG]  [MAIN] starting task_outgoing section
2021-07-19 17:00:44.582 interchange:469 [DEBUG]  [MAIN] Manager b'63286c76a352' requested 3 tasks
2021-07-19 17:00:44.583 interchange:472 [DEBUG]  [MAIN] leaving task_outgoing section
2021-07-19 17:00:44.583 interchange:476 [DEBUG]  Managers count (interesting/total): 1/1
2021-07-19 17:00:44.584 interchange:512 [DEBUG]  [MAIN] either no interesting managers or no tasks, so skipping manager pass
2021-07-19 17:00:44.584 interchange:408 [DEBUG]  [MAIN] starting task_outgoing section
2021-07-19 17:00:44.585 interchange:469 [DEBUG]  [MAIN] Manager b'63286c76a352' requested 1 tasks
2021-07-19 17:00:44.585 interchange:472 [DEBUG]  [MAIN] leaving task_outgoing section
2021-07-19 17:00:44.585 interchange:476 [DEBUG]  Managers count (interesting/total): 1/1
2021-07-19 17:00:44.586 interchange:512 [DEBUG]  [MAIN] either no interesting managers or no tasks, so skipping manager pass
2021-07-19 17:00:44.586 interchange:408 [DEBUG]  [MAIN] starting task_outgoing section
2021-07-19 17:00:44.587 interchange:469 [DEBUG]  [MAIN] Manager b'63286c76a352' requested 1 tasks
2021-07-19 17:00:44.587 interchange:472 [DEBUG]  [MAIN] leaving task_outgoing section
2021-07-19 17:00:44.587 interchange:476 [DEBUG]  Managers count (interesting/total): 1/1
2021-07-19 17:00:44.588 interchange:512 [DEBUG]  [MAIN] either no interesting managers or no tasks, so skipping manager pass
2021-07-19 17:00:44.593 interchange:269 [DEBUG]  [TASK_PULL_THREAD] 0 tasks in internal queue
2021-07-19 17:00:44.606 interchange:269 [DEBUG]  [TASK_PULL_THREAD] 0 tasks in internal queue
2021-07-19 17:00:44.620 interchange:269 [DEBUG]  [TASK_PULL_THREAD] 0 tasks in internal queue
2021-07-19 17:00:44.634 interchange:269 [DEBUG]  [TASK_PULL_THREAD] 0 tasks in internal queue
2021-07-19 17:00:44.645 interchange:269 [DEBUG]  [TASK_PULL_THREAD] 0 tasks in internal queue
2021-07-19 17:00:44.659 interchange:269 [DEBUG]  [TASK_PULL_THREAD] 0 tasks in internal queue
2021-07-19 17:00:44.672 interchange:269 [DEBUG]  [TASK_PULL_THREAD] 0 tasks in internal queue
2021-07-19 17:00:44.685 interchange:269 [DEBUG]  [TASK_PULL_THREAD] 0 tasks in internal queue
2021-07-19 17:00:44.686 interchange:476 [DEBUG]  Managers count (interesting/total): 1/1
2021-07-19 17:00:44.687 interchange:512 [DEBUG]  [MAIN] either no interesting managers or no tasks, so skipping manager pass
2021-07-19 17:00:44.688 interchange:515 [DEBUG]  [MAIN] entering results_incoming section
2021-07-19 17:00:44.689 interchange:520 [DEBUG]  [MAIN] Got 2 result items in batch
2021-07-19 17:00:44.690 interchange:533 [DEBUG]  [MAIN] Current tasks: []
2021-07-19 17:00:44.690 interchange:536 [DEBUG]  [MAIN] leaving results_incoming section
2021-07-19 17:00:44.696 interchange:278 [DEBUG]  [TASK_PULL_THREAD] Fetched task:14
2021-07-19 17:00:44.708 interchange:269 [DEBUG]  [TASK_PULL_THREAD] 1 tasks in internal queue
2021-07-19 17:00:44.722 interchange:269 [DEBUG]  [TASK_PULL_THREAD] 1 tasks in internal queue
2021-07-19 17:00:44.736 interchange:269 [DEBUG]  [TASK_PULL_THREAD] 1 tasks in internal queue
2021-07-19 17:00:44.749 interchange:269 [DEBUG]  [TASK_PULL_THREAD] 1 tasks in internal queue
2021-07-19 17:00:44.762 interchange:269 [DEBUG]  [TASK_PULL_THREAD] 1 tasks in internal queue
2021-07-19 17:00:44.773 interchange:269 [DEBUG]  [TASK_PULL_THREAD] 1 tasks in internal queue
2021-07-19 17:00:44.780 interchange:408 [DEBUG]  [MAIN] starting task_outgoing section
2021-07-19 17:00:44.781 interchange:469 [DEBUG]  [MAIN] Manager b'63286c76a352' requested 3 tasks
2021-07-19 17:00:44.782 interchange:472 [DEBUG]  [MAIN] leaving task_outgoing section
2021-07-19 17:00:44.782 interchange:476 [DEBUG]  Managers count (interesting/total): 1/1
2021-07-19 17:00:44.783 interchange:500 [DEBUG]  [MAIN] Sent tasks: [14] to manager b'63286c76a352'
2021-07-19 17:00:44.784 interchange:502 [DEBUG]  [MAIN] Manager b'63286c76a352' has free_capacity 2
2021-07-19 17:00:44.785 interchange:269 [DEBUG]  [TASK_PULL_THREAD] 0 tasks in internal queue
2021-07-19 17:00:44.786 interchange:510 [DEBUG]  [MAIN] leaving _ready_manager_queue section, with 1 managers still interesting
2021-07-19 17:00:44.788 interchange:408 [DEBUG]  [MAIN] starting task_outgoing section
2021-07-19 17:00:44.788 interchange:469 [DEBUG]  [MAIN] Manager b'63286c76a352' requested 3 tasks
2021-07-19 17:00:44.789 interchange:472 [DEBUG]  [MAIN] leaving task_outgoing section
2021-07-19 17:00:44.790 interchange:476 [DEBUG]  Managers count (interesting/total): 1/1
2021-07-19 17:00:44.791 interchange:512 [DEBUG]  [MAIN] either no interesting managers or no tasks, so skipping manager pass
2021-07-19 17:00:44.792 interchange:408 [DEBUG]  [MAIN] starting task_outgoing section
2021-07-19 17:00:44.793 interchange:469 [DEBUG]  [MAIN] Manager b'63286c76a352' requested 3 tasks
2021-07-19 17:00:44.794 interchange:472 [DEBUG]  [MAIN] leaving task_outgoing section
2021-07-19 17:00:44.794 interchange:476 [DEBUG]  Managers count (interesting/total): 1/1
2021-07-19 17:00:44.795 interchange:512 [DEBUG]  [MAIN] either no interesting managers or no tasks, so skipping manager pass
2021-07-19 17:00:44.797 interchange:269 [DEBUG]  [TASK_PULL_THREAD] 0 tasks in internal queue
2021-07-19 17:00:44.810 interchange:269 [DEBUG]  [TASK_PULL_THREAD] 0 tasks in internal queue
2021-07-19 17:00:44.824 interchange:269 [DEBUG]  [TASK_PULL_THREAD] 0 tasks in internal queue
2021-07-19 17:00:44.838 interchange:269 [DEBUG]  [TASK_PULL_THREAD] 0 tasks in internal queue
2021-07-19 17:00:44.852 interchange:269 [DEBUG]  [TASK_PULL_THREAD] 0 tasks in internal queue
2021-07-19 17:00:44.864 interchange:269 [DEBUG]  [TASK_PULL_THREAD] 0 tasks in internal queue
2021-07-19 17:00:44.876 interchange:269 [DEBUG]  [TASK_PULL_THREAD] 0 tasks in internal queue
2021-07-19 17:00:44.890 interchange:269 [DEBUG]  [TASK_PULL_THREAD] 0 tasks in internal queue
2021-07-19 17:00:44.897 interchange:476 [DEBUG]  Managers count (interesting/total): 1/1
2021-07-19 17:00:44.898 interchange:512 [DEBUG]  [MAIN] either no interesting managers or no tasks, so skipping manager pass
2021-07-19 17:00:44.899 interchange:476 [DEBUG]  Managers count (interesting/total): 1/1
2021-07-19 17:00:44.900 interchange:512 [DEBUG]  [MAIN] either no interesting managers or no tasks, so skipping manager pass
2021-07-19 17:00:44.901 interchange:515 [DEBUG]  [MAIN] entering results_incoming section
2021-07-19 17:00:44.902 interchange:520 [DEBUG]  [MAIN] Got 1 result items in batch
2021-07-19 17:00:44.903 interchange:269 [DEBUG]  [TASK_PULL_THREAD] 0 tasks in internal queue
2021-07-19 17:00:44.904 interchange:533 [DEBUG]  [MAIN] Current tasks: []
2021-07-19 17:00:44.904 interchange:536 [DEBUG]  [MAIN] leaving results_incoming section
2021-07-19 17:00:44.907 interchange:278 [DEBUG]  [TASK_PULL_THREAD] Fetched task:15
2021-07-19 17:00:44.921 interchange:269 [DEBUG]  [TASK_PULL_THREAD] 1 tasks in internal queue
2021-07-19 17:00:44.932 interchange:269 [DEBUG]  [TASK_PULL_THREAD] 1 tasks in internal queue
2021-07-19 17:00:44.944 interchange:269 [DEBUG]  [TASK_PULL_THREAD] 1 tasks in internal queue
2021-07-19 17:00:44.958 interchange:269 [DEBUG]  [TASK_PULL_THREAD] 1 tasks in internal queue
2021-07-19 17:00:44.972 interchange:269 [DEBUG]  [TASK_PULL_THREAD] 1 tasks in internal queue
2021-07-19 17:00:44.985 interchange:269 [DEBUG]  [TASK_PULL_THREAD] 1 tasks in internal queue
2021-07-19 17:00:44.991 interchange:408 [DEBUG]  [MAIN] starting task_outgoing section
2021-07-19 17:00:44.992 interchange:469 [DEBUG]  [MAIN] Manager b'63286c76a352' requested 3 tasks
2021-07-19 17:00:44.992 interchange:472 [DEBUG]  [MAIN] leaving task_outgoing section
2021-07-19 17:00:44.993 interchange:476 [DEBUG]  Managers count (interesting/total): 1/1
2021-07-19 17:00:44.994 interchange:500 [DEBUG]  [MAIN] Sent tasks: [15] to manager b'63286c76a352'
2021-07-19 17:00:44.995 interchange:502 [DEBUG]  [MAIN] Manager b'63286c76a352' has free_capacity 2
2021-07-19 17:00:44.996 interchange:510 [DEBUG]  [MAIN] leaving _ready_manager_queue section, with 1 managers still interesting
2021-07-19 17:00:44.998 interchange:269 [DEBUG]  [TASK_PULL_THREAD] 0 tasks in internal queue
2021-07-19 17:00:44.998 interchange:408 [DEBUG]  [MAIN] starting task_outgoing section
2021-07-19 17:00:44.999 interchange:469 [DEBUG]  [MAIN] Manager b'63286c76a352' requested 3 tasks
2021-07-19 17:00:45.000 interchange:472 [DEBUG]  [MAIN] leaving task_outgoing section
2021-07-19 17:00:45.001 interchange:476 [DEBUG]  Managers count (interesting/total): 1/1
2021-07-19 17:00:45.001 interchange:512 [DEBUG]  [MAIN] either no interesting managers or no tasks, so skipping manager pass
2021-07-19 17:00:45.002 interchange:408 [DEBUG]  [MAIN] starting task_outgoing section
2021-07-19 17:00:45.003 interchange:469 [DEBUG]  [MAIN] Manager b'63286c76a352' requested 3 tasks
2021-07-19 17:00:45.003 interchange:472 [DEBUG]  [MAIN] leaving task_outgoing section
2021-07-19 17:00:45.004 interchange:476 [DEBUG]  Managers count (interesting/total): 1/1
2021-07-19 17:00:45.004 interchange:512 [DEBUG]  [MAIN] either no interesting managers or no tasks, so skipping manager pass
2021-07-19 17:00:45.011 interchange:269 [DEBUG]  [TASK_PULL_THREAD] 0 tasks in internal queue
2021-07-19 17:00:45.023 interchange:269 [DEBUG]  [TASK_PULL_THREAD] 0 tasks in internal queue
2021-07-19 17:00:45.037 interchange:269 [DEBUG]  [TASK_PULL_THREAD] 0 tasks in internal queue
2021-07-19 17:00:45.050 interchange:269 [DEBUG]  [TASK_PULL_THREAD] 0 tasks in internal queue
2021-07-19 17:00:45.064 interchange:269 [DEBUG]  [TASK_PULL_THREAD] 0 tasks in internal queue
2021-07-19 17:00:45.076 interchange:269 [DEBUG]  [TASK_PULL_THREAD] 0 tasks in internal queue
2021-07-19 17:00:45.088 interchange:269 [DEBUG]  [TASK_PULL_THREAD] 0 tasks in internal queue
2021-07-19 17:00:45.102 interchange:269 [DEBUG]  [TASK_PULL_THREAD] 0 tasks in internal queue
2021-07-19 17:00:45.106 interchange:476 [DEBUG]  Managers count (interesting/total): 1/1
2021-07-19 17:00:45.107 interchange:512 [DEBUG]  [MAIN] either no interesting managers or no tasks, so skipping manager pass
2021-07-19 17:00:45.109 interchange:476 [DEBUG]  Managers count (interesting/total): 1/1
2021-07-19 17:00:45.110 interchange:512 [DEBUG]  [MAIN] either no interesting managers or no tasks, so skipping manager pass
2021-07-19 17:00:45.110 interchange:515 [DEBUG]  [MAIN] entering results_incoming section
2021-07-19 17:00:45.111 interchange:520 [DEBUG]  [MAIN] Got 1 result items in batch
2021-07-19 17:00:45.112 interchange:533 [DEBUG]  [MAIN] Current tasks: []
2021-07-19 17:00:45.113 interchange:536 [DEBUG]  [MAIN] leaving results_incoming section
2021-07-19 17:00:45.114 interchange:269 [DEBUG]  [TASK_PULL_THREAD] 0 tasks in internal queue
2021-07-19 17:00:45.117 interchange:278 [DEBUG]  [TASK_PULL_THREAD] Fetched task:16
2021-07-19 17:00:45.130 interchange:269 [DEBUG]  [TASK_PULL_THREAD] 1 tasks in internal queue
2021-07-19 17:00:45.141 interchange:269 [DEBUG]  [TASK_PULL_THREAD] 1 tasks in internal queue
2021-07-19 17:00:45.153 interchange:269 [DEBUG]  [TASK_PULL_THREAD] 1 tasks in internal queue
2021-07-19 17:00:45.164 interchange:269 [DEBUG]  [TASK_PULL_THREAD] 1 tasks in internal queue
2021-07-19 17:00:45.175 interchange:269 [DEBUG]  [TASK_PULL_THREAD] 1 tasks in internal queue
2021-07-19 17:00:45.188 interchange:269 [DEBUG]  [TASK_PULL_THREAD] 1 tasks in internal queue
2021-07-19 17:00:45.198 interchange:408 [DEBUG]  [MAIN] starting task_outgoing section
2021-07-19 17:00:45.199 interchange:469 [DEBUG]  [MAIN] Manager b'63286c76a352' requested 3 tasks
2021-07-19 17:00:45.200 interchange:472 [DEBUG]  [MAIN] leaving task_outgoing section
2021-07-19 17:00:45.201 interchange:476 [DEBUG]  Managers count (interesting/total): 1/1
2021-07-19 17:00:45.202 interchange:269 [DEBUG]  [TASK_PULL_THREAD] 0 tasks in internal queue
2021-07-19 17:00:45.203 interchange:500 [DEBUG]  [MAIN] Sent tasks: [16] to manager b'63286c76a352'
2021-07-19 17:00:45.203 interchange:502 [DEBUG]  [MAIN] Manager b'63286c76a352' has free_capacity 2
2021-07-19 17:00:45.205 interchange:510 [DEBUG]  [MAIN] leaving _ready_manager_queue section, with 1 managers still interesting
2021-07-19 17:00:45.206 interchange:408 [DEBUG]  [MAIN] starting task_outgoing section
2021-07-19 17:00:45.207 interchange:469 [DEBUG]  [MAIN] Manager b'63286c76a352' requested 3 tasks
2021-07-19 17:00:45.208 interchange:472 [DEBUG]  [MAIN] leaving task_outgoing section
2021-07-19 17:00:45.209 interchange:476 [DEBUG]  Managers count (interesting/total): 1/1
2021-07-19 17:00:45.209 interchange:512 [DEBUG]  [MAIN] either no interesting managers or no tasks, so skipping manager pass
2021-07-19 17:00:45.210 interchange:408 [DEBUG]  [MAIN] starting task_outgoing section
2021-07-19 17:00:45.211 interchange:469 [DEBUG]  [MAIN] Manager b'63286c76a352' requested 3 tasks
2021-07-19 17:00:45.212 interchange:472 [DEBUG]  [MAIN] leaving task_outgoing section
2021-07-19 17:00:45.212 interchange:476 [DEBUG]  Managers count (interesting/total): 1/1
2021-07-19 17:00:45.213 interchange:512 [DEBUG]  [MAIN] either no interesting managers or no tasks, so skipping manager pass
2021-07-19 17:00:45.214 interchange:269 [DEBUG]  [TASK_PULL_THREAD] 0 tasks in internal queue
2021-07-19 17:00:45.226 interchange:269 [DEBUG]  [TASK_PULL_THREAD] 0 tasks in internal queue
2021-07-19 17:00:45.240 interchange:269 [DEBUG]  [TASK_PULL_THREAD] 0 tasks in internal queue
2021-07-19 17:00:45.253 interchange:269 [DEBUG]  [TASK_PULL_THREAD] 0 tasks in internal queue
2021-07-19 17:00:45.267 interchange:269 [DEBUG]  [TASK_PULL_THREAD] 0 tasks in internal queue
2021-07-19 17:00:45.278 interchange:269 [DEBUG]  [TASK_PULL_THREAD] 0 tasks in internal queue
2021-07-19 17:00:45.290 interchange:269 [DEBUG]  [TASK_PULL_THREAD] 0 tasks in internal queue
2021-07-19 17:00:45.304 interchange:269 [DEBUG]  [TASK_PULL_THREAD] 0 tasks in internal queue
2021-07-19 17:00:45.314 interchange:476 [DEBUG]  Managers count (interesting/total): 1/1
2021-07-19 17:00:45.315 interchange:512 [DEBUG]  [MAIN] either no interesting managers or no tasks, so skipping manager pass
2021-07-19 17:00:45.317 interchange:269 [DEBUG]  [TASK_PULL_THREAD] 0 tasks in internal queue
2021-07-19 17:00:45.321 interchange:476 [DEBUG]  Managers count (interesting/total): 1/1
2021-07-19 17:00:45.322 interchange:512 [DEBUG]  [MAIN] either no interesting managers or no tasks, so skipping manager pass
2021-07-19 17:00:45.322 interchange:515 [DEBUG]  [MAIN] entering results_incoming section
2021-07-19 17:00:45.323 interchange:520 [DEBUG]  [MAIN] Got 1 result items in batch
2021-07-19 17:00:45.324 interchange:533 [DEBUG]  [MAIN] Current tasks: []
2021-07-19 17:00:45.325 interchange:536 [DEBUG]  [MAIN] leaving results_incoming section
2021-07-19 17:00:45.330 interchange:269 [DEBUG]  [TASK_PULL_THREAD] 0 tasks in internal queue
2021-07-19 17:00:45.331 interchange:310 [DEBUG]  [COMMAND] Received command request: MANAGERS
2021-07-19 17:00:45.332 interchange:356 [DEBUG]  [COMMAND] Reply: [{'manager': '63286c76a352', 'block_id': '0', 'worker_count': 3, 'tasks': 0, 'idle_duration': 0.006932973861694336, 'active': True}]
2021-07-19 17:00:45.333 interchange:310 [DEBUG]  [COMMAND] Received command request: MANAGERS
2021-07-19 17:00:45.334 interchange:356 [DEBUG]  [COMMAND] Reply: [{'manager': '63286c76a352', 'block_id': '0', 'worker_count': 3, 'tasks': 0, 'idle_duration': 0.009212017059326172, 'active': True}]
2021-07-19 17:00:45.335 interchange:310 [DEBUG]  [COMMAND] Received command request: HOLD_WORKER;63286c76a352
2021-07-19 17:00:45.336 interchange:340 [INFO]  [CMD] Received HOLD_WORKER for b'63286c76a352'
2021-07-19 17:00:45.337 interchange:293 [INFO]  Sending message {'last_heartbeat': 1626732045.2117, 'idle_since': 1626732045.325243, 'free_capacity': 3, 'block_id': '0', 'max_capacity': 3, 'worker_count': 3, 'active': False, 'tasks': [], 'parsl_v': '1.1.0', 'python_v': '3.8.8', 'uid': '63286c76a352', 'prefetch_capacity': 0, 'os': 'Darwin', 'hostname': 'Ananths-Macbook.local', 'dir': '/Users/ananthhariharan/Documents/Code/GitHub/Parsl-Project', 'cpu_count': 2, 'total_memory': 8589934592} to hub
2021-07-19 17:00:45.337 interchange:356 [DEBUG]  [COMMAND] Reply: True
2021-07-19 17:00:45.343 interchange:269 [DEBUG]  [TASK_PULL_THREAD] 0 tasks in internal queue
