2021-07-12 15:31:31.273 parsl.dataflow.dflow:85 [DEBUG]  Starting DataFlowKernel with config
Config(
    app_cache=True, 
    checkpoint_files=None, 
    checkpoint_mode='task_exit', 
    checkpoint_period=None, 
    executors=[HighThroughputExecutor(
        address=None, 
        address_probe_timeout=None, 
        cores_per_worker=1, 
        cpu_affinity='none', 
        heartbeat_period=2, 
        heartbeat_threshold=5, 
        interchange_port_range=(55000, 56000), 
        label='htex_Local', 
        launch_cmd='process_worker_pool.py {debug} {max_workers} -a {addresses} -p {prefetch_capacity} -c {cores_per_worker} -m {mem_per_worker} --poll {poll_period} --task_port={task_port} --result_port={result_port} --logdir={logdir} --block_id={{block_id}} --hb_period={heartbeat_period} {address_probe_timeout_string} --hb_threshold={heartbeat_threshold} --cpu-affinity {cpu_affinity} ', 
        managed=True, 
        max_workers=inf, 
        mem_per_worker=None, 
        poll_period=100, 
        prefetch_capacity=0, 
        provider=LocalProvider(
            channel=LocalChannel(
                envs={}, 
                script_dir=None, 
                userhome='/Users/vedkommalapati/Documents/GitHub/Parsl'
            ), 
            cmd_timeout=30, 
            init_blocks=0, 
            launcher=SingleNodeLauncher(debug=True, fail_on_any=False), 
            max_blocks=5, 
            min_blocks=0, 
            move_files=None, 
            nodes_per_block=1, 
            parallelism=1, 
            worker_init=''
        ), 
        storage_access=[FTPInTaskStaging(), HTTPInTaskStaging(), NoOpFileStaging()], 
        worker_debug=True, 
        worker_logdir_root=None, 
        worker_port_range=(54000, 55000), 
        worker_ports=None, 
        working_dir='/Users/vedkommalapati/Documents/GitHub/Parsl/test_htex_alternate'
    )], 
    garbage_collect=True, 
    initialize_logging=True, 
    internal_tasks_max_threads=10, 
    max_idletime=120.0, 
    monitoring=MonitoringHub(
        'localhost',
        client_address='127.0.0.1', 
        client_port_range=(55000, 56000), 
        hub_port=55055, 
        hub_port_range=(55050, 56000), 
        logdir=None, 
        logging_endpoint='sqlite:///monitoring.db', 
        monitoring_debug=False, 
        resource_monitoring_enabled=True, 
        resource_monitoring_interval=1, 
        workflow_name=None, 
        workflow_version=None
    ), 
    retries=2, 
    retry_handler=None, 
    run_dir='runinfo', 
    strategy='simple', 
    usage_tracking=False
)
2021-07-12 15:31:31.273 parsl.dataflow.dflow:87 [INFO]  Parsl version: 1.1.0+desc-2021.07.09a
2021-07-12 15:31:31.274 parsl.dataflow.usage_tracking.usage:128 [DEBUG]  Tracking status: False
2021-07-12 15:31:31.274 parsl.monitoring.monitoring:321 [DEBUG]  Initializing ZMQ Pipes to client
2021-07-12 15:31:31.294 parsl.monitoring.monitoring:355 [INFO]  Started the Hub process 52594 and DBM process 52595
2021-07-12 15:31:31.302 parsl.monitoring.monitoring:362 [INFO]  Started filesystem radio receiver process 52596
2021-07-12 15:31:31.309 parsl.monitoring.monitoring:386 [INFO]  Monitoring Hub initialized
2021-07-12 15:31:31.310 parsl.dataflow.dflow:115 [INFO]  Run id is: 2c8221de-4cfe-44b4-939c-1f3cd2c25120
2021-07-12 15:31:31.424 parsl.dataflow.dflow:122 [DEBUG]  Considering candidate for workflow name: /Library/Frameworks/Python.framework/Versions/3.9/lib/python3.9/site-packages/parsl/dataflow/dflow.py
2021-07-12 15:31:31.424 parsl.dataflow.dflow:122 [DEBUG]  Considering candidate for workflow name: /Library/Frameworks/Python.framework/Versions/3.9/lib/python3.9/site-packages/parsl/dataflow/dflow.py
2021-07-12 15:31:31.424 parsl.dataflow.dflow:122 [DEBUG]  Considering candidate for workflow name: /Library/Frameworks/Python.framework/Versions/3.9/lib/python3.9/site-packages/typeguard/__init__.py
2021-07-12 15:31:31.424 parsl.dataflow.dflow:122 [DEBUG]  Considering candidate for workflow name: /Users/vedkommalapati/Documents/GitHub/Parsl/test.py
2021-07-12 15:31:31.424 parsl.dataflow.dflow:128 [DEBUG]  Using test.py as workflow name
2021-07-12 15:31:31.425 parsl.monitoring.monitoring:392 [DEBUG]  Sending message MessageType.WORKFLOW_INFO, {'python_version': '3.9.6', 'parsl_version': '1.1.0+desc-2021.07.09a', 'time_began': datetime.datetime(2021, 7, 12, 15, 31, 31, 310431), 'time_completed': None, 'run_id': '2c8221de-4cfe-44b4-939c-1f3cd2c25120', 'workflow_name': 'test.py', 'workflow_version': '2021-07-12 15:31:31', 'rundir': '/Users/vedkommalapati/Documents/GitHub/Parsl/runinfo/003', 'tasks_completed_count': 0, 'tasks_failed_count': 0, 'user': 'vedkommalapati', 'host': 'Veds-MacBook-Pro.local'}
2021-07-12 15:31:31.425 parsl.monitoring.monitoring:399 [DEBUG]  Sent message MessageType.WORKFLOW_INFO, {'python_version': '3.9.6', 'parsl_version': '1.1.0+desc-2021.07.09a', 'time_began': datetime.datetime(2021, 7, 12, 15, 31, 31, 310431), 'time_completed': None, 'run_id': '2c8221de-4cfe-44b4-939c-1f3cd2c25120', 'workflow_name': 'test.py', 'workflow_version': '2021-07-12 15:31:31', 'rundir': '/Users/vedkommalapati/Documents/GitHub/Parsl/runinfo/003', 'tasks_completed_count': 0, 'tasks_failed_count': 0, 'user': 'vedkommalapati', 'host': 'Veds-MacBook-Pro.local'}
2021-07-12 15:31:31.426 parsl.dataflow.memoization:153 [INFO]  App caching initialized
2021-07-12 15:31:31.426 parsl.dataflow.strategy:125 [DEBUG]  Scaling strategy: simple
2021-07-12 15:31:31.428 parsl.executors.high_throughput.executor:478 [DEBUG]  Starting queue management thread
2021-07-12 15:31:31.428 parsl.executors.high_throughput.executor:361 [DEBUG]  [MTHREAD] queue management worker starting
2021-07-12 15:31:31.428 parsl.executors.high_throughput.executor:482 [DEBUG]  Started queue management thread
2021-07-12 15:31:31.441 parsl.executors.high_throughput.executor:322 [DEBUG]  Created management thread: <Thread(HTEX-Queue-Management-Thread, started daemon 123145607098368)>
2021-07-12 15:31:31.442 parsl.executors.high_throughput.executor:294 [DEBUG]  Launch command: process_worker_pool.py --debug  -a 73.211.248.63,192.168.1.6,Veds-MacBook-Pro.local -p 0 -c 1 -m None --poll 100 --task_port=54658 --result_port=54754 --logdir=/Users/vedkommalapati/Documents/GitHub/Parsl/runinfo/003/htex_Local --block_id={block_id} --hb_period=2  --hb_threshold=5 --cpu-affinity none 
2021-07-12 15:31:31.442 parsl.executors.high_throughput.executor:297 [DEBUG]  Starting HighThroughputExecutor with provider:
LocalProvider(
    channel=LocalChannel(
        envs={}, 
        script_dir='/Users/vedkommalapati/Documents/GitHub/Parsl/runinfo/003/submit_scripts', 
        userhome='/Users/vedkommalapati/Documents/GitHub/Parsl'
    ), 
    cmd_timeout=30, 
    init_blocks=0, 
    launcher=SingleNodeLauncher(debug=True, fail_on_any=False), 
    max_blocks=5, 
    min_blocks=0, 
    move_files=None, 
    nodes_per_block=1, 
    parallelism=1, 
    worker_init=''
)
2021-07-12 15:31:31.445 parsl.dataflow.task_status_poller:114 [DEBUG]  Adding executor htex_Local
2021-07-12 15:31:31.445 parsl.dataflow.task_status_poller:37 [INFO]  Monitoring enabled on task status poller
2021-07-12 15:31:31.445 parsl.dataflow.task_status_poller:117 [DEBUG]  Executor _parsl_internal has no poll time, so will not poll
2021-07-12 15:31:31.450 parsl.app.python:61 [DEBUG]  invocation_kwargs step 1: {}
2021-07-12 15:31:31.450 parsl.app.python:63 [DEBUG]  invocation_kwargs step 2: {}
2021-07-12 15:31:31.450 parsl.app.python:65 [DEBUG]  invocation_kwargs step 3: {}
2021-07-12 15:31:31.450 parsl.dataflow.dflow:894 [DEBUG]  Task 0 will be sent to executor htex_Local
2021-07-12 15:31:31.450 parsl.dataflow.dflow:720 [DEBUG]  Adding output dependencies
2021-07-12 15:31:31.450 parsl.dataflow.dflow:974 [INFO]  Task 0 submitted for App app_A, not waiting on any dependency
2021-07-12 15:31:31.450 parsl.dataflow.dflow:982 [DEBUG]  Task 0 set to pending state with AppFuture: <AppFuture super=<AppFuture at 0x7fa1c9b550a0 state=pending>>
2021-07-12 15:31:31.451 parsl.monitoring.monitoring:392 [DEBUG]  Sending message MessageType.TASK_INFO, {'task_func_name': 'app_A', 'task_memoize': False, 'task_hashsum': None, 'task_fail_count': 0, 'task_fail_cost': 0, 'task_status': <States.pending: 0>, 'task_id': 0, 'task_time_invoked': datetime.datetime(2021, 7, 12, 15, 31, 31, 450704), 'task_try_time_launched': None, 'task_time_returned': None, 'task_try_time_returned': None, 'task_executor': 'htex_Local', 'run_id': '2c8221de-4cfe-44b4-939c-1f3cd2c25120', 'try_id': 0, 'timestamp': datetime.datetime(2021, 7, 12, 15, 31, 31, 451007), 'task_status_name': 'pending', 'tasks_failed_count': 0, 'tasks_completed_count': 0, 'tasks_memo_completed_count': 0, 'from_memo': None, 'task_inputs': 'None', 'task_outputs': 'None', 'task_stdin': None, 'task_stdout': None, 'task_stderr': None, 'task_fail_history': '', 'task_depends': '', 'task_joins': None}
2021-07-12 15:31:31.451 parsl.monitoring.monitoring:399 [DEBUG]  Sent message MessageType.TASK_INFO, {'task_func_name': 'app_A', 'task_memoize': False, 'task_hashsum': None, 'task_fail_count': 0, 'task_fail_cost': 0, 'task_status': <States.pending: 0>, 'task_id': 0, 'task_time_invoked': datetime.datetime(2021, 7, 12, 15, 31, 31, 450704), 'task_try_time_launched': None, 'task_time_returned': None, 'task_try_time_returned': None, 'task_executor': 'htex_Local', 'run_id': '2c8221de-4cfe-44b4-939c-1f3cd2c25120', 'try_id': 0, 'timestamp': datetime.datetime(2021, 7, 12, 15, 31, 31, 451007), 'task_status_name': 'pending', 'tasks_failed_count': 0, 'tasks_completed_count': 0, 'tasks_memo_completed_count': 0, 'from_memo': None, 'task_inputs': 'None', 'task_outputs': 'None', 'task_stdin': None, 'task_stdout': None, 'task_stderr': None, 'task_fail_history': '', 'task_depends': '', 'task_joins': None}
2021-07-12 15:31:31.451 parsl.dataflow.memoization:218 [DEBUG]  Task 0 will not be memoized
2021-07-12 15:31:31.451 parsl.executors.high_throughput.executor:561 [DEBUG]  Pushing function <function MonitoringHub.monitor_wrapper.<locals>.wrapped at 0x7fa1c9b5a550> to queue with args ()
2021-07-12 15:31:31.453 parsl.monitoring.monitoring:392 [DEBUG]  Sending message MessageType.TASK_INFO, {'task_func_name': 'app_A', 'task_memoize': False, 'task_hashsum': None, 'task_fail_count': 0, 'task_fail_cost': 0, 'task_status': <States.launched: 7>, 'task_id': 0, 'task_time_invoked': datetime.datetime(2021, 7, 12, 15, 31, 31, 450704), 'task_try_time_launched': datetime.datetime(2021, 7, 12, 15, 31, 31, 451637), 'task_time_returned': None, 'task_try_time_returned': None, 'task_executor': 'htex_Local', 'run_id': '2c8221de-4cfe-44b4-939c-1f3cd2c25120', 'try_id': 0, 'timestamp': datetime.datetime(2021, 7, 12, 15, 31, 31, 453649), 'task_status_name': 'launched', 'tasks_failed_count': 0, 'tasks_completed_count': 0, 'tasks_memo_completed_count': 0, 'from_memo': False, 'task_inputs': 'None', 'task_outputs': 'None', 'task_stdin': None, 'task_stdout': None, 'task_stderr': None, 'task_fail_history': '', 'task_depends': '', 'task_joins': None}
2021-07-12 15:31:31.453 parsl.monitoring.monitoring:399 [DEBUG]  Sent message MessageType.TASK_INFO, {'task_func_name': 'app_A', 'task_memoize': False, 'task_hashsum': None, 'task_fail_count': 0, 'task_fail_cost': 0, 'task_status': <States.launched: 7>, 'task_id': 0, 'task_time_invoked': datetime.datetime(2021, 7, 12, 15, 31, 31, 450704), 'task_try_time_launched': datetime.datetime(2021, 7, 12, 15, 31, 31, 451637), 'task_time_returned': None, 'task_try_time_returned': None, 'task_executor': 'htex_Local', 'run_id': '2c8221de-4cfe-44b4-939c-1f3cd2c25120', 'try_id': 0, 'timestamp': datetime.datetime(2021, 7, 12, 15, 31, 31, 453649), 'task_status_name': 'launched', 'tasks_failed_count': 0, 'tasks_completed_count': 0, 'tasks_memo_completed_count': 0, 'from_memo': False, 'task_inputs': 'None', 'task_outputs': 'None', 'task_stdin': None, 'task_stdout': None, 'task_stderr': None, 'task_fail_history': '', 'task_depends': '', 'task_joins': None}
2021-07-12 15:31:31.454 parsl.dataflow.dflow:683 [INFO]  Task 0 launched on executor htex_Local
2021-07-12 15:31:31.454 parsl.app.python:61 [DEBUG]  invocation_kwargs step 1: {}
2021-07-12 15:31:31.454 parsl.app.python:63 [DEBUG]  invocation_kwargs step 2: {}
2021-07-12 15:31:31.454 parsl.app.python:65 [DEBUG]  invocation_kwargs step 3: {}
2021-07-12 15:31:31.454 parsl.dataflow.dflow:894 [DEBUG]  Task 1 will be sent to executor htex_Local
2021-07-12 15:31:31.454 parsl.dataflow.dflow:720 [DEBUG]  Adding output dependencies
2021-07-12 15:31:31.454 parsl.dataflow.dflow:974 [INFO]  Task 1 submitted for App app_B, not waiting on any dependency
2021-07-12 15:31:31.454 parsl.dataflow.dflow:982 [DEBUG]  Task 1 set to pending state with AppFuture: <AppFuture super=<AppFuture at 0x7fa1c9b687f0 state=pending>>
2021-07-12 15:31:31.454 parsl.monitoring.monitoring:392 [DEBUG]  Sending message MessageType.TASK_INFO, {'task_func_name': 'app_B', 'task_memoize': False, 'task_hashsum': None, 'task_fail_count': 0, 'task_fail_cost': 0, 'task_status': <States.pending: 0>, 'task_id': 1, 'task_time_invoked': datetime.datetime(2021, 7, 12, 15, 31, 31, 454435), 'task_try_time_launched': None, 'task_time_returned': None, 'task_try_time_returned': None, 'task_executor': 'htex_Local', 'run_id': '2c8221de-4cfe-44b4-939c-1f3cd2c25120', 'try_id': 0, 'timestamp': datetime.datetime(2021, 7, 12, 15, 31, 31, 454642), 'task_status_name': 'pending', 'tasks_failed_count': 0, 'tasks_completed_count': 0, 'tasks_memo_completed_count': 0, 'from_memo': None, 'task_inputs': 'None', 'task_outputs': 'None', 'task_stdin': None, 'task_stdout': None, 'task_stderr': None, 'task_fail_history': '', 'task_depends': '', 'task_joins': None}
2021-07-12 15:31:31.455 parsl.monitoring.monitoring:399 [DEBUG]  Sent message MessageType.TASK_INFO, {'task_func_name': 'app_B', 'task_memoize': False, 'task_hashsum': None, 'task_fail_count': 0, 'task_fail_cost': 0, 'task_status': <States.pending: 0>, 'task_id': 1, 'task_time_invoked': datetime.datetime(2021, 7, 12, 15, 31, 31, 454435), 'task_try_time_launched': None, 'task_time_returned': None, 'task_try_time_returned': None, 'task_executor': 'htex_Local', 'run_id': '2c8221de-4cfe-44b4-939c-1f3cd2c25120', 'try_id': 0, 'timestamp': datetime.datetime(2021, 7, 12, 15, 31, 31, 454642), 'task_status_name': 'pending', 'tasks_failed_count': 0, 'tasks_completed_count': 0, 'tasks_memo_completed_count': 0, 'from_memo': None, 'task_inputs': 'None', 'task_outputs': 'None', 'task_stdin': None, 'task_stdout': None, 'task_stderr': None, 'task_fail_history': '', 'task_depends': '', 'task_joins': None}
2021-07-12 15:31:31.455 parsl.dataflow.memoization:218 [DEBUG]  Task 1 will not be memoized
2021-07-12 15:31:31.455 parsl.executors.high_throughput.executor:561 [DEBUG]  Pushing function <function MonitoringHub.monitor_wrapper.<locals>.wrapped at 0x7fa1c9b5a820> to queue with args ()
2021-07-12 15:31:31.456 parsl.monitoring.monitoring:392 [DEBUG]  Sending message MessageType.TASK_INFO, {'task_func_name': 'app_B', 'task_memoize': False, 'task_hashsum': None, 'task_fail_count': 0, 'task_fail_cost': 0, 'task_status': <States.launched: 7>, 'task_id': 1, 'task_time_invoked': datetime.datetime(2021, 7, 12, 15, 31, 31, 454435), 'task_try_time_launched': datetime.datetime(2021, 7, 12, 15, 31, 31, 455130), 'task_time_returned': None, 'task_try_time_returned': None, 'task_executor': 'htex_Local', 'run_id': '2c8221de-4cfe-44b4-939c-1f3cd2c25120', 'try_id': 0, 'timestamp': datetime.datetime(2021, 7, 12, 15, 31, 31, 456350), 'task_status_name': 'launched', 'tasks_failed_count': 0, 'tasks_completed_count': 0, 'tasks_memo_completed_count': 0, 'from_memo': False, 'task_inputs': 'None', 'task_outputs': 'None', 'task_stdin': None, 'task_stdout': None, 'task_stderr': None, 'task_fail_history': '', 'task_depends': '', 'task_joins': None}
2021-07-12 15:31:31.456 parsl.monitoring.monitoring:399 [DEBUG]  Sent message MessageType.TASK_INFO, {'task_func_name': 'app_B', 'task_memoize': False, 'task_hashsum': None, 'task_fail_count': 0, 'task_fail_cost': 0, 'task_status': <States.launched: 7>, 'task_id': 1, 'task_time_invoked': datetime.datetime(2021, 7, 12, 15, 31, 31, 454435), 'task_try_time_launched': datetime.datetime(2021, 7, 12, 15, 31, 31, 455130), 'task_time_returned': None, 'task_try_time_returned': None, 'task_executor': 'htex_Local', 'run_id': '2c8221de-4cfe-44b4-939c-1f3cd2c25120', 'try_id': 0, 'timestamp': datetime.datetime(2021, 7, 12, 15, 31, 31, 456350), 'task_status_name': 'launched', 'tasks_failed_count': 0, 'tasks_completed_count': 0, 'tasks_memo_completed_count': 0, 'from_memo': False, 'task_inputs': 'None', 'task_outputs': 'None', 'task_stdin': None, 'task_stdout': None, 'task_stderr': None, 'task_fail_history': '', 'task_depends': '', 'task_joins': None}
2021-07-12 15:31:31.456 parsl.dataflow.dflow:683 [INFO]  Task 1 launched on executor htex_Local
2021-07-12 15:31:31.456 parsl.app.python:61 [DEBUG]  invocation_kwargs step 1: {}
2021-07-12 15:31:31.456 parsl.app.python:63 [DEBUG]  invocation_kwargs step 2: {}
2021-07-12 15:31:31.456 parsl.app.python:65 [DEBUG]  invocation_kwargs step 3: {}
2021-07-12 15:31:31.457 parsl.dataflow.dflow:894 [DEBUG]  Task 2 will be sent to executor htex_Local
2021-07-12 15:31:31.457 parsl.dataflow.dflow:720 [DEBUG]  Adding output dependencies
2021-07-12 15:31:31.457 parsl.dataflow.dflow:974 [INFO]  Task 2 submitted for App app_C, waiting on task 0, task 1
2021-07-12 15:31:31.457 parsl.dataflow.dflow:982 [DEBUG]  Task 2 set to pending state with AppFuture: <AppFuture super=<AppFuture at 0x7fa1c9b68f70 state=pending>>
2021-07-12 15:31:31.457 parsl.monitoring.monitoring:392 [DEBUG]  Sending message MessageType.TASK_INFO, {'task_func_name': 'app_C', 'task_memoize': False, 'task_hashsum': None, 'task_fail_count': 0, 'task_fail_cost': 0, 'task_status': <States.pending: 0>, 'task_id': 2, 'task_time_invoked': datetime.datetime(2021, 7, 12, 15, 31, 31, 457063), 'task_try_time_launched': None, 'task_time_returned': None, 'task_try_time_returned': None, 'task_executor': 'htex_Local', 'run_id': '2c8221de-4cfe-44b4-939c-1f3cd2c25120', 'try_id': 0, 'timestamp': datetime.datetime(2021, 7, 12, 15, 31, 31, 457285), 'task_status_name': 'pending', 'tasks_failed_count': 0, 'tasks_completed_count': 0, 'tasks_memo_completed_count': 0, 'from_memo': None, 'task_inputs': 'None', 'task_outputs': 'None', 'task_stdin': None, 'task_stdout': None, 'task_stderr': None, 'task_fail_history': '', 'task_depends': '0,1', 'task_joins': None}
2021-07-12 15:31:31.457 parsl.monitoring.monitoring:399 [DEBUG]  Sent message MessageType.TASK_INFO, {'task_func_name': 'app_C', 'task_memoize': False, 'task_hashsum': None, 'task_fail_count': 0, 'task_fail_cost': 0, 'task_status': <States.pending: 0>, 'task_id': 2, 'task_time_invoked': datetime.datetime(2021, 7, 12, 15, 31, 31, 457063), 'task_try_time_launched': None, 'task_time_returned': None, 'task_try_time_returned': None, 'task_executor': 'htex_Local', 'run_id': '2c8221de-4cfe-44b4-939c-1f3cd2c25120', 'try_id': 0, 'timestamp': datetime.datetime(2021, 7, 12, 15, 31, 31, 457285), 'task_status_name': 'pending', 'tasks_failed_count': 0, 'tasks_completed_count': 0, 'tasks_memo_completed_count': 0, 'from_memo': None, 'task_inputs': 'None', 'task_outputs': 'None', 'task_stdin': None, 'task_stdout': None, 'task_stderr': None, 'task_fail_history': '', 'task_depends': '0,1', 'task_joins': None}
2021-07-12 15:31:32.429 parsl.dataflow.task_status_poller:52 [DEBUG]  Sending message [] to hub from task status poller
2021-07-12 15:31:32.430 parsl.dataflow.strategy:163 [DEBUG]  general strategy starting
2021-07-12 15:31:32.430 parsl.dataflow.strategy:171 [DEBUG]  strategy_simple: strategizing for executor htex_Local
2021-07-12 15:31:32.434 parsl.dataflow.strategy:192 [DEBUG]  Slot ratio calculation: active_slots = 0, active_tasks = 2
2021-07-12 15:31:32.437 parsl.dataflow.strategy:195 [DEBUG]  Executor htex_Local has 2 active tasks, 0/0 running/pending blocks, and 0 connected workers
2021-07-12 15:31:32.437 parsl.dataflow.strategy:244 [DEBUG]  Case 22. (slot_ratio = active_slots/active_tasks) < parallelism
2021-07-12 15:31:32.437 parsl.dataflow.strategy:253 [DEBUG]  Case 2b active_blocks 0 < max_blocks 5 so scaling
2021-07-12 15:31:32.437 parsl.dataflow.strategy:257 [DEBUG]  Requesting 2 more blocks
2021-07-12 15:31:32.438 parsl.providers.local.local:217 [DEBUG]  Launching in remote mode
2021-07-12 15:31:32.450 parsl.executors.status_handling:181 [DEBUG]  Launched block 0->52599
2021-07-12 15:31:32.451 parsl.providers.local.local:217 [DEBUG]  Launching in remote mode
2021-07-12 15:31:32.462 parsl.executors.status_handling:181 [DEBUG]  Launched block 1->52606
2021-07-12 15:31:32.462 parsl.dataflow.task_status_poller:52 [DEBUG]  Sending message [{'run_id': '2c8221de-4cfe-44b4-939c-1f3cd2c25120', 'status': 'PENDING', 'timestamp': datetime.datetime(2021, 7, 12, 15, 31, 32, 462933), 'executor_label': 'htex_Local', 'job_id': '52599', 'block_id': '0'}, {'run_id': '2c8221de-4cfe-44b4-939c-1f3cd2c25120', 'status': 'PENDING', 'timestamp': datetime.datetime(2021, 7, 12, 15, 31, 32, 462941), 'executor_label': 'htex_Local', 'job_id': '52606', 'block_id': '1'}] to hub from task status poller
2021-07-12 15:31:33.374 parsl.dataflow.dflow:530 [INFO]  Task 0 completed (launched -> exec_done)
2021-07-12 15:31:33.375 parsl.dataflow.dflow:1271 [WARNING]  No tasks checkpointed so far in this run. Please ensure caching is enabled
2021-07-12 15:31:33.376 parsl.monitoring.monitoring:392 [DEBUG]  Sending message MessageType.TASK_INFO, {'task_func_name': 'app_A', 'task_memoize': False, 'task_hashsum': None, 'task_fail_count': 0, 'task_fail_cost': 0, 'task_status': <States.exec_done: 3>, 'task_id': 0, 'task_time_invoked': datetime.datetime(2021, 7, 12, 15, 31, 31, 450704), 'task_try_time_launched': datetime.datetime(2021, 7, 12, 15, 31, 31, 451637), 'task_time_returned': datetime.datetime(2021, 7, 12, 15, 31, 33, 375105), 'task_try_time_returned': datetime.datetime(2021, 7, 12, 15, 31, 33, 374822), 'task_executor': 'htex_Local', 'run_id': '2c8221de-4cfe-44b4-939c-1f3cd2c25120', 'try_id': 0, 'timestamp': datetime.datetime(2021, 7, 12, 15, 31, 33, 375797), 'task_status_name': 'exec_done', 'tasks_failed_count': 0, 'tasks_completed_count': 1, 'tasks_memo_completed_count': 0, 'from_memo': False, 'task_inputs': 'None', 'task_outputs': 'None', 'task_stdin': None, 'task_stdout': None, 'task_stderr': None, 'task_fail_history': '', 'task_depends': '', 'task_joins': None}
2021-07-12 15:31:33.376 parsl.monitoring.monitoring:399 [DEBUG]  Sent message MessageType.TASK_INFO, {'task_func_name': 'app_A', 'task_memoize': False, 'task_hashsum': None, 'task_fail_count': 0, 'task_fail_cost': 0, 'task_status': <States.exec_done: 3>, 'task_id': 0, 'task_time_invoked': datetime.datetime(2021, 7, 12, 15, 31, 31, 450704), 'task_try_time_launched': datetime.datetime(2021, 7, 12, 15, 31, 31, 451637), 'task_time_returned': datetime.datetime(2021, 7, 12, 15, 31, 33, 375105), 'task_try_time_returned': datetime.datetime(2021, 7, 12, 15, 31, 33, 374822), 'task_executor': 'htex_Local', 'run_id': '2c8221de-4cfe-44b4-939c-1f3cd2c25120', 'try_id': 0, 'timestamp': datetime.datetime(2021, 7, 12, 15, 31, 33, 375797), 'task_status_name': 'exec_done', 'tasks_failed_count': 0, 'tasks_completed_count': 1, 'tasks_memo_completed_count': 0, 'from_memo': False, 'task_inputs': 'None', 'task_outputs': 'None', 'task_stdin': None, 'task_stdout': None, 'task_stderr': None, 'task_fail_history': '', 'task_depends': '', 'task_joins': None}
2021-07-12 15:31:33.479 parsl.dataflow.dflow:530 [INFO]  Task 1 completed (launched -> exec_done)
2021-07-12 15:31:33.480 parsl.dataflow.dflow:1271 [WARNING]  No tasks checkpointed so far in this run. Please ensure caching is enabled
2021-07-12 15:31:33.480 parsl.dataflow.memoization:218 [DEBUG]  Task 2 will not be memoized
2021-07-12 15:31:33.480 parsl.executors.high_throughput.executor:561 [DEBUG]  Pushing function <function MonitoringHub.monitor_wrapper.<locals>.wrapped at 0x7fa1c9b5ac10> to queue with args (7, 3.0)
2021-07-12 15:31:33.483 parsl.monitoring.monitoring:392 [DEBUG]  Sending message MessageType.TASK_INFO, {'task_func_name': 'app_C', 'task_memoize': False, 'task_hashsum': None, 'task_fail_count': 0, 'task_fail_cost': 0, 'task_status': <States.launched: 7>, 'task_id': 2, 'task_time_invoked': datetime.datetime(2021, 7, 12, 15, 31, 31, 457063), 'task_try_time_launched': datetime.datetime(2021, 7, 12, 15, 31, 33, 480264), 'task_time_returned': None, 'task_try_time_returned': None, 'task_executor': 'htex_Local', 'run_id': '2c8221de-4cfe-44b4-939c-1f3cd2c25120', 'try_id': 0, 'timestamp': datetime.datetime(2021, 7, 12, 15, 31, 33, 483594), 'task_status_name': 'launched', 'tasks_failed_count': 0, 'tasks_completed_count': 2, 'tasks_memo_completed_count': 0, 'from_memo': False, 'task_inputs': 'None', 'task_outputs': 'None', 'task_stdin': None, 'task_stdout': None, 'task_stderr': None, 'task_fail_history': '', 'task_depends': '0,1', 'task_joins': None}
2021-07-12 15:31:33.484 parsl.monitoring.monitoring:399 [DEBUG]  Sent message MessageType.TASK_INFO, {'task_func_name': 'app_C', 'task_memoize': False, 'task_hashsum': None, 'task_fail_count': 0, 'task_fail_cost': 0, 'task_status': <States.launched: 7>, 'task_id': 2, 'task_time_invoked': datetime.datetime(2021, 7, 12, 15, 31, 31, 457063), 'task_try_time_launched': datetime.datetime(2021, 7, 12, 15, 31, 33, 480264), 'task_time_returned': None, 'task_try_time_returned': None, 'task_executor': 'htex_Local', 'run_id': '2c8221de-4cfe-44b4-939c-1f3cd2c25120', 'try_id': 0, 'timestamp': datetime.datetime(2021, 7, 12, 15, 31, 33, 483594), 'task_status_name': 'launched', 'tasks_failed_count': 0, 'tasks_completed_count': 2, 'tasks_memo_completed_count': 0, 'from_memo': False, 'task_inputs': 'None', 'task_outputs': 'None', 'task_stdin': None, 'task_stdout': None, 'task_stderr': None, 'task_fail_history': '', 'task_depends': '0,1', 'task_joins': None}
2021-07-12 15:31:33.484 parsl.dataflow.dflow:683 [INFO]  Task 2 launched on executor htex_Local
2021-07-12 15:31:33.485 parsl.monitoring.monitoring:392 [DEBUG]  Sending message MessageType.TASK_INFO, {'task_func_name': 'app_B', 'task_memoize': False, 'task_hashsum': None, 'task_fail_count': 0, 'task_fail_cost': 0, 'task_status': <States.exec_done: 3>, 'task_id': 1, 'task_time_invoked': datetime.datetime(2021, 7, 12, 15, 31, 31, 454435), 'task_try_time_launched': datetime.datetime(2021, 7, 12, 15, 31, 31, 455130), 'task_time_returned': datetime.datetime(2021, 7, 12, 15, 31, 33, 479502), 'task_try_time_returned': datetime.datetime(2021, 7, 12, 15, 31, 33, 479216), 'task_executor': 'htex_Local', 'run_id': '2c8221de-4cfe-44b4-939c-1f3cd2c25120', 'try_id': 0, 'timestamp': datetime.datetime(2021, 7, 12, 15, 31, 33, 484771), 'task_status_name': 'exec_done', 'tasks_failed_count': 0, 'tasks_completed_count': 2, 'tasks_memo_completed_count': 0, 'from_memo': False, 'task_inputs': 'None', 'task_outputs': 'None', 'task_stdin': None, 'task_stdout': None, 'task_stderr': None, 'task_fail_history': '', 'task_depends': '', 'task_joins': None}
2021-07-12 15:31:33.485 parsl.monitoring.monitoring:399 [DEBUG]  Sent message MessageType.TASK_INFO, {'task_func_name': 'app_B', 'task_memoize': False, 'task_hashsum': None, 'task_fail_count': 0, 'task_fail_cost': 0, 'task_status': <States.exec_done: 3>, 'task_id': 1, 'task_time_invoked': datetime.datetime(2021, 7, 12, 15, 31, 31, 454435), 'task_try_time_launched': datetime.datetime(2021, 7, 12, 15, 31, 31, 455130), 'task_time_returned': datetime.datetime(2021, 7, 12, 15, 31, 33, 479502), 'task_try_time_returned': datetime.datetime(2021, 7, 12, 15, 31, 33, 479216), 'task_executor': 'htex_Local', 'run_id': '2c8221de-4cfe-44b4-939c-1f3cd2c25120', 'try_id': 0, 'timestamp': datetime.datetime(2021, 7, 12, 15, 31, 33, 484771), 'task_status_name': 'exec_done', 'tasks_failed_count': 0, 'tasks_completed_count': 2, 'tasks_memo_completed_count': 0, 'from_memo': False, 'task_inputs': 'None', 'task_outputs': 'None', 'task_stdin': None, 'task_stdout': None, 'task_stderr': None, 'task_fail_history': '', 'task_depends': '', 'task_joins': None}
2021-07-12 15:31:33.693 parsl.dataflow.dflow:530 [INFO]  Task 2 completed (launched -> exec_done)
2021-07-12 15:31:33.694 parsl.app.python:61 [DEBUG]  invocation_kwargs step 1: {}
2021-07-12 15:31:33.694 parsl.app.python:63 [DEBUG]  invocation_kwargs step 2: {}
2021-07-12 15:31:33.694 parsl.app.python:65 [DEBUG]  invocation_kwargs step 3: {}
2021-07-12 15:31:33.694 parsl.dataflow.dflow:894 [DEBUG]  Task 3 will be sent to executor htex_Local
2021-07-12 15:31:33.695 parsl.dataflow.dflow:720 [DEBUG]  Adding output dependencies
2021-07-12 15:31:33.695 parsl.dataflow.dflow:1271 [WARNING]  No tasks checkpointed so far in this run. Please ensure caching is enabled
2021-07-12 15:31:33.695 parsl.dataflow.dflow:974 [INFO]  Task 3 submitted for App app_A, not waiting on any dependency
2021-07-12 15:31:33.695 parsl.monitoring.monitoring:392 [DEBUG]  Sending message MessageType.TASK_INFO, {'task_func_name': 'app_C', 'task_memoize': False, 'task_hashsum': None, 'task_fail_count': 0, 'task_fail_cost': 0, 'task_status': <States.exec_done: 3>, 'task_id': 2, 'task_time_invoked': datetime.datetime(2021, 7, 12, 15, 31, 31, 457063), 'task_try_time_launched': datetime.datetime(2021, 7, 12, 15, 31, 33, 480264), 'task_time_returned': datetime.datetime(2021, 7, 12, 15, 31, 33, 694069), 'task_try_time_returned': datetime.datetime(2021, 7, 12, 15, 31, 33, 693828), 'task_executor': 'htex_Local', 'run_id': '2c8221de-4cfe-44b4-939c-1f3cd2c25120', 'try_id': 0, 'timestamp': datetime.datetime(2021, 7, 12, 15, 31, 33, 695497), 'task_status_name': 'exec_done', 'tasks_failed_count': 0, 'tasks_completed_count': 3, 'tasks_memo_completed_count': 0, 'from_memo': False, 'task_inputs': 'None', 'task_outputs': 'None', 'task_stdin': None, 'task_stdout': None, 'task_stderr': None, 'task_fail_history': '', 'task_depends': '0,1', 'task_joins': None}
2021-07-12 15:31:33.695 parsl.dataflow.dflow:982 [DEBUG]  Task 3 set to pending state with AppFuture: <AppFuture super=<AppFuture at 0x7fa1c9b6ec10 state=pending>>
2021-07-12 15:31:33.696 parsl.monitoring.monitoring:392 [DEBUG]  Sending message MessageType.TASK_INFO, {'task_func_name': 'app_A', 'task_memoize': False, 'task_hashsum': None, 'task_fail_count': 0, 'task_fail_cost': 0, 'task_status': <States.pending: 0>, 'task_id': 3, 'task_time_invoked': datetime.datetime(2021, 7, 12, 15, 31, 33, 694960), 'task_try_time_launched': None, 'task_time_returned': None, 'task_try_time_returned': None, 'task_executor': 'htex_Local', 'run_id': '2c8221de-4cfe-44b4-939c-1f3cd2c25120', 'try_id': 0, 'timestamp': datetime.datetime(2021, 7, 12, 15, 31, 33, 696176), 'task_status_name': 'pending', 'tasks_failed_count': 0, 'tasks_completed_count': 3, 'tasks_memo_completed_count': 0, 'from_memo': None, 'task_inputs': 'None', 'task_outputs': 'None', 'task_stdin': None, 'task_stdout': None, 'task_stderr': None, 'task_fail_history': '', 'task_depends': '', 'task_joins': None}
2021-07-12 15:31:33.696 parsl.monitoring.monitoring:399 [DEBUG]  Sent message MessageType.TASK_INFO, {'task_func_name': 'app_C', 'task_memoize': False, 'task_hashsum': None, 'task_fail_count': 0, 'task_fail_cost': 0, 'task_status': <States.exec_done: 3>, 'task_id': 2, 'task_time_invoked': datetime.datetime(2021, 7, 12, 15, 31, 31, 457063), 'task_try_time_launched': datetime.datetime(2021, 7, 12, 15, 31, 33, 480264), 'task_time_returned': datetime.datetime(2021, 7, 12, 15, 31, 33, 694069), 'task_try_time_returned': datetime.datetime(2021, 7, 12, 15, 31, 33, 693828), 'task_executor': 'htex_Local', 'run_id': '2c8221de-4cfe-44b4-939c-1f3cd2c25120', 'try_id': 0, 'timestamp': datetime.datetime(2021, 7, 12, 15, 31, 33, 695497), 'task_status_name': 'exec_done', 'tasks_failed_count': 0, 'tasks_completed_count': 3, 'tasks_memo_completed_count': 0, 'from_memo': False, 'task_inputs': 'None', 'task_outputs': 'None', 'task_stdin': None, 'task_stdout': None, 'task_stderr': None, 'task_fail_history': '', 'task_depends': '0,1', 'task_joins': None}
2021-07-12 15:31:33.696 parsl.monitoring.monitoring:399 [DEBUG]  Sent message MessageType.TASK_INFO, {'task_func_name': 'app_A', 'task_memoize': False, 'task_hashsum': None, 'task_fail_count': 0, 'task_fail_cost': 0, 'task_status': <States.pending: 0>, 'task_id': 3, 'task_time_invoked': datetime.datetime(2021, 7, 12, 15, 31, 33, 694960), 'task_try_time_launched': None, 'task_time_returned': None, 'task_try_time_returned': None, 'task_executor': 'htex_Local', 'run_id': '2c8221de-4cfe-44b4-939c-1f3cd2c25120', 'try_id': 0, 'timestamp': datetime.datetime(2021, 7, 12, 15, 31, 33, 696176), 'task_status_name': 'pending', 'tasks_failed_count': 0, 'tasks_completed_count': 3, 'tasks_memo_completed_count': 0, 'from_memo': None, 'task_inputs': 'None', 'task_outputs': 'None', 'task_stdin': None, 'task_stdout': None, 'task_stderr': None, 'task_fail_history': '', 'task_depends': '', 'task_joins': None}
2021-07-12 15:31:33.697 parsl.dataflow.memoization:218 [DEBUG]  Task 3 will not be memoized
2021-07-12 15:31:33.697 parsl.executors.high_throughput.executor:561 [DEBUG]  Pushing function <function MonitoringHub.monitor_wrapper.<locals>.wrapped at 0x7fa1c9b5aee0> to queue with args ()
2021-07-12 15:31:33.699 parsl.monitoring.monitoring:392 [DEBUG]  Sending message MessageType.TASK_INFO, {'task_func_name': 'app_A', 'task_memoize': False, 'task_hashsum': None, 'task_fail_count': 0, 'task_fail_cost': 0, 'task_status': <States.launched: 7>, 'task_id': 3, 'task_time_invoked': datetime.datetime(2021, 7, 12, 15, 31, 33, 694960), 'task_try_time_launched': datetime.datetime(2021, 7, 12, 15, 31, 33, 697065), 'task_time_returned': None, 'task_try_time_returned': None, 'task_executor': 'htex_Local', 'run_id': '2c8221de-4cfe-44b4-939c-1f3cd2c25120', 'try_id': 0, 'timestamp': datetime.datetime(2021, 7, 12, 15, 31, 33, 699123), 'task_status_name': 'launched', 'tasks_failed_count': 0, 'tasks_completed_count': 3, 'tasks_memo_completed_count': 0, 'from_memo': False, 'task_inputs': 'None', 'task_outputs': 'None', 'task_stdin': None, 'task_stdout': None, 'task_stderr': None, 'task_fail_history': '', 'task_depends': '', 'task_joins': None}
2021-07-12 15:31:33.699 parsl.monitoring.monitoring:399 [DEBUG]  Sent message MessageType.TASK_INFO, {'task_func_name': 'app_A', 'task_memoize': False, 'task_hashsum': None, 'task_fail_count': 0, 'task_fail_cost': 0, 'task_status': <States.launched: 7>, 'task_id': 3, 'task_time_invoked': datetime.datetime(2021, 7, 12, 15, 31, 33, 694960), 'task_try_time_launched': datetime.datetime(2021, 7, 12, 15, 31, 33, 697065), 'task_time_returned': None, 'task_try_time_returned': None, 'task_executor': 'htex_Local', 'run_id': '2c8221de-4cfe-44b4-939c-1f3cd2c25120', 'try_id': 0, 'timestamp': datetime.datetime(2021, 7, 12, 15, 31, 33, 699123), 'task_status_name': 'launched', 'tasks_failed_count': 0, 'tasks_completed_count': 3, 'tasks_memo_completed_count': 0, 'from_memo': False, 'task_inputs': 'None', 'task_outputs': 'None', 'task_stdin': None, 'task_stdout': None, 'task_stderr': None, 'task_fail_history': '', 'task_depends': '', 'task_joins': None}
2021-07-12 15:31:33.699 parsl.dataflow.dflow:683 [INFO]  Task 3 launched on executor htex_Local
2021-07-12 15:31:33.699 parsl.app.python:61 [DEBUG]  invocation_kwargs step 1: {}
2021-07-12 15:31:33.700 parsl.app.python:63 [DEBUG]  invocation_kwargs step 2: {}
2021-07-12 15:31:33.700 parsl.app.python:65 [DEBUG]  invocation_kwargs step 3: {}
2021-07-12 15:31:33.700 parsl.dataflow.dflow:894 [DEBUG]  Task 4 will be sent to executor htex_Local
2021-07-12 15:31:33.700 parsl.dataflow.dflow:720 [DEBUG]  Adding output dependencies
2021-07-12 15:31:33.700 parsl.dataflow.dflow:974 [INFO]  Task 4 submitted for App app_B, not waiting on any dependency
2021-07-12 15:31:33.700 parsl.dataflow.dflow:982 [DEBUG]  Task 4 set to pending state with AppFuture: <AppFuture super=<AppFuture at 0x7fa1c9b7e580 state=pending>>
2021-07-12 15:31:33.700 parsl.monitoring.monitoring:392 [DEBUG]  Sending message MessageType.TASK_INFO, {'task_func_name': 'app_B', 'task_memoize': False, 'task_hashsum': None, 'task_fail_count': 0, 'task_fail_cost': 0, 'task_status': <States.pending: 0>, 'task_id': 4, 'task_time_invoked': datetime.datetime(2021, 7, 12, 15, 31, 33, 700355), 'task_try_time_launched': None, 'task_time_returned': None, 'task_try_time_returned': None, 'task_executor': 'htex_Local', 'run_id': '2c8221de-4cfe-44b4-939c-1f3cd2c25120', 'try_id': 0, 'timestamp': datetime.datetime(2021, 7, 12, 15, 31, 33, 700602), 'task_status_name': 'pending', 'tasks_failed_count': 0, 'tasks_completed_count': 3, 'tasks_memo_completed_count': 0, 'from_memo': None, 'task_inputs': 'None', 'task_outputs': 'None', 'task_stdin': None, 'task_stdout': None, 'task_stderr': None, 'task_fail_history': '', 'task_depends': '', 'task_joins': None}
2021-07-12 15:31:33.701 parsl.monitoring.monitoring:399 [DEBUG]  Sent message MessageType.TASK_INFO, {'task_func_name': 'app_B', 'task_memoize': False, 'task_hashsum': None, 'task_fail_count': 0, 'task_fail_cost': 0, 'task_status': <States.pending: 0>, 'task_id': 4, 'task_time_invoked': datetime.datetime(2021, 7, 12, 15, 31, 33, 700355), 'task_try_time_launched': None, 'task_time_returned': None, 'task_try_time_returned': None, 'task_executor': 'htex_Local', 'run_id': '2c8221de-4cfe-44b4-939c-1f3cd2c25120', 'try_id': 0, 'timestamp': datetime.datetime(2021, 7, 12, 15, 31, 33, 700602), 'task_status_name': 'pending', 'tasks_failed_count': 0, 'tasks_completed_count': 3, 'tasks_memo_completed_count': 0, 'from_memo': None, 'task_inputs': 'None', 'task_outputs': 'None', 'task_stdin': None, 'task_stdout': None, 'task_stderr': None, 'task_fail_history': '', 'task_depends': '', 'task_joins': None}
2021-07-12 15:31:33.701 parsl.dataflow.memoization:218 [DEBUG]  Task 4 will not be memoized
2021-07-12 15:31:33.701 parsl.executors.high_throughput.executor:561 [DEBUG]  Pushing function <function MonitoringHub.monitor_wrapper.<locals>.wrapped at 0x7fa1c9b7f1f0> to queue with args ()
2021-07-12 15:31:33.703 parsl.monitoring.monitoring:392 [DEBUG]  Sending message MessageType.TASK_INFO, {'task_func_name': 'app_B', 'task_memoize': False, 'task_hashsum': None, 'task_fail_count': 0, 'task_fail_cost': 0, 'task_status': <States.launched: 7>, 'task_id': 4, 'task_time_invoked': datetime.datetime(2021, 7, 12, 15, 31, 33, 700355), 'task_try_time_launched': datetime.datetime(2021, 7, 12, 15, 31, 33, 701191), 'task_time_returned': None, 'task_try_time_returned': None, 'task_executor': 'htex_Local', 'run_id': '2c8221de-4cfe-44b4-939c-1f3cd2c25120', 'try_id': 0, 'timestamp': datetime.datetime(2021, 7, 12, 15, 31, 33, 703442), 'task_status_name': 'launched', 'tasks_failed_count': 0, 'tasks_completed_count': 3, 'tasks_memo_completed_count': 0, 'from_memo': False, 'task_inputs': 'None', 'task_outputs': 'None', 'task_stdin': None, 'task_stdout': None, 'task_stderr': None, 'task_fail_history': '', 'task_depends': '', 'task_joins': None}
2021-07-12 15:31:33.703 parsl.monitoring.monitoring:399 [DEBUG]  Sent message MessageType.TASK_INFO, {'task_func_name': 'app_B', 'task_memoize': False, 'task_hashsum': None, 'task_fail_count': 0, 'task_fail_cost': 0, 'task_status': <States.launched: 7>, 'task_id': 4, 'task_time_invoked': datetime.datetime(2021, 7, 12, 15, 31, 33, 700355), 'task_try_time_launched': datetime.datetime(2021, 7, 12, 15, 31, 33, 701191), 'task_time_returned': None, 'task_try_time_returned': None, 'task_executor': 'htex_Local', 'run_id': '2c8221de-4cfe-44b4-939c-1f3cd2c25120', 'try_id': 0, 'timestamp': datetime.datetime(2021, 7, 12, 15, 31, 33, 703442), 'task_status_name': 'launched', 'tasks_failed_count': 0, 'tasks_completed_count': 3, 'tasks_memo_completed_count': 0, 'from_memo': False, 'task_inputs': 'None', 'task_outputs': 'None', 'task_stdin': None, 'task_stdout': None, 'task_stderr': None, 'task_fail_history': '', 'task_depends': '', 'task_joins': None}
2021-07-12 15:31:33.704 parsl.dataflow.dflow:683 [INFO]  Task 4 launched on executor htex_Local
2021-07-12 15:31:33.704 parsl.app.python:61 [DEBUG]  invocation_kwargs step 1: {}
2021-07-12 15:31:33.704 parsl.app.python:63 [DEBUG]  invocation_kwargs step 2: {}
2021-07-12 15:31:33.704 parsl.app.python:65 [DEBUG]  invocation_kwargs step 3: {}
2021-07-12 15:31:33.704 parsl.dataflow.dflow:894 [DEBUG]  Task 5 will be sent to executor htex_Local
2021-07-12 15:31:33.704 parsl.dataflow.dflow:720 [DEBUG]  Adding output dependencies
2021-07-12 15:31:33.704 parsl.dataflow.dflow:974 [INFO]  Task 5 submitted for App app_C, waiting on task 3, task 4
2021-07-12 15:31:33.704 parsl.dataflow.dflow:982 [DEBUG]  Task 5 set to pending state with AppFuture: <AppFuture super=<AppFuture at 0x7fa1c9b7ee50 state=pending>>
2021-07-12 15:31:33.704 parsl.monitoring.monitoring:392 [DEBUG]  Sending message MessageType.TASK_INFO, {'task_func_name': 'app_C', 'task_memoize': False, 'task_hashsum': None, 'task_fail_count': 0, 'task_fail_cost': 0, 'task_status': <States.pending: 0>, 'task_id': 5, 'task_time_invoked': datetime.datetime(2021, 7, 12, 15, 31, 33, 704417), 'task_try_time_launched': None, 'task_time_returned': None, 'task_try_time_returned': None, 'task_executor': 'htex_Local', 'run_id': '2c8221de-4cfe-44b4-939c-1f3cd2c25120', 'try_id': 0, 'timestamp': datetime.datetime(2021, 7, 12, 15, 31, 33, 704634), 'task_status_name': 'pending', 'tasks_failed_count': 0, 'tasks_completed_count': 3, 'tasks_memo_completed_count': 0, 'from_memo': None, 'task_inputs': 'None', 'task_outputs': 'None', 'task_stdin': None, 'task_stdout': None, 'task_stderr': None, 'task_fail_history': '', 'task_depends': '3,4', 'task_joins': None}
2021-07-12 15:31:33.704 parsl.monitoring.monitoring:399 [DEBUG]  Sent message MessageType.TASK_INFO, {'task_func_name': 'app_C', 'task_memoize': False, 'task_hashsum': None, 'task_fail_count': 0, 'task_fail_cost': 0, 'task_status': <States.pending: 0>, 'task_id': 5, 'task_time_invoked': datetime.datetime(2021, 7, 12, 15, 31, 33, 704417), 'task_try_time_launched': None, 'task_time_returned': None, 'task_try_time_returned': None, 'task_executor': 'htex_Local', 'run_id': '2c8221de-4cfe-44b4-939c-1f3cd2c25120', 'try_id': 0, 'timestamp': datetime.datetime(2021, 7, 12, 15, 31, 33, 704634), 'task_status_name': 'pending', 'tasks_failed_count': 0, 'tasks_completed_count': 3, 'tasks_memo_completed_count': 0, 'from_memo': None, 'task_inputs': 'None', 'task_outputs': 'None', 'task_stdin': None, 'task_stdout': None, 'task_stderr': None, 'task_fail_history': '', 'task_depends': '3,4', 'task_joins': None}
2021-07-12 15:31:33.904 parsl.dataflow.dflow:530 [INFO]  Task 4 completed (launched -> exec_done)
2021-07-12 15:31:33.905 parsl.dataflow.dflow:1271 [WARNING]  No tasks checkpointed so far in this run. Please ensure caching is enabled
2021-07-12 15:31:33.905 parsl.monitoring.monitoring:392 [DEBUG]  Sending message MessageType.TASK_INFO, {'task_func_name': 'app_B', 'task_memoize': False, 'task_hashsum': None, 'task_fail_count': 0, 'task_fail_cost': 0, 'task_status': <States.exec_done: 3>, 'task_id': 4, 'task_time_invoked': datetime.datetime(2021, 7, 12, 15, 31, 33, 700355), 'task_try_time_launched': datetime.datetime(2021, 7, 12, 15, 31, 33, 701191), 'task_time_returned': datetime.datetime(2021, 7, 12, 15, 31, 33, 904718), 'task_try_time_returned': datetime.datetime(2021, 7, 12, 15, 31, 33, 904518), 'task_executor': 'htex_Local', 'run_id': '2c8221de-4cfe-44b4-939c-1f3cd2c25120', 'try_id': 0, 'timestamp': datetime.datetime(2021, 7, 12, 15, 31, 33, 905315), 'task_status_name': 'exec_done', 'tasks_failed_count': 0, 'tasks_completed_count': 4, 'tasks_memo_completed_count': 0, 'from_memo': False, 'task_inputs': 'None', 'task_outputs': 'None', 'task_stdin': None, 'task_stdout': None, 'task_stderr': None, 'task_fail_history': '', 'task_depends': '', 'task_joins': None}
2021-07-12 15:31:33.905 parsl.monitoring.monitoring:399 [DEBUG]  Sent message MessageType.TASK_INFO, {'task_func_name': 'app_B', 'task_memoize': False, 'task_hashsum': None, 'task_fail_count': 0, 'task_fail_cost': 0, 'task_status': <States.exec_done: 3>, 'task_id': 4, 'task_time_invoked': datetime.datetime(2021, 7, 12, 15, 31, 33, 700355), 'task_try_time_launched': datetime.datetime(2021, 7, 12, 15, 31, 33, 701191), 'task_time_returned': datetime.datetime(2021, 7, 12, 15, 31, 33, 904718), 'task_try_time_returned': datetime.datetime(2021, 7, 12, 15, 31, 33, 904518), 'task_executor': 'htex_Local', 'run_id': '2c8221de-4cfe-44b4-939c-1f3cd2c25120', 'try_id': 0, 'timestamp': datetime.datetime(2021, 7, 12, 15, 31, 33, 905315), 'task_status_name': 'exec_done', 'tasks_failed_count': 0, 'tasks_completed_count': 4, 'tasks_memo_completed_count': 0, 'from_memo': False, 'task_inputs': 'None', 'task_outputs': 'None', 'task_stdin': None, 'task_stdout': None, 'task_stderr': None, 'task_fail_history': '', 'task_depends': '', 'task_joins': None}
2021-07-12 15:31:33.905 parsl.dataflow.dflow:530 [INFO]  Task 3 completed (launched -> exec_done)
2021-07-12 15:31:33.906 parsl.dataflow.dflow:1271 [WARNING]  No tasks checkpointed so far in this run. Please ensure caching is enabled
2021-07-12 15:31:33.906 parsl.dataflow.memoization:218 [DEBUG]  Task 5 will not be memoized
2021-07-12 15:31:33.906 parsl.executors.high_throughput.executor:561 [DEBUG]  Pushing function <function MonitoringHub.monitor_wrapper.<locals>.wrapped at 0x7fa1c9b7f5e0> to queue with args (7, 3.0)
2021-07-12 15:31:33.908 parsl.monitoring.monitoring:392 [DEBUG]  Sending message MessageType.TASK_INFO, {'task_func_name': 'app_C', 'task_memoize': False, 'task_hashsum': None, 'task_fail_count': 0, 'task_fail_cost': 0, 'task_status': <States.launched: 7>, 'task_id': 5, 'task_time_invoked': datetime.datetime(2021, 7, 12, 15, 31, 33, 704417), 'task_try_time_launched': datetime.datetime(2021, 7, 12, 15, 31, 33, 906592), 'task_time_returned': None, 'task_try_time_returned': None, 'task_executor': 'htex_Local', 'run_id': '2c8221de-4cfe-44b4-939c-1f3cd2c25120', 'try_id': 0, 'timestamp': datetime.datetime(2021, 7, 12, 15, 31, 33, 908033), 'task_status_name': 'launched', 'tasks_failed_count': 0, 'tasks_completed_count': 5, 'tasks_memo_completed_count': 0, 'from_memo': False, 'task_inputs': 'None', 'task_outputs': 'None', 'task_stdin': None, 'task_stdout': None, 'task_stderr': None, 'task_fail_history': '', 'task_depends': '3,4', 'task_joins': None}
2021-07-12 15:31:33.908 parsl.monitoring.monitoring:399 [DEBUG]  Sent message MessageType.TASK_INFO, {'task_func_name': 'app_C', 'task_memoize': False, 'task_hashsum': None, 'task_fail_count': 0, 'task_fail_cost': 0, 'task_status': <States.launched: 7>, 'task_id': 5, 'task_time_invoked': datetime.datetime(2021, 7, 12, 15, 31, 33, 704417), 'task_try_time_launched': datetime.datetime(2021, 7, 12, 15, 31, 33, 906592), 'task_time_returned': None, 'task_try_time_returned': None, 'task_executor': 'htex_Local', 'run_id': '2c8221de-4cfe-44b4-939c-1f3cd2c25120', 'try_id': 0, 'timestamp': datetime.datetime(2021, 7, 12, 15, 31, 33, 908033), 'task_status_name': 'launched', 'tasks_failed_count': 0, 'tasks_completed_count': 5, 'tasks_memo_completed_count': 0, 'from_memo': False, 'task_inputs': 'None', 'task_outputs': 'None', 'task_stdin': None, 'task_stdout': None, 'task_stderr': None, 'task_fail_history': '', 'task_depends': '3,4', 'task_joins': None}
2021-07-12 15:31:33.908 parsl.dataflow.dflow:683 [INFO]  Task 5 launched on executor htex_Local
2021-07-12 15:31:33.909 parsl.monitoring.monitoring:392 [DEBUG]  Sending message MessageType.TASK_INFO, {'task_func_name': 'app_A', 'task_memoize': False, 'task_hashsum': None, 'task_fail_count': 0, 'task_fail_cost': 0, 'task_status': <States.exec_done: 3>, 'task_id': 3, 'task_time_invoked': datetime.datetime(2021, 7, 12, 15, 31, 33, 694960), 'task_try_time_launched': datetime.datetime(2021, 7, 12, 15, 31, 33, 697065), 'task_time_returned': datetime.datetime(2021, 7, 12, 15, 31, 33, 906050), 'task_try_time_returned': datetime.datetime(2021, 7, 12, 15, 31, 33, 905944), 'task_executor': 'htex_Local', 'run_id': '2c8221de-4cfe-44b4-939c-1f3cd2c25120', 'try_id': 0, 'timestamp': datetime.datetime(2021, 7, 12, 15, 31, 33, 908836), 'task_status_name': 'exec_done', 'tasks_failed_count': 0, 'tasks_completed_count': 5, 'tasks_memo_completed_count': 0, 'from_memo': False, 'task_inputs': 'None', 'task_outputs': 'None', 'task_stdin': None, 'task_stdout': None, 'task_stderr': None, 'task_fail_history': '', 'task_depends': '', 'task_joins': None}
2021-07-12 15:31:33.909 parsl.monitoring.monitoring:399 [DEBUG]  Sent message MessageType.TASK_INFO, {'task_func_name': 'app_A', 'task_memoize': False, 'task_hashsum': None, 'task_fail_count': 0, 'task_fail_cost': 0, 'task_status': <States.exec_done: 3>, 'task_id': 3, 'task_time_invoked': datetime.datetime(2021, 7, 12, 15, 31, 33, 694960), 'task_try_time_launched': datetime.datetime(2021, 7, 12, 15, 31, 33, 697065), 'task_time_returned': datetime.datetime(2021, 7, 12, 15, 31, 33, 906050), 'task_try_time_returned': datetime.datetime(2021, 7, 12, 15, 31, 33, 905944), 'task_executor': 'htex_Local', 'run_id': '2c8221de-4cfe-44b4-939c-1f3cd2c25120', 'try_id': 0, 'timestamp': datetime.datetime(2021, 7, 12, 15, 31, 33, 908836), 'task_status_name': 'exec_done', 'tasks_failed_count': 0, 'tasks_completed_count': 5, 'tasks_memo_completed_count': 0, 'from_memo': False, 'task_inputs': 'None', 'task_outputs': 'None', 'task_stdin': None, 'task_stdout': None, 'task_stderr': None, 'task_fail_history': '', 'task_depends': '', 'task_joins': None}
2021-07-12 15:31:34.104 parsl.dataflow.dflow:530 [INFO]  Task 5 completed (launched -> exec_done)
2021-07-12 15:31:34.105 parsl.app.python:61 [DEBUG]  invocation_kwargs step 1: {}
2021-07-12 15:31:34.105 parsl.app.python:63 [DEBUG]  invocation_kwargs step 2: {}
2021-07-12 15:31:34.105 parsl.app.python:65 [DEBUG]  invocation_kwargs step 3: {}
2021-07-12 15:31:34.105 parsl.dataflow.dflow:894 [DEBUG]  Task 6 will be sent to executor htex_Local
2021-07-12 15:31:34.105 parsl.dataflow.dflow:720 [DEBUG]  Adding output dependencies
2021-07-12 15:31:34.105 parsl.dataflow.dflow:974 [INFO]  Task 6 submitted for App app_A, not waiting on any dependency
2021-07-12 15:31:34.106 parsl.dataflow.dflow:1271 [WARNING]  No tasks checkpointed so far in this run. Please ensure caching is enabled
2021-07-12 15:31:34.106 parsl.dataflow.dflow:982 [DEBUG]  Task 6 set to pending state with AppFuture: <AppFuture super=<AppFuture at 0x7fa1c9b82040 state=pending>>
2021-07-12 15:31:34.106 parsl.monitoring.monitoring:392 [DEBUG]  Sending message MessageType.TASK_INFO, {'task_func_name': 'app_C', 'task_memoize': False, 'task_hashsum': None, 'task_fail_count': 0, 'task_fail_cost': 0, 'task_status': <States.exec_done: 3>, 'task_id': 5, 'task_time_invoked': datetime.datetime(2021, 7, 12, 15, 31, 33, 704417), 'task_try_time_launched': datetime.datetime(2021, 7, 12, 15, 31, 33, 906592), 'task_time_returned': datetime.datetime(2021, 7, 12, 15, 31, 34, 104972), 'task_try_time_returned': datetime.datetime(2021, 7, 12, 15, 31, 34, 104779), 'task_executor': 'htex_Local', 'run_id': '2c8221de-4cfe-44b4-939c-1f3cd2c25120', 'try_id': 0, 'timestamp': datetime.datetime(2021, 7, 12, 15, 31, 34, 106251), 'task_status_name': 'exec_done', 'tasks_failed_count': 0, 'tasks_completed_count': 6, 'tasks_memo_completed_count': 0, 'from_memo': False, 'task_inputs': 'None', 'task_outputs': 'None', 'task_stdin': None, 'task_stdout': None, 'task_stderr': None, 'task_fail_history': '', 'task_depends': '3,4', 'task_joins': None}
2021-07-12 15:31:34.106 parsl.monitoring.monitoring:392 [DEBUG]  Sending message MessageType.TASK_INFO, {'task_func_name': 'app_A', 'task_memoize': False, 'task_hashsum': None, 'task_fail_count': 0, 'task_fail_cost': 0, 'task_status': <States.pending: 0>, 'task_id': 6, 'task_time_invoked': datetime.datetime(2021, 7, 12, 15, 31, 34, 105733), 'task_try_time_launched': None, 'task_time_returned': None, 'task_try_time_returned': None, 'task_executor': 'htex_Local', 'run_id': '2c8221de-4cfe-44b4-939c-1f3cd2c25120', 'try_id': 0, 'timestamp': datetime.datetime(2021, 7, 12, 15, 31, 34, 106534), 'task_status_name': 'pending', 'tasks_failed_count': 0, 'tasks_completed_count': 6, 'tasks_memo_completed_count': 0, 'from_memo': None, 'task_inputs': 'None', 'task_outputs': 'None', 'task_stdin': None, 'task_stdout': None, 'task_stderr': None, 'task_fail_history': '', 'task_depends': '', 'task_joins': None}
2021-07-12 15:31:34.106 parsl.monitoring.monitoring:399 [DEBUG]  Sent message MessageType.TASK_INFO, {'task_func_name': 'app_C', 'task_memoize': False, 'task_hashsum': None, 'task_fail_count': 0, 'task_fail_cost': 0, 'task_status': <States.exec_done: 3>, 'task_id': 5, 'task_time_invoked': datetime.datetime(2021, 7, 12, 15, 31, 33, 704417), 'task_try_time_launched': datetime.datetime(2021, 7, 12, 15, 31, 33, 906592), 'task_time_returned': datetime.datetime(2021, 7, 12, 15, 31, 34, 104972), 'task_try_time_returned': datetime.datetime(2021, 7, 12, 15, 31, 34, 104779), 'task_executor': 'htex_Local', 'run_id': '2c8221de-4cfe-44b4-939c-1f3cd2c25120', 'try_id': 0, 'timestamp': datetime.datetime(2021, 7, 12, 15, 31, 34, 106251), 'task_status_name': 'exec_done', 'tasks_failed_count': 0, 'tasks_completed_count': 6, 'tasks_memo_completed_count': 0, 'from_memo': False, 'task_inputs': 'None', 'task_outputs': 'None', 'task_stdin': None, 'task_stdout': None, 'task_stderr': None, 'task_fail_history': '', 'task_depends': '3,4', 'task_joins': None}
2021-07-12 15:31:34.107 parsl.monitoring.monitoring:399 [DEBUG]  Sent message MessageType.TASK_INFO, {'task_func_name': 'app_A', 'task_memoize': False, 'task_hashsum': None, 'task_fail_count': 0, 'task_fail_cost': 0, 'task_status': <States.pending: 0>, 'task_id': 6, 'task_time_invoked': datetime.datetime(2021, 7, 12, 15, 31, 34, 105733), 'task_try_time_launched': None, 'task_time_returned': None, 'task_try_time_returned': None, 'task_executor': 'htex_Local', 'run_id': '2c8221de-4cfe-44b4-939c-1f3cd2c25120', 'try_id': 0, 'timestamp': datetime.datetime(2021, 7, 12, 15, 31, 34, 106534), 'task_status_name': 'pending', 'tasks_failed_count': 0, 'tasks_completed_count': 6, 'tasks_memo_completed_count': 0, 'from_memo': None, 'task_inputs': 'None', 'task_outputs': 'None', 'task_stdin': None, 'task_stdout': None, 'task_stderr': None, 'task_fail_history': '', 'task_depends': '', 'task_joins': None}
2021-07-12 15:31:34.107 parsl.dataflow.memoization:218 [DEBUG]  Task 6 will not be memoized
2021-07-12 15:31:34.107 parsl.executors.high_throughput.executor:561 [DEBUG]  Pushing function <function MonitoringHub.monitor_wrapper.<locals>.wrapped at 0x7fa1c9b7f8b0> to queue with args ()
2021-07-12 15:31:34.109 parsl.monitoring.monitoring:392 [DEBUG]  Sending message MessageType.TASK_INFO, {'task_func_name': 'app_A', 'task_memoize': False, 'task_hashsum': None, 'task_fail_count': 0, 'task_fail_cost': 0, 'task_status': <States.launched: 7>, 'task_id': 6, 'task_time_invoked': datetime.datetime(2021, 7, 12, 15, 31, 34, 105733), 'task_try_time_launched': datetime.datetime(2021, 7, 12, 15, 31, 34, 107377), 'task_time_returned': None, 'task_try_time_returned': None, 'task_executor': 'htex_Local', 'run_id': '2c8221de-4cfe-44b4-939c-1f3cd2c25120', 'try_id': 0, 'timestamp': datetime.datetime(2021, 7, 12, 15, 31, 34, 109194), 'task_status_name': 'launched', 'tasks_failed_count': 0, 'tasks_completed_count': 6, 'tasks_memo_completed_count': 0, 'from_memo': False, 'task_inputs': 'None', 'task_outputs': 'None', 'task_stdin': None, 'task_stdout': None, 'task_stderr': None, 'task_fail_history': '', 'task_depends': '', 'task_joins': None}
2021-07-12 15:31:34.109 parsl.monitoring.monitoring:399 [DEBUG]  Sent message MessageType.TASK_INFO, {'task_func_name': 'app_A', 'task_memoize': False, 'task_hashsum': None, 'task_fail_count': 0, 'task_fail_cost': 0, 'task_status': <States.launched: 7>, 'task_id': 6, 'task_time_invoked': datetime.datetime(2021, 7, 12, 15, 31, 34, 105733), 'task_try_time_launched': datetime.datetime(2021, 7, 12, 15, 31, 34, 107377), 'task_time_returned': None, 'task_try_time_returned': None, 'task_executor': 'htex_Local', 'run_id': '2c8221de-4cfe-44b4-939c-1f3cd2c25120', 'try_id': 0, 'timestamp': datetime.datetime(2021, 7, 12, 15, 31, 34, 109194), 'task_status_name': 'launched', 'tasks_failed_count': 0, 'tasks_completed_count': 6, 'tasks_memo_completed_count': 0, 'from_memo': False, 'task_inputs': 'None', 'task_outputs': 'None', 'task_stdin': None, 'task_stdout': None, 'task_stderr': None, 'task_fail_history': '', 'task_depends': '', 'task_joins': None}
2021-07-12 15:31:34.109 parsl.dataflow.dflow:683 [INFO]  Task 6 launched on executor htex_Local
2021-07-12 15:31:34.110 parsl.app.python:61 [DEBUG]  invocation_kwargs step 1: {}
2021-07-12 15:31:34.110 parsl.app.python:63 [DEBUG]  invocation_kwargs step 2: {}
2021-07-12 15:31:34.110 parsl.app.python:65 [DEBUG]  invocation_kwargs step 3: {}
2021-07-12 15:31:34.110 parsl.dataflow.dflow:894 [DEBUG]  Task 7 will be sent to executor htex_Local
2021-07-12 15:31:34.110 parsl.dataflow.dflow:720 [DEBUG]  Adding output dependencies
2021-07-12 15:31:34.110 parsl.dataflow.dflow:974 [INFO]  Task 7 submitted for App app_B, not waiting on any dependency
2021-07-12 15:31:34.110 parsl.dataflow.dflow:982 [DEBUG]  Task 7 set to pending state with AppFuture: <AppFuture super=<AppFuture at 0x7fa1c9b82d00 state=pending>>
2021-07-12 15:31:34.110 parsl.monitoring.monitoring:392 [DEBUG]  Sending message MessageType.TASK_INFO, {'task_func_name': 'app_B', 'task_memoize': False, 'task_hashsum': None, 'task_fail_count': 0, 'task_fail_cost': 0, 'task_status': <States.pending: 0>, 'task_id': 7, 'task_time_invoked': datetime.datetime(2021, 7, 12, 15, 31, 34, 110394), 'task_try_time_launched': None, 'task_time_returned': None, 'task_try_time_returned': None, 'task_executor': 'htex_Local', 'run_id': '2c8221de-4cfe-44b4-939c-1f3cd2c25120', 'try_id': 0, 'timestamp': datetime.datetime(2021, 7, 12, 15, 31, 34, 110804), 'task_status_name': 'pending', 'tasks_failed_count': 0, 'tasks_completed_count': 6, 'tasks_memo_completed_count': 0, 'from_memo': None, 'task_inputs': 'None', 'task_outputs': 'None', 'task_stdin': None, 'task_stdout': None, 'task_stderr': None, 'task_fail_history': '', 'task_depends': '', 'task_joins': None}
2021-07-12 15:31:34.111 parsl.monitoring.monitoring:399 [DEBUG]  Sent message MessageType.TASK_INFO, {'task_func_name': 'app_B', 'task_memoize': False, 'task_hashsum': None, 'task_fail_count': 0, 'task_fail_cost': 0, 'task_status': <States.pending: 0>, 'task_id': 7, 'task_time_invoked': datetime.datetime(2021, 7, 12, 15, 31, 34, 110394), 'task_try_time_launched': None, 'task_time_returned': None, 'task_try_time_returned': None, 'task_executor': 'htex_Local', 'run_id': '2c8221de-4cfe-44b4-939c-1f3cd2c25120', 'try_id': 0, 'timestamp': datetime.datetime(2021, 7, 12, 15, 31, 34, 110804), 'task_status_name': 'pending', 'tasks_failed_count': 0, 'tasks_completed_count': 6, 'tasks_memo_completed_count': 0, 'from_memo': None, 'task_inputs': 'None', 'task_outputs': 'None', 'task_stdin': None, 'task_stdout': None, 'task_stderr': None, 'task_fail_history': '', 'task_depends': '', 'task_joins': None}
2021-07-12 15:31:34.111 parsl.dataflow.memoization:218 [DEBUG]  Task 7 will not be memoized
2021-07-12 15:31:34.111 parsl.executors.high_throughput.executor:561 [DEBUG]  Pushing function <function MonitoringHub.monitor_wrapper.<locals>.wrapped at 0x7fa1c9b7fb80> to queue with args ()
2021-07-12 15:31:34.113 parsl.monitoring.monitoring:392 [DEBUG]  Sending message MessageType.TASK_INFO, {'task_func_name': 'app_B', 'task_memoize': False, 'task_hashsum': None, 'task_fail_count': 0, 'task_fail_cost': 0, 'task_status': <States.launched: 7>, 'task_id': 7, 'task_time_invoked': datetime.datetime(2021, 7, 12, 15, 31, 34, 110394), 'task_try_time_launched': datetime.datetime(2021, 7, 12, 15, 31, 34, 111353), 'task_time_returned': None, 'task_try_time_returned': None, 'task_executor': 'htex_Local', 'run_id': '2c8221de-4cfe-44b4-939c-1f3cd2c25120', 'try_id': 0, 'timestamp': datetime.datetime(2021, 7, 12, 15, 31, 34, 112909), 'task_status_name': 'launched', 'tasks_failed_count': 0, 'tasks_completed_count': 6, 'tasks_memo_completed_count': 0, 'from_memo': False, 'task_inputs': 'None', 'task_outputs': 'None', 'task_stdin': None, 'task_stdout': None, 'task_stderr': None, 'task_fail_history': '', 'task_depends': '', 'task_joins': None}
2021-07-12 15:31:34.113 parsl.monitoring.monitoring:399 [DEBUG]  Sent message MessageType.TASK_INFO, {'task_func_name': 'app_B', 'task_memoize': False, 'task_hashsum': None, 'task_fail_count': 0, 'task_fail_cost': 0, 'task_status': <States.launched: 7>, 'task_id': 7, 'task_time_invoked': datetime.datetime(2021, 7, 12, 15, 31, 34, 110394), 'task_try_time_launched': datetime.datetime(2021, 7, 12, 15, 31, 34, 111353), 'task_time_returned': None, 'task_try_time_returned': None, 'task_executor': 'htex_Local', 'run_id': '2c8221de-4cfe-44b4-939c-1f3cd2c25120', 'try_id': 0, 'timestamp': datetime.datetime(2021, 7, 12, 15, 31, 34, 112909), 'task_status_name': 'launched', 'tasks_failed_count': 0, 'tasks_completed_count': 6, 'tasks_memo_completed_count': 0, 'from_memo': False, 'task_inputs': 'None', 'task_outputs': 'None', 'task_stdin': None, 'task_stdout': None, 'task_stderr': None, 'task_fail_history': '', 'task_depends': '', 'task_joins': None}
2021-07-12 15:31:34.113 parsl.dataflow.dflow:683 [INFO]  Task 7 launched on executor htex_Local
2021-07-12 15:31:34.113 parsl.app.python:61 [DEBUG]  invocation_kwargs step 1: {}
2021-07-12 15:31:34.113 parsl.app.python:63 [DEBUG]  invocation_kwargs step 2: {}
2021-07-12 15:31:34.113 parsl.app.python:65 [DEBUG]  invocation_kwargs step 3: {}
2021-07-12 15:31:34.113 parsl.dataflow.dflow:894 [DEBUG]  Task 8 will be sent to executor htex_Local
2021-07-12 15:31:34.113 parsl.dataflow.dflow:720 [DEBUG]  Adding output dependencies
2021-07-12 15:31:34.113 parsl.dataflow.dflow:974 [INFO]  Task 8 submitted for App app_C, waiting on task 6, task 7
2021-07-12 15:31:34.114 parsl.dataflow.dflow:982 [DEBUG]  Task 8 set to pending state with AppFuture: <AppFuture super=<AppFuture at 0x7fa1c9b8a6a0 state=pending>>
2021-07-12 15:31:34.114 parsl.monitoring.monitoring:392 [DEBUG]  Sending message MessageType.TASK_INFO, {'task_func_name': 'app_C', 'task_memoize': False, 'task_hashsum': None, 'task_fail_count': 0, 'task_fail_cost': 0, 'task_status': <States.pending: 0>, 'task_id': 8, 'task_time_invoked': datetime.datetime(2021, 7, 12, 15, 31, 34, 113832), 'task_try_time_launched': None, 'task_time_returned': None, 'task_try_time_returned': None, 'task_executor': 'htex_Local', 'run_id': '2c8221de-4cfe-44b4-939c-1f3cd2c25120', 'try_id': 0, 'timestamp': datetime.datetime(2021, 7, 12, 15, 31, 34, 114063), 'task_status_name': 'pending', 'tasks_failed_count': 0, 'tasks_completed_count': 6, 'tasks_memo_completed_count': 0, 'from_memo': None, 'task_inputs': 'None', 'task_outputs': 'None', 'task_stdin': None, 'task_stdout': None, 'task_stderr': None, 'task_fail_history': '', 'task_depends': '6,7', 'task_joins': None}
2021-07-12 15:31:34.114 parsl.monitoring.monitoring:399 [DEBUG]  Sent message MessageType.TASK_INFO, {'task_func_name': 'app_C', 'task_memoize': False, 'task_hashsum': None, 'task_fail_count': 0, 'task_fail_cost': 0, 'task_status': <States.pending: 0>, 'task_id': 8, 'task_time_invoked': datetime.datetime(2021, 7, 12, 15, 31, 34, 113832), 'task_try_time_launched': None, 'task_time_returned': None, 'task_try_time_returned': None, 'task_executor': 'htex_Local', 'run_id': '2c8221de-4cfe-44b4-939c-1f3cd2c25120', 'try_id': 0, 'timestamp': datetime.datetime(2021, 7, 12, 15, 31, 34, 114063), 'task_status_name': 'pending', 'tasks_failed_count': 0, 'tasks_completed_count': 6, 'tasks_memo_completed_count': 0, 'from_memo': None, 'task_inputs': 'None', 'task_outputs': 'None', 'task_stdin': None, 'task_stdout': None, 'task_stderr': None, 'task_fail_history': '', 'task_depends': '6,7', 'task_joins': None}
2021-07-12 15:31:34.310 parsl.dataflow.dflow:530 [INFO]  Task 7 completed (launched -> exec_done)
2021-07-12 15:31:34.310 parsl.dataflow.dflow:1271 [WARNING]  No tasks checkpointed so far in this run. Please ensure caching is enabled
2021-07-12 15:31:34.311 parsl.monitoring.monitoring:392 [DEBUG]  Sending message MessageType.TASK_INFO, {'task_func_name': 'app_B', 'task_memoize': False, 'task_hashsum': None, 'task_fail_count': 0, 'task_fail_cost': 0, 'task_status': <States.exec_done: 3>, 'task_id': 7, 'task_time_invoked': datetime.datetime(2021, 7, 12, 15, 31, 34, 110394), 'task_try_time_launched': datetime.datetime(2021, 7, 12, 15, 31, 34, 111353), 'task_time_returned': datetime.datetime(2021, 7, 12, 15, 31, 34, 310457), 'task_try_time_returned': datetime.datetime(2021, 7, 12, 15, 31, 34, 310296), 'task_executor': 'htex_Local', 'run_id': '2c8221de-4cfe-44b4-939c-1f3cd2c25120', 'try_id': 0, 'timestamp': datetime.datetime(2021, 7, 12, 15, 31, 34, 311049), 'task_status_name': 'exec_done', 'tasks_failed_count': 0, 'tasks_completed_count': 7, 'tasks_memo_completed_count': 0, 'from_memo': False, 'task_inputs': 'None', 'task_outputs': 'None', 'task_stdin': None, 'task_stdout': None, 'task_stderr': None, 'task_fail_history': '', 'task_depends': '', 'task_joins': None}
2021-07-12 15:31:34.311 parsl.monitoring.monitoring:399 [DEBUG]  Sent message MessageType.TASK_INFO, {'task_func_name': 'app_B', 'task_memoize': False, 'task_hashsum': None, 'task_fail_count': 0, 'task_fail_cost': 0, 'task_status': <States.exec_done: 3>, 'task_id': 7, 'task_time_invoked': datetime.datetime(2021, 7, 12, 15, 31, 34, 110394), 'task_try_time_launched': datetime.datetime(2021, 7, 12, 15, 31, 34, 111353), 'task_time_returned': datetime.datetime(2021, 7, 12, 15, 31, 34, 310457), 'task_try_time_returned': datetime.datetime(2021, 7, 12, 15, 31, 34, 310296), 'task_executor': 'htex_Local', 'run_id': '2c8221de-4cfe-44b4-939c-1f3cd2c25120', 'try_id': 0, 'timestamp': datetime.datetime(2021, 7, 12, 15, 31, 34, 311049), 'task_status_name': 'exec_done', 'tasks_failed_count': 0, 'tasks_completed_count': 7, 'tasks_memo_completed_count': 0, 'from_memo': False, 'task_inputs': 'None', 'task_outputs': 'None', 'task_stdin': None, 'task_stdout': None, 'task_stderr': None, 'task_fail_history': '', 'task_depends': '', 'task_joins': None}
2021-07-12 15:31:34.311 parsl.dataflow.dflow:530 [INFO]  Task 6 completed (launched -> exec_done)
2021-07-12 15:31:34.312 parsl.dataflow.dflow:1271 [WARNING]  No tasks checkpointed so far in this run. Please ensure caching is enabled
2021-07-12 15:31:34.312 parsl.dataflow.memoization:218 [DEBUG]  Task 8 will not be memoized
2021-07-12 15:31:34.312 parsl.executors.high_throughput.executor:561 [DEBUG]  Pushing function <function MonitoringHub.monitor_wrapper.<locals>.wrapped at 0x7fa1c9b7ff70> to queue with args (7, 3.0)
2021-07-12 15:31:34.314 parsl.monitoring.monitoring:392 [DEBUG]  Sending message MessageType.TASK_INFO, {'task_func_name': 'app_C', 'task_memoize': False, 'task_hashsum': None, 'task_fail_count': 0, 'task_fail_cost': 0, 'task_status': <States.launched: 7>, 'task_id': 8, 'task_time_invoked': datetime.datetime(2021, 7, 12, 15, 31, 34, 113832), 'task_try_time_launched': datetime.datetime(2021, 7, 12, 15, 31, 34, 312244), 'task_time_returned': None, 'task_try_time_returned': None, 'task_executor': 'htex_Local', 'run_id': '2c8221de-4cfe-44b4-939c-1f3cd2c25120', 'try_id': 0, 'timestamp': datetime.datetime(2021, 7, 12, 15, 31, 34, 314008), 'task_status_name': 'launched', 'tasks_failed_count': 0, 'tasks_completed_count': 8, 'tasks_memo_completed_count': 0, 'from_memo': False, 'task_inputs': 'None', 'task_outputs': 'None', 'task_stdin': None, 'task_stdout': None, 'task_stderr': None, 'task_fail_history': '', 'task_depends': '6,7', 'task_joins': None}
2021-07-12 15:31:34.314 parsl.monitoring.monitoring:399 [DEBUG]  Sent message MessageType.TASK_INFO, {'task_func_name': 'app_C', 'task_memoize': False, 'task_hashsum': None, 'task_fail_count': 0, 'task_fail_cost': 0, 'task_status': <States.launched: 7>, 'task_id': 8, 'task_time_invoked': datetime.datetime(2021, 7, 12, 15, 31, 34, 113832), 'task_try_time_launched': datetime.datetime(2021, 7, 12, 15, 31, 34, 312244), 'task_time_returned': None, 'task_try_time_returned': None, 'task_executor': 'htex_Local', 'run_id': '2c8221de-4cfe-44b4-939c-1f3cd2c25120', 'try_id': 0, 'timestamp': datetime.datetime(2021, 7, 12, 15, 31, 34, 314008), 'task_status_name': 'launched', 'tasks_failed_count': 0, 'tasks_completed_count': 8, 'tasks_memo_completed_count': 0, 'from_memo': False, 'task_inputs': 'None', 'task_outputs': 'None', 'task_stdin': None, 'task_stdout': None, 'task_stderr': None, 'task_fail_history': '', 'task_depends': '6,7', 'task_joins': None}
2021-07-12 15:31:34.314 parsl.dataflow.dflow:683 [INFO]  Task 8 launched on executor htex_Local
2021-07-12 15:31:34.314 parsl.monitoring.monitoring:392 [DEBUG]  Sending message MessageType.TASK_INFO, {'task_func_name': 'app_A', 'task_memoize': False, 'task_hashsum': None, 'task_fail_count': 0, 'task_fail_cost': 0, 'task_status': <States.exec_done: 3>, 'task_id': 6, 'task_time_invoked': datetime.datetime(2021, 7, 12, 15, 31, 34, 105733), 'task_try_time_launched': datetime.datetime(2021, 7, 12, 15, 31, 34, 107377), 'task_time_returned': datetime.datetime(2021, 7, 12, 15, 31, 34, 311812), 'task_try_time_returned': datetime.datetime(2021, 7, 12, 15, 31, 34, 311707), 'task_executor': 'htex_Local', 'run_id': '2c8221de-4cfe-44b4-939c-1f3cd2c25120', 'try_id': 0, 'timestamp': datetime.datetime(2021, 7, 12, 15, 31, 34, 314788), 'task_status_name': 'exec_done', 'tasks_failed_count': 0, 'tasks_completed_count': 8, 'tasks_memo_completed_count': 0, 'from_memo': False, 'task_inputs': 'None', 'task_outputs': 'None', 'task_stdin': None, 'task_stdout': None, 'task_stderr': None, 'task_fail_history': '', 'task_depends': '', 'task_joins': None}
2021-07-12 15:31:34.315 parsl.monitoring.monitoring:399 [DEBUG]  Sent message MessageType.TASK_INFO, {'task_func_name': 'app_A', 'task_memoize': False, 'task_hashsum': None, 'task_fail_count': 0, 'task_fail_cost': 0, 'task_status': <States.exec_done: 3>, 'task_id': 6, 'task_time_invoked': datetime.datetime(2021, 7, 12, 15, 31, 34, 105733), 'task_try_time_launched': datetime.datetime(2021, 7, 12, 15, 31, 34, 107377), 'task_time_returned': datetime.datetime(2021, 7, 12, 15, 31, 34, 311812), 'task_try_time_returned': datetime.datetime(2021, 7, 12, 15, 31, 34, 311707), 'task_executor': 'htex_Local', 'run_id': '2c8221de-4cfe-44b4-939c-1f3cd2c25120', 'try_id': 0, 'timestamp': datetime.datetime(2021, 7, 12, 15, 31, 34, 314788), 'task_status_name': 'exec_done', 'tasks_failed_count': 0, 'tasks_completed_count': 8, 'tasks_memo_completed_count': 0, 'from_memo': False, 'task_inputs': 'None', 'task_outputs': 'None', 'task_stdin': None, 'task_stdout': None, 'task_stderr': None, 'task_fail_history': '', 'task_depends': '', 'task_joins': None}
2021-07-12 15:31:34.511 parsl.dataflow.dflow:530 [INFO]  Task 8 completed (launched -> exec_done)
2021-07-12 15:31:34.512 parsl.dataflow.dflow:1096 [INFO]  DFK cleanup because python process is exiting
2021-07-12 15:31:34.512 parsl.dataflow.dflow:1133 [INFO]  DFK cleanup initiated
2021-07-12 15:31:34.513 parsl.dataflow.dflow:1020 [INFO]  Summary of tasks in DFK:
2021-07-12 15:31:34.513 parsl.dataflow.dflow:1271 [WARNING]  No tasks checkpointed so far in this run. Please ensure caching is enabled
2021-07-12 15:31:34.513 parsl.dataflow.dflow:1034 [INFO]  Tasks in state States.exec_done: 9
2021-07-12 15:31:34.513 parsl.monitoring.monitoring:392 [DEBUG]  Sending message MessageType.TASK_INFO, {'task_func_name': 'app_C', 'task_memoize': False, 'task_hashsum': None, 'task_fail_count': 0, 'task_fail_cost': 0, 'task_status': <States.exec_done: 3>, 'task_id': 8, 'task_time_invoked': datetime.datetime(2021, 7, 12, 15, 31, 34, 113832), 'task_try_time_launched': datetime.datetime(2021, 7, 12, 15, 31, 34, 312244), 'task_time_returned': datetime.datetime(2021, 7, 12, 15, 31, 34, 511987), 'task_try_time_returned': datetime.datetime(2021, 7, 12, 15, 31, 34, 511736), 'task_executor': 'htex_Local', 'run_id': '2c8221de-4cfe-44b4-939c-1f3cd2c25120', 'try_id': 0, 'timestamp': datetime.datetime(2021, 7, 12, 15, 31, 34, 513469), 'task_status_name': 'exec_done', 'tasks_failed_count': 0, 'tasks_completed_count': 9, 'tasks_memo_completed_count': 0, 'from_memo': False, 'task_inputs': 'None', 'task_outputs': 'None', 'task_stdin': None, 'task_stdout': None, 'task_stderr': None, 'task_fail_history': '', 'task_depends': '6,7', 'task_joins': None}
2021-07-12 15:31:34.513 parsl.dataflow.dflow:1040 [INFO]  End of summary
2021-07-12 15:31:34.514 parsl.monitoring.monitoring:399 [DEBUG]  Sent message MessageType.TASK_INFO, {'task_func_name': 'app_C', 'task_memoize': False, 'task_hashsum': None, 'task_fail_count': 0, 'task_fail_cost': 0, 'task_status': <States.exec_done: 3>, 'task_id': 8, 'task_time_invoked': datetime.datetime(2021, 7, 12, 15, 31, 34, 113832), 'task_try_time_launched': datetime.datetime(2021, 7, 12, 15, 31, 34, 312244), 'task_time_returned': datetime.datetime(2021, 7, 12, 15, 31, 34, 511987), 'task_try_time_returned': datetime.datetime(2021, 7, 12, 15, 31, 34, 511736), 'task_executor': 'htex_Local', 'run_id': '2c8221de-4cfe-44b4-939c-1f3cd2c25120', 'try_id': 0, 'timestamp': datetime.datetime(2021, 7, 12, 15, 31, 34, 513469), 'task_status_name': 'exec_done', 'tasks_failed_count': 0, 'tasks_completed_count': 9, 'tasks_memo_completed_count': 0, 'from_memo': False, 'task_inputs': 'None', 'task_outputs': 'None', 'task_stdin': None, 'task_stdout': None, 'task_stderr': None, 'task_fail_history': '', 'task_depends': '6,7', 'task_joins': None}
2021-07-12 15:31:34.514 parsl.dataflow.dflow:1271 [WARNING]  No tasks checkpointed so far in this run. Please ensure caching is enabled
2021-07-12 15:31:34.515 parsl.dataflow.dflow:1157 [INFO]  Terminating flow control
2021-07-12 15:31:34.515 parsl.dataflow.dflow:1159 [INFO]  Terminated flow control
2021-07-12 15:31:34.515 parsl.dataflow.dflow:1161 [INFO]  Terminating executors
2021-07-12 15:31:34.515 parsl.dataflow.dflow:1165 [INFO]  Scaling in executor htex_Local
2021-07-12 15:31:34.517 parsl.executors.high_throughput.executor:674 [DEBUG]  Current blocks : {'0': '52599', '1': '52606'}
2021-07-12 15:31:34.518 parsl.executors.high_throughput.executor:531 [DEBUG]  [HOLD_BLOCK]: Sending hold to manager: 54f25df27b2c
2021-07-12 15:31:34.521 parsl.executors.high_throughput.executor:500 [DEBUG]  Sent hold request to worker: 54f25df27b2c
2021-07-12 15:31:34.522 parsl.executors.high_throughput.executor:531 [DEBUG]  [HOLD_BLOCK]: Sending hold to manager: 03c2986b089e
2021-07-12 15:31:34.524 parsl.executors.high_throughput.executor:500 [DEBUG]  Sent hold request to worker: 03c2986b089e
2021-07-12 15:31:34.525 parsl.providers.local.local:266 [DEBUG]  Terminating job/proc_id: 52606
2021-07-12 15:31:34.536 parsl.providers.local.local:266 [DEBUG]  Terminating job/proc_id: 52599
2021-07-12 15:31:34.554 parsl.dataflow.dflow:1173 [DEBUG]  Sending message [{'run_id': '2c8221de-4cfe-44b4-939c-1f3cd2c25120', 'status': 'CANCELLED', 'timestamp': datetime.datetime(2021, 7, 12, 15, 31, 34, 554078), 'executor_label': 'htex_Local', 'job_id': '52606', 'block_id': '1'}, {'run_id': '2c8221de-4cfe-44b4-939c-1f3cd2c25120', 'status': 'CANCELLED', 'timestamp': datetime.datetime(2021, 7, 12, 15, 31, 34, 554120), 'executor_label': 'htex_Local', 'job_id': '52599', 'block_id': '0'}] to hub from DFK
2021-07-12 15:31:34.555 parsl.monitoring.monitoring:392 [DEBUG]  Sending message MessageType.BLOCK_INFO, [{'run_id': '2c8221de-4cfe-44b4-939c-1f3cd2c25120', 'status': 'CANCELLED', 'timestamp': datetime.datetime(2021, 7, 12, 15, 31, 34, 554078), 'executor_label': 'htex_Local', 'job_id': '52606', 'block_id': '1'}, {'run_id': '2c8221de-4cfe-44b4-939c-1f3cd2c25120', 'status': 'CANCELLED', 'timestamp': datetime.datetime(2021, 7, 12, 15, 31, 34, 554120), 'executor_label': 'htex_Local', 'job_id': '52599', 'block_id': '0'}]
2021-07-12 15:31:34.556 parsl.monitoring.monitoring:399 [DEBUG]  Sent message MessageType.BLOCK_INFO, [{'run_id': '2c8221de-4cfe-44b4-939c-1f3cd2c25120', 'status': 'CANCELLED', 'timestamp': datetime.datetime(2021, 7, 12, 15, 31, 34, 554078), 'executor_label': 'htex_Local', 'job_id': '52606', 'block_id': '1'}, {'run_id': '2c8221de-4cfe-44b4-939c-1f3cd2c25120', 'status': 'CANCELLED', 'timestamp': datetime.datetime(2021, 7, 12, 15, 31, 34, 554120), 'executor_label': 'htex_Local', 'job_id': '52599', 'block_id': '0'}]
2021-07-12 15:31:34.556 parsl.dataflow.dflow:1175 [INFO]  Terminating executor htex_Local
2021-07-12 15:31:34.556 parsl.executors.high_throughput.executor:709 [INFO]  Attempting HighThroughputExecutor shutdown
2021-07-12 15:31:34.556 parsl.executors.high_throughput.executor:711 [INFO]  Finished HighThroughputExecutor shutdown attempt
2021-07-12 15:31:34.556 parsl.dataflow.dflow:1177 [INFO]  Terminated executor htex_Local
2021-07-12 15:31:34.557 parsl.dataflow.dflow:1175 [INFO]  Terminating executor _parsl_internal
2021-07-12 15:31:34.557 parsl.executors.threads:105 [DEBUG]  Shutting down executor, which involves waiting for running tasks to complete
2021-07-12 15:31:34.557 parsl.executors.threads:107 [DEBUG]  Done with executor shutdown
2021-07-12 15:31:34.557 parsl.dataflow.dflow:1177 [INFO]  Terminated executor _parsl_internal
2021-07-12 15:31:34.557 parsl.dataflow.dflow:1179 [INFO]  Terminated executors
2021-07-12 15:31:34.557 parsl.dataflow.dflow:1183 [INFO]  Sending final monitoring message
2021-07-12 15:31:34.558 parsl.monitoring.monitoring:392 [DEBUG]  Sending message MessageType.WORKFLOW_INFO, {'tasks_failed_count': 0, 'tasks_completed_count': 9, 'time_began': datetime.datetime(2021, 7, 12, 15, 31, 31, 310431), 'time_completed': datetime.datetime(2021, 7, 12, 15, 31, 34, 557924), 'run_id': '2c8221de-4cfe-44b4-939c-1f3cd2c25120', 'rundir': '/Users/vedkommalapati/Documents/GitHub/Parsl/runinfo/003', 'exit_now': True}
2021-07-12 15:31:34.559 parsl.monitoring.monitoring:399 [DEBUG]  Sent message MessageType.WORKFLOW_INFO, {'tasks_failed_count': 0, 'tasks_completed_count': 9, 'time_began': datetime.datetime(2021, 7, 12, 15, 31, 31, 310431), 'time_completed': datetime.datetime(2021, 7, 12, 15, 31, 34, 557924), 'run_id': '2c8221de-4cfe-44b4-939c-1f3cd2c25120', 'rundir': '/Users/vedkommalapati/Documents/GitHub/Parsl/runinfo/003', 'exit_now': True}
2021-07-12 15:31:34.559 parsl.dataflow.dflow:1192 [INFO]  Terminating monitoring
2021-07-12 15:31:34.560 parsl.monitoring.monitoring:403 [INFO]  Terminating Monitoring Hub
2021-07-12 15:31:34.560 parsl.monitoring.monitoring:421 [INFO]  Waiting for Hub to receive all messages and terminate
2021-07-12 15:31:37.580 parsl.process_loggers:28 [DEBUG]  Normal ending for router_starter on thread MainThread
2021-07-12 15:31:37.583 parsl.monitoring.monitoring:423 [DEBUG]  Finished waiting for Hub termination
2021-07-12 15:31:37.881 parsl.monitoring.monitoring:427 [DEBUG]  Finished waiting for DBM termination
2021-07-12 15:31:37.882 parsl.monitoring.monitoring:431 [INFO]  Terminating filesystem radio receiver process
2021-07-12 15:31:37.883 parsl.dataflow.dflow:1194 [INFO]  Terminated monitoring
2021-07-12 15:31:37.884 parsl.dataflow.dflow:1196 [INFO]  DFK cleanup complete
