2021-07-27 15:59:39.301 parsl.dataflow.dflow:84 [DEBUG]  Starting DataFlowKernel with config
Config(
    app_cache=True, 
    checkpoint_files=None, 
    checkpoint_mode='task_exit', 
    checkpoint_period=None, 
    executors=[HighThroughputExecutor(
        address=None, 
        address_probe_timeout=None, 
        cores_per_worker=0.25, 
        cpu_affinity='none', 
        heartbeat_period=2, 
        heartbeat_threshold=5, 
        interchange_port_range=(55000, 56000), 
        label='htex_Local', 
        launch_cmd='process_worker_pool.py {debug} {max_workers} -a {addresses} -p {prefetch_capacity} -c {cores_per_worker} -m {mem_per_worker} --poll {poll_period} --task_port={task_port} --result_port={result_port} --logdir={logdir} --block_id={{block_id}} --hb_period={heartbeat_period} {address_probe_timeout_string} --hb_threshold={heartbeat_threshold} --cpu-affinity {cpu_affinity} ', 
        managed=True, 
        max_workers=inf, 
        mem_per_worker=None, 
        poll_period=100, 
        prefetch_capacity=0, 
        provider=LocalProvider(
            channel=LocalChannel(
                envs={}, 
                script_dir=None, 
                userhome='/Users/ananthhariharan/Documents/Code/GitHub/Parsl-Project'
            ), 
            cmd_timeout=30, 
            init_blocks=0, 
            launcher=SingleNodeLauncher(debug=True, fail_on_any=False), 
            max_blocks=5, 
            min_blocks=0, 
            move_files=None, 
            nodes_per_block=1, 
            parallelism=1, 
            worker_init=''
        ), 
        storage_access=[FTPInTaskStaging(), HTTPInTaskStaging(), NoOpFileStaging()], 
        worker_debug=True, 
        worker_logdir_root=None, 
        worker_port_range=(54000, 55000), 
        worker_ports=None, 
        working_dir='/Users/ananthhariharan/Documents/Code/GitHub/Parsl-Project/test_htex_alternate'
    )], 
    garbage_collect=True, 
    initialize_logging=True, 
    internal_tasks_max_threads=10, 
    max_idletime=120.0, 
    monitoring=MonitoringHub(
        'localhost',
        client_address='127.0.0.1', 
        client_port_range=(55000, 56000), 
        hub_port=55055, 
        hub_port_range=(55050, 56000), 
        logdir=None, 
        logging_endpoint='sqlite:///monitoring.db', 
        monitoring_debug=False, 
        resource_monitoring_enabled=True, 
        resource_monitoring_interval=1, 
        workflow_name=None, 
        workflow_version=None
    ), 
    retries=2, 
    run_dir='runinfo', 
    strategy='simple', 
    usage_tracking=False
)
2021-07-27 15:59:39.301 parsl.dataflow.dflow:86 [INFO]  Parsl version: 1.1.0
2021-07-27 15:59:39.301 parsl.dataflow.usage_tracking.usage:125 [DEBUG]  Tracking status: False
2021-07-27 15:59:39.302 parsl.monitoring.monitoring:209 [INFO]  Monitoring Hub initialized
2021-07-27 15:59:39.302 parsl.monitoring.monitoring:211 [DEBUG]  Initializing ZMQ Pipes to client
2021-07-27 15:59:39.330 parsl.monitoring.monitoring:255 [INFO]  Started the Hub process 27324 and DBM process 27325
2021-07-27 15:59:39.347 parsl.dataflow.dflow:114 [INFO]  Run id is: c036070f-e223-42c3-b147-598a43caaf0f
2021-07-27 15:59:39.481 parsl.monitoring.monitoring:274 [DEBUG]  Sending message MessageType.WORKFLOW_INFO, {'python_version': '3.8.8', 'parsl_version': '1.1.0', 'time_began': datetime.datetime(2021, 7, 27, 15, 59, 39, 347743), 'time_completed': None, 'run_id': 'c036070f-e223-42c3-b147-598a43caaf0f', 'workflow_name': 'cpw_eval.py', 'workflow_version': '2021-07-27 15:59:39', 'rundir': '/Users/ananthhariharan/Documents/Code/GitHub/Parsl-Project/runinfo/026', 'tasks_completed_count': 0, 'tasks_failed_count': 0, 'user': 'ananthhariharan', 'host': 'Ananths-Macbook.local'}
2021-07-27 15:59:39.482 parsl.dataflow.memoization:164 [INFO]  App caching initialized
2021-07-27 15:59:39.482 parsl.dataflow.strategy:127 [DEBUG]  Scaling strategy: simple
2021-07-27 15:59:39.485 parsl.executors.high_throughput.executor:468 [DEBUG]  Starting queue management thread
2021-07-27 15:59:39.485 parsl.executors.high_throughput.executor:358 [DEBUG]  [MTHREAD] queue management worker starting
2021-07-27 15:59:39.485 parsl.executors.high_throughput.executor:472 [DEBUG]  Started queue management thread
2021-07-27 15:59:39.501 parsl.executors.high_throughput.executor:319 [DEBUG]  Created management thread: <Thread(HTEX-Queue-Management-Thread, started daemon 123145398251520)>
2021-07-27 15:59:39.502 parsl.executors.high_throughput.executor:291 [DEBUG]  Launch command: process_worker_pool.py --debug  -a 192.168.4.29,Ananths-Macbook.local,69.174.173.76 -p 0 -c 0.25 -m None --poll 100 --task_port=54360 --result_port=54506 --logdir=/Users/ananthhariharan/Documents/Code/GitHub/Parsl-Project/runinfo/026/htex_Local --block_id={block_id} --hb_period=2  --hb_threshold=5 --cpu-affinity none 
2021-07-27 15:59:39.502 parsl.executors.high_throughput.executor:294 [DEBUG]  Starting HighThroughputExecutor with provider:
LocalProvider(
    channel=LocalChannel(
        envs={}, 
        script_dir='/Users/ananthhariharan/Documents/Code/GitHub/Parsl-Project/runinfo/026/submit_scripts', 
        userhome='/Users/ananthhariharan/Documents/Code/GitHub/Parsl-Project'
    ), 
    cmd_timeout=30, 
    init_blocks=0, 
    launcher=SingleNodeLauncher(debug=True, fail_on_any=False), 
    max_blocks=5, 
    min_blocks=0, 
    move_files=None, 
    nodes_per_block=1, 
    parallelism=1, 
    worker_init=''
)
2021-07-27 15:59:39.506 parsl.dataflow.task_status_poller:114 [DEBUG]  Adding executor htex_Local
2021-07-27 15:59:39.507 parsl.dataflow.task_status_poller:37 [INFO]  Monitoring enabled on task status poller
2021-07-27 15:59:39.513 parsl.dataflow.dflow:802 [DEBUG]  Task 0 will be sent to executor htex_Local
2021-07-27 15:59:39.513 parsl.dataflow.dflow:628 [DEBUG]  Adding output dependencies
2021-07-27 15:59:39.513 parsl.dataflow.dflow:881 [INFO]  Task 0 submitted for App app_A, not waiting on any dependency
2021-07-27 15:59:39.513 parsl.dataflow.dflow:889 [DEBUG]  Task 0 set to pending state with AppFuture: <AppFuture super=<AppFuture at 0x7fd673733070 state=pending>>
2021-07-27 15:59:39.514 parsl.monitoring.monitoring:274 [DEBUG]  Sending message MessageType.TASK_INFO, {'task_func_name': 'app_A', 'task_memoize': False, 'task_hashsum': None, 'task_fail_count': 0, 'task_status': <States.pending: 0>, 'task_id': 0, 'task_time_invoked': datetime.datetime(2021, 7, 27, 15, 59, 39, 513584), 'task_try_time_launched': None, 'task_time_returned': None, 'task_try_time_returned': None, 'task_executor': 'htex_Local', 'run_id': 'c036070f-e223-42c3-b147-598a43caaf0f', 'try_id': 0, 'timestamp': datetime.datetime(2021, 7, 27, 15, 59, 39, 513993), 'task_status_name': 'pending', 'tasks_failed_count': 0, 'tasks_completed_count': 0, 'tasks_memo_completed_count': 0, 'from_memo': None, 'task_inputs': 'None', 'task_outputs': 'None', 'task_stdin': None, 'task_stdout': None, 'task_stderr': None, 'task_fail_history': '', 'task_depends': '', 'task_joins': None}
2021-07-27 15:59:39.514 parsl.dataflow.memoization:229 [DEBUG]  Task 0 will not be memoized
2021-07-27 15:59:39.515 parsl.executors.high_throughput.executor:557 [DEBUG]  Pushing function <function MonitoringHub.monitor_wrapper.<locals>.wrapped at 0x7fd673730e50> to queue with args ()
2021-07-27 15:59:39.518 parsl.monitoring.monitoring:274 [DEBUG]  Sending message MessageType.TASK_INFO, {'task_func_name': 'app_A', 'task_memoize': False, 'task_hashsum': None, 'task_fail_count': 0, 'task_status': <States.launched: 7>, 'task_id': 0, 'task_time_invoked': datetime.datetime(2021, 7, 27, 15, 59, 39, 513584), 'task_try_time_launched': datetime.datetime(2021, 7, 27, 15, 59, 39, 514688), 'task_time_returned': None, 'task_try_time_returned': None, 'task_executor': 'htex_Local', 'run_id': 'c036070f-e223-42c3-b147-598a43caaf0f', 'try_id': 0, 'timestamp': datetime.datetime(2021, 7, 27, 15, 59, 39, 517912), 'task_status_name': 'launched', 'tasks_failed_count': 0, 'tasks_completed_count': 0, 'tasks_memo_completed_count': 0, 'from_memo': False, 'task_inputs': 'None', 'task_outputs': 'None', 'task_stdin': None, 'task_stdout': None, 'task_stderr': None, 'task_fail_history': '', 'task_depends': '', 'task_joins': None}
2021-07-27 15:59:39.518 parsl.dataflow.dflow:591 [INFO]  Task 0 launched on executor htex_Local
2021-07-27 15:59:39.518 parsl.dataflow.dflow:802 [DEBUG]  Task 1 will be sent to executor htex_Local
2021-07-27 15:59:39.518 parsl.dataflow.dflow:628 [DEBUG]  Adding output dependencies
2021-07-27 15:59:39.519 parsl.dataflow.dflow:881 [INFO]  Task 1 submitted for App app_B, not waiting on any dependency
2021-07-27 15:59:39.519 parsl.dataflow.dflow:889 [DEBUG]  Task 1 set to pending state with AppFuture: <AppFuture super=<AppFuture at 0x7fd673743250 state=pending>>
2021-07-27 15:59:39.519 parsl.monitoring.monitoring:274 [DEBUG]  Sending message MessageType.TASK_INFO, {'task_func_name': 'app_B', 'task_memoize': False, 'task_hashsum': None, 'task_fail_count': 0, 'task_status': <States.pending: 0>, 'task_id': 1, 'task_time_invoked': datetime.datetime(2021, 7, 27, 15, 59, 39, 518896), 'task_try_time_launched': None, 'task_time_returned': None, 'task_try_time_returned': None, 'task_executor': 'htex_Local', 'run_id': 'c036070f-e223-42c3-b147-598a43caaf0f', 'try_id': 0, 'timestamp': datetime.datetime(2021, 7, 27, 15, 59, 39, 519180), 'task_status_name': 'pending', 'tasks_failed_count': 0, 'tasks_completed_count': 0, 'tasks_memo_completed_count': 0, 'from_memo': None, 'task_inputs': 'None', 'task_outputs': 'None', 'task_stdin': None, 'task_stdout': None, 'task_stderr': None, 'task_fail_history': '', 'task_depends': '', 'task_joins': None}
2021-07-27 15:59:39.519 parsl.dataflow.memoization:229 [DEBUG]  Task 1 will not be memoized
2021-07-27 15:59:39.520 parsl.executors.high_throughput.executor:557 [DEBUG]  Pushing function <function MonitoringHub.monitor_wrapper.<locals>.wrapped at 0x7fd6737391f0> to queue with args ()
2021-07-27 15:59:39.521 parsl.monitoring.monitoring:274 [DEBUG]  Sending message MessageType.TASK_INFO, {'task_func_name': 'app_B', 'task_memoize': False, 'task_hashsum': None, 'task_fail_count': 0, 'task_status': <States.launched: 7>, 'task_id': 1, 'task_time_invoked': datetime.datetime(2021, 7, 27, 15, 59, 39, 518896), 'task_try_time_launched': datetime.datetime(2021, 7, 27, 15, 59, 39, 519506), 'task_time_returned': None, 'task_try_time_returned': None, 'task_executor': 'htex_Local', 'run_id': 'c036070f-e223-42c3-b147-598a43caaf0f', 'try_id': 0, 'timestamp': datetime.datetime(2021, 7, 27, 15, 59, 39, 521256), 'task_status_name': 'launched', 'tasks_failed_count': 0, 'tasks_completed_count': 0, 'tasks_memo_completed_count': 0, 'from_memo': False, 'task_inputs': 'None', 'task_outputs': 'None', 'task_stdin': None, 'task_stdout': None, 'task_stderr': None, 'task_fail_history': '', 'task_depends': '', 'task_joins': None}
2021-07-27 15:59:39.521 parsl.dataflow.dflow:591 [INFO]  Task 1 launched on executor htex_Local
2021-07-27 15:59:39.522 parsl.dataflow.dflow:802 [DEBUG]  Task 2 will be sent to executor htex_Local
2021-07-27 15:59:39.522 parsl.dataflow.dflow:628 [DEBUG]  Adding output dependencies
2021-07-27 15:59:39.522 parsl.dataflow.dflow:881 [INFO]  Task 2 submitted for App app_C, waiting on task 0, task 1
2021-07-27 15:59:39.522 parsl.dataflow.dflow:889 [DEBUG]  Task 2 set to pending state with AppFuture: <AppFuture super=<AppFuture at 0x7fd673743940 state=pending>>
2021-07-27 15:59:39.522 parsl.monitoring.monitoring:274 [DEBUG]  Sending message MessageType.TASK_INFO, {'task_func_name': 'app_C', 'task_memoize': False, 'task_hashsum': None, 'task_fail_count': 0, 'task_status': <States.pending: 0>, 'task_id': 2, 'task_time_invoked': datetime.datetime(2021, 7, 27, 15, 59, 39, 522076), 'task_try_time_launched': None, 'task_time_returned': None, 'task_try_time_returned': None, 'task_executor': 'htex_Local', 'run_id': 'c036070f-e223-42c3-b147-598a43caaf0f', 'try_id': 0, 'timestamp': datetime.datetime(2021, 7, 27, 15, 59, 39, 522383), 'task_status_name': 'pending', 'tasks_failed_count': 0, 'tasks_completed_count': 0, 'tasks_memo_completed_count': 0, 'from_memo': None, 'task_inputs': 'None', 'task_outputs': 'None', 'task_stdin': None, 'task_stdout': None, 'task_stderr': None, 'task_fail_history': '', 'task_depends': '0,1', 'task_joins': None}
2021-07-27 15:59:39.522 parsl.dataflow.dflow:802 [DEBUG]  Task 3 will be sent to executor htex_Local
2021-07-27 15:59:39.522 parsl.dataflow.dflow:628 [DEBUG]  Adding output dependencies
2021-07-27 15:59:39.523 parsl.dataflow.dflow:881 [INFO]  Task 3 submitted for App app_D, waiting on task 2
2021-07-27 15:59:39.523 parsl.dataflow.dflow:889 [DEBUG]  Task 3 set to pending state with AppFuture: <AppFuture super=<AppFuture at 0x7fd673743b20 state=pending>>
2021-07-27 15:59:39.523 parsl.monitoring.monitoring:274 [DEBUG]  Sending message MessageType.TASK_INFO, {'task_func_name': 'app_D', 'task_memoize': False, 'task_hashsum': None, 'task_fail_count': 0, 'task_status': <States.pending: 0>, 'task_id': 3, 'task_time_invoked': datetime.datetime(2021, 7, 27, 15, 59, 39, 522926), 'task_try_time_launched': None, 'task_time_returned': None, 'task_try_time_returned': None, 'task_executor': 'htex_Local', 'run_id': 'c036070f-e223-42c3-b147-598a43caaf0f', 'try_id': 0, 'timestamp': datetime.datetime(2021, 7, 27, 15, 59, 39, 523150), 'task_status_name': 'pending', 'tasks_failed_count': 0, 'tasks_completed_count': 0, 'tasks_memo_completed_count': 0, 'from_memo': None, 'task_inputs': 'None', 'task_outputs': 'None', 'task_stdin': None, 'task_stdout': None, 'task_stderr': None, 'task_fail_history': '', 'task_depends': '2', 'task_joins': None}
2021-07-27 15:59:39.523 parsl.dataflow.dflow:802 [DEBUG]  Task 4 will be sent to executor htex_Local
2021-07-27 15:59:39.523 parsl.dataflow.dflow:628 [DEBUG]  Adding output dependencies
2021-07-27 15:59:39.523 parsl.dataflow.dflow:881 [INFO]  Task 4 submitted for App app_E, waiting on task 3
2021-07-27 15:59:39.523 parsl.dataflow.dflow:889 [DEBUG]  Task 4 set to pending state with AppFuture: <AppFuture super=<AppFuture at 0x7fd673743ca0 state=pending>>
2021-07-27 15:59:39.523 parsl.monitoring.monitoring:274 [DEBUG]  Sending message MessageType.TASK_INFO, {'task_func_name': 'app_E', 'task_memoize': False, 'task_hashsum': None, 'task_fail_count': 0, 'task_status': <States.pending: 0>, 'task_id': 4, 'task_time_invoked': datetime.datetime(2021, 7, 27, 15, 59, 39, 523592), 'task_try_time_launched': None, 'task_time_returned': None, 'task_try_time_returned': None, 'task_executor': 'htex_Local', 'run_id': 'c036070f-e223-42c3-b147-598a43caaf0f', 'try_id': 0, 'timestamp': datetime.datetime(2021, 7, 27, 15, 59, 39, 523831), 'task_status_name': 'pending', 'tasks_failed_count': 0, 'tasks_completed_count': 0, 'tasks_memo_completed_count': 0, 'from_memo': None, 'task_inputs': 'None', 'task_outputs': 'None', 'task_stdin': None, 'task_stdout': None, 'task_stderr': None, 'task_fail_history': '', 'task_depends': '3', 'task_joins': None}
2021-07-27 15:59:40.487 parsl.dataflow.task_status_poller:52 [DEBUG]  Sending message [] to hub from task status poller
2021-07-27 15:59:40.495 parsl.dataflow.strategy:205 [DEBUG]  Executor htex_Local has 2 active tasks, 0/0 running/pending blocks, and 0 connected workers
2021-07-27 15:59:40.495 parsl.dataflow.strategy:265 [DEBUG]  Requesting 2 more blocks
2021-07-27 15:59:40.496 parsl.providers.local.local:217 [DEBUG]  Launching in remote mode
2021-07-27 15:59:40.514 parsl.executors.high_throughput.executor:620 [DEBUG]  Launched block 0->27328
2021-07-27 15:59:40.515 parsl.providers.local.local:217 [DEBUG]  Launching in remote mode
2021-07-27 15:59:40.541 parsl.executors.high_throughput.executor:620 [DEBUG]  Launched block 1->27335
2021-07-27 15:59:40.542 parsl.dataflow.task_status_poller:52 [DEBUG]  Sending message [{'run_id': 'c036070f-e223-42c3-b147-598a43caaf0f', 'status': 'PENDING', 'timestamp': datetime.datetime(2021, 7, 27, 15, 59, 40, 542360), 'executor_label': 'htex_Local', 'job_id': '27328', 'block_id': '0'}, {'run_id': 'c036070f-e223-42c3-b147-598a43caaf0f', 'status': 'PENDING', 'timestamp': datetime.datetime(2021, 7, 27, 15, 59, 40, 542388), 'executor_label': 'htex_Local', 'job_id': '27335', 'block_id': '1'}] to hub from task status poller
2021-07-27 15:59:41.946 parsl.dataflow.dflow:442 [INFO]  Task 1 completed (launched -> exec_done)
2021-07-27 15:59:41.948 parsl.dataflow.dflow:1166 [WARNING]  No tasks checkpointed so far in this run. Please ensure caching is enabled
2021-07-27 15:59:41.949 parsl.monitoring.monitoring:274 [DEBUG]  Sending message MessageType.TASK_INFO, {'task_func_name': 'app_B', 'task_memoize': False, 'task_hashsum': None, 'task_fail_count': 0, 'task_status': <States.exec_done: 3>, 'task_id': 1, 'task_time_invoked': datetime.datetime(2021, 7, 27, 15, 59, 39, 518896), 'task_try_time_launched': datetime.datetime(2021, 7, 27, 15, 59, 39, 519506), 'task_time_returned': datetime.datetime(2021, 7, 27, 15, 59, 41, 946477), 'task_try_time_returned': datetime.datetime(2021, 7, 27, 15, 59, 41, 945930), 'task_executor': 'htex_Local', 'run_id': 'c036070f-e223-42c3-b147-598a43caaf0f', 'try_id': 0, 'timestamp': datetime.datetime(2021, 7, 27, 15, 59, 41, 948283), 'task_status_name': 'exec_done', 'tasks_failed_count': 0, 'tasks_completed_count': 1, 'tasks_memo_completed_count': 0, 'from_memo': False, 'task_inputs': 'None', 'task_outputs': 'None', 'task_stdin': None, 'task_stdout': None, 'task_stderr': None, 'task_fail_history': '', 'task_depends': '', 'task_joins': None}
2021-07-27 15:59:41.949 parsl.dataflow.dflow:442 [INFO]  Task 0 completed (launched -> exec_done)
2021-07-27 15:59:41.950 parsl.dataflow.dflow:1166 [WARNING]  No tasks checkpointed so far in this run. Please ensure caching is enabled
2021-07-27 15:59:41.950 parsl.dataflow.memoization:229 [DEBUG]  Task 2 will not be memoized
2021-07-27 15:59:41.951 parsl.executors.high_throughput.executor:557 [DEBUG]  Pushing function <function MonitoringHub.monitor_wrapper.<locals>.wrapped at 0x7fd673739670> to queue with args (7, 3.0)
2021-07-27 15:59:41.954 parsl.monitoring.monitoring:274 [DEBUG]  Sending message MessageType.TASK_INFO, {'task_func_name': 'app_C', 'task_memoize': False, 'task_hashsum': None, 'task_fail_count': 0, 'task_status': <States.launched: 7>, 'task_id': 2, 'task_time_invoked': datetime.datetime(2021, 7, 27, 15, 59, 39, 522076), 'task_try_time_launched': datetime.datetime(2021, 7, 27, 15, 59, 41, 950692), 'task_time_returned': None, 'task_try_time_returned': None, 'task_executor': 'htex_Local', 'run_id': 'c036070f-e223-42c3-b147-598a43caaf0f', 'try_id': 0, 'timestamp': datetime.datetime(2021, 7, 27, 15, 59, 41, 954411), 'task_status_name': 'launched', 'tasks_failed_count': 0, 'tasks_completed_count': 2, 'tasks_memo_completed_count': 0, 'from_memo': False, 'task_inputs': 'None', 'task_outputs': 'None', 'task_stdin': None, 'task_stdout': None, 'task_stderr': None, 'task_fail_history': '', 'task_depends': '0,1', 'task_joins': None}
2021-07-27 15:59:41.955 parsl.dataflow.dflow:591 [INFO]  Task 2 launched on executor htex_Local
2021-07-27 15:59:41.955 parsl.monitoring.monitoring:274 [DEBUG]  Sending message MessageType.TASK_INFO, {'task_func_name': 'app_A', 'task_memoize': False, 'task_hashsum': None, 'task_fail_count': 0, 'task_status': <States.exec_done: 3>, 'task_id': 0, 'task_time_invoked': datetime.datetime(2021, 7, 27, 15, 59, 39, 513584), 'task_try_time_launched': datetime.datetime(2021, 7, 27, 15, 59, 39, 514688), 'task_time_returned': datetime.datetime(2021, 7, 27, 15, 59, 41, 949812), 'task_try_time_returned': datetime.datetime(2021, 7, 27, 15, 59, 41, 949575), 'task_executor': 'htex_Local', 'run_id': 'c036070f-e223-42c3-b147-598a43caaf0f', 'try_id': 0, 'timestamp': datetime.datetime(2021, 7, 27, 15, 59, 41, 955544), 'task_status_name': 'exec_done', 'tasks_failed_count': 0, 'tasks_completed_count': 2, 'tasks_memo_completed_count': 0, 'from_memo': False, 'task_inputs': 'None', 'task_outputs': 'None', 'task_stdin': None, 'task_stdout': None, 'task_stderr': None, 'task_fail_history': '', 'task_depends': '', 'task_joins': None}
2021-07-27 15:59:42.132 parsl.dataflow.dflow:442 [INFO]  Task 2 completed (launched -> exec_done)
2021-07-27 15:59:42.132 parsl.dataflow.dflow:1166 [WARNING]  No tasks checkpointed so far in this run. Please ensure caching is enabled
2021-07-27 15:59:42.132 parsl.dataflow.memoization:229 [DEBUG]  Task 3 will not be memoized
2021-07-27 15:59:42.133 parsl.executors.high_throughput.executor:557 [DEBUG]  Pushing function <function MonitoringHub.monitor_wrapper.<locals>.wrapped at 0x7fd6737398b0> to queue with args (10, 7, 10.0)
2021-07-27 15:59:42.135 parsl.monitoring.monitoring:274 [DEBUG]  Sending message MessageType.TASK_INFO, {'task_func_name': 'app_D', 'task_memoize': False, 'task_hashsum': None, 'task_fail_count': 0, 'task_status': <States.launched: 7>, 'task_id': 3, 'task_time_invoked': datetime.datetime(2021, 7, 27, 15, 59, 39, 522926), 'task_try_time_launched': datetime.datetime(2021, 7, 27, 15, 59, 42, 132810), 'task_time_returned': None, 'task_try_time_returned': None, 'task_executor': 'htex_Local', 'run_id': 'c036070f-e223-42c3-b147-598a43caaf0f', 'try_id': 0, 'timestamp': datetime.datetime(2021, 7, 27, 15, 59, 42, 135246), 'task_status_name': 'launched', 'tasks_failed_count': 0, 'tasks_completed_count': 3, 'tasks_memo_completed_count': 0, 'from_memo': False, 'task_inputs': 'None', 'task_outputs': 'None', 'task_stdin': None, 'task_stdout': None, 'task_stderr': None, 'task_fail_history': '', 'task_depends': '2', 'task_joins': None}
2021-07-27 15:59:42.136 parsl.dataflow.dflow:591 [INFO]  Task 3 launched on executor htex_Local
2021-07-27 15:59:42.136 parsl.monitoring.monitoring:274 [DEBUG]  Sending message MessageType.TASK_INFO, {'task_func_name': 'app_C', 'task_memoize': False, 'task_hashsum': None, 'task_fail_count': 0, 'task_status': <States.exec_done: 3>, 'task_id': 2, 'task_time_invoked': datetime.datetime(2021, 7, 27, 15, 59, 39, 522076), 'task_try_time_launched': datetime.datetime(2021, 7, 27, 15, 59, 41, 950692), 'task_time_returned': datetime.datetime(2021, 7, 27, 15, 59, 42, 132258), 'task_try_time_returned': datetime.datetime(2021, 7, 27, 15, 59, 42, 132051), 'task_executor': 'htex_Local', 'run_id': 'c036070f-e223-42c3-b147-598a43caaf0f', 'try_id': 0, 'timestamp': datetime.datetime(2021, 7, 27, 15, 59, 42, 136464), 'task_status_name': 'exec_done', 'tasks_failed_count': 0, 'tasks_completed_count': 3, 'tasks_memo_completed_count': 0, 'from_memo': False, 'task_inputs': 'None', 'task_outputs': 'None', 'task_stdin': None, 'task_stdout': None, 'task_stderr': None, 'task_fail_history': '', 'task_depends': '0,1', 'task_joins': None}
2021-07-27 15:59:42.352 parsl.dataflow.dflow:442 [INFO]  Task 3 completed (launched -> exec_done)
2021-07-27 15:59:42.353 parsl.dataflow.dflow:1166 [WARNING]  No tasks checkpointed so far in this run. Please ensure caching is enabled
2021-07-27 15:59:42.353 parsl.dataflow.memoization:229 [DEBUG]  Task 4 will not be memoized
2021-07-27 15:59:42.354 parsl.executors.high_throughput.executor:557 [DEBUG]  Pushing function <function MonitoringHub.monitor_wrapper.<locals>.wrapped at 0x7fd673739af0> to queue with args (7.0,)
2021-07-27 15:59:42.357 parsl.monitoring.monitoring:274 [DEBUG]  Sending message MessageType.TASK_INFO, {'task_func_name': 'app_E', 'task_memoize': False, 'task_hashsum': None, 'task_fail_count': 0, 'task_status': <States.launched: 7>, 'task_id': 4, 'task_time_invoked': datetime.datetime(2021, 7, 27, 15, 59, 39, 523592), 'task_try_time_launched': datetime.datetime(2021, 7, 27, 15, 59, 42, 353881), 'task_time_returned': None, 'task_try_time_returned': None, 'task_executor': 'htex_Local', 'run_id': 'c036070f-e223-42c3-b147-598a43caaf0f', 'try_id': 0, 'timestamp': datetime.datetime(2021, 7, 27, 15, 59, 42, 356697), 'task_status_name': 'launched', 'tasks_failed_count': 0, 'tasks_completed_count': 4, 'tasks_memo_completed_count': 0, 'from_memo': False, 'task_inputs': 'None', 'task_outputs': 'None', 'task_stdin': None, 'task_stdout': None, 'task_stderr': None, 'task_fail_history': '', 'task_depends': '3', 'task_joins': None}
2021-07-27 15:59:42.357 parsl.dataflow.dflow:591 [INFO]  Task 4 launched on executor htex_Local
2021-07-27 15:59:42.358 parsl.monitoring.monitoring:274 [DEBUG]  Sending message MessageType.TASK_INFO, {'task_func_name': 'app_D', 'task_memoize': False, 'task_hashsum': None, 'task_fail_count': 0, 'task_status': <States.exec_done: 3>, 'task_id': 3, 'task_time_invoked': datetime.datetime(2021, 7, 27, 15, 59, 39, 522926), 'task_try_time_launched': datetime.datetime(2021, 7, 27, 15, 59, 42, 132810), 'task_time_returned': datetime.datetime(2021, 7, 27, 15, 59, 42, 352884), 'task_try_time_returned': datetime.datetime(2021, 7, 27, 15, 59, 42, 352607), 'task_executor': 'htex_Local', 'run_id': 'c036070f-e223-42c3-b147-598a43caaf0f', 'try_id': 0, 'timestamp': datetime.datetime(2021, 7, 27, 15, 59, 42, 357890), 'task_status_name': 'exec_done', 'tasks_failed_count': 0, 'tasks_completed_count': 4, 'tasks_memo_completed_count': 0, 'from_memo': False, 'task_inputs': 'None', 'task_outputs': 'None', 'task_stdin': None, 'task_stdout': None, 'task_stderr': None, 'task_fail_history': '', 'task_depends': '2', 'task_joins': None}
2021-07-27 15:59:42.556 parsl.dataflow.dflow:442 [INFO]  Task 4 completed (launched -> exec_done)
2021-07-27 15:59:42.557 parsl.dataflow.dflow:802 [DEBUG]  Task 5 will be sent to executor htex_Local
2021-07-27 15:59:42.557 parsl.dataflow.dflow:628 [DEBUG]  Adding output dependencies
2021-07-27 15:59:42.557 parsl.dataflow.dflow:881 [INFO]  Task 5 submitted for App app_A, not waiting on any dependency
2021-07-27 15:59:42.558 parsl.dataflow.dflow:889 [DEBUG]  Task 5 set to pending state with AppFuture: <AppFuture super=<AppFuture at 0x7fd673756730 state=pending>>
2021-07-27 15:59:42.558 parsl.monitoring.monitoring:274 [DEBUG]  Sending message MessageType.TASK_INFO, {'task_func_name': 'app_A', 'task_memoize': False, 'task_hashsum': None, 'task_fail_count': 0, 'task_status': <States.pending: 0>, 'task_id': 5, 'task_time_invoked': datetime.datetime(2021, 7, 27, 15, 59, 42, 557611), 'task_try_time_launched': None, 'task_time_returned': None, 'task_try_time_returned': None, 'task_executor': 'htex_Local', 'run_id': 'c036070f-e223-42c3-b147-598a43caaf0f', 'try_id': 0, 'timestamp': datetime.datetime(2021, 7, 27, 15, 59, 42, 558109), 'task_status_name': 'pending', 'tasks_failed_count': 0, 'tasks_completed_count': 5, 'tasks_memo_completed_count': 0, 'from_memo': None, 'task_inputs': 'None', 'task_outputs': 'None', 'task_stdin': None, 'task_stdout': None, 'task_stderr': None, 'task_fail_history': '', 'task_depends': '', 'task_joins': None}
2021-07-27 15:59:42.558 parsl.dataflow.dflow:1166 [WARNING]  No tasks checkpointed so far in this run. Please ensure caching is enabled
2021-07-27 15:59:42.558 parsl.dataflow.memoization:229 [DEBUG]  Task 5 will not be memoized
2021-07-27 15:59:42.559 parsl.monitoring.monitoring:274 [DEBUG]  Sending message MessageType.TASK_INFO, {'task_func_name': 'app_E', 'task_memoize': False, 'task_hashsum': None, 'task_fail_count': 0, 'task_status': <States.exec_done: 3>, 'task_id': 4, 'task_time_invoked': datetime.datetime(2021, 7, 27, 15, 59, 39, 523592), 'task_try_time_launched': datetime.datetime(2021, 7, 27, 15, 59, 42, 353881), 'task_time_returned': datetime.datetime(2021, 7, 27, 15, 59, 42, 556863), 'task_try_time_returned': datetime.datetime(2021, 7, 27, 15, 59, 42, 556666), 'task_executor': 'htex_Local', 'run_id': 'c036070f-e223-42c3-b147-598a43caaf0f', 'try_id': 0, 'timestamp': datetime.datetime(2021, 7, 27, 15, 59, 42, 559006), 'task_status_name': 'exec_done', 'tasks_failed_count': 0, 'tasks_completed_count': 5, 'tasks_memo_completed_count': 0, 'from_memo': False, 'task_inputs': 'None', 'task_outputs': 'None', 'task_stdin': None, 'task_stdout': None, 'task_stderr': None, 'task_fail_history': '', 'task_depends': '3', 'task_joins': None}
2021-07-27 15:59:42.559 parsl.executors.high_throughput.executor:557 [DEBUG]  Pushing function <function MonitoringHub.monitor_wrapper.<locals>.wrapped at 0x7fd673739d30> to queue with args ()
2021-07-27 15:59:42.561 parsl.monitoring.monitoring:274 [DEBUG]  Sending message MessageType.TASK_INFO, {'task_func_name': 'app_A', 'task_memoize': False, 'task_hashsum': None, 'task_fail_count': 0, 'task_status': <States.launched: 7>, 'task_id': 5, 'task_time_invoked': datetime.datetime(2021, 7, 27, 15, 59, 42, 557611), 'task_try_time_launched': datetime.datetime(2021, 7, 27, 15, 59, 42, 558871), 'task_time_returned': None, 'task_try_time_returned': None, 'task_executor': 'htex_Local', 'run_id': 'c036070f-e223-42c3-b147-598a43caaf0f', 'try_id': 0, 'timestamp': datetime.datetime(2021, 7, 27, 15, 59, 42, 561562), 'task_status_name': 'launched', 'tasks_failed_count': 0, 'tasks_completed_count': 5, 'tasks_memo_completed_count': 0, 'from_memo': False, 'task_inputs': 'None', 'task_outputs': 'None', 'task_stdin': None, 'task_stdout': None, 'task_stderr': None, 'task_fail_history': '', 'task_depends': '', 'task_joins': None}
2021-07-27 15:59:42.562 parsl.dataflow.dflow:591 [INFO]  Task 5 launched on executor htex_Local
2021-07-27 15:59:42.562 parsl.dataflow.dflow:802 [DEBUG]  Task 6 will be sent to executor htex_Local
2021-07-27 15:59:42.562 parsl.dataflow.dflow:628 [DEBUG]  Adding output dependencies
2021-07-27 15:59:42.563 parsl.dataflow.dflow:881 [INFO]  Task 6 submitted for App app_B, not waiting on any dependency
2021-07-27 15:59:42.563 parsl.dataflow.dflow:889 [DEBUG]  Task 6 set to pending state with AppFuture: <AppFuture super=<AppFuture at 0x7fd673756e50 state=pending>>
2021-07-27 15:59:42.563 parsl.monitoring.monitoring:274 [DEBUG]  Sending message MessageType.TASK_INFO, {'task_func_name': 'app_B', 'task_memoize': False, 'task_hashsum': None, 'task_fail_count': 0, 'task_status': <States.pending: 0>, 'task_id': 6, 'task_time_invoked': datetime.datetime(2021, 7, 27, 15, 59, 42, 562828), 'task_try_time_launched': None, 'task_time_returned': None, 'task_try_time_returned': None, 'task_executor': 'htex_Local', 'run_id': 'c036070f-e223-42c3-b147-598a43caaf0f', 'try_id': 0, 'timestamp': datetime.datetime(2021, 7, 27, 15, 59, 42, 563471), 'task_status_name': 'pending', 'tasks_failed_count': 0, 'tasks_completed_count': 5, 'tasks_memo_completed_count': 0, 'from_memo': None, 'task_inputs': 'None', 'task_outputs': 'None', 'task_stdin': None, 'task_stdout': None, 'task_stderr': None, 'task_fail_history': '', 'task_depends': '', 'task_joins': None}
2021-07-27 15:59:42.564 parsl.dataflow.memoization:229 [DEBUG]  Task 6 will not be memoized
2021-07-27 15:59:42.564 parsl.executors.high_throughput.executor:557 [DEBUG]  Pushing function <function MonitoringHub.monitor_wrapper.<locals>.wrapped at 0x7fd673739f70> to queue with args ()
2021-07-27 15:59:42.566 parsl.monitoring.monitoring:274 [DEBUG]  Sending message MessageType.TASK_INFO, {'task_func_name': 'app_B', 'task_memoize': False, 'task_hashsum': None, 'task_fail_count': 0, 'task_status': <States.launched: 7>, 'task_id': 6, 'task_time_invoked': datetime.datetime(2021, 7, 27, 15, 59, 42, 562828), 'task_try_time_launched': datetime.datetime(2021, 7, 27, 15, 59, 42, 564016), 'task_time_returned': None, 'task_try_time_returned': None, 'task_executor': 'htex_Local', 'run_id': 'c036070f-e223-42c3-b147-598a43caaf0f', 'try_id': 0, 'timestamp': datetime.datetime(2021, 7, 27, 15, 59, 42, 566183), 'task_status_name': 'launched', 'tasks_failed_count': 0, 'tasks_completed_count': 5, 'tasks_memo_completed_count': 0, 'from_memo': False, 'task_inputs': 'None', 'task_outputs': 'None', 'task_stdin': None, 'task_stdout': None, 'task_stderr': None, 'task_fail_history': '', 'task_depends': '', 'task_joins': None}
2021-07-27 15:59:42.566 parsl.dataflow.dflow:591 [INFO]  Task 6 launched on executor htex_Local
2021-07-27 15:59:42.567 parsl.dataflow.dflow:802 [DEBUG]  Task 7 will be sent to executor htex_Local
2021-07-27 15:59:42.567 parsl.dataflow.dflow:628 [DEBUG]  Adding output dependencies
2021-07-27 15:59:42.567 parsl.dataflow.dflow:881 [INFO]  Task 7 submitted for App app_C, waiting on task 5, task 6
2021-07-27 15:59:42.567 parsl.dataflow.dflow:889 [DEBUG]  Task 7 set to pending state with AppFuture: <AppFuture super=<AppFuture at 0x7fd67375c670 state=pending>>
2021-07-27 15:59:42.567 parsl.monitoring.monitoring:274 [DEBUG]  Sending message MessageType.TASK_INFO, {'task_func_name': 'app_C', 'task_memoize': False, 'task_hashsum': None, 'task_fail_count': 0, 'task_status': <States.pending: 0>, 'task_id': 7, 'task_time_invoked': datetime.datetime(2021, 7, 27, 15, 59, 42, 567122), 'task_try_time_launched': None, 'task_time_returned': None, 'task_try_time_returned': None, 'task_executor': 'htex_Local', 'run_id': 'c036070f-e223-42c3-b147-598a43caaf0f', 'try_id': 0, 'timestamp': datetime.datetime(2021, 7, 27, 15, 59, 42, 567434), 'task_status_name': 'pending', 'tasks_failed_count': 0, 'tasks_completed_count': 5, 'tasks_memo_completed_count': 0, 'from_memo': None, 'task_inputs': 'None', 'task_outputs': 'None', 'task_stdin': None, 'task_stdout': None, 'task_stderr': None, 'task_fail_history': '', 'task_depends': '5,6', 'task_joins': None}
2021-07-27 15:59:42.567 parsl.dataflow.dflow:802 [DEBUG]  Task 8 will be sent to executor htex_Local
2021-07-27 15:59:42.568 parsl.dataflow.dflow:628 [DEBUG]  Adding output dependencies
2021-07-27 15:59:42.568 parsl.dataflow.dflow:881 [INFO]  Task 8 submitted for App app_D, waiting on task 7
2021-07-27 15:59:42.568 parsl.dataflow.dflow:889 [DEBUG]  Task 8 set to pending state with AppFuture: <AppFuture super=<AppFuture at 0x7fd67375c850 state=pending>>
2021-07-27 15:59:42.568 parsl.monitoring.monitoring:274 [DEBUG]  Sending message MessageType.TASK_INFO, {'task_func_name': 'app_D', 'task_memoize': False, 'task_hashsum': None, 'task_fail_count': 0, 'task_status': <States.pending: 0>, 'task_id': 8, 'task_time_invoked': datetime.datetime(2021, 7, 27, 15, 59, 42, 568055), 'task_try_time_launched': None, 'task_time_returned': None, 'task_try_time_returned': None, 'task_executor': 'htex_Local', 'run_id': 'c036070f-e223-42c3-b147-598a43caaf0f', 'try_id': 0, 'timestamp': datetime.datetime(2021, 7, 27, 15, 59, 42, 568639), 'task_status_name': 'pending', 'tasks_failed_count': 0, 'tasks_completed_count': 5, 'tasks_memo_completed_count': 0, 'from_memo': None, 'task_inputs': 'None', 'task_outputs': 'None', 'task_stdin': None, 'task_stdout': None, 'task_stderr': None, 'task_fail_history': '', 'task_depends': '7', 'task_joins': None}
2021-07-27 15:59:42.569 parsl.dataflow.dflow:802 [DEBUG]  Task 9 will be sent to executor htex_Local
2021-07-27 15:59:42.569 parsl.dataflow.dflow:628 [DEBUG]  Adding output dependencies
2021-07-27 15:59:42.569 parsl.dataflow.dflow:881 [INFO]  Task 9 submitted for App app_E, waiting on task 8
2021-07-27 15:59:42.569 parsl.dataflow.dflow:889 [DEBUG]  Task 9 set to pending state with AppFuture: <AppFuture super=<AppFuture at 0x7fd673756a00 state=pending>>
2021-07-27 15:59:42.569 parsl.monitoring.monitoring:274 [DEBUG]  Sending message MessageType.TASK_INFO, {'task_func_name': 'app_E', 'task_memoize': False, 'task_hashsum': None, 'task_fail_count': 0, 'task_status': <States.pending: 0>, 'task_id': 9, 'task_time_invoked': datetime.datetime(2021, 7, 27, 15, 59, 42, 569237), 'task_try_time_launched': None, 'task_time_returned': None, 'task_try_time_returned': None, 'task_executor': 'htex_Local', 'run_id': 'c036070f-e223-42c3-b147-598a43caaf0f', 'try_id': 0, 'timestamp': datetime.datetime(2021, 7, 27, 15, 59, 42, 569502), 'task_status_name': 'pending', 'tasks_failed_count': 0, 'tasks_completed_count': 5, 'tasks_memo_completed_count': 0, 'from_memo': None, 'task_inputs': 'None', 'task_outputs': 'None', 'task_stdin': None, 'task_stdout': None, 'task_stderr': None, 'task_fail_history': '', 'task_depends': '8', 'task_joins': None}
2021-07-27 15:59:42.758 parsl.dataflow.dflow:442 [INFO]  Task 5 completed (launched -> exec_done)
2021-07-27 15:59:42.759 parsl.dataflow.dflow:1166 [WARNING]  No tasks checkpointed so far in this run. Please ensure caching is enabled
2021-07-27 15:59:42.759 parsl.monitoring.monitoring:274 [DEBUG]  Sending message MessageType.TASK_INFO, {'task_func_name': 'app_A', 'task_memoize': False, 'task_hashsum': None, 'task_fail_count': 0, 'task_status': <States.exec_done: 3>, 'task_id': 5, 'task_time_invoked': datetime.datetime(2021, 7, 27, 15, 59, 42, 557611), 'task_try_time_launched': datetime.datetime(2021, 7, 27, 15, 59, 42, 558871), 'task_time_returned': datetime.datetime(2021, 7, 27, 15, 59, 42, 758786), 'task_try_time_returned': datetime.datetime(2021, 7, 27, 15, 59, 42, 758572), 'task_executor': 'htex_Local', 'run_id': 'c036070f-e223-42c3-b147-598a43caaf0f', 'try_id': 0, 'timestamp': datetime.datetime(2021, 7, 27, 15, 59, 42, 759549), 'task_status_name': 'exec_done', 'tasks_failed_count': 0, 'tasks_completed_count': 6, 'tasks_memo_completed_count': 0, 'from_memo': False, 'task_inputs': 'None', 'task_outputs': 'None', 'task_stdin': None, 'task_stdout': None, 'task_stderr': None, 'task_fail_history': '', 'task_depends': '', 'task_joins': None}
2021-07-27 15:59:42.760 parsl.dataflow.dflow:442 [INFO]  Task 6 completed (launched -> exec_done)
2021-07-27 15:59:42.761 parsl.dataflow.dflow:1166 [WARNING]  No tasks checkpointed so far in this run. Please ensure caching is enabled
2021-07-27 15:59:42.761 parsl.dataflow.memoization:229 [DEBUG]  Task 7 will not be memoized
2021-07-27 15:59:42.761 parsl.executors.high_throughput.executor:557 [DEBUG]  Pushing function <function MonitoringHub.monitor_wrapper.<locals>.wrapped at 0x7fd67375f430> to queue with args (7, 3.0)
2021-07-27 15:59:42.764 parsl.monitoring.monitoring:274 [DEBUG]  Sending message MessageType.TASK_INFO, {'task_func_name': 'app_C', 'task_memoize': False, 'task_hashsum': None, 'task_fail_count': 0, 'task_status': <States.launched: 7>, 'task_id': 7, 'task_time_invoked': datetime.datetime(2021, 7, 27, 15, 59, 42, 567122), 'task_try_time_launched': datetime.datetime(2021, 7, 27, 15, 59, 42, 761326), 'task_time_returned': None, 'task_try_time_returned': None, 'task_executor': 'htex_Local', 'run_id': 'c036070f-e223-42c3-b147-598a43caaf0f', 'try_id': 0, 'timestamp': datetime.datetime(2021, 7, 27, 15, 59, 42, 763815), 'task_status_name': 'launched', 'tasks_failed_count': 0, 'tasks_completed_count': 7, 'tasks_memo_completed_count': 0, 'from_memo': False, 'task_inputs': 'None', 'task_outputs': 'None', 'task_stdin': None, 'task_stdout': None, 'task_stderr': None, 'task_fail_history': '', 'task_depends': '5,6', 'task_joins': None}
2021-07-27 15:59:42.764 parsl.dataflow.dflow:591 [INFO]  Task 7 launched on executor htex_Local
2021-07-27 15:59:42.764 parsl.monitoring.monitoring:274 [DEBUG]  Sending message MessageType.TASK_INFO, {'task_func_name': 'app_B', 'task_memoize': False, 'task_hashsum': None, 'task_fail_count': 0, 'task_status': <States.exec_done: 3>, 'task_id': 6, 'task_time_invoked': datetime.datetime(2021, 7, 27, 15, 59, 42, 562828), 'task_try_time_launched': datetime.datetime(2021, 7, 27, 15, 59, 42, 564016), 'task_time_returned': datetime.datetime(2021, 7, 27, 15, 59, 42, 760522), 'task_try_time_returned': datetime.datetime(2021, 7, 27, 15, 59, 42, 760279), 'task_executor': 'htex_Local', 'run_id': 'c036070f-e223-42c3-b147-598a43caaf0f', 'try_id': 0, 'timestamp': datetime.datetime(2021, 7, 27, 15, 59, 42, 764680), 'task_status_name': 'exec_done', 'tasks_failed_count': 0, 'tasks_completed_count': 7, 'tasks_memo_completed_count': 0, 'from_memo': False, 'task_inputs': 'None', 'task_outputs': 'None', 'task_stdin': None, 'task_stdout': None, 'task_stderr': None, 'task_fail_history': '', 'task_depends': '', 'task_joins': None}
2021-07-27 15:59:42.972 parsl.dataflow.dflow:442 [INFO]  Task 7 completed (launched -> exec_done)
2021-07-27 15:59:42.973 parsl.dataflow.dflow:1166 [WARNING]  No tasks checkpointed so far in this run. Please ensure caching is enabled
2021-07-27 15:59:42.974 parsl.dataflow.memoization:229 [DEBUG]  Task 8 will not be memoized
2021-07-27 15:59:42.974 parsl.executors.high_throughput.executor:557 [DEBUG]  Pushing function <function MonitoringHub.monitor_wrapper.<locals>.wrapped at 0x7fd67375f670> to queue with args (10, 7, 10.0)
2021-07-27 15:59:42.977 parsl.monitoring.monitoring:274 [DEBUG]  Sending message MessageType.TASK_INFO, {'task_func_name': 'app_D', 'task_memoize': False, 'task_hashsum': None, 'task_fail_count': 0, 'task_status': <States.launched: 7>, 'task_id': 8, 'task_time_invoked': datetime.datetime(2021, 7, 27, 15, 59, 42, 568055), 'task_try_time_launched': datetime.datetime(2021, 7, 27, 15, 59, 42, 974302), 'task_time_returned': None, 'task_try_time_returned': None, 'task_executor': 'htex_Local', 'run_id': 'c036070f-e223-42c3-b147-598a43caaf0f', 'try_id': 0, 'timestamp': datetime.datetime(2021, 7, 27, 15, 59, 42, 976986), 'task_status_name': 'launched', 'tasks_failed_count': 0, 'tasks_completed_count': 8, 'tasks_memo_completed_count': 0, 'from_memo': False, 'task_inputs': 'None', 'task_outputs': 'None', 'task_stdin': None, 'task_stdout': None, 'task_stderr': None, 'task_fail_history': '', 'task_depends': '7', 'task_joins': None}
2021-07-27 15:59:42.977 parsl.dataflow.dflow:591 [INFO]  Task 8 launched on executor htex_Local
2021-07-27 15:59:42.978 parsl.monitoring.monitoring:274 [DEBUG]  Sending message MessageType.TASK_INFO, {'task_func_name': 'app_C', 'task_memoize': False, 'task_hashsum': None, 'task_fail_count': 0, 'task_status': <States.exec_done: 3>, 'task_id': 7, 'task_time_invoked': datetime.datetime(2021, 7, 27, 15, 59, 42, 567122), 'task_try_time_launched': datetime.datetime(2021, 7, 27, 15, 59, 42, 761326), 'task_time_returned': datetime.datetime(2021, 7, 27, 15, 59, 42, 973160), 'task_try_time_returned': datetime.datetime(2021, 7, 27, 15, 59, 42, 972461), 'task_executor': 'htex_Local', 'run_id': 'c036070f-e223-42c3-b147-598a43caaf0f', 'try_id': 0, 'timestamp': datetime.datetime(2021, 7, 27, 15, 59, 42, 978186), 'task_status_name': 'exec_done', 'tasks_failed_count': 0, 'tasks_completed_count': 8, 'tasks_memo_completed_count': 0, 'from_memo': False, 'task_inputs': 'None', 'task_outputs': 'None', 'task_stdin': None, 'task_stdout': None, 'task_stderr': None, 'task_fail_history': '', 'task_depends': '5,6', 'task_joins': None}
2021-07-27 15:59:43.174 parsl.dataflow.dflow:442 [INFO]  Task 8 completed (launched -> exec_done)
2021-07-27 15:59:43.174 parsl.dataflow.dflow:1166 [WARNING]  No tasks checkpointed so far in this run. Please ensure caching is enabled
2021-07-27 15:59:43.175 parsl.dataflow.memoization:229 [DEBUG]  Task 9 will not be memoized
2021-07-27 15:59:43.175 parsl.executors.high_throughput.executor:557 [DEBUG]  Pushing function <function MonitoringHub.monitor_wrapper.<locals>.wrapped at 0x7fd67375f8b0> to queue with args (7.0,)
2021-07-27 15:59:43.176 parsl.monitoring.monitoring:274 [DEBUG]  Sending message MessageType.TASK_INFO, {'task_func_name': 'app_E', 'task_memoize': False, 'task_hashsum': None, 'task_fail_count': 0, 'task_status': <States.launched: 7>, 'task_id': 9, 'task_time_invoked': datetime.datetime(2021, 7, 27, 15, 59, 42, 569237), 'task_try_time_launched': datetime.datetime(2021, 7, 27, 15, 59, 43, 175052), 'task_time_returned': None, 'task_try_time_returned': None, 'task_executor': 'htex_Local', 'run_id': 'c036070f-e223-42c3-b147-598a43caaf0f', 'try_id': 0, 'timestamp': datetime.datetime(2021, 7, 27, 15, 59, 43, 176469), 'task_status_name': 'launched', 'tasks_failed_count': 0, 'tasks_completed_count': 9, 'tasks_memo_completed_count': 0, 'from_memo': False, 'task_inputs': 'None', 'task_outputs': 'None', 'task_stdin': None, 'task_stdout': None, 'task_stderr': None, 'task_fail_history': '', 'task_depends': '8', 'task_joins': None}
2021-07-27 15:59:43.176 parsl.dataflow.dflow:591 [INFO]  Task 9 launched on executor htex_Local
2021-07-27 15:59:43.177 parsl.monitoring.monitoring:274 [DEBUG]  Sending message MessageType.TASK_INFO, {'task_func_name': 'app_D', 'task_memoize': False, 'task_hashsum': None, 'task_fail_count': 0, 'task_status': <States.exec_done: 3>, 'task_id': 8, 'task_time_invoked': datetime.datetime(2021, 7, 27, 15, 59, 42, 568055), 'task_try_time_launched': datetime.datetime(2021, 7, 27, 15, 59, 42, 974302), 'task_time_returned': datetime.datetime(2021, 7, 27, 15, 59, 43, 174549), 'task_try_time_returned': datetime.datetime(2021, 7, 27, 15, 59, 43, 174393), 'task_executor': 'htex_Local', 'run_id': 'c036070f-e223-42c3-b147-598a43caaf0f', 'try_id': 0, 'timestamp': datetime.datetime(2021, 7, 27, 15, 59, 43, 177121), 'task_status_name': 'exec_done', 'tasks_failed_count': 0, 'tasks_completed_count': 9, 'tasks_memo_completed_count': 0, 'from_memo': False, 'task_inputs': 'None', 'task_outputs': 'None', 'task_stdin': None, 'task_stdout': None, 'task_stderr': None, 'task_fail_history': '', 'task_depends': '7', 'task_joins': None}
2021-07-27 15:59:43.388 parsl.dataflow.dflow:442 [INFO]  Task 9 completed (launched -> exec_done)
2021-07-27 15:59:43.389 parsl.dataflow.dflow:802 [DEBUG]  Task 10 will be sent to executor htex_Local
2021-07-27 15:59:43.389 parsl.dataflow.dflow:628 [DEBUG]  Adding output dependencies
2021-07-27 15:59:43.389 parsl.dataflow.dflow:881 [INFO]  Task 10 submitted for App app_A, not waiting on any dependency
2021-07-27 15:59:43.390 parsl.dataflow.dflow:889 [DEBUG]  Task 10 set to pending state with AppFuture: <AppFuture super=<AppFuture at 0x7fd673764550 state=pending>>
2021-07-27 15:59:43.390 parsl.monitoring.monitoring:274 [DEBUG]  Sending message MessageType.TASK_INFO, {'task_func_name': 'app_A', 'task_memoize': False, 'task_hashsum': None, 'task_fail_count': 0, 'task_status': <States.pending: 0>, 'task_id': 10, 'task_time_invoked': datetime.datetime(2021, 7, 27, 15, 59, 43, 389525), 'task_try_time_launched': None, 'task_time_returned': None, 'task_try_time_returned': None, 'task_executor': 'htex_Local', 'run_id': 'c036070f-e223-42c3-b147-598a43caaf0f', 'try_id': 0, 'timestamp': datetime.datetime(2021, 7, 27, 15, 59, 43, 390241), 'task_status_name': 'pending', 'tasks_failed_count': 0, 'tasks_completed_count': 10, 'tasks_memo_completed_count': 0, 'from_memo': None, 'task_inputs': 'None', 'task_outputs': 'None', 'task_stdin': None, 'task_stdout': None, 'task_stderr': None, 'task_fail_history': '', 'task_depends': '', 'task_joins': None}
2021-07-27 15:59:43.391 parsl.dataflow.memoization:229 [DEBUG]  Task 10 will not be memoized
2021-07-27 15:59:43.391 parsl.dataflow.dflow:1166 [WARNING]  No tasks checkpointed so far in this run. Please ensure caching is enabled
2021-07-27 15:59:43.391 parsl.executors.high_throughput.executor:557 [DEBUG]  Pushing function <function MonitoringHub.monitor_wrapper.<locals>.wrapped at 0x7fd67375fca0> to queue with args ()
2021-07-27 15:59:43.392 parsl.monitoring.monitoring:274 [DEBUG]  Sending message MessageType.TASK_INFO, {'task_func_name': 'app_E', 'task_memoize': False, 'task_hashsum': None, 'task_fail_count': 0, 'task_status': <States.exec_done: 3>, 'task_id': 9, 'task_time_invoked': datetime.datetime(2021, 7, 27, 15, 59, 42, 569237), 'task_try_time_launched': datetime.datetime(2021, 7, 27, 15, 59, 43, 175052), 'task_time_returned': datetime.datetime(2021, 7, 27, 15, 59, 43, 388774), 'task_try_time_returned': datetime.datetime(2021, 7, 27, 15, 59, 43, 388295), 'task_executor': 'htex_Local', 'run_id': 'c036070f-e223-42c3-b147-598a43caaf0f', 'try_id': 0, 'timestamp': datetime.datetime(2021, 7, 27, 15, 59, 43, 392202), 'task_status_name': 'exec_done', 'tasks_failed_count': 0, 'tasks_completed_count': 10, 'tasks_memo_completed_count': 0, 'from_memo': False, 'task_inputs': 'None', 'task_outputs': 'None', 'task_stdin': None, 'task_stdout': None, 'task_stderr': None, 'task_fail_history': '', 'task_depends': '8', 'task_joins': None}
2021-07-27 15:59:43.394 parsl.monitoring.monitoring:274 [DEBUG]  Sending message MessageType.TASK_INFO, {'task_func_name': 'app_A', 'task_memoize': False, 'task_hashsum': None, 'task_fail_count': 0, 'task_status': <States.launched: 7>, 'task_id': 10, 'task_time_invoked': datetime.datetime(2021, 7, 27, 15, 59, 43, 389525), 'task_try_time_launched': datetime.datetime(2021, 7, 27, 15, 59, 43, 391215), 'task_time_returned': None, 'task_try_time_returned': None, 'task_executor': 'htex_Local', 'run_id': 'c036070f-e223-42c3-b147-598a43caaf0f', 'try_id': 0, 'timestamp': datetime.datetime(2021, 7, 27, 15, 59, 43, 394618), 'task_status_name': 'launched', 'tasks_failed_count': 0, 'tasks_completed_count': 10, 'tasks_memo_completed_count': 0, 'from_memo': False, 'task_inputs': 'None', 'task_outputs': 'None', 'task_stdin': None, 'task_stdout': None, 'task_stderr': None, 'task_fail_history': '', 'task_depends': '', 'task_joins': None}
2021-07-27 15:59:43.395 parsl.dataflow.dflow:591 [INFO]  Task 10 launched on executor htex_Local
2021-07-27 15:59:43.395 parsl.dataflow.dflow:802 [DEBUG]  Task 11 will be sent to executor htex_Local
2021-07-27 15:59:43.395 parsl.dataflow.dflow:628 [DEBUG]  Adding output dependencies
2021-07-27 15:59:43.395 parsl.dataflow.dflow:881 [INFO]  Task 11 submitted for App app_B, not waiting on any dependency
2021-07-27 15:59:43.395 parsl.dataflow.dflow:889 [DEBUG]  Task 11 set to pending state with AppFuture: <AppFuture super=<AppFuture at 0x7fd673764ca0 state=pending>>
2021-07-27 15:59:43.396 parsl.monitoring.monitoring:274 [DEBUG]  Sending message MessageType.TASK_INFO, {'task_func_name': 'app_B', 'task_memoize': False, 'task_hashsum': None, 'task_fail_count': 0, 'task_status': <States.pending: 0>, 'task_id': 11, 'task_time_invoked': datetime.datetime(2021, 7, 27, 15, 59, 43, 395711), 'task_try_time_launched': None, 'task_time_returned': None, 'task_try_time_returned': None, 'task_executor': 'htex_Local', 'run_id': 'c036070f-e223-42c3-b147-598a43caaf0f', 'try_id': 0, 'timestamp': datetime.datetime(2021, 7, 27, 15, 59, 43, 396085), 'task_status_name': 'pending', 'tasks_failed_count': 0, 'tasks_completed_count': 10, 'tasks_memo_completed_count': 0, 'from_memo': None, 'task_inputs': 'None', 'task_outputs': 'None', 'task_stdin': None, 'task_stdout': None, 'task_stderr': None, 'task_fail_history': '', 'task_depends': '', 'task_joins': None}
2021-07-27 15:59:43.396 parsl.dataflow.memoization:229 [DEBUG]  Task 11 will not be memoized
2021-07-27 15:59:43.397 parsl.executors.high_throughput.executor:557 [DEBUG]  Pushing function <function MonitoringHub.monitor_wrapper.<locals>.wrapped at 0x7fd67375fd30> to queue with args ()
2021-07-27 15:59:43.398 parsl.monitoring.monitoring:274 [DEBUG]  Sending message MessageType.TASK_INFO, {'task_func_name': 'app_B', 'task_memoize': False, 'task_hashsum': None, 'task_fail_count': 0, 'task_status': <States.launched: 7>, 'task_id': 11, 'task_time_invoked': datetime.datetime(2021, 7, 27, 15, 59, 43, 395711), 'task_try_time_launched': datetime.datetime(2021, 7, 27, 15, 59, 43, 396565), 'task_time_returned': None, 'task_try_time_returned': None, 'task_executor': 'htex_Local', 'run_id': 'c036070f-e223-42c3-b147-598a43caaf0f', 'try_id': 0, 'timestamp': datetime.datetime(2021, 7, 27, 15, 59, 43, 398576), 'task_status_name': 'launched', 'tasks_failed_count': 0, 'tasks_completed_count': 10, 'tasks_memo_completed_count': 0, 'from_memo': False, 'task_inputs': 'None', 'task_outputs': 'None', 'task_stdin': None, 'task_stdout': None, 'task_stderr': None, 'task_fail_history': '', 'task_depends': '', 'task_joins': None}
2021-07-27 15:59:43.399 parsl.dataflow.dflow:591 [INFO]  Task 11 launched on executor htex_Local
2021-07-27 15:59:43.399 parsl.dataflow.dflow:802 [DEBUG]  Task 12 will be sent to executor htex_Local
2021-07-27 15:59:43.399 parsl.dataflow.dflow:628 [DEBUG]  Adding output dependencies
2021-07-27 15:59:43.399 parsl.dataflow.dflow:881 [INFO]  Task 12 submitted for App app_C, waiting on task 10, task 11
2021-07-27 15:59:43.399 parsl.dataflow.dflow:889 [DEBUG]  Task 12 set to pending state with AppFuture: <AppFuture super=<AppFuture at 0x7fd673766ca0 state=pending>>
2021-07-27 15:59:43.399 parsl.monitoring.monitoring:274 [DEBUG]  Sending message MessageType.TASK_INFO, {'task_func_name': 'app_C', 'task_memoize': False, 'task_hashsum': None, 'task_fail_count': 0, 'task_status': <States.pending: 0>, 'task_id': 12, 'task_time_invoked': datetime.datetime(2021, 7, 27, 15, 59, 43, 399493), 'task_try_time_launched': None, 'task_time_returned': None, 'task_try_time_returned': None, 'task_executor': 'htex_Local', 'run_id': 'c036070f-e223-42c3-b147-598a43caaf0f', 'try_id': 0, 'timestamp': datetime.datetime(2021, 7, 27, 15, 59, 43, 399804), 'task_status_name': 'pending', 'tasks_failed_count': 0, 'tasks_completed_count': 10, 'tasks_memo_completed_count': 0, 'from_memo': None, 'task_inputs': 'None', 'task_outputs': 'None', 'task_stdin': None, 'task_stdout': None, 'task_stderr': None, 'task_fail_history': '', 'task_depends': '10,11', 'task_joins': None}
2021-07-27 15:59:43.400 parsl.dataflow.dflow:802 [DEBUG]  Task 13 will be sent to executor htex_Local
2021-07-27 15:59:43.400 parsl.dataflow.dflow:628 [DEBUG]  Adding output dependencies
2021-07-27 15:59:43.400 parsl.dataflow.dflow:881 [INFO]  Task 13 submitted for App app_D, waiting on task 12
2021-07-27 15:59:43.400 parsl.dataflow.dflow:889 [DEBUG]  Task 13 set to pending state with AppFuture: <AppFuture super=<AppFuture at 0x7fd673766e80 state=pending>>
2021-07-27 15:59:43.400 parsl.monitoring.monitoring:274 [DEBUG]  Sending message MessageType.TASK_INFO, {'task_func_name': 'app_D', 'task_memoize': False, 'task_hashsum': None, 'task_fail_count': 0, 'task_status': <States.pending: 0>, 'task_id': 13, 'task_time_invoked': datetime.datetime(2021, 7, 27, 15, 59, 43, 400316), 'task_try_time_launched': None, 'task_time_returned': None, 'task_try_time_returned': None, 'task_executor': 'htex_Local', 'run_id': 'c036070f-e223-42c3-b147-598a43caaf0f', 'try_id': 0, 'timestamp': datetime.datetime(2021, 7, 27, 15, 59, 43, 400585), 'task_status_name': 'pending', 'tasks_failed_count': 0, 'tasks_completed_count': 10, 'tasks_memo_completed_count': 0, 'from_memo': None, 'task_inputs': 'None', 'task_outputs': 'None', 'task_stdin': None, 'task_stdout': None, 'task_stderr': None, 'task_fail_history': '', 'task_depends': '12', 'task_joins': None}
2021-07-27 15:59:43.401 parsl.dataflow.dflow:802 [DEBUG]  Task 14 will be sent to executor htex_Local
2021-07-27 15:59:43.401 parsl.dataflow.dflow:628 [DEBUG]  Adding output dependencies
2021-07-27 15:59:43.401 parsl.dataflow.dflow:881 [INFO]  Task 14 submitted for App app_E, waiting on task 13
2021-07-27 15:59:43.401 parsl.dataflow.dflow:889 [DEBUG]  Task 14 set to pending state with AppFuture: <AppFuture super=<AppFuture at 0x7fd67376c040 state=pending>>
2021-07-27 15:59:43.401 parsl.monitoring.monitoring:274 [DEBUG]  Sending message MessageType.TASK_INFO, {'task_func_name': 'app_E', 'task_memoize': False, 'task_hashsum': None, 'task_fail_count': 0, 'task_status': <States.pending: 0>, 'task_id': 14, 'task_time_invoked': datetime.datetime(2021, 7, 27, 15, 59, 43, 401124), 'task_try_time_launched': None, 'task_time_returned': None, 'task_try_time_returned': None, 'task_executor': 'htex_Local', 'run_id': 'c036070f-e223-42c3-b147-598a43caaf0f', 'try_id': 0, 'timestamp': datetime.datetime(2021, 7, 27, 15, 59, 43, 401357), 'task_status_name': 'pending', 'tasks_failed_count': 0, 'tasks_completed_count': 10, 'tasks_memo_completed_count': 0, 'from_memo': None, 'task_inputs': 'None', 'task_outputs': 'None', 'task_stdin': None, 'task_stdout': None, 'task_stderr': None, 'task_fail_history': '', 'task_depends': '13', 'task_joins': None}
2021-07-27 15:59:43.585 parsl.dataflow.dflow:442 [INFO]  Task 10 completed (launched -> exec_done)
2021-07-27 15:59:43.586 parsl.dataflow.dflow:1166 [WARNING]  No tasks checkpointed so far in this run. Please ensure caching is enabled
2021-07-27 15:59:43.587 parsl.monitoring.monitoring:274 [DEBUG]  Sending message MessageType.TASK_INFO, {'task_func_name': 'app_A', 'task_memoize': False, 'task_hashsum': None, 'task_fail_count': 0, 'task_status': <States.exec_done: 3>, 'task_id': 10, 'task_time_invoked': datetime.datetime(2021, 7, 27, 15, 59, 43, 389525), 'task_try_time_launched': datetime.datetime(2021, 7, 27, 15, 59, 43, 391215), 'task_time_returned': datetime.datetime(2021, 7, 27, 15, 59, 43, 585718), 'task_try_time_returned': datetime.datetime(2021, 7, 27, 15, 59, 43, 585404), 'task_executor': 'htex_Local', 'run_id': 'c036070f-e223-42c3-b147-598a43caaf0f', 'try_id': 0, 'timestamp': datetime.datetime(2021, 7, 27, 15, 59, 43, 586707), 'task_status_name': 'exec_done', 'tasks_failed_count': 0, 'tasks_completed_count': 11, 'tasks_memo_completed_count': 0, 'from_memo': False, 'task_inputs': 'None', 'task_outputs': 'None', 'task_stdin': None, 'task_stdout': None, 'task_stderr': None, 'task_fail_history': '', 'task_depends': '', 'task_joins': None}
2021-07-27 15:59:43.587 parsl.dataflow.dflow:442 [INFO]  Task 11 completed (launched -> exec_done)
2021-07-27 15:59:43.588 parsl.dataflow.dflow:1166 [WARNING]  No tasks checkpointed so far in this run. Please ensure caching is enabled
2021-07-27 15:59:43.588 parsl.dataflow.memoization:229 [DEBUG]  Task 12 will not be memoized
2021-07-27 15:59:43.589 parsl.executors.high_throughput.executor:557 [DEBUG]  Pushing function <function MonitoringHub.monitor_wrapper.<locals>.wrapped at 0x7fd67376b1f0> to queue with args (7, 3.0)
2021-07-27 15:59:43.591 parsl.monitoring.monitoring:274 [DEBUG]  Sending message MessageType.TASK_INFO, {'task_func_name': 'app_C', 'task_memoize': False, 'task_hashsum': None, 'task_fail_count': 0, 'task_status': <States.launched: 7>, 'task_id': 12, 'task_time_invoked': datetime.datetime(2021, 7, 27, 15, 59, 43, 399493), 'task_try_time_launched': datetime.datetime(2021, 7, 27, 15, 59, 43, 588841), 'task_time_returned': None, 'task_try_time_returned': None, 'task_executor': 'htex_Local', 'run_id': 'c036070f-e223-42c3-b147-598a43caaf0f', 'try_id': 0, 'timestamp': datetime.datetime(2021, 7, 27, 15, 59, 43, 591234), 'task_status_name': 'launched', 'tasks_failed_count': 0, 'tasks_completed_count': 12, 'tasks_memo_completed_count': 0, 'from_memo': False, 'task_inputs': 'None', 'task_outputs': 'None', 'task_stdin': None, 'task_stdout': None, 'task_stderr': None, 'task_fail_history': '', 'task_depends': '10,11', 'task_joins': None}
2021-07-27 15:59:43.591 parsl.dataflow.dflow:591 [INFO]  Task 12 launched on executor htex_Local
2021-07-27 15:59:43.592 parsl.monitoring.monitoring:274 [DEBUG]  Sending message MessageType.TASK_INFO, {'task_func_name': 'app_B', 'task_memoize': False, 'task_hashsum': None, 'task_fail_count': 0, 'task_status': <States.exec_done: 3>, 'task_id': 11, 'task_time_invoked': datetime.datetime(2021, 7, 27, 15, 59, 43, 395711), 'task_try_time_launched': datetime.datetime(2021, 7, 27, 15, 59, 43, 396565), 'task_time_returned': datetime.datetime(2021, 7, 27, 15, 59, 43, 587742), 'task_try_time_returned': datetime.datetime(2021, 7, 27, 15, 59, 43, 587479), 'task_executor': 'htex_Local', 'run_id': 'c036070f-e223-42c3-b147-598a43caaf0f', 'try_id': 0, 'timestamp': datetime.datetime(2021, 7, 27, 15, 59, 43, 592177), 'task_status_name': 'exec_done', 'tasks_failed_count': 0, 'tasks_completed_count': 12, 'tasks_memo_completed_count': 0, 'from_memo': False, 'task_inputs': 'None', 'task_outputs': 'None', 'task_stdin': None, 'task_stdout': None, 'task_stderr': None, 'task_fail_history': '', 'task_depends': '', 'task_joins': None}
2021-07-27 15:59:43.793 parsl.dataflow.dflow:442 [INFO]  Task 12 completed (launched -> exec_done)
2021-07-27 15:59:43.794 parsl.dataflow.dflow:1166 [WARNING]  No tasks checkpointed so far in this run. Please ensure caching is enabled
2021-07-27 15:59:43.795 parsl.dataflow.memoization:229 [DEBUG]  Task 13 will not be memoized
2021-07-27 15:59:43.795 parsl.executors.high_throughput.executor:557 [DEBUG]  Pushing function <function MonitoringHub.monitor_wrapper.<locals>.wrapped at 0x7fd67376b430> to queue with args (10, 7, 10.0)
2021-07-27 15:59:43.798 parsl.monitoring.monitoring:274 [DEBUG]  Sending message MessageType.TASK_INFO, {'task_func_name': 'app_D', 'task_memoize': False, 'task_hashsum': None, 'task_fail_count': 0, 'task_status': <States.launched: 7>, 'task_id': 13, 'task_time_invoked': datetime.datetime(2021, 7, 27, 15, 59, 43, 400316), 'task_try_time_launched': datetime.datetime(2021, 7, 27, 15, 59, 43, 795057), 'task_time_returned': None, 'task_try_time_returned': None, 'task_executor': 'htex_Local', 'run_id': 'c036070f-e223-42c3-b147-598a43caaf0f', 'try_id': 0, 'timestamp': datetime.datetime(2021, 7, 27, 15, 59, 43, 797838), 'task_status_name': 'launched', 'tasks_failed_count': 0, 'tasks_completed_count': 13, 'tasks_memo_completed_count': 0, 'from_memo': False, 'task_inputs': 'None', 'task_outputs': 'None', 'task_stdin': None, 'task_stdout': None, 'task_stderr': None, 'task_fail_history': '', 'task_depends': '12', 'task_joins': None}
2021-07-27 15:59:43.798 parsl.dataflow.dflow:591 [INFO]  Task 13 launched on executor htex_Local
2021-07-27 15:59:43.799 parsl.monitoring.monitoring:274 [DEBUG]  Sending message MessageType.TASK_INFO, {'task_func_name': 'app_C', 'task_memoize': False, 'task_hashsum': None, 'task_fail_count': 0, 'task_status': <States.exec_done: 3>, 'task_id': 12, 'task_time_invoked': datetime.datetime(2021, 7, 27, 15, 59, 43, 399493), 'task_try_time_launched': datetime.datetime(2021, 7, 27, 15, 59, 43, 588841), 'task_time_returned': datetime.datetime(2021, 7, 27, 15, 59, 43, 794075), 'task_try_time_returned': datetime.datetime(2021, 7, 27, 15, 59, 43, 793788), 'task_executor': 'htex_Local', 'run_id': 'c036070f-e223-42c3-b147-598a43caaf0f', 'try_id': 0, 'timestamp': datetime.datetime(2021, 7, 27, 15, 59, 43, 798996), 'task_status_name': 'exec_done', 'tasks_failed_count': 0, 'tasks_completed_count': 13, 'tasks_memo_completed_count': 0, 'from_memo': False, 'task_inputs': 'None', 'task_outputs': 'None', 'task_stdin': None, 'task_stdout': None, 'task_stderr': None, 'task_fail_history': '', 'task_depends': '10,11', 'task_joins': None}
2021-07-27 15:59:44.002 parsl.dataflow.dflow:442 [INFO]  Task 13 completed (launched -> exec_done)
2021-07-27 15:59:44.003 parsl.dataflow.dflow:1166 [WARNING]  No tasks checkpointed so far in this run. Please ensure caching is enabled
2021-07-27 15:59:44.003 parsl.dataflow.memoization:229 [DEBUG]  Task 14 will not be memoized
2021-07-27 15:59:44.004 parsl.executors.high_throughput.executor:557 [DEBUG]  Pushing function <function MonitoringHub.monitor_wrapper.<locals>.wrapped at 0x7fd67376b670> to queue with args (7.0,)
2021-07-27 15:59:44.006 parsl.monitoring.monitoring:274 [DEBUG]  Sending message MessageType.TASK_INFO, {'task_func_name': 'app_E', 'task_memoize': False, 'task_hashsum': None, 'task_fail_count': 0, 'task_status': <States.launched: 7>, 'task_id': 14, 'task_time_invoked': datetime.datetime(2021, 7, 27, 15, 59, 43, 401124), 'task_try_time_launched': datetime.datetime(2021, 7, 27, 15, 59, 44, 3741), 'task_time_returned': None, 'task_try_time_returned': None, 'task_executor': 'htex_Local', 'run_id': 'c036070f-e223-42c3-b147-598a43caaf0f', 'try_id': 0, 'timestamp': datetime.datetime(2021, 7, 27, 15, 59, 44, 5891), 'task_status_name': 'launched', 'tasks_failed_count': 0, 'tasks_completed_count': 14, 'tasks_memo_completed_count': 0, 'from_memo': False, 'task_inputs': 'None', 'task_outputs': 'None', 'task_stdin': None, 'task_stdout': None, 'task_stderr': None, 'task_fail_history': '', 'task_depends': '13', 'task_joins': None}
2021-07-27 15:59:44.006 parsl.dataflow.dflow:591 [INFO]  Task 14 launched on executor htex_Local
2021-07-27 15:59:44.007 parsl.monitoring.monitoring:274 [DEBUG]  Sending message MessageType.TASK_INFO, {'task_func_name': 'app_D', 'task_memoize': False, 'task_hashsum': None, 'task_fail_count': 0, 'task_status': <States.exec_done: 3>, 'task_id': 13, 'task_time_invoked': datetime.datetime(2021, 7, 27, 15, 59, 43, 400316), 'task_try_time_launched': datetime.datetime(2021, 7, 27, 15, 59, 43, 795057), 'task_time_returned': datetime.datetime(2021, 7, 27, 15, 59, 44, 2930), 'task_try_time_returned': datetime.datetime(2021, 7, 27, 15, 59, 44, 2699), 'task_executor': 'htex_Local', 'run_id': 'c036070f-e223-42c3-b147-598a43caaf0f', 'try_id': 0, 'timestamp': datetime.datetime(2021, 7, 27, 15, 59, 44, 6806), 'task_status_name': 'exec_done', 'tasks_failed_count': 0, 'tasks_completed_count': 14, 'tasks_memo_completed_count': 0, 'from_memo': False, 'task_inputs': 'None', 'task_outputs': 'None', 'task_stdin': None, 'task_stdout': None, 'task_stderr': None, 'task_fail_history': '', 'task_depends': '12', 'task_joins': None}
2021-07-27 15:59:44.204 parsl.dataflow.dflow:442 [INFO]  Task 14 completed (launched -> exec_done)
2021-07-27 15:59:44.204 parsl.dataflow.dflow:802 [DEBUG]  Task 15 will be sent to executor htex_Local
2021-07-27 15:59:44.205 parsl.dataflow.dflow:628 [DEBUG]  Adding output dependencies
2021-07-27 15:59:44.205 parsl.dataflow.dflow:881 [INFO]  Task 15 submitted for App app_A, not waiting on any dependency
2021-07-27 15:59:44.205 parsl.dataflow.dflow:889 [DEBUG]  Task 15 set to pending state with AppFuture: <AppFuture super=<AppFuture at 0x7fd67376c160 state=pending>>
2021-07-27 15:59:44.205 parsl.monitoring.monitoring:274 [DEBUG]  Sending message MessageType.TASK_INFO, {'task_func_name': 'app_A', 'task_memoize': False, 'task_hashsum': None, 'task_fail_count': 0, 'task_status': <States.pending: 0>, 'task_id': 15, 'task_time_invoked': datetime.datetime(2021, 7, 27, 15, 59, 44, 204941), 'task_try_time_launched': None, 'task_time_returned': None, 'task_try_time_returned': None, 'task_executor': 'htex_Local', 'run_id': 'c036070f-e223-42c3-b147-598a43caaf0f', 'try_id': 0, 'timestamp': datetime.datetime(2021, 7, 27, 15, 59, 44, 205506), 'task_status_name': 'pending', 'tasks_failed_count': 0, 'tasks_completed_count': 15, 'tasks_memo_completed_count': 0, 'from_memo': None, 'task_inputs': 'None', 'task_outputs': 'None', 'task_stdin': None, 'task_stdout': None, 'task_stderr': None, 'task_fail_history': '', 'task_depends': '', 'task_joins': None}
2021-07-27 15:59:44.206 parsl.dataflow.memoization:229 [DEBUG]  Task 15 will not be memoized
2021-07-27 15:59:44.206 parsl.dataflow.dflow:1166 [WARNING]  No tasks checkpointed so far in this run. Please ensure caching is enabled
2021-07-27 15:59:44.206 parsl.executors.high_throughput.executor:557 [DEBUG]  Pushing function <function MonitoringHub.monitor_wrapper.<locals>.wrapped at 0x7fd67376ba60> to queue with args ()
2021-07-27 15:59:44.206 parsl.monitoring.monitoring:274 [DEBUG]  Sending message MessageType.TASK_INFO, {'task_func_name': 'app_E', 'task_memoize': False, 'task_hashsum': None, 'task_fail_count': 0, 'task_status': <States.exec_done: 3>, 'task_id': 14, 'task_time_invoked': datetime.datetime(2021, 7, 27, 15, 59, 43, 401124), 'task_try_time_launched': datetime.datetime(2021, 7, 27, 15, 59, 44, 3741), 'task_time_returned': datetime.datetime(2021, 7, 27, 15, 59, 44, 204517), 'task_try_time_returned': datetime.datetime(2021, 7, 27, 15, 59, 44, 204326), 'task_executor': 'htex_Local', 'run_id': 'c036070f-e223-42c3-b147-598a43caaf0f', 'try_id': 0, 'timestamp': datetime.datetime(2021, 7, 27, 15, 59, 44, 206727), 'task_status_name': 'exec_done', 'tasks_failed_count': 0, 'tasks_completed_count': 15, 'tasks_memo_completed_count': 0, 'from_memo': False, 'task_inputs': 'None', 'task_outputs': 'None', 'task_stdin': None, 'task_stdout': None, 'task_stderr': None, 'task_fail_history': '', 'task_depends': '13', 'task_joins': None}
2021-07-27 15:59:44.208 parsl.monitoring.monitoring:274 [DEBUG]  Sending message MessageType.TASK_INFO, {'task_func_name': 'app_A', 'task_memoize': False, 'task_hashsum': None, 'task_fail_count': 0, 'task_status': <States.launched: 7>, 'task_id': 15, 'task_time_invoked': datetime.datetime(2021, 7, 27, 15, 59, 44, 204941), 'task_try_time_launched': datetime.datetime(2021, 7, 27, 15, 59, 44, 206095), 'task_time_returned': None, 'task_try_time_returned': None, 'task_executor': 'htex_Local', 'run_id': 'c036070f-e223-42c3-b147-598a43caaf0f', 'try_id': 0, 'timestamp': datetime.datetime(2021, 7, 27, 15, 59, 44, 208326), 'task_status_name': 'launched', 'tasks_failed_count': 0, 'tasks_completed_count': 15, 'tasks_memo_completed_count': 0, 'from_memo': False, 'task_inputs': 'None', 'task_outputs': 'None', 'task_stdin': None, 'task_stdout': None, 'task_stderr': None, 'task_fail_history': '', 'task_depends': '', 'task_joins': None}
2021-07-27 15:59:44.208 parsl.dataflow.dflow:591 [INFO]  Task 15 launched on executor htex_Local
2021-07-27 15:59:44.208 parsl.dataflow.dflow:802 [DEBUG]  Task 16 will be sent to executor htex_Local
2021-07-27 15:59:44.209 parsl.dataflow.dflow:628 [DEBUG]  Adding output dependencies
2021-07-27 15:59:44.209 parsl.dataflow.dflow:881 [INFO]  Task 16 submitted for App app_B, not waiting on any dependency
2021-07-27 15:59:44.209 parsl.dataflow.dflow:889 [DEBUG]  Task 16 set to pending state with AppFuture: <AppFuture super=<AppFuture at 0x7fd67376c130 state=pending>>
2021-07-27 15:59:44.209 parsl.monitoring.monitoring:274 [DEBUG]  Sending message MessageType.TASK_INFO, {'task_func_name': 'app_B', 'task_memoize': False, 'task_hashsum': None, 'task_fail_count': 0, 'task_status': <States.pending: 0>, 'task_id': 16, 'task_time_invoked': datetime.datetime(2021, 7, 27, 15, 59, 44, 209077), 'task_try_time_launched': None, 'task_time_returned': None, 'task_try_time_returned': None, 'task_executor': 'htex_Local', 'run_id': 'c036070f-e223-42c3-b147-598a43caaf0f', 'try_id': 0, 'timestamp': datetime.datetime(2021, 7, 27, 15, 59, 44, 209317), 'task_status_name': 'pending', 'tasks_failed_count': 0, 'tasks_completed_count': 15, 'tasks_memo_completed_count': 0, 'from_memo': None, 'task_inputs': 'None', 'task_outputs': 'None', 'task_stdin': None, 'task_stdout': None, 'task_stderr': None, 'task_fail_history': '', 'task_depends': '', 'task_joins': None}
2021-07-27 15:59:44.209 parsl.dataflow.memoization:229 [DEBUG]  Task 16 will not be memoized
2021-07-27 15:59:44.209 parsl.executors.high_throughput.executor:557 [DEBUG]  Pushing function <function MonitoringHub.monitor_wrapper.<locals>.wrapped at 0x7fd67376baf0> to queue with args ()
2021-07-27 15:59:44.211 parsl.monitoring.monitoring:274 [DEBUG]  Sending message MessageType.TASK_INFO, {'task_func_name': 'app_B', 'task_memoize': False, 'task_hashsum': None, 'task_fail_count': 0, 'task_status': <States.launched: 7>, 'task_id': 16, 'task_time_invoked': datetime.datetime(2021, 7, 27, 15, 59, 44, 209077), 'task_try_time_launched': datetime.datetime(2021, 7, 27, 15, 59, 44, 209657), 'task_time_returned': None, 'task_try_time_returned': None, 'task_executor': 'htex_Local', 'run_id': 'c036070f-e223-42c3-b147-598a43caaf0f', 'try_id': 0, 'timestamp': datetime.datetime(2021, 7, 27, 15, 59, 44, 211043), 'task_status_name': 'launched', 'tasks_failed_count': 0, 'tasks_completed_count': 15, 'tasks_memo_completed_count': 0, 'from_memo': False, 'task_inputs': 'None', 'task_outputs': 'None', 'task_stdin': None, 'task_stdout': None, 'task_stderr': None, 'task_fail_history': '', 'task_depends': '', 'task_joins': None}
2021-07-27 15:59:44.211 parsl.dataflow.dflow:591 [INFO]  Task 16 launched on executor htex_Local
2021-07-27 15:59:44.211 parsl.dataflow.dflow:802 [DEBUG]  Task 17 will be sent to executor htex_Local
2021-07-27 15:59:44.211 parsl.dataflow.dflow:628 [DEBUG]  Adding output dependencies
2021-07-27 15:59:44.211 parsl.dataflow.dflow:881 [INFO]  Task 17 submitted for App app_C, waiting on task 15, task 16
2021-07-27 15:59:44.211 parsl.dataflow.dflow:889 [DEBUG]  Task 17 set to pending state with AppFuture: <AppFuture super=<AppFuture at 0x7fd6737771f0 state=pending>>
2021-07-27 15:59:44.212 parsl.monitoring.monitoring:274 [DEBUG]  Sending message MessageType.TASK_INFO, {'task_func_name': 'app_C', 'task_memoize': False, 'task_hashsum': None, 'task_fail_count': 0, 'task_status': <States.pending: 0>, 'task_id': 17, 'task_time_invoked': datetime.datetime(2021, 7, 27, 15, 59, 44, 211697), 'task_try_time_launched': None, 'task_time_returned': None, 'task_try_time_returned': None, 'task_executor': 'htex_Local', 'run_id': 'c036070f-e223-42c3-b147-598a43caaf0f', 'try_id': 0, 'timestamp': datetime.datetime(2021, 7, 27, 15, 59, 44, 211934), 'task_status_name': 'pending', 'tasks_failed_count': 0, 'tasks_completed_count': 15, 'tasks_memo_completed_count': 0, 'from_memo': None, 'task_inputs': 'None', 'task_outputs': 'None', 'task_stdin': None, 'task_stdout': None, 'task_stderr': None, 'task_fail_history': '', 'task_depends': '15,16', 'task_joins': None}
2021-07-27 15:59:44.212 parsl.dataflow.dflow:802 [DEBUG]  Task 18 will be sent to executor htex_Local
2021-07-27 15:59:44.212 parsl.dataflow.dflow:628 [DEBUG]  Adding output dependencies
2021-07-27 15:59:44.212 parsl.dataflow.dflow:881 [INFO]  Task 18 submitted for App app_D, waiting on task 17
2021-07-27 15:59:44.212 parsl.dataflow.dflow:889 [DEBUG]  Task 18 set to pending state with AppFuture: <AppFuture super=<AppFuture at 0x7fd6737773d0 state=pending>>
2021-07-27 15:59:44.212 parsl.monitoring.monitoring:274 [DEBUG]  Sending message MessageType.TASK_INFO, {'task_func_name': 'app_D', 'task_memoize': False, 'task_hashsum': None, 'task_fail_count': 0, 'task_status': <States.pending: 0>, 'task_id': 18, 'task_time_invoked': datetime.datetime(2021, 7, 27, 15, 59, 44, 212330), 'task_try_time_launched': None, 'task_time_returned': None, 'task_try_time_returned': None, 'task_executor': 'htex_Local', 'run_id': 'c036070f-e223-42c3-b147-598a43caaf0f', 'try_id': 0, 'timestamp': datetime.datetime(2021, 7, 27, 15, 59, 44, 212536), 'task_status_name': 'pending', 'tasks_failed_count': 0, 'tasks_completed_count': 15, 'tasks_memo_completed_count': 0, 'from_memo': None, 'task_inputs': 'None', 'task_outputs': 'None', 'task_stdin': None, 'task_stdout': None, 'task_stderr': None, 'task_fail_history': '', 'task_depends': '17', 'task_joins': None}
2021-07-27 15:59:44.212 parsl.dataflow.dflow:802 [DEBUG]  Task 19 will be sent to executor htex_Local
2021-07-27 15:59:44.212 parsl.dataflow.dflow:628 [DEBUG]  Adding output dependencies
2021-07-27 15:59:44.213 parsl.dataflow.dflow:881 [INFO]  Task 19 submitted for App app_E, waiting on task 18
2021-07-27 15:59:44.213 parsl.dataflow.dflow:889 [DEBUG]  Task 19 set to pending state with AppFuture: <AppFuture super=<AppFuture at 0x7fd673777550 state=pending>>
2021-07-27 15:59:44.213 parsl.monitoring.monitoring:274 [DEBUG]  Sending message MessageType.TASK_INFO, {'task_func_name': 'app_E', 'task_memoize': False, 'task_hashsum': None, 'task_fail_count': 0, 'task_status': <States.pending: 0>, 'task_id': 19, 'task_time_invoked': datetime.datetime(2021, 7, 27, 15, 59, 44, 212922), 'task_try_time_launched': None, 'task_time_returned': None, 'task_try_time_returned': None, 'task_executor': 'htex_Local', 'run_id': 'c036070f-e223-42c3-b147-598a43caaf0f', 'try_id': 0, 'timestamp': datetime.datetime(2021, 7, 27, 15, 59, 44, 213129), 'task_status_name': 'pending', 'tasks_failed_count': 0, 'tasks_completed_count': 15, 'tasks_memo_completed_count': 0, 'from_memo': None, 'task_inputs': 'None', 'task_outputs': 'None', 'task_stdin': None, 'task_stdout': None, 'task_stderr': None, 'task_fail_history': '', 'task_depends': '18', 'task_joins': None}
2021-07-27 15:59:44.415 parsl.dataflow.dflow:442 [INFO]  Task 16 completed (launched -> exec_done)
2021-07-27 15:59:44.416 parsl.dataflow.dflow:1166 [WARNING]  No tasks checkpointed so far in this run. Please ensure caching is enabled
2021-07-27 15:59:44.417 parsl.monitoring.monitoring:274 [DEBUG]  Sending message MessageType.TASK_INFO, {'task_func_name': 'app_B', 'task_memoize': False, 'task_hashsum': None, 'task_fail_count': 0, 'task_status': <States.exec_done: 3>, 'task_id': 16, 'task_time_invoked': datetime.datetime(2021, 7, 27, 15, 59, 44, 209077), 'task_try_time_launched': datetime.datetime(2021, 7, 27, 15, 59, 44, 209657), 'task_time_returned': datetime.datetime(2021, 7, 27, 15, 59, 44, 416193), 'task_try_time_returned': datetime.datetime(2021, 7, 27, 15, 59, 44, 415894), 'task_executor': 'htex_Local', 'run_id': 'c036070f-e223-42c3-b147-598a43caaf0f', 'try_id': 0, 'timestamp': datetime.datetime(2021, 7, 27, 15, 59, 44, 417151), 'task_status_name': 'exec_done', 'tasks_failed_count': 0, 'tasks_completed_count': 16, 'tasks_memo_completed_count': 0, 'from_memo': False, 'task_inputs': 'None', 'task_outputs': 'None', 'task_stdin': None, 'task_stdout': None, 'task_stderr': None, 'task_fail_history': '', 'task_depends': '', 'task_joins': None}
2021-07-27 15:59:44.417 parsl.dataflow.dflow:442 [INFO]  Task 15 completed (launched -> exec_done)
2021-07-27 15:59:44.418 parsl.dataflow.dflow:1166 [WARNING]  No tasks checkpointed so far in this run. Please ensure caching is enabled
2021-07-27 15:59:44.419 parsl.dataflow.memoization:229 [DEBUG]  Task 17 will not be memoized
2021-07-27 15:59:44.419 parsl.executors.high_throughput.executor:557 [DEBUG]  Pushing function <function MonitoringHub.monitor_wrapper.<locals>.wrapped at 0x7fd67376bf70> to queue with args (7, 3.0)
2021-07-27 15:59:44.422 parsl.monitoring.monitoring:274 [DEBUG]  Sending message MessageType.TASK_INFO, {'task_func_name': 'app_C', 'task_memoize': False, 'task_hashsum': None, 'task_fail_count': 0, 'task_status': <States.launched: 7>, 'task_id': 17, 'task_time_invoked': datetime.datetime(2021, 7, 27, 15, 59, 44, 211697), 'task_try_time_launched': datetime.datetime(2021, 7, 27, 15, 59, 44, 419042), 'task_time_returned': None, 'task_try_time_returned': None, 'task_executor': 'htex_Local', 'run_id': 'c036070f-e223-42c3-b147-598a43caaf0f', 'try_id': 0, 'timestamp': datetime.datetime(2021, 7, 27, 15, 59, 44, 421824), 'task_status_name': 'launched', 'tasks_failed_count': 0, 'tasks_completed_count': 17, 'tasks_memo_completed_count': 0, 'from_memo': False, 'task_inputs': 'None', 'task_outputs': 'None', 'task_stdin': None, 'task_stdout': None, 'task_stderr': None, 'task_fail_history': '', 'task_depends': '15,16', 'task_joins': None}
2021-07-27 15:59:44.422 parsl.dataflow.dflow:591 [INFO]  Task 17 launched on executor htex_Local
2021-07-27 15:59:44.423 parsl.monitoring.monitoring:274 [DEBUG]  Sending message MessageType.TASK_INFO, {'task_func_name': 'app_A', 'task_memoize': False, 'task_hashsum': None, 'task_fail_count': 0, 'task_status': <States.exec_done: 3>, 'task_id': 15, 'task_time_invoked': datetime.datetime(2021, 7, 27, 15, 59, 44, 204941), 'task_try_time_launched': datetime.datetime(2021, 7, 27, 15, 59, 44, 206095), 'task_time_returned': datetime.datetime(2021, 7, 27, 15, 59, 44, 418135), 'task_try_time_returned': datetime.datetime(2021, 7, 27, 15, 59, 44, 417882), 'task_executor': 'htex_Local', 'run_id': 'c036070f-e223-42c3-b147-598a43caaf0f', 'try_id': 0, 'timestamp': datetime.datetime(2021, 7, 27, 15, 59, 44, 423111), 'task_status_name': 'exec_done', 'tasks_failed_count': 0, 'tasks_completed_count': 17, 'tasks_memo_completed_count': 0, 'from_memo': False, 'task_inputs': 'None', 'task_outputs': 'None', 'task_stdin': None, 'task_stdout': None, 'task_stderr': None, 'task_fail_history': '', 'task_depends': '', 'task_joins': None}
2021-07-27 15:59:44.629 parsl.dataflow.dflow:442 [INFO]  Task 17 completed (launched -> exec_done)
2021-07-27 15:59:44.629 parsl.dataflow.dflow:1166 [WARNING]  No tasks checkpointed so far in this run. Please ensure caching is enabled
2021-07-27 15:59:44.629 parsl.dataflow.memoization:229 [DEBUG]  Task 18 will not be memoized
2021-07-27 15:59:44.630 parsl.executors.high_throughput.executor:557 [DEBUG]  Pushing function <function MonitoringHub.monitor_wrapper.<locals>.wrapped at 0x7fd67377b1f0> to queue with args (10, 7, 10.0)
2021-07-27 15:59:44.631 parsl.monitoring.monitoring:274 [DEBUG]  Sending message MessageType.TASK_INFO, {'task_func_name': 'app_D', 'task_memoize': False, 'task_hashsum': None, 'task_fail_count': 0, 'task_status': <States.launched: 7>, 'task_id': 18, 'task_time_invoked': datetime.datetime(2021, 7, 27, 15, 59, 44, 212330), 'task_try_time_launched': datetime.datetime(2021, 7, 27, 15, 59, 44, 629898), 'task_time_returned': None, 'task_try_time_returned': None, 'task_executor': 'htex_Local', 'run_id': 'c036070f-e223-42c3-b147-598a43caaf0f', 'try_id': 0, 'timestamp': datetime.datetime(2021, 7, 27, 15, 59, 44, 631523), 'task_status_name': 'launched', 'tasks_failed_count': 0, 'tasks_completed_count': 18, 'tasks_memo_completed_count': 0, 'from_memo': False, 'task_inputs': 'None', 'task_outputs': 'None', 'task_stdin': None, 'task_stdout': None, 'task_stderr': None, 'task_fail_history': '', 'task_depends': '17', 'task_joins': None}
2021-07-27 15:59:44.632 parsl.dataflow.dflow:591 [INFO]  Task 18 launched on executor htex_Local
2021-07-27 15:59:44.632 parsl.monitoring.monitoring:274 [DEBUG]  Sending message MessageType.TASK_INFO, {'task_func_name': 'app_C', 'task_memoize': False, 'task_hashsum': None, 'task_fail_count': 0, 'task_status': <States.exec_done: 3>, 'task_id': 17, 'task_time_invoked': datetime.datetime(2021, 7, 27, 15, 59, 44, 211697), 'task_try_time_launched': datetime.datetime(2021, 7, 27, 15, 59, 44, 419042), 'task_time_returned': datetime.datetime(2021, 7, 27, 15, 59, 44, 629285), 'task_try_time_returned': datetime.datetime(2021, 7, 27, 15, 59, 44, 629022), 'task_executor': 'htex_Local', 'run_id': 'c036070f-e223-42c3-b147-598a43caaf0f', 'try_id': 0, 'timestamp': datetime.datetime(2021, 7, 27, 15, 59, 44, 632346), 'task_status_name': 'exec_done', 'tasks_failed_count': 0, 'tasks_completed_count': 18, 'tasks_memo_completed_count': 0, 'from_memo': False, 'task_inputs': 'None', 'task_outputs': 'None', 'task_stdin': None, 'task_stdout': None, 'task_stderr': None, 'task_fail_history': '', 'task_depends': '15,16', 'task_joins': None}
2021-07-27 15:59:44.823 parsl.dataflow.dflow:442 [INFO]  Task 18 completed (launched -> exec_done)
2021-07-27 15:59:44.824 parsl.dataflow.dflow:1166 [WARNING]  No tasks checkpointed so far in this run. Please ensure caching is enabled
2021-07-27 15:59:44.825 parsl.dataflow.memoization:229 [DEBUG]  Task 19 will not be memoized
2021-07-27 15:59:44.825 parsl.executors.high_throughput.executor:557 [DEBUG]  Pushing function <function MonitoringHub.monitor_wrapper.<locals>.wrapped at 0x7fd67377b430> to queue with args (7.0,)
2021-07-27 15:59:44.828 parsl.monitoring.monitoring:274 [DEBUG]  Sending message MessageType.TASK_INFO, {'task_func_name': 'app_E', 'task_memoize': False, 'task_hashsum': None, 'task_fail_count': 0, 'task_status': <States.launched: 7>, 'task_id': 19, 'task_time_invoked': datetime.datetime(2021, 7, 27, 15, 59, 44, 212922), 'task_try_time_launched': datetime.datetime(2021, 7, 27, 15, 59, 44, 825019), 'task_time_returned': None, 'task_try_time_returned': None, 'task_executor': 'htex_Local', 'run_id': 'c036070f-e223-42c3-b147-598a43caaf0f', 'try_id': 0, 'timestamp': datetime.datetime(2021, 7, 27, 15, 59, 44, 827887), 'task_status_name': 'launched', 'tasks_failed_count': 0, 'tasks_completed_count': 19, 'tasks_memo_completed_count': 0, 'from_memo': False, 'task_inputs': 'None', 'task_outputs': 'None', 'task_stdin': None, 'task_stdout': None, 'task_stderr': None, 'task_fail_history': '', 'task_depends': '18', 'task_joins': None}
2021-07-27 15:59:44.828 parsl.dataflow.dflow:591 [INFO]  Task 19 launched on executor htex_Local
2021-07-27 15:59:44.829 parsl.monitoring.monitoring:274 [DEBUG]  Sending message MessageType.TASK_INFO, {'task_func_name': 'app_D', 'task_memoize': False, 'task_hashsum': None, 'task_fail_count': 0, 'task_status': <States.exec_done: 3>, 'task_id': 18, 'task_time_invoked': datetime.datetime(2021, 7, 27, 15, 59, 44, 212330), 'task_try_time_launched': datetime.datetime(2021, 7, 27, 15, 59, 44, 629898), 'task_time_returned': datetime.datetime(2021, 7, 27, 15, 59, 44, 823947), 'task_try_time_returned': datetime.datetime(2021, 7, 27, 15, 59, 44, 823667), 'task_executor': 'htex_Local', 'run_id': 'c036070f-e223-42c3-b147-598a43caaf0f', 'try_id': 0, 'timestamp': datetime.datetime(2021, 7, 27, 15, 59, 44, 829070), 'task_status_name': 'exec_done', 'tasks_failed_count': 0, 'tasks_completed_count': 19, 'tasks_memo_completed_count': 0, 'from_memo': False, 'task_inputs': 'None', 'task_outputs': 'None', 'task_stdin': None, 'task_stdout': None, 'task_stderr': None, 'task_fail_history': '', 'task_depends': '17', 'task_joins': None}
2021-07-27 15:59:44.923 parsl.dataflow.dflow:442 [INFO]  Task 19 completed (launched -> exec_done)
2021-07-27 15:59:44.924 parsl.dataflow.dflow:1037 [INFO]  DFK cleanup initiated
2021-07-27 15:59:44.924 parsl.dataflow.dflow:927 [INFO]  Summary of tasks in DFK:
2021-07-27 15:59:44.924 parsl.dataflow.dflow:941 [INFO]  Tasks in state States.exec_done: 20
2021-07-27 15:59:44.924 parsl.dataflow.dflow:947 [INFO]  End of summary
2021-07-27 15:59:44.924 parsl.dataflow.dflow:1166 [WARNING]  No tasks checkpointed so far in this run. Please ensure caching is enabled
2021-07-27 15:59:44.925 parsl.monitoring.monitoring:274 [DEBUG]  Sending message MessageType.TASK_INFO, {'task_func_name': 'app_E', 'task_memoize': False, 'task_hashsum': None, 'task_fail_count': 0, 'task_status': <States.exec_done: 3>, 'task_id': 19, 'task_time_invoked': datetime.datetime(2021, 7, 27, 15, 59, 44, 212922), 'task_try_time_launched': datetime.datetime(2021, 7, 27, 15, 59, 44, 825019), 'task_time_returned': datetime.datetime(2021, 7, 27, 15, 59, 44, 923696), 'task_try_time_returned': datetime.datetime(2021, 7, 27, 15, 59, 44, 923527), 'task_executor': 'htex_Local', 'run_id': 'c036070f-e223-42c3-b147-598a43caaf0f', 'try_id': 0, 'timestamp': datetime.datetime(2021, 7, 27, 15, 59, 44, 925152), 'task_status_name': 'exec_done', 'tasks_failed_count': 0, 'tasks_completed_count': 20, 'tasks_memo_completed_count': 0, 'from_memo': False, 'task_inputs': 'None', 'task_outputs': 'None', 'task_stdin': None, 'task_stdout': None, 'task_stderr': None, 'task_fail_history': '', 'task_depends': '18', 'task_joins': None}
2021-07-27 15:59:44.926 parsl.dataflow.dflow:1166 [WARNING]  No tasks checkpointed so far in this run. Please ensure caching is enabled
2021-07-27 15:59:44.926 parsl.dataflow.dflow:1061 [INFO]  Terminating flow_control and strategy threads
2021-07-27 15:59:44.928 parsl.executors.high_throughput.executor:688 [DEBUG]  Current blocks : {'0': '27328', '1': '27335'}
2021-07-27 15:59:44.929 parsl.executors.high_throughput.executor:521 [DEBUG]  [HOLD_BLOCK]: Sending hold to manager: 8bdad876ded8
2021-07-27 15:59:44.932 parsl.executors.high_throughput.executor:490 [DEBUG]  Sent hold request to worker: 8bdad876ded8
2021-07-27 15:59:44.934 parsl.executors.high_throughput.executor:521 [DEBUG]  [HOLD_BLOCK]: Sending hold to manager: 5819dfc2b5ef
2021-07-27 15:59:44.936 parsl.executors.high_throughput.executor:490 [DEBUG]  Sent hold request to worker: 5819dfc2b5ef
2021-07-27 15:59:44.937 parsl.providers.local.local:266 [DEBUG]  Terminating job/proc_id: 27335
2021-07-27 15:59:44.965 parsl.providers.local.local:266 [DEBUG]  Terminating job/proc_id: 27328
2021-07-27 15:59:44.999 parsl.dataflow.dflow:1074 [DEBUG]  Sending message [{'run_id': 'c036070f-e223-42c3-b147-598a43caaf0f', 'status': 'CANCELLED', 'timestamp': datetime.datetime(2021, 7, 27, 15, 59, 44, 998888), 'executor_label': 'htex_Local', 'job_id': '27335', 'block_id': '1'}, {'run_id': 'c036070f-e223-42c3-b147-598a43caaf0f', 'status': 'CANCELLED', 'timestamp': datetime.datetime(2021, 7, 27, 15, 59, 44, 999182), 'executor_label': 'htex_Local', 'job_id': '27328', 'block_id': '0'}] to hub from DFK
2021-07-27 15:59:45.000 parsl.monitoring.monitoring:274 [DEBUG]  Sending message MessageType.BLOCK_INFO, [{'run_id': 'c036070f-e223-42c3-b147-598a43caaf0f', 'status': 'CANCELLED', 'timestamp': datetime.datetime(2021, 7, 27, 15, 59, 44, 998888), 'executor_label': 'htex_Local', 'job_id': '27335', 'block_id': '1'}, {'run_id': 'c036070f-e223-42c3-b147-598a43caaf0f', 'status': 'CANCELLED', 'timestamp': datetime.datetime(2021, 7, 27, 15, 59, 44, 999182), 'executor_label': 'htex_Local', 'job_id': '27328', 'block_id': '0'}]
2021-07-27 15:59:45.001 parsl.executors.high_throughput.executor:727 [INFO]  Attempting HighThroughputExecutor shutdown
2021-07-27 15:59:45.002 parsl.executors.high_throughput.executor:729 [INFO]  Finished HighThroughputExecutor shutdown attempt
2021-07-27 15:59:45.002 parsl.executors.threads:101 [DEBUG]  Done with executor shutdown
2021-07-27 15:59:45.003 parsl.monitoring.monitoring:274 [DEBUG]  Sending message MessageType.WORKFLOW_INFO, {'tasks_failed_count': 0, 'tasks_completed_count': 20, 'time_began': datetime.datetime(2021, 7, 27, 15, 59, 39, 347743), 'time_completed': datetime.datetime(2021, 7, 27, 15, 59, 45, 2842), 'run_id': 'c036070f-e223-42c3-b147-598a43caaf0f', 'rundir': '/Users/ananthhariharan/Documents/Code/GitHub/Parsl-Project/runinfo/026'}
2021-07-27 15:59:45.003 parsl.monitoring.monitoring:283 [INFO]  Terminating Monitoring Hub
2021-07-27 15:59:45.004 parsl.monitoring.monitoring:300 [INFO]  Waiting for Hub to receive all messages and terminate
2021-07-27 15:59:48.035 parsl.process_loggers:28 [DEBUG]  Normal ending for router_starter on thread MainThread
2021-07-27 15:59:48.039 parsl.monitoring.monitoring:302 [DEBUG]  Finished waiting for Hub termination
2021-07-27 15:59:48.306 parsl.monitoring.monitoring:306 [DEBUG]  Finished waiting for DBM termination
2021-07-27 15:59:48.307 parsl.dataflow.dflow:1090 [INFO]  DFK cleanup complete
