2021-07-19 09:10:38.640 interchange:158 [DEBUG]  Initializing Interchange process
2021-07-19 09:10:38.641 interchange:164 [INFO]  Attempting connection to client at 127.0.0.1 on ports: 55831,55236,55228
2021-07-19 09:10:38.643 interchange:178 [INFO]  Connected to client
2021-07-19 09:10:38.645 interchange:208 [INFO]  Bound to ports 54550,54961 for incoming worker connections
2021-07-19 09:10:38.645 interchange:223 [INFO]  Platform info: {'parsl_v': '1.1.0', 'python_v': '3.8.8', 'os': 'Darwin', 'hostname': 'Ananths-Macbook.local', 'dir': '/Users/ananthhariharan/Documents/Code/GitHub/Parsl-Project'}
2021-07-19 09:10:38.646 interchange:371 [INFO]  Incoming ports bound
2021-07-19 09:10:38.647 interchange:282 [INFO]  Connecting to monitoring
2021-07-19 09:10:38.648 interchange:286 [INFO]  Monitoring enabled and connected to hub
2021-07-19 09:10:38.649 interchange:259 [INFO]  [TASK_PULL_THREAD] Starting
2021-07-19 09:10:38.650 interchange:302 [DEBUG]  [COMMAND] Command Server Starting
2021-07-19 09:10:38.650 interchange:282 [INFO]  Connecting to monitoring
2021-07-19 09:10:38.651 interchange:286 [INFO]  Monitoring enabled and connected to hub
2021-07-19 09:10:38.660 interchange:269 [DEBUG]  [TASK_PULL_THREAD] 0 tasks in internal queue
2021-07-19 09:10:38.665 interchange:278 [DEBUG]  [TASK_PULL_THREAD] Fetched task:1
2021-07-19 09:10:38.679 interchange:269 [DEBUG]  [TASK_PULL_THREAD] 1 tasks in internal queue
2021-07-19 09:10:38.692 interchange:269 [DEBUG]  [TASK_PULL_THREAD] 1 tasks in internal queue
2021-07-19 09:10:38.705 interchange:269 [DEBUG]  [TASK_PULL_THREAD] 1 tasks in internal queue
2021-07-19 09:10:38.718 interchange:269 [DEBUG]  [TASK_PULL_THREAD] 1 tasks in internal queue
2021-07-19 09:10:38.730 interchange:269 [DEBUG]  [TASK_PULL_THREAD] 1 tasks in internal queue
2021-07-19 09:10:38.744 interchange:269 [DEBUG]  [TASK_PULL_THREAD] 1 tasks in internal queue
2021-07-19 09:10:38.752 interchange:476 [DEBUG]  Managers count (interesting/total): 0/0
2021-07-19 09:10:38.753 interchange:512 [DEBUG]  [MAIN] either no interesting managers or no tasks, so skipping manager pass
2021-07-19 09:10:38.755 interchange:269 [DEBUG]  [TASK_PULL_THREAD] 1 tasks in internal queue
2021-07-19 09:10:38.769 interchange:269 [DEBUG]  [TASK_PULL_THREAD] 1 tasks in internal queue
2021-07-19 09:10:38.782 interchange:269 [DEBUG]  [TASK_PULL_THREAD] 1 tasks in internal queue
2021-07-19 09:10:38.796 interchange:269 [DEBUG]  [TASK_PULL_THREAD] 1 tasks in internal queue
2021-07-19 09:10:38.810 interchange:269 [DEBUG]  [TASK_PULL_THREAD] 1 tasks in internal queue
2021-07-19 09:10:38.822 interchange:269 [DEBUG]  [TASK_PULL_THREAD] 1 tasks in internal queue
2021-07-19 09:10:38.836 interchange:269 [DEBUG]  [TASK_PULL_THREAD] 1 tasks in internal queue
2021-07-19 09:10:38.848 interchange:269 [DEBUG]  [TASK_PULL_THREAD] 1 tasks in internal queue
2021-07-19 09:10:38.855 interchange:476 [DEBUG]  Managers count (interesting/total): 0/0
2021-07-19 09:10:38.856 interchange:512 [DEBUG]  [MAIN] either no interesting managers or no tasks, so skipping manager pass
2021-07-19 09:10:38.861 interchange:269 [DEBUG]  [TASK_PULL_THREAD] 1 tasks in internal queue
2021-07-19 09:10:38.873 interchange:269 [DEBUG]  [TASK_PULL_THREAD] 1 tasks in internal queue
2021-07-19 09:10:38.887 interchange:269 [DEBUG]  [TASK_PULL_THREAD] 1 tasks in internal queue
2021-07-19 09:10:38.901 interchange:269 [DEBUG]  [TASK_PULL_THREAD] 1 tasks in internal queue
2021-07-19 09:10:38.915 interchange:269 [DEBUG]  [TASK_PULL_THREAD] 1 tasks in internal queue
2021-07-19 09:10:38.928 interchange:269 [DEBUG]  [TASK_PULL_THREAD] 1 tasks in internal queue
2021-07-19 09:10:38.942 interchange:269 [DEBUG]  [TASK_PULL_THREAD] 1 tasks in internal queue
2021-07-19 09:10:38.955 interchange:269 [DEBUG]  [TASK_PULL_THREAD] 1 tasks in internal queue
2021-07-19 09:10:38.957 interchange:476 [DEBUG]  Managers count (interesting/total): 0/0
2021-07-19 09:10:38.958 interchange:512 [DEBUG]  [MAIN] either no interesting managers or no tasks, so skipping manager pass
2021-07-19 09:10:38.970 interchange:269 [DEBUG]  [TASK_PULL_THREAD] 1 tasks in internal queue
2021-07-19 09:10:38.981 interchange:269 [DEBUG]  [TASK_PULL_THREAD] 1 tasks in internal queue
2021-07-19 09:10:38.994 interchange:269 [DEBUG]  [TASK_PULL_THREAD] 1 tasks in internal queue
2021-07-19 09:10:39.007 interchange:269 [DEBUG]  [TASK_PULL_THREAD] 1 tasks in internal queue
2021-07-19 09:10:39.020 interchange:269 [DEBUG]  [TASK_PULL_THREAD] 1 tasks in internal queue
2021-07-19 09:10:39.033 interchange:269 [DEBUG]  [TASK_PULL_THREAD] 1 tasks in internal queue
2021-07-19 09:10:39.045 interchange:269 [DEBUG]  [TASK_PULL_THREAD] 1 tasks in internal queue
2021-07-19 09:10:39.057 interchange:269 [DEBUG]  [TASK_PULL_THREAD] 1 tasks in internal queue
2021-07-19 09:10:39.060 interchange:476 [DEBUG]  Managers count (interesting/total): 0/0
2021-07-19 09:10:39.060 interchange:512 [DEBUG]  [MAIN] either no interesting managers or no tasks, so skipping manager pass
2021-07-19 09:10:39.071 interchange:269 [DEBUG]  [TASK_PULL_THREAD] 1 tasks in internal queue
2021-07-19 09:10:39.085 interchange:269 [DEBUG]  [TASK_PULL_THREAD] 1 tasks in internal queue
2021-07-19 09:10:39.098 interchange:269 [DEBUG]  [TASK_PULL_THREAD] 1 tasks in internal queue
2021-07-19 09:10:39.112 interchange:269 [DEBUG]  [TASK_PULL_THREAD] 1 tasks in internal queue
2021-07-19 09:10:39.126 interchange:269 [DEBUG]  [TASK_PULL_THREAD] 1 tasks in internal queue
2021-07-19 09:10:39.140 interchange:269 [DEBUG]  [TASK_PULL_THREAD] 1 tasks in internal queue
2021-07-19 09:10:39.151 interchange:269 [DEBUG]  [TASK_PULL_THREAD] 1 tasks in internal queue
2021-07-19 09:10:39.162 interchange:476 [DEBUG]  Managers count (interesting/total): 0/0
2021-07-19 09:10:39.163 interchange:269 [DEBUG]  [TASK_PULL_THREAD] 1 tasks in internal queue
2021-07-19 09:10:39.163 interchange:512 [DEBUG]  [MAIN] either no interesting managers or no tasks, so skipping manager pass
2021-07-19 09:10:39.177 interchange:269 [DEBUG]  [TASK_PULL_THREAD] 1 tasks in internal queue
2021-07-19 09:10:39.189 interchange:269 [DEBUG]  [TASK_PULL_THREAD] 1 tasks in internal queue
2021-07-19 09:10:39.203 interchange:269 [DEBUG]  [TASK_PULL_THREAD] 1 tasks in internal queue
2021-07-19 09:10:39.217 interchange:269 [DEBUG]  [TASK_PULL_THREAD] 1 tasks in internal queue
2021-07-19 09:10:39.229 interchange:269 [DEBUG]  [TASK_PULL_THREAD] 1 tasks in internal queue
2021-07-19 09:10:39.240 interchange:269 [DEBUG]  [TASK_PULL_THREAD] 1 tasks in internal queue
2021-07-19 09:10:39.251 interchange:269 [DEBUG]  [TASK_PULL_THREAD] 1 tasks in internal queue
2021-07-19 09:10:39.263 interchange:269 [DEBUG]  [TASK_PULL_THREAD] 1 tasks in internal queue
2021-07-19 09:10:39.266 interchange:476 [DEBUG]  Managers count (interesting/total): 0/0
2021-07-19 09:10:39.267 interchange:512 [DEBUG]  [MAIN] either no interesting managers or no tasks, so skipping manager pass
2021-07-19 09:10:39.277 interchange:269 [DEBUG]  [TASK_PULL_THREAD] 1 tasks in internal queue
2021-07-19 09:10:39.290 interchange:269 [DEBUG]  [TASK_PULL_THREAD] 1 tasks in internal queue
2021-07-19 09:10:39.304 interchange:269 [DEBUG]  [TASK_PULL_THREAD] 1 tasks in internal queue
2021-07-19 09:10:39.317 interchange:269 [DEBUG]  [TASK_PULL_THREAD] 1 tasks in internal queue
2021-07-19 09:10:39.330 interchange:269 [DEBUG]  [TASK_PULL_THREAD] 1 tasks in internal queue
2021-07-19 09:10:39.344 interchange:269 [DEBUG]  [TASK_PULL_THREAD] 1 tasks in internal queue
2021-07-19 09:10:39.355 interchange:269 [DEBUG]  [TASK_PULL_THREAD] 1 tasks in internal queue
2021-07-19 09:10:39.369 interchange:269 [DEBUG]  [TASK_PULL_THREAD] 1 tasks in internal queue
2021-07-19 09:10:39.370 interchange:476 [DEBUG]  Managers count (interesting/total): 0/0
2021-07-19 09:10:39.371 interchange:512 [DEBUG]  [MAIN] either no interesting managers or no tasks, so skipping manager pass
2021-07-19 09:10:39.383 interchange:269 [DEBUG]  [TASK_PULL_THREAD] 1 tasks in internal queue
2021-07-19 09:10:39.397 interchange:269 [DEBUG]  [TASK_PULL_THREAD] 1 tasks in internal queue
2021-07-19 09:10:39.410 interchange:269 [DEBUG]  [TASK_PULL_THREAD] 1 tasks in internal queue
2021-07-19 09:10:39.424 interchange:269 [DEBUG]  [TASK_PULL_THREAD] 1 tasks in internal queue
2021-07-19 09:10:39.437 interchange:269 [DEBUG]  [TASK_PULL_THREAD] 1 tasks in internal queue
2021-07-19 09:10:39.448 interchange:269 [DEBUG]  [TASK_PULL_THREAD] 1 tasks in internal queue
2021-07-19 09:10:39.460 interchange:269 [DEBUG]  [TASK_PULL_THREAD] 1 tasks in internal queue
2021-07-19 09:10:39.473 interchange:269 [DEBUG]  [TASK_PULL_THREAD] 1 tasks in internal queue
2021-07-19 09:10:39.474 interchange:476 [DEBUG]  Managers count (interesting/total): 0/0
2021-07-19 09:10:39.475 interchange:512 [DEBUG]  [MAIN] either no interesting managers or no tasks, so skipping manager pass
2021-07-19 09:10:39.487 interchange:269 [DEBUG]  [TASK_PULL_THREAD] 1 tasks in internal queue
2021-07-19 09:10:39.501 interchange:269 [DEBUG]  [TASK_PULL_THREAD] 1 tasks in internal queue
2021-07-19 09:10:39.515 interchange:269 [DEBUG]  [TASK_PULL_THREAD] 1 tasks in internal queue
2021-07-19 09:10:39.527 interchange:269 [DEBUG]  [TASK_PULL_THREAD] 1 tasks in internal queue
2021-07-19 09:10:39.538 interchange:269 [DEBUG]  [TASK_PULL_THREAD] 1 tasks in internal queue
2021-07-19 09:10:39.550 interchange:269 [DEBUG]  [TASK_PULL_THREAD] 1 tasks in internal queue
2021-07-19 09:10:39.561 interchange:269 [DEBUG]  [TASK_PULL_THREAD] 1 tasks in internal queue
2021-07-19 09:10:39.572 interchange:269 [DEBUG]  [TASK_PULL_THREAD] 1 tasks in internal queue
2021-07-19 09:10:39.577 interchange:476 [DEBUG]  Managers count (interesting/total): 0/0
2021-07-19 09:10:39.578 interchange:512 [DEBUG]  [MAIN] either no interesting managers or no tasks, so skipping manager pass
2021-07-19 09:10:39.583 interchange:269 [DEBUG]  [TASK_PULL_THREAD] 1 tasks in internal queue
2021-07-19 09:10:39.594 interchange:269 [DEBUG]  [TASK_PULL_THREAD] 1 tasks in internal queue
2021-07-19 09:10:39.608 interchange:269 [DEBUG]  [TASK_PULL_THREAD] 1 tasks in internal queue
2021-07-19 09:10:39.622 interchange:269 [DEBUG]  [TASK_PULL_THREAD] 1 tasks in internal queue
2021-07-19 09:10:39.634 interchange:269 [DEBUG]  [TASK_PULL_THREAD] 1 tasks in internal queue
2021-07-19 09:10:39.635 interchange:310 [DEBUG]  [COMMAND] Received command request: OUTSTANDING_C
2021-07-19 09:10:39.636 interchange:356 [DEBUG]  [COMMAND] Reply: 1
2021-07-19 09:10:39.638 interchange:310 [DEBUG]  [COMMAND] Received command request: WORKERS
2021-07-19 09:10:39.639 interchange:356 [DEBUG]  [COMMAND] Reply: 0
2021-07-19 09:10:39.640 interchange:310 [DEBUG]  [COMMAND] Received command request: WORKERS
2021-07-19 09:10:39.641 interchange:356 [DEBUG]  [COMMAND] Reply: 0
2021-07-19 09:10:39.647 interchange:269 [DEBUG]  [TASK_PULL_THREAD] 1 tasks in internal queue
2021-07-19 09:10:39.659 interchange:269 [DEBUG]  [TASK_PULL_THREAD] 1 tasks in internal queue
2021-07-19 09:10:39.671 interchange:269 [DEBUG]  [TASK_PULL_THREAD] 1 tasks in internal queue
2021-07-19 09:10:39.680 interchange:476 [DEBUG]  Managers count (interesting/total): 0/0
2021-07-19 09:10:39.680 interchange:512 [DEBUG]  [MAIN] either no interesting managers or no tasks, so skipping manager pass
2021-07-19 09:10:39.682 interchange:269 [DEBUG]  [TASK_PULL_THREAD] 1 tasks in internal queue
2021-07-19 09:10:39.696 interchange:269 [DEBUG]  [TASK_PULL_THREAD] 1 tasks in internal queue
2021-07-19 09:10:39.709 interchange:269 [DEBUG]  [TASK_PULL_THREAD] 1 tasks in internal queue
2021-07-19 09:10:39.722 interchange:269 [DEBUG]  [TASK_PULL_THREAD] 1 tasks in internal queue
2021-07-19 09:10:39.735 interchange:269 [DEBUG]  [TASK_PULL_THREAD] 1 tasks in internal queue
2021-07-19 09:10:39.747 interchange:269 [DEBUG]  [TASK_PULL_THREAD] 1 tasks in internal queue
2021-07-19 09:10:39.758 interchange:269 [DEBUG]  [TASK_PULL_THREAD] 1 tasks in internal queue
2021-07-19 09:10:39.769 interchange:269 [DEBUG]  [TASK_PULL_THREAD] 1 tasks in internal queue
2021-07-19 09:10:39.782 interchange:269 [DEBUG]  [TASK_PULL_THREAD] 1 tasks in internal queue
2021-07-19 09:10:39.782 interchange:476 [DEBUG]  Managers count (interesting/total): 0/0
2021-07-19 09:10:39.783 interchange:512 [DEBUG]  [MAIN] either no interesting managers or no tasks, so skipping manager pass
2021-07-19 09:10:39.795 interchange:269 [DEBUG]  [TASK_PULL_THREAD] 1 tasks in internal queue
2021-07-19 09:10:39.808 interchange:269 [DEBUG]  [TASK_PULL_THREAD] 1 tasks in internal queue
2021-07-19 09:10:39.819 interchange:269 [DEBUG]  [TASK_PULL_THREAD] 1 tasks in internal queue
2021-07-19 09:10:39.832 interchange:269 [DEBUG]  [TASK_PULL_THREAD] 1 tasks in internal queue
2021-07-19 09:10:39.845 interchange:269 [DEBUG]  [TASK_PULL_THREAD] 1 tasks in internal queue
2021-07-19 09:10:39.857 interchange:269 [DEBUG]  [TASK_PULL_THREAD] 1 tasks in internal queue
2021-07-19 09:10:39.868 interchange:269 [DEBUG]  [TASK_PULL_THREAD] 1 tasks in internal queue
2021-07-19 09:10:39.881 interchange:269 [DEBUG]  [TASK_PULL_THREAD] 1 tasks in internal queue
2021-07-19 09:10:39.884 interchange:476 [DEBUG]  Managers count (interesting/total): 0/0
2021-07-19 09:10:39.885 interchange:512 [DEBUG]  [MAIN] either no interesting managers or no tasks, so skipping manager pass
2021-07-19 09:10:39.893 interchange:269 [DEBUG]  [TASK_PULL_THREAD] 1 tasks in internal queue
2021-07-19 09:10:39.905 interchange:269 [DEBUG]  [TASK_PULL_THREAD] 1 tasks in internal queue
2021-07-19 09:10:39.918 interchange:269 [DEBUG]  [TASK_PULL_THREAD] 1 tasks in internal queue
2021-07-19 09:10:39.932 interchange:269 [DEBUG]  [TASK_PULL_THREAD] 1 tasks in internal queue
2021-07-19 09:10:39.945 interchange:269 [DEBUG]  [TASK_PULL_THREAD] 1 tasks in internal queue
2021-07-19 09:10:39.956 interchange:269 [DEBUG]  [TASK_PULL_THREAD] 1 tasks in internal queue
2021-07-19 09:10:39.967 interchange:269 [DEBUG]  [TASK_PULL_THREAD] 1 tasks in internal queue
2021-07-19 09:10:39.978 interchange:269 [DEBUG]  [TASK_PULL_THREAD] 1 tasks in internal queue
2021-07-19 09:10:39.987 interchange:476 [DEBUG]  Managers count (interesting/total): 0/0
2021-07-19 09:10:39.987 interchange:512 [DEBUG]  [MAIN] either no interesting managers or no tasks, so skipping manager pass
2021-07-19 09:10:39.989 interchange:269 [DEBUG]  [TASK_PULL_THREAD] 1 tasks in internal queue
2021-07-19 09:10:40.003 interchange:269 [DEBUG]  [TASK_PULL_THREAD] 1 tasks in internal queue
2021-07-19 09:10:40.014 interchange:269 [DEBUG]  [TASK_PULL_THREAD] 1 tasks in internal queue
2021-07-19 09:10:40.028 interchange:269 [DEBUG]  [TASK_PULL_THREAD] 1 tasks in internal queue
2021-07-19 09:10:40.041 interchange:269 [DEBUG]  [TASK_PULL_THREAD] 1 tasks in internal queue
2021-07-19 09:10:40.053 interchange:269 [DEBUG]  [TASK_PULL_THREAD] 1 tasks in internal queue
2021-07-19 09:10:40.064 interchange:269 [DEBUG]  [TASK_PULL_THREAD] 1 tasks in internal queue
2021-07-19 09:10:40.076 interchange:269 [DEBUG]  [TASK_PULL_THREAD] 1 tasks in internal queue
2021-07-19 09:10:40.088 interchange:269 [DEBUG]  [TASK_PULL_THREAD] 1 tasks in internal queue
2021-07-19 09:10:40.089 interchange:476 [DEBUG]  Managers count (interesting/total): 0/0
2021-07-19 09:10:40.090 interchange:512 [DEBUG]  [MAIN] either no interesting managers or no tasks, so skipping manager pass
2021-07-19 09:10:40.102 interchange:269 [DEBUG]  [TASK_PULL_THREAD] 1 tasks in internal queue
2021-07-19 09:10:40.113 interchange:269 [DEBUG]  [TASK_PULL_THREAD] 1 tasks in internal queue
2021-07-19 09:10:40.126 interchange:269 [DEBUG]  [TASK_PULL_THREAD] 1 tasks in internal queue
2021-07-19 09:10:40.139 interchange:269 [DEBUG]  [TASK_PULL_THREAD] 1 tasks in internal queue
2021-07-19 09:10:40.152 interchange:269 [DEBUG]  [TASK_PULL_THREAD] 1 tasks in internal queue
2021-07-19 09:10:40.166 interchange:269 [DEBUG]  [TASK_PULL_THREAD] 1 tasks in internal queue
2021-07-19 09:10:40.177 interchange:269 [DEBUG]  [TASK_PULL_THREAD] 1 tasks in internal queue
2021-07-19 09:10:40.190 interchange:269 [DEBUG]  [TASK_PULL_THREAD] 1 tasks in internal queue
2021-07-19 09:10:40.191 interchange:476 [DEBUG]  Managers count (interesting/total): 0/0
2021-07-19 09:10:40.192 interchange:512 [DEBUG]  [MAIN] either no interesting managers or no tasks, so skipping manager pass
2021-07-19 09:10:40.203 interchange:269 [DEBUG]  [TASK_PULL_THREAD] 1 tasks in internal queue
2021-07-19 09:10:40.216 interchange:269 [DEBUG]  [TASK_PULL_THREAD] 1 tasks in internal queue
2021-07-19 09:10:40.229 interchange:269 [DEBUG]  [TASK_PULL_THREAD] 1 tasks in internal queue
2021-07-19 09:10:40.240 interchange:269 [DEBUG]  [TASK_PULL_THREAD] 1 tasks in internal queue
2021-07-19 09:10:40.251 interchange:269 [DEBUG]  [TASK_PULL_THREAD] 1 tasks in internal queue
2021-07-19 09:10:40.262 interchange:269 [DEBUG]  [TASK_PULL_THREAD] 1 tasks in internal queue
2021-07-19 09:10:40.273 interchange:269 [DEBUG]  [TASK_PULL_THREAD] 1 tasks in internal queue
2021-07-19 09:10:40.284 interchange:269 [DEBUG]  [TASK_PULL_THREAD] 1 tasks in internal queue
2021-07-19 09:10:40.294 interchange:476 [DEBUG]  Managers count (interesting/total): 0/0
2021-07-19 09:10:40.295 interchange:512 [DEBUG]  [MAIN] either no interesting managers or no tasks, so skipping manager pass
2021-07-19 09:10:40.295 interchange:269 [DEBUG]  [TASK_PULL_THREAD] 1 tasks in internal queue
2021-07-19 09:10:40.306 interchange:269 [DEBUG]  [TASK_PULL_THREAD] 1 tasks in internal queue
2021-07-19 09:10:40.317 interchange:269 [DEBUG]  [TASK_PULL_THREAD] 1 tasks in internal queue
2021-07-19 09:10:40.330 interchange:269 [DEBUG]  [TASK_PULL_THREAD] 1 tasks in internal queue
2021-07-19 09:10:40.344 interchange:269 [DEBUG]  [TASK_PULL_THREAD] 1 tasks in internal queue
2021-07-19 09:10:40.355 interchange:269 [DEBUG]  [TASK_PULL_THREAD] 1 tasks in internal queue
2021-07-19 09:10:40.368 interchange:269 [DEBUG]  [TASK_PULL_THREAD] 1 tasks in internal queue
2021-07-19 09:10:40.382 interchange:269 [DEBUG]  [TASK_PULL_THREAD] 1 tasks in internal queue
2021-07-19 09:10:40.393 interchange:269 [DEBUG]  [TASK_PULL_THREAD] 1 tasks in internal queue
2021-07-19 09:10:40.396 interchange:476 [DEBUG]  Managers count (interesting/total): 0/0
2021-07-19 09:10:40.397 interchange:512 [DEBUG]  [MAIN] either no interesting managers or no tasks, so skipping manager pass
2021-07-19 09:10:40.405 interchange:269 [DEBUG]  [TASK_PULL_THREAD] 1 tasks in internal queue
2021-07-19 09:10:40.418 interchange:269 [DEBUG]  [TASK_PULL_THREAD] 1 tasks in internal queue
2021-07-19 09:10:40.431 interchange:269 [DEBUG]  [TASK_PULL_THREAD] 1 tasks in internal queue
2021-07-19 09:10:40.444 interchange:269 [DEBUG]  [TASK_PULL_THREAD] 1 tasks in internal queue
2021-07-19 09:10:40.455 interchange:269 [DEBUG]  [TASK_PULL_THREAD] 1 tasks in internal queue
2021-07-19 09:10:40.466 interchange:269 [DEBUG]  [TASK_PULL_THREAD] 1 tasks in internal queue
2021-07-19 09:10:40.479 interchange:269 [DEBUG]  [TASK_PULL_THREAD] 1 tasks in internal queue
2021-07-19 09:10:40.490 interchange:269 [DEBUG]  [TASK_PULL_THREAD] 1 tasks in internal queue
2021-07-19 09:10:40.497 interchange:476 [DEBUG]  Managers count (interesting/total): 0/0
2021-07-19 09:10:40.498 interchange:512 [DEBUG]  [MAIN] either no interesting managers or no tasks, so skipping manager pass
2021-07-19 09:10:40.503 interchange:269 [DEBUG]  [TASK_PULL_THREAD] 1 tasks in internal queue
2021-07-19 09:10:40.517 interchange:269 [DEBUG]  [TASK_PULL_THREAD] 1 tasks in internal queue
2021-07-19 09:10:40.529 interchange:269 [DEBUG]  [TASK_PULL_THREAD] 1 tasks in internal queue
2021-07-19 09:10:40.541 interchange:269 [DEBUG]  [TASK_PULL_THREAD] 1 tasks in internal queue
2021-07-19 09:10:40.556 interchange:269 [DEBUG]  [TASK_PULL_THREAD] 1 tasks in internal queue
2021-07-19 09:10:40.572 interchange:269 [DEBUG]  [TASK_PULL_THREAD] 1 tasks in internal queue
2021-07-19 09:10:40.584 interchange:269 [DEBUG]  [TASK_PULL_THREAD] 1 tasks in internal queue
2021-07-19 09:10:40.597 interchange:269 [DEBUG]  [TASK_PULL_THREAD] 1 tasks in internal queue
2021-07-19 09:10:40.601 interchange:476 [DEBUG]  Managers count (interesting/total): 0/0
2021-07-19 09:10:40.602 interchange:512 [DEBUG]  [MAIN] either no interesting managers or no tasks, so skipping manager pass
2021-07-19 09:10:40.607 interchange:408 [DEBUG]  [MAIN] starting task_outgoing section
2021-07-19 09:10:40.609 interchange:434 [INFO]  [MAIN] Adding manager: b'09f17ca948e0' to ready queue
2021-07-19 09:10:40.609 interchange:436 [INFO]  [MAIN] Registration info for manager b'09f17ca948e0': {'parsl_v': '1.1.0', 'python_v': '3.8.8', 'worker_count': 3, 'uid': '09f17ca948e0', 'block_id': '0', 'prefetch_capacity': 0, 'max_capacity': 3, 'os': 'Darwin', 'hostname': 'Ananths-Macbook.local', 'dir': '/Users/ananthhariharan/Documents/Code/GitHub/Parsl-Project', 'cpu_count': 2, 'total_memory': 8589934592}
2021-07-19 09:10:40.610 interchange:293 [INFO]  Sending message {'last_heartbeat': 1626703840.609036, 'idle_since': 1626703840.609036, 'free_capacity': 0, 'block_id': '0', 'max_capacity': 3, 'worker_count': 3, 'active': True, 'tasks': [], 'parsl_v': '1.1.0', 'python_v': '3.8.8', 'uid': '09f17ca948e0', 'prefetch_capacity': 0, 'os': 'Darwin', 'hostname': 'Ananths-Macbook.local', 'dir': '/Users/ananthhariharan/Documents/Code/GitHub/Parsl-Project', 'cpu_count': 2, 'total_memory': 8589934592} to hub
2021-07-19 09:10:40.611 interchange:269 [DEBUG]  [TASK_PULL_THREAD] 1 tasks in internal queue
2021-07-19 09:10:40.613 interchange:454 [INFO]  [MAIN] Manager b'09f17ca948e0' has compatible Parsl version 1.1.0
2021-07-19 09:10:40.614 interchange:455 [INFO]  [MAIN] Manager b'09f17ca948e0' has compatible Python version 3.8
2021-07-19 09:10:40.614 interchange:472 [DEBUG]  [MAIN] leaving task_outgoing section
2021-07-19 09:10:40.615 interchange:476 [DEBUG]  Managers count (interesting/total): 1/1
2021-07-19 09:10:40.616 interchange:510 [DEBUG]  [MAIN] leaving _ready_manager_queue section, with 0 managers still interesting
2021-07-19 09:10:40.623 interchange:269 [DEBUG]  [TASK_PULL_THREAD] 1 tasks in internal queue
2021-07-19 09:10:40.637 interchange:269 [DEBUG]  [TASK_PULL_THREAD] 1 tasks in internal queue
2021-07-19 09:10:40.643 interchange:360 [DEBUG]  [COMMAND] is alive
2021-07-19 09:10:40.648 interchange:269 [DEBUG]  [TASK_PULL_THREAD] 1 tasks in internal queue
2021-07-19 09:10:40.661 interchange:269 [DEBUG]  [TASK_PULL_THREAD] 1 tasks in internal queue
2021-07-19 09:10:40.675 interchange:269 [DEBUG]  [TASK_PULL_THREAD] 1 tasks in internal queue
2021-07-19 09:10:40.689 interchange:269 [DEBUG]  [TASK_PULL_THREAD] 1 tasks in internal queue
2021-07-19 09:10:40.700 interchange:269 [DEBUG]  [TASK_PULL_THREAD] 1 tasks in internal queue
2021-07-19 09:10:40.712 interchange:269 [DEBUG]  [TASK_PULL_THREAD] 1 tasks in internal queue
2021-07-19 09:10:40.713 interchange:408 [DEBUG]  [MAIN] starting task_outgoing section
2021-07-19 09:10:40.713 interchange:469 [DEBUG]  [MAIN] Manager b'09f17ca948e0' requested 3 tasks
2021-07-19 09:10:40.714 interchange:472 [DEBUG]  [MAIN] leaving task_outgoing section
2021-07-19 09:10:40.715 interchange:476 [DEBUG]  Managers count (interesting/total): 1/1
2021-07-19 09:10:40.716 interchange:500 [DEBUG]  [MAIN] Sent tasks: [1] to manager b'09f17ca948e0'
2021-07-19 09:10:40.716 interchange:502 [DEBUG]  [MAIN] Manager b'09f17ca948e0' has free_capacity 2
2021-07-19 09:10:40.717 interchange:510 [DEBUG]  [MAIN] leaving _ready_manager_queue section, with 1 managers still interesting
2021-07-19 09:10:40.718 interchange:408 [DEBUG]  [MAIN] starting task_outgoing section
2021-07-19 09:10:40.719 interchange:469 [DEBUG]  [MAIN] Manager b'09f17ca948e0' requested 3 tasks
2021-07-19 09:10:40.720 interchange:472 [DEBUG]  [MAIN] leaving task_outgoing section
2021-07-19 09:10:40.720 interchange:476 [DEBUG]  Managers count (interesting/total): 1/1
2021-07-19 09:10:40.721 interchange:512 [DEBUG]  [MAIN] either no interesting managers or no tasks, so skipping manager pass
2021-07-19 09:10:40.722 interchange:408 [DEBUG]  [MAIN] starting task_outgoing section
2021-07-19 09:10:40.722 interchange:469 [DEBUG]  [MAIN] Manager b'09f17ca948e0' requested 3 tasks
2021-07-19 09:10:40.723 interchange:472 [DEBUG]  [MAIN] leaving task_outgoing section
2021-07-19 09:10:40.724 interchange:269 [DEBUG]  [TASK_PULL_THREAD] 0 tasks in internal queue
2021-07-19 09:10:40.724 interchange:476 [DEBUG]  Managers count (interesting/total): 1/1
2021-07-19 09:10:40.726 interchange:512 [DEBUG]  [MAIN] either no interesting managers or no tasks, so skipping manager pass
2021-07-19 09:10:40.737 interchange:269 [DEBUG]  [TASK_PULL_THREAD] 0 tasks in internal queue
2021-07-19 09:10:40.749 interchange:269 [DEBUG]  [TASK_PULL_THREAD] 0 tasks in internal queue
2021-07-19 09:10:40.760 interchange:269 [DEBUG]  [TASK_PULL_THREAD] 0 tasks in internal queue
2021-07-19 09:10:40.772 interchange:269 [DEBUG]  [TASK_PULL_THREAD] 0 tasks in internal queue
2021-07-19 09:10:40.785 interchange:269 [DEBUG]  [TASK_PULL_THREAD] 0 tasks in internal queue
2021-07-19 09:10:40.799 interchange:269 [DEBUG]  [TASK_PULL_THREAD] 0 tasks in internal queue
2021-07-19 09:10:40.812 interchange:269 [DEBUG]  [TASK_PULL_THREAD] 0 tasks in internal queue
2021-07-19 09:10:40.826 interchange:269 [DEBUG]  [TASK_PULL_THREAD] 0 tasks in internal queue
2021-07-19 09:10:40.828 interchange:476 [DEBUG]  Managers count (interesting/total): 1/1
2021-07-19 09:10:40.828 interchange:512 [DEBUG]  [MAIN] either no interesting managers or no tasks, so skipping manager pass
2021-07-19 09:10:40.840 interchange:269 [DEBUG]  [TASK_PULL_THREAD] 0 tasks in internal queue
2021-07-19 09:10:40.841 interchange:476 [DEBUG]  Managers count (interesting/total): 1/1
2021-07-19 09:10:40.842 interchange:512 [DEBUG]  [MAIN] either no interesting managers or no tasks, so skipping manager pass
2021-07-19 09:10:40.843 interchange:515 [DEBUG]  [MAIN] entering results_incoming section
2021-07-19 09:10:40.844 interchange:520 [DEBUG]  [MAIN] Got 1 result items in batch
2021-07-19 09:10:40.844 interchange:533 [DEBUG]  [MAIN] Current tasks: []
2021-07-19 09:10:40.845 interchange:536 [DEBUG]  [MAIN] leaving results_incoming section
2021-07-19 09:10:40.852 interchange:269 [DEBUG]  [TASK_PULL_THREAD] 0 tasks in internal queue
2021-07-19 09:10:40.853 interchange:278 [DEBUG]  [TASK_PULL_THREAD] Fetched task:2
2021-07-19 09:10:40.857 interchange:278 [DEBUG]  [TASK_PULL_THREAD] Fetched task:3
2021-07-19 09:10:40.871 interchange:269 [DEBUG]  [TASK_PULL_THREAD] 2 tasks in internal queue
2021-07-19 09:10:40.882 interchange:269 [DEBUG]  [TASK_PULL_THREAD] 2 tasks in internal queue
2021-07-19 09:10:40.893 interchange:269 [DEBUG]  [TASK_PULL_THREAD] 2 tasks in internal queue
2021-07-19 09:10:40.905 interchange:269 [DEBUG]  [TASK_PULL_THREAD] 2 tasks in internal queue
2021-07-19 09:10:40.917 interchange:269 [DEBUG]  [TASK_PULL_THREAD] 2 tasks in internal queue
2021-07-19 09:10:40.922 interchange:408 [DEBUG]  [MAIN] starting task_outgoing section
2021-07-19 09:10:40.923 interchange:469 [DEBUG]  [MAIN] Manager b'09f17ca948e0' requested 3 tasks
2021-07-19 09:10:40.924 interchange:472 [DEBUG]  [MAIN] leaving task_outgoing section
2021-07-19 09:10:40.924 interchange:476 [DEBUG]  Managers count (interesting/total): 1/1
2021-07-19 09:10:40.925 interchange:500 [DEBUG]  [MAIN] Sent tasks: [2, 3] to manager b'09f17ca948e0'
2021-07-19 09:10:40.926 interchange:502 [DEBUG]  [MAIN] Manager b'09f17ca948e0' has free_capacity 1
2021-07-19 09:10:40.926 interchange:510 [DEBUG]  [MAIN] leaving _ready_manager_queue section, with 1 managers still interesting
2021-07-19 09:10:40.927 interchange:408 [DEBUG]  [MAIN] starting task_outgoing section
2021-07-19 09:10:40.928 interchange:469 [DEBUG]  [MAIN] Manager b'09f17ca948e0' requested 3 tasks
2021-07-19 09:10:40.929 interchange:472 [DEBUG]  [MAIN] leaving task_outgoing section
2021-07-19 09:10:40.930 interchange:476 [DEBUG]  Managers count (interesting/total): 1/1
2021-07-19 09:10:40.931 interchange:512 [DEBUG]  [MAIN] either no interesting managers or no tasks, so skipping manager pass
2021-07-19 09:10:40.932 interchange:269 [DEBUG]  [TASK_PULL_THREAD] 0 tasks in internal queue
2021-07-19 09:10:40.933 interchange:408 [DEBUG]  [MAIN] starting task_outgoing section
2021-07-19 09:10:40.934 interchange:469 [DEBUG]  [MAIN] Manager b'09f17ca948e0' requested 3 tasks
2021-07-19 09:10:40.934 interchange:472 [DEBUG]  [MAIN] leaving task_outgoing section
2021-07-19 09:10:40.935 interchange:476 [DEBUG]  Managers count (interesting/total): 1/1
2021-07-19 09:10:40.936 interchange:512 [DEBUG]  [MAIN] either no interesting managers or no tasks, so skipping manager pass
2021-07-19 09:10:40.943 interchange:269 [DEBUG]  [TASK_PULL_THREAD] 0 tasks in internal queue
2021-07-19 09:10:40.955 interchange:269 [DEBUG]  [TASK_PULL_THREAD] 0 tasks in internal queue
2021-07-19 09:10:40.968 interchange:269 [DEBUG]  [TASK_PULL_THREAD] 0 tasks in internal queue
2021-07-19 09:10:40.980 interchange:269 [DEBUG]  [TASK_PULL_THREAD] 0 tasks in internal queue
2021-07-19 09:10:40.991 interchange:269 [DEBUG]  [TASK_PULL_THREAD] 0 tasks in internal queue
2021-07-19 09:10:41.004 interchange:269 [DEBUG]  [TASK_PULL_THREAD] 0 tasks in internal queue
2021-07-19 09:10:41.017 interchange:269 [DEBUG]  [TASK_PULL_THREAD] 0 tasks in internal queue
2021-07-19 09:10:41.030 interchange:269 [DEBUG]  [TASK_PULL_THREAD] 0 tasks in internal queue
2021-07-19 09:10:41.037 interchange:476 [DEBUG]  Managers count (interesting/total): 1/1
2021-07-19 09:10:41.039 interchange:512 [DEBUG]  [MAIN] either no interesting managers or no tasks, so skipping manager pass
2021-07-19 09:10:41.043 interchange:269 [DEBUG]  [TASK_PULL_THREAD] 0 tasks in internal queue
2021-07-19 09:10:41.047 interchange:476 [DEBUG]  Managers count (interesting/total): 1/1
2021-07-19 09:10:41.048 interchange:512 [DEBUG]  [MAIN] either no interesting managers or no tasks, so skipping manager pass
2021-07-19 09:10:41.049 interchange:515 [DEBUG]  [MAIN] entering results_incoming section
2021-07-19 09:10:41.049 interchange:520 [DEBUG]  [MAIN] Got 2 result items in batch
2021-07-19 09:10:41.050 interchange:533 [DEBUG]  [MAIN] Current tasks: []
2021-07-19 09:10:41.051 interchange:536 [DEBUG]  [MAIN] leaving results_incoming section
2021-07-19 09:10:41.055 interchange:269 [DEBUG]  [TASK_PULL_THREAD] 0 tasks in internal queue
2021-07-19 09:10:41.059 interchange:278 [DEBUG]  [TASK_PULL_THREAD] Fetched task:4
2021-07-19 09:10:41.072 interchange:269 [DEBUG]  [TASK_PULL_THREAD] 1 tasks in internal queue
2021-07-19 09:10:41.086 interchange:269 [DEBUG]  [TASK_PULL_THREAD] 1 tasks in internal queue
2021-07-19 09:10:41.097 interchange:269 [DEBUG]  [TASK_PULL_THREAD] 1 tasks in internal queue
2021-07-19 09:10:41.109 interchange:269 [DEBUG]  [TASK_PULL_THREAD] 1 tasks in internal queue
2021-07-19 09:10:41.123 interchange:269 [DEBUG]  [TASK_PULL_THREAD] 1 tasks in internal queue
2021-07-19 09:10:41.132 interchange:408 [DEBUG]  [MAIN] starting task_outgoing section
2021-07-19 09:10:41.133 interchange:469 [DEBUG]  [MAIN] Manager b'09f17ca948e0' requested 3 tasks
2021-07-19 09:10:41.134 interchange:472 [DEBUG]  [MAIN] leaving task_outgoing section
2021-07-19 09:10:41.135 interchange:476 [DEBUG]  Managers count (interesting/total): 1/1
2021-07-19 09:10:41.136 interchange:500 [DEBUG]  [MAIN] Sent tasks: [4] to manager b'09f17ca948e0'
2021-07-19 09:10:41.136 interchange:269 [DEBUG]  [TASK_PULL_THREAD] 0 tasks in internal queue
2021-07-19 09:10:41.137 interchange:502 [DEBUG]  [MAIN] Manager b'09f17ca948e0' has free_capacity 2
2021-07-19 09:10:41.139 interchange:510 [DEBUG]  [MAIN] leaving _ready_manager_queue section, with 1 managers still interesting
2021-07-19 09:10:41.140 interchange:408 [DEBUG]  [MAIN] starting task_outgoing section
2021-07-19 09:10:41.141 interchange:469 [DEBUG]  [MAIN] Manager b'09f17ca948e0' requested 3 tasks
2021-07-19 09:10:41.141 interchange:472 [DEBUG]  [MAIN] leaving task_outgoing section
2021-07-19 09:10:41.142 interchange:476 [DEBUG]  Managers count (interesting/total): 1/1
2021-07-19 09:10:41.143 interchange:512 [DEBUG]  [MAIN] either no interesting managers or no tasks, so skipping manager pass
2021-07-19 09:10:41.144 interchange:408 [DEBUG]  [MAIN] starting task_outgoing section
2021-07-19 09:10:41.145 interchange:469 [DEBUG]  [MAIN] Manager b'09f17ca948e0' requested 3 tasks
2021-07-19 09:10:41.145 interchange:472 [DEBUG]  [MAIN] leaving task_outgoing section
2021-07-19 09:10:41.146 interchange:476 [DEBUG]  Managers count (interesting/total): 1/1
2021-07-19 09:10:41.146 interchange:512 [DEBUG]  [MAIN] either no interesting managers or no tasks, so skipping manager pass
2021-07-19 09:10:41.147 interchange:476 [DEBUG]  Managers count (interesting/total): 1/1
2021-07-19 09:10:41.148 interchange:512 [DEBUG]  [MAIN] either no interesting managers or no tasks, so skipping manager pass
2021-07-19 09:10:41.148 interchange:515 [DEBUG]  [MAIN] entering results_incoming section
2021-07-19 09:10:41.149 interchange:520 [DEBUG]  [MAIN] Got 1 result items in batch
2021-07-19 09:10:41.149 interchange:533 [DEBUG]  [MAIN] Current tasks: []
2021-07-19 09:10:41.150 interchange:269 [DEBUG]  [TASK_PULL_THREAD] 0 tasks in internal queue
2021-07-19 09:10:41.150 interchange:536 [DEBUG]  [MAIN] leaving results_incoming section
2021-07-19 09:10:41.153 interchange:278 [DEBUG]  [TASK_PULL_THREAD] Fetched task:5
2021-07-19 09:10:41.167 interchange:269 [DEBUG]  [TASK_PULL_THREAD] 1 tasks in internal queue
2021-07-19 09:10:41.179 interchange:269 [DEBUG]  [TASK_PULL_THREAD] 1 tasks in internal queue
2021-07-19 09:10:41.193 interchange:269 [DEBUG]  [TASK_PULL_THREAD] 1 tasks in internal queue
2021-07-19 09:10:41.206 interchange:269 [DEBUG]  [TASK_PULL_THREAD] 1 tasks in internal queue
2021-07-19 09:10:41.217 interchange:269 [DEBUG]  [TASK_PULL_THREAD] 1 tasks in internal queue
2021-07-19 09:10:41.231 interchange:269 [DEBUG]  [TASK_PULL_THREAD] 1 tasks in internal queue
2021-07-19 09:10:41.245 interchange:269 [DEBUG]  [TASK_PULL_THREAD] 1 tasks in internal queue
2021-07-19 09:10:41.252 interchange:476 [DEBUG]  Managers count (interesting/total): 1/1
2021-07-19 09:10:41.253 interchange:500 [DEBUG]  [MAIN] Sent tasks: [5] to manager b'09f17ca948e0'
2021-07-19 09:10:41.254 interchange:502 [DEBUG]  [MAIN] Manager b'09f17ca948e0' has free_capacity 2
2021-07-19 09:10:41.255 interchange:510 [DEBUG]  [MAIN] leaving _ready_manager_queue section, with 1 managers still interesting
2021-07-19 09:10:41.257 interchange:269 [DEBUG]  [TASK_PULL_THREAD] 0 tasks in internal queue
2021-07-19 09:10:41.258 interchange:408 [DEBUG]  [MAIN] starting task_outgoing section
2021-07-19 09:10:41.259 interchange:469 [DEBUG]  [MAIN] Manager b'09f17ca948e0' requested 3 tasks
2021-07-19 09:10:41.260 interchange:472 [DEBUG]  [MAIN] leaving task_outgoing section
2021-07-19 09:10:41.260 interchange:476 [DEBUG]  Managers count (interesting/total): 1/1
2021-07-19 09:10:41.261 interchange:512 [DEBUG]  [MAIN] either no interesting managers or no tasks, so skipping manager pass
2021-07-19 09:10:41.262 interchange:408 [DEBUG]  [MAIN] starting task_outgoing section
2021-07-19 09:10:41.263 interchange:469 [DEBUG]  [MAIN] Manager b'09f17ca948e0' requested 3 tasks
2021-07-19 09:10:41.264 interchange:472 [DEBUG]  [MAIN] leaving task_outgoing section
2021-07-19 09:10:41.264 interchange:476 [DEBUG]  Managers count (interesting/total): 1/1
2021-07-19 09:10:41.265 interchange:512 [DEBUG]  [MAIN] either no interesting managers or no tasks, so skipping manager pass
2021-07-19 09:10:41.269 interchange:269 [DEBUG]  [TASK_PULL_THREAD] 0 tasks in internal queue
2021-07-19 09:10:41.282 interchange:269 [DEBUG]  [TASK_PULL_THREAD] 0 tasks in internal queue
2021-07-19 09:10:41.296 interchange:269 [DEBUG]  [TASK_PULL_THREAD] 0 tasks in internal queue
2021-07-19 09:10:41.307 interchange:269 [DEBUG]  [TASK_PULL_THREAD] 0 tasks in internal queue
2021-07-19 09:10:41.321 interchange:269 [DEBUG]  [TASK_PULL_THREAD] 0 tasks in internal queue
2021-07-19 09:10:41.335 interchange:269 [DEBUG]  [TASK_PULL_THREAD] 0 tasks in internal queue
2021-07-19 09:10:41.348 interchange:269 [DEBUG]  [TASK_PULL_THREAD] 0 tasks in internal queue
2021-07-19 09:10:41.362 interchange:269 [DEBUG]  [TASK_PULL_THREAD] 0 tasks in internal queue
2021-07-19 09:10:41.366 interchange:476 [DEBUG]  Managers count (interesting/total): 1/1
2021-07-19 09:10:41.367 interchange:512 [DEBUG]  [MAIN] either no interesting managers or no tasks, so skipping manager pass
2021-07-19 09:10:41.368 interchange:476 [DEBUG]  Managers count (interesting/total): 1/1
2021-07-19 09:10:41.369 interchange:512 [DEBUG]  [MAIN] either no interesting managers or no tasks, so skipping manager pass
2021-07-19 09:10:41.370 interchange:515 [DEBUG]  [MAIN] entering results_incoming section
2021-07-19 09:10:41.371 interchange:520 [DEBUG]  [MAIN] Got 1 result items in batch
2021-07-19 09:10:41.371 interchange:533 [DEBUG]  [MAIN] Current tasks: []
2021-07-19 09:10:41.372 interchange:536 [DEBUG]  [MAIN] leaving results_incoming section
2021-07-19 09:10:41.374 interchange:269 [DEBUG]  [TASK_PULL_THREAD] 0 tasks in internal queue
2021-07-19 09:10:41.376 interchange:278 [DEBUG]  [TASK_PULL_THREAD] Fetched task:6
2021-07-19 09:10:41.390 interchange:269 [DEBUG]  [TASK_PULL_THREAD] 1 tasks in internal queue
2021-07-19 09:10:41.404 interchange:269 [DEBUG]  [TASK_PULL_THREAD] 1 tasks in internal queue
2021-07-19 09:10:41.418 interchange:269 [DEBUG]  [TASK_PULL_THREAD] 1 tasks in internal queue
2021-07-19 09:10:41.429 interchange:269 [DEBUG]  [TASK_PULL_THREAD] 1 tasks in internal queue
2021-07-19 09:10:41.443 interchange:269 [DEBUG]  [TASK_PULL_THREAD] 1 tasks in internal queue
2021-07-19 09:10:41.454 interchange:269 [DEBUG]  [TASK_PULL_THREAD] 1 tasks in internal queue
2021-07-19 09:10:41.457 interchange:408 [DEBUG]  [MAIN] starting task_outgoing section
2021-07-19 09:10:41.458 interchange:469 [DEBUG]  [MAIN] Manager b'09f17ca948e0' requested 3 tasks
2021-07-19 09:10:41.459 interchange:472 [DEBUG]  [MAIN] leaving task_outgoing section
2021-07-19 09:10:41.460 interchange:476 [DEBUG]  Managers count (interesting/total): 1/1
2021-07-19 09:10:41.461 interchange:500 [DEBUG]  [MAIN] Sent tasks: [6] to manager b'09f17ca948e0'
2021-07-19 09:10:41.462 interchange:502 [DEBUG]  [MAIN] Manager b'09f17ca948e0' has free_capacity 2
2021-07-19 09:10:41.463 interchange:510 [DEBUG]  [MAIN] leaving _ready_manager_queue section, with 1 managers still interesting
2021-07-19 09:10:41.464 interchange:408 [DEBUG]  [MAIN] starting task_outgoing section
2021-07-19 09:10:41.465 interchange:469 [DEBUG]  [MAIN] Manager b'09f17ca948e0' requested 3 tasks
2021-07-19 09:10:41.465 interchange:472 [DEBUG]  [MAIN] leaving task_outgoing section
2021-07-19 09:10:41.466 interchange:269 [DEBUG]  [TASK_PULL_THREAD] 0 tasks in internal queue
2021-07-19 09:10:41.466 interchange:476 [DEBUG]  Managers count (interesting/total): 1/1
2021-07-19 09:10:41.468 interchange:512 [DEBUG]  [MAIN] either no interesting managers or no tasks, so skipping manager pass
2021-07-19 09:10:41.469 interchange:408 [DEBUG]  [MAIN] starting task_outgoing section
2021-07-19 09:10:41.470 interchange:469 [DEBUG]  [MAIN] Manager b'09f17ca948e0' requested 3 tasks
2021-07-19 09:10:41.470 interchange:472 [DEBUG]  [MAIN] leaving task_outgoing section
2021-07-19 09:10:41.471 interchange:476 [DEBUG]  Managers count (interesting/total): 1/1
2021-07-19 09:10:41.471 interchange:512 [DEBUG]  [MAIN] either no interesting managers or no tasks, so skipping manager pass
2021-07-19 09:10:41.479 interchange:269 [DEBUG]  [TASK_PULL_THREAD] 0 tasks in internal queue
2021-07-19 09:10:41.490 interchange:269 [DEBUG]  [TASK_PULL_THREAD] 0 tasks in internal queue
2021-07-19 09:10:41.501 interchange:269 [DEBUG]  [TASK_PULL_THREAD] 0 tasks in internal queue
2021-07-19 09:10:41.515 interchange:269 [DEBUG]  [TASK_PULL_THREAD] 0 tasks in internal queue
2021-07-19 09:10:41.528 interchange:269 [DEBUG]  [TASK_PULL_THREAD] 0 tasks in internal queue
2021-07-19 09:10:41.542 interchange:269 [DEBUG]  [TASK_PULL_THREAD] 0 tasks in internal queue
2021-07-19 09:10:41.555 interchange:269 [DEBUG]  [TASK_PULL_THREAD] 0 tasks in internal queue
2021-07-19 09:10:41.567 interchange:269 [DEBUG]  [TASK_PULL_THREAD] 0 tasks in internal queue
2021-07-19 09:10:41.573 interchange:476 [DEBUG]  Managers count (interesting/total): 1/1
2021-07-19 09:10:41.574 interchange:512 [DEBUG]  [MAIN] either no interesting managers or no tasks, so skipping manager pass
2021-07-19 09:10:41.576 interchange:476 [DEBUG]  Managers count (interesting/total): 1/1
2021-07-19 09:10:41.576 interchange:512 [DEBUG]  [MAIN] either no interesting managers or no tasks, so skipping manager pass
2021-07-19 09:10:41.577 interchange:515 [DEBUG]  [MAIN] entering results_incoming section
2021-07-19 09:10:41.578 interchange:520 [DEBUG]  [MAIN] Got 1 result items in batch
2021-07-19 09:10:41.579 interchange:269 [DEBUG]  [TASK_PULL_THREAD] 0 tasks in internal queue
2021-07-19 09:10:41.580 interchange:533 [DEBUG]  [MAIN] Current tasks: []
2021-07-19 09:10:41.581 interchange:536 [DEBUG]  [MAIN] leaving results_incoming section
2021-07-19 09:10:41.586 interchange:278 [DEBUG]  [TASK_PULL_THREAD] Fetched task:7
2021-07-19 09:10:41.591 interchange:278 [DEBUG]  [TASK_PULL_THREAD] Fetched task:8
2021-07-19 09:10:41.604 interchange:269 [DEBUG]  [TASK_PULL_THREAD] 2 tasks in internal queue
2021-07-19 09:10:41.617 interchange:269 [DEBUG]  [TASK_PULL_THREAD] 2 tasks in internal queue
2021-07-19 09:10:41.629 interchange:269 [DEBUG]  [TASK_PULL_THREAD] 2 tasks in internal queue
2021-07-19 09:10:41.641 interchange:269 [DEBUG]  [TASK_PULL_THREAD] 2 tasks in internal queue
2021-07-19 09:10:41.648 interchange:360 [DEBUG]  [COMMAND] is alive
2021-07-19 09:10:41.654 interchange:269 [DEBUG]  [TASK_PULL_THREAD] 2 tasks in internal queue
2021-07-19 09:10:41.667 interchange:269 [DEBUG]  [TASK_PULL_THREAD] 2 tasks in internal queue
2021-07-19 09:10:41.669 interchange:408 [DEBUG]  [MAIN] starting task_outgoing section
2021-07-19 09:10:41.670 interchange:469 [DEBUG]  [MAIN] Manager b'09f17ca948e0' requested 3 tasks
2021-07-19 09:10:41.670 interchange:472 [DEBUG]  [MAIN] leaving task_outgoing section
2021-07-19 09:10:41.671 interchange:476 [DEBUG]  Managers count (interesting/total): 1/1
2021-07-19 09:10:41.672 interchange:500 [DEBUG]  [MAIN] Sent tasks: [7, 8] to manager b'09f17ca948e0'
2021-07-19 09:10:41.673 interchange:502 [DEBUG]  [MAIN] Manager b'09f17ca948e0' has free_capacity 1
2021-07-19 09:10:41.674 interchange:510 [DEBUG]  [MAIN] leaving _ready_manager_queue section, with 1 managers still interesting
2021-07-19 09:10:41.676 interchange:408 [DEBUG]  [MAIN] starting task_outgoing section
2021-07-19 09:10:41.677 interchange:469 [DEBUG]  [MAIN] Manager b'09f17ca948e0' requested 3 tasks
2021-07-19 09:10:41.678 interchange:472 [DEBUG]  [MAIN] leaving task_outgoing section
2021-07-19 09:10:41.679 interchange:476 [DEBUG]  Managers count (interesting/total): 1/1
2021-07-19 09:10:41.680 interchange:512 [DEBUG]  [MAIN] either no interesting managers or no tasks, so skipping manager pass
2021-07-19 09:10:41.681 interchange:269 [DEBUG]  [TASK_PULL_THREAD] 0 tasks in internal queue
2021-07-19 09:10:41.683 interchange:408 [DEBUG]  [MAIN] starting task_outgoing section
2021-07-19 09:10:41.683 interchange:469 [DEBUG]  [MAIN] Manager b'09f17ca948e0' requested 3 tasks
2021-07-19 09:10:41.684 interchange:472 [DEBUG]  [MAIN] leaving task_outgoing section
2021-07-19 09:10:41.684 interchange:476 [DEBUG]  Managers count (interesting/total): 1/1
2021-07-19 09:10:41.685 interchange:512 [DEBUG]  [MAIN] either no interesting managers or no tasks, so skipping manager pass
2021-07-19 09:10:41.694 interchange:269 [DEBUG]  [TASK_PULL_THREAD] 0 tasks in internal queue
2021-07-19 09:10:41.705 interchange:269 [DEBUG]  [TASK_PULL_THREAD] 0 tasks in internal queue
2021-07-19 09:10:41.717 interchange:269 [DEBUG]  [TASK_PULL_THREAD] 0 tasks in internal queue
2021-07-19 09:10:41.728 interchange:269 [DEBUG]  [TASK_PULL_THREAD] 0 tasks in internal queue
2021-07-19 09:10:41.739 interchange:269 [DEBUG]  [TASK_PULL_THREAD] 0 tasks in internal queue
2021-07-19 09:10:41.753 interchange:269 [DEBUG]  [TASK_PULL_THREAD] 0 tasks in internal queue
2021-07-19 09:10:41.765 interchange:269 [DEBUG]  [TASK_PULL_THREAD] 0 tasks in internal queue
2021-07-19 09:10:41.779 interchange:269 [DEBUG]  [TASK_PULL_THREAD] 0 tasks in internal queue
2021-07-19 09:10:41.786 interchange:476 [DEBUG]  Managers count (interesting/total): 1/1
2021-07-19 09:10:41.787 interchange:512 [DEBUG]  [MAIN] either no interesting managers or no tasks, so skipping manager pass
2021-07-19 09:10:41.788 interchange:476 [DEBUG]  Managers count (interesting/total): 1/1
2021-07-19 09:10:41.789 interchange:512 [DEBUG]  [MAIN] either no interesting managers or no tasks, so skipping manager pass
2021-07-19 09:10:41.790 interchange:515 [DEBUG]  [MAIN] entering results_incoming section
2021-07-19 09:10:41.791 interchange:520 [DEBUG]  [MAIN] Got 2 result items in batch
2021-07-19 09:10:41.791 interchange:533 [DEBUG]  [MAIN] Current tasks: []
2021-07-19 09:10:41.792 interchange:269 [DEBUG]  [TASK_PULL_THREAD] 0 tasks in internal queue
2021-07-19 09:10:41.792 interchange:536 [DEBUG]  [MAIN] leaving results_incoming section
2021-07-19 09:10:41.798 interchange:278 [DEBUG]  [TASK_PULL_THREAD] Fetched task:9
2021-07-19 09:10:41.811 interchange:269 [DEBUG]  [TASK_PULL_THREAD] 1 tasks in internal queue
2021-07-19 09:10:41.825 interchange:269 [DEBUG]  [TASK_PULL_THREAD] 1 tasks in internal queue
2021-07-19 09:10:41.838 interchange:269 [DEBUG]  [TASK_PULL_THREAD] 1 tasks in internal queue
2021-07-19 09:10:41.849 interchange:269 [DEBUG]  [TASK_PULL_THREAD] 1 tasks in internal queue
2021-07-19 09:10:41.863 interchange:269 [DEBUG]  [TASK_PULL_THREAD] 1 tasks in internal queue
2021-07-19 09:10:41.877 interchange:269 [DEBUG]  [TASK_PULL_THREAD] 1 tasks in internal queue
2021-07-19 09:10:41.878 interchange:408 [DEBUG]  [MAIN] starting task_outgoing section
2021-07-19 09:10:41.879 interchange:469 [DEBUG]  [MAIN] Manager b'09f17ca948e0' requested 3 tasks
2021-07-19 09:10:41.879 interchange:472 [DEBUG]  [MAIN] leaving task_outgoing section
2021-07-19 09:10:41.880 interchange:476 [DEBUG]  Managers count (interesting/total): 1/1
2021-07-19 09:10:41.881 interchange:500 [DEBUG]  [MAIN] Sent tasks: [9] to manager b'09f17ca948e0'
2021-07-19 09:10:41.882 interchange:502 [DEBUG]  [MAIN] Manager b'09f17ca948e0' has free_capacity 2
2021-07-19 09:10:41.883 interchange:510 [DEBUG]  [MAIN] leaving _ready_manager_queue section, with 1 managers still interesting
2021-07-19 09:10:41.884 interchange:408 [DEBUG]  [MAIN] starting task_outgoing section
2021-07-19 09:10:41.885 interchange:469 [DEBUG]  [MAIN] Manager b'09f17ca948e0' requested 3 tasks
2021-07-19 09:10:41.886 interchange:472 [DEBUG]  [MAIN] leaving task_outgoing section
2021-07-19 09:10:41.887 interchange:476 [DEBUG]  Managers count (interesting/total): 1/1
2021-07-19 09:10:41.887 interchange:512 [DEBUG]  [MAIN] either no interesting managers or no tasks, so skipping manager pass
2021-07-19 09:10:41.888 interchange:408 [DEBUG]  [MAIN] starting task_outgoing section
2021-07-19 09:10:41.889 interchange:469 [DEBUG]  [MAIN] Manager b'09f17ca948e0' requested 3 tasks
2021-07-19 09:10:41.890 interchange:269 [DEBUG]  [TASK_PULL_THREAD] 0 tasks in internal queue
2021-07-19 09:10:41.890 interchange:472 [DEBUG]  [MAIN] leaving task_outgoing section
2021-07-19 09:10:41.891 interchange:476 [DEBUG]  Managers count (interesting/total): 1/1
2021-07-19 09:10:41.892 interchange:512 [DEBUG]  [MAIN] either no interesting managers or no tasks, so skipping manager pass
2021-07-19 09:10:41.903 interchange:269 [DEBUG]  [TASK_PULL_THREAD] 0 tasks in internal queue
2021-07-19 09:10:41.915 interchange:269 [DEBUG]  [TASK_PULL_THREAD] 0 tasks in internal queue
2021-07-19 09:10:41.928 interchange:269 [DEBUG]  [TASK_PULL_THREAD] 0 tasks in internal queue
2021-07-19 09:10:41.942 interchange:269 [DEBUG]  [TASK_PULL_THREAD] 0 tasks in internal queue
2021-07-19 09:10:41.954 interchange:269 [DEBUG]  [TASK_PULL_THREAD] 0 tasks in internal queue
2021-07-19 09:10:41.966 interchange:269 [DEBUG]  [TASK_PULL_THREAD] 0 tasks in internal queue
2021-07-19 09:10:41.979 interchange:269 [DEBUG]  [TASK_PULL_THREAD] 0 tasks in internal queue
2021-07-19 09:10:41.992 interchange:269 [DEBUG]  [TASK_PULL_THREAD] 0 tasks in internal queue
2021-07-19 09:10:41.993 interchange:476 [DEBUG]  Managers count (interesting/total): 1/1
2021-07-19 09:10:41.994 interchange:512 [DEBUG]  [MAIN] either no interesting managers or no tasks, so skipping manager pass
2021-07-19 09:10:41.995 interchange:476 [DEBUG]  Managers count (interesting/total): 1/1
2021-07-19 09:10:41.996 interchange:512 [DEBUG]  [MAIN] either no interesting managers or no tasks, so skipping manager pass
2021-07-19 09:10:41.997 interchange:515 [DEBUG]  [MAIN] entering results_incoming section
2021-07-19 09:10:41.997 interchange:520 [DEBUG]  [MAIN] Got 1 result items in batch
2021-07-19 09:10:41.998 interchange:533 [DEBUG]  [MAIN] Current tasks: []
2021-07-19 09:10:41.999 interchange:536 [DEBUG]  [MAIN] leaving results_incoming section
2021-07-19 09:10:42.004 interchange:269 [DEBUG]  [TASK_PULL_THREAD] 0 tasks in internal queue
2021-07-19 09:10:42.005 interchange:278 [DEBUG]  [TASK_PULL_THREAD] Fetched task:10
2021-07-19 09:10:42.018 interchange:269 [DEBUG]  [TASK_PULL_THREAD] 1 tasks in internal queue
2021-07-19 09:10:42.032 interchange:269 [DEBUG]  [TASK_PULL_THREAD] 1 tasks in internal queue
2021-07-19 09:10:42.046 interchange:269 [DEBUG]  [TASK_PULL_THREAD] 1 tasks in internal queue
2021-07-19 09:10:42.058 interchange:269 [DEBUG]  [TASK_PULL_THREAD] 1 tasks in internal queue
2021-07-19 09:10:42.070 interchange:269 [DEBUG]  [TASK_PULL_THREAD] 1 tasks in internal queue
2021-07-19 09:10:42.082 interchange:269 [DEBUG]  [TASK_PULL_THREAD] 1 tasks in internal queue
2021-07-19 09:10:42.090 interchange:408 [DEBUG]  [MAIN] starting task_outgoing section
2021-07-19 09:10:42.091 interchange:469 [DEBUG]  [MAIN] Manager b'09f17ca948e0' requested 3 tasks
2021-07-19 09:10:42.091 interchange:472 [DEBUG]  [MAIN] leaving task_outgoing section
2021-07-19 09:10:42.092 interchange:476 [DEBUG]  Managers count (interesting/total): 1/1
2021-07-19 09:10:42.093 interchange:500 [DEBUG]  [MAIN] Sent tasks: [10] to manager b'09f17ca948e0'
2021-07-19 09:10:42.094 interchange:269 [DEBUG]  [TASK_PULL_THREAD] 0 tasks in internal queue
2021-07-19 09:10:42.094 interchange:502 [DEBUG]  [MAIN] Manager b'09f17ca948e0' has free_capacity 2
2021-07-19 09:10:42.097 interchange:510 [DEBUG]  [MAIN] leaving _ready_manager_queue section, with 1 managers still interesting
2021-07-19 09:10:42.098 interchange:408 [DEBUG]  [MAIN] starting task_outgoing section
2021-07-19 09:10:42.098 interchange:469 [DEBUG]  [MAIN] Manager b'09f17ca948e0' requested 3 tasks
2021-07-19 09:10:42.099 interchange:472 [DEBUG]  [MAIN] leaving task_outgoing section
2021-07-19 09:10:42.100 interchange:476 [DEBUG]  Managers count (interesting/total): 1/1
2021-07-19 09:10:42.101 interchange:512 [DEBUG]  [MAIN] either no interesting managers or no tasks, so skipping manager pass
2021-07-19 09:10:42.102 interchange:408 [DEBUG]  [MAIN] starting task_outgoing section
2021-07-19 09:10:42.102 interchange:469 [DEBUG]  [MAIN] Manager b'09f17ca948e0' requested 3 tasks
2021-07-19 09:10:42.103 interchange:472 [DEBUG]  [MAIN] leaving task_outgoing section
2021-07-19 09:10:42.103 interchange:476 [DEBUG]  Managers count (interesting/total): 1/1
2021-07-19 09:10:42.104 interchange:512 [DEBUG]  [MAIN] either no interesting managers or no tasks, so skipping manager pass
2021-07-19 09:10:42.107 interchange:269 [DEBUG]  [TASK_PULL_THREAD] 0 tasks in internal queue
2021-07-19 09:10:42.120 interchange:269 [DEBUG]  [TASK_PULL_THREAD] 0 tasks in internal queue
2021-07-19 09:10:42.132 interchange:269 [DEBUG]  [TASK_PULL_THREAD] 0 tasks in internal queue
2021-07-19 09:10:42.143 interchange:269 [DEBUG]  [TASK_PULL_THREAD] 0 tasks in internal queue
2021-07-19 09:10:42.155 interchange:269 [DEBUG]  [TASK_PULL_THREAD] 0 tasks in internal queue
2021-07-19 09:10:42.168 interchange:269 [DEBUG]  [TASK_PULL_THREAD] 0 tasks in internal queue
2021-07-19 09:10:42.182 interchange:269 [DEBUG]  [TASK_PULL_THREAD] 0 tasks in internal queue
2021-07-19 09:10:42.194 interchange:269 [DEBUG]  [TASK_PULL_THREAD] 0 tasks in internal queue
2021-07-19 09:10:42.205 interchange:476 [DEBUG]  Managers count (interesting/total): 1/1
2021-07-19 09:10:42.206 interchange:512 [DEBUG]  [MAIN] either no interesting managers or no tasks, so skipping manager pass
2021-07-19 09:10:42.207 interchange:269 [DEBUG]  [TASK_PULL_THREAD] 0 tasks in internal queue
2021-07-19 09:10:42.209 interchange:476 [DEBUG]  Managers count (interesting/total): 1/1
2021-07-19 09:10:42.210 interchange:512 [DEBUG]  [MAIN] either no interesting managers or no tasks, so skipping manager pass
2021-07-19 09:10:42.211 interchange:515 [DEBUG]  [MAIN] entering results_incoming section
2021-07-19 09:10:42.212 interchange:520 [DEBUG]  [MAIN] Got 1 result items in batch
2021-07-19 09:10:42.213 interchange:533 [DEBUG]  [MAIN] Current tasks: []
2021-07-19 09:10:42.214 interchange:536 [DEBUG]  [MAIN] leaving results_incoming section
2021-07-19 09:10:42.217 interchange:278 [DEBUG]  [TASK_PULL_THREAD] Fetched task:11
2021-07-19 09:10:42.231 interchange:269 [DEBUG]  [TASK_PULL_THREAD] 1 tasks in internal queue
2021-07-19 09:10:42.243 interchange:269 [DEBUG]  [TASK_PULL_THREAD] 1 tasks in internal queue
2021-07-19 09:10:42.254 interchange:269 [DEBUG]  [TASK_PULL_THREAD] 1 tasks in internal queue
2021-07-19 09:10:42.267 interchange:269 [DEBUG]  [TASK_PULL_THREAD] 1 tasks in internal queue
2021-07-19 09:10:42.279 interchange:269 [DEBUG]  [TASK_PULL_THREAD] 1 tasks in internal queue
2021-07-19 09:10:42.293 interchange:269 [DEBUG]  [TASK_PULL_THREAD] 1 tasks in internal queue
2021-07-19 09:10:42.299 interchange:408 [DEBUG]  [MAIN] starting task_outgoing section
2021-07-19 09:10:42.300 interchange:469 [DEBUG]  [MAIN] Manager b'09f17ca948e0' requested 3 tasks
2021-07-19 09:10:42.301 interchange:472 [DEBUG]  [MAIN] leaving task_outgoing section
2021-07-19 09:10:42.302 interchange:476 [DEBUG]  Managers count (interesting/total): 1/1
2021-07-19 09:10:42.303 interchange:500 [DEBUG]  [MAIN] Sent tasks: [11] to manager b'09f17ca948e0'
2021-07-19 09:10:42.304 interchange:502 [DEBUG]  [MAIN] Manager b'09f17ca948e0' has free_capacity 2
2021-07-19 09:10:42.305 interchange:510 [DEBUG]  [MAIN] leaving _ready_manager_queue section, with 1 managers still interesting
2021-07-19 09:10:42.306 interchange:269 [DEBUG]  [TASK_PULL_THREAD] 0 tasks in internal queue
2021-07-19 09:10:42.307 interchange:408 [DEBUG]  [MAIN] starting task_outgoing section
2021-07-19 09:10:42.308 interchange:469 [DEBUG]  [MAIN] Manager b'09f17ca948e0' requested 3 tasks
2021-07-19 09:10:42.309 interchange:472 [DEBUG]  [MAIN] leaving task_outgoing section
2021-07-19 09:10:42.310 interchange:476 [DEBUG]  Managers count (interesting/total): 1/1
2021-07-19 09:10:42.310 interchange:512 [DEBUG]  [MAIN] either no interesting managers or no tasks, so skipping manager pass
2021-07-19 09:10:42.311 interchange:408 [DEBUG]  [MAIN] starting task_outgoing section
2021-07-19 09:10:42.312 interchange:469 [DEBUG]  [MAIN] Manager b'09f17ca948e0' requested 3 tasks
2021-07-19 09:10:42.313 interchange:472 [DEBUG]  [MAIN] leaving task_outgoing section
2021-07-19 09:10:42.313 interchange:476 [DEBUG]  Managers count (interesting/total): 1/1
2021-07-19 09:10:42.314 interchange:512 [DEBUG]  [MAIN] either no interesting managers or no tasks, so skipping manager pass
2021-07-19 09:10:42.320 interchange:269 [DEBUG]  [TASK_PULL_THREAD] 0 tasks in internal queue
2021-07-19 09:10:42.331 interchange:269 [DEBUG]  [TASK_PULL_THREAD] 0 tasks in internal queue
2021-07-19 09:10:42.345 interchange:269 [DEBUG]  [TASK_PULL_THREAD] 0 tasks in internal queue
2021-07-19 09:10:42.359 interchange:269 [DEBUG]  [TASK_PULL_THREAD] 0 tasks in internal queue
2021-07-19 09:10:42.371 interchange:269 [DEBUG]  [TASK_PULL_THREAD] 0 tasks in internal queue
2021-07-19 09:10:42.385 interchange:269 [DEBUG]  [TASK_PULL_THREAD] 0 tasks in internal queue
2021-07-19 09:10:42.398 interchange:269 [DEBUG]  [TASK_PULL_THREAD] 0 tasks in internal queue
2021-07-19 09:10:42.410 interchange:269 [DEBUG]  [TASK_PULL_THREAD] 0 tasks in internal queue
2021-07-19 09:10:42.414 interchange:476 [DEBUG]  Managers count (interesting/total): 1/1
2021-07-19 09:10:42.416 interchange:512 [DEBUG]  [MAIN] either no interesting managers or no tasks, so skipping manager pass
2021-07-19 09:10:42.417 interchange:476 [DEBUG]  Managers count (interesting/total): 1/1
2021-07-19 09:10:42.418 interchange:512 [DEBUG]  [MAIN] either no interesting managers or no tasks, so skipping manager pass
2021-07-19 09:10:42.418 interchange:515 [DEBUG]  [MAIN] entering results_incoming section
2021-07-19 09:10:42.419 interchange:520 [DEBUG]  [MAIN] Got 1 result items in batch
2021-07-19 09:10:42.420 interchange:533 [DEBUG]  [MAIN] Current tasks: []
2021-07-19 09:10:42.421 interchange:536 [DEBUG]  [MAIN] leaving results_incoming section
2021-07-19 09:10:42.422 interchange:269 [DEBUG]  [TASK_PULL_THREAD] 0 tasks in internal queue
2021-07-19 09:10:42.425 interchange:310 [DEBUG]  [COMMAND] Received command request: MANAGERS
2021-07-19 09:10:42.425 interchange:356 [DEBUG]  [COMMAND] Reply: [{'manager': '09f17ca948e0', 'block_id': '0', 'worker_count': 3, 'tasks': 0, 'idle_duration': 0.004664182662963867, 'active': True}]
2021-07-19 09:10:42.427 interchange:310 [DEBUG]  [COMMAND] Received command request: MANAGERS
2021-07-19 09:10:42.427 interchange:356 [DEBUG]  [COMMAND] Reply: [{'manager': '09f17ca948e0', 'block_id': '0', 'worker_count': 3, 'tasks': 0, 'idle_duration': 0.006512880325317383, 'active': True}]
2021-07-19 09:10:42.428 interchange:310 [DEBUG]  [COMMAND] Received command request: HOLD_WORKER;09f17ca948e0
2021-07-19 09:10:42.429 interchange:340 [INFO]  [CMD] Received HOLD_WORKER for b'09f17ca948e0'
2021-07-19 09:10:42.429 interchange:293 [INFO]  Sending message {'last_heartbeat': 1626703842.3126888, 'idle_since': 1626703842.421269, 'free_capacity': 3, 'block_id': '0', 'max_capacity': 3, 'worker_count': 3, 'active': False, 'tasks': [], 'parsl_v': '1.1.0', 'python_v': '3.8.8', 'uid': '09f17ca948e0', 'prefetch_capacity': 0, 'os': 'Darwin', 'hostname': 'Ananths-Macbook.local', 'dir': '/Users/ananthhariharan/Documents/Code/GitHub/Parsl-Project', 'cpu_count': 2, 'total_memory': 8589934592} to hub
2021-07-19 09:10:42.430 interchange:356 [DEBUG]  [COMMAND] Reply: True
2021-07-19 09:10:42.434 interchange:269 [DEBUG]  [TASK_PULL_THREAD] 0 tasks in internal queue
2021-07-19 09:10:42.445 interchange:269 [DEBUG]  [TASK_PULL_THREAD] 0 tasks in internal queue
2021-07-19 09:10:42.456 interchange:269 [DEBUG]  [TASK_PULL_THREAD] 0 tasks in internal queue
