2021-07-30 10:45:57.558 parsl:626 Rank:0 [INFO]  Python version: 3.8.8 (default, Apr 13 2021, 12:59:45) 
[Clang 10.0.0 ]
2021-07-30 10:45:57.559 parsl:627 Rank:0 [INFO]  Debug logging: True
2021-07-30 10:45:57.559 parsl:628 Rank:0 [INFO]  Log dir: /Users/ananthhariharan/Documents/Code/GitHub/Parsl-Project/runinfo/031/htex_Local
2021-07-30 10:45:57.559 parsl:629 Rank:0 [INFO]  Manager ID: f98e7a2b9dda
2021-07-30 10:45:57.559 parsl:630 Rank:0 [INFO]  Block ID: 3
2021-07-30 10:45:57.559 parsl:631 Rank:0 [INFO]  cores_per_worker: 0.25
2021-07-30 10:45:57.559 parsl:632 Rank:0 [INFO]  mem_per_worker: None
2021-07-30 10:45:57.559 parsl:633 Rank:0 [INFO]  task_port: 54142
2021-07-30 10:45:57.559 parsl:634 Rank:0 [INFO]  result_port: 54069
2021-07-30 10:45:57.559 parsl:635 Rank:0 [INFO]  addresses: 138.68.145.31,Ananths-Macbook.local,10.31.2.79
2021-07-30 10:45:57.559 parsl:636 Rank:0 [INFO]  max_workers: inf
2021-07-30 10:45:57.560 parsl:637 Rank:0 [INFO]  poll_period: 100
2021-07-30 10:45:57.560 parsl:638 Rank:0 [INFO]  address_probe_timeout: 30
2021-07-30 10:45:57.560 parsl:639 Rank:0 [INFO]  Prefetch capacity: 0
2021-07-30 10:45:57.560 parsl:640 Rank:0 [INFO]  Heartbeat threshold: 5
2021-07-30 10:45:57.560 parsl:641 Rank:0 [INFO]  Heartbeat period: 2
2021-07-30 10:45:57.560 parsl:642 Rank:0 [INFO]  CPU affinity: none
2021-07-30 10:45:57.560 parsl:118 Rank:0 [INFO]  Manager started
2021-07-30 10:45:57.561 parsl.executors.high_throughput.probe:34 Rank:0 [DEBUG]  Trying to connect back on tcp://138.68.145.31:54142
2021-07-30 10:45:57.562 parsl.executors.high_throughput.probe:34 Rank:0 [DEBUG]  Trying to connect back on tcp://Ananths-Macbook.local:54142
2021-07-30 10:45:57.562 parsl.executors.high_throughput.probe:34 Rank:0 [DEBUG]  Trying to connect back on tcp://10.31.2.79:54142
2021-07-30 10:45:57.575 parsl.executors.high_throughput.probe:47 Rank:0 [INFO]  Connected to interchange on Ananths-Macbook.local
2021-07-30 10:45:57.579 parsl:125 Rank:0 [INFO]  Connection to Interchange successful on Ananths-Macbook.local
2021-07-30 10:45:57.579 parsl:128 Rank:0 [INFO]  Task url : tcp://Ananths-Macbook.local:54142
2021-07-30 10:45:57.579 parsl:129 Rank:0 [INFO]  Result url : tcp://Ananths-Macbook.local:54069
2021-07-30 10:45:57.580 parsl:147 Rank:0 [INFO]  Manager connected
2021-07-30 10:45:57.580 parsl:173 Rank:0 [INFO]  Manager will spawn 16 workers
2021-07-30 10:45:58.217 parsl:401 Rank:0 [DEBUG]  Manager synced with workers
2021-07-30 10:45:58.224 parsl:226 Rank:0 [INFO]  [TASK PULL THREAD] starting
2021-07-30 10:45:58.226 parsl:232 Rank:0 [DEBUG]  Sending registration message: b'{"parsl_v": "1.1.0", "python_v": "3.8.8", "worker_count": 16, "uid": "f98e7a2b9dda", "block_id": "3", "prefetch_capacity": 0, "max_capacity": 16, "os": "Darwin", "hostname": "Ananths-Macbook.local", "dir": "/Users/ananthhariharan/Documents/Code/GitHub/Parsl-Project", "cpu_count": 2, "total_memory": 8589934592}'
2021-07-30 10:45:58.227 parsl:244 Rank:0 [DEBUG]  [TASK_PULL_THREAD] ready workers:15, pending tasks:0
2021-07-30 10:45:58.228 parsl:307 Rank:0 [DEBUG]  [RESULT_PUSH_THREAD] Starting thread
2021-07-30 10:45:58.228 parsl:252 Rank:0 [DEBUG]  [TASK_PULL_THREAD] Requesting tasks: 15
2021-07-30 10:45:58.228 parsl:344 Rank:0 [DEBUG]  [WORKER_WATCHDOG_THREAD] Starting thread
2021-07-30 10:45:58.228 parsl:416 Rank:0 [INFO]  Loop start
2021-07-30 10:45:58.229 parsl:310 Rank:0 [DEBUG]  [RESULT_PUSH_THREAD] push poll period: 0.1
2021-07-30 10:45:58.331 parsl:283 Rank:0 [DEBUG]  [TASK_PULL_THREAD] No incoming tasks
2021-07-30 10:45:58.331 parsl:244 Rank:0 [DEBUG]  [TASK_PULL_THREAD] ready workers:16, pending tasks:0
2021-07-30 10:45:58.331 parsl:252 Rank:0 [DEBUG]  [TASK_PULL_THREAD] Requesting tasks: 16
2021-07-30 10:45:58.534 parsl:283 Rank:0 [DEBUG]  [TASK_PULL_THREAD] No incoming tasks
2021-07-30 10:45:58.535 parsl:244 Rank:0 [DEBUG]  [TASK_PULL_THREAD] ready workers:16, pending tasks:0
2021-07-30 10:45:58.535 parsl:252 Rank:0 [DEBUG]  [TASK_PULL_THREAD] Requesting tasks: 16
2021-07-30 10:45:58.936 parsl:283 Rank:0 [DEBUG]  [TASK_PULL_THREAD] No incoming tasks
2021-07-30 10:45:58.936 parsl:244 Rank:0 [DEBUG]  [TASK_PULL_THREAD] ready workers:16, pending tasks:0
2021-07-30 10:45:58.936 parsl:252 Rank:0 [DEBUG]  [TASK_PULL_THREAD] Requesting tasks: 16
2021-07-30 10:45:59.742 parsl:283 Rank:0 [DEBUG]  [TASK_PULL_THREAD] No incoming tasks
2021-07-30 10:45:59.742 parsl:244 Rank:0 [DEBUG]  [TASK_PULL_THREAD] ready workers:16, pending tasks:0
2021-07-30 10:45:59.742 parsl:252 Rank:0 [DEBUG]  [TASK_PULL_THREAD] Requesting tasks: 16
2021-07-30 10:46:01.345 parsl:283 Rank:0 [DEBUG]  [TASK_PULL_THREAD] No incoming tasks
2021-07-30 10:46:01.345 parsl:244 Rank:0 [DEBUG]  [TASK_PULL_THREAD] ready workers:16, pending tasks:0
2021-07-30 10:46:01.345 parsl:214 Rank:0 [DEBUG]  Return from heartbeat: None
2021-07-30 10:46:01.345 parsl:252 Rank:0 [DEBUG]  [TASK_PULL_THREAD] Requesting tasks: 16
2021-07-30 10:46:01.348 parsl:270 Rank:0 [DEBUG]  Got heartbeat from interchange
2021-07-30 10:46:01.348 parsl:244 Rank:0 [DEBUG]  [TASK_PULL_THREAD] ready workers:16, pending tasks:0
2021-07-30 10:46:01.348 parsl:252 Rank:0 [DEBUG]  [TASK_PULL_THREAD] Requesting tasks: 16
2021-07-30 10:46:01.349 parsl:283 Rank:0 [DEBUG]  [TASK_PULL_THREAD] No incoming tasks
2021-07-30 10:46:01.349 parsl:244 Rank:0 [DEBUG]  [TASK_PULL_THREAD] ready workers:16, pending tasks:0
2021-07-30 10:46:01.349 parsl:252 Rank:0 [DEBUG]  [TASK_PULL_THREAD] Requesting tasks: 16
2021-07-30 10:46:01.550 parsl:283 Rank:0 [DEBUG]  [TASK_PULL_THREAD] No incoming tasks
2021-07-30 10:46:01.550 parsl:244 Rank:0 [DEBUG]  [TASK_PULL_THREAD] ready workers:16, pending tasks:0
2021-07-30 10:46:01.550 parsl:252 Rank:0 [DEBUG]  [TASK_PULL_THREAD] Requesting tasks: 16
2021-07-30 10:46:01.963 parsl:283 Rank:0 [DEBUG]  [TASK_PULL_THREAD] No incoming tasks
2021-07-30 10:46:01.964 parsl:244 Rank:0 [DEBUG]  [TASK_PULL_THREAD] ready workers:16, pending tasks:0
2021-07-30 10:46:01.964 parsl:252 Rank:0 [DEBUG]  [TASK_PULL_THREAD] Requesting tasks: 16
2021-07-30 10:46:02.774 parsl:283 Rank:0 [DEBUG]  [TASK_PULL_THREAD] No incoming tasks
2021-07-30 10:46:02.774 parsl:244 Rank:0 [DEBUG]  [TASK_PULL_THREAD] ready workers:16, pending tasks:0
2021-07-30 10:46:02.774 parsl:252 Rank:0 [DEBUG]  [TASK_PULL_THREAD] Requesting tasks: 16
2021-07-30 10:46:04.375 parsl:283 Rank:0 [DEBUG]  [TASK_PULL_THREAD] No incoming tasks
2021-07-30 10:46:04.375 parsl:244 Rank:0 [DEBUG]  [TASK_PULL_THREAD] ready workers:16, pending tasks:0
2021-07-30 10:46:04.375 parsl:214 Rank:0 [DEBUG]  Return from heartbeat: None
2021-07-30 10:46:04.375 parsl:252 Rank:0 [DEBUG]  [TASK_PULL_THREAD] Requesting tasks: 16
2021-07-30 10:46:04.378 parsl:270 Rank:0 [DEBUG]  Got heartbeat from interchange
2021-07-30 10:46:04.382 parsl:244 Rank:0 [DEBUG]  [TASK_PULL_THREAD] ready workers:16, pending tasks:0
2021-07-30 10:46:04.382 parsl:252 Rank:0 [DEBUG]  [TASK_PULL_THREAD] Requesting tasks: 16
2021-07-30 10:46:04.383 parsl:283 Rank:0 [DEBUG]  [TASK_PULL_THREAD] No incoming tasks
2021-07-30 10:46:04.383 parsl:244 Rank:0 [DEBUG]  [TASK_PULL_THREAD] ready workers:16, pending tasks:0
2021-07-30 10:46:04.384 parsl:252 Rank:0 [DEBUG]  [TASK_PULL_THREAD] Requesting tasks: 16
2021-07-30 10:46:04.586 parsl:283 Rank:0 [DEBUG]  [TASK_PULL_THREAD] No incoming tasks
2021-07-30 10:46:04.586 parsl:244 Rank:0 [DEBUG]  [TASK_PULL_THREAD] ready workers:16, pending tasks:0
2021-07-30 10:46:04.587 parsl:252 Rank:0 [DEBUG]  [TASK_PULL_THREAD] Requesting tasks: 16
2021-07-30 10:46:04.992 parsl:283 Rank:0 [DEBUG]  [TASK_PULL_THREAD] No incoming tasks
2021-07-30 10:46:04.992 parsl:244 Rank:0 [DEBUG]  [TASK_PULL_THREAD] ready workers:16, pending tasks:0
2021-07-30 10:46:04.992 parsl:252 Rank:0 [DEBUG]  [TASK_PULL_THREAD] Requesting tasks: 16
2021-07-30 10:46:05.793 parsl:283 Rank:0 [DEBUG]  [TASK_PULL_THREAD] No incoming tasks
2021-07-30 10:46:05.793 parsl:244 Rank:0 [DEBUG]  [TASK_PULL_THREAD] ready workers:16, pending tasks:0
2021-07-30 10:46:05.794 parsl:252 Rank:0 [DEBUG]  [TASK_PULL_THREAD] Requesting tasks: 16
2021-07-30 10:46:07.394 parsl:283 Rank:0 [DEBUG]  [TASK_PULL_THREAD] No incoming tasks
2021-07-30 10:46:07.395 parsl:244 Rank:0 [DEBUG]  [TASK_PULL_THREAD] ready workers:16, pending tasks:0
2021-07-30 10:46:07.395 parsl:214 Rank:0 [DEBUG]  Return from heartbeat: None
2021-07-30 10:46:07.395 parsl:252 Rank:0 [DEBUG]  [TASK_PULL_THREAD] Requesting tasks: 16
2021-07-30 10:46:07.398 parsl:270 Rank:0 [DEBUG]  Got heartbeat from interchange
2021-07-30 10:46:07.399 parsl:244 Rank:0 [DEBUG]  [TASK_PULL_THREAD] ready workers:16, pending tasks:0
2021-07-30 10:46:07.399 parsl:252 Rank:0 [DEBUG]  [TASK_PULL_THREAD] Requesting tasks: 16
2021-07-30 10:46:07.399 parsl:283 Rank:0 [DEBUG]  [TASK_PULL_THREAD] No incoming tasks
2021-07-30 10:46:07.400 parsl:244 Rank:0 [DEBUG]  [TASK_PULL_THREAD] ready workers:16, pending tasks:0
2021-07-30 10:46:07.400 parsl:252 Rank:0 [DEBUG]  [TASK_PULL_THREAD] Requesting tasks: 16
2021-07-30 10:46:07.602 parsl:283 Rank:0 [DEBUG]  [TASK_PULL_THREAD] No incoming tasks
2021-07-30 10:46:07.603 parsl:244 Rank:0 [DEBUG]  [TASK_PULL_THREAD] ready workers:16, pending tasks:0
2021-07-30 10:46:07.603 parsl:252 Rank:0 [DEBUG]  [TASK_PULL_THREAD] Requesting tasks: 16
2021-07-30 10:46:08.007 parsl:283 Rank:0 [DEBUG]  [TASK_PULL_THREAD] No incoming tasks
2021-07-30 10:46:08.008 parsl:244 Rank:0 [DEBUG]  [TASK_PULL_THREAD] ready workers:16, pending tasks:0
2021-07-30 10:46:08.008 parsl:252 Rank:0 [DEBUG]  [TASK_PULL_THREAD] Requesting tasks: 16
2021-07-30 10:46:08.811 parsl:283 Rank:0 [DEBUG]  [TASK_PULL_THREAD] No incoming tasks
2021-07-30 10:46:08.811 parsl:244 Rank:0 [DEBUG]  [TASK_PULL_THREAD] ready workers:16, pending tasks:0
2021-07-30 10:46:08.811 parsl:252 Rank:0 [DEBUG]  [TASK_PULL_THREAD] Requesting tasks: 16
2021-07-30 10:46:10.413 parsl:283 Rank:0 [DEBUG]  [TASK_PULL_THREAD] No incoming tasks
2021-07-30 10:46:10.413 parsl:244 Rank:0 [DEBUG]  [TASK_PULL_THREAD] ready workers:16, pending tasks:0
2021-07-30 10:46:10.414 parsl:214 Rank:0 [DEBUG]  Return from heartbeat: None
2021-07-30 10:46:10.414 parsl:252 Rank:0 [DEBUG]  [TASK_PULL_THREAD] Requesting tasks: 16
2021-07-30 10:46:10.416 parsl:270 Rank:0 [DEBUG]  Got heartbeat from interchange
2021-07-30 10:46:10.416 parsl:244 Rank:0 [DEBUG]  [TASK_PULL_THREAD] ready workers:16, pending tasks:0
2021-07-30 10:46:10.417 parsl:252 Rank:0 [DEBUG]  [TASK_PULL_THREAD] Requesting tasks: 16
2021-07-30 10:46:10.417 parsl:283 Rank:0 [DEBUG]  [TASK_PULL_THREAD] No incoming tasks
2021-07-30 10:46:10.417 parsl:244 Rank:0 [DEBUG]  [TASK_PULL_THREAD] ready workers:16, pending tasks:0
2021-07-30 10:46:10.417 parsl:252 Rank:0 [DEBUG]  [TASK_PULL_THREAD] Requesting tasks: 16
2021-07-30 10:46:10.619 parsl:283 Rank:0 [DEBUG]  [TASK_PULL_THREAD] No incoming tasks
2021-07-30 10:46:10.620 parsl:244 Rank:0 [DEBUG]  [TASK_PULL_THREAD] ready workers:16, pending tasks:0
2021-07-30 10:46:10.620 parsl:252 Rank:0 [DEBUG]  [TASK_PULL_THREAD] Requesting tasks: 16
2021-07-30 10:46:11.025 parsl:283 Rank:0 [DEBUG]  [TASK_PULL_THREAD] No incoming tasks
2021-07-30 10:46:11.025 parsl:244 Rank:0 [DEBUG]  [TASK_PULL_THREAD] ready workers:16, pending tasks:0
2021-07-30 10:46:11.026 parsl:252 Rank:0 [DEBUG]  [TASK_PULL_THREAD] Requesting tasks: 16
2021-07-30 10:46:11.829 parsl:283 Rank:0 [DEBUG]  [TASK_PULL_THREAD] No incoming tasks
2021-07-30 10:46:11.830 parsl:244 Rank:0 [DEBUG]  [TASK_PULL_THREAD] ready workers:16, pending tasks:0
2021-07-30 10:46:11.830 parsl:252 Rank:0 [DEBUG]  [TASK_PULL_THREAD] Requesting tasks: 16
2021-07-30 10:46:13.435 parsl:283 Rank:0 [DEBUG]  [TASK_PULL_THREAD] No incoming tasks
2021-07-30 10:46:13.436 parsl:244 Rank:0 [DEBUG]  [TASK_PULL_THREAD] ready workers:16, pending tasks:0
2021-07-30 10:46:13.436 parsl:214 Rank:0 [DEBUG]  Return from heartbeat: None
2021-07-30 10:46:13.436 parsl:252 Rank:0 [DEBUG]  [TASK_PULL_THREAD] Requesting tasks: 16
2021-07-30 10:46:13.439 parsl:270 Rank:0 [DEBUG]  Got heartbeat from interchange
2021-07-30 10:46:13.440 parsl:244 Rank:0 [DEBUG]  [TASK_PULL_THREAD] ready workers:16, pending tasks:0
2021-07-30 10:46:13.440 parsl:252 Rank:0 [DEBUG]  [TASK_PULL_THREAD] Requesting tasks: 16
2021-07-30 10:46:13.440 parsl:283 Rank:0 [DEBUG]  [TASK_PULL_THREAD] No incoming tasks
2021-07-30 10:46:13.440 parsl:244 Rank:0 [DEBUG]  [TASK_PULL_THREAD] ready workers:16, pending tasks:0
2021-07-30 10:46:13.441 parsl:252 Rank:0 [DEBUG]  [TASK_PULL_THREAD] Requesting tasks: 16
2021-07-30 10:46:13.645 parsl:283 Rank:0 [DEBUG]  [TASK_PULL_THREAD] No incoming tasks
2021-07-30 10:46:13.645 parsl:244 Rank:0 [DEBUG]  [TASK_PULL_THREAD] ready workers:16, pending tasks:0
2021-07-30 10:46:13.646 parsl:252 Rank:0 [DEBUG]  [TASK_PULL_THREAD] Requesting tasks: 16
2021-07-30 10:46:14.047 parsl:283 Rank:0 [DEBUG]  [TASK_PULL_THREAD] No incoming tasks
2021-07-30 10:46:14.047 parsl:244 Rank:0 [DEBUG]  [TASK_PULL_THREAD] ready workers:16, pending tasks:0
2021-07-30 10:46:14.047 parsl:252 Rank:0 [DEBUG]  [TASK_PULL_THREAD] Requesting tasks: 16
2021-07-30 10:46:14.850 parsl:283 Rank:0 [DEBUG]  [TASK_PULL_THREAD] No incoming tasks
2021-07-30 10:46:14.851 parsl:244 Rank:0 [DEBUG]  [TASK_PULL_THREAD] ready workers:16, pending tasks:0
2021-07-30 10:46:14.851 parsl:252 Rank:0 [DEBUG]  [TASK_PULL_THREAD] Requesting tasks: 16
2021-07-30 10:46:16.454 parsl:283 Rank:0 [DEBUG]  [TASK_PULL_THREAD] No incoming tasks
2021-07-30 10:46:16.454 parsl:244 Rank:0 [DEBUG]  [TASK_PULL_THREAD] ready workers:16, pending tasks:0
2021-07-30 10:46:16.455 parsl:214 Rank:0 [DEBUG]  Return from heartbeat: None
2021-07-30 10:46:16.456 parsl:252 Rank:0 [DEBUG]  [TASK_PULL_THREAD] Requesting tasks: 16
2021-07-30 10:46:16.460 parsl:270 Rank:0 [DEBUG]  Got heartbeat from interchange
2021-07-30 10:46:16.460 parsl:244 Rank:0 [DEBUG]  [TASK_PULL_THREAD] ready workers:16, pending tasks:0
2021-07-30 10:46:16.460 parsl:252 Rank:0 [DEBUG]  [TASK_PULL_THREAD] Requesting tasks: 16
2021-07-30 10:46:16.461 parsl:283 Rank:0 [DEBUG]  [TASK_PULL_THREAD] No incoming tasks
2021-07-30 10:46:16.461 parsl:244 Rank:0 [DEBUG]  [TASK_PULL_THREAD] ready workers:16, pending tasks:0
2021-07-30 10:46:16.462 parsl:252 Rank:0 [DEBUG]  [TASK_PULL_THREAD] Requesting tasks: 16
2021-07-30 10:46:16.664 parsl:283 Rank:0 [DEBUG]  [TASK_PULL_THREAD] No incoming tasks
2021-07-30 10:46:16.664 parsl:244 Rank:0 [DEBUG]  [TASK_PULL_THREAD] ready workers:16, pending tasks:0
2021-07-30 10:46:16.665 parsl:252 Rank:0 [DEBUG]  [TASK_PULL_THREAD] Requesting tasks: 16
2021-07-30 10:46:17.069 parsl:283 Rank:0 [DEBUG]  [TASK_PULL_THREAD] No incoming tasks
2021-07-30 10:46:17.070 parsl:244 Rank:0 [DEBUG]  [TASK_PULL_THREAD] ready workers:16, pending tasks:0
2021-07-30 10:46:17.070 parsl:252 Rank:0 [DEBUG]  [TASK_PULL_THREAD] Requesting tasks: 16
2021-07-30 10:46:17.871 parsl:283 Rank:0 [DEBUG]  [TASK_PULL_THREAD] No incoming tasks
2021-07-30 10:46:17.871 parsl:244 Rank:0 [DEBUG]  [TASK_PULL_THREAD] ready workers:16, pending tasks:0
2021-07-30 10:46:17.871 parsl:252 Rank:0 [DEBUG]  [TASK_PULL_THREAD] Requesting tasks: 16
2021-07-30 10:46:19.475 parsl:283 Rank:0 [DEBUG]  [TASK_PULL_THREAD] No incoming tasks
2021-07-30 10:46:19.475 parsl:244 Rank:0 [DEBUG]  [TASK_PULL_THREAD] ready workers:16, pending tasks:0
2021-07-30 10:46:19.476 parsl:214 Rank:0 [DEBUG]  Return from heartbeat: None
2021-07-30 10:46:19.476 parsl:252 Rank:0 [DEBUG]  [TASK_PULL_THREAD] Requesting tasks: 16
2021-07-30 10:46:19.478 parsl:270 Rank:0 [DEBUG]  Got heartbeat from interchange
2021-07-30 10:46:19.478 parsl:244 Rank:0 [DEBUG]  [TASK_PULL_THREAD] ready workers:16, pending tasks:0
2021-07-30 10:46:19.479 parsl:252 Rank:0 [DEBUG]  [TASK_PULL_THREAD] Requesting tasks: 16
2021-07-30 10:46:19.479 parsl:283 Rank:0 [DEBUG]  [TASK_PULL_THREAD] No incoming tasks
2021-07-30 10:46:19.479 parsl:244 Rank:0 [DEBUG]  [TASK_PULL_THREAD] ready workers:16, pending tasks:0
2021-07-30 10:46:19.480 parsl:252 Rank:0 [DEBUG]  [TASK_PULL_THREAD] Requesting tasks: 16
2021-07-30 10:46:19.683 parsl:283 Rank:0 [DEBUG]  [TASK_PULL_THREAD] No incoming tasks
2021-07-30 10:46:19.683 parsl:244 Rank:0 [DEBUG]  [TASK_PULL_THREAD] ready workers:16, pending tasks:0
2021-07-30 10:46:19.684 parsl:252 Rank:0 [DEBUG]  [TASK_PULL_THREAD] Requesting tasks: 16
2021-07-30 10:46:20.089 parsl:283 Rank:0 [DEBUG]  [TASK_PULL_THREAD] No incoming tasks
2021-07-30 10:46:20.090 parsl:244 Rank:0 [DEBUG]  [TASK_PULL_THREAD] ready workers:16, pending tasks:0
2021-07-30 10:46:20.090 parsl:252 Rank:0 [DEBUG]  [TASK_PULL_THREAD] Requesting tasks: 16
2021-07-30 10:46:20.892 parsl:283 Rank:0 [DEBUG]  [TASK_PULL_THREAD] No incoming tasks
2021-07-30 10:46:20.893 parsl:244 Rank:0 [DEBUG]  [TASK_PULL_THREAD] ready workers:16, pending tasks:0
2021-07-30 10:46:20.893 parsl:252 Rank:0 [DEBUG]  [TASK_PULL_THREAD] Requesting tasks: 16
2021-07-30 10:46:22.494 parsl:283 Rank:0 [DEBUG]  [TASK_PULL_THREAD] No incoming tasks
2021-07-30 10:46:22.494 parsl:244 Rank:0 [DEBUG]  [TASK_PULL_THREAD] ready workers:16, pending tasks:0
2021-07-30 10:46:22.495 parsl:214 Rank:0 [DEBUG]  Return from heartbeat: None
2021-07-30 10:46:22.495 parsl:252 Rank:0 [DEBUG]  [TASK_PULL_THREAD] Requesting tasks: 16
2021-07-30 10:46:22.497 parsl:270 Rank:0 [DEBUG]  Got heartbeat from interchange
2021-07-30 10:46:22.497 parsl:244 Rank:0 [DEBUG]  [TASK_PULL_THREAD] ready workers:16, pending tasks:0
2021-07-30 10:46:22.497 parsl:252 Rank:0 [DEBUG]  [TASK_PULL_THREAD] Requesting tasks: 16
2021-07-30 10:46:22.498 parsl:283 Rank:0 [DEBUG]  [TASK_PULL_THREAD] No incoming tasks
2021-07-30 10:46:22.498 parsl:244 Rank:0 [DEBUG]  [TASK_PULL_THREAD] ready workers:16, pending tasks:0
2021-07-30 10:46:22.498 parsl:252 Rank:0 [DEBUG]  [TASK_PULL_THREAD] Requesting tasks: 16
2021-07-30 10:46:22.703 parsl:283 Rank:0 [DEBUG]  [TASK_PULL_THREAD] No incoming tasks
2021-07-30 10:46:22.704 parsl:244 Rank:0 [DEBUG]  [TASK_PULL_THREAD] ready workers:16, pending tasks:0
2021-07-30 10:46:22.704 parsl:252 Rank:0 [DEBUG]  [TASK_PULL_THREAD] Requesting tasks: 16
2021-07-30 10:46:23.105 parsl:283 Rank:0 [DEBUG]  [TASK_PULL_THREAD] No incoming tasks
2021-07-30 10:46:23.105 parsl:244 Rank:0 [DEBUG]  [TASK_PULL_THREAD] ready workers:16, pending tasks:0
2021-07-30 10:46:23.105 parsl:252 Rank:0 [DEBUG]  [TASK_PULL_THREAD] Requesting tasks: 16
2021-07-30 10:46:23.909 parsl:283 Rank:0 [DEBUG]  [TASK_PULL_THREAD] No incoming tasks
2021-07-30 10:46:23.909 parsl:244 Rank:0 [DEBUG]  [TASK_PULL_THREAD] ready workers:16, pending tasks:0
2021-07-30 10:46:23.909 parsl:252 Rank:0 [DEBUG]  [TASK_PULL_THREAD] Requesting tasks: 16
2021-07-30 10:46:25.514 parsl:283 Rank:0 [DEBUG]  [TASK_PULL_THREAD] No incoming tasks
2021-07-30 10:46:25.514 parsl:244 Rank:0 [DEBUG]  [TASK_PULL_THREAD] ready workers:16, pending tasks:0
2021-07-30 10:46:25.514 parsl:214 Rank:0 [DEBUG]  Return from heartbeat: None
2021-07-30 10:46:25.514 parsl:252 Rank:0 [DEBUG]  [TASK_PULL_THREAD] Requesting tasks: 16
2021-07-30 10:46:25.519 parsl:270 Rank:0 [DEBUG]  Got heartbeat from interchange
2021-07-30 10:46:25.520 parsl:244 Rank:0 [DEBUG]  [TASK_PULL_THREAD] ready workers:16, pending tasks:0
2021-07-30 10:46:25.521 parsl:252 Rank:0 [DEBUG]  [TASK_PULL_THREAD] Requesting tasks: 16
2021-07-30 10:46:25.522 parsl:283 Rank:0 [DEBUG]  [TASK_PULL_THREAD] No incoming tasks
2021-07-30 10:46:25.522 parsl:244 Rank:0 [DEBUG]  [TASK_PULL_THREAD] ready workers:16, pending tasks:0
2021-07-30 10:46:25.522 parsl:252 Rank:0 [DEBUG]  [TASK_PULL_THREAD] Requesting tasks: 16
2021-07-30 10:46:25.724 parsl:283 Rank:0 [DEBUG]  [TASK_PULL_THREAD] No incoming tasks
2021-07-30 10:46:25.724 parsl:244 Rank:0 [DEBUG]  [TASK_PULL_THREAD] ready workers:16, pending tasks:0
2021-07-30 10:46:25.724 parsl:252 Rank:0 [DEBUG]  [TASK_PULL_THREAD] Requesting tasks: 16
2021-07-30 10:46:26.125 parsl:283 Rank:0 [DEBUG]  [TASK_PULL_THREAD] No incoming tasks
2021-07-30 10:46:26.126 parsl:244 Rank:0 [DEBUG]  [TASK_PULL_THREAD] ready workers:16, pending tasks:0
2021-07-30 10:46:26.126 parsl:252 Rank:0 [DEBUG]  [TASK_PULL_THREAD] Requesting tasks: 16
2021-07-30 10:46:26.928 parsl:283 Rank:0 [DEBUG]  [TASK_PULL_THREAD] No incoming tasks
2021-07-30 10:46:26.928 parsl:244 Rank:0 [DEBUG]  [TASK_PULL_THREAD] ready workers:16, pending tasks:0
2021-07-30 10:46:26.928 parsl:252 Rank:0 [DEBUG]  [TASK_PULL_THREAD] Requesting tasks: 16
2021-07-30 10:46:28.532 parsl:283 Rank:0 [DEBUG]  [TASK_PULL_THREAD] No incoming tasks
2021-07-30 10:46:28.533 parsl:244 Rank:0 [DEBUG]  [TASK_PULL_THREAD] ready workers:16, pending tasks:0
2021-07-30 10:46:28.533 parsl:214 Rank:0 [DEBUG]  Return from heartbeat: None
2021-07-30 10:46:28.533 parsl:252 Rank:0 [DEBUG]  [TASK_PULL_THREAD] Requesting tasks: 16
2021-07-30 10:46:28.534 parsl:270 Rank:0 [DEBUG]  Got heartbeat from interchange
2021-07-30 10:46:28.534 parsl:244 Rank:0 [DEBUG]  [TASK_PULL_THREAD] ready workers:16, pending tasks:0
2021-07-30 10:46:28.535 parsl:252 Rank:0 [DEBUG]  [TASK_PULL_THREAD] Requesting tasks: 16
2021-07-30 10:46:28.535 parsl:283 Rank:0 [DEBUG]  [TASK_PULL_THREAD] No incoming tasks
2021-07-30 10:46:28.535 parsl:244 Rank:0 [DEBUG]  [TASK_PULL_THREAD] ready workers:16, pending tasks:0
2021-07-30 10:46:28.535 parsl:252 Rank:0 [DEBUG]  [TASK_PULL_THREAD] Requesting tasks: 16
2021-07-30 10:46:28.744 parsl:283 Rank:0 [DEBUG]  [TASK_PULL_THREAD] No incoming tasks
2021-07-30 10:46:28.744 parsl:244 Rank:0 [DEBUG]  [TASK_PULL_THREAD] ready workers:16, pending tasks:0
2021-07-30 10:46:28.745 parsl:252 Rank:0 [DEBUG]  [TASK_PULL_THREAD] Requesting tasks: 16
2021-07-30 10:46:29.163 parsl:283 Rank:0 [DEBUG]  [TASK_PULL_THREAD] No incoming tasks
2021-07-30 10:46:29.164 parsl:244 Rank:0 [DEBUG]  [TASK_PULL_THREAD] ready workers:16, pending tasks:0
2021-07-30 10:46:29.164 parsl:252 Rank:0 [DEBUG]  [TASK_PULL_THREAD] Requesting tasks: 16
2021-07-30 10:46:29.302 parsl:274 Rank:0 [DEBUG]  [TASK_PULL_THREAD] Got tasks: [15, 16, 17, 18] of 4
2021-07-30 10:46:29.305 parsl:244 Rank:0 [DEBUG]  [TASK_PULL_THREAD] ready workers:16, pending tasks:2
2021-07-30 10:46:29.305 parsl:252 Rank:0 [DEBUG]  [TASK_PULL_THREAD] Requesting tasks: 16
2021-07-30 10:46:29.306 parsl:283 Rank:0 [DEBUG]  [TASK_PULL_THREAD] No incoming tasks
2021-07-30 10:46:29.306 parsl:244 Rank:0 [DEBUG]  [TASK_PULL_THREAD] ready workers:16, pending tasks:0
2021-07-30 10:46:29.307 parsl:252 Rank:0 [DEBUG]  [TASK_PULL_THREAD] Requesting tasks: 16
2021-07-30 10:46:29.319 parsl.process_loggers:28 Rank:0 [DEBUG]  Normal ending for send_first_message on thread MainThread
2021-07-30 10:46:29.319 parsl.process_loggers:28 Rank:0 [DEBUG]  Normal ending for send_first_message on thread MainThread
2021-07-30 10:46:29.320 parsl.process_loggers:28 Rank:0 [DEBUG]  Normal ending for send_first_message on thread MainThread
2021-07-30 10:46:29.323 parsl.process_loggers:28 Rank:0 [DEBUG]  Normal ending for send_first_message on thread MainThread
2021-07-30 10:46:29.508 parsl:283 Rank:0 [DEBUG]  [TASK_PULL_THREAD] No incoming tasks
2021-07-30 10:46:29.508 parsl:244 Rank:0 [DEBUG]  [TASK_PULL_THREAD] ready workers:12, pending tasks:0
2021-07-30 10:46:29.508 parsl:252 Rank:0 [DEBUG]  [TASK_PULL_THREAD] Requesting tasks: 12
2021-07-30 10:46:29.909 parsl:283 Rank:0 [DEBUG]  [TASK_PULL_THREAD] No incoming tasks
2021-07-30 10:46:29.910 parsl:244 Rank:0 [DEBUG]  [TASK_PULL_THREAD] ready workers:12, pending tasks:0
2021-07-30 10:46:29.910 parsl:252 Rank:0 [DEBUG]  [TASK_PULL_THREAD] Requesting tasks: 12
2021-07-30 10:46:30.712 parsl:283 Rank:0 [DEBUG]  [TASK_PULL_THREAD] No incoming tasks
2021-07-30 10:46:30.713 parsl:244 Rank:0 [DEBUG]  [TASK_PULL_THREAD] ready workers:12, pending tasks:0
2021-07-30 10:46:30.713 parsl:214 Rank:0 [DEBUG]  Return from heartbeat: None
2021-07-30 10:46:30.713 parsl:252 Rank:0 [DEBUG]  [TASK_PULL_THREAD] Requesting tasks: 12
2021-07-30 10:46:30.714 parsl:270 Rank:0 [DEBUG]  Got heartbeat from interchange
2021-07-30 10:46:30.714 parsl:244 Rank:0 [DEBUG]  [TASK_PULL_THREAD] ready workers:12, pending tasks:0
2021-07-30 10:46:30.715 parsl:252 Rank:0 [DEBUG]  [TASK_PULL_THREAD] Requesting tasks: 12
2021-07-30 10:46:30.715 parsl:283 Rank:0 [DEBUG]  [TASK_PULL_THREAD] No incoming tasks
2021-07-30 10:46:30.715 parsl:244 Rank:0 [DEBUG]  [TASK_PULL_THREAD] ready workers:12, pending tasks:0
2021-07-30 10:46:30.715 parsl:252 Rank:0 [DEBUG]  [TASK_PULL_THREAD] Requesting tasks: 12
2021-07-30 10:46:30.919 parsl:283 Rank:0 [DEBUG]  [TASK_PULL_THREAD] No incoming tasks
2021-07-30 10:46:30.920 parsl:244 Rank:0 [DEBUG]  [TASK_PULL_THREAD] ready workers:12, pending tasks:0
2021-07-30 10:46:30.920 parsl:252 Rank:0 [DEBUG]  [TASK_PULL_THREAD] Requesting tasks: 12
2021-07-30 10:46:31.322 parsl:283 Rank:0 [DEBUG]  [TASK_PULL_THREAD] No incoming tasks
2021-07-30 10:46:31.322 parsl:244 Rank:0 [DEBUG]  [TASK_PULL_THREAD] ready workers:12, pending tasks:0
2021-07-30 10:46:31.323 parsl:252 Rank:0 [DEBUG]  [TASK_PULL_THREAD] Requesting tasks: 12
2021-07-30 10:46:32.123 parsl:283 Rank:0 [DEBUG]  [TASK_PULL_THREAD] No incoming tasks
2021-07-30 10:46:32.123 parsl:244 Rank:0 [DEBUG]  [TASK_PULL_THREAD] ready workers:13, pending tasks:0
2021-07-30 10:46:32.123 parsl:252 Rank:0 [DEBUG]  [TASK_PULL_THREAD] Requesting tasks: 13
2021-07-30 10:46:33.726 parsl:283 Rank:0 [DEBUG]  [TASK_PULL_THREAD] No incoming tasks
2021-07-30 10:46:33.726 parsl:244 Rank:0 [DEBUG]  [TASK_PULL_THREAD] ready workers:15, pending tasks:0
2021-07-30 10:46:33.727 parsl:214 Rank:0 [DEBUG]  Return from heartbeat: None
2021-07-30 10:46:33.727 parsl:252 Rank:0 [DEBUG]  [TASK_PULL_THREAD] Requesting tasks: 15
2021-07-30 10:46:33.728 parsl:270 Rank:0 [DEBUG]  Got heartbeat from interchange
2021-07-30 10:46:33.729 parsl:244 Rank:0 [DEBUG]  [TASK_PULL_THREAD] ready workers:15, pending tasks:0
2021-07-30 10:46:33.729 parsl:252 Rank:0 [DEBUG]  [TASK_PULL_THREAD] Requesting tasks: 15
2021-07-30 10:46:33.729 parsl:283 Rank:0 [DEBUG]  [TASK_PULL_THREAD] No incoming tasks
2021-07-30 10:46:33.729 parsl:244 Rank:0 [DEBUG]  [TASK_PULL_THREAD] ready workers:15, pending tasks:0
2021-07-30 10:46:33.729 parsl:252 Rank:0 [DEBUG]  [TASK_PULL_THREAD] Requesting tasks: 15
2021-07-30 10:46:33.934 parsl:283 Rank:0 [DEBUG]  [TASK_PULL_THREAD] No incoming tasks
2021-07-30 10:46:33.934 parsl:244 Rank:0 [DEBUG]  [TASK_PULL_THREAD] ready workers:15, pending tasks:0
2021-07-30 10:46:33.934 parsl:252 Rank:0 [DEBUG]  [TASK_PULL_THREAD] Requesting tasks: 15
2021-07-30 10:46:34.343 parsl:283 Rank:0 [DEBUG]  [TASK_PULL_THREAD] No incoming tasks
2021-07-30 10:46:34.343 parsl:244 Rank:0 [DEBUG]  [TASK_PULL_THREAD] ready workers:15, pending tasks:0
2021-07-30 10:46:34.343 parsl:252 Rank:0 [DEBUG]  [TASK_PULL_THREAD] Requesting tasks: 15
2021-07-30 10:46:35.147 parsl:283 Rank:0 [DEBUG]  [TASK_PULL_THREAD] No incoming tasks
2021-07-30 10:46:35.147 parsl:244 Rank:0 [DEBUG]  [TASK_PULL_THREAD] ready workers:15, pending tasks:0
2021-07-30 10:46:35.147 parsl:252 Rank:0 [DEBUG]  [TASK_PULL_THREAD] Requesting tasks: 15
2021-07-30 10:46:36.749 parsl:283 Rank:0 [DEBUG]  [TASK_PULL_THREAD] No incoming tasks
2021-07-30 10:46:36.750 parsl:244 Rank:0 [DEBUG]  [TASK_PULL_THREAD] ready workers:15, pending tasks:0
2021-07-30 10:46:36.750 parsl:214 Rank:0 [DEBUG]  Return from heartbeat: None
2021-07-30 10:46:36.750 parsl:252 Rank:0 [DEBUG]  [TASK_PULL_THREAD] Requesting tasks: 15
2021-07-30 10:46:36.751 parsl:270 Rank:0 [DEBUG]  Got heartbeat from interchange
2021-07-30 10:46:36.752 parsl:244 Rank:0 [DEBUG]  [TASK_PULL_THREAD] ready workers:15, pending tasks:0
2021-07-30 10:46:36.752 parsl:252 Rank:0 [DEBUG]  [TASK_PULL_THREAD] Requesting tasks: 15
2021-07-30 10:46:36.752 parsl:283 Rank:0 [DEBUG]  [TASK_PULL_THREAD] No incoming tasks
2021-07-30 10:46:36.752 parsl:244 Rank:0 [DEBUG]  [TASK_PULL_THREAD] ready workers:15, pending tasks:0
2021-07-30 10:46:36.752 parsl:252 Rank:0 [DEBUG]  [TASK_PULL_THREAD] Requesting tasks: 15
2021-07-30 10:46:36.964 parsl:283 Rank:0 [DEBUG]  [TASK_PULL_THREAD] No incoming tasks
2021-07-30 10:46:36.965 parsl:244 Rank:0 [DEBUG]  [TASK_PULL_THREAD] ready workers:15, pending tasks:0
2021-07-30 10:46:36.965 parsl:252 Rank:0 [DEBUG]  [TASK_PULL_THREAD] Requesting tasks: 15
2021-07-30 10:46:37.377 parsl:283 Rank:0 [DEBUG]  [TASK_PULL_THREAD] No incoming tasks
2021-07-30 10:46:37.378 parsl:244 Rank:0 [DEBUG]  [TASK_PULL_THREAD] ready workers:15, pending tasks:0
2021-07-30 10:46:37.379 parsl:252 Rank:0 [DEBUG]  [TASK_PULL_THREAD] Requesting tasks: 15
2021-07-30 10:46:38.180 parsl:283 Rank:0 [DEBUG]  [TASK_PULL_THREAD] No incoming tasks
2021-07-30 10:46:38.180 parsl:244 Rank:0 [DEBUG]  [TASK_PULL_THREAD] ready workers:15, pending tasks:0
2021-07-30 10:46:38.180 parsl:252 Rank:0 [DEBUG]  [TASK_PULL_THREAD] Requesting tasks: 15
2021-07-30 10:46:38.547 parsl:274 Rank:0 [DEBUG]  [TASK_PULL_THREAD] Got tasks: [20] of 5
2021-07-30 10:46:38.547 parsl:244 Rank:0 [DEBUG]  [TASK_PULL_THREAD] ready workers:16, pending tasks:1
2021-07-30 10:46:38.548 parsl:252 Rank:0 [DEBUG]  [TASK_PULL_THREAD] Requesting tasks: 16
2021-07-30 10:46:38.548 parsl:283 Rank:0 [DEBUG]  [TASK_PULL_THREAD] No incoming tasks
2021-07-30 10:46:38.548 parsl:244 Rank:0 [DEBUG]  [TASK_PULL_THREAD] ready workers:16, pending tasks:0
2021-07-30 10:46:38.549 parsl:252 Rank:0 [DEBUG]  [TASK_PULL_THREAD] Requesting tasks: 16
2021-07-30 10:46:38.558 parsl.process_loggers:28 Rank:0 [DEBUG]  Normal ending for send_first_message on thread MainThread
2021-07-30 10:46:38.751 parsl:283 Rank:0 [DEBUG]  [TASK_PULL_THREAD] No incoming tasks
2021-07-30 10:46:38.751 parsl:244 Rank:0 [DEBUG]  [TASK_PULL_THREAD] ready workers:15, pending tasks:0
2021-07-30 10:46:38.751 parsl:214 Rank:0 [DEBUG]  Return from heartbeat: None
2021-07-30 10:46:38.752 parsl:252 Rank:0 [DEBUG]  [TASK_PULL_THREAD] Requesting tasks: 15
2021-07-30 10:46:38.754 parsl:270 Rank:0 [DEBUG]  Got heartbeat from interchange
2021-07-30 10:46:38.755 parsl:244 Rank:0 [DEBUG]  [TASK_PULL_THREAD] ready workers:15, pending tasks:0
2021-07-30 10:46:38.755 parsl:252 Rank:0 [DEBUG]  [TASK_PULL_THREAD] Requesting tasks: 15
2021-07-30 10:46:38.755 parsl:283 Rank:0 [DEBUG]  [TASK_PULL_THREAD] No incoming tasks
2021-07-30 10:46:38.756 parsl:244 Rank:0 [DEBUG]  [TASK_PULL_THREAD] ready workers:15, pending tasks:0
2021-07-30 10:46:38.756 parsl:252 Rank:0 [DEBUG]  [TASK_PULL_THREAD] Requesting tasks: 15
2021-07-30 10:46:38.959 parsl:283 Rank:0 [DEBUG]  [TASK_PULL_THREAD] No incoming tasks
2021-07-30 10:46:38.959 parsl:244 Rank:0 [DEBUG]  [TASK_PULL_THREAD] ready workers:15, pending tasks:0
2021-07-30 10:46:38.959 parsl:252 Rank:0 [DEBUG]  [TASK_PULL_THREAD] Requesting tasks: 15
2021-07-30 10:46:39.364 parsl:283 Rank:0 [DEBUG]  [TASK_PULL_THREAD] No incoming tasks
2021-07-30 10:46:39.364 parsl:244 Rank:0 [DEBUG]  [TASK_PULL_THREAD] ready workers:15, pending tasks:0
2021-07-30 10:46:39.364 parsl:252 Rank:0 [DEBUG]  [TASK_PULL_THREAD] Requesting tasks: 15
2021-07-30 10:46:40.168 parsl:283 Rank:0 [DEBUG]  [TASK_PULL_THREAD] No incoming tasks
2021-07-30 10:46:40.168 parsl:244 Rank:0 [DEBUG]  [TASK_PULL_THREAD] ready workers:16, pending tasks:0
2021-07-30 10:46:40.168 parsl:252 Rank:0 [DEBUG]  [TASK_PULL_THREAD] Requesting tasks: 16
2021-07-30 10:46:41.772 parsl:283 Rank:0 [DEBUG]  [TASK_PULL_THREAD] No incoming tasks
2021-07-30 10:46:41.773 parsl:244 Rank:0 [DEBUG]  [TASK_PULL_THREAD] ready workers:16, pending tasks:0
2021-07-30 10:46:41.774 parsl:214 Rank:0 [DEBUG]  Return from heartbeat: None
2021-07-30 10:46:41.775 parsl:252 Rank:0 [DEBUG]  [TASK_PULL_THREAD] Requesting tasks: 16
2021-07-30 10:46:41.778 parsl:270 Rank:0 [DEBUG]  Got heartbeat from interchange
2021-07-30 10:46:41.778 parsl:244 Rank:0 [DEBUG]  [TASK_PULL_THREAD] ready workers:16, pending tasks:0
2021-07-30 10:46:41.778 parsl:252 Rank:0 [DEBUG]  [TASK_PULL_THREAD] Requesting tasks: 16
2021-07-30 10:46:41.778 parsl:283 Rank:0 [DEBUG]  [TASK_PULL_THREAD] No incoming tasks
2021-07-30 10:46:41.778 parsl:244 Rank:0 [DEBUG]  [TASK_PULL_THREAD] ready workers:16, pending tasks:0
2021-07-30 10:46:41.778 parsl:252 Rank:0 [DEBUG]  [TASK_PULL_THREAD] Requesting tasks: 16
2021-07-30 10:46:41.983 parsl:283 Rank:0 [DEBUG]  [TASK_PULL_THREAD] No incoming tasks
2021-07-30 10:46:41.983 parsl:244 Rank:0 [DEBUG]  [TASK_PULL_THREAD] ready workers:16, pending tasks:0
2021-07-30 10:46:41.983 parsl:252 Rank:0 [DEBUG]  [TASK_PULL_THREAD] Requesting tasks: 16
2021-07-30 10:46:42.388 parsl:283 Rank:0 [DEBUG]  [TASK_PULL_THREAD] No incoming tasks
2021-07-30 10:46:42.389 parsl:244 Rank:0 [DEBUG]  [TASK_PULL_THREAD] ready workers:16, pending tasks:0
2021-07-30 10:46:42.389 parsl:252 Rank:0 [DEBUG]  [TASK_PULL_THREAD] Requesting tasks: 16
2021-07-30 10:46:43.190 parsl:283 Rank:0 [DEBUG]  [TASK_PULL_THREAD] No incoming tasks
2021-07-30 10:46:43.190 parsl:244 Rank:0 [DEBUG]  [TASK_PULL_THREAD] ready workers:16, pending tasks:0
2021-07-30 10:46:43.190 parsl:252 Rank:0 [DEBUG]  [TASK_PULL_THREAD] Requesting tasks: 16
2021-07-30 10:46:44.793 parsl:283 Rank:0 [DEBUG]  [TASK_PULL_THREAD] No incoming tasks
2021-07-30 10:46:44.794 parsl:244 Rank:0 [DEBUG]  [TASK_PULL_THREAD] ready workers:16, pending tasks:0
2021-07-30 10:46:44.794 parsl:214 Rank:0 [DEBUG]  Return from heartbeat: None
2021-07-30 10:46:44.794 parsl:252 Rank:0 [DEBUG]  [TASK_PULL_THREAD] Requesting tasks: 16
2021-07-30 10:46:44.797 parsl:270 Rank:0 [DEBUG]  Got heartbeat from interchange
2021-07-30 10:46:44.797 parsl:244 Rank:0 [DEBUG]  [TASK_PULL_THREAD] ready workers:16, pending tasks:0
2021-07-30 10:46:44.797 parsl:252 Rank:0 [DEBUG]  [TASK_PULL_THREAD] Requesting tasks: 16
2021-07-30 10:46:44.798 parsl:283 Rank:0 [DEBUG]  [TASK_PULL_THREAD] No incoming tasks
2021-07-30 10:46:44.798 parsl:244 Rank:0 [DEBUG]  [TASK_PULL_THREAD] ready workers:16, pending tasks:0
2021-07-30 10:46:44.798 parsl:252 Rank:0 [DEBUG]  [TASK_PULL_THREAD] Requesting tasks: 16
2021-07-30 10:46:45.000 parsl:283 Rank:0 [DEBUG]  [TASK_PULL_THREAD] No incoming tasks
2021-07-30 10:46:45.000 parsl:244 Rank:0 [DEBUG]  [TASK_PULL_THREAD] ready workers:16, pending tasks:0
2021-07-30 10:46:45.000 parsl:252 Rank:0 [DEBUG]  [TASK_PULL_THREAD] Requesting tasks: 16
2021-07-30 10:46:45.405 parsl:283 Rank:0 [DEBUG]  [TASK_PULL_THREAD] No incoming tasks
2021-07-30 10:46:45.406 parsl:244 Rank:0 [DEBUG]  [TASK_PULL_THREAD] ready workers:16, pending tasks:0
2021-07-30 10:46:45.406 parsl:252 Rank:0 [DEBUG]  [TASK_PULL_THREAD] Requesting tasks: 16
2021-07-30 10:46:46.210 parsl:283 Rank:0 [DEBUG]  [TASK_PULL_THREAD] No incoming tasks
2021-07-30 10:46:46.211 parsl:244 Rank:0 [DEBUG]  [TASK_PULL_THREAD] ready workers:16, pending tasks:0
2021-07-30 10:46:46.211 parsl:252 Rank:0 [DEBUG]  [TASK_PULL_THREAD] Requesting tasks: 16
2021-07-30 10:46:47.816 parsl:283 Rank:0 [DEBUG]  [TASK_PULL_THREAD] No incoming tasks
2021-07-30 10:46:47.816 parsl:244 Rank:0 [DEBUG]  [TASK_PULL_THREAD] ready workers:16, pending tasks:0
2021-07-30 10:46:47.817 parsl:214 Rank:0 [DEBUG]  Return from heartbeat: None
2021-07-30 10:46:47.817 parsl:252 Rank:0 [DEBUG]  [TASK_PULL_THREAD] Requesting tasks: 16
2021-07-30 10:46:47.820 parsl:270 Rank:0 [DEBUG]  Got heartbeat from interchange
2021-07-30 10:46:47.821 parsl:244 Rank:0 [DEBUG]  [TASK_PULL_THREAD] ready workers:16, pending tasks:0
2021-07-30 10:46:47.821 parsl:252 Rank:0 [DEBUG]  [TASK_PULL_THREAD] Requesting tasks: 16
2021-07-30 10:46:47.821 parsl:283 Rank:0 [DEBUG]  [TASK_PULL_THREAD] No incoming tasks
2021-07-30 10:46:47.821 parsl:244 Rank:0 [DEBUG]  [TASK_PULL_THREAD] ready workers:16, pending tasks:0
2021-07-30 10:46:47.821 parsl:252 Rank:0 [DEBUG]  [TASK_PULL_THREAD] Requesting tasks: 16
2021-07-30 10:46:48.026 parsl:283 Rank:0 [DEBUG]  [TASK_PULL_THREAD] No incoming tasks
2021-07-30 10:46:48.027 parsl:244 Rank:0 [DEBUG]  [TASK_PULL_THREAD] ready workers:16, pending tasks:0
2021-07-30 10:46:48.027 parsl:252 Rank:0 [DEBUG]  [TASK_PULL_THREAD] Requesting tasks: 16
2021-07-30 10:46:48.429 parsl:283 Rank:0 [DEBUG]  [TASK_PULL_THREAD] No incoming tasks
2021-07-30 10:46:48.429 parsl:244 Rank:0 [DEBUG]  [TASK_PULL_THREAD] ready workers:16, pending tasks:0
2021-07-30 10:46:48.430 parsl:252 Rank:0 [DEBUG]  [TASK_PULL_THREAD] Requesting tasks: 16
2021-07-30 10:46:49.235 parsl:283 Rank:0 [DEBUG]  [TASK_PULL_THREAD] No incoming tasks
2021-07-30 10:46:49.235 parsl:244 Rank:0 [DEBUG]  [TASK_PULL_THREAD] ready workers:16, pending tasks:0
2021-07-30 10:46:49.235 parsl:252 Rank:0 [DEBUG]  [TASK_PULL_THREAD] Requesting tasks: 16
2021-07-30 10:46:50.840 parsl:283 Rank:0 [DEBUG]  [TASK_PULL_THREAD] No incoming tasks
2021-07-30 10:46:50.841 parsl:244 Rank:0 [DEBUG]  [TASK_PULL_THREAD] ready workers:16, pending tasks:0
2021-07-30 10:46:50.841 parsl:214 Rank:0 [DEBUG]  Return from heartbeat: None
2021-07-30 10:46:50.841 parsl:252 Rank:0 [DEBUG]  [TASK_PULL_THREAD] Requesting tasks: 16
2021-07-30 10:46:50.844 parsl:270 Rank:0 [DEBUG]  Got heartbeat from interchange
2021-07-30 10:46:50.844 parsl:244 Rank:0 [DEBUG]  [TASK_PULL_THREAD] ready workers:16, pending tasks:0
2021-07-30 10:46:50.845 parsl:252 Rank:0 [DEBUG]  [TASK_PULL_THREAD] Requesting tasks: 16
2021-07-30 10:46:50.845 parsl:283 Rank:0 [DEBUG]  [TASK_PULL_THREAD] No incoming tasks
2021-07-30 10:46:50.845 parsl:244 Rank:0 [DEBUG]  [TASK_PULL_THREAD] ready workers:16, pending tasks:0
2021-07-30 10:46:50.845 parsl:252 Rank:0 [DEBUG]  [TASK_PULL_THREAD] Requesting tasks: 16
2021-07-30 10:46:51.046 parsl:283 Rank:0 [DEBUG]  [TASK_PULL_THREAD] No incoming tasks
2021-07-30 10:46:51.046 parsl:244 Rank:0 [DEBUG]  [TASK_PULL_THREAD] ready workers:16, pending tasks:0
2021-07-30 10:46:51.046 parsl:252 Rank:0 [DEBUG]  [TASK_PULL_THREAD] Requesting tasks: 16
2021-07-30 10:46:51.446 parsl:283 Rank:0 [DEBUG]  [TASK_PULL_THREAD] No incoming tasks
2021-07-30 10:46:51.447 parsl:244 Rank:0 [DEBUG]  [TASK_PULL_THREAD] ready workers:16, pending tasks:0
2021-07-30 10:46:51.447 parsl:252 Rank:0 [DEBUG]  [TASK_PULL_THREAD] Requesting tasks: 16
2021-07-30 10:46:52.253 parsl:283 Rank:0 [DEBUG]  [TASK_PULL_THREAD] No incoming tasks
2021-07-30 10:46:52.254 parsl:244 Rank:0 [DEBUG]  [TASK_PULL_THREAD] ready workers:16, pending tasks:0
2021-07-30 10:46:52.254 parsl:252 Rank:0 [DEBUG]  [TASK_PULL_THREAD] Requesting tasks: 16
2021-07-30 10:46:53.857 parsl:283 Rank:0 [DEBUG]  [TASK_PULL_THREAD] No incoming tasks
2021-07-30 10:46:53.857 parsl:244 Rank:0 [DEBUG]  [TASK_PULL_THREAD] ready workers:16, pending tasks:0
2021-07-30 10:46:53.857 parsl:214 Rank:0 [DEBUG]  Return from heartbeat: None
2021-07-30 10:46:53.858 parsl:252 Rank:0 [DEBUG]  [TASK_PULL_THREAD] Requesting tasks: 16
2021-07-30 10:46:53.860 parsl:270 Rank:0 [DEBUG]  Got heartbeat from interchange
2021-07-30 10:46:53.861 parsl:244 Rank:0 [DEBUG]  [TASK_PULL_THREAD] ready workers:16, pending tasks:0
2021-07-30 10:46:53.861 parsl:252 Rank:0 [DEBUG]  [TASK_PULL_THREAD] Requesting tasks: 16
2021-07-30 10:46:53.861 parsl:283 Rank:0 [DEBUG]  [TASK_PULL_THREAD] No incoming tasks
2021-07-30 10:46:53.861 parsl:244 Rank:0 [DEBUG]  [TASK_PULL_THREAD] ready workers:16, pending tasks:0
2021-07-30 10:46:53.861 parsl:252 Rank:0 [DEBUG]  [TASK_PULL_THREAD] Requesting tasks: 16
2021-07-30 10:46:54.063 parsl:283 Rank:0 [DEBUG]  [TASK_PULL_THREAD] No incoming tasks
2021-07-30 10:46:54.063 parsl:244 Rank:0 [DEBUG]  [TASK_PULL_THREAD] ready workers:16, pending tasks:0
2021-07-30 10:46:54.063 parsl:252 Rank:0 [DEBUG]  [TASK_PULL_THREAD] Requesting tasks: 16
2021-07-30 10:46:54.467 parsl:283 Rank:0 [DEBUG]  [TASK_PULL_THREAD] No incoming tasks
2021-07-30 10:46:54.467 parsl:244 Rank:0 [DEBUG]  [TASK_PULL_THREAD] ready workers:16, pending tasks:0
2021-07-30 10:46:54.467 parsl:252 Rank:0 [DEBUG]  [TASK_PULL_THREAD] Requesting tasks: 16
2021-07-30 10:46:55.273 parsl:283 Rank:0 [DEBUG]  [TASK_PULL_THREAD] No incoming tasks
2021-07-30 10:46:55.273 parsl:244 Rank:0 [DEBUG]  [TASK_PULL_THREAD] ready workers:16, pending tasks:0
2021-07-30 10:46:55.273 parsl:252 Rank:0 [DEBUG]  [TASK_PULL_THREAD] Requesting tasks: 16
2021-07-30 10:46:56.875 parsl:283 Rank:0 [DEBUG]  [TASK_PULL_THREAD] No incoming tasks
2021-07-30 10:46:56.875 parsl:244 Rank:0 [DEBUG]  [TASK_PULL_THREAD] ready workers:16, pending tasks:0
2021-07-30 10:46:56.876 parsl:214 Rank:0 [DEBUG]  Return from heartbeat: None
2021-07-30 10:46:56.876 parsl:252 Rank:0 [DEBUG]  [TASK_PULL_THREAD] Requesting tasks: 16
2021-07-30 10:46:56.878 parsl:270 Rank:0 [DEBUG]  Got heartbeat from interchange
2021-07-30 10:46:56.878 parsl:244 Rank:0 [DEBUG]  [TASK_PULL_THREAD] ready workers:16, pending tasks:0
2021-07-30 10:46:56.878 parsl:252 Rank:0 [DEBUG]  [TASK_PULL_THREAD] Requesting tasks: 16
2021-07-30 10:46:56.881 parsl:283 Rank:0 [DEBUG]  [TASK_PULL_THREAD] No incoming tasks
2021-07-30 10:46:56.881 parsl:244 Rank:0 [DEBUG]  [TASK_PULL_THREAD] ready workers:16, pending tasks:0
2021-07-30 10:46:56.881 parsl:252 Rank:0 [DEBUG]  [TASK_PULL_THREAD] Requesting tasks: 16
2021-07-30 10:46:57.083 parsl:283 Rank:0 [DEBUG]  [TASK_PULL_THREAD] No incoming tasks
2021-07-30 10:46:57.084 parsl:244 Rank:0 [DEBUG]  [TASK_PULL_THREAD] ready workers:16, pending tasks:0
2021-07-30 10:46:57.084 parsl:252 Rank:0 [DEBUG]  [TASK_PULL_THREAD] Requesting tasks: 16
2021-07-30 10:46:57.485 parsl:283 Rank:0 [DEBUG]  [TASK_PULL_THREAD] No incoming tasks
2021-07-30 10:46:57.485 parsl:244 Rank:0 [DEBUG]  [TASK_PULL_THREAD] ready workers:16, pending tasks:0
2021-07-30 10:46:57.486 parsl:252 Rank:0 [DEBUG]  [TASK_PULL_THREAD] Requesting tasks: 16
2021-07-30 10:46:58.290 parsl:283 Rank:0 [DEBUG]  [TASK_PULL_THREAD] No incoming tasks
2021-07-30 10:46:58.290 parsl:244 Rank:0 [DEBUG]  [TASK_PULL_THREAD] ready workers:16, pending tasks:0
2021-07-30 10:46:58.290 parsl:252 Rank:0 [DEBUG]  [TASK_PULL_THREAD] Requesting tasks: 16
2021-07-30 10:46:59.895 parsl:283 Rank:0 [DEBUG]  [TASK_PULL_THREAD] No incoming tasks
2021-07-30 10:46:59.895 parsl:244 Rank:0 [DEBUG]  [TASK_PULL_THREAD] ready workers:16, pending tasks:0
2021-07-30 10:46:59.895 parsl:214 Rank:0 [DEBUG]  Return from heartbeat: None
2021-07-30 10:46:59.895 parsl:252 Rank:0 [DEBUG]  [TASK_PULL_THREAD] Requesting tasks: 16
2021-07-30 10:46:59.897 parsl:270 Rank:0 [DEBUG]  Got heartbeat from interchange
2021-07-30 10:46:59.897 parsl:244 Rank:0 [DEBUG]  [TASK_PULL_THREAD] ready workers:16, pending tasks:0
2021-07-30 10:46:59.897 parsl:252 Rank:0 [DEBUG]  [TASK_PULL_THREAD] Requesting tasks: 16
2021-07-30 10:46:59.897 parsl:283 Rank:0 [DEBUG]  [TASK_PULL_THREAD] No incoming tasks
2021-07-30 10:46:59.897 parsl:244 Rank:0 [DEBUG]  [TASK_PULL_THREAD] ready workers:16, pending tasks:0
2021-07-30 10:46:59.898 parsl:252 Rank:0 [DEBUG]  [TASK_PULL_THREAD] Requesting tasks: 16
2021-07-30 10:47:00.098 parsl:283 Rank:0 [DEBUG]  [TASK_PULL_THREAD] No incoming tasks
2021-07-30 10:47:00.099 parsl:244 Rank:0 [DEBUG]  [TASK_PULL_THREAD] ready workers:16, pending tasks:0
2021-07-30 10:47:00.099 parsl:252 Rank:0 [DEBUG]  [TASK_PULL_THREAD] Requesting tasks: 16
2021-07-30 10:47:00.501 parsl:283 Rank:0 [DEBUG]  [TASK_PULL_THREAD] No incoming tasks
2021-07-30 10:47:00.501 parsl:244 Rank:0 [DEBUG]  [TASK_PULL_THREAD] ready workers:16, pending tasks:0
2021-07-30 10:47:00.501 parsl:252 Rank:0 [DEBUG]  [TASK_PULL_THREAD] Requesting tasks: 16
2021-07-30 10:47:01.309 parsl:283 Rank:0 [DEBUG]  [TASK_PULL_THREAD] No incoming tasks
2021-07-30 10:47:01.310 parsl:244 Rank:0 [DEBUG]  [TASK_PULL_THREAD] ready workers:16, pending tasks:0
2021-07-30 10:47:01.310 parsl:252 Rank:0 [DEBUG]  [TASK_PULL_THREAD] Requesting tasks: 16
2021-07-30 10:47:02.911 parsl:283 Rank:0 [DEBUG]  [TASK_PULL_THREAD] No incoming tasks
2021-07-30 10:47:02.912 parsl:244 Rank:0 [DEBUG]  [TASK_PULL_THREAD] ready workers:16, pending tasks:0
2021-07-30 10:47:02.912 parsl:214 Rank:0 [DEBUG]  Return from heartbeat: None
2021-07-30 10:47:02.912 parsl:252 Rank:0 [DEBUG]  [TASK_PULL_THREAD] Requesting tasks: 16
2021-07-30 10:47:04.917 parsl:283 Rank:0 [DEBUG]  [TASK_PULL_THREAD] No incoming tasks
2021-07-30 10:47:04.918 parsl:292 Rank:0 [CRITICAL]  [TASK_PULL_THREAD] Missing contact with interchange beyond heartbeat_threshold
2021-07-30 10:47:04.918 parsl:294 Rank:0 [CRITICAL]  [TASK_PULL_THREAD] Exiting
2021-07-30 10:47:04.918 parsl.process_loggers:28 Rank:0 [DEBUG]  Normal ending for pull_tasks on thread Task-Puller
2021-07-30 10:47:04.918 parsl:421 Rank:0 [CRITICAL]  [MAIN] Received kill event, terminating worker processes
2021-07-30 10:47:05.000 parsl:332 Rank:0 [CRITICAL]  [RESULT_PUSH_THREAD] Exiting
2021-07-30 10:47:05.000 parsl.process_loggers:28 Rank:0 [DEBUG]  Normal ending for push_results on thread Result-Pusher
