2021-07-27 15:59:39.493 interchange:158 [DEBUG]  Initializing Interchange process
2021-07-27 15:59:39.494 interchange:164 [INFO]  Attempting connection to client at 127.0.0.1 on ports: 55314,55880,55001
2021-07-27 15:59:39.496 interchange:178 [INFO]  Connected to client
2021-07-27 15:59:39.497 interchange:208 [INFO]  Bound to ports 54360,54506 for incoming worker connections
2021-07-27 15:59:39.498 interchange:223 [INFO]  Platform info: {'parsl_v': '1.1.0', 'python_v': '3.8.8', 'os': 'Darwin', 'hostname': 'Ananths-Macbook.local', 'dir': '/Users/ananthhariharan/Documents/Code/GitHub/Parsl-Project'}
2021-07-27 15:59:39.499 interchange:371 [INFO]  Incoming ports bound
2021-07-27 15:59:39.500 interchange:282 [INFO]  Connecting to monitoring
2021-07-27 15:59:39.501 interchange:286 [INFO]  Monitoring enabled and connected to hub
2021-07-27 15:59:39.502 interchange:259 [INFO]  [TASK_PULL_THREAD] Starting
2021-07-27 15:59:39.503 interchange:302 [DEBUG]  [COMMAND] Command Server Starting
2021-07-27 15:59:39.503 interchange:282 [INFO]  Connecting to monitoring
2021-07-27 15:59:39.504 interchange:286 [INFO]  Monitoring enabled and connected to hub
2021-07-27 15:59:39.515 interchange:269 [DEBUG]  [TASK_PULL_THREAD] 0 tasks in internal queue
2021-07-27 15:59:39.518 interchange:278 [DEBUG]  [TASK_PULL_THREAD] Fetched task:1
2021-07-27 15:59:39.521 interchange:278 [DEBUG]  [TASK_PULL_THREAD] Fetched task:2
2021-07-27 15:59:39.535 interchange:269 [DEBUG]  [TASK_PULL_THREAD] 2 tasks in internal queue
2021-07-27 15:59:39.547 interchange:269 [DEBUG]  [TASK_PULL_THREAD] 2 tasks in internal queue
2021-07-27 15:59:39.559 interchange:269 [DEBUG]  [TASK_PULL_THREAD] 2 tasks in internal queue
2021-07-27 15:59:39.570 interchange:269 [DEBUG]  [TASK_PULL_THREAD] 2 tasks in internal queue
2021-07-27 15:59:39.583 interchange:269 [DEBUG]  [TASK_PULL_THREAD] 2 tasks in internal queue
2021-07-27 15:59:39.597 interchange:269 [DEBUG]  [TASK_PULL_THREAD] 2 tasks in internal queue
2021-07-27 15:59:39.604 interchange:476 [DEBUG]  Managers count (interesting/total): 0/0
2021-07-27 15:59:39.605 interchange:512 [DEBUG]  [MAIN] either no interesting managers or no tasks, so skipping manager pass
2021-07-27 15:59:39.610 interchange:269 [DEBUG]  [TASK_PULL_THREAD] 2 tasks in internal queue
2021-07-27 15:59:39.622 interchange:269 [DEBUG]  [TASK_PULL_THREAD] 2 tasks in internal queue
2021-07-27 15:59:39.636 interchange:269 [DEBUG]  [TASK_PULL_THREAD] 2 tasks in internal queue
2021-07-27 15:59:39.647 interchange:269 [DEBUG]  [TASK_PULL_THREAD] 2 tasks in internal queue
2021-07-27 15:59:39.659 interchange:269 [DEBUG]  [TASK_PULL_THREAD] 2 tasks in internal queue
2021-07-27 15:59:39.671 interchange:269 [DEBUG]  [TASK_PULL_THREAD] 2 tasks in internal queue
2021-07-27 15:59:39.685 interchange:269 [DEBUG]  [TASK_PULL_THREAD] 2 tasks in internal queue
2021-07-27 15:59:39.696 interchange:269 [DEBUG]  [TASK_PULL_THREAD] 2 tasks in internal queue
2021-07-27 15:59:39.706 interchange:476 [DEBUG]  Managers count (interesting/total): 0/0
2021-07-27 15:59:39.707 interchange:512 [DEBUG]  [MAIN] either no interesting managers or no tasks, so skipping manager pass
2021-07-27 15:59:39.709 interchange:269 [DEBUG]  [TASK_PULL_THREAD] 2 tasks in internal queue
2021-07-27 15:59:39.720 interchange:269 [DEBUG]  [TASK_PULL_THREAD] 2 tasks in internal queue
2021-07-27 15:59:39.735 interchange:269 [DEBUG]  [TASK_PULL_THREAD] 2 tasks in internal queue
2021-07-27 15:59:39.747 interchange:269 [DEBUG]  [TASK_PULL_THREAD] 2 tasks in internal queue
2021-07-27 15:59:39.759 interchange:269 [DEBUG]  [TASK_PULL_THREAD] 2 tasks in internal queue
2021-07-27 15:59:39.773 interchange:269 [DEBUG]  [TASK_PULL_THREAD] 2 tasks in internal queue
2021-07-27 15:59:39.787 interchange:269 [DEBUG]  [TASK_PULL_THREAD] 2 tasks in internal queue
2021-07-27 15:59:39.799 interchange:269 [DEBUG]  [TASK_PULL_THREAD] 2 tasks in internal queue
2021-07-27 15:59:39.809 interchange:476 [DEBUG]  Managers count (interesting/total): 0/0
2021-07-27 15:59:39.810 interchange:269 [DEBUG]  [TASK_PULL_THREAD] 2 tasks in internal queue
2021-07-27 15:59:39.811 interchange:512 [DEBUG]  [MAIN] either no interesting managers or no tasks, so skipping manager pass
2021-07-27 15:59:39.824 interchange:269 [DEBUG]  [TASK_PULL_THREAD] 2 tasks in internal queue
2021-07-27 15:59:39.836 interchange:269 [DEBUG]  [TASK_PULL_THREAD] 2 tasks in internal queue
2021-07-27 15:59:39.848 interchange:269 [DEBUG]  [TASK_PULL_THREAD] 2 tasks in internal queue
2021-07-27 15:59:39.862 interchange:269 [DEBUG]  [TASK_PULL_THREAD] 2 tasks in internal queue
2021-07-27 15:59:39.874 interchange:269 [DEBUG]  [TASK_PULL_THREAD] 2 tasks in internal queue
2021-07-27 15:59:39.887 interchange:269 [DEBUG]  [TASK_PULL_THREAD] 2 tasks in internal queue
2021-07-27 15:59:39.898 interchange:269 [DEBUG]  [TASK_PULL_THREAD] 2 tasks in internal queue
2021-07-27 15:59:39.909 interchange:269 [DEBUG]  [TASK_PULL_THREAD] 2 tasks in internal queue
2021-07-27 15:59:39.914 interchange:476 [DEBUG]  Managers count (interesting/total): 0/0
2021-07-27 15:59:39.914 interchange:512 [DEBUG]  [MAIN] either no interesting managers or no tasks, so skipping manager pass
2021-07-27 15:59:39.922 interchange:269 [DEBUG]  [TASK_PULL_THREAD] 2 tasks in internal queue
2021-07-27 15:59:39.933 interchange:269 [DEBUG]  [TASK_PULL_THREAD] 2 tasks in internal queue
2021-07-27 15:59:39.947 interchange:269 [DEBUG]  [TASK_PULL_THREAD] 2 tasks in internal queue
2021-07-27 15:59:39.958 interchange:269 [DEBUG]  [TASK_PULL_THREAD] 2 tasks in internal queue
2021-07-27 15:59:39.970 interchange:269 [DEBUG]  [TASK_PULL_THREAD] 2 tasks in internal queue
2021-07-27 15:59:39.984 interchange:269 [DEBUG]  [TASK_PULL_THREAD] 2 tasks in internal queue
2021-07-27 15:59:39.996 interchange:269 [DEBUG]  [TASK_PULL_THREAD] 2 tasks in internal queue
2021-07-27 15:59:40.009 interchange:269 [DEBUG]  [TASK_PULL_THREAD] 2 tasks in internal queue
2021-07-27 15:59:40.015 interchange:476 [DEBUG]  Managers count (interesting/total): 0/0
2021-07-27 15:59:40.016 interchange:512 [DEBUG]  [MAIN] either no interesting managers or no tasks, so skipping manager pass
2021-07-27 15:59:40.023 interchange:269 [DEBUG]  [TASK_PULL_THREAD] 2 tasks in internal queue
2021-07-27 15:59:40.034 interchange:269 [DEBUG]  [TASK_PULL_THREAD] 2 tasks in internal queue
2021-07-27 15:59:40.046 interchange:269 [DEBUG]  [TASK_PULL_THREAD] 2 tasks in internal queue
2021-07-27 15:59:40.059 interchange:269 [DEBUG]  [TASK_PULL_THREAD] 2 tasks in internal queue
2021-07-27 15:59:40.073 interchange:269 [DEBUG]  [TASK_PULL_THREAD] 2 tasks in internal queue
2021-07-27 15:59:40.086 interchange:269 [DEBUG]  [TASK_PULL_THREAD] 2 tasks in internal queue
2021-07-27 15:59:40.100 interchange:269 [DEBUG]  [TASK_PULL_THREAD] 2 tasks in internal queue
2021-07-27 15:59:40.114 interchange:269 [DEBUG]  [TASK_PULL_THREAD] 2 tasks in internal queue
2021-07-27 15:59:40.117 interchange:476 [DEBUG]  Managers count (interesting/total): 0/0
2021-07-27 15:59:40.118 interchange:512 [DEBUG]  [MAIN] either no interesting managers or no tasks, so skipping manager pass
2021-07-27 15:59:40.128 interchange:269 [DEBUG]  [TASK_PULL_THREAD] 2 tasks in internal queue
2021-07-27 15:59:40.141 interchange:269 [DEBUG]  [TASK_PULL_THREAD] 2 tasks in internal queue
2021-07-27 15:59:40.155 interchange:269 [DEBUG]  [TASK_PULL_THREAD] 2 tasks in internal queue
2021-07-27 15:59:40.166 interchange:269 [DEBUG]  [TASK_PULL_THREAD] 2 tasks in internal queue
2021-07-27 15:59:40.177 interchange:269 [DEBUG]  [TASK_PULL_THREAD] 2 tasks in internal queue
2021-07-27 15:59:40.189 interchange:269 [DEBUG]  [TASK_PULL_THREAD] 2 tasks in internal queue
2021-07-27 15:59:40.203 interchange:269 [DEBUG]  [TASK_PULL_THREAD] 2 tasks in internal queue
2021-07-27 15:59:40.216 interchange:269 [DEBUG]  [TASK_PULL_THREAD] 2 tasks in internal queue
2021-07-27 15:59:40.221 interchange:476 [DEBUG]  Managers count (interesting/total): 0/0
2021-07-27 15:59:40.222 interchange:512 [DEBUG]  [MAIN] either no interesting managers or no tasks, so skipping manager pass
2021-07-27 15:59:40.230 interchange:269 [DEBUG]  [TASK_PULL_THREAD] 2 tasks in internal queue
2021-07-27 15:59:40.243 interchange:269 [DEBUG]  [TASK_PULL_THREAD] 2 tasks in internal queue
2021-07-27 15:59:40.255 interchange:269 [DEBUG]  [TASK_PULL_THREAD] 2 tasks in internal queue
2021-07-27 15:59:40.269 interchange:269 [DEBUG]  [TASK_PULL_THREAD] 2 tasks in internal queue
2021-07-27 15:59:40.281 interchange:269 [DEBUG]  [TASK_PULL_THREAD] 2 tasks in internal queue
2021-07-27 15:59:40.294 interchange:269 [DEBUG]  [TASK_PULL_THREAD] 2 tasks in internal queue
2021-07-27 15:59:40.307 interchange:269 [DEBUG]  [TASK_PULL_THREAD] 2 tasks in internal queue
2021-07-27 15:59:40.320 interchange:269 [DEBUG]  [TASK_PULL_THREAD] 2 tasks in internal queue
2021-07-27 15:59:40.324 interchange:476 [DEBUG]  Managers count (interesting/total): 0/0
2021-07-27 15:59:40.325 interchange:512 [DEBUG]  [MAIN] either no interesting managers or no tasks, so skipping manager pass
2021-07-27 15:59:40.331 interchange:269 [DEBUG]  [TASK_PULL_THREAD] 2 tasks in internal queue
2021-07-27 15:59:40.343 interchange:269 [DEBUG]  [TASK_PULL_THREAD] 2 tasks in internal queue
2021-07-27 15:59:40.356 interchange:269 [DEBUG]  [TASK_PULL_THREAD] 2 tasks in internal queue
2021-07-27 15:59:40.369 interchange:269 [DEBUG]  [TASK_PULL_THREAD] 2 tasks in internal queue
2021-07-27 15:59:40.380 interchange:269 [DEBUG]  [TASK_PULL_THREAD] 2 tasks in internal queue
2021-07-27 15:59:40.392 interchange:269 [DEBUG]  [TASK_PULL_THREAD] 2 tasks in internal queue
2021-07-27 15:59:40.406 interchange:269 [DEBUG]  [TASK_PULL_THREAD] 2 tasks in internal queue
2021-07-27 15:59:40.417 interchange:269 [DEBUG]  [TASK_PULL_THREAD] 2 tasks in internal queue
2021-07-27 15:59:40.427 interchange:476 [DEBUG]  Managers count (interesting/total): 0/0
2021-07-27 15:59:40.428 interchange:512 [DEBUG]  [MAIN] either no interesting managers or no tasks, so skipping manager pass
2021-07-27 15:59:40.429 interchange:269 [DEBUG]  [TASK_PULL_THREAD] 2 tasks in internal queue
2021-07-27 15:59:40.440 interchange:269 [DEBUG]  [TASK_PULL_THREAD] 2 tasks in internal queue
2021-07-27 15:59:40.454 interchange:269 [DEBUG]  [TASK_PULL_THREAD] 2 tasks in internal queue
2021-07-27 15:59:40.467 interchange:269 [DEBUG]  [TASK_PULL_THREAD] 2 tasks in internal queue
2021-07-27 15:59:40.481 interchange:269 [DEBUG]  [TASK_PULL_THREAD] 2 tasks in internal queue
2021-07-27 15:59:40.488 interchange:310 [DEBUG]  [COMMAND] Received command request: OUTSTANDING_C
2021-07-27 15:59:40.489 interchange:356 [DEBUG]  [COMMAND] Reply: 2
2021-07-27 15:59:40.490 interchange:310 [DEBUG]  [COMMAND] Received command request: WORKERS
2021-07-27 15:59:40.491 interchange:356 [DEBUG]  [COMMAND] Reply: 0
2021-07-27 15:59:40.493 interchange:310 [DEBUG]  [COMMAND] Received command request: WORKERS
2021-07-27 15:59:40.494 interchange:356 [DEBUG]  [COMMAND] Reply: 0
2021-07-27 15:59:40.495 interchange:269 [DEBUG]  [TASK_PULL_THREAD] 2 tasks in internal queue
2021-07-27 15:59:40.506 interchange:269 [DEBUG]  [TASK_PULL_THREAD] 2 tasks in internal queue
2021-07-27 15:59:40.518 interchange:269 [DEBUG]  [TASK_PULL_THREAD] 2 tasks in internal queue
2021-07-27 15:59:40.530 interchange:476 [DEBUG]  Managers count (interesting/total): 0/0
2021-07-27 15:59:40.531 interchange:512 [DEBUG]  [MAIN] either no interesting managers or no tasks, so skipping manager pass
2021-07-27 15:59:40.532 interchange:269 [DEBUG]  [TASK_PULL_THREAD] 2 tasks in internal queue
2021-07-27 15:59:40.543 interchange:269 [DEBUG]  [TASK_PULL_THREAD] 2 tasks in internal queue
2021-07-27 15:59:40.555 interchange:269 [DEBUG]  [TASK_PULL_THREAD] 2 tasks in internal queue
2021-07-27 15:59:40.568 interchange:269 [DEBUG]  [TASK_PULL_THREAD] 2 tasks in internal queue
2021-07-27 15:59:40.579 interchange:269 [DEBUG]  [TASK_PULL_THREAD] 2 tasks in internal queue
2021-07-27 15:59:40.590 interchange:269 [DEBUG]  [TASK_PULL_THREAD] 2 tasks in internal queue
2021-07-27 15:59:40.602 interchange:269 [DEBUG]  [TASK_PULL_THREAD] 2 tasks in internal queue
2021-07-27 15:59:40.614 interchange:269 [DEBUG]  [TASK_PULL_THREAD] 2 tasks in internal queue
2021-07-27 15:59:40.625 interchange:269 [DEBUG]  [TASK_PULL_THREAD] 2 tasks in internal queue
2021-07-27 15:59:40.632 interchange:476 [DEBUG]  Managers count (interesting/total): 0/0
2021-07-27 15:59:40.633 interchange:512 [DEBUG]  [MAIN] either no interesting managers or no tasks, so skipping manager pass
2021-07-27 15:59:40.636 interchange:269 [DEBUG]  [TASK_PULL_THREAD] 2 tasks in internal queue
2021-07-27 15:59:40.647 interchange:269 [DEBUG]  [TASK_PULL_THREAD] 2 tasks in internal queue
2021-07-27 15:59:40.659 interchange:269 [DEBUG]  [TASK_PULL_THREAD] 2 tasks in internal queue
2021-07-27 15:59:40.671 interchange:269 [DEBUG]  [TASK_PULL_THREAD] 2 tasks in internal queue
2021-07-27 15:59:40.682 interchange:269 [DEBUG]  [TASK_PULL_THREAD] 2 tasks in internal queue
2021-07-27 15:59:40.694 interchange:269 [DEBUG]  [TASK_PULL_THREAD] 2 tasks in internal queue
2021-07-27 15:59:40.707 interchange:269 [DEBUG]  [TASK_PULL_THREAD] 2 tasks in internal queue
2021-07-27 15:59:40.720 interchange:269 [DEBUG]  [TASK_PULL_THREAD] 2 tasks in internal queue
2021-07-27 15:59:40.732 interchange:269 [DEBUG]  [TASK_PULL_THREAD] 2 tasks in internal queue
2021-07-27 15:59:40.735 interchange:476 [DEBUG]  Managers count (interesting/total): 0/0
2021-07-27 15:59:40.736 interchange:512 [DEBUG]  [MAIN] either no interesting managers or no tasks, so skipping manager pass
2021-07-27 15:59:40.743 interchange:269 [DEBUG]  [TASK_PULL_THREAD] 2 tasks in internal queue
2021-07-27 15:59:40.754 interchange:269 [DEBUG]  [TASK_PULL_THREAD] 2 tasks in internal queue
2021-07-27 15:59:40.765 interchange:269 [DEBUG]  [TASK_PULL_THREAD] 2 tasks in internal queue
2021-07-27 15:59:40.776 interchange:269 [DEBUG]  [TASK_PULL_THREAD] 2 tasks in internal queue
2021-07-27 15:59:40.789 interchange:269 [DEBUG]  [TASK_PULL_THREAD] 2 tasks in internal queue
2021-07-27 15:59:40.802 interchange:269 [DEBUG]  [TASK_PULL_THREAD] 2 tasks in internal queue
2021-07-27 15:59:40.813 interchange:269 [DEBUG]  [TASK_PULL_THREAD] 2 tasks in internal queue
2021-07-27 15:59:40.825 interchange:269 [DEBUG]  [TASK_PULL_THREAD] 2 tasks in internal queue
2021-07-27 15:59:40.837 interchange:269 [DEBUG]  [TASK_PULL_THREAD] 2 tasks in internal queue
2021-07-27 15:59:40.838 interchange:476 [DEBUG]  Managers count (interesting/total): 0/0
2021-07-27 15:59:40.839 interchange:512 [DEBUG]  [MAIN] either no interesting managers or no tasks, so skipping manager pass
2021-07-27 15:59:40.849 interchange:269 [DEBUG]  [TASK_PULL_THREAD] 2 tasks in internal queue
2021-07-27 15:59:40.860 interchange:269 [DEBUG]  [TASK_PULL_THREAD] 2 tasks in internal queue
2021-07-27 15:59:40.871 interchange:269 [DEBUG]  [TASK_PULL_THREAD] 2 tasks in internal queue
2021-07-27 15:59:40.885 interchange:269 [DEBUG]  [TASK_PULL_THREAD] 2 tasks in internal queue
2021-07-27 15:59:40.898 interchange:269 [DEBUG]  [TASK_PULL_THREAD] 2 tasks in internal queue
2021-07-27 15:59:40.910 interchange:269 [DEBUG]  [TASK_PULL_THREAD] 2 tasks in internal queue
2021-07-27 15:59:40.921 interchange:269 [DEBUG]  [TASK_PULL_THREAD] 2 tasks in internal queue
2021-07-27 15:59:40.932 interchange:269 [DEBUG]  [TASK_PULL_THREAD] 2 tasks in internal queue
2021-07-27 15:59:40.941 interchange:476 [DEBUG]  Managers count (interesting/total): 0/0
2021-07-27 15:59:40.942 interchange:512 [DEBUG]  [MAIN] either no interesting managers or no tasks, so skipping manager pass
2021-07-27 15:59:40.946 interchange:269 [DEBUG]  [TASK_PULL_THREAD] 2 tasks in internal queue
2021-07-27 15:59:40.957 interchange:269 [DEBUG]  [TASK_PULL_THREAD] 2 tasks in internal queue
2021-07-27 15:59:40.970 interchange:269 [DEBUG]  [TASK_PULL_THREAD] 2 tasks in internal queue
2021-07-27 15:59:40.981 interchange:269 [DEBUG]  [TASK_PULL_THREAD] 2 tasks in internal queue
2021-07-27 15:59:40.994 interchange:269 [DEBUG]  [TASK_PULL_THREAD] 2 tasks in internal queue
2021-07-27 15:59:41.007 interchange:269 [DEBUG]  [TASK_PULL_THREAD] 2 tasks in internal queue
2021-07-27 15:59:41.018 interchange:269 [DEBUG]  [TASK_PULL_THREAD] 2 tasks in internal queue
2021-07-27 15:59:41.030 interchange:269 [DEBUG]  [TASK_PULL_THREAD] 2 tasks in internal queue
2021-07-27 15:59:41.043 interchange:269 [DEBUG]  [TASK_PULL_THREAD] 2 tasks in internal queue
2021-07-27 15:59:41.046 interchange:476 [DEBUG]  Managers count (interesting/total): 0/0
2021-07-27 15:59:41.046 interchange:512 [DEBUG]  [MAIN] either no interesting managers or no tasks, so skipping manager pass
2021-07-27 15:59:41.055 interchange:269 [DEBUG]  [TASK_PULL_THREAD] 2 tasks in internal queue
2021-07-27 15:59:41.069 interchange:269 [DEBUG]  [TASK_PULL_THREAD] 2 tasks in internal queue
2021-07-27 15:59:41.080 interchange:269 [DEBUG]  [TASK_PULL_THREAD] 2 tasks in internal queue
2021-07-27 15:59:41.093 interchange:269 [DEBUG]  [TASK_PULL_THREAD] 2 tasks in internal queue
2021-07-27 15:59:41.106 interchange:269 [DEBUG]  [TASK_PULL_THREAD] 2 tasks in internal queue
2021-07-27 15:59:41.117 interchange:269 [DEBUG]  [TASK_PULL_THREAD] 2 tasks in internal queue
2021-07-27 15:59:41.131 interchange:269 [DEBUG]  [TASK_PULL_THREAD] 2 tasks in internal queue
2021-07-27 15:59:41.142 interchange:269 [DEBUG]  [TASK_PULL_THREAD] 2 tasks in internal queue
2021-07-27 15:59:41.147 interchange:476 [DEBUG]  Managers count (interesting/total): 0/0
2021-07-27 15:59:41.148 interchange:512 [DEBUG]  [MAIN] either no interesting managers or no tasks, so skipping manager pass
2021-07-27 15:59:41.153 interchange:269 [DEBUG]  [TASK_PULL_THREAD] 2 tasks in internal queue
2021-07-27 15:59:41.165 interchange:269 [DEBUG]  [TASK_PULL_THREAD] 2 tasks in internal queue
2021-07-27 15:59:41.176 interchange:269 [DEBUG]  [TASK_PULL_THREAD] 2 tasks in internal queue
2021-07-27 15:59:41.190 interchange:269 [DEBUG]  [TASK_PULL_THREAD] 2 tasks in internal queue
2021-07-27 15:59:41.200 interchange:269 [DEBUG]  [TASK_PULL_THREAD] 2 tasks in internal queue
2021-07-27 15:59:41.214 interchange:269 [DEBUG]  [TASK_PULL_THREAD] 2 tasks in internal queue
2021-07-27 15:59:41.225 interchange:269 [DEBUG]  [TASK_PULL_THREAD] 2 tasks in internal queue
2021-07-27 15:59:41.238 interchange:269 [DEBUG]  [TASK_PULL_THREAD] 2 tasks in internal queue
2021-07-27 15:59:41.251 interchange:269 [DEBUG]  [TASK_PULL_THREAD] 2 tasks in internal queue
2021-07-27 15:59:41.251 interchange:476 [DEBUG]  Managers count (interesting/total): 0/0
2021-07-27 15:59:41.252 interchange:512 [DEBUG]  [MAIN] either no interesting managers or no tasks, so skipping manager pass
2021-07-27 15:59:41.262 interchange:269 [DEBUG]  [TASK_PULL_THREAD] 2 tasks in internal queue
2021-07-27 15:59:41.274 interchange:269 [DEBUG]  [TASK_PULL_THREAD] 2 tasks in internal queue
2021-07-27 15:59:41.288 interchange:269 [DEBUG]  [TASK_PULL_THREAD] 2 tasks in internal queue
2021-07-27 15:59:41.299 interchange:269 [DEBUG]  [TASK_PULL_THREAD] 2 tasks in internal queue
2021-07-27 15:59:41.310 interchange:269 [DEBUG]  [TASK_PULL_THREAD] 2 tasks in internal queue
2021-07-27 15:59:41.323 interchange:269 [DEBUG]  [TASK_PULL_THREAD] 2 tasks in internal queue
2021-07-27 15:59:41.334 interchange:269 [DEBUG]  [TASK_PULL_THREAD] 2 tasks in internal queue
2021-07-27 15:59:41.346 interchange:269 [DEBUG]  [TASK_PULL_THREAD] 2 tasks in internal queue
2021-07-27 15:59:41.354 interchange:476 [DEBUG]  Managers count (interesting/total): 0/0
2021-07-27 15:59:41.355 interchange:512 [DEBUG]  [MAIN] either no interesting managers or no tasks, so skipping manager pass
2021-07-27 15:59:41.357 interchange:269 [DEBUG]  [TASK_PULL_THREAD] 2 tasks in internal queue
2021-07-27 15:59:41.370 interchange:269 [DEBUG]  [TASK_PULL_THREAD] 2 tasks in internal queue
2021-07-27 15:59:41.381 interchange:269 [DEBUG]  [TASK_PULL_THREAD] 2 tasks in internal queue
2021-07-27 15:59:41.395 interchange:269 [DEBUG]  [TASK_PULL_THREAD] 2 tasks in internal queue
2021-07-27 15:59:41.407 interchange:269 [DEBUG]  [TASK_PULL_THREAD] 2 tasks in internal queue
2021-07-27 15:59:41.418 interchange:269 [DEBUG]  [TASK_PULL_THREAD] 2 tasks in internal queue
2021-07-27 15:59:41.430 interchange:269 [DEBUG]  [TASK_PULL_THREAD] 2 tasks in internal queue
2021-07-27 15:59:41.443 interchange:269 [DEBUG]  [TASK_PULL_THREAD] 2 tasks in internal queue
2021-07-27 15:59:41.455 interchange:269 [DEBUG]  [TASK_PULL_THREAD] 2 tasks in internal queue
2021-07-27 15:59:41.457 interchange:476 [DEBUG]  Managers count (interesting/total): 0/0
2021-07-27 15:59:41.458 interchange:512 [DEBUG]  [MAIN] either no interesting managers or no tasks, so skipping manager pass
2021-07-27 15:59:41.467 interchange:269 [DEBUG]  [TASK_PULL_THREAD] 2 tasks in internal queue
2021-07-27 15:59:41.479 interchange:269 [DEBUG]  [TASK_PULL_THREAD] 2 tasks in internal queue
2021-07-27 15:59:41.491 interchange:269 [DEBUG]  [TASK_PULL_THREAD] 2 tasks in internal queue
2021-07-27 15:59:41.497 interchange:360 [DEBUG]  [COMMAND] is alive
2021-07-27 15:59:41.502 interchange:269 [DEBUG]  [TASK_PULL_THREAD] 2 tasks in internal queue
2021-07-27 15:59:41.514 interchange:269 [DEBUG]  [TASK_PULL_THREAD] 2 tasks in internal queue
2021-07-27 15:59:41.526 interchange:269 [DEBUG]  [TASK_PULL_THREAD] 2 tasks in internal queue
2021-07-27 15:59:41.538 interchange:269 [DEBUG]  [TASK_PULL_THREAD] 2 tasks in internal queue
2021-07-27 15:59:41.550 interchange:269 [DEBUG]  [TASK_PULL_THREAD] 2 tasks in internal queue
2021-07-27 15:59:41.560 interchange:476 [DEBUG]  Managers count (interesting/total): 0/0
2021-07-27 15:59:41.560 interchange:512 [DEBUG]  [MAIN] either no interesting managers or no tasks, so skipping manager pass
2021-07-27 15:59:41.561 interchange:269 [DEBUG]  [TASK_PULL_THREAD] 2 tasks in internal queue
2021-07-27 15:59:41.574 interchange:269 [DEBUG]  [TASK_PULL_THREAD] 2 tasks in internal queue
2021-07-27 15:59:41.587 interchange:269 [DEBUG]  [TASK_PULL_THREAD] 2 tasks in internal queue
2021-07-27 15:59:41.601 interchange:269 [DEBUG]  [TASK_PULL_THREAD] 2 tasks in internal queue
2021-07-27 15:59:41.612 interchange:269 [DEBUG]  [TASK_PULL_THREAD] 2 tasks in internal queue
2021-07-27 15:59:41.624 interchange:269 [DEBUG]  [TASK_PULL_THREAD] 2 tasks in internal queue
2021-07-27 15:59:41.636 interchange:269 [DEBUG]  [TASK_PULL_THREAD] 2 tasks in internal queue
2021-07-27 15:59:41.649 interchange:269 [DEBUG]  [TASK_PULL_THREAD] 2 tasks in internal queue
2021-07-27 15:59:41.661 interchange:476 [DEBUG]  Managers count (interesting/total): 0/0
2021-07-27 15:59:41.662 interchange:512 [DEBUG]  [MAIN] either no interesting managers or no tasks, so skipping manager pass
2021-07-27 15:59:41.663 interchange:269 [DEBUG]  [TASK_PULL_THREAD] 2 tasks in internal queue
2021-07-27 15:59:41.675 interchange:269 [DEBUG]  [TASK_PULL_THREAD] 2 tasks in internal queue
2021-07-27 15:59:41.688 interchange:269 [DEBUG]  [TASK_PULL_THREAD] 2 tasks in internal queue
2021-07-27 15:59:41.701 interchange:269 [DEBUG]  [TASK_PULL_THREAD] 2 tasks in internal queue
2021-07-27 15:59:41.716 interchange:269 [DEBUG]  [TASK_PULL_THREAD] 2 tasks in internal queue
2021-07-27 15:59:41.734 interchange:269 [DEBUG]  [TASK_PULL_THREAD] 2 tasks in internal queue
2021-07-27 15:59:41.751 interchange:269 [DEBUG]  [TASK_PULL_THREAD] 2 tasks in internal queue
2021-07-27 15:59:41.763 interchange:408 [DEBUG]  [MAIN] starting task_outgoing section
2021-07-27 15:59:41.764 interchange:434 [INFO]  [MAIN] Adding manager: b'5819dfc2b5ef' to ready queue
2021-07-27 15:59:41.765 interchange:436 [INFO]  [MAIN] Registration info for manager b'5819dfc2b5ef': {'parsl_v': '1.1.0', 'python_v': '3.8.8', 'worker_count': 16, 'uid': '5819dfc2b5ef', 'block_id': '0', 'prefetch_capacity': 0, 'max_capacity': 16, 'os': 'Darwin', 'hostname': 'Ananths-Macbook.local', 'dir': '/Users/ananthhariharan/Documents/Code/GitHub/Parsl-Project', 'cpu_count': 2, 'total_memory': 8589934592}
2021-07-27 15:59:41.766 interchange:293 [INFO]  Sending message {'last_heartbeat': 1627419581.7647, 'idle_since': 1627419581.7647, 'free_capacity': 0, 'block_id': '0', 'max_capacity': 16, 'worker_count': 16, 'active': True, 'tasks': [], 'parsl_v': '1.1.0', 'python_v': '3.8.8', 'uid': '5819dfc2b5ef', 'prefetch_capacity': 0, 'os': 'Darwin', 'hostname': 'Ananths-Macbook.local', 'dir': '/Users/ananthhariharan/Documents/Code/GitHub/Parsl-Project', 'cpu_count': 2, 'total_memory': 8589934592} to hub
2021-07-27 15:59:41.769 interchange:269 [DEBUG]  [TASK_PULL_THREAD] 2 tasks in internal queue
2021-07-27 15:59:41.770 interchange:454 [INFO]  [MAIN] Manager b'5819dfc2b5ef' has compatible Parsl version 1.1.0
2021-07-27 15:59:41.771 interchange:455 [INFO]  [MAIN] Manager b'5819dfc2b5ef' has compatible Python version 3.8
2021-07-27 15:59:41.773 interchange:472 [DEBUG]  [MAIN] leaving task_outgoing section
2021-07-27 15:59:41.774 interchange:476 [DEBUG]  Managers count (interesting/total): 1/1
2021-07-27 15:59:41.775 interchange:510 [DEBUG]  [MAIN] leaving _ready_manager_queue section, with 0 managers still interesting
2021-07-27 15:59:41.785 interchange:269 [DEBUG]  [TASK_PULL_THREAD] 2 tasks in internal queue
2021-07-27 15:59:41.786 interchange:408 [DEBUG]  [MAIN] starting task_outgoing section
2021-07-27 15:59:41.798 interchange:469 [DEBUG]  [MAIN] Manager b'5819dfc2b5ef' requested 8 tasks
2021-07-27 15:59:41.799 interchange:472 [DEBUG]  [MAIN] leaving task_outgoing section
2021-07-27 15:59:41.800 interchange:476 [DEBUG]  Managers count (interesting/total): 1/1
2021-07-27 15:59:41.802 interchange:269 [DEBUG]  [TASK_PULL_THREAD] 0 tasks in internal queue
2021-07-27 15:59:41.803 interchange:500 [DEBUG]  [MAIN] Sent tasks: [1, 2] to manager b'5819dfc2b5ef'
2021-07-27 15:59:41.804 interchange:502 [DEBUG]  [MAIN] Manager b'5819dfc2b5ef' has free_capacity 6
2021-07-27 15:59:41.806 interchange:510 [DEBUG]  [MAIN] leaving _ready_manager_queue section, with 1 managers still interesting
2021-07-27 15:59:41.809 interchange:408 [DEBUG]  [MAIN] starting task_outgoing section
2021-07-27 15:59:41.810 interchange:469 [DEBUG]  [MAIN] Manager b'5819dfc2b5ef' requested 14 tasks
2021-07-27 15:59:41.811 interchange:472 [DEBUG]  [MAIN] leaving task_outgoing section
2021-07-27 15:59:41.812 interchange:476 [DEBUG]  Managers count (interesting/total): 1/1
2021-07-27 15:59:41.813 interchange:512 [DEBUG]  [MAIN] either no interesting managers or no tasks, so skipping manager pass
2021-07-27 15:59:41.814 interchange:269 [DEBUG]  [TASK_PULL_THREAD] 0 tasks in internal queue
2021-07-27 15:59:41.815 interchange:408 [DEBUG]  [MAIN] starting task_outgoing section
2021-07-27 15:59:41.816 interchange:469 [DEBUG]  [MAIN] Manager b'5819dfc2b5ef' requested 14 tasks
2021-07-27 15:59:41.817 interchange:472 [DEBUG]  [MAIN] leaving task_outgoing section
2021-07-27 15:59:41.817 interchange:476 [DEBUG]  Managers count (interesting/total): 1/1
2021-07-27 15:59:41.818 interchange:512 [DEBUG]  [MAIN] either no interesting managers or no tasks, so skipping manager pass
2021-07-27 15:59:41.826 interchange:269 [DEBUG]  [TASK_PULL_THREAD] 0 tasks in internal queue
2021-07-27 15:59:41.837 interchange:269 [DEBUG]  [TASK_PULL_THREAD] 0 tasks in internal queue
2021-07-27 15:59:41.839 interchange:408 [DEBUG]  [MAIN] starting task_outgoing section
2021-07-27 15:59:41.840 interchange:434 [INFO]  [MAIN] Adding manager: b'8bdad876ded8' to ready queue
2021-07-27 15:59:41.841 interchange:436 [INFO]  [MAIN] Registration info for manager b'8bdad876ded8': {'parsl_v': '1.1.0', 'python_v': '3.8.8', 'worker_count': 16, 'uid': '8bdad876ded8', 'block_id': '1', 'prefetch_capacity': 0, 'max_capacity': 16, 'os': 'Darwin', 'hostname': 'Ananths-Macbook.local', 'dir': '/Users/ananthhariharan/Documents/Code/GitHub/Parsl-Project', 'cpu_count': 2, 'total_memory': 8589934592}
2021-07-27 15:59:41.842 interchange:293 [INFO]  Sending message {'last_heartbeat': 1627419581.840578, 'idle_since': 1627419581.840579, 'free_capacity': 0, 'block_id': '1', 'max_capacity': 16, 'worker_count': 16, 'active': True, 'tasks': [], 'parsl_v': '1.1.0', 'python_v': '3.8.8', 'uid': '8bdad876ded8', 'prefetch_capacity': 0, 'os': 'Darwin', 'hostname': 'Ananths-Macbook.local', 'dir': '/Users/ananthhariharan/Documents/Code/GitHub/Parsl-Project', 'cpu_count': 2, 'total_memory': 8589934592} to hub
2021-07-27 15:59:41.844 interchange:454 [INFO]  [MAIN] Manager b'8bdad876ded8' has compatible Parsl version 1.1.0
2021-07-27 15:59:41.844 interchange:455 [INFO]  [MAIN] Manager b'8bdad876ded8' has compatible Python version 3.8
2021-07-27 15:59:41.845 interchange:472 [DEBUG]  [MAIN] leaving task_outgoing section
2021-07-27 15:59:41.846 interchange:476 [DEBUG]  Managers count (interesting/total): 2/2
2021-07-27 15:59:41.847 interchange:512 [DEBUG]  [MAIN] either no interesting managers or no tasks, so skipping manager pass
2021-07-27 15:59:41.848 interchange:408 [DEBUG]  [MAIN] starting task_outgoing section
2021-07-27 15:59:41.849 interchange:469 [DEBUG]  [MAIN] Manager b'8bdad876ded8' requested 15 tasks
2021-07-27 15:59:41.849 interchange:472 [DEBUG]  [MAIN] leaving task_outgoing section
2021-07-27 15:59:41.850 interchange:476 [DEBUG]  Managers count (interesting/total): 2/2
2021-07-27 15:59:41.851 interchange:512 [DEBUG]  [MAIN] either no interesting managers or no tasks, so skipping manager pass
2021-07-27 15:59:41.851 interchange:269 [DEBUG]  [TASK_PULL_THREAD] 0 tasks in internal queue
2021-07-27 15:59:41.863 interchange:269 [DEBUG]  [TASK_PULL_THREAD] 0 tasks in internal queue
2021-07-27 15:59:41.875 interchange:269 [DEBUG]  [TASK_PULL_THREAD] 0 tasks in internal queue
2021-07-27 15:59:41.887 interchange:269 [DEBUG]  [TASK_PULL_THREAD] 0 tasks in internal queue
2021-07-27 15:59:41.898 interchange:269 [DEBUG]  [TASK_PULL_THREAD] 0 tasks in internal queue
2021-07-27 15:59:41.910 interchange:269 [DEBUG]  [TASK_PULL_THREAD] 0 tasks in internal queue
2021-07-27 15:59:41.921 interchange:269 [DEBUG]  [TASK_PULL_THREAD] 0 tasks in internal queue
2021-07-27 15:59:41.933 interchange:269 [DEBUG]  [TASK_PULL_THREAD] 0 tasks in internal queue
2021-07-27 15:59:41.940 interchange:476 [DEBUG]  Managers count (interesting/total): 2/2
2021-07-27 15:59:41.941 interchange:512 [DEBUG]  [MAIN] either no interesting managers or no tasks, so skipping manager pass
2021-07-27 15:59:41.942 interchange:515 [DEBUG]  [MAIN] entering results_incoming section
2021-07-27 15:59:41.943 interchange:520 [DEBUG]  [MAIN] Got 2 result items in batch
2021-07-27 15:59:41.944 interchange:269 [DEBUG]  [TASK_PULL_THREAD] 0 tasks in internal queue
2021-07-27 15:59:41.945 interchange:533 [DEBUG]  [MAIN] Current tasks: []
2021-07-27 15:59:41.946 interchange:536 [DEBUG]  [MAIN] leaving results_incoming section
2021-07-27 15:59:41.947 interchange:408 [DEBUG]  [MAIN] starting task_outgoing section
2021-07-27 15:59:41.947 interchange:469 [DEBUG]  [MAIN] Manager b'8bdad876ded8' requested 16 tasks
2021-07-27 15:59:41.948 interchange:472 [DEBUG]  [MAIN] leaving task_outgoing section
2021-07-27 15:59:41.949 interchange:476 [DEBUG]  Managers count (interesting/total): 2/2
2021-07-27 15:59:41.950 interchange:512 [DEBUG]  [MAIN] either no interesting managers or no tasks, so skipping manager pass
2021-07-27 15:59:41.954 interchange:278 [DEBUG]  [TASK_PULL_THREAD] Fetched task:3
2021-07-27 15:59:41.967 interchange:269 [DEBUG]  [TASK_PULL_THREAD] 1 tasks in internal queue
2021-07-27 15:59:41.979 interchange:269 [DEBUG]  [TASK_PULL_THREAD] 1 tasks in internal queue
2021-07-27 15:59:41.991 interchange:269 [DEBUG]  [TASK_PULL_THREAD] 1 tasks in internal queue
2021-07-27 15:59:42.003 interchange:269 [DEBUG]  [TASK_PULL_THREAD] 1 tasks in internal queue
2021-07-27 15:59:42.009 interchange:408 [DEBUG]  [MAIN] starting task_outgoing section
2021-07-27 15:59:42.010 interchange:469 [DEBUG]  [MAIN] Manager b'5819dfc2b5ef' requested 16 tasks
2021-07-27 15:59:42.010 interchange:472 [DEBUG]  [MAIN] leaving task_outgoing section
2021-07-27 15:59:42.012 interchange:476 [DEBUG]  Managers count (interesting/total): 2/2
2021-07-27 15:59:42.012 interchange:500 [DEBUG]  [MAIN] Sent tasks: [3] to manager b'8bdad876ded8'
2021-07-27 15:59:42.013 interchange:502 [DEBUG]  [MAIN] Manager b'8bdad876ded8' has free_capacity 15
2021-07-27 15:59:42.014 interchange:510 [DEBUG]  [MAIN] leaving _ready_manager_queue section, with 2 managers still interesting
2021-07-27 15:59:42.015 interchange:269 [DEBUG]  [TASK_PULL_THREAD] 0 tasks in internal queue
2021-07-27 15:59:42.016 interchange:408 [DEBUG]  [MAIN] starting task_outgoing section
2021-07-27 15:59:42.016 interchange:469 [DEBUG]  [MAIN] Manager b'8bdad876ded8' requested 16 tasks
2021-07-27 15:59:42.017 interchange:472 [DEBUG]  [MAIN] leaving task_outgoing section
2021-07-27 15:59:42.017 interchange:476 [DEBUG]  Managers count (interesting/total): 2/2
2021-07-27 15:59:42.017 interchange:512 [DEBUG]  [MAIN] either no interesting managers or no tasks, so skipping manager pass
2021-07-27 15:59:42.018 interchange:408 [DEBUG]  [MAIN] starting task_outgoing section
2021-07-27 15:59:42.018 interchange:469 [DEBUG]  [MAIN] Manager b'8bdad876ded8' requested 16 tasks
2021-07-27 15:59:42.019 interchange:472 [DEBUG]  [MAIN] leaving task_outgoing section
2021-07-27 15:59:42.019 interchange:476 [DEBUG]  Managers count (interesting/total): 2/2
2021-07-27 15:59:42.020 interchange:512 [DEBUG]  [MAIN] either no interesting managers or no tasks, so skipping manager pass
2021-07-27 15:59:42.028 interchange:269 [DEBUG]  [TASK_PULL_THREAD] 0 tasks in internal queue
2021-07-27 15:59:42.040 interchange:269 [DEBUG]  [TASK_PULL_THREAD] 0 tasks in internal queue
2021-07-27 15:59:42.054 interchange:269 [DEBUG]  [TASK_PULL_THREAD] 0 tasks in internal queue
2021-07-27 15:59:42.065 interchange:269 [DEBUG]  [TASK_PULL_THREAD] 0 tasks in internal queue
2021-07-27 15:59:42.077 interchange:269 [DEBUG]  [TASK_PULL_THREAD] 0 tasks in internal queue
2021-07-27 15:59:42.091 interchange:269 [DEBUG]  [TASK_PULL_THREAD] 0 tasks in internal queue
2021-07-27 15:59:42.102 interchange:269 [DEBUG]  [TASK_PULL_THREAD] 0 tasks in internal queue
2021-07-27 15:59:42.115 interchange:269 [DEBUG]  [TASK_PULL_THREAD] 0 tasks in internal queue
2021-07-27 15:59:42.122 interchange:476 [DEBUG]  Managers count (interesting/total): 2/2
2021-07-27 15:59:42.123 interchange:512 [DEBUG]  [MAIN] either no interesting managers or no tasks, so skipping manager pass
2021-07-27 15:59:42.128 interchange:269 [DEBUG]  [TASK_PULL_THREAD] 0 tasks in internal queue
2021-07-27 15:59:42.129 interchange:476 [DEBUG]  Managers count (interesting/total): 2/2
2021-07-27 15:59:42.130 interchange:512 [DEBUG]  [MAIN] either no interesting managers or no tasks, so skipping manager pass
2021-07-27 15:59:42.130 interchange:515 [DEBUG]  [MAIN] entering results_incoming section
2021-07-27 15:59:42.131 interchange:520 [DEBUG]  [MAIN] Got 1 result items in batch
2021-07-27 15:59:42.131 interchange:533 [DEBUG]  [MAIN] Current tasks: []
2021-07-27 15:59:42.132 interchange:536 [DEBUG]  [MAIN] leaving results_incoming section
2021-07-27 15:59:42.135 interchange:278 [DEBUG]  [TASK_PULL_THREAD] Fetched task:4
2021-07-27 15:59:42.147 interchange:269 [DEBUG]  [TASK_PULL_THREAD] 1 tasks in internal queue
2021-07-27 15:59:42.161 interchange:269 [DEBUG]  [TASK_PULL_THREAD] 1 tasks in internal queue
2021-07-27 15:59:42.174 interchange:269 [DEBUG]  [TASK_PULL_THREAD] 1 tasks in internal queue
2021-07-27 15:59:42.187 interchange:269 [DEBUG]  [TASK_PULL_THREAD] 1 tasks in internal queue
2021-07-27 15:59:42.200 interchange:269 [DEBUG]  [TASK_PULL_THREAD] 1 tasks in internal queue
2021-07-27 15:59:42.213 interchange:269 [DEBUG]  [TASK_PULL_THREAD] 1 tasks in internal queue
2021-07-27 15:59:42.221 interchange:408 [DEBUG]  [MAIN] starting task_outgoing section
2021-07-27 15:59:42.222 interchange:469 [DEBUG]  [MAIN] Manager b'8bdad876ded8' requested 16 tasks
2021-07-27 15:59:42.223 interchange:472 [DEBUG]  [MAIN] leaving task_outgoing section
2021-07-27 15:59:42.223 interchange:476 [DEBUG]  Managers count (interesting/total): 2/2
2021-07-27 15:59:42.225 interchange:269 [DEBUG]  [TASK_PULL_THREAD] 0 tasks in internal queue
2021-07-27 15:59:42.226 interchange:500 [DEBUG]  [MAIN] Sent tasks: [4] to manager b'5819dfc2b5ef'
2021-07-27 15:59:42.228 interchange:502 [DEBUG]  [MAIN] Manager b'5819dfc2b5ef' has free_capacity 15
2021-07-27 15:59:42.229 interchange:510 [DEBUG]  [MAIN] leaving _ready_manager_queue section, with 2 managers still interesting
2021-07-27 15:59:42.231 interchange:408 [DEBUG]  [MAIN] starting task_outgoing section
2021-07-27 15:59:42.232 interchange:469 [DEBUG]  [MAIN] Manager b'5819dfc2b5ef' requested 16 tasks
2021-07-27 15:59:42.233 interchange:472 [DEBUG]  [MAIN] leaving task_outgoing section
2021-07-27 15:59:42.234 interchange:476 [DEBUG]  Managers count (interesting/total): 2/2
2021-07-27 15:59:42.235 interchange:512 [DEBUG]  [MAIN] either no interesting managers or no tasks, so skipping manager pass
2021-07-27 15:59:42.236 interchange:408 [DEBUG]  [MAIN] starting task_outgoing section
2021-07-27 15:59:42.237 interchange:269 [DEBUG]  [TASK_PULL_THREAD] 0 tasks in internal queue
2021-07-27 15:59:42.237 interchange:469 [DEBUG]  [MAIN] Manager b'5819dfc2b5ef' requested 16 tasks
2021-07-27 15:59:42.239 interchange:472 [DEBUG]  [MAIN] leaving task_outgoing section
2021-07-27 15:59:42.240 interchange:476 [DEBUG]  Managers count (interesting/total): 2/2
2021-07-27 15:59:42.241 interchange:512 [DEBUG]  [MAIN] either no interesting managers or no tasks, so skipping manager pass
2021-07-27 15:59:42.249 interchange:269 [DEBUG]  [TASK_PULL_THREAD] 0 tasks in internal queue
2021-07-27 15:59:42.260 interchange:269 [DEBUG]  [TASK_PULL_THREAD] 0 tasks in internal queue
2021-07-27 15:59:42.273 interchange:269 [DEBUG]  [TASK_PULL_THREAD] 0 tasks in internal queue
2021-07-27 15:59:42.286 interchange:269 [DEBUG]  [TASK_PULL_THREAD] 0 tasks in internal queue
2021-07-27 15:59:42.298 interchange:269 [DEBUG]  [TASK_PULL_THREAD] 0 tasks in internal queue
2021-07-27 15:59:42.310 interchange:269 [DEBUG]  [TASK_PULL_THREAD] 0 tasks in internal queue
2021-07-27 15:59:42.322 interchange:269 [DEBUG]  [TASK_PULL_THREAD] 0 tasks in internal queue
2021-07-27 15:59:42.336 interchange:269 [DEBUG]  [TASK_PULL_THREAD] 0 tasks in internal queue
2021-07-27 15:59:42.343 interchange:476 [DEBUG]  Managers count (interesting/total): 2/2
2021-07-27 15:59:42.344 interchange:512 [DEBUG]  [MAIN] either no interesting managers or no tasks, so skipping manager pass
2021-07-27 15:59:42.347 interchange:269 [DEBUG]  [TASK_PULL_THREAD] 0 tasks in internal queue
2021-07-27 15:59:42.348 interchange:476 [DEBUG]  Managers count (interesting/total): 2/2
2021-07-27 15:59:42.349 interchange:512 [DEBUG]  [MAIN] either no interesting managers or no tasks, so skipping manager pass
2021-07-27 15:59:42.350 interchange:515 [DEBUG]  [MAIN] entering results_incoming section
2021-07-27 15:59:42.351 interchange:520 [DEBUG]  [MAIN] Got 1 result items in batch
2021-07-27 15:59:42.352 interchange:533 [DEBUG]  [MAIN] Current tasks: []
2021-07-27 15:59:42.353 interchange:536 [DEBUG]  [MAIN] leaving results_incoming section
2021-07-27 15:59:42.357 interchange:278 [DEBUG]  [TASK_PULL_THREAD] Fetched task:5
2021-07-27 15:59:42.369 interchange:269 [DEBUG]  [TASK_PULL_THREAD] 1 tasks in internal queue
2021-07-27 15:59:42.381 interchange:269 [DEBUG]  [TASK_PULL_THREAD] 1 tasks in internal queue
2021-07-27 15:59:42.394 interchange:269 [DEBUG]  [TASK_PULL_THREAD] 1 tasks in internal queue
2021-07-27 15:59:42.405 interchange:269 [DEBUG]  [TASK_PULL_THREAD] 1 tasks in internal queue
2021-07-27 15:59:42.418 interchange:269 [DEBUG]  [TASK_PULL_THREAD] 1 tasks in internal queue
2021-07-27 15:59:42.432 interchange:269 [DEBUG]  [TASK_PULL_THREAD] 1 tasks in internal queue
2021-07-27 15:59:42.433 interchange:408 [DEBUG]  [MAIN] starting task_outgoing section
2021-07-27 15:59:42.434 interchange:469 [DEBUG]  [MAIN] Manager b'5819dfc2b5ef' requested 16 tasks
2021-07-27 15:59:42.434 interchange:472 [DEBUG]  [MAIN] leaving task_outgoing section
2021-07-27 15:59:42.435 interchange:476 [DEBUG]  Managers count (interesting/total): 2/2
2021-07-27 15:59:42.436 interchange:500 [DEBUG]  [MAIN] Sent tasks: [5] to manager b'5819dfc2b5ef'
2021-07-27 15:59:42.437 interchange:502 [DEBUG]  [MAIN] Manager b'5819dfc2b5ef' has free_capacity 15
2021-07-27 15:59:42.438 interchange:510 [DEBUG]  [MAIN] leaving _ready_manager_queue section, with 2 managers still interesting
2021-07-27 15:59:42.440 interchange:408 [DEBUG]  [MAIN] starting task_outgoing section
2021-07-27 15:59:42.441 interchange:469 [DEBUG]  [MAIN] Manager b'5819dfc2b5ef' requested 16 tasks
2021-07-27 15:59:42.442 interchange:472 [DEBUG]  [MAIN] leaving task_outgoing section
2021-07-27 15:59:42.443 interchange:476 [DEBUG]  Managers count (interesting/total): 2/2
2021-07-27 15:59:42.444 interchange:269 [DEBUG]  [TASK_PULL_THREAD] 0 tasks in internal queue
2021-07-27 15:59:42.444 interchange:512 [DEBUG]  [MAIN] either no interesting managers or no tasks, so skipping manager pass
2021-07-27 15:59:42.445 interchange:408 [DEBUG]  [MAIN] starting task_outgoing section
2021-07-27 15:59:42.446 interchange:469 [DEBUG]  [MAIN] Manager b'5819dfc2b5ef' requested 16 tasks
2021-07-27 15:59:42.447 interchange:472 [DEBUG]  [MAIN] leaving task_outgoing section
2021-07-27 15:59:42.447 interchange:476 [DEBUG]  Managers count (interesting/total): 2/2
2021-07-27 15:59:42.448 interchange:512 [DEBUG]  [MAIN] either no interesting managers or no tasks, so skipping manager pass
2021-07-27 15:59:42.455 interchange:269 [DEBUG]  [TASK_PULL_THREAD] 0 tasks in internal queue
2021-07-27 15:59:42.466 interchange:269 [DEBUG]  [TASK_PULL_THREAD] 0 tasks in internal queue
2021-07-27 15:59:42.479 interchange:269 [DEBUG]  [TASK_PULL_THREAD] 0 tasks in internal queue
2021-07-27 15:59:42.492 interchange:269 [DEBUG]  [TASK_PULL_THREAD] 0 tasks in internal queue
2021-07-27 15:59:42.503 interchange:360 [DEBUG]  [COMMAND] is alive
2021-07-27 15:59:42.503 interchange:269 [DEBUG]  [TASK_PULL_THREAD] 0 tasks in internal queue
2021-07-27 15:59:42.514 interchange:269 [DEBUG]  [TASK_PULL_THREAD] 0 tasks in internal queue
2021-07-27 15:59:42.526 interchange:269 [DEBUG]  [TASK_PULL_THREAD] 0 tasks in internal queue
2021-07-27 15:59:42.540 interchange:269 [DEBUG]  [TASK_PULL_THREAD] 0 tasks in internal queue
2021-07-27 15:59:42.549 interchange:476 [DEBUG]  Managers count (interesting/total): 2/2
2021-07-27 15:59:42.550 interchange:512 [DEBUG]  [MAIN] either no interesting managers or no tasks, so skipping manager pass
2021-07-27 15:59:42.551 interchange:269 [DEBUG]  [TASK_PULL_THREAD] 0 tasks in internal queue
2021-07-27 15:59:42.554 interchange:476 [DEBUG]  Managers count (interesting/total): 2/2
2021-07-27 15:59:42.554 interchange:512 [DEBUG]  [MAIN] either no interesting managers or no tasks, so skipping manager pass
2021-07-27 15:59:42.555 interchange:515 [DEBUG]  [MAIN] entering results_incoming section
2021-07-27 15:59:42.555 interchange:520 [DEBUG]  [MAIN] Got 1 result items in batch
2021-07-27 15:59:42.556 interchange:533 [DEBUG]  [MAIN] Current tasks: []
2021-07-27 15:59:42.556 interchange:536 [DEBUG]  [MAIN] leaving results_incoming section
2021-07-27 15:59:42.561 interchange:278 [DEBUG]  [TASK_PULL_THREAD] Fetched task:6
2021-07-27 15:59:42.566 interchange:278 [DEBUG]  [TASK_PULL_THREAD] Fetched task:7
2021-07-27 15:59:42.579 interchange:269 [DEBUG]  [TASK_PULL_THREAD] 2 tasks in internal queue
2021-07-27 15:59:42.590 interchange:269 [DEBUG]  [TASK_PULL_THREAD] 2 tasks in internal queue
2021-07-27 15:59:42.603 interchange:269 [DEBUG]  [TASK_PULL_THREAD] 2 tasks in internal queue
2021-07-27 15:59:42.616 interchange:269 [DEBUG]  [TASK_PULL_THREAD] 2 tasks in internal queue
2021-07-27 15:59:42.625 interchange:408 [DEBUG]  [MAIN] starting task_outgoing section
2021-07-27 15:59:42.626 interchange:469 [DEBUG]  [MAIN] Manager b'8bdad876ded8' requested 16 tasks
2021-07-27 15:59:42.627 interchange:472 [DEBUG]  [MAIN] leaving task_outgoing section
2021-07-27 15:59:42.628 interchange:476 [DEBUG]  Managers count (interesting/total): 2/2
2021-07-27 15:59:42.629 interchange:269 [DEBUG]  [TASK_PULL_THREAD] 2 tasks in internal queue
2021-07-27 15:59:42.631 interchange:500 [DEBUG]  [MAIN] Sent tasks: [6, 7] to manager b'8bdad876ded8'
2021-07-27 15:59:42.631 interchange:502 [DEBUG]  [MAIN] Manager b'8bdad876ded8' has free_capacity 14
2021-07-27 15:59:42.633 interchange:510 [DEBUG]  [MAIN] leaving _ready_manager_queue section, with 2 managers still interesting
2021-07-27 15:59:42.635 interchange:408 [DEBUG]  [MAIN] starting task_outgoing section
2021-07-27 15:59:42.636 interchange:469 [DEBUG]  [MAIN] Manager b'8bdad876ded8' requested 16 tasks
2021-07-27 15:59:42.637 interchange:472 [DEBUG]  [MAIN] leaving task_outgoing section
2021-07-27 15:59:42.638 interchange:476 [DEBUG]  Managers count (interesting/total): 2/2
2021-07-27 15:59:42.639 interchange:512 [DEBUG]  [MAIN] either no interesting managers or no tasks, so skipping manager pass
2021-07-27 15:59:42.640 interchange:408 [DEBUG]  [MAIN] starting task_outgoing section
2021-07-27 15:59:42.640 interchange:469 [DEBUG]  [MAIN] Manager b'8bdad876ded8' requested 16 tasks
2021-07-27 15:59:42.642 interchange:472 [DEBUG]  [MAIN] leaving task_outgoing section
2021-07-27 15:59:42.641 interchange:269 [DEBUG]  [TASK_PULL_THREAD] 0 tasks in internal queue
2021-07-27 15:59:42.642 interchange:476 [DEBUG]  Managers count (interesting/total): 2/2
2021-07-27 15:59:42.644 interchange:512 [DEBUG]  [MAIN] either no interesting managers or no tasks, so skipping manager pass
2021-07-27 15:59:42.645 interchange:408 [DEBUG]  [MAIN] starting task_outgoing section
2021-07-27 15:59:42.646 interchange:469 [DEBUG]  [MAIN] Manager b'5819dfc2b5ef' requested 16 tasks
2021-07-27 15:59:42.647 interchange:472 [DEBUG]  [MAIN] leaving task_outgoing section
2021-07-27 15:59:42.647 interchange:476 [DEBUG]  Managers count (interesting/total): 2/2
2021-07-27 15:59:42.648 interchange:512 [DEBUG]  [MAIN] either no interesting managers or no tasks, so skipping manager pass
2021-07-27 15:59:42.653 interchange:269 [DEBUG]  [TASK_PULL_THREAD] 0 tasks in internal queue
2021-07-27 15:59:42.666 interchange:269 [DEBUG]  [TASK_PULL_THREAD] 0 tasks in internal queue
2021-07-27 15:59:42.680 interchange:269 [DEBUG]  [TASK_PULL_THREAD] 0 tasks in internal queue
2021-07-27 15:59:42.693 interchange:269 [DEBUG]  [TASK_PULL_THREAD] 0 tasks in internal queue
2021-07-27 15:59:42.706 interchange:269 [DEBUG]  [TASK_PULL_THREAD] 0 tasks in internal queue
2021-07-27 15:59:42.719 interchange:269 [DEBUG]  [TASK_PULL_THREAD] 0 tasks in internal queue
2021-07-27 15:59:42.731 interchange:269 [DEBUG]  [TASK_PULL_THREAD] 0 tasks in internal queue
2021-07-27 15:59:42.742 interchange:269 [DEBUG]  [TASK_PULL_THREAD] 0 tasks in internal queue
2021-07-27 15:59:42.749 interchange:476 [DEBUG]  Managers count (interesting/total): 2/2
2021-07-27 15:59:42.750 interchange:512 [DEBUG]  [MAIN] either no interesting managers or no tasks, so skipping manager pass
2021-07-27 15:59:42.754 interchange:269 [DEBUG]  [TASK_PULL_THREAD] 0 tasks in internal queue
2021-07-27 15:59:42.754 interchange:476 [DEBUG]  Managers count (interesting/total): 2/2
2021-07-27 15:59:42.755 interchange:512 [DEBUG]  [MAIN] either no interesting managers or no tasks, so skipping manager pass
2021-07-27 15:59:42.756 interchange:515 [DEBUG]  [MAIN] entering results_incoming section
2021-07-27 15:59:42.757 interchange:520 [DEBUG]  [MAIN] Got 2 result items in batch
2021-07-27 15:59:42.758 interchange:533 [DEBUG]  [MAIN] Current tasks: []
2021-07-27 15:59:42.759 interchange:536 [DEBUG]  [MAIN] leaving results_incoming section
2021-07-27 15:59:42.764 interchange:278 [DEBUG]  [TASK_PULL_THREAD] Fetched task:8
2021-07-27 15:59:42.775 interchange:269 [DEBUG]  [TASK_PULL_THREAD] 1 tasks in internal queue
2021-07-27 15:59:42.789 interchange:269 [DEBUG]  [TASK_PULL_THREAD] 1 tasks in internal queue
2021-07-27 15:59:42.801 interchange:269 [DEBUG]  [TASK_PULL_THREAD] 1 tasks in internal queue
2021-07-27 15:59:42.815 interchange:269 [DEBUG]  [TASK_PULL_THREAD] 1 tasks in internal queue
2021-07-27 15:59:42.829 interchange:269 [DEBUG]  [TASK_PULL_THREAD] 1 tasks in internal queue
2021-07-27 15:59:42.839 interchange:408 [DEBUG]  [MAIN] starting task_outgoing section
2021-07-27 15:59:42.840 interchange:469 [DEBUG]  [MAIN] Manager b'8bdad876ded8' requested 16 tasks
2021-07-27 15:59:42.841 interchange:269 [DEBUG]  [TASK_PULL_THREAD] 1 tasks in internal queue
2021-07-27 15:59:42.841 interchange:472 [DEBUG]  [MAIN] leaving task_outgoing section
2021-07-27 15:59:42.843 interchange:476 [DEBUG]  Managers count (interesting/total): 2/2
2021-07-27 15:59:42.844 interchange:500 [DEBUG]  [MAIN] Sent tasks: [8] to manager b'5819dfc2b5ef'
2021-07-27 15:59:42.845 interchange:502 [DEBUG]  [MAIN] Manager b'5819dfc2b5ef' has free_capacity 15
2021-07-27 15:59:42.846 interchange:510 [DEBUG]  [MAIN] leaving _ready_manager_queue section, with 2 managers still interesting
2021-07-27 15:59:42.847 interchange:408 [DEBUG]  [MAIN] starting task_outgoing section
2021-07-27 15:59:42.848 interchange:469 [DEBUG]  [MAIN] Manager b'5819dfc2b5ef' requested 16 tasks
2021-07-27 15:59:42.849 interchange:472 [DEBUG]  [MAIN] leaving task_outgoing section
2021-07-27 15:59:42.850 interchange:476 [DEBUG]  Managers count (interesting/total): 2/2
2021-07-27 15:59:42.850 interchange:512 [DEBUG]  [MAIN] either no interesting managers or no tasks, so skipping manager pass
2021-07-27 15:59:42.851 interchange:408 [DEBUG]  [MAIN] starting task_outgoing section
2021-07-27 15:59:42.852 interchange:469 [DEBUG]  [MAIN] Manager b'5819dfc2b5ef' requested 16 tasks
2021-07-27 15:59:42.853 interchange:472 [DEBUG]  [MAIN] leaving task_outgoing section
2021-07-27 15:59:42.854 interchange:476 [DEBUG]  Managers count (interesting/total): 2/2
2021-07-27 15:59:42.855 interchange:269 [DEBUG]  [TASK_PULL_THREAD] 0 tasks in internal queue
2021-07-27 15:59:42.855 interchange:512 [DEBUG]  [MAIN] either no interesting managers or no tasks, so skipping manager pass
2021-07-27 15:59:42.868 interchange:269 [DEBUG]  [TASK_PULL_THREAD] 0 tasks in internal queue
2021-07-27 15:59:42.880 interchange:269 [DEBUG]  [TASK_PULL_THREAD] 0 tasks in internal queue
2021-07-27 15:59:42.894 interchange:269 [DEBUG]  [TASK_PULL_THREAD] 0 tasks in internal queue
2021-07-27 15:59:42.907 interchange:269 [DEBUG]  [TASK_PULL_THREAD] 0 tasks in internal queue
2021-07-27 15:59:42.918 interchange:269 [DEBUG]  [TASK_PULL_THREAD] 0 tasks in internal queue
2021-07-27 15:59:42.930 interchange:269 [DEBUG]  [TASK_PULL_THREAD] 0 tasks in internal queue
2021-07-27 15:59:42.941 interchange:269 [DEBUG]  [TASK_PULL_THREAD] 0 tasks in internal queue
2021-07-27 15:59:42.955 interchange:269 [DEBUG]  [TASK_PULL_THREAD] 0 tasks in internal queue
2021-07-27 15:59:42.956 interchange:476 [DEBUG]  Managers count (interesting/total): 2/2
2021-07-27 15:59:42.957 interchange:512 [DEBUG]  [MAIN] either no interesting managers or no tasks, so skipping manager pass
2021-07-27 15:59:42.965 interchange:476 [DEBUG]  Managers count (interesting/total): 2/2
2021-07-27 15:59:42.967 interchange:269 [DEBUG]  [TASK_PULL_THREAD] 0 tasks in internal queue
2021-07-27 15:59:42.967 interchange:512 [DEBUG]  [MAIN] either no interesting managers or no tasks, so skipping manager pass
2021-07-27 15:59:42.969 interchange:515 [DEBUG]  [MAIN] entering results_incoming section
2021-07-27 15:59:42.970 interchange:520 [DEBUG]  [MAIN] Got 1 result items in batch
2021-07-27 15:59:42.972 interchange:533 [DEBUG]  [MAIN] Current tasks: []
2021-07-27 15:59:42.974 interchange:536 [DEBUG]  [MAIN] leaving results_incoming section
2021-07-27 15:59:42.977 interchange:278 [DEBUG]  [TASK_PULL_THREAD] Fetched task:9
2021-07-27 15:59:42.989 interchange:269 [DEBUG]  [TASK_PULL_THREAD] 1 tasks in internal queue
2021-07-27 15:59:43.003 interchange:269 [DEBUG]  [TASK_PULL_THREAD] 1 tasks in internal queue
2021-07-27 15:59:43.017 interchange:269 [DEBUG]  [TASK_PULL_THREAD] 1 tasks in internal queue
2021-07-27 15:59:43.029 interchange:269 [DEBUG]  [TASK_PULL_THREAD] 1 tasks in internal queue
2021-07-27 15:59:43.042 interchange:269 [DEBUG]  [TASK_PULL_THREAD] 1 tasks in internal queue
2021-07-27 15:59:43.048 interchange:408 [DEBUG]  [MAIN] starting task_outgoing section
2021-07-27 15:59:43.049 interchange:469 [DEBUG]  [MAIN] Manager b'5819dfc2b5ef' requested 16 tasks
2021-07-27 15:59:43.050 interchange:472 [DEBUG]  [MAIN] leaving task_outgoing section
2021-07-27 15:59:43.051 interchange:476 [DEBUG]  Managers count (interesting/total): 2/2
2021-07-27 15:59:43.052 interchange:500 [DEBUG]  [MAIN] Sent tasks: [9] to manager b'8bdad876ded8'
2021-07-27 15:59:43.052 interchange:502 [DEBUG]  [MAIN] Manager b'8bdad876ded8' has free_capacity 15
2021-07-27 15:59:43.054 interchange:510 [DEBUG]  [MAIN] leaving _ready_manager_queue section, with 2 managers still interesting
2021-07-27 15:59:43.055 interchange:269 [DEBUG]  [TASK_PULL_THREAD] 0 tasks in internal queue
2021-07-27 15:59:43.056 interchange:408 [DEBUG]  [MAIN] starting task_outgoing section
2021-07-27 15:59:43.057 interchange:469 [DEBUG]  [MAIN] Manager b'8bdad876ded8' requested 16 tasks
2021-07-27 15:59:43.058 interchange:472 [DEBUG]  [MAIN] leaving task_outgoing section
2021-07-27 15:59:43.058 interchange:476 [DEBUG]  Managers count (interesting/total): 2/2
2021-07-27 15:59:43.059 interchange:512 [DEBUG]  [MAIN] either no interesting managers or no tasks, so skipping manager pass
2021-07-27 15:59:43.060 interchange:408 [DEBUG]  [MAIN] starting task_outgoing section
2021-07-27 15:59:43.061 interchange:469 [DEBUG]  [MAIN] Manager b'8bdad876ded8' requested 16 tasks
2021-07-27 15:59:43.062 interchange:472 [DEBUG]  [MAIN] leaving task_outgoing section
2021-07-27 15:59:43.062 interchange:476 [DEBUG]  Managers count (interesting/total): 2/2
2021-07-27 15:59:43.063 interchange:512 [DEBUG]  [MAIN] either no interesting managers or no tasks, so skipping manager pass
2021-07-27 15:59:43.068 interchange:269 [DEBUG]  [TASK_PULL_THREAD] 0 tasks in internal queue
2021-07-27 15:59:43.080 interchange:269 [DEBUG]  [TASK_PULL_THREAD] 0 tasks in internal queue
2021-07-27 15:59:43.094 interchange:269 [DEBUG]  [TASK_PULL_THREAD] 0 tasks in internal queue
2021-07-27 15:59:43.107 interchange:269 [DEBUG]  [TASK_PULL_THREAD] 0 tasks in internal queue
2021-07-27 15:59:43.119 interchange:269 [DEBUG]  [TASK_PULL_THREAD] 0 tasks in internal queue
2021-07-27 15:59:43.133 interchange:269 [DEBUG]  [TASK_PULL_THREAD] 0 tasks in internal queue
2021-07-27 15:59:43.145 interchange:269 [DEBUG]  [TASK_PULL_THREAD] 0 tasks in internal queue
2021-07-27 15:59:43.156 interchange:269 [DEBUG]  [TASK_PULL_THREAD] 0 tasks in internal queue
2021-07-27 15:59:43.165 interchange:476 [DEBUG]  Managers count (interesting/total): 2/2
2021-07-27 15:59:43.166 interchange:512 [DEBUG]  [MAIN] either no interesting managers or no tasks, so skipping manager pass
2021-07-27 15:59:43.168 interchange:269 [DEBUG]  [TASK_PULL_THREAD] 0 tasks in internal queue
2021-07-27 15:59:43.172 interchange:476 [DEBUG]  Managers count (interesting/total): 2/2
2021-07-27 15:59:43.172 interchange:512 [DEBUG]  [MAIN] either no interesting managers or no tasks, so skipping manager pass
2021-07-27 15:59:43.173 interchange:515 [DEBUG]  [MAIN] entering results_incoming section
2021-07-27 15:59:43.173 interchange:520 [DEBUG]  [MAIN] Got 1 result items in batch
2021-07-27 15:59:43.174 interchange:533 [DEBUG]  [MAIN] Current tasks: []
2021-07-27 15:59:43.174 interchange:536 [DEBUG]  [MAIN] leaving results_incoming section
2021-07-27 15:59:43.176 interchange:278 [DEBUG]  [TASK_PULL_THREAD] Fetched task:10
2021-07-27 15:59:43.189 interchange:269 [DEBUG]  [TASK_PULL_THREAD] 1 tasks in internal queue
2021-07-27 15:59:43.201 interchange:269 [DEBUG]  [TASK_PULL_THREAD] 1 tasks in internal queue
2021-07-27 15:59:43.214 interchange:269 [DEBUG]  [TASK_PULL_THREAD] 1 tasks in internal queue
2021-07-27 15:59:43.226 interchange:269 [DEBUG]  [TASK_PULL_THREAD] 1 tasks in internal queue
2021-07-27 15:59:43.238 interchange:269 [DEBUG]  [TASK_PULL_THREAD] 1 tasks in internal queue
2021-07-27 15:59:43.249 interchange:269 [DEBUG]  [TASK_PULL_THREAD] 1 tasks in internal queue
2021-07-27 15:59:43.258 interchange:408 [DEBUG]  [MAIN] starting task_outgoing section
2021-07-27 15:59:43.259 interchange:469 [DEBUG]  [MAIN] Manager b'8bdad876ded8' requested 16 tasks
2021-07-27 15:59:43.260 interchange:269 [DEBUG]  [TASK_PULL_THREAD] 1 tasks in internal queue
2021-07-27 15:59:43.261 interchange:472 [DEBUG]  [MAIN] leaving task_outgoing section
2021-07-27 15:59:43.262 interchange:476 [DEBUG]  Managers count (interesting/total): 2/2
2021-07-27 15:59:43.263 interchange:500 [DEBUG]  [MAIN] Sent tasks: [10] to manager b'8bdad876ded8'
2021-07-27 15:59:43.264 interchange:502 [DEBUG]  [MAIN] Manager b'8bdad876ded8' has free_capacity 15
2021-07-27 15:59:43.265 interchange:510 [DEBUG]  [MAIN] leaving _ready_manager_queue section, with 2 managers still interesting
2021-07-27 15:59:43.267 interchange:408 [DEBUG]  [MAIN] starting task_outgoing section
2021-07-27 15:59:43.267 interchange:469 [DEBUG]  [MAIN] Manager b'8bdad876ded8' requested 16 tasks
2021-07-27 15:59:43.268 interchange:472 [DEBUG]  [MAIN] leaving task_outgoing section
2021-07-27 15:59:43.269 interchange:476 [DEBUG]  Managers count (interesting/total): 2/2
2021-07-27 15:59:43.269 interchange:512 [DEBUG]  [MAIN] either no interesting managers or no tasks, so skipping manager pass
2021-07-27 15:59:43.271 interchange:408 [DEBUG]  [MAIN] starting task_outgoing section
2021-07-27 15:59:43.271 interchange:469 [DEBUG]  [MAIN] Manager b'8bdad876ded8' requested 16 tasks
2021-07-27 15:59:43.272 interchange:269 [DEBUG]  [TASK_PULL_THREAD] 0 tasks in internal queue
2021-07-27 15:59:43.272 interchange:472 [DEBUG]  [MAIN] leaving task_outgoing section
2021-07-27 15:59:43.273 interchange:476 [DEBUG]  Managers count (interesting/total): 2/2
2021-07-27 15:59:43.274 interchange:512 [DEBUG]  [MAIN] either no interesting managers or no tasks, so skipping manager pass
2021-07-27 15:59:43.286 interchange:269 [DEBUG]  [TASK_PULL_THREAD] 0 tasks in internal queue
2021-07-27 15:59:43.297 interchange:269 [DEBUG]  [TASK_PULL_THREAD] 0 tasks in internal queue
2021-07-27 15:59:43.311 interchange:269 [DEBUG]  [TASK_PULL_THREAD] 0 tasks in internal queue
2021-07-27 15:59:43.323 interchange:269 [DEBUG]  [TASK_PULL_THREAD] 0 tasks in internal queue
2021-07-27 15:59:43.337 interchange:269 [DEBUG]  [TASK_PULL_THREAD] 0 tasks in internal queue
2021-07-27 15:59:43.350 interchange:269 [DEBUG]  [TASK_PULL_THREAD] 0 tasks in internal queue
2021-07-27 15:59:43.364 interchange:269 [DEBUG]  [TASK_PULL_THREAD] 0 tasks in internal queue
2021-07-27 15:59:43.375 interchange:269 [DEBUG]  [TASK_PULL_THREAD] 0 tasks in internal queue
2021-07-27 15:59:43.377 interchange:476 [DEBUG]  Managers count (interesting/total): 2/2
2021-07-27 15:59:43.377 interchange:512 [DEBUG]  [MAIN] either no interesting managers or no tasks, so skipping manager pass
2021-07-27 15:59:43.384 interchange:476 [DEBUG]  Managers count (interesting/total): 2/2
2021-07-27 15:59:43.385 interchange:512 [DEBUG]  [MAIN] either no interesting managers or no tasks, so skipping manager pass
2021-07-27 15:59:43.385 interchange:515 [DEBUG]  [MAIN] entering results_incoming section
2021-07-27 15:59:43.386 interchange:520 [DEBUG]  [MAIN] Got 1 result items in batch
2021-07-27 15:59:43.387 interchange:533 [DEBUG]  [MAIN] Current tasks: []
2021-07-27 15:59:43.389 interchange:269 [DEBUG]  [TASK_PULL_THREAD] 0 tasks in internal queue
2021-07-27 15:59:43.389 interchange:536 [DEBUG]  [MAIN] leaving results_incoming section
2021-07-27 15:59:43.394 interchange:278 [DEBUG]  [TASK_PULL_THREAD] Fetched task:11
2021-07-27 15:59:43.398 interchange:278 [DEBUG]  [TASK_PULL_THREAD] Fetched task:12
2021-07-27 15:59:43.412 interchange:269 [DEBUG]  [TASK_PULL_THREAD] 2 tasks in internal queue
2021-07-27 15:59:43.426 interchange:269 [DEBUG]  [TASK_PULL_THREAD] 2 tasks in internal queue
2021-07-27 15:59:43.440 interchange:269 [DEBUG]  [TASK_PULL_THREAD] 2 tasks in internal queue
2021-07-27 15:59:43.450 interchange:408 [DEBUG]  [MAIN] starting task_outgoing section
2021-07-27 15:59:43.451 interchange:469 [DEBUG]  [MAIN] Manager b'5819dfc2b5ef' requested 16 tasks
2021-07-27 15:59:43.452 interchange:472 [DEBUG]  [MAIN] leaving task_outgoing section
2021-07-27 15:59:43.453 interchange:476 [DEBUG]  Managers count (interesting/total): 2/2
2021-07-27 15:59:43.454 interchange:269 [DEBUG]  [TASK_PULL_THREAD] 0 tasks in internal queue
2021-07-27 15:59:43.455 interchange:500 [DEBUG]  [MAIN] Sent tasks: [11, 12] to manager b'8bdad876ded8'
2021-07-27 15:59:43.456 interchange:502 [DEBUG]  [MAIN] Manager b'8bdad876ded8' has free_capacity 14
2021-07-27 15:59:43.458 interchange:510 [DEBUG]  [MAIN] leaving _ready_manager_queue section, with 2 managers still interesting
2021-07-27 15:59:43.460 interchange:408 [DEBUG]  [MAIN] starting task_outgoing section
2021-07-27 15:59:43.461 interchange:469 [DEBUG]  [MAIN] Manager b'8bdad876ded8' requested 16 tasks
2021-07-27 15:59:43.462 interchange:472 [DEBUG]  [MAIN] leaving task_outgoing section
2021-07-27 15:59:43.463 interchange:476 [DEBUG]  Managers count (interesting/total): 2/2
2021-07-27 15:59:43.464 interchange:512 [DEBUG]  [MAIN] either no interesting managers or no tasks, so skipping manager pass
2021-07-27 15:59:43.465 interchange:408 [DEBUG]  [MAIN] starting task_outgoing section
2021-07-27 15:59:43.466 interchange:469 [DEBUG]  [MAIN] Manager b'8bdad876ded8' requested 16 tasks
2021-07-27 15:59:43.467 interchange:472 [DEBUG]  [MAIN] leaving task_outgoing section
2021-07-27 15:59:43.468 interchange:269 [DEBUG]  [TASK_PULL_THREAD] 0 tasks in internal queue
2021-07-27 15:59:43.468 interchange:476 [DEBUG]  Managers count (interesting/total): 2/2
2021-07-27 15:59:43.469 interchange:512 [DEBUG]  [MAIN] either no interesting managers or no tasks, so skipping manager pass
2021-07-27 15:59:43.479 interchange:269 [DEBUG]  [TASK_PULL_THREAD] 0 tasks in internal queue
2021-07-27 15:59:43.491 interchange:269 [DEBUG]  [TASK_PULL_THREAD] 0 tasks in internal queue
2021-07-27 15:59:43.503 interchange:269 [DEBUG]  [TASK_PULL_THREAD] 0 tasks in internal queue
2021-07-27 15:59:43.508 interchange:360 [DEBUG]  [COMMAND] is alive
2021-07-27 15:59:43.514 interchange:269 [DEBUG]  [TASK_PULL_THREAD] 0 tasks in internal queue
2021-07-27 15:59:43.528 interchange:269 [DEBUG]  [TASK_PULL_THREAD] 0 tasks in internal queue
2021-07-27 15:59:43.542 interchange:269 [DEBUG]  [TASK_PULL_THREAD] 0 tasks in internal queue
2021-07-27 15:59:43.555 interchange:269 [DEBUG]  [TASK_PULL_THREAD] 0 tasks in internal queue
2021-07-27 15:59:43.569 interchange:269 [DEBUG]  [TASK_PULL_THREAD] 0 tasks in internal queue
2021-07-27 15:59:43.571 interchange:476 [DEBUG]  Managers count (interesting/total): 2/2
2021-07-27 15:59:43.572 interchange:512 [DEBUG]  [MAIN] either no interesting managers or no tasks, so skipping manager pass
2021-07-27 15:59:43.580 interchange:269 [DEBUG]  [TASK_PULL_THREAD] 0 tasks in internal queue
2021-07-27 15:59:43.581 interchange:476 [DEBUG]  Managers count (interesting/total): 2/2
2021-07-27 15:59:43.582 interchange:512 [DEBUG]  [MAIN] either no interesting managers or no tasks, so skipping manager pass
2021-07-27 15:59:43.583 interchange:515 [DEBUG]  [MAIN] entering results_incoming section
2021-07-27 15:59:43.583 interchange:520 [DEBUG]  [MAIN] Got 2 result items in batch
2021-07-27 15:59:43.584 interchange:533 [DEBUG]  [MAIN] Current tasks: []
2021-07-27 15:59:43.586 interchange:536 [DEBUG]  [MAIN] leaving results_incoming section
2021-07-27 15:59:43.591 interchange:278 [DEBUG]  [TASK_PULL_THREAD] Fetched task:13
2021-07-27 15:59:43.602 interchange:269 [DEBUG]  [TASK_PULL_THREAD] 1 tasks in internal queue
2021-07-27 15:59:43.616 interchange:269 [DEBUG]  [TASK_PULL_THREAD] 1 tasks in internal queue
2021-07-27 15:59:43.629 interchange:269 [DEBUG]  [TASK_PULL_THREAD] 1 tasks in internal queue
2021-07-27 15:59:43.642 interchange:269 [DEBUG]  [TASK_PULL_THREAD] 1 tasks in internal queue
2021-07-27 15:59:43.653 interchange:269 [DEBUG]  [TASK_PULL_THREAD] 1 tasks in internal queue
2021-07-27 15:59:43.663 interchange:408 [DEBUG]  [MAIN] starting task_outgoing section
2021-07-27 15:59:43.664 interchange:469 [DEBUG]  [MAIN] Manager b'8bdad876ded8' requested 16 tasks
2021-07-27 15:59:43.665 interchange:472 [DEBUG]  [MAIN] leaving task_outgoing section
2021-07-27 15:59:43.665 interchange:476 [DEBUG]  Managers count (interesting/total): 2/2
2021-07-27 15:59:43.666 interchange:269 [DEBUG]  [TASK_PULL_THREAD] 0 tasks in internal queue
2021-07-27 15:59:43.668 interchange:500 [DEBUG]  [MAIN] Sent tasks: [13] to manager b'8bdad876ded8'
2021-07-27 15:59:43.669 interchange:502 [DEBUG]  [MAIN] Manager b'8bdad876ded8' has free_capacity 15
2021-07-27 15:59:43.670 interchange:510 [DEBUG]  [MAIN] leaving _ready_manager_queue section, with 2 managers still interesting
2021-07-27 15:59:43.671 interchange:408 [DEBUG]  [MAIN] starting task_outgoing section
2021-07-27 15:59:43.672 interchange:469 [DEBUG]  [MAIN] Manager b'8bdad876ded8' requested 16 tasks
2021-07-27 15:59:43.673 interchange:472 [DEBUG]  [MAIN] leaving task_outgoing section
2021-07-27 15:59:43.673 interchange:476 [DEBUG]  Managers count (interesting/total): 2/2
2021-07-27 15:59:43.674 interchange:512 [DEBUG]  [MAIN] either no interesting managers or no tasks, so skipping manager pass
2021-07-27 15:59:43.675 interchange:408 [DEBUG]  [MAIN] starting task_outgoing section
2021-07-27 15:59:43.675 interchange:469 [DEBUG]  [MAIN] Manager b'8bdad876ded8' requested 16 tasks
2021-07-27 15:59:43.677 interchange:472 [DEBUG]  [MAIN] leaving task_outgoing section
2021-07-27 15:59:43.677 interchange:476 [DEBUG]  Managers count (interesting/total): 2/2
2021-07-27 15:59:43.678 interchange:269 [DEBUG]  [TASK_PULL_THREAD] 0 tasks in internal queue
2021-07-27 15:59:43.678 interchange:512 [DEBUG]  [MAIN] either no interesting managers or no tasks, so skipping manager pass
2021-07-27 15:59:43.689 interchange:269 [DEBUG]  [TASK_PULL_THREAD] 0 tasks in internal queue
2021-07-27 15:59:43.701 interchange:269 [DEBUG]  [TASK_PULL_THREAD] 0 tasks in internal queue
2021-07-27 15:59:43.714 interchange:269 [DEBUG]  [TASK_PULL_THREAD] 0 tasks in internal queue
2021-07-27 15:59:43.726 interchange:269 [DEBUG]  [TASK_PULL_THREAD] 0 tasks in internal queue
2021-07-27 15:59:43.737 interchange:269 [DEBUG]  [TASK_PULL_THREAD] 0 tasks in internal queue
2021-07-27 15:59:43.750 interchange:269 [DEBUG]  [TASK_PULL_THREAD] 0 tasks in internal queue
2021-07-27 15:59:43.761 interchange:269 [DEBUG]  [TASK_PULL_THREAD] 0 tasks in internal queue
2021-07-27 15:59:43.775 interchange:269 [DEBUG]  [TASK_PULL_THREAD] 0 tasks in internal queue
2021-07-27 15:59:43.781 interchange:476 [DEBUG]  Managers count (interesting/total): 2/2
2021-07-27 15:59:43.782 interchange:512 [DEBUG]  [MAIN] either no interesting managers or no tasks, so skipping manager pass
2021-07-27 15:59:43.789 interchange:269 [DEBUG]  [TASK_PULL_THREAD] 0 tasks in internal queue
2021-07-27 15:59:43.790 interchange:476 [DEBUG]  Managers count (interesting/total): 2/2
2021-07-27 15:59:43.791 interchange:512 [DEBUG]  [MAIN] either no interesting managers or no tasks, so skipping manager pass
2021-07-27 15:59:43.791 interchange:515 [DEBUG]  [MAIN] entering results_incoming section
2021-07-27 15:59:43.792 interchange:520 [DEBUG]  [MAIN] Got 1 result items in batch
2021-07-27 15:59:43.793 interchange:533 [DEBUG]  [MAIN] Current tasks: []
2021-07-27 15:59:43.794 interchange:536 [DEBUG]  [MAIN] leaving results_incoming section
2021-07-27 15:59:43.798 interchange:278 [DEBUG]  [TASK_PULL_THREAD] Fetched task:14
2021-07-27 15:59:43.810 interchange:269 [DEBUG]  [TASK_PULL_THREAD] 1 tasks in internal queue
2021-07-27 15:59:43.822 interchange:269 [DEBUG]  [TASK_PULL_THREAD] 1 tasks in internal queue
2021-07-27 15:59:43.835 interchange:269 [DEBUG]  [TASK_PULL_THREAD] 1 tasks in internal queue
2021-07-27 15:59:43.849 interchange:269 [DEBUG]  [TASK_PULL_THREAD] 1 tasks in internal queue
2021-07-27 15:59:43.861 interchange:269 [DEBUG]  [TASK_PULL_THREAD] 1 tasks in internal queue
2021-07-27 15:59:43.872 interchange:269 [DEBUG]  [TASK_PULL_THREAD] 1 tasks in internal queue
2021-07-27 15:59:43.874 interchange:408 [DEBUG]  [MAIN] starting task_outgoing section
2021-07-27 15:59:43.875 interchange:466 [DEBUG]  [MAIN] Manager b'8bdad876ded8' sent heartbeat
2021-07-27 15:59:43.876 interchange:472 [DEBUG]  [MAIN] leaving task_outgoing section
2021-07-27 15:59:43.877 interchange:476 [DEBUG]  Managers count (interesting/total): 2/2
2021-07-27 15:59:43.879 interchange:500 [DEBUG]  [MAIN] Sent tasks: [14] to manager b'5819dfc2b5ef'
2021-07-27 15:59:43.880 interchange:502 [DEBUG]  [MAIN] Manager b'5819dfc2b5ef' has free_capacity 15
2021-07-27 15:59:43.881 interchange:510 [DEBUG]  [MAIN] leaving _ready_manager_queue section, with 2 managers still interesting
2021-07-27 15:59:43.882 interchange:408 [DEBUG]  [MAIN] starting task_outgoing section
2021-07-27 15:59:43.883 interchange:469 [DEBUG]  [MAIN] Manager b'8bdad876ded8' requested 16 tasks
2021-07-27 15:59:43.884 interchange:472 [DEBUG]  [MAIN] leaving task_outgoing section
2021-07-27 15:59:43.884 interchange:476 [DEBUG]  Managers count (interesting/total): 2/2
2021-07-27 15:59:43.885 interchange:512 [DEBUG]  [MAIN] either no interesting managers or no tasks, so skipping manager pass
2021-07-27 15:59:43.885 interchange:408 [DEBUG]  [MAIN] starting task_outgoing section
2021-07-27 15:59:43.886 interchange:269 [DEBUG]  [TASK_PULL_THREAD] 0 tasks in internal queue
2021-07-27 15:59:43.886 interchange:466 [DEBUG]  [MAIN] Manager b'5819dfc2b5ef' sent heartbeat
2021-07-27 15:59:43.888 interchange:472 [DEBUG]  [MAIN] leaving task_outgoing section
2021-07-27 15:59:43.888 interchange:476 [DEBUG]  Managers count (interesting/total): 2/2
2021-07-27 15:59:43.889 interchange:512 [DEBUG]  [MAIN] either no interesting managers or no tasks, so skipping manager pass
2021-07-27 15:59:43.889 interchange:408 [DEBUG]  [MAIN] starting task_outgoing section
2021-07-27 15:59:43.890 interchange:469 [DEBUG]  [MAIN] Manager b'8bdad876ded8' requested 16 tasks
2021-07-27 15:59:43.891 interchange:472 [DEBUG]  [MAIN] leaving task_outgoing section
2021-07-27 15:59:43.891 interchange:476 [DEBUG]  Managers count (interesting/total): 2/2
2021-07-27 15:59:43.892 interchange:512 [DEBUG]  [MAIN] either no interesting managers or no tasks, so skipping manager pass
2021-07-27 15:59:43.893 interchange:408 [DEBUG]  [MAIN] starting task_outgoing section
2021-07-27 15:59:43.893 interchange:469 [DEBUG]  [MAIN] Manager b'5819dfc2b5ef' requested 16 tasks
2021-07-27 15:59:43.893 interchange:472 [DEBUG]  [MAIN] leaving task_outgoing section
2021-07-27 15:59:43.894 interchange:476 [DEBUG]  Managers count (interesting/total): 2/2
2021-07-27 15:59:43.894 interchange:512 [DEBUG]  [MAIN] either no interesting managers or no tasks, so skipping manager pass
2021-07-27 15:59:43.895 interchange:408 [DEBUG]  [MAIN] starting task_outgoing section
2021-07-27 15:59:43.895 interchange:469 [DEBUG]  [MAIN] Manager b'8bdad876ded8' requested 16 tasks
2021-07-27 15:59:43.896 interchange:472 [DEBUG]  [MAIN] leaving task_outgoing section
2021-07-27 15:59:43.896 interchange:476 [DEBUG]  Managers count (interesting/total): 2/2
2021-07-27 15:59:43.896 interchange:512 [DEBUG]  [MAIN] either no interesting managers or no tasks, so skipping manager pass
2021-07-27 15:59:43.897 interchange:408 [DEBUG]  [MAIN] starting task_outgoing section
2021-07-27 15:59:43.897 interchange:469 [DEBUG]  [MAIN] Manager b'5819dfc2b5ef' requested 16 tasks
2021-07-27 15:59:43.897 interchange:472 [DEBUG]  [MAIN] leaving task_outgoing section
2021-07-27 15:59:43.898 interchange:476 [DEBUG]  Managers count (interesting/total): 2/2
2021-07-27 15:59:43.898 interchange:512 [DEBUG]  [MAIN] either no interesting managers or no tasks, so skipping manager pass
2021-07-27 15:59:43.899 interchange:269 [DEBUG]  [TASK_PULL_THREAD] 0 tasks in internal queue
2021-07-27 15:59:43.899 interchange:408 [DEBUG]  [MAIN] starting task_outgoing section
2021-07-27 15:59:43.900 interchange:469 [DEBUG]  [MAIN] Manager b'5819dfc2b5ef' requested 15 tasks
2021-07-27 15:59:43.900 interchange:472 [DEBUG]  [MAIN] leaving task_outgoing section
2021-07-27 15:59:43.901 interchange:476 [DEBUG]  Managers count (interesting/total): 2/2
2021-07-27 15:59:43.901 interchange:512 [DEBUG]  [MAIN] either no interesting managers or no tasks, so skipping manager pass
2021-07-27 15:59:43.901 interchange:408 [DEBUG]  [MAIN] starting task_outgoing section
2021-07-27 15:59:43.902 interchange:469 [DEBUG]  [MAIN] Manager b'5819dfc2b5ef' requested 15 tasks
2021-07-27 15:59:43.902 interchange:472 [DEBUG]  [MAIN] leaving task_outgoing section
2021-07-27 15:59:43.902 interchange:476 [DEBUG]  Managers count (interesting/total): 2/2
2021-07-27 15:59:43.903 interchange:512 [DEBUG]  [MAIN] either no interesting managers or no tasks, so skipping manager pass
2021-07-27 15:59:43.910 interchange:269 [DEBUG]  [TASK_PULL_THREAD] 0 tasks in internal queue
2021-07-27 15:59:43.921 interchange:269 [DEBUG]  [TASK_PULL_THREAD] 0 tasks in internal queue
2021-07-27 15:59:43.932 interchange:269 [DEBUG]  [TASK_PULL_THREAD] 0 tasks in internal queue
2021-07-27 15:59:43.945 interchange:269 [DEBUG]  [TASK_PULL_THREAD] 0 tasks in internal queue
2021-07-27 15:59:43.956 interchange:269 [DEBUG]  [TASK_PULL_THREAD] 0 tasks in internal queue
2021-07-27 15:59:43.970 interchange:269 [DEBUG]  [TASK_PULL_THREAD] 0 tasks in internal queue
2021-07-27 15:59:43.984 interchange:269 [DEBUG]  [TASK_PULL_THREAD] 0 tasks in internal queue
2021-07-27 15:59:43.997 interchange:269 [DEBUG]  [TASK_PULL_THREAD] 0 tasks in internal queue
2021-07-27 15:59:43.998 interchange:476 [DEBUG]  Managers count (interesting/total): 2/2
2021-07-27 15:59:44.000 interchange:512 [DEBUG]  [MAIN] either no interesting managers or no tasks, so skipping manager pass
2021-07-27 15:59:44.000 interchange:515 [DEBUG]  [MAIN] entering results_incoming section
2021-07-27 15:59:44.001 interchange:520 [DEBUG]  [MAIN] Got 1 result items in batch
2021-07-27 15:59:44.002 interchange:533 [DEBUG]  [MAIN] Current tasks: []
2021-07-27 15:59:44.003 interchange:536 [DEBUG]  [MAIN] leaving results_incoming section
2021-07-27 15:59:44.006 interchange:278 [DEBUG]  [TASK_PULL_THREAD] Fetched task:15
2021-07-27 15:59:44.019 interchange:269 [DEBUG]  [TASK_PULL_THREAD] 1 tasks in internal queue
2021-07-27 15:59:44.032 interchange:269 [DEBUG]  [TASK_PULL_THREAD] 1 tasks in internal queue
2021-07-27 15:59:44.044 interchange:269 [DEBUG]  [TASK_PULL_THREAD] 1 tasks in internal queue
2021-07-27 15:59:44.058 interchange:269 [DEBUG]  [TASK_PULL_THREAD] 1 tasks in internal queue
2021-07-27 15:59:44.071 interchange:269 [DEBUG]  [TASK_PULL_THREAD] 1 tasks in internal queue
2021-07-27 15:59:44.079 interchange:408 [DEBUG]  [MAIN] starting task_outgoing section
2021-07-27 15:59:44.080 interchange:469 [DEBUG]  [MAIN] Manager b'8bdad876ded8' requested 16 tasks
2021-07-27 15:59:44.081 interchange:472 [DEBUG]  [MAIN] leaving task_outgoing section
2021-07-27 15:59:44.082 interchange:476 [DEBUG]  Managers count (interesting/total): 2/2
2021-07-27 15:59:44.082 interchange:500 [DEBUG]  [MAIN] Sent tasks: [15] to manager b'8bdad876ded8'
2021-07-27 15:59:44.083 interchange:269 [DEBUG]  [TASK_PULL_THREAD] 0 tasks in internal queue
2021-07-27 15:59:44.084 interchange:502 [DEBUG]  [MAIN] Manager b'8bdad876ded8' has free_capacity 15
2021-07-27 15:59:44.086 interchange:510 [DEBUG]  [MAIN] leaving _ready_manager_queue section, with 2 managers still interesting
2021-07-27 15:59:44.087 interchange:408 [DEBUG]  [MAIN] starting task_outgoing section
2021-07-27 15:59:44.088 interchange:469 [DEBUG]  [MAIN] Manager b'8bdad876ded8' requested 16 tasks
2021-07-27 15:59:44.088 interchange:472 [DEBUG]  [MAIN] leaving task_outgoing section
2021-07-27 15:59:44.089 interchange:476 [DEBUG]  Managers count (interesting/total): 2/2
2021-07-27 15:59:44.090 interchange:512 [DEBUG]  [MAIN] either no interesting managers or no tasks, so skipping manager pass
2021-07-27 15:59:44.091 interchange:408 [DEBUG]  [MAIN] starting task_outgoing section
2021-07-27 15:59:44.092 interchange:469 [DEBUG]  [MAIN] Manager b'8bdad876ded8' requested 16 tasks
2021-07-27 15:59:44.092 interchange:472 [DEBUG]  [MAIN] leaving task_outgoing section
2021-07-27 15:59:44.093 interchange:476 [DEBUG]  Managers count (interesting/total): 2/2
2021-07-27 15:59:44.093 interchange:512 [DEBUG]  [MAIN] either no interesting managers or no tasks, so skipping manager pass
2021-07-27 15:59:44.094 interchange:408 [DEBUG]  [MAIN] starting task_outgoing section
2021-07-27 15:59:44.094 interchange:469 [DEBUG]  [MAIN] Manager b'5819dfc2b5ef' requested 16 tasks
2021-07-27 15:59:44.095 interchange:472 [DEBUG]  [MAIN] leaving task_outgoing section
2021-07-27 15:59:44.095 interchange:476 [DEBUG]  Managers count (interesting/total): 2/2
2021-07-27 15:59:44.095 interchange:512 [DEBUG]  [MAIN] either no interesting managers or no tasks, so skipping manager pass
2021-07-27 15:59:44.096 interchange:269 [DEBUG]  [TASK_PULL_THREAD] 0 tasks in internal queue
2021-07-27 15:59:44.107 interchange:269 [DEBUG]  [TASK_PULL_THREAD] 0 tasks in internal queue
2021-07-27 15:59:44.118 interchange:269 [DEBUG]  [TASK_PULL_THREAD] 0 tasks in internal queue
2021-07-27 15:59:44.130 interchange:269 [DEBUG]  [TASK_PULL_THREAD] 0 tasks in internal queue
2021-07-27 15:59:44.141 interchange:269 [DEBUG]  [TASK_PULL_THREAD] 0 tasks in internal queue
2021-07-27 15:59:44.153 interchange:269 [DEBUG]  [TASK_PULL_THREAD] 0 tasks in internal queue
2021-07-27 15:59:44.166 interchange:269 [DEBUG]  [TASK_PULL_THREAD] 0 tasks in internal queue
2021-07-27 15:59:44.179 interchange:269 [DEBUG]  [TASK_PULL_THREAD] 0 tasks in internal queue
2021-07-27 15:59:44.192 interchange:269 [DEBUG]  [TASK_PULL_THREAD] 0 tasks in internal queue
2021-07-27 15:59:44.197 interchange:476 [DEBUG]  Managers count (interesting/total): 2/2
2021-07-27 15:59:44.198 interchange:512 [DEBUG]  [MAIN] either no interesting managers or no tasks, so skipping manager pass
2021-07-27 15:59:44.201 interchange:476 [DEBUG]  Managers count (interesting/total): 2/2
2021-07-27 15:59:44.202 interchange:512 [DEBUG]  [MAIN] either no interesting managers or no tasks, so skipping manager pass
2021-07-27 15:59:44.202 interchange:515 [DEBUG]  [MAIN] entering results_incoming section
2021-07-27 15:59:44.203 interchange:520 [DEBUG]  [MAIN] Got 1 result items in batch
2021-07-27 15:59:44.204 interchange:533 [DEBUG]  [MAIN] Current tasks: []
2021-07-27 15:59:44.204 interchange:536 [DEBUG]  [MAIN] leaving results_incoming section
2021-07-27 15:59:44.205 interchange:269 [DEBUG]  [TASK_PULL_THREAD] 0 tasks in internal queue
2021-07-27 15:59:44.208 interchange:278 [DEBUG]  [TASK_PULL_THREAD] Fetched task:16
2021-07-27 15:59:44.211 interchange:278 [DEBUG]  [TASK_PULL_THREAD] Fetched task:17
2021-07-27 15:59:44.224 interchange:269 [DEBUG]  [TASK_PULL_THREAD] 2 tasks in internal queue
2021-07-27 15:59:44.235 interchange:269 [DEBUG]  [TASK_PULL_THREAD] 2 tasks in internal queue
2021-07-27 15:59:44.247 interchange:269 [DEBUG]  [TASK_PULL_THREAD] 2 tasks in internal queue
2021-07-27 15:59:44.260 interchange:269 [DEBUG]  [TASK_PULL_THREAD] 2 tasks in internal queue
2021-07-27 15:59:44.274 interchange:269 [DEBUG]  [TASK_PULL_THREAD] 2 tasks in internal queue
2021-07-27 15:59:44.288 interchange:269 [DEBUG]  [TASK_PULL_THREAD] 2 tasks in internal queue
2021-07-27 15:59:44.289 interchange:408 [DEBUG]  [MAIN] starting task_outgoing section
2021-07-27 15:59:44.290 interchange:469 [DEBUG]  [MAIN] Manager b'8bdad876ded8' requested 16 tasks
2021-07-27 15:59:44.291 interchange:472 [DEBUG]  [MAIN] leaving task_outgoing section
2021-07-27 15:59:44.292 interchange:476 [DEBUG]  Managers count (interesting/total): 2/2
2021-07-27 15:59:44.293 interchange:500 [DEBUG]  [MAIN] Sent tasks: [16, 17] to manager b'5819dfc2b5ef'
2021-07-27 15:59:44.293 interchange:502 [DEBUG]  [MAIN] Manager b'5819dfc2b5ef' has free_capacity 14
2021-07-27 15:59:44.295 interchange:510 [DEBUG]  [MAIN] leaving _ready_manager_queue section, with 2 managers still interesting
2021-07-27 15:59:44.296 interchange:408 [DEBUG]  [MAIN] starting task_outgoing section
2021-07-27 15:59:44.298 interchange:469 [DEBUG]  [MAIN] Manager b'5819dfc2b5ef' requested 16 tasks
2021-07-27 15:59:44.299 interchange:472 [DEBUG]  [MAIN] leaving task_outgoing section
2021-07-27 15:59:44.300 interchange:476 [DEBUG]  Managers count (interesting/total): 2/2
2021-07-27 15:59:44.301 interchange:512 [DEBUG]  [MAIN] either no interesting managers or no tasks, so skipping manager pass
2021-07-27 15:59:44.302 interchange:269 [DEBUG]  [TASK_PULL_THREAD] 0 tasks in internal queue
2021-07-27 15:59:44.303 interchange:408 [DEBUG]  [MAIN] starting task_outgoing section
2021-07-27 15:59:44.304 interchange:469 [DEBUG]  [MAIN] Manager b'5819dfc2b5ef' requested 16 tasks
2021-07-27 15:59:44.304 interchange:472 [DEBUG]  [MAIN] leaving task_outgoing section
2021-07-27 15:59:44.305 interchange:476 [DEBUG]  Managers count (interesting/total): 2/2
2021-07-27 15:59:44.306 interchange:512 [DEBUG]  [MAIN] either no interesting managers or no tasks, so skipping manager pass
2021-07-27 15:59:44.315 interchange:269 [DEBUG]  [TASK_PULL_THREAD] 0 tasks in internal queue
2021-07-27 15:59:44.327 interchange:269 [DEBUG]  [TASK_PULL_THREAD] 0 tasks in internal queue
2021-07-27 15:59:44.340 interchange:269 [DEBUG]  [TASK_PULL_THREAD] 0 tasks in internal queue
2021-07-27 15:59:44.352 interchange:269 [DEBUG]  [TASK_PULL_THREAD] 0 tasks in internal queue
2021-07-27 15:59:44.363 interchange:269 [DEBUG]  [TASK_PULL_THREAD] 0 tasks in internal queue
2021-07-27 15:59:44.374 interchange:269 [DEBUG]  [TASK_PULL_THREAD] 0 tasks in internal queue
2021-07-27 15:59:44.386 interchange:269 [DEBUG]  [TASK_PULL_THREAD] 0 tasks in internal queue
2021-07-27 15:59:44.397 interchange:269 [DEBUG]  [TASK_PULL_THREAD] 0 tasks in internal queue
2021-07-27 15:59:44.408 interchange:269 [DEBUG]  [TASK_PULL_THREAD] 0 tasks in internal queue
2021-07-27 15:59:44.409 interchange:476 [DEBUG]  Managers count (interesting/total): 2/2
2021-07-27 15:59:44.410 interchange:512 [DEBUG]  [MAIN] either no interesting managers or no tasks, so skipping manager pass
2021-07-27 15:59:44.412 interchange:476 [DEBUG]  Managers count (interesting/total): 2/2
2021-07-27 15:59:44.413 interchange:512 [DEBUG]  [MAIN] either no interesting managers or no tasks, so skipping manager pass
2021-07-27 15:59:44.413 interchange:515 [DEBUG]  [MAIN] entering results_incoming section
2021-07-27 15:59:44.414 interchange:520 [DEBUG]  [MAIN] Got 2 result items in batch
2021-07-27 15:59:44.415 interchange:533 [DEBUG]  [MAIN] Current tasks: []
2021-07-27 15:59:44.416 interchange:536 [DEBUG]  [MAIN] leaving results_incoming section
2021-07-27 15:59:44.422 interchange:278 [DEBUG]  [TASK_PULL_THREAD] Fetched task:18
2021-07-27 15:59:44.434 interchange:269 [DEBUG]  [TASK_PULL_THREAD] 1 tasks in internal queue
2021-07-27 15:59:44.447 interchange:269 [DEBUG]  [TASK_PULL_THREAD] 1 tasks in internal queue
2021-07-27 15:59:44.461 interchange:269 [DEBUG]  [TASK_PULL_THREAD] 1 tasks in internal queue
2021-07-27 15:59:44.474 interchange:269 [DEBUG]  [TASK_PULL_THREAD] 1 tasks in internal queue
2021-07-27 15:59:44.486 interchange:269 [DEBUG]  [TASK_PULL_THREAD] 1 tasks in internal queue
2021-07-27 15:59:44.499 interchange:269 [DEBUG]  [TASK_PULL_THREAD] 1 tasks in internal queue
2021-07-27 15:59:44.500 interchange:408 [DEBUG]  [MAIN] starting task_outgoing section
2021-07-27 15:59:44.501 interchange:469 [DEBUG]  [MAIN] Manager b'5819dfc2b5ef' requested 16 tasks
2021-07-27 15:59:44.502 interchange:472 [DEBUG]  [MAIN] leaving task_outgoing section
2021-07-27 15:59:44.503 interchange:476 [DEBUG]  Managers count (interesting/total): 2/2
2021-07-27 15:59:44.504 interchange:500 [DEBUG]  [MAIN] Sent tasks: [18] to manager b'5819dfc2b5ef'
2021-07-27 15:59:44.506 interchange:502 [DEBUG]  [MAIN] Manager b'5819dfc2b5ef' has free_capacity 15
2021-07-27 15:59:44.507 interchange:510 [DEBUG]  [MAIN] leaving _ready_manager_queue section, with 2 managers still interesting
2021-07-27 15:59:44.509 interchange:408 [DEBUG]  [MAIN] starting task_outgoing section
2021-07-27 15:59:44.510 interchange:469 [DEBUG]  [MAIN] Manager b'5819dfc2b5ef' requested 16 tasks
2021-07-27 15:59:44.510 interchange:472 [DEBUG]  [MAIN] leaving task_outgoing section
2021-07-27 15:59:44.511 interchange:476 [DEBUG]  Managers count (interesting/total): 2/2
2021-07-27 15:59:44.512 interchange:269 [DEBUG]  [TASK_PULL_THREAD] 0 tasks in internal queue
2021-07-27 15:59:44.512 interchange:360 [DEBUG]  [COMMAND] is alive
2021-07-27 15:59:44.512 interchange:512 [DEBUG]  [MAIN] either no interesting managers or no tasks, so skipping manager pass
2021-07-27 15:59:44.515 interchange:408 [DEBUG]  [MAIN] starting task_outgoing section
2021-07-27 15:59:44.516 interchange:469 [DEBUG]  [MAIN] Manager b'5819dfc2b5ef' requested 16 tasks
2021-07-27 15:59:44.516 interchange:472 [DEBUG]  [MAIN] leaving task_outgoing section
2021-07-27 15:59:44.517 interchange:476 [DEBUG]  Managers count (interesting/total): 2/2
2021-07-27 15:59:44.517 interchange:512 [DEBUG]  [MAIN] either no interesting managers or no tasks, so skipping manager pass
2021-07-27 15:59:44.525 interchange:269 [DEBUG]  [TASK_PULL_THREAD] 0 tasks in internal queue
2021-07-27 15:59:44.536 interchange:269 [DEBUG]  [TASK_PULL_THREAD] 0 tasks in internal queue
2021-07-27 15:59:44.548 interchange:269 [DEBUG]  [TASK_PULL_THREAD] 0 tasks in internal queue
2021-07-27 15:59:44.560 interchange:269 [DEBUG]  [TASK_PULL_THREAD] 0 tasks in internal queue
2021-07-27 15:59:44.573 interchange:269 [DEBUG]  [TASK_PULL_THREAD] 0 tasks in internal queue
2021-07-27 15:59:44.585 interchange:269 [DEBUG]  [TASK_PULL_THREAD] 0 tasks in internal queue
2021-07-27 15:59:44.597 interchange:269 [DEBUG]  [TASK_PULL_THREAD] 0 tasks in internal queue
2021-07-27 15:59:44.609 interchange:269 [DEBUG]  [TASK_PULL_THREAD] 0 tasks in internal queue
2021-07-27 15:59:44.618 interchange:476 [DEBUG]  Managers count (interesting/total): 2/2
2021-07-27 15:59:44.619 interchange:512 [DEBUG]  [MAIN] either no interesting managers or no tasks, so skipping manager pass
2021-07-27 15:59:44.621 interchange:269 [DEBUG]  [TASK_PULL_THREAD] 0 tasks in internal queue
2021-07-27 15:59:44.624 interchange:476 [DEBUG]  Managers count (interesting/total): 2/2
2021-07-27 15:59:44.626 interchange:512 [DEBUG]  [MAIN] either no interesting managers or no tasks, so skipping manager pass
2021-07-27 15:59:44.627 interchange:515 [DEBUG]  [MAIN] entering results_incoming section
2021-07-27 15:59:44.627 interchange:520 [DEBUG]  [MAIN] Got 1 result items in batch
2021-07-27 15:59:44.628 interchange:533 [DEBUG]  [MAIN] Current tasks: []
2021-07-27 15:59:44.629 interchange:536 [DEBUG]  [MAIN] leaving results_incoming section
2021-07-27 15:59:44.631 interchange:278 [DEBUG]  [TASK_PULL_THREAD] Fetched task:19
2021-07-27 15:59:44.643 interchange:269 [DEBUG]  [TASK_PULL_THREAD] 1 tasks in internal queue
2021-07-27 15:59:44.657 interchange:269 [DEBUG]  [TASK_PULL_THREAD] 1 tasks in internal queue
2021-07-27 15:59:44.669 interchange:269 [DEBUG]  [TASK_PULL_THREAD] 1 tasks in internal queue
2021-07-27 15:59:44.683 interchange:269 [DEBUG]  [TASK_PULL_THREAD] 1 tasks in internal queue
2021-07-27 15:59:44.694 interchange:269 [DEBUG]  [TASK_PULL_THREAD] 1 tasks in internal queue
2021-07-27 15:59:44.695 interchange:408 [DEBUG]  [MAIN] starting task_outgoing section
2021-07-27 15:59:44.696 interchange:469 [DEBUG]  [MAIN] Manager b'8bdad876ded8' requested 16 tasks
2021-07-27 15:59:44.697 interchange:472 [DEBUG]  [MAIN] leaving task_outgoing section
2021-07-27 15:59:44.698 interchange:476 [DEBUG]  Managers count (interesting/total): 2/2
2021-07-27 15:59:44.699 interchange:500 [DEBUG]  [MAIN] Sent tasks: [19] to manager b'8bdad876ded8'
2021-07-27 15:59:44.700 interchange:502 [DEBUG]  [MAIN] Manager b'8bdad876ded8' has free_capacity 15
2021-07-27 15:59:44.701 interchange:510 [DEBUG]  [MAIN] leaving _ready_manager_queue section, with 2 managers still interesting
2021-07-27 15:59:44.703 interchange:408 [DEBUG]  [MAIN] starting task_outgoing section
2021-07-27 15:59:44.704 interchange:469 [DEBUG]  [MAIN] Manager b'8bdad876ded8' requested 16 tasks
2021-07-27 15:59:44.704 interchange:472 [DEBUG]  [MAIN] leaving task_outgoing section
2021-07-27 15:59:44.705 interchange:476 [DEBUG]  Managers count (interesting/total): 2/2
2021-07-27 15:59:44.706 interchange:512 [DEBUG]  [MAIN] either no interesting managers or no tasks, so skipping manager pass
2021-07-27 15:59:44.706 interchange:269 [DEBUG]  [TASK_PULL_THREAD] 0 tasks in internal queue
2021-07-27 15:59:44.707 interchange:408 [DEBUG]  [MAIN] starting task_outgoing section
2021-07-27 15:59:44.708 interchange:469 [DEBUG]  [MAIN] Manager b'8bdad876ded8' requested 16 tasks
2021-07-27 15:59:44.709 interchange:472 [DEBUG]  [MAIN] leaving task_outgoing section
2021-07-27 15:59:44.709 interchange:476 [DEBUG]  Managers count (interesting/total): 2/2
2021-07-27 15:59:44.710 interchange:512 [DEBUG]  [MAIN] either no interesting managers or no tasks, so skipping manager pass
2021-07-27 15:59:44.710 interchange:408 [DEBUG]  [MAIN] starting task_outgoing section
2021-07-27 15:59:44.711 interchange:469 [DEBUG]  [MAIN] Manager b'5819dfc2b5ef' requested 16 tasks
2021-07-27 15:59:44.711 interchange:472 [DEBUG]  [MAIN] leaving task_outgoing section
2021-07-27 15:59:44.712 interchange:476 [DEBUG]  Managers count (interesting/total): 2/2
2021-07-27 15:59:44.712 interchange:512 [DEBUG]  [MAIN] either no interesting managers or no tasks, so skipping manager pass
2021-07-27 15:59:44.720 interchange:269 [DEBUG]  [TASK_PULL_THREAD] 0 tasks in internal queue
2021-07-27 15:59:44.734 interchange:269 [DEBUG]  [TASK_PULL_THREAD] 0 tasks in internal queue
2021-07-27 15:59:44.747 interchange:269 [DEBUG]  [TASK_PULL_THREAD] 0 tasks in internal queue
2021-07-27 15:59:44.761 interchange:269 [DEBUG]  [TASK_PULL_THREAD] 0 tasks in internal queue
2021-07-27 15:59:44.773 interchange:269 [DEBUG]  [TASK_PULL_THREAD] 0 tasks in internal queue
2021-07-27 15:59:44.787 interchange:269 [DEBUG]  [TASK_PULL_THREAD] 0 tasks in internal queue
2021-07-27 15:59:44.800 interchange:269 [DEBUG]  [TASK_PULL_THREAD] 0 tasks in internal queue
2021-07-27 15:59:44.811 interchange:269 [DEBUG]  [TASK_PULL_THREAD] 0 tasks in internal queue
2021-07-27 15:59:44.814 interchange:476 [DEBUG]  Managers count (interesting/total): 2/2
2021-07-27 15:59:44.815 interchange:512 [DEBUG]  [MAIN] either no interesting managers or no tasks, so skipping manager pass
2021-07-27 15:59:44.819 interchange:476 [DEBUG]  Managers count (interesting/total): 2/2
2021-07-27 15:59:44.820 interchange:512 [DEBUG]  [MAIN] either no interesting managers or no tasks, so skipping manager pass
2021-07-27 15:59:44.821 interchange:515 [DEBUG]  [MAIN] entering results_incoming section
2021-07-27 15:59:44.822 interchange:520 [DEBUG]  [MAIN] Got 1 result items in batch
2021-07-27 15:59:44.823 interchange:533 [DEBUG]  [MAIN] Current tasks: []
2021-07-27 15:59:44.824 interchange:269 [DEBUG]  [TASK_PULL_THREAD] 0 tasks in internal queue
2021-07-27 15:59:44.824 interchange:536 [DEBUG]  [MAIN] leaving results_incoming section
2021-07-27 15:59:44.828 interchange:278 [DEBUG]  [TASK_PULL_THREAD] Fetched task:20
2021-07-27 15:59:44.841 interchange:269 [DEBUG]  [TASK_PULL_THREAD] 1 tasks in internal queue
2021-07-27 15:59:44.854 interchange:269 [DEBUG]  [TASK_PULL_THREAD] 1 tasks in internal queue
2021-07-27 15:59:44.868 interchange:269 [DEBUG]  [TASK_PULL_THREAD] 1 tasks in internal queue
2021-07-27 15:59:44.882 interchange:269 [DEBUG]  [TASK_PULL_THREAD] 1 tasks in internal queue
2021-07-27 15:59:44.895 interchange:269 [DEBUG]  [TASK_PULL_THREAD] 1 tasks in internal queue
2021-07-27 15:59:44.902 interchange:408 [DEBUG]  [MAIN] starting task_outgoing section
2021-07-27 15:59:44.903 interchange:469 [DEBUG]  [MAIN] Manager b'8bdad876ded8' requested 16 tasks
2021-07-27 15:59:44.904 interchange:472 [DEBUG]  [MAIN] leaving task_outgoing section
2021-07-27 15:59:44.905 interchange:476 [DEBUG]  Managers count (interesting/total): 2/2
2021-07-27 15:59:44.906 interchange:500 [DEBUG]  [MAIN] Sent tasks: [20] to manager b'8bdad876ded8'
2021-07-27 15:59:44.906 interchange:502 [DEBUG]  [MAIN] Manager b'8bdad876ded8' has free_capacity 15
2021-07-27 15:59:44.908 interchange:269 [DEBUG]  [TASK_PULL_THREAD] 0 tasks in internal queue
2021-07-27 15:59:44.908 interchange:510 [DEBUG]  [MAIN] leaving _ready_manager_queue section, with 2 managers still interesting
2021-07-27 15:59:44.910 interchange:408 [DEBUG]  [MAIN] starting task_outgoing section
2021-07-27 15:59:44.911 interchange:469 [DEBUG]  [MAIN] Manager b'8bdad876ded8' requested 16 tasks
2021-07-27 15:59:44.911 interchange:472 [DEBUG]  [MAIN] leaving task_outgoing section
2021-07-27 15:59:44.912 interchange:476 [DEBUG]  Managers count (interesting/total): 2/2
2021-07-27 15:59:44.913 interchange:512 [DEBUG]  [MAIN] either no interesting managers or no tasks, so skipping manager pass
2021-07-27 15:59:44.914 interchange:408 [DEBUG]  [MAIN] starting task_outgoing section
2021-07-27 15:59:44.914 interchange:469 [DEBUG]  [MAIN] Manager b'8bdad876ded8' requested 16 tasks
2021-07-27 15:59:44.915 interchange:472 [DEBUG]  [MAIN] leaving task_outgoing section
2021-07-27 15:59:44.916 interchange:476 [DEBUG]  Managers count (interesting/total): 2/2
2021-07-27 15:59:44.916 interchange:512 [DEBUG]  [MAIN] either no interesting managers or no tasks, so skipping manager pass
2021-07-27 15:59:44.920 interchange:269 [DEBUG]  [TASK_PULL_THREAD] 0 tasks in internal queue
2021-07-27 15:59:44.921 interchange:476 [DEBUG]  Managers count (interesting/total): 2/2
2021-07-27 15:59:44.922 interchange:512 [DEBUG]  [MAIN] either no interesting managers or no tasks, so skipping manager pass
2021-07-27 15:59:44.922 interchange:515 [DEBUG]  [MAIN] entering results_incoming section
2021-07-27 15:59:44.922 interchange:520 [DEBUG]  [MAIN] Got 1 result items in batch
2021-07-27 15:59:44.923 interchange:533 [DEBUG]  [MAIN] Current tasks: []
2021-07-27 15:59:44.923 interchange:536 [DEBUG]  [MAIN] leaving results_incoming section
2021-07-27 15:59:44.927 interchange:310 [DEBUG]  [COMMAND] Received command request: MANAGERS
2021-07-27 15:59:44.927 interchange:356 [DEBUG]  [COMMAND] Reply: [{'manager': '5819dfc2b5ef', 'block_id': '0', 'worker_count': 16, 'tasks': 0, 'idle_duration': 0.29808807373046875, 'active': True}, {'manager': '8bdad876ded8', 'block_id': '1', 'worker_count': 16, 'tasks': 0, 'idle_duration': 0.0037581920623779297, 'active': True}]
2021-07-27 15:59:44.928 interchange:310 [DEBUG]  [COMMAND] Received command request: MANAGERS
2021-07-27 15:59:44.929 interchange:356 [DEBUG]  [COMMAND] Reply: [{'manager': '5819dfc2b5ef', 'block_id': '0', 'worker_count': 16, 'tasks': 0, 'idle_duration': 0.2996799945831299, 'active': True}, {'manager': '8bdad876ded8', 'block_id': '1', 'worker_count': 16, 'tasks': 0, 'idle_duration': 0.00534820556640625, 'active': True}]
2021-07-27 15:59:44.930 interchange:310 [DEBUG]  [COMMAND] Received command request: HOLD_WORKER;8bdad876ded8
2021-07-27 15:59:44.930 interchange:340 [INFO]  [CMD] Received HOLD_WORKER for b'8bdad876ded8'
2021-07-27 15:59:44.931 interchange:293 [INFO]  Sending message {'last_heartbeat': 1627419584.914814, 'idle_since': 1627419584.9238248, 'free_capacity': 16, 'block_id': '1', 'max_capacity': 16, 'worker_count': 16, 'active': False, 'tasks': [], 'parsl_v': '1.1.0', 'python_v': '3.8.8', 'uid': '8bdad876ded8', 'prefetch_capacity': 0, 'os': 'Darwin', 'hostname': 'Ananths-Macbook.local', 'dir': '/Users/ananthhariharan/Documents/Code/GitHub/Parsl-Project', 'cpu_count': 2, 'total_memory': 8589934592} to hub
2021-07-27 15:59:44.931 interchange:356 [DEBUG]  [COMMAND] Reply: True
2021-07-27 15:59:44.932 interchange:269 [DEBUG]  [TASK_PULL_THREAD] 0 tasks in internal queue
2021-07-27 15:59:44.933 interchange:310 [DEBUG]  [COMMAND] Received command request: MANAGERS
2021-07-27 15:59:44.933 interchange:356 [DEBUG]  [COMMAND] Reply: [{'manager': '5819dfc2b5ef', 'block_id': '0', 'worker_count': 16, 'tasks': 0, 'idle_duration': 0.3040611743927002, 'active': True}, {'manager': '8bdad876ded8', 'block_id': '1', 'worker_count': 16, 'tasks': 0, 'idle_duration': 0.009731292724609375, 'active': False}]
2021-07-27 15:59:44.934 interchange:310 [DEBUG]  [COMMAND] Received command request: HOLD_WORKER;5819dfc2b5ef
2021-07-27 15:59:44.935 interchange:340 [INFO]  [CMD] Received HOLD_WORKER for b'5819dfc2b5ef'
2021-07-27 15:59:44.935 interchange:293 [INFO]  Sending message {'last_heartbeat': 1627419584.711201, 'idle_since': 1627419584.629489, 'free_capacity': 16, 'block_id': '0', 'max_capacity': 16, 'worker_count': 16, 'active': False, 'tasks': [], 'parsl_v': '1.1.0', 'python_v': '3.8.8', 'uid': '5819dfc2b5ef', 'prefetch_capacity': 0, 'os': 'Darwin', 'hostname': 'Ananths-Macbook.local', 'dir': '/Users/ananthhariharan/Documents/Code/GitHub/Parsl-Project', 'cpu_count': 2, 'total_memory': 8589934592} to hub
2021-07-27 15:59:44.936 interchange:356 [DEBUG]  [COMMAND] Reply: True
2021-07-27 15:59:44.943 interchange:269 [DEBUG]  [TASK_PULL_THREAD] 0 tasks in internal queue
2021-07-27 15:59:44.962 interchange:269 [DEBUG]  [TASK_PULL_THREAD] 0 tasks in internal queue
2021-07-27 15:59:44.973 interchange:269 [DEBUG]  [TASK_PULL_THREAD] 0 tasks in internal queue
2021-07-27 15:59:44.986 interchange:269 [DEBUG]  [TASK_PULL_THREAD] 0 tasks in internal queue
2021-07-27 15:59:44.999 interchange:269 [DEBUG]  [TASK_PULL_THREAD] 0 tasks in internal queue
