2021-07-27 15:55:24.914 parsl.dataflow.dflow:84 [DEBUG]  Starting DataFlowKernel with config
Config(
    app_cache=True, 
    checkpoint_files=None, 
    checkpoint_mode='task_exit', 
    checkpoint_period=None, 
    executors=[HighThroughputExecutor(
        address=None, 
        address_probe_timeout=None, 
        cores_per_worker=0.25, 
        cpu_affinity='none', 
        heartbeat_period=2, 
        heartbeat_threshold=5, 
        interchange_port_range=(55000, 56000), 
        label='htex_Local', 
        launch_cmd='process_worker_pool.py {debug} {max_workers} -a {addresses} -p {prefetch_capacity} -c {cores_per_worker} -m {mem_per_worker} --poll {poll_period} --task_port={task_port} --result_port={result_port} --logdir={logdir} --block_id={{block_id}} --hb_period={heartbeat_period} {address_probe_timeout_string} --hb_threshold={heartbeat_threshold} --cpu-affinity {cpu_affinity} ', 
        managed=True, 
        max_workers=inf, 
        mem_per_worker=None, 
        poll_period=100, 
        prefetch_capacity=0, 
        provider=LocalProvider(
            channel=LocalChannel(
                envs={}, 
                script_dir=None, 
                userhome='/Users/ananthhariharan/Documents/Code/GitHub/Parsl-Project'
            ), 
            cmd_timeout=30, 
            init_blocks=0, 
            launcher=SingleNodeLauncher(debug=True, fail_on_any=False), 
            max_blocks=5, 
            min_blocks=0, 
            move_files=None, 
            nodes_per_block=1, 
            parallelism=1, 
            worker_init=''
        ), 
        storage_access=[FTPInTaskStaging(), HTTPInTaskStaging(), NoOpFileStaging()], 
        worker_debug=True, 
        worker_logdir_root=None, 
        worker_port_range=(54000, 55000), 
        worker_ports=None, 
        working_dir='/Users/ananthhariharan/Documents/Code/GitHub/Parsl-Project/test_htex_alternate'
    )], 
    garbage_collect=True, 
    initialize_logging=True, 
    internal_tasks_max_threads=10, 
    max_idletime=120.0, 
    monitoring=MonitoringHub(
        'localhost',
        client_address='127.0.0.1', 
        client_port_range=(55000, 56000), 
        hub_port=55055, 
        hub_port_range=(55050, 56000), 
        logdir=None, 
        logging_endpoint='sqlite:///monitoring.db', 
        monitoring_debug=False, 
        resource_monitoring_enabled=True, 
        resource_monitoring_interval=1, 
        workflow_name=None, 
        workflow_version=None
    ), 
    retries=2, 
    run_dir='runinfo', 
    strategy='simple', 
    usage_tracking=False
)
2021-07-27 15:55:24.914 parsl.dataflow.dflow:86 [INFO]  Parsl version: 1.1.0
2021-07-27 15:55:24.914 parsl.dataflow.usage_tracking.usage:125 [DEBUG]  Tracking status: False
2021-07-27 15:55:24.914 parsl.monitoring.monitoring:209 [INFO]  Monitoring Hub initialized
2021-07-27 15:55:24.914 parsl.monitoring.monitoring:211 [DEBUG]  Initializing ZMQ Pipes to client
2021-07-27 15:55:24.948 parsl.monitoring.monitoring:255 [INFO]  Started the Hub process 27123 and DBM process 27124
2021-07-27 15:55:24.965 parsl.dataflow.dflow:114 [INFO]  Run id is: 3a5f4723-ec48-4983-af55-9226a1a5d790
2021-07-27 15:55:25.102 parsl.monitoring.monitoring:274 [DEBUG]  Sending message MessageType.WORKFLOW_INFO, {'python_version': '3.8.8', 'parsl_version': '1.1.0', 'time_began': datetime.datetime(2021, 7, 27, 15, 55, 24, 965915), 'time_completed': None, 'run_id': '3a5f4723-ec48-4983-af55-9226a1a5d790', 'workflow_name': 'cpw_eval.py', 'workflow_version': '2021-07-27 15:55:24', 'rundir': '/Users/ananthhariharan/Documents/Code/GitHub/Parsl-Project/runinfo/024', 'tasks_completed_count': 0, 'tasks_failed_count': 0, 'user': 'ananthhariharan', 'host': 'Ananths-Macbook.local'}
2021-07-27 15:55:25.104 parsl.dataflow.memoization:164 [INFO]  App caching initialized
2021-07-27 15:55:25.104 parsl.dataflow.strategy:127 [DEBUG]  Scaling strategy: simple
2021-07-27 15:55:25.108 parsl.executors.high_throughput.executor:468 [DEBUG]  Starting queue management thread
2021-07-27 15:55:25.109 parsl.executors.high_throughput.executor:358 [DEBUG]  [MTHREAD] queue management worker starting
2021-07-27 15:55:25.109 parsl.executors.high_throughput.executor:472 [DEBUG]  Started queue management thread
2021-07-27 15:55:25.126 parsl.executors.high_throughput.executor:319 [DEBUG]  Created management thread: <Thread(HTEX-Queue-Management-Thread, started daemon 123145488363520)>
2021-07-27 15:55:25.127 parsl.executors.high_throughput.executor:291 [DEBUG]  Launch command: process_worker_pool.py --debug  -a 192.168.4.29,Ananths-Macbook.local,69.174.173.76 -p 0 -c 0.25 -m None --poll 100 --task_port=54301 --result_port=54625 --logdir=/Users/ananthhariharan/Documents/Code/GitHub/Parsl-Project/runinfo/024/htex_Local --block_id={block_id} --hb_period=2  --hb_threshold=5 --cpu-affinity none 
2021-07-27 15:55:25.127 parsl.executors.high_throughput.executor:294 [DEBUG]  Starting HighThroughputExecutor with provider:
LocalProvider(
    channel=LocalChannel(
        envs={}, 
        script_dir='/Users/ananthhariharan/Documents/Code/GitHub/Parsl-Project/runinfo/024/submit_scripts', 
        userhome='/Users/ananthhariharan/Documents/Code/GitHub/Parsl-Project'
    ), 
    cmd_timeout=30, 
    init_blocks=0, 
    launcher=SingleNodeLauncher(debug=True, fail_on_any=False), 
    max_blocks=5, 
    min_blocks=0, 
    move_files=None, 
    nodes_per_block=1, 
    parallelism=1, 
    worker_init=''
)
2021-07-27 15:55:25.132 parsl.dataflow.task_status_poller:114 [DEBUG]  Adding executor htex_Local
2021-07-27 15:55:25.134 parsl.dataflow.task_status_poller:37 [INFO]  Monitoring enabled on task status poller
2021-07-27 15:55:25.145 parsl.dataflow.dflow:802 [DEBUG]  Task 0 will be sent to executor htex_Local
2021-07-27 15:55:25.145 parsl.dataflow.dflow:628 [DEBUG]  Adding output dependencies
2021-07-27 15:55:25.145 parsl.dataflow.dflow:881 [INFO]  Task 0 submitted for App app_A, not waiting on any dependency
2021-07-27 15:55:25.145 parsl.dataflow.dflow:889 [DEBUG]  Task 0 set to pending state with AppFuture: <AppFuture super=<AppFuture at 0x7f818cf33070 state=pending>>
2021-07-27 15:55:25.146 parsl.monitoring.monitoring:274 [DEBUG]  Sending message MessageType.TASK_INFO, {'task_func_name': 'app_A', 'task_memoize': False, 'task_hashsum': None, 'task_fail_count': 0, 'task_status': <States.pending: 0>, 'task_id': 0, 'task_time_invoked': datetime.datetime(2021, 7, 27, 15, 55, 25, 145406), 'task_try_time_launched': None, 'task_time_returned': None, 'task_try_time_returned': None, 'task_executor': 'htex_Local', 'run_id': '3a5f4723-ec48-4983-af55-9226a1a5d790', 'try_id': 0, 'timestamp': datetime.datetime(2021, 7, 27, 15, 55, 25, 145764), 'task_status_name': 'pending', 'tasks_failed_count': 0, 'tasks_completed_count': 0, 'tasks_memo_completed_count': 0, 'from_memo': None, 'task_inputs': 'None', 'task_outputs': 'None', 'task_stdin': None, 'task_stdout': None, 'task_stderr': None, 'task_fail_history': '', 'task_depends': '', 'task_joins': None}
2021-07-27 15:55:25.146 parsl.dataflow.memoization:229 [DEBUG]  Task 0 will not be memoized
2021-07-27 15:55:25.146 parsl.executors.high_throughput.executor:557 [DEBUG]  Pushing function <function MonitoringHub.monitor_wrapper.<locals>.wrapped at 0x7f818cf30e50> to queue with args ()
2021-07-27 15:55:25.148 parsl.monitoring.monitoring:274 [DEBUG]  Sending message MessageType.TASK_INFO, {'task_func_name': 'app_A', 'task_memoize': False, 'task_hashsum': None, 'task_fail_count': 0, 'task_status': <States.launched: 7>, 'task_id': 0, 'task_time_invoked': datetime.datetime(2021, 7, 27, 15, 55, 25, 145406), 'task_try_time_launched': datetime.datetime(2021, 7, 27, 15, 55, 25, 146338), 'task_time_returned': None, 'task_try_time_returned': None, 'task_executor': 'htex_Local', 'run_id': '3a5f4723-ec48-4983-af55-9226a1a5d790', 'try_id': 0, 'timestamp': datetime.datetime(2021, 7, 27, 15, 55, 25, 148581), 'task_status_name': 'launched', 'tasks_failed_count': 0, 'tasks_completed_count': 0, 'tasks_memo_completed_count': 0, 'from_memo': False, 'task_inputs': 'None', 'task_outputs': 'None', 'task_stdin': None, 'task_stdout': None, 'task_stderr': None, 'task_fail_history': '', 'task_depends': '', 'task_joins': None}
2021-07-27 15:55:25.149 parsl.dataflow.dflow:591 [INFO]  Task 0 launched on executor htex_Local
2021-07-27 15:55:25.149 parsl.dataflow.dflow:802 [DEBUG]  Task 1 will be sent to executor htex_Local
2021-07-27 15:55:25.149 parsl.dataflow.dflow:628 [DEBUG]  Adding output dependencies
2021-07-27 15:55:25.149 parsl.dataflow.dflow:881 [INFO]  Task 1 submitted for App app_B, not waiting on any dependency
2021-07-27 15:55:25.149 parsl.dataflow.dflow:889 [DEBUG]  Task 1 set to pending state with AppFuture: <AppFuture super=<AppFuture at 0x7f818cf461f0 state=pending>>
2021-07-27 15:55:25.149 parsl.monitoring.monitoring:274 [DEBUG]  Sending message MessageType.TASK_INFO, {'task_func_name': 'app_B', 'task_memoize': False, 'task_hashsum': None, 'task_fail_count': 0, 'task_status': <States.pending: 0>, 'task_id': 1, 'task_time_invoked': datetime.datetime(2021, 7, 27, 15, 55, 25, 149333), 'task_try_time_launched': None, 'task_time_returned': None, 'task_try_time_returned': None, 'task_executor': 'htex_Local', 'run_id': '3a5f4723-ec48-4983-af55-9226a1a5d790', 'try_id': 0, 'timestamp': datetime.datetime(2021, 7, 27, 15, 55, 25, 149558), 'task_status_name': 'pending', 'tasks_failed_count': 0, 'tasks_completed_count': 0, 'tasks_memo_completed_count': 0, 'from_memo': None, 'task_inputs': 'None', 'task_outputs': 'None', 'task_stdin': None, 'task_stdout': None, 'task_stderr': None, 'task_fail_history': '', 'task_depends': '', 'task_joins': None}
2021-07-27 15:55:25.150 parsl.dataflow.memoization:229 [DEBUG]  Task 1 will not be memoized
2021-07-27 15:55:25.150 parsl.executors.high_throughput.executor:557 [DEBUG]  Pushing function <function MonitoringHub.monitor_wrapper.<locals>.wrapped at 0x7f818cf391f0> to queue with args ()
2021-07-27 15:55:25.152 parsl.monitoring.monitoring:274 [DEBUG]  Sending message MessageType.TASK_INFO, {'task_func_name': 'app_B', 'task_memoize': False, 'task_hashsum': None, 'task_fail_count': 0, 'task_status': <States.launched: 7>, 'task_id': 1, 'task_time_invoked': datetime.datetime(2021, 7, 27, 15, 55, 25, 149333), 'task_try_time_launched': datetime.datetime(2021, 7, 27, 15, 55, 25, 150077), 'task_time_returned': None, 'task_try_time_returned': None, 'task_executor': 'htex_Local', 'run_id': '3a5f4723-ec48-4983-af55-9226a1a5d790', 'try_id': 0, 'timestamp': datetime.datetime(2021, 7, 27, 15, 55, 25, 151980), 'task_status_name': 'launched', 'tasks_failed_count': 0, 'tasks_completed_count': 0, 'tasks_memo_completed_count': 0, 'from_memo': False, 'task_inputs': 'None', 'task_outputs': 'None', 'task_stdin': None, 'task_stdout': None, 'task_stderr': None, 'task_fail_history': '', 'task_depends': '', 'task_joins': None}
2021-07-27 15:55:25.152 parsl.dataflow.dflow:591 [INFO]  Task 1 launched on executor htex_Local
2021-07-27 15:55:25.152 parsl.dataflow.dflow:802 [DEBUG]  Task 2 will be sent to executor htex_Local
2021-07-27 15:55:25.152 parsl.dataflow.dflow:628 [DEBUG]  Adding output dependencies
2021-07-27 15:55:25.152 parsl.dataflow.dflow:881 [INFO]  Task 2 submitted for App app_C, waiting on task 0, task 1
2021-07-27 15:55:25.152 parsl.dataflow.dflow:889 [DEBUG]  Task 2 set to pending state with AppFuture: <AppFuture super=<AppFuture at 0x7f818cf46940 state=pending>>
2021-07-27 15:55:25.153 parsl.monitoring.monitoring:274 [DEBUG]  Sending message MessageType.TASK_INFO, {'task_func_name': 'app_C', 'task_memoize': False, 'task_hashsum': None, 'task_fail_count': 0, 'task_status': <States.pending: 0>, 'task_id': 2, 'task_time_invoked': datetime.datetime(2021, 7, 27, 15, 55, 25, 152675), 'task_try_time_launched': None, 'task_time_returned': None, 'task_try_time_returned': None, 'task_executor': 'htex_Local', 'run_id': '3a5f4723-ec48-4983-af55-9226a1a5d790', 'try_id': 0, 'timestamp': datetime.datetime(2021, 7, 27, 15, 55, 25, 152987), 'task_status_name': 'pending', 'tasks_failed_count': 0, 'tasks_completed_count': 0, 'tasks_memo_completed_count': 0, 'from_memo': None, 'task_inputs': 'None', 'task_outputs': 'None', 'task_stdin': None, 'task_stdout': None, 'task_stderr': None, 'task_fail_history': '', 'task_depends': '0,1', 'task_joins': None}
2021-07-27 15:55:25.153 parsl.dataflow.dflow:802 [DEBUG]  Task 3 will be sent to executor htex_Local
2021-07-27 15:55:25.153 parsl.dataflow.dflow:628 [DEBUG]  Adding output dependencies
2021-07-27 15:55:25.153 parsl.dataflow.dflow:881 [INFO]  Task 3 submitted for App app_D, waiting on task 2
2021-07-27 15:55:25.153 parsl.dataflow.dflow:889 [DEBUG]  Task 3 set to pending state with AppFuture: <AppFuture super=<AppFuture at 0x7f818cf46b20 state=pending>>
2021-07-27 15:55:25.153 parsl.monitoring.monitoring:274 [DEBUG]  Sending message MessageType.TASK_INFO, {'task_func_name': 'app_D', 'task_memoize': False, 'task_hashsum': None, 'task_fail_count': 0, 'task_status': <States.pending: 0>, 'task_id': 3, 'task_time_invoked': datetime.datetime(2021, 7, 27, 15, 55, 25, 153425), 'task_try_time_launched': None, 'task_time_returned': None, 'task_try_time_returned': None, 'task_executor': 'htex_Local', 'run_id': '3a5f4723-ec48-4983-af55-9226a1a5d790', 'try_id': 0, 'timestamp': datetime.datetime(2021, 7, 27, 15, 55, 25, 153659), 'task_status_name': 'pending', 'tasks_failed_count': 0, 'tasks_completed_count': 0, 'tasks_memo_completed_count': 0, 'from_memo': None, 'task_inputs': 'None', 'task_outputs': 'None', 'task_stdin': None, 'task_stdout': None, 'task_stderr': None, 'task_fail_history': '', 'task_depends': '2', 'task_joins': None}
2021-07-27 15:55:25.153 parsl.dataflow.dflow:802 [DEBUG]  Task 4 will be sent to executor htex_Local
2021-07-27 15:55:25.154 parsl.dataflow.dflow:628 [DEBUG]  Adding output dependencies
2021-07-27 15:55:25.154 parsl.dataflow.dflow:881 [INFO]  Task 4 submitted for App app_E, waiting on task 3
2021-07-27 15:55:25.154 parsl.dataflow.dflow:889 [DEBUG]  Task 4 set to pending state with AppFuture: <AppFuture super=<AppFuture at 0x7f818cf46ca0 state=pending>>
2021-07-27 15:55:25.154 parsl.monitoring.monitoring:274 [DEBUG]  Sending message MessageType.TASK_INFO, {'task_func_name': 'app_E', 'task_memoize': False, 'task_hashsum': None, 'task_fail_count': 0, 'task_status': <States.pending: 0>, 'task_id': 4, 'task_time_invoked': datetime.datetime(2021, 7, 27, 15, 55, 25, 154033), 'task_try_time_launched': None, 'task_time_returned': None, 'task_try_time_returned': None, 'task_executor': 'htex_Local', 'run_id': '3a5f4723-ec48-4983-af55-9226a1a5d790', 'try_id': 0, 'timestamp': datetime.datetime(2021, 7, 27, 15, 55, 25, 154264), 'task_status_name': 'pending', 'tasks_failed_count': 0, 'tasks_completed_count': 0, 'tasks_memo_completed_count': 0, 'from_memo': None, 'task_inputs': 'None', 'task_outputs': 'None', 'task_stdin': None, 'task_stdout': None, 'task_stderr': None, 'task_fail_history': '', 'task_depends': '3', 'task_joins': None}
2021-07-27 15:55:26.105 parsl.dataflow.task_status_poller:52 [DEBUG]  Sending message [] to hub from task status poller
2021-07-27 15:55:26.111 parsl.dataflow.strategy:205 [DEBUG]  Executor htex_Local has 2 active tasks, 0/0 running/pending blocks, and 0 connected workers
2021-07-27 15:55:26.111 parsl.dataflow.strategy:265 [DEBUG]  Requesting 2 more blocks
2021-07-27 15:55:26.111 parsl.providers.local.local:217 [DEBUG]  Launching in remote mode
2021-07-27 15:55:26.126 parsl.executors.high_throughput.executor:620 [DEBUG]  Launched block 0->27127
2021-07-27 15:55:26.127 parsl.providers.local.local:217 [DEBUG]  Launching in remote mode
2021-07-27 15:55:26.155 parsl.executors.high_throughput.executor:620 [DEBUG]  Launched block 1->27136
2021-07-27 15:55:26.157 parsl.dataflow.task_status_poller:52 [DEBUG]  Sending message [{'run_id': '3a5f4723-ec48-4983-af55-9226a1a5d790', 'status': 'PENDING', 'timestamp': datetime.datetime(2021, 7, 27, 15, 55, 26, 157030), 'executor_label': 'htex_Local', 'job_id': '27127', 'block_id': '0'}, {'run_id': '3a5f4723-ec48-4983-af55-9226a1a5d790', 'status': 'PENDING', 'timestamp': datetime.datetime(2021, 7, 27, 15, 55, 26, 157060), 'executor_label': 'htex_Local', 'job_id': '27136', 'block_id': '1'}] to hub from task status poller
2021-07-27 15:55:27.625 parsl.dataflow.dflow:442 [INFO]  Task 1 completed (launched -> exec_done)
2021-07-27 15:55:27.627 parsl.dataflow.dflow:1166 [WARNING]  No tasks checkpointed so far in this run. Please ensure caching is enabled
2021-07-27 15:55:27.628 parsl.monitoring.monitoring:274 [DEBUG]  Sending message MessageType.TASK_INFO, {'task_func_name': 'app_B', 'task_memoize': False, 'task_hashsum': None, 'task_fail_count': 0, 'task_status': <States.exec_done: 3>, 'task_id': 1, 'task_time_invoked': datetime.datetime(2021, 7, 27, 15, 55, 25, 149333), 'task_try_time_launched': datetime.datetime(2021, 7, 27, 15, 55, 25, 150077), 'task_time_returned': datetime.datetime(2021, 7, 27, 15, 55, 27, 625779), 'task_try_time_returned': datetime.datetime(2021, 7, 27, 15, 55, 27, 625278), 'task_executor': 'htex_Local', 'run_id': '3a5f4723-ec48-4983-af55-9226a1a5d790', 'try_id': 0, 'timestamp': datetime.datetime(2021, 7, 27, 15, 55, 27, 627394), 'task_status_name': 'exec_done', 'tasks_failed_count': 0, 'tasks_completed_count': 1, 'tasks_memo_completed_count': 0, 'from_memo': False, 'task_inputs': 'None', 'task_outputs': 'None', 'task_stdin': None, 'task_stdout': None, 'task_stderr': None, 'task_fail_history': '', 'task_depends': '', 'task_joins': None}
2021-07-27 15:55:27.630 parsl.dataflow.dflow:442 [INFO]  Task 0 completed (launched -> exec_done)
2021-07-27 15:55:27.631 parsl.dataflow.dflow:1166 [WARNING]  No tasks checkpointed so far in this run. Please ensure caching is enabled
2021-07-27 15:55:27.631 parsl.dataflow.memoization:229 [DEBUG]  Task 2 will not be memoized
2021-07-27 15:55:27.632 parsl.executors.high_throughput.executor:557 [DEBUG]  Pushing function <function MonitoringHub.monitor_wrapper.<locals>.wrapped at 0x7f818cf39670> to queue with args (7, 3.0)
2021-07-27 15:55:27.636 parsl.monitoring.monitoring:274 [DEBUG]  Sending message MessageType.TASK_INFO, {'task_func_name': 'app_C', 'task_memoize': False, 'task_hashsum': None, 'task_fail_count': 0, 'task_status': <States.launched: 7>, 'task_id': 2, 'task_time_invoked': datetime.datetime(2021, 7, 27, 15, 55, 25, 152675), 'task_try_time_launched': datetime.datetime(2021, 7, 27, 15, 55, 27, 631444), 'task_time_returned': None, 'task_try_time_returned': None, 'task_executor': 'htex_Local', 'run_id': '3a5f4723-ec48-4983-af55-9226a1a5d790', 'try_id': 0, 'timestamp': datetime.datetime(2021, 7, 27, 15, 55, 27, 635857), 'task_status_name': 'launched', 'tasks_failed_count': 0, 'tasks_completed_count': 2, 'tasks_memo_completed_count': 0, 'from_memo': False, 'task_inputs': 'None', 'task_outputs': 'None', 'task_stdin': None, 'task_stdout': None, 'task_stderr': None, 'task_fail_history': '', 'task_depends': '0,1', 'task_joins': None}
2021-07-27 15:55:27.636 parsl.dataflow.dflow:591 [INFO]  Task 2 launched on executor htex_Local
2021-07-27 15:55:27.637 parsl.monitoring.monitoring:274 [DEBUG]  Sending message MessageType.TASK_INFO, {'task_func_name': 'app_A', 'task_memoize': False, 'task_hashsum': None, 'task_fail_count': 0, 'task_status': <States.exec_done: 3>, 'task_id': 0, 'task_time_invoked': datetime.datetime(2021, 7, 27, 15, 55, 25, 145406), 'task_try_time_launched': datetime.datetime(2021, 7, 27, 15, 55, 25, 146338), 'task_time_returned': datetime.datetime(2021, 7, 27, 15, 55, 27, 630554), 'task_try_time_returned': datetime.datetime(2021, 7, 27, 15, 55, 27, 630306), 'task_executor': 'htex_Local', 'run_id': '3a5f4723-ec48-4983-af55-9226a1a5d790', 'try_id': 0, 'timestamp': datetime.datetime(2021, 7, 27, 15, 55, 27, 637201), 'task_status_name': 'exec_done', 'tasks_failed_count': 0, 'tasks_completed_count': 2, 'tasks_memo_completed_count': 0, 'from_memo': False, 'task_inputs': 'None', 'task_outputs': 'None', 'task_stdin': None, 'task_stdout': None, 'task_stderr': None, 'task_fail_history': '', 'task_depends': '', 'task_joins': None}
2021-07-27 15:55:27.843 parsl.dataflow.dflow:442 [INFO]  Task 2 completed (launched -> exec_done)
2021-07-27 15:55:27.844 parsl.dataflow.dflow:1166 [WARNING]  No tasks checkpointed so far in this run. Please ensure caching is enabled
2021-07-27 15:55:27.844 parsl.dataflow.memoization:229 [DEBUG]  Task 3 will not be memoized
2021-07-27 15:55:27.845 parsl.executors.high_throughput.executor:557 [DEBUG]  Pushing function <function MonitoringHub.monitor_wrapper.<locals>.wrapped at 0x7f818cf398b0> to queue with args (10, 7, 10.0)
2021-07-27 15:55:27.847 parsl.monitoring.monitoring:274 [DEBUG]  Sending message MessageType.TASK_INFO, {'task_func_name': 'app_D', 'task_memoize': False, 'task_hashsum': None, 'task_fail_count': 0, 'task_status': <States.launched: 7>, 'task_id': 3, 'task_time_invoked': datetime.datetime(2021, 7, 27, 15, 55, 25, 153425), 'task_try_time_launched': datetime.datetime(2021, 7, 27, 15, 55, 27, 844751), 'task_time_returned': None, 'task_try_time_returned': None, 'task_executor': 'htex_Local', 'run_id': '3a5f4723-ec48-4983-af55-9226a1a5d790', 'try_id': 0, 'timestamp': datetime.datetime(2021, 7, 27, 15, 55, 27, 847404), 'task_status_name': 'launched', 'tasks_failed_count': 0, 'tasks_completed_count': 3, 'tasks_memo_completed_count': 0, 'from_memo': False, 'task_inputs': 'None', 'task_outputs': 'None', 'task_stdin': None, 'task_stdout': None, 'task_stderr': None, 'task_fail_history': '', 'task_depends': '2', 'task_joins': None}
2021-07-27 15:55:27.848 parsl.dataflow.dflow:591 [INFO]  Task 3 launched on executor htex_Local
2021-07-27 15:55:27.848 parsl.monitoring.monitoring:274 [DEBUG]  Sending message MessageType.TASK_INFO, {'task_func_name': 'app_C', 'task_memoize': False, 'task_hashsum': None, 'task_fail_count': 0, 'task_status': <States.exec_done: 3>, 'task_id': 2, 'task_time_invoked': datetime.datetime(2021, 7, 27, 15, 55, 25, 152675), 'task_try_time_launched': datetime.datetime(2021, 7, 27, 15, 55, 27, 631444), 'task_time_returned': datetime.datetime(2021, 7, 27, 15, 55, 27, 843622), 'task_try_time_returned': datetime.datetime(2021, 7, 27, 15, 55, 27, 843396), 'task_executor': 'htex_Local', 'run_id': '3a5f4723-ec48-4983-af55-9226a1a5d790', 'try_id': 0, 'timestamp': datetime.datetime(2021, 7, 27, 15, 55, 27, 848332), 'task_status_name': 'exec_done', 'tasks_failed_count': 0, 'tasks_completed_count': 3, 'tasks_memo_completed_count': 0, 'from_memo': False, 'task_inputs': 'None', 'task_outputs': 'None', 'task_stdin': None, 'task_stdout': None, 'task_stderr': None, 'task_fail_history': '', 'task_depends': '0,1', 'task_joins': None}
2021-07-27 15:55:28.062 parsl.dataflow.dflow:442 [INFO]  Task 3 completed (launched -> exec_done)
2021-07-27 15:55:28.063 parsl.dataflow.dflow:1166 [WARNING]  No tasks checkpointed so far in this run. Please ensure caching is enabled
2021-07-27 15:55:28.063 parsl.dataflow.memoization:229 [DEBUG]  Task 4 will not be memoized
2021-07-27 15:55:28.063 parsl.executors.high_throughput.executor:557 [DEBUG]  Pushing function <function MonitoringHub.monitor_wrapper.<locals>.wrapped at 0x7f818cf39af0> to queue with args (7.0,)
2021-07-27 15:55:28.066 parsl.monitoring.monitoring:274 [DEBUG]  Sending message MessageType.TASK_INFO, {'task_func_name': 'app_E', 'task_memoize': False, 'task_hashsum': None, 'task_fail_count': 0, 'task_status': <States.launched: 7>, 'task_id': 4, 'task_time_invoked': datetime.datetime(2021, 7, 27, 15, 55, 25, 154033), 'task_try_time_launched': datetime.datetime(2021, 7, 27, 15, 55, 28, 63342), 'task_time_returned': None, 'task_try_time_returned': None, 'task_executor': 'htex_Local', 'run_id': '3a5f4723-ec48-4983-af55-9226a1a5d790', 'try_id': 0, 'timestamp': datetime.datetime(2021, 7, 27, 15, 55, 28, 66220), 'task_status_name': 'launched', 'tasks_failed_count': 0, 'tasks_completed_count': 4, 'tasks_memo_completed_count': 0, 'from_memo': False, 'task_inputs': 'None', 'task_outputs': 'None', 'task_stdin': None, 'task_stdout': None, 'task_stderr': None, 'task_fail_history': '', 'task_depends': '3', 'task_joins': None}
2021-07-27 15:55:28.066 parsl.dataflow.dflow:591 [INFO]  Task 4 launched on executor htex_Local
2021-07-27 15:55:28.067 parsl.monitoring.monitoring:274 [DEBUG]  Sending message MessageType.TASK_INFO, {'task_func_name': 'app_D', 'task_memoize': False, 'task_hashsum': None, 'task_fail_count': 0, 'task_status': <States.exec_done: 3>, 'task_id': 3, 'task_time_invoked': datetime.datetime(2021, 7, 27, 15, 55, 25, 153425), 'task_try_time_launched': datetime.datetime(2021, 7, 27, 15, 55, 27, 844751), 'task_time_returned': datetime.datetime(2021, 7, 27, 15, 55, 28, 62271), 'task_try_time_returned': datetime.datetime(2021, 7, 27, 15, 55, 28, 62015), 'task_executor': 'htex_Local', 'run_id': '3a5f4723-ec48-4983-af55-9226a1a5d790', 'try_id': 0, 'timestamp': datetime.datetime(2021, 7, 27, 15, 55, 28, 67112), 'task_status_name': 'exec_done', 'tasks_failed_count': 0, 'tasks_completed_count': 4, 'tasks_memo_completed_count': 0, 'from_memo': False, 'task_inputs': 'None', 'task_outputs': 'None', 'task_stdin': None, 'task_stdout': None, 'task_stderr': None, 'task_fail_history': '', 'task_depends': '2', 'task_joins': None}
2021-07-27 15:55:28.227 parsl.dataflow.dflow:442 [INFO]  Task 4 completed (launched -> exec_done)
2021-07-27 15:55:28.229 parsl.dataflow.dflow:1166 [WARNING]  No tasks checkpointed so far in this run. Please ensure caching is enabled
2021-07-27 15:55:28.229 parsl.monitoring.monitoring:274 [DEBUG]  Sending message MessageType.TASK_INFO, {'task_func_name': 'app_E', 'task_memoize': False, 'task_hashsum': None, 'task_fail_count': 0, 'task_status': <States.exec_done: 3>, 'task_id': 4, 'task_time_invoked': datetime.datetime(2021, 7, 27, 15, 55, 25, 154033), 'task_try_time_launched': datetime.datetime(2021, 7, 27, 15, 55, 28, 63342), 'task_time_returned': datetime.datetime(2021, 7, 27, 15, 55, 28, 228050), 'task_try_time_returned': datetime.datetime(2021, 7, 27, 15, 55, 28, 227695), 'task_executor': 'htex_Local', 'run_id': '3a5f4723-ec48-4983-af55-9226a1a5d790', 'try_id': 0, 'timestamp': datetime.datetime(2021, 7, 27, 15, 55, 28, 229494), 'task_status_name': 'exec_done', 'tasks_failed_count': 0, 'tasks_completed_count': 5, 'tasks_memo_completed_count': 0, 'from_memo': False, 'task_inputs': 'None', 'task_outputs': 'None', 'task_stdin': None, 'task_stdout': None, 'task_stderr': None, 'task_fail_history': '', 'task_depends': '3', 'task_joins': None}
2021-07-27 15:55:28.230 parsl.dataflow.dflow:802 [DEBUG]  Task 5 will be sent to executor htex_Local
2021-07-27 15:55:28.230 parsl.dataflow.dflow:628 [DEBUG]  Adding output dependencies
2021-07-27 15:55:28.230 parsl.dataflow.dflow:881 [INFO]  Task 5 submitted for App app_A, not waiting on any dependency
2021-07-27 15:55:28.231 parsl.dataflow.dflow:889 [DEBUG]  Task 5 set to pending state with AppFuture: <AppFuture super=<AppFuture at 0x7f818cf46e80 state=pending>>
2021-07-27 15:55:28.231 parsl.monitoring.monitoring:274 [DEBUG]  Sending message MessageType.TASK_INFO, {'task_func_name': 'app_A', 'task_memoize': False, 'task_hashsum': None, 'task_fail_count': 0, 'task_status': <States.pending: 0>, 'task_id': 5, 'task_time_invoked': datetime.datetime(2021, 7, 27, 15, 55, 28, 230661), 'task_try_time_launched': None, 'task_time_returned': None, 'task_try_time_returned': None, 'task_executor': 'htex_Local', 'run_id': '3a5f4723-ec48-4983-af55-9226a1a5d790', 'try_id': 0, 'timestamp': datetime.datetime(2021, 7, 27, 15, 55, 28, 231135), 'task_status_name': 'pending', 'tasks_failed_count': 0, 'tasks_completed_count': 5, 'tasks_memo_completed_count': 0, 'from_memo': None, 'task_inputs': 'None', 'task_outputs': 'None', 'task_stdin': None, 'task_stdout': None, 'task_stderr': None, 'task_fail_history': '', 'task_depends': '', 'task_joins': None}
2021-07-27 15:55:28.231 parsl.dataflow.memoization:229 [DEBUG]  Task 5 will not be memoized
2021-07-27 15:55:28.231 parsl.executors.high_throughput.executor:557 [DEBUG]  Pushing function <function MonitoringHub.monitor_wrapper.<locals>.wrapped at 0x7f818cf39d30> to queue with args ()
2021-07-27 15:55:28.234 parsl.monitoring.monitoring:274 [DEBUG]  Sending message MessageType.TASK_INFO, {'task_func_name': 'app_A', 'task_memoize': False, 'task_hashsum': None, 'task_fail_count': 0, 'task_status': <States.launched: 7>, 'task_id': 5, 'task_time_invoked': datetime.datetime(2021, 7, 27, 15, 55, 28, 230661), 'task_try_time_launched': datetime.datetime(2021, 7, 27, 15, 55, 28, 231546), 'task_time_returned': None, 'task_try_time_returned': None, 'task_executor': 'htex_Local', 'run_id': '3a5f4723-ec48-4983-af55-9226a1a5d790', 'try_id': 0, 'timestamp': datetime.datetime(2021, 7, 27, 15, 55, 28, 234008), 'task_status_name': 'launched', 'tasks_failed_count': 0, 'tasks_completed_count': 5, 'tasks_memo_completed_count': 0, 'from_memo': False, 'task_inputs': 'None', 'task_outputs': 'None', 'task_stdin': None, 'task_stdout': None, 'task_stderr': None, 'task_fail_history': '', 'task_depends': '', 'task_joins': None}
2021-07-27 15:55:28.234 parsl.dataflow.dflow:591 [INFO]  Task 5 launched on executor htex_Local
2021-07-27 15:55:28.234 parsl.dataflow.dflow:802 [DEBUG]  Task 6 will be sent to executor htex_Local
2021-07-27 15:55:28.234 parsl.dataflow.dflow:628 [DEBUG]  Adding output dependencies
2021-07-27 15:55:28.234 parsl.dataflow.dflow:881 [INFO]  Task 6 submitted for App app_B, not waiting on any dependency
2021-07-27 15:55:28.234 parsl.dataflow.dflow:889 [DEBUG]  Task 6 set to pending state with AppFuture: <AppFuture super=<AppFuture at 0x7f818cf56e80 state=pending>>
2021-07-27 15:55:28.235 parsl.monitoring.monitoring:274 [DEBUG]  Sending message MessageType.TASK_INFO, {'task_func_name': 'app_B', 'task_memoize': False, 'task_hashsum': None, 'task_fail_count': 0, 'task_status': <States.pending: 0>, 'task_id': 6, 'task_time_invoked': datetime.datetime(2021, 7, 27, 15, 55, 28, 234835), 'task_try_time_launched': None, 'task_time_returned': None, 'task_try_time_returned': None, 'task_executor': 'htex_Local', 'run_id': '3a5f4723-ec48-4983-af55-9226a1a5d790', 'try_id': 0, 'timestamp': datetime.datetime(2021, 7, 27, 15, 55, 28, 235048), 'task_status_name': 'pending', 'tasks_failed_count': 0, 'tasks_completed_count': 5, 'tasks_memo_completed_count': 0, 'from_memo': None, 'task_inputs': 'None', 'task_outputs': 'None', 'task_stdin': None, 'task_stdout': None, 'task_stderr': None, 'task_fail_history': '', 'task_depends': '', 'task_joins': None}
2021-07-27 15:55:28.235 parsl.dataflow.memoization:229 [DEBUG]  Task 6 will not be memoized
2021-07-27 15:55:28.235 parsl.executors.high_throughput.executor:557 [DEBUG]  Pushing function <function MonitoringHub.monitor_wrapper.<locals>.wrapped at 0x7f818cf39f70> to queue with args ()
2021-07-27 15:55:28.236 parsl.monitoring.monitoring:274 [DEBUG]  Sending message MessageType.TASK_INFO, {'task_func_name': 'app_B', 'task_memoize': False, 'task_hashsum': None, 'task_fail_count': 0, 'task_status': <States.launched: 7>, 'task_id': 6, 'task_time_invoked': datetime.datetime(2021, 7, 27, 15, 55, 28, 234835), 'task_try_time_launched': datetime.datetime(2021, 7, 27, 15, 55, 28, 235365), 'task_time_returned': None, 'task_try_time_returned': None, 'task_executor': 'htex_Local', 'run_id': '3a5f4723-ec48-4983-af55-9226a1a5d790', 'try_id': 0, 'timestamp': datetime.datetime(2021, 7, 27, 15, 55, 28, 236802), 'task_status_name': 'launched', 'tasks_failed_count': 0, 'tasks_completed_count': 5, 'tasks_memo_completed_count': 0, 'from_memo': False, 'task_inputs': 'None', 'task_outputs': 'None', 'task_stdin': None, 'task_stdout': None, 'task_stderr': None, 'task_fail_history': '', 'task_depends': '', 'task_joins': None}
2021-07-27 15:55:28.237 parsl.dataflow.dflow:591 [INFO]  Task 6 launched on executor htex_Local
2021-07-27 15:55:28.237 parsl.dataflow.dflow:802 [DEBUG]  Task 7 will be sent to executor htex_Local
2021-07-27 15:55:28.237 parsl.dataflow.dflow:628 [DEBUG]  Adding output dependencies
2021-07-27 15:55:28.237 parsl.dataflow.dflow:881 [INFO]  Task 7 submitted for App app_C, waiting on task 5, task 6
2021-07-27 15:55:28.237 parsl.dataflow.dflow:889 [DEBUG]  Task 7 set to pending state with AppFuture: <AppFuture super=<AppFuture at 0x7f818cf5c670 state=pending>>
2021-07-27 15:55:28.238 parsl.monitoring.monitoring:274 [DEBUG]  Sending message MessageType.TASK_INFO, {'task_func_name': 'app_C', 'task_memoize': False, 'task_hashsum': None, 'task_fail_count': 0, 'task_status': <States.pending: 0>, 'task_id': 7, 'task_time_invoked': datetime.datetime(2021, 7, 27, 15, 55, 28, 237622), 'task_try_time_launched': None, 'task_time_returned': None, 'task_try_time_returned': None, 'task_executor': 'htex_Local', 'run_id': '3a5f4723-ec48-4983-af55-9226a1a5d790', 'try_id': 0, 'timestamp': datetime.datetime(2021, 7, 27, 15, 55, 28, 237903), 'task_status_name': 'pending', 'tasks_failed_count': 0, 'tasks_completed_count': 5, 'tasks_memo_completed_count': 0, 'from_memo': None, 'task_inputs': 'None', 'task_outputs': 'None', 'task_stdin': None, 'task_stdout': None, 'task_stderr': None, 'task_fail_history': '', 'task_depends': '5,6', 'task_joins': None}
2021-07-27 15:55:28.238 parsl.dataflow.dflow:802 [DEBUG]  Task 8 will be sent to executor htex_Local
2021-07-27 15:55:28.238 parsl.dataflow.dflow:628 [DEBUG]  Adding output dependencies
2021-07-27 15:55:28.238 parsl.dataflow.dflow:881 [INFO]  Task 8 submitted for App app_D, waiting on task 7
2021-07-27 15:55:28.238 parsl.dataflow.dflow:889 [DEBUG]  Task 8 set to pending state with AppFuture: <AppFuture super=<AppFuture at 0x7f818cf5c850 state=pending>>
2021-07-27 15:55:28.238 parsl.monitoring.monitoring:274 [DEBUG]  Sending message MessageType.TASK_INFO, {'task_func_name': 'app_D', 'task_memoize': False, 'task_hashsum': None, 'task_fail_count': 0, 'task_status': <States.pending: 0>, 'task_id': 8, 'task_time_invoked': datetime.datetime(2021, 7, 27, 15, 55, 28, 238401), 'task_try_time_launched': None, 'task_time_returned': None, 'task_try_time_returned': None, 'task_executor': 'htex_Local', 'run_id': '3a5f4723-ec48-4983-af55-9226a1a5d790', 'try_id': 0, 'timestamp': datetime.datetime(2021, 7, 27, 15, 55, 28, 238793), 'task_status_name': 'pending', 'tasks_failed_count': 0, 'tasks_completed_count': 5, 'tasks_memo_completed_count': 0, 'from_memo': None, 'task_inputs': 'None', 'task_outputs': 'None', 'task_stdin': None, 'task_stdout': None, 'task_stderr': None, 'task_fail_history': '', 'task_depends': '7', 'task_joins': None}
2021-07-27 15:55:28.239 parsl.dataflow.dflow:802 [DEBUG]  Task 9 will be sent to executor htex_Local
2021-07-27 15:55:28.239 parsl.dataflow.dflow:628 [DEBUG]  Adding output dependencies
2021-07-27 15:55:28.239 parsl.dataflow.dflow:881 [INFO]  Task 9 submitted for App app_E, waiting on task 8
2021-07-27 15:55:28.239 parsl.dataflow.dflow:889 [DEBUG]  Task 9 set to pending state with AppFuture: <AppFuture super=<AppFuture at 0x7f818cf56970 state=pending>>
2021-07-27 15:55:28.239 parsl.monitoring.monitoring:274 [DEBUG]  Sending message MessageType.TASK_INFO, {'task_func_name': 'app_E', 'task_memoize': False, 'task_hashsum': None, 'task_fail_count': 0, 'task_status': <States.pending: 0>, 'task_id': 9, 'task_time_invoked': datetime.datetime(2021, 7, 27, 15, 55, 28, 239234), 'task_try_time_launched': None, 'task_time_returned': None, 'task_try_time_returned': None, 'task_executor': 'htex_Local', 'run_id': '3a5f4723-ec48-4983-af55-9226a1a5d790', 'try_id': 0, 'timestamp': datetime.datetime(2021, 7, 27, 15, 55, 28, 239468), 'task_status_name': 'pending', 'tasks_failed_count': 0, 'tasks_completed_count': 5, 'tasks_memo_completed_count': 0, 'from_memo': None, 'task_inputs': 'None', 'task_outputs': 'None', 'task_stdin': None, 'task_stdout': None, 'task_stderr': None, 'task_fail_history': '', 'task_depends': '8', 'task_joins': None}
2021-07-27 15:55:28.443 parsl.dataflow.dflow:442 [INFO]  Task 6 completed (launched -> exec_done)
2021-07-27 15:55:28.444 parsl.dataflow.dflow:1166 [WARNING]  No tasks checkpointed so far in this run. Please ensure caching is enabled
2021-07-27 15:55:28.444 parsl.monitoring.monitoring:274 [DEBUG]  Sending message MessageType.TASK_INFO, {'task_func_name': 'app_B', 'task_memoize': False, 'task_hashsum': None, 'task_fail_count': 0, 'task_status': <States.exec_done: 3>, 'task_id': 6, 'task_time_invoked': datetime.datetime(2021, 7, 27, 15, 55, 28, 234835), 'task_try_time_launched': datetime.datetime(2021, 7, 27, 15, 55, 28, 235365), 'task_time_returned': datetime.datetime(2021, 7, 27, 15, 55, 28, 443656), 'task_try_time_returned': datetime.datetime(2021, 7, 27, 15, 55, 28, 443450), 'task_executor': 'htex_Local', 'run_id': '3a5f4723-ec48-4983-af55-9226a1a5d790', 'try_id': 0, 'timestamp': datetime.datetime(2021, 7, 27, 15, 55, 28, 444548), 'task_status_name': 'exec_done', 'tasks_failed_count': 0, 'tasks_completed_count': 6, 'tasks_memo_completed_count': 0, 'from_memo': False, 'task_inputs': 'None', 'task_outputs': 'None', 'task_stdin': None, 'task_stdout': None, 'task_stderr': None, 'task_fail_history': '', 'task_depends': '', 'task_joins': None}
2021-07-27 15:55:28.445 parsl.dataflow.dflow:442 [INFO]  Task 5 completed (launched -> exec_done)
2021-07-27 15:55:28.446 parsl.dataflow.dflow:1166 [WARNING]  No tasks checkpointed so far in this run. Please ensure caching is enabled
2021-07-27 15:55:28.446 parsl.dataflow.memoization:229 [DEBUG]  Task 7 will not be memoized
2021-07-27 15:55:28.446 parsl.executors.high_throughput.executor:557 [DEBUG]  Pushing function <function MonitoringHub.monitor_wrapper.<locals>.wrapped at 0x7f818cf5f430> to queue with args (7, 3.0)
2021-07-27 15:55:28.448 parsl.monitoring.monitoring:274 [DEBUG]  Sending message MessageType.TASK_INFO, {'task_func_name': 'app_C', 'task_memoize': False, 'task_hashsum': None, 'task_fail_count': 0, 'task_status': <States.launched: 7>, 'task_id': 7, 'task_time_invoked': datetime.datetime(2021, 7, 27, 15, 55, 28, 237622), 'task_try_time_launched': datetime.datetime(2021, 7, 27, 15, 55, 28, 446341), 'task_time_returned': None, 'task_try_time_returned': None, 'task_executor': 'htex_Local', 'run_id': '3a5f4723-ec48-4983-af55-9226a1a5d790', 'try_id': 0, 'timestamp': datetime.datetime(2021, 7, 27, 15, 55, 28, 447864), 'task_status_name': 'launched', 'tasks_failed_count': 0, 'tasks_completed_count': 7, 'tasks_memo_completed_count': 0, 'from_memo': False, 'task_inputs': 'None', 'task_outputs': 'None', 'task_stdin': None, 'task_stdout': None, 'task_stderr': None, 'task_fail_history': '', 'task_depends': '5,6', 'task_joins': None}
2021-07-27 15:55:28.448 parsl.dataflow.dflow:591 [INFO]  Task 7 launched on executor htex_Local
2021-07-27 15:55:28.448 parsl.monitoring.monitoring:274 [DEBUG]  Sending message MessageType.TASK_INFO, {'task_func_name': 'app_A', 'task_memoize': False, 'task_hashsum': None, 'task_fail_count': 0, 'task_status': <States.exec_done: 3>, 'task_id': 5, 'task_time_invoked': datetime.datetime(2021, 7, 27, 15, 55, 28, 230661), 'task_try_time_launched': datetime.datetime(2021, 7, 27, 15, 55, 28, 231546), 'task_time_returned': datetime.datetime(2021, 7, 27, 15, 55, 28, 445507), 'task_try_time_returned': datetime.datetime(2021, 7, 27, 15, 55, 28, 445303), 'task_executor': 'htex_Local', 'run_id': '3a5f4723-ec48-4983-af55-9226a1a5d790', 'try_id': 0, 'timestamp': datetime.datetime(2021, 7, 27, 15, 55, 28, 448447), 'task_status_name': 'exec_done', 'tasks_failed_count': 0, 'tasks_completed_count': 7, 'tasks_memo_completed_count': 0, 'from_memo': False, 'task_inputs': 'None', 'task_outputs': 'None', 'task_stdin': None, 'task_stdout': None, 'task_stderr': None, 'task_fail_history': '', 'task_depends': '', 'task_joins': None}
2021-07-27 15:55:28.652 parsl.dataflow.dflow:442 [INFO]  Task 7 completed (launched -> exec_done)
2021-07-27 15:55:28.653 parsl.dataflow.dflow:1166 [WARNING]  No tasks checkpointed so far in this run. Please ensure caching is enabled
2021-07-27 15:55:28.653 parsl.dataflow.memoization:229 [DEBUG]  Task 8 will not be memoized
2021-07-27 15:55:28.653 parsl.executors.high_throughput.executor:557 [DEBUG]  Pushing function <function MonitoringHub.monitor_wrapper.<locals>.wrapped at 0x7f818cf5f670> to queue with args (10, 7, 10.0)
2021-07-27 15:55:28.656 parsl.monitoring.monitoring:274 [DEBUG]  Sending message MessageType.TASK_INFO, {'task_func_name': 'app_D', 'task_memoize': False, 'task_hashsum': None, 'task_fail_count': 0, 'task_status': <States.launched: 7>, 'task_id': 8, 'task_time_invoked': datetime.datetime(2021, 7, 27, 15, 55, 28, 238401), 'task_try_time_launched': datetime.datetime(2021, 7, 27, 15, 55, 28, 653439), 'task_time_returned': None, 'task_try_time_returned': None, 'task_executor': 'htex_Local', 'run_id': '3a5f4723-ec48-4983-af55-9226a1a5d790', 'try_id': 0, 'timestamp': datetime.datetime(2021, 7, 27, 15, 55, 28, 656241), 'task_status_name': 'launched', 'tasks_failed_count': 0, 'tasks_completed_count': 8, 'tasks_memo_completed_count': 0, 'from_memo': False, 'task_inputs': 'None', 'task_outputs': 'None', 'task_stdin': None, 'task_stdout': None, 'task_stderr': None, 'task_fail_history': '', 'task_depends': '7', 'task_joins': None}
2021-07-27 15:55:28.657 parsl.dataflow.dflow:591 [INFO]  Task 8 launched on executor htex_Local
2021-07-27 15:55:28.657 parsl.monitoring.monitoring:274 [DEBUG]  Sending message MessageType.TASK_INFO, {'task_func_name': 'app_C', 'task_memoize': False, 'task_hashsum': None, 'task_fail_count': 0, 'task_status': <States.exec_done: 3>, 'task_id': 7, 'task_time_invoked': datetime.datetime(2021, 7, 27, 15, 55, 28, 237622), 'task_try_time_launched': datetime.datetime(2021, 7, 27, 15, 55, 28, 446341), 'task_time_returned': datetime.datetime(2021, 7, 27, 15, 55, 28, 652484), 'task_try_time_returned': datetime.datetime(2021, 7, 27, 15, 55, 28, 652241), 'task_executor': 'htex_Local', 'run_id': '3a5f4723-ec48-4983-af55-9226a1a5d790', 'try_id': 0, 'timestamp': datetime.datetime(2021, 7, 27, 15, 55, 28, 657265), 'task_status_name': 'exec_done', 'tasks_failed_count': 0, 'tasks_completed_count': 8, 'tasks_memo_completed_count': 0, 'from_memo': False, 'task_inputs': 'None', 'task_outputs': 'None', 'task_stdin': None, 'task_stdout': None, 'task_stderr': None, 'task_fail_history': '', 'task_depends': '5,6', 'task_joins': None}
2021-07-27 15:55:28.752 parsl.dataflow.dflow:442 [INFO]  Task 8 completed (launched -> exec_done)
2021-07-27 15:55:28.753 parsl.dataflow.dflow:1166 [WARNING]  No tasks checkpointed so far in this run. Please ensure caching is enabled
2021-07-27 15:55:28.753 parsl.dataflow.memoization:229 [DEBUG]  Task 9 will not be memoized
2021-07-27 15:55:28.753 parsl.executors.high_throughput.executor:557 [DEBUG]  Pushing function <function MonitoringHub.monitor_wrapper.<locals>.wrapped at 0x7f818cf5f8b0> to queue with args (7.0,)
2021-07-27 15:55:28.755 parsl.monitoring.monitoring:274 [DEBUG]  Sending message MessageType.TASK_INFO, {'task_func_name': 'app_E', 'task_memoize': False, 'task_hashsum': None, 'task_fail_count': 0, 'task_status': <States.launched: 7>, 'task_id': 9, 'task_time_invoked': datetime.datetime(2021, 7, 27, 15, 55, 28, 239234), 'task_try_time_launched': datetime.datetime(2021, 7, 27, 15, 55, 28, 753526), 'task_time_returned': None, 'task_try_time_returned': None, 'task_executor': 'htex_Local', 'run_id': '3a5f4723-ec48-4983-af55-9226a1a5d790', 'try_id': 0, 'timestamp': datetime.datetime(2021, 7, 27, 15, 55, 28, 755029), 'task_status_name': 'launched', 'tasks_failed_count': 0, 'tasks_completed_count': 9, 'tasks_memo_completed_count': 0, 'from_memo': False, 'task_inputs': 'None', 'task_outputs': 'None', 'task_stdin': None, 'task_stdout': None, 'task_stderr': None, 'task_fail_history': '', 'task_depends': '8', 'task_joins': None}
2021-07-27 15:55:28.755 parsl.dataflow.dflow:591 [INFO]  Task 9 launched on executor htex_Local
2021-07-27 15:55:28.755 parsl.monitoring.monitoring:274 [DEBUG]  Sending message MessageType.TASK_INFO, {'task_func_name': 'app_D', 'task_memoize': False, 'task_hashsum': None, 'task_fail_count': 0, 'task_status': <States.exec_done: 3>, 'task_id': 8, 'task_time_invoked': datetime.datetime(2021, 7, 27, 15, 55, 28, 238401), 'task_try_time_launched': datetime.datetime(2021, 7, 27, 15, 55, 28, 653439), 'task_time_returned': datetime.datetime(2021, 7, 27, 15, 55, 28, 752993), 'task_try_time_returned': datetime.datetime(2021, 7, 27, 15, 55, 28, 752837), 'task_executor': 'htex_Local', 'run_id': '3a5f4723-ec48-4983-af55-9226a1a5d790', 'try_id': 0, 'timestamp': datetime.datetime(2021, 7, 27, 15, 55, 28, 755653), 'task_status_name': 'exec_done', 'tasks_failed_count': 0, 'tasks_completed_count': 9, 'tasks_memo_completed_count': 0, 'from_memo': False, 'task_inputs': 'None', 'task_outputs': 'None', 'task_stdin': None, 'task_stdout': None, 'task_stderr': None, 'task_fail_history': '', 'task_depends': '7', 'task_joins': None}
2021-07-27 15:55:28.978 parsl.dataflow.dflow:442 [INFO]  Task 9 completed (launched -> exec_done)
2021-07-27 15:55:28.979 parsl.dataflow.dflow:802 [DEBUG]  Task 10 will be sent to executor htex_Local
2021-07-27 15:55:28.979 parsl.dataflow.dflow:628 [DEBUG]  Adding output dependencies
2021-07-27 15:55:28.979 parsl.dataflow.dflow:881 [INFO]  Task 10 submitted for App app_A, not waiting on any dependency
2021-07-27 15:55:28.980 parsl.dataflow.dflow:889 [DEBUG]  Task 10 set to pending state with AppFuture: <AppFuture super=<AppFuture at 0x7f818cf64d90 state=pending>>
2021-07-27 15:55:28.980 parsl.dataflow.dflow:1166 [WARNING]  No tasks checkpointed so far in this run. Please ensure caching is enabled
2021-07-27 15:55:28.981 parsl.monitoring.monitoring:274 [DEBUG]  Sending message MessageType.TASK_INFO, {'task_func_name': 'app_A', 'task_memoize': False, 'task_hashsum': None, 'task_fail_count': 0, 'task_status': <States.pending: 0>, 'task_id': 10, 'task_time_invoked': datetime.datetime(2021, 7, 27, 15, 55, 28, 979641), 'task_try_time_launched': None, 'task_time_returned': None, 'task_try_time_returned': None, 'task_executor': 'htex_Local', 'run_id': '3a5f4723-ec48-4983-af55-9226a1a5d790', 'try_id': 0, 'timestamp': datetime.datetime(2021, 7, 27, 15, 55, 28, 980835), 'task_status_name': 'pending', 'tasks_failed_count': 0, 'tasks_completed_count': 10, 'tasks_memo_completed_count': 0, 'from_memo': None, 'task_inputs': 'None', 'task_outputs': 'None', 'task_stdin': None, 'task_stdout': None, 'task_stderr': None, 'task_fail_history': '', 'task_depends': '', 'task_joins': None}
2021-07-27 15:55:28.981 parsl.monitoring.monitoring:274 [DEBUG]  Sending message MessageType.TASK_INFO, {'task_func_name': 'app_E', 'task_memoize': False, 'task_hashsum': None, 'task_fail_count': 0, 'task_status': <States.exec_done: 3>, 'task_id': 9, 'task_time_invoked': datetime.datetime(2021, 7, 27, 15, 55, 28, 239234), 'task_try_time_launched': datetime.datetime(2021, 7, 27, 15, 55, 28, 753526), 'task_time_returned': datetime.datetime(2021, 7, 27, 15, 55, 28, 978889), 'task_try_time_returned': datetime.datetime(2021, 7, 27, 15, 55, 28, 978554), 'task_executor': 'htex_Local', 'run_id': '3a5f4723-ec48-4983-af55-9226a1a5d790', 'try_id': 0, 'timestamp': datetime.datetime(2021, 7, 27, 15, 55, 28, 981678), 'task_status_name': 'exec_done', 'tasks_failed_count': 0, 'tasks_completed_count': 10, 'tasks_memo_completed_count': 0, 'from_memo': False, 'task_inputs': 'None', 'task_outputs': 'None', 'task_stdin': None, 'task_stdout': None, 'task_stderr': None, 'task_fail_history': '', 'task_depends': '8', 'task_joins': None}
2021-07-27 15:55:28.982 parsl.dataflow.memoization:229 [DEBUG]  Task 10 will not be memoized
2021-07-27 15:55:28.983 parsl.executors.high_throughput.executor:557 [DEBUG]  Pushing function <function MonitoringHub.monitor_wrapper.<locals>.wrapped at 0x7f818cf5faf0> to queue with args ()
2021-07-27 15:55:28.985 parsl.monitoring.monitoring:274 [DEBUG]  Sending message MessageType.TASK_INFO, {'task_func_name': 'app_A', 'task_memoize': False, 'task_hashsum': None, 'task_fail_count': 0, 'task_status': <States.launched: 7>, 'task_id': 10, 'task_time_invoked': datetime.datetime(2021, 7, 27, 15, 55, 28, 979641), 'task_try_time_launched': datetime.datetime(2021, 7, 27, 15, 55, 28, 982484), 'task_time_returned': None, 'task_try_time_returned': None, 'task_executor': 'htex_Local', 'run_id': '3a5f4723-ec48-4983-af55-9226a1a5d790', 'try_id': 0, 'timestamp': datetime.datetime(2021, 7, 27, 15, 55, 28, 985566), 'task_status_name': 'launched', 'tasks_failed_count': 0, 'tasks_completed_count': 10, 'tasks_memo_completed_count': 0, 'from_memo': False, 'task_inputs': 'None', 'task_outputs': 'None', 'task_stdin': None, 'task_stdout': None, 'task_stderr': None, 'task_fail_history': '', 'task_depends': '', 'task_joins': None}
2021-07-27 15:55:28.986 parsl.dataflow.dflow:591 [INFO]  Task 10 launched on executor htex_Local
2021-07-27 15:55:28.986 parsl.dataflow.dflow:802 [DEBUG]  Task 11 will be sent to executor htex_Local
2021-07-27 15:55:28.986 parsl.dataflow.dflow:628 [DEBUG]  Adding output dependencies
2021-07-27 15:55:28.986 parsl.dataflow.dflow:881 [INFO]  Task 11 submitted for App app_B, not waiting on any dependency
2021-07-27 15:55:28.987 parsl.dataflow.dflow:889 [DEBUG]  Task 11 set to pending state with AppFuture: <AppFuture super=<AppFuture at 0x7f818cf504f0 state=pending>>
2021-07-27 15:55:28.987 parsl.monitoring.monitoring:274 [DEBUG]  Sending message MessageType.TASK_INFO, {'task_func_name': 'app_B', 'task_memoize': False, 'task_hashsum': None, 'task_fail_count': 0, 'task_status': <States.pending: 0>, 'task_id': 11, 'task_time_invoked': datetime.datetime(2021, 7, 27, 15, 55, 28, 986703), 'task_try_time_launched': None, 'task_time_returned': None, 'task_try_time_returned': None, 'task_executor': 'htex_Local', 'run_id': '3a5f4723-ec48-4983-af55-9226a1a5d790', 'try_id': 0, 'timestamp': datetime.datetime(2021, 7, 27, 15, 55, 28, 987341), 'task_status_name': 'pending', 'tasks_failed_count': 0, 'tasks_completed_count': 10, 'tasks_memo_completed_count': 0, 'from_memo': None, 'task_inputs': 'None', 'task_outputs': 'None', 'task_stdin': None, 'task_stdout': None, 'task_stderr': None, 'task_fail_history': '', 'task_depends': '', 'task_joins': None}
2021-07-27 15:55:28.987 parsl.dataflow.memoization:229 [DEBUG]  Task 11 will not be memoized
2021-07-27 15:55:28.988 parsl.executors.high_throughput.executor:557 [DEBUG]  Pushing function <function MonitoringHub.monitor_wrapper.<locals>.wrapped at 0x7f818cf5fd30> to queue with args ()
2021-07-27 15:55:28.989 parsl.monitoring.monitoring:274 [DEBUG]  Sending message MessageType.TASK_INFO, {'task_func_name': 'app_B', 'task_memoize': False, 'task_hashsum': None, 'task_fail_count': 0, 'task_status': <States.launched: 7>, 'task_id': 11, 'task_time_invoked': datetime.datetime(2021, 7, 27, 15, 55, 28, 986703), 'task_try_time_launched': datetime.datetime(2021, 7, 27, 15, 55, 28, 987864), 'task_time_returned': None, 'task_try_time_returned': None, 'task_executor': 'htex_Local', 'run_id': '3a5f4723-ec48-4983-af55-9226a1a5d790', 'try_id': 0, 'timestamp': datetime.datetime(2021, 7, 27, 15, 55, 28, 989572), 'task_status_name': 'launched', 'tasks_failed_count': 0, 'tasks_completed_count': 10, 'tasks_memo_completed_count': 0, 'from_memo': False, 'task_inputs': 'None', 'task_outputs': 'None', 'task_stdin': None, 'task_stdout': None, 'task_stderr': None, 'task_fail_history': '', 'task_depends': '', 'task_joins': None}
2021-07-27 15:55:28.990 parsl.dataflow.dflow:591 [INFO]  Task 11 launched on executor htex_Local
2021-07-27 15:55:28.990 parsl.dataflow.dflow:802 [DEBUG]  Task 12 will be sent to executor htex_Local
2021-07-27 15:55:28.990 parsl.dataflow.dflow:628 [DEBUG]  Adding output dependencies
2021-07-27 15:55:28.990 parsl.dataflow.dflow:881 [INFO]  Task 12 submitted for App app_C, waiting on task 10, task 11
2021-07-27 15:55:28.990 parsl.dataflow.dflow:889 [DEBUG]  Task 12 set to pending state with AppFuture: <AppFuture super=<AppFuture at 0x7f818cf50d00 state=pending>>
2021-07-27 15:55:28.991 parsl.monitoring.monitoring:274 [DEBUG]  Sending message MessageType.TASK_INFO, {'task_func_name': 'app_C', 'task_memoize': False, 'task_hashsum': None, 'task_fail_count': 0, 'task_status': <States.pending: 0>, 'task_id': 12, 'task_time_invoked': datetime.datetime(2021, 7, 27, 15, 55, 28, 990604), 'task_try_time_launched': None, 'task_time_returned': None, 'task_try_time_returned': None, 'task_executor': 'htex_Local', 'run_id': '3a5f4723-ec48-4983-af55-9226a1a5d790', 'try_id': 0, 'timestamp': datetime.datetime(2021, 7, 27, 15, 55, 28, 990905), 'task_status_name': 'pending', 'tasks_failed_count': 0, 'tasks_completed_count': 10, 'tasks_memo_completed_count': 0, 'from_memo': None, 'task_inputs': 'None', 'task_outputs': 'None', 'task_stdin': None, 'task_stdout': None, 'task_stderr': None, 'task_fail_history': '', 'task_depends': '10,11', 'task_joins': None}
2021-07-27 15:55:28.991 parsl.dataflow.dflow:802 [DEBUG]  Task 13 will be sent to executor htex_Local
2021-07-27 15:55:28.991 parsl.dataflow.dflow:628 [DEBUG]  Adding output dependencies
2021-07-27 15:55:28.991 parsl.dataflow.dflow:881 [INFO]  Task 13 submitted for App app_D, waiting on task 12
2021-07-27 15:55:28.991 parsl.dataflow.dflow:889 [DEBUG]  Task 13 set to pending state with AppFuture: <AppFuture super=<AppFuture at 0x7f818cf50e80 state=pending>>
2021-07-27 15:55:28.991 parsl.monitoring.monitoring:274 [DEBUG]  Sending message MessageType.TASK_INFO, {'task_func_name': 'app_D', 'task_memoize': False, 'task_hashsum': None, 'task_fail_count': 0, 'task_status': <States.pending: 0>, 'task_id': 13, 'task_time_invoked': datetime.datetime(2021, 7, 27, 15, 55, 28, 991405), 'task_try_time_launched': None, 'task_time_returned': None, 'task_try_time_returned': None, 'task_executor': 'htex_Local', 'run_id': '3a5f4723-ec48-4983-af55-9226a1a5d790', 'try_id': 0, 'timestamp': datetime.datetime(2021, 7, 27, 15, 55, 28, 991740), 'task_status_name': 'pending', 'tasks_failed_count': 0, 'tasks_completed_count': 10, 'tasks_memo_completed_count': 0, 'from_memo': None, 'task_inputs': 'None', 'task_outputs': 'None', 'task_stdin': None, 'task_stdout': None, 'task_stderr': None, 'task_fail_history': '', 'task_depends': '12', 'task_joins': None}
2021-07-27 15:55:28.992 parsl.dataflow.dflow:802 [DEBUG]  Task 14 will be sent to executor htex_Local
2021-07-27 15:55:28.992 parsl.dataflow.dflow:628 [DEBUG]  Adding output dependencies
2021-07-27 15:55:28.992 parsl.dataflow.dflow:881 [INFO]  Task 14 submitted for App app_E, waiting on task 13
2021-07-27 15:55:28.992 parsl.dataflow.dflow:889 [DEBUG]  Task 14 set to pending state with AppFuture: <AppFuture super=<AppFuture at 0x7f818cf6c040 state=pending>>
2021-07-27 15:55:28.993 parsl.monitoring.monitoring:274 [DEBUG]  Sending message MessageType.TASK_INFO, {'task_func_name': 'app_E', 'task_memoize': False, 'task_hashsum': None, 'task_fail_count': 0, 'task_status': <States.pending: 0>, 'task_id': 14, 'task_time_invoked': datetime.datetime(2021, 7, 27, 15, 55, 28, 992499), 'task_try_time_launched': None, 'task_time_returned': None, 'task_try_time_returned': None, 'task_executor': 'htex_Local', 'run_id': '3a5f4723-ec48-4983-af55-9226a1a5d790', 'try_id': 0, 'timestamp': datetime.datetime(2021, 7, 27, 15, 55, 28, 992921), 'task_status_name': 'pending', 'tasks_failed_count': 0, 'tasks_completed_count': 10, 'tasks_memo_completed_count': 0, 'from_memo': None, 'task_inputs': 'None', 'task_outputs': 'None', 'task_stdin': None, 'task_stdout': None, 'task_stderr': None, 'task_fail_history': '', 'task_depends': '13', 'task_joins': None}
2021-07-27 15:55:29.195 parsl.dataflow.dflow:442 [INFO]  Task 10 completed (launched -> exec_done)
2021-07-27 15:55:29.196 parsl.dataflow.dflow:1166 [WARNING]  No tasks checkpointed so far in this run. Please ensure caching is enabled
2021-07-27 15:55:29.197 parsl.monitoring.monitoring:274 [DEBUG]  Sending message MessageType.TASK_INFO, {'task_func_name': 'app_A', 'task_memoize': False, 'task_hashsum': None, 'task_fail_count': 0, 'task_status': <States.exec_done: 3>, 'task_id': 10, 'task_time_invoked': datetime.datetime(2021, 7, 27, 15, 55, 28, 979641), 'task_try_time_launched': datetime.datetime(2021, 7, 27, 15, 55, 28, 982484), 'task_time_returned': datetime.datetime(2021, 7, 27, 15, 55, 29, 196081), 'task_try_time_returned': datetime.datetime(2021, 7, 27, 15, 55, 29, 195803), 'task_executor': 'htex_Local', 'run_id': '3a5f4723-ec48-4983-af55-9226a1a5d790', 'try_id': 0, 'timestamp': datetime.datetime(2021, 7, 27, 15, 55, 29, 197110), 'task_status_name': 'exec_done', 'tasks_failed_count': 0, 'tasks_completed_count': 11, 'tasks_memo_completed_count': 0, 'from_memo': False, 'task_inputs': 'None', 'task_outputs': 'None', 'task_stdin': None, 'task_stdout': None, 'task_stderr': None, 'task_fail_history': '', 'task_depends': '', 'task_joins': None}
2021-07-27 15:55:29.197 parsl.dataflow.dflow:442 [INFO]  Task 11 completed (launched -> exec_done)
2021-07-27 15:55:29.199 parsl.dataflow.dflow:1166 [WARNING]  No tasks checkpointed so far in this run. Please ensure caching is enabled
2021-07-27 15:55:29.199 parsl.dataflow.memoization:229 [DEBUG]  Task 12 will not be memoized
2021-07-27 15:55:29.199 parsl.executors.high_throughput.executor:557 [DEBUG]  Pushing function <function MonitoringHub.monitor_wrapper.<locals>.wrapped at 0x7f818cf6a1f0> to queue with args (7, 3.0)
2021-07-27 15:55:29.202 parsl.monitoring.monitoring:274 [DEBUG]  Sending message MessageType.TASK_INFO, {'task_func_name': 'app_C', 'task_memoize': False, 'task_hashsum': None, 'task_fail_count': 0, 'task_status': <States.launched: 7>, 'task_id': 12, 'task_time_invoked': datetime.datetime(2021, 7, 27, 15, 55, 28, 990604), 'task_try_time_launched': datetime.datetime(2021, 7, 27, 15, 55, 29, 199359), 'task_time_returned': None, 'task_try_time_returned': None, 'task_executor': 'htex_Local', 'run_id': '3a5f4723-ec48-4983-af55-9226a1a5d790', 'try_id': 0, 'timestamp': datetime.datetime(2021, 7, 27, 15, 55, 29, 202062), 'task_status_name': 'launched', 'tasks_failed_count': 0, 'tasks_completed_count': 12, 'tasks_memo_completed_count': 0, 'from_memo': False, 'task_inputs': 'None', 'task_outputs': 'None', 'task_stdin': None, 'task_stdout': None, 'task_stderr': None, 'task_fail_history': '', 'task_depends': '10,11', 'task_joins': None}
2021-07-27 15:55:29.202 parsl.dataflow.dflow:591 [INFO]  Task 12 launched on executor htex_Local
2021-07-27 15:55:29.203 parsl.monitoring.monitoring:274 [DEBUG]  Sending message MessageType.TASK_INFO, {'task_func_name': 'app_B', 'task_memoize': False, 'task_hashsum': None, 'task_fail_count': 0, 'task_status': <States.exec_done: 3>, 'task_id': 11, 'task_time_invoked': datetime.datetime(2021, 7, 27, 15, 55, 28, 986703), 'task_try_time_launched': datetime.datetime(2021, 7, 27, 15, 55, 28, 987864), 'task_time_returned': datetime.datetime(2021, 7, 27, 15, 55, 29, 198088), 'task_try_time_returned': datetime.datetime(2021, 7, 27, 15, 55, 29, 197829), 'task_executor': 'htex_Local', 'run_id': '3a5f4723-ec48-4983-af55-9226a1a5d790', 'try_id': 0, 'timestamp': datetime.datetime(2021, 7, 27, 15, 55, 29, 203018), 'task_status_name': 'exec_done', 'tasks_failed_count': 0, 'tasks_completed_count': 12, 'tasks_memo_completed_count': 0, 'from_memo': False, 'task_inputs': 'None', 'task_outputs': 'None', 'task_stdin': None, 'task_stdout': None, 'task_stderr': None, 'task_fail_history': '', 'task_depends': '', 'task_joins': None}
2021-07-27 15:55:29.408 parsl.dataflow.dflow:442 [INFO]  Task 12 completed (launched -> exec_done)
2021-07-27 15:55:29.409 parsl.dataflow.dflow:1166 [WARNING]  No tasks checkpointed so far in this run. Please ensure caching is enabled
2021-07-27 15:55:29.409 parsl.dataflow.memoization:229 [DEBUG]  Task 13 will not be memoized
2021-07-27 15:55:29.410 parsl.executors.high_throughput.executor:557 [DEBUG]  Pushing function <function MonitoringHub.monitor_wrapper.<locals>.wrapped at 0x7f818cf6a430> to queue with args (10, 7, 10.0)
2021-07-27 15:55:29.413 parsl.monitoring.monitoring:274 [DEBUG]  Sending message MessageType.TASK_INFO, {'task_func_name': 'app_D', 'task_memoize': False, 'task_hashsum': None, 'task_fail_count': 0, 'task_status': <States.launched: 7>, 'task_id': 13, 'task_time_invoked': datetime.datetime(2021, 7, 27, 15, 55, 28, 991405), 'task_try_time_launched': datetime.datetime(2021, 7, 27, 15, 55, 29, 409970), 'task_time_returned': None, 'task_try_time_returned': None, 'task_executor': 'htex_Local', 'run_id': '3a5f4723-ec48-4983-af55-9226a1a5d790', 'try_id': 0, 'timestamp': datetime.datetime(2021, 7, 27, 15, 55, 29, 413026), 'task_status_name': 'launched', 'tasks_failed_count': 0, 'tasks_completed_count': 13, 'tasks_memo_completed_count': 0, 'from_memo': False, 'task_inputs': 'None', 'task_outputs': 'None', 'task_stdin': None, 'task_stdout': None, 'task_stderr': None, 'task_fail_history': '', 'task_depends': '12', 'task_joins': None}
2021-07-27 15:55:29.413 parsl.dataflow.dflow:591 [INFO]  Task 13 launched on executor htex_Local
2021-07-27 15:55:29.414 parsl.monitoring.monitoring:274 [DEBUG]  Sending message MessageType.TASK_INFO, {'task_func_name': 'app_C', 'task_memoize': False, 'task_hashsum': None, 'task_fail_count': 0, 'task_status': <States.exec_done: 3>, 'task_id': 12, 'task_time_invoked': datetime.datetime(2021, 7, 27, 15, 55, 28, 990604), 'task_try_time_launched': datetime.datetime(2021, 7, 27, 15, 55, 29, 199359), 'task_time_returned': datetime.datetime(2021, 7, 27, 15, 55, 29, 408981), 'task_try_time_returned': datetime.datetime(2021, 7, 27, 15, 55, 29, 408709), 'task_executor': 'htex_Local', 'run_id': '3a5f4723-ec48-4983-af55-9226a1a5d790', 'try_id': 0, 'timestamp': datetime.datetime(2021, 7, 27, 15, 55, 29, 414108), 'task_status_name': 'exec_done', 'tasks_failed_count': 0, 'tasks_completed_count': 13, 'tasks_memo_completed_count': 0, 'from_memo': False, 'task_inputs': 'None', 'task_outputs': 'None', 'task_stdin': None, 'task_stdout': None, 'task_stderr': None, 'task_fail_history': '', 'task_depends': '10,11', 'task_joins': None}
2021-07-27 15:55:29.616 parsl.dataflow.dflow:442 [INFO]  Task 13 completed (launched -> exec_done)
2021-07-27 15:55:29.617 parsl.dataflow.dflow:1166 [WARNING]  No tasks checkpointed so far in this run. Please ensure caching is enabled
2021-07-27 15:55:29.617 parsl.dataflow.memoization:229 [DEBUG]  Task 14 will not be memoized
2021-07-27 15:55:29.617 parsl.executors.high_throughput.executor:557 [DEBUG]  Pushing function <function MonitoringHub.monitor_wrapper.<locals>.wrapped at 0x7f818cf6a670> to queue with args (7.0,)
2021-07-27 15:55:29.620 parsl.monitoring.monitoring:274 [DEBUG]  Sending message MessageType.TASK_INFO, {'task_func_name': 'app_E', 'task_memoize': False, 'task_hashsum': None, 'task_fail_count': 0, 'task_status': <States.launched: 7>, 'task_id': 14, 'task_time_invoked': datetime.datetime(2021, 7, 27, 15, 55, 28, 992499), 'task_try_time_launched': datetime.datetime(2021, 7, 27, 15, 55, 29, 617330), 'task_time_returned': None, 'task_try_time_returned': None, 'task_executor': 'htex_Local', 'run_id': '3a5f4723-ec48-4983-af55-9226a1a5d790', 'try_id': 0, 'timestamp': datetime.datetime(2021, 7, 27, 15, 55, 29, 620126), 'task_status_name': 'launched', 'tasks_failed_count': 0, 'tasks_completed_count': 14, 'tasks_memo_completed_count': 0, 'from_memo': False, 'task_inputs': 'None', 'task_outputs': 'None', 'task_stdin': None, 'task_stdout': None, 'task_stderr': None, 'task_fail_history': '', 'task_depends': '13', 'task_joins': None}
2021-07-27 15:55:29.621 parsl.dataflow.dflow:591 [INFO]  Task 14 launched on executor htex_Local
2021-07-27 15:55:29.621 parsl.monitoring.monitoring:274 [DEBUG]  Sending message MessageType.TASK_INFO, {'task_func_name': 'app_D', 'task_memoize': False, 'task_hashsum': None, 'task_fail_count': 0, 'task_status': <States.exec_done: 3>, 'task_id': 13, 'task_time_invoked': datetime.datetime(2021, 7, 27, 15, 55, 28, 991405), 'task_try_time_launched': datetime.datetime(2021, 7, 27, 15, 55, 29, 409970), 'task_time_returned': datetime.datetime(2021, 7, 27, 15, 55, 29, 616310), 'task_try_time_returned': datetime.datetime(2021, 7, 27, 15, 55, 29, 616041), 'task_executor': 'htex_Local', 'run_id': '3a5f4723-ec48-4983-af55-9226a1a5d790', 'try_id': 0, 'timestamp': datetime.datetime(2021, 7, 27, 15, 55, 29, 621584), 'task_status_name': 'exec_done', 'tasks_failed_count': 0, 'tasks_completed_count': 14, 'tasks_memo_completed_count': 0, 'from_memo': False, 'task_inputs': 'None', 'task_outputs': 'None', 'task_stdin': None, 'task_stdout': None, 'task_stderr': None, 'task_fail_history': '', 'task_depends': '12', 'task_joins': None}
2021-07-27 15:55:29.834 parsl.dataflow.dflow:442 [INFO]  Task 14 completed (launched -> exec_done)
2021-07-27 15:55:29.834 parsl.dataflow.dflow:802 [DEBUG]  Task 15 will be sent to executor htex_Local
2021-07-27 15:55:29.835 parsl.dataflow.dflow:628 [DEBUG]  Adding output dependencies
2021-07-27 15:55:29.835 parsl.dataflow.dflow:881 [INFO]  Task 15 submitted for App app_A, not waiting on any dependency
2021-07-27 15:55:29.835 parsl.dataflow.dflow:889 [DEBUG]  Task 15 set to pending state with AppFuture: <AppFuture super=<AppFuture at 0x7f818cf50c40 state=pending>>
2021-07-27 15:55:29.836 parsl.monitoring.monitoring:274 [DEBUG]  Sending message MessageType.TASK_INFO, {'task_func_name': 'app_A', 'task_memoize': False, 'task_hashsum': None, 'task_fail_count': 0, 'task_status': <States.pending: 0>, 'task_id': 15, 'task_time_invoked': datetime.datetime(2021, 7, 27, 15, 55, 29, 835225), 'task_try_time_launched': None, 'task_time_returned': None, 'task_try_time_returned': None, 'task_executor': 'htex_Local', 'run_id': '3a5f4723-ec48-4983-af55-9226a1a5d790', 'try_id': 0, 'timestamp': datetime.datetime(2021, 7, 27, 15, 55, 29, 836050), 'task_status_name': 'pending', 'tasks_failed_count': 0, 'tasks_completed_count': 15, 'tasks_memo_completed_count': 0, 'from_memo': None, 'task_inputs': 'None', 'task_outputs': 'None', 'task_stdin': None, 'task_stdout': None, 'task_stderr': None, 'task_fail_history': '', 'task_depends': '', 'task_joins': None}
2021-07-27 15:55:29.836 parsl.dataflow.memoization:229 [DEBUG]  Task 15 will not be memoized
2021-07-27 15:55:29.837 parsl.executors.high_throughput.executor:557 [DEBUG]  Pushing function <function MonitoringHub.monitor_wrapper.<locals>.wrapped at 0x7f818cf6aa60> to queue with args ()
2021-07-27 15:55:29.839 parsl.dataflow.dflow:1166 [WARNING]  No tasks checkpointed so far in this run. Please ensure caching is enabled
2021-07-27 15:55:29.839 parsl.monitoring.monitoring:274 [DEBUG]  Sending message MessageType.TASK_INFO, {'task_func_name': 'app_E', 'task_memoize': False, 'task_hashsum': None, 'task_fail_count': 0, 'task_status': <States.exec_done: 3>, 'task_id': 14, 'task_time_invoked': datetime.datetime(2021, 7, 27, 15, 55, 28, 992499), 'task_try_time_launched': datetime.datetime(2021, 7, 27, 15, 55, 29, 617330), 'task_time_returned': datetime.datetime(2021, 7, 27, 15, 55, 29, 834581), 'task_try_time_returned': datetime.datetime(2021, 7, 27, 15, 55, 29, 834307), 'task_executor': 'htex_Local', 'run_id': '3a5f4723-ec48-4983-af55-9226a1a5d790', 'try_id': 0, 'timestamp': datetime.datetime(2021, 7, 27, 15, 55, 29, 839595), 'task_status_name': 'exec_done', 'tasks_failed_count': 0, 'tasks_completed_count': 15, 'tasks_memo_completed_count': 0, 'from_memo': False, 'task_inputs': 'None', 'task_outputs': 'None', 'task_stdin': None, 'task_stdout': None, 'task_stderr': None, 'task_fail_history': '', 'task_depends': '13', 'task_joins': None}
2021-07-27 15:55:29.840 parsl.monitoring.monitoring:274 [DEBUG]  Sending message MessageType.TASK_INFO, {'task_func_name': 'app_A', 'task_memoize': False, 'task_hashsum': None, 'task_fail_count': 0, 'task_status': <States.launched: 7>, 'task_id': 15, 'task_time_invoked': datetime.datetime(2021, 7, 27, 15, 55, 29, 835225), 'task_try_time_launched': datetime.datetime(2021, 7, 27, 15, 55, 29, 836800), 'task_time_returned': None, 'task_try_time_returned': None, 'task_executor': 'htex_Local', 'run_id': '3a5f4723-ec48-4983-af55-9226a1a5d790', 'try_id': 0, 'timestamp': datetime.datetime(2021, 7, 27, 15, 55, 29, 840038), 'task_status_name': 'launched', 'tasks_failed_count': 0, 'tasks_completed_count': 15, 'tasks_memo_completed_count': 0, 'from_memo': False, 'task_inputs': 'None', 'task_outputs': 'None', 'task_stdin': None, 'task_stdout': None, 'task_stderr': None, 'task_fail_history': '', 'task_depends': '', 'task_joins': None}
2021-07-27 15:55:29.840 parsl.dataflow.dflow:591 [INFO]  Task 15 launched on executor htex_Local
2021-07-27 15:55:29.840 parsl.dataflow.dflow:802 [DEBUG]  Task 16 will be sent to executor htex_Local
2021-07-27 15:55:29.840 parsl.dataflow.dflow:628 [DEBUG]  Adding output dependencies
2021-07-27 15:55:29.841 parsl.dataflow.dflow:881 [INFO]  Task 16 submitted for App app_B, not waiting on any dependency
2021-07-27 15:55:29.841 parsl.dataflow.dflow:889 [DEBUG]  Task 16 set to pending state with AppFuture: <AppFuture super=<AppFuture at 0x7f818cf6fb80 state=pending>>
2021-07-27 15:55:29.841 parsl.monitoring.monitoring:274 [DEBUG]  Sending message MessageType.TASK_INFO, {'task_func_name': 'app_B', 'task_memoize': False, 'task_hashsum': None, 'task_fail_count': 0, 'task_status': <States.pending: 0>, 'task_id': 16, 'task_time_invoked': datetime.datetime(2021, 7, 27, 15, 55, 29, 840957), 'task_try_time_launched': None, 'task_time_returned': None, 'task_try_time_returned': None, 'task_executor': 'htex_Local', 'run_id': '3a5f4723-ec48-4983-af55-9226a1a5d790', 'try_id': 0, 'timestamp': datetime.datetime(2021, 7, 27, 15, 55, 29, 841252), 'task_status_name': 'pending', 'tasks_failed_count': 0, 'tasks_completed_count': 15, 'tasks_memo_completed_count': 0, 'from_memo': None, 'task_inputs': 'None', 'task_outputs': 'None', 'task_stdin': None, 'task_stdout': None, 'task_stderr': None, 'task_fail_history': '', 'task_depends': '', 'task_joins': None}
2021-07-27 15:55:29.841 parsl.dataflow.memoization:229 [DEBUG]  Task 16 will not be memoized
2021-07-27 15:55:29.842 parsl.executors.high_throughput.executor:557 [DEBUG]  Pushing function <function MonitoringHub.monitor_wrapper.<locals>.wrapped at 0x7f818cf6a8b0> to queue with args ()
2021-07-27 15:55:29.843 parsl.monitoring.monitoring:274 [DEBUG]  Sending message MessageType.TASK_INFO, {'task_func_name': 'app_B', 'task_memoize': False, 'task_hashsum': None, 'task_fail_count': 0, 'task_status': <States.launched: 7>, 'task_id': 16, 'task_time_invoked': datetime.datetime(2021, 7, 27, 15, 55, 29, 840957), 'task_try_time_launched': datetime.datetime(2021, 7, 27, 15, 55, 29, 841673), 'task_time_returned': None, 'task_try_time_returned': None, 'task_executor': 'htex_Local', 'run_id': '3a5f4723-ec48-4983-af55-9226a1a5d790', 'try_id': 0, 'timestamp': datetime.datetime(2021, 7, 27, 15, 55, 29, 843339), 'task_status_name': 'launched', 'tasks_failed_count': 0, 'tasks_completed_count': 15, 'tasks_memo_completed_count': 0, 'from_memo': False, 'task_inputs': 'None', 'task_outputs': 'None', 'task_stdin': None, 'task_stdout': None, 'task_stderr': None, 'task_fail_history': '', 'task_depends': '', 'task_joins': None}
2021-07-27 15:55:29.843 parsl.dataflow.dflow:591 [INFO]  Task 16 launched on executor htex_Local
2021-07-27 15:55:29.843 parsl.dataflow.dflow:802 [DEBUG]  Task 17 will be sent to executor htex_Local
2021-07-27 15:55:29.844 parsl.dataflow.dflow:628 [DEBUG]  Adding output dependencies
2021-07-27 15:55:29.844 parsl.dataflow.dflow:881 [INFO]  Task 17 submitted for App app_C, waiting on task 15, task 16
2021-07-27 15:55:29.844 parsl.dataflow.dflow:889 [DEBUG]  Task 17 set to pending state with AppFuture: <AppFuture super=<AppFuture at 0x7f818cf771f0 state=pending>>
2021-07-27 15:55:29.844 parsl.monitoring.monitoring:274 [DEBUG]  Sending message MessageType.TASK_INFO, {'task_func_name': 'app_C', 'task_memoize': False, 'task_hashsum': None, 'task_fail_count': 0, 'task_status': <States.pending: 0>, 'task_id': 17, 'task_time_invoked': datetime.datetime(2021, 7, 27, 15, 55, 29, 843973), 'task_try_time_launched': None, 'task_time_returned': None, 'task_try_time_returned': None, 'task_executor': 'htex_Local', 'run_id': '3a5f4723-ec48-4983-af55-9226a1a5d790', 'try_id': 0, 'timestamp': datetime.datetime(2021, 7, 27, 15, 55, 29, 844211), 'task_status_name': 'pending', 'tasks_failed_count': 0, 'tasks_completed_count': 15, 'tasks_memo_completed_count': 0, 'from_memo': None, 'task_inputs': 'None', 'task_outputs': 'None', 'task_stdin': None, 'task_stdout': None, 'task_stderr': None, 'task_fail_history': '', 'task_depends': '15,16', 'task_joins': None}
2021-07-27 15:55:29.844 parsl.dataflow.dflow:802 [DEBUG]  Task 18 will be sent to executor htex_Local
2021-07-27 15:55:29.844 parsl.dataflow.dflow:628 [DEBUG]  Adding output dependencies
2021-07-27 15:55:29.844 parsl.dataflow.dflow:881 [INFO]  Task 18 submitted for App app_D, waiting on task 17
2021-07-27 15:55:29.844 parsl.dataflow.dflow:889 [DEBUG]  Task 18 set to pending state with AppFuture: <AppFuture super=<AppFuture at 0x7f818cf773d0 state=pending>>
2021-07-27 15:55:29.844 parsl.monitoring.monitoring:274 [DEBUG]  Sending message MessageType.TASK_INFO, {'task_func_name': 'app_D', 'task_memoize': False, 'task_hashsum': None, 'task_fail_count': 0, 'task_status': <States.pending: 0>, 'task_id': 18, 'task_time_invoked': datetime.datetime(2021, 7, 27, 15, 55, 29, 844606), 'task_try_time_launched': None, 'task_time_returned': None, 'task_try_time_returned': None, 'task_executor': 'htex_Local', 'run_id': '3a5f4723-ec48-4983-af55-9226a1a5d790', 'try_id': 0, 'timestamp': datetime.datetime(2021, 7, 27, 15, 55, 29, 844812), 'task_status_name': 'pending', 'tasks_failed_count': 0, 'tasks_completed_count': 15, 'tasks_memo_completed_count': 0, 'from_memo': None, 'task_inputs': 'None', 'task_outputs': 'None', 'task_stdin': None, 'task_stdout': None, 'task_stderr': None, 'task_fail_history': '', 'task_depends': '17', 'task_joins': None}
2021-07-27 15:55:29.845 parsl.dataflow.dflow:802 [DEBUG]  Task 19 will be sent to executor htex_Local
2021-07-27 15:55:29.845 parsl.dataflow.dflow:628 [DEBUG]  Adding output dependencies
2021-07-27 15:55:29.845 parsl.dataflow.dflow:881 [INFO]  Task 19 submitted for App app_E, waiting on task 18
2021-07-27 15:55:29.845 parsl.dataflow.dflow:889 [DEBUG]  Task 19 set to pending state with AppFuture: <AppFuture super=<AppFuture at 0x7f818cf77550 state=pending>>
2021-07-27 15:55:29.845 parsl.monitoring.monitoring:274 [DEBUG]  Sending message MessageType.TASK_INFO, {'task_func_name': 'app_E', 'task_memoize': False, 'task_hashsum': None, 'task_fail_count': 0, 'task_status': <States.pending: 0>, 'task_id': 19, 'task_time_invoked': datetime.datetime(2021, 7, 27, 15, 55, 29, 845178), 'task_try_time_launched': None, 'task_time_returned': None, 'task_try_time_returned': None, 'task_executor': 'htex_Local', 'run_id': '3a5f4723-ec48-4983-af55-9226a1a5d790', 'try_id': 0, 'timestamp': datetime.datetime(2021, 7, 27, 15, 55, 29, 845510), 'task_status_name': 'pending', 'tasks_failed_count': 0, 'tasks_completed_count': 15, 'tasks_memo_completed_count': 0, 'from_memo': None, 'task_inputs': 'None', 'task_outputs': 'None', 'task_stdin': None, 'task_stdout': None, 'task_stderr': None, 'task_fail_history': '', 'task_depends': '18', 'task_joins': None}
2021-07-27 15:55:30.051 parsl.dataflow.dflow:442 [INFO]  Task 15 completed (launched -> exec_done)
2021-07-27 15:55:30.052 parsl.dataflow.dflow:1166 [WARNING]  No tasks checkpointed so far in this run. Please ensure caching is enabled
2021-07-27 15:55:30.053 parsl.monitoring.monitoring:274 [DEBUG]  Sending message MessageType.TASK_INFO, {'task_func_name': 'app_A', 'task_memoize': False, 'task_hashsum': None, 'task_fail_count': 0, 'task_status': <States.exec_done: 3>, 'task_id': 15, 'task_time_invoked': datetime.datetime(2021, 7, 27, 15, 55, 29, 835225), 'task_try_time_launched': datetime.datetime(2021, 7, 27, 15, 55, 29, 836800), 'task_time_returned': datetime.datetime(2021, 7, 27, 15, 55, 30, 51814), 'task_try_time_returned': datetime.datetime(2021, 7, 27, 15, 55, 30, 51455), 'task_executor': 'htex_Local', 'run_id': '3a5f4723-ec48-4983-af55-9226a1a5d790', 'try_id': 0, 'timestamp': datetime.datetime(2021, 7, 27, 15, 55, 30, 53189), 'task_status_name': 'exec_done', 'tasks_failed_count': 0, 'tasks_completed_count': 16, 'tasks_memo_completed_count': 0, 'from_memo': False, 'task_inputs': 'None', 'task_outputs': 'None', 'task_stdin': None, 'task_stdout': None, 'task_stderr': None, 'task_fail_history': '', 'task_depends': '', 'task_joins': None}
2021-07-27 15:55:30.054 parsl.dataflow.dflow:442 [INFO]  Task 16 completed (launched -> exec_done)
2021-07-27 15:55:30.055 parsl.dataflow.dflow:1166 [WARNING]  No tasks checkpointed so far in this run. Please ensure caching is enabled
2021-07-27 15:55:30.055 parsl.dataflow.memoization:229 [DEBUG]  Task 17 will not be memoized
2021-07-27 15:55:30.055 parsl.executors.high_throughput.executor:557 [DEBUG]  Pushing function <function MonitoringHub.monitor_wrapper.<locals>.wrapped at 0x7f818cf6af70> to queue with args (7, 3.0)
2021-07-27 15:55:30.058 parsl.monitoring.monitoring:274 [DEBUG]  Sending message MessageType.TASK_INFO, {'task_func_name': 'app_C', 'task_memoize': False, 'task_hashsum': None, 'task_fail_count': 0, 'task_status': <States.launched: 7>, 'task_id': 17, 'task_time_invoked': datetime.datetime(2021, 7, 27, 15, 55, 29, 843973), 'task_try_time_launched': datetime.datetime(2021, 7, 27, 15, 55, 30, 55558), 'task_time_returned': None, 'task_try_time_returned': None, 'task_executor': 'htex_Local', 'run_id': '3a5f4723-ec48-4983-af55-9226a1a5d790', 'try_id': 0, 'timestamp': datetime.datetime(2021, 7, 27, 15, 55, 30, 58039), 'task_status_name': 'launched', 'tasks_failed_count': 0, 'tasks_completed_count': 17, 'tasks_memo_completed_count': 0, 'from_memo': False, 'task_inputs': 'None', 'task_outputs': 'None', 'task_stdin': None, 'task_stdout': None, 'task_stderr': None, 'task_fail_history': '', 'task_depends': '15,16', 'task_joins': None}
2021-07-27 15:55:30.058 parsl.dataflow.dflow:591 [INFO]  Task 17 launched on executor htex_Local
2021-07-27 15:55:30.059 parsl.monitoring.monitoring:274 [DEBUG]  Sending message MessageType.TASK_INFO, {'task_func_name': 'app_B', 'task_memoize': False, 'task_hashsum': None, 'task_fail_count': 0, 'task_status': <States.exec_done: 3>, 'task_id': 16, 'task_time_invoked': datetime.datetime(2021, 7, 27, 15, 55, 29, 840957), 'task_try_time_launched': datetime.datetime(2021, 7, 27, 15, 55, 29, 841673), 'task_time_returned': datetime.datetime(2021, 7, 27, 15, 55, 30, 54654), 'task_try_time_returned': datetime.datetime(2021, 7, 27, 15, 55, 30, 54318), 'task_executor': 'htex_Local', 'run_id': '3a5f4723-ec48-4983-af55-9226a1a5d790', 'try_id': 0, 'timestamp': datetime.datetime(2021, 7, 27, 15, 55, 30, 59150), 'task_status_name': 'exec_done', 'tasks_failed_count': 0, 'tasks_completed_count': 17, 'tasks_memo_completed_count': 0, 'from_memo': False, 'task_inputs': 'None', 'task_outputs': 'None', 'task_stdin': None, 'task_stdout': None, 'task_stderr': None, 'task_fail_history': '', 'task_depends': '', 'task_joins': None}
2021-07-27 15:55:30.239 parsl.dataflow.dflow:442 [INFO]  Task 17 completed (launched -> exec_done)
2021-07-27 15:55:30.240 parsl.dataflow.dflow:1166 [WARNING]  No tasks checkpointed so far in this run. Please ensure caching is enabled
2021-07-27 15:55:30.240 parsl.dataflow.memoization:229 [DEBUG]  Task 18 will not be memoized
2021-07-27 15:55:30.240 parsl.executors.high_throughput.executor:557 [DEBUG]  Pushing function <function MonitoringHub.monitor_wrapper.<locals>.wrapped at 0x7f818cf7a1f0> to queue with args (10, 7, 10.0)
2021-07-27 15:55:30.242 parsl.monitoring.monitoring:274 [DEBUG]  Sending message MessageType.TASK_INFO, {'task_func_name': 'app_D', 'task_memoize': False, 'task_hashsum': None, 'task_fail_count': 0, 'task_status': <States.launched: 7>, 'task_id': 18, 'task_time_invoked': datetime.datetime(2021, 7, 27, 15, 55, 29, 844606), 'task_try_time_launched': datetime.datetime(2021, 7, 27, 15, 55, 30, 240475), 'task_time_returned': None, 'task_try_time_returned': None, 'task_executor': 'htex_Local', 'run_id': '3a5f4723-ec48-4983-af55-9226a1a5d790', 'try_id': 0, 'timestamp': datetime.datetime(2021, 7, 27, 15, 55, 30, 242580), 'task_status_name': 'launched', 'tasks_failed_count': 0, 'tasks_completed_count': 18, 'tasks_memo_completed_count': 0, 'from_memo': False, 'task_inputs': 'None', 'task_outputs': 'None', 'task_stdin': None, 'task_stdout': None, 'task_stderr': None, 'task_fail_history': '', 'task_depends': '17', 'task_joins': None}
2021-07-27 15:55:30.243 parsl.dataflow.dflow:591 [INFO]  Task 18 launched on executor htex_Local
2021-07-27 15:55:30.243 parsl.monitoring.monitoring:274 [DEBUG]  Sending message MessageType.TASK_INFO, {'task_func_name': 'app_C', 'task_memoize': False, 'task_hashsum': None, 'task_fail_count': 0, 'task_status': <States.exec_done: 3>, 'task_id': 17, 'task_time_invoked': datetime.datetime(2021, 7, 27, 15, 55, 29, 843973), 'task_try_time_launched': datetime.datetime(2021, 7, 27, 15, 55, 30, 55558), 'task_time_returned': datetime.datetime(2021, 7, 27, 15, 55, 30, 239774), 'task_try_time_returned': datetime.datetime(2021, 7, 27, 15, 55, 30, 239553), 'task_executor': 'htex_Local', 'run_id': '3a5f4723-ec48-4983-af55-9226a1a5d790', 'try_id': 0, 'timestamp': datetime.datetime(2021, 7, 27, 15, 55, 30, 243413), 'task_status_name': 'exec_done', 'tasks_failed_count': 0, 'tasks_completed_count': 18, 'tasks_memo_completed_count': 0, 'from_memo': False, 'task_inputs': 'None', 'task_outputs': 'None', 'task_stdin': None, 'task_stdout': None, 'task_stderr': None, 'task_fail_history': '', 'task_depends': '15,16', 'task_joins': None}
2021-07-27 15:55:30.444 parsl.dataflow.dflow:442 [INFO]  Task 18 completed (launched -> exec_done)
2021-07-27 15:55:30.445 parsl.dataflow.dflow:1166 [WARNING]  No tasks checkpointed so far in this run. Please ensure caching is enabled
2021-07-27 15:55:30.445 parsl.dataflow.memoization:229 [DEBUG]  Task 19 will not be memoized
2021-07-27 15:55:30.446 parsl.executors.high_throughput.executor:557 [DEBUG]  Pushing function <function MonitoringHub.monitor_wrapper.<locals>.wrapped at 0x7f818cf7a430> to queue with args (7.0,)
2021-07-27 15:55:30.448 parsl.monitoring.monitoring:274 [DEBUG]  Sending message MessageType.TASK_INFO, {'task_func_name': 'app_E', 'task_memoize': False, 'task_hashsum': None, 'task_fail_count': 0, 'task_status': <States.launched: 7>, 'task_id': 19, 'task_time_invoked': datetime.datetime(2021, 7, 27, 15, 55, 29, 845178), 'task_try_time_launched': datetime.datetime(2021, 7, 27, 15, 55, 30, 445669), 'task_time_returned': None, 'task_try_time_returned': None, 'task_executor': 'htex_Local', 'run_id': '3a5f4723-ec48-4983-af55-9226a1a5d790', 'try_id': 0, 'timestamp': datetime.datetime(2021, 7, 27, 15, 55, 30, 448487), 'task_status_name': 'launched', 'tasks_failed_count': 0, 'tasks_completed_count': 19, 'tasks_memo_completed_count': 0, 'from_memo': False, 'task_inputs': 'None', 'task_outputs': 'None', 'task_stdin': None, 'task_stdout': None, 'task_stderr': None, 'task_fail_history': '', 'task_depends': '18', 'task_joins': None}
2021-07-27 15:55:30.449 parsl.dataflow.dflow:591 [INFO]  Task 19 launched on executor htex_Local
2021-07-27 15:55:30.450 parsl.monitoring.monitoring:274 [DEBUG]  Sending message MessageType.TASK_INFO, {'task_func_name': 'app_D', 'task_memoize': False, 'task_hashsum': None, 'task_fail_count': 0, 'task_status': <States.exec_done: 3>, 'task_id': 18, 'task_time_invoked': datetime.datetime(2021, 7, 27, 15, 55, 29, 844606), 'task_try_time_launched': datetime.datetime(2021, 7, 27, 15, 55, 30, 240475), 'task_time_returned': datetime.datetime(2021, 7, 27, 15, 55, 30, 444649), 'task_try_time_returned': datetime.datetime(2021, 7, 27, 15, 55, 30, 444367), 'task_executor': 'htex_Local', 'run_id': '3a5f4723-ec48-4983-af55-9226a1a5d790', 'try_id': 0, 'timestamp': datetime.datetime(2021, 7, 27, 15, 55, 30, 449709), 'task_status_name': 'exec_done', 'tasks_failed_count': 0, 'tasks_completed_count': 19, 'tasks_memo_completed_count': 0, 'from_memo': False, 'task_inputs': 'None', 'task_outputs': 'None', 'task_stdin': None, 'task_stdout': None, 'task_stderr': None, 'task_fail_history': '', 'task_depends': '17', 'task_joins': None}
2021-07-27 15:55:30.656 parsl.dataflow.dflow:442 [INFO]  Task 19 completed (launched -> exec_done)
2021-07-27 15:55:30.657 parsl.dataflow.dflow:1037 [INFO]  DFK cleanup initiated
2021-07-27 15:55:30.657 parsl.dataflow.dflow:927 [INFO]  Summary of tasks in DFK:
2021-07-27 15:55:30.658 parsl.dataflow.dflow:941 [INFO]  Tasks in state States.exec_done: 20
2021-07-27 15:55:30.658 parsl.dataflow.dflow:947 [INFO]  End of summary
2021-07-27 15:55:30.658 parsl.dataflow.dflow:1166 [WARNING]  No tasks checkpointed so far in this run. Please ensure caching is enabled
2021-07-27 15:55:30.659 parsl.monitoring.monitoring:274 [DEBUG]  Sending message MessageType.TASK_INFO, {'task_func_name': 'app_E', 'task_memoize': False, 'task_hashsum': None, 'task_fail_count': 0, 'task_status': <States.exec_done: 3>, 'task_id': 19, 'task_time_invoked': datetime.datetime(2021, 7, 27, 15, 55, 29, 845178), 'task_try_time_launched': datetime.datetime(2021, 7, 27, 15, 55, 30, 445669), 'task_time_returned': datetime.datetime(2021, 7, 27, 15, 55, 30, 656506), 'task_try_time_returned': datetime.datetime(2021, 7, 27, 15, 55, 30, 656163), 'task_executor': 'htex_Local', 'run_id': '3a5f4723-ec48-4983-af55-9226a1a5d790', 'try_id': 0, 'timestamp': datetime.datetime(2021, 7, 27, 15, 55, 30, 659037), 'task_status_name': 'exec_done', 'tasks_failed_count': 0, 'tasks_completed_count': 20, 'tasks_memo_completed_count': 0, 'from_memo': False, 'task_inputs': 'None', 'task_outputs': 'None', 'task_stdin': None, 'task_stdout': None, 'task_stderr': None, 'task_fail_history': '', 'task_depends': '18', 'task_joins': None}
2021-07-27 15:55:30.660 parsl.dataflow.dflow:1166 [WARNING]  No tasks checkpointed so far in this run. Please ensure caching is enabled
2021-07-27 15:55:30.661 parsl.dataflow.dflow:1061 [INFO]  Terminating flow_control and strategy threads
2021-07-27 15:55:30.664 parsl.executors.high_throughput.executor:688 [DEBUG]  Current blocks : {'0': '27127', '1': '27136'}
2021-07-27 15:55:30.666 parsl.executors.high_throughput.executor:521 [DEBUG]  [HOLD_BLOCK]: Sending hold to manager: 5aba0594a006
2021-07-27 15:55:30.669 parsl.executors.high_throughput.executor:490 [DEBUG]  Sent hold request to worker: 5aba0594a006
2021-07-27 15:55:30.671 parsl.executors.high_throughput.executor:521 [DEBUG]  [HOLD_BLOCK]: Sending hold to manager: 04a00e6931dc
2021-07-27 15:55:30.673 parsl.executors.high_throughput.executor:490 [DEBUG]  Sent hold request to worker: 04a00e6931dc
2021-07-27 15:55:30.674 parsl.providers.local.local:266 [DEBUG]  Terminating job/proc_id: 27136
2021-07-27 15:55:30.704 parsl.providers.local.local:266 [DEBUG]  Terminating job/proc_id: 27127
2021-07-27 15:55:30.740 parsl.dataflow.dflow:1074 [DEBUG]  Sending message [{'run_id': '3a5f4723-ec48-4983-af55-9226a1a5d790', 'status': 'CANCELLED', 'timestamp': datetime.datetime(2021, 7, 27, 15, 55, 30, 740211), 'executor_label': 'htex_Local', 'job_id': '27136', 'block_id': '1'}, {'run_id': '3a5f4723-ec48-4983-af55-9226a1a5d790', 'status': 'CANCELLED', 'timestamp': datetime.datetime(2021, 7, 27, 15, 55, 30, 740287), 'executor_label': 'htex_Local', 'job_id': '27127', 'block_id': '0'}] to hub from DFK
2021-07-27 15:55:30.741 parsl.monitoring.monitoring:274 [DEBUG]  Sending message MessageType.BLOCK_INFO, [{'run_id': '3a5f4723-ec48-4983-af55-9226a1a5d790', 'status': 'CANCELLED', 'timestamp': datetime.datetime(2021, 7, 27, 15, 55, 30, 740211), 'executor_label': 'htex_Local', 'job_id': '27136', 'block_id': '1'}, {'run_id': '3a5f4723-ec48-4983-af55-9226a1a5d790', 'status': 'CANCELLED', 'timestamp': datetime.datetime(2021, 7, 27, 15, 55, 30, 740287), 'executor_label': 'htex_Local', 'job_id': '27127', 'block_id': '0'}]
2021-07-27 15:55:30.742 parsl.executors.high_throughput.executor:727 [INFO]  Attempting HighThroughputExecutor shutdown
2021-07-27 15:55:30.742 parsl.executors.high_throughput.executor:729 [INFO]  Finished HighThroughputExecutor shutdown attempt
2021-07-27 15:55:30.743 parsl.executors.threads:101 [DEBUG]  Done with executor shutdown
2021-07-27 15:55:30.743 parsl.monitoring.monitoring:274 [DEBUG]  Sending message MessageType.WORKFLOW_INFO, {'tasks_failed_count': 0, 'tasks_completed_count': 20, 'time_began': datetime.datetime(2021, 7, 27, 15, 55, 24, 965915), 'time_completed': datetime.datetime(2021, 7, 27, 15, 55, 30, 743373), 'run_id': '3a5f4723-ec48-4983-af55-9226a1a5d790', 'rundir': '/Users/ananthhariharan/Documents/Code/GitHub/Parsl-Project/runinfo/024'}
2021-07-27 15:55:30.744 parsl.monitoring.monitoring:283 [INFO]  Terminating Monitoring Hub
2021-07-27 15:55:30.744 parsl.monitoring.monitoring:300 [INFO]  Waiting for Hub to receive all messages and terminate
2021-07-27 15:55:33.775 parsl.process_loggers:28 [DEBUG]  Normal ending for router_starter on thread MainThread
2021-07-27 15:55:33.780 parsl.monitoring.monitoring:302 [DEBUG]  Finished waiting for Hub termination
2021-07-27 15:55:34.044 parsl.monitoring.monitoring:306 [DEBUG]  Finished waiting for DBM termination
2021-07-27 15:55:34.044 parsl.dataflow.dflow:1090 [INFO]  DFK cleanup complete
