2021-07-30 10:55:23.485 parsl:626 Rank:0 [INFO]  Python version: 3.8.8 (default, Apr 13 2021, 12:59:45) 
[Clang 10.0.0 ]
2021-07-30 10:55:23.486 parsl:627 Rank:0 [INFO]  Debug logging: True
2021-07-30 10:55:23.486 parsl:628 Rank:0 [INFO]  Log dir: /Users/ananthhariharan/Documents/Code/GitHub/Parsl-Project/runinfo/034/htex_Local
2021-07-30 10:55:23.486 parsl:629 Rank:0 [INFO]  Manager ID: 7d3018b998fc
2021-07-30 10:55:23.486 parsl:630 Rank:0 [INFO]  Block ID: 1
2021-07-30 10:55:23.486 parsl:631 Rank:0 [INFO]  cores_per_worker: 0.25
2021-07-30 10:55:23.486 parsl:632 Rank:0 [INFO]  mem_per_worker: None
2021-07-30 10:55:23.492 parsl:633 Rank:0 [INFO]  task_port: 54692
2021-07-30 10:55:23.492 parsl:634 Rank:0 [INFO]  result_port: 54173
2021-07-30 10:55:23.493 parsl:635 Rank:0 [INFO]  addresses: 10.31.2.79,138.68.145.31,Ananths-Macbook.local
2021-07-30 10:55:23.493 parsl:636 Rank:0 [INFO]  max_workers: inf
2021-07-30 10:55:23.493 parsl:637 Rank:0 [INFO]  poll_period: 100
2021-07-30 10:55:23.493 parsl:638 Rank:0 [INFO]  address_probe_timeout: 30
2021-07-30 10:55:23.493 parsl:639 Rank:0 [INFO]  Prefetch capacity: 0
2021-07-30 10:55:23.493 parsl:640 Rank:0 [INFO]  Heartbeat threshold: 5
2021-07-30 10:55:23.493 parsl:641 Rank:0 [INFO]  Heartbeat period: 2
2021-07-30 10:55:23.494 parsl:642 Rank:0 [INFO]  CPU affinity: none
2021-07-30 10:55:23.494 parsl:118 Rank:0 [INFO]  Manager started
2021-07-30 10:55:23.494 parsl.executors.high_throughput.probe:34 Rank:0 [DEBUG]  Trying to connect back on tcp://10.31.2.79:54692
2021-07-30 10:55:23.497 parsl.executors.high_throughput.probe:34 Rank:0 [DEBUG]  Trying to connect back on tcp://138.68.145.31:54692
2021-07-30 10:55:23.498 parsl.executors.high_throughput.probe:34 Rank:0 [DEBUG]  Trying to connect back on tcp://Ananths-Macbook.local:54692
2021-07-30 10:55:23.522 parsl.executors.high_throughput.probe:47 Rank:0 [INFO]  Connected to interchange on Ananths-Macbook.local
2021-07-30 10:55:23.528 parsl:125 Rank:0 [INFO]  Connection to Interchange successful on Ananths-Macbook.local
2021-07-30 10:55:23.528 parsl:128 Rank:0 [INFO]  Task url : tcp://Ananths-Macbook.local:54692
2021-07-30 10:55:23.528 parsl:129 Rank:0 [INFO]  Result url : tcp://Ananths-Macbook.local:54173
2021-07-30 10:55:23.530 parsl:147 Rank:0 [INFO]  Manager connected
2021-07-30 10:55:23.534 parsl:173 Rank:0 [INFO]  Manager will spawn 16 workers
2021-07-30 10:55:24.372 parsl:401 Rank:0 [DEBUG]  Manager synced with workers
2021-07-30 10:55:24.376 parsl:226 Rank:0 [INFO]  [TASK PULL THREAD] starting
2021-07-30 10:55:24.378 parsl:232 Rank:0 [DEBUG]  Sending registration message: b'{"parsl_v": "1.1.0", "python_v": "3.8.8", "worker_count": 16, "uid": "7d3018b998fc", "block_id": "1", "prefetch_capacity": 0, "max_capacity": 16, "os": "Darwin", "hostname": "Ananths-Macbook.local", "dir": "/Users/ananthhariharan/Documents/Code/GitHub/Parsl-Project", "cpu_count": 2, "total_memory": 8589934592}'
2021-07-30 10:55:24.379 parsl:244 Rank:0 [DEBUG]  [TASK_PULL_THREAD] ready workers:16, pending tasks:0
2021-07-30 10:55:24.380 parsl:252 Rank:0 [DEBUG]  [TASK_PULL_THREAD] Requesting tasks: 16
2021-07-30 10:55:24.379 parsl:307 Rank:0 [DEBUG]  [RESULT_PUSH_THREAD] Starting thread
2021-07-30 10:55:24.380 parsl:310 Rank:0 [DEBUG]  [RESULT_PUSH_THREAD] push poll period: 0.1
2021-07-30 10:55:24.381 parsl:344 Rank:0 [DEBUG]  [WORKER_WATCHDOG_THREAD] Starting thread
2021-07-30 10:55:24.382 parsl:416 Rank:0 [INFO]  Loop start
2021-07-30 10:55:24.481 parsl:283 Rank:0 [DEBUG]  [TASK_PULL_THREAD] No incoming tasks
2021-07-30 10:55:24.482 parsl:244 Rank:0 [DEBUG]  [TASK_PULL_THREAD] ready workers:16, pending tasks:0
2021-07-30 10:55:24.482 parsl:252 Rank:0 [DEBUG]  [TASK_PULL_THREAD] Requesting tasks: 16
2021-07-30 10:55:24.682 parsl:283 Rank:0 [DEBUG]  [TASK_PULL_THREAD] No incoming tasks
2021-07-30 10:55:24.683 parsl:244 Rank:0 [DEBUG]  [TASK_PULL_THREAD] ready workers:16, pending tasks:0
2021-07-30 10:55:24.683 parsl:252 Rank:0 [DEBUG]  [TASK_PULL_THREAD] Requesting tasks: 16
2021-07-30 10:55:25.097 parsl:283 Rank:0 [DEBUG]  [TASK_PULL_THREAD] No incoming tasks
2021-07-30 10:55:25.098 parsl:244 Rank:0 [DEBUG]  [TASK_PULL_THREAD] ready workers:16, pending tasks:0
2021-07-30 10:55:25.098 parsl:252 Rank:0 [DEBUG]  [TASK_PULL_THREAD] Requesting tasks: 16
2021-07-30 10:55:25.917 parsl:283 Rank:0 [DEBUG]  [TASK_PULL_THREAD] No incoming tasks
2021-07-30 10:55:25.917 parsl:244 Rank:0 [DEBUG]  [TASK_PULL_THREAD] ready workers:16, pending tasks:0
2021-07-30 10:55:25.917 parsl:252 Rank:0 [DEBUG]  [TASK_PULL_THREAD] Requesting tasks: 16
2021-07-30 10:55:27.519 parsl:283 Rank:0 [DEBUG]  [TASK_PULL_THREAD] No incoming tasks
2021-07-30 10:55:27.520 parsl:244 Rank:0 [DEBUG]  [TASK_PULL_THREAD] ready workers:16, pending tasks:0
2021-07-30 10:55:27.520 parsl:214 Rank:0 [DEBUG]  Return from heartbeat: None
2021-07-30 10:55:27.521 parsl:252 Rank:0 [DEBUG]  [TASK_PULL_THREAD] Requesting tasks: 16
2021-07-30 10:55:27.534 parsl:270 Rank:0 [DEBUG]  Got heartbeat from interchange
2021-07-30 10:55:27.534 parsl:244 Rank:0 [DEBUG]  [TASK_PULL_THREAD] ready workers:16, pending tasks:0
2021-07-30 10:55:27.535 parsl:252 Rank:0 [DEBUG]  [TASK_PULL_THREAD] Requesting tasks: 16
2021-07-30 10:55:27.535 parsl:283 Rank:0 [DEBUG]  [TASK_PULL_THREAD] No incoming tasks
2021-07-30 10:55:27.535 parsl:244 Rank:0 [DEBUG]  [TASK_PULL_THREAD] ready workers:16, pending tasks:0
2021-07-30 10:55:27.536 parsl:252 Rank:0 [DEBUG]  [TASK_PULL_THREAD] Requesting tasks: 16
2021-07-30 10:55:27.736 parsl:283 Rank:0 [DEBUG]  [TASK_PULL_THREAD] No incoming tasks
2021-07-30 10:55:27.736 parsl:244 Rank:0 [DEBUG]  [TASK_PULL_THREAD] ready workers:16, pending tasks:0
2021-07-30 10:55:27.736 parsl:252 Rank:0 [DEBUG]  [TASK_PULL_THREAD] Requesting tasks: 16
2021-07-30 10:55:28.141 parsl:283 Rank:0 [DEBUG]  [TASK_PULL_THREAD] No incoming tasks
2021-07-30 10:55:28.144 parsl:244 Rank:0 [DEBUG]  [TASK_PULL_THREAD] ready workers:16, pending tasks:0
2021-07-30 10:55:28.144 parsl:252 Rank:0 [DEBUG]  [TASK_PULL_THREAD] Requesting tasks: 16
2021-07-30 10:55:28.952 parsl:283 Rank:0 [DEBUG]  [TASK_PULL_THREAD] No incoming tasks
2021-07-30 10:55:28.953 parsl:244 Rank:0 [DEBUG]  [TASK_PULL_THREAD] ready workers:16, pending tasks:0
2021-07-30 10:55:28.953 parsl:252 Rank:0 [DEBUG]  [TASK_PULL_THREAD] Requesting tasks: 16
2021-07-30 10:55:30.556 parsl:283 Rank:0 [DEBUG]  [TASK_PULL_THREAD] No incoming tasks
2021-07-30 10:55:30.557 parsl:244 Rank:0 [DEBUG]  [TASK_PULL_THREAD] ready workers:16, pending tasks:0
2021-07-30 10:55:30.557 parsl:214 Rank:0 [DEBUG]  Return from heartbeat: None
2021-07-30 10:55:30.557 parsl:252 Rank:0 [DEBUG]  [TASK_PULL_THREAD] Requesting tasks: 16
2021-07-30 10:55:30.564 parsl:270 Rank:0 [DEBUG]  Got heartbeat from interchange
2021-07-30 10:55:30.564 parsl:244 Rank:0 [DEBUG]  [TASK_PULL_THREAD] ready workers:16, pending tasks:0
2021-07-30 10:55:30.564 parsl:252 Rank:0 [DEBUG]  [TASK_PULL_THREAD] Requesting tasks: 16
2021-07-30 10:55:30.564 parsl:283 Rank:0 [DEBUG]  [TASK_PULL_THREAD] No incoming tasks
2021-07-30 10:55:30.565 parsl:244 Rank:0 [DEBUG]  [TASK_PULL_THREAD] ready workers:16, pending tasks:0
2021-07-30 10:55:30.565 parsl:252 Rank:0 [DEBUG]  [TASK_PULL_THREAD] Requesting tasks: 16
2021-07-30 10:55:30.766 parsl:283 Rank:0 [DEBUG]  [TASK_PULL_THREAD] No incoming tasks
2021-07-30 10:55:30.767 parsl:244 Rank:0 [DEBUG]  [TASK_PULL_THREAD] ready workers:16, pending tasks:0
2021-07-30 10:55:30.767 parsl:252 Rank:0 [DEBUG]  [TASK_PULL_THREAD] Requesting tasks: 16
2021-07-30 10:55:31.167 parsl:283 Rank:0 [DEBUG]  [TASK_PULL_THREAD] No incoming tasks
2021-07-30 10:55:31.168 parsl:244 Rank:0 [DEBUG]  [TASK_PULL_THREAD] ready workers:16, pending tasks:0
2021-07-30 10:55:31.168 parsl:252 Rank:0 [DEBUG]  [TASK_PULL_THREAD] Requesting tasks: 16
2021-07-30 10:55:31.971 parsl:283 Rank:0 [DEBUG]  [TASK_PULL_THREAD] No incoming tasks
2021-07-30 10:55:31.971 parsl:244 Rank:0 [DEBUG]  [TASK_PULL_THREAD] ready workers:16, pending tasks:0
2021-07-30 10:55:31.971 parsl:252 Rank:0 [DEBUG]  [TASK_PULL_THREAD] Requesting tasks: 16
2021-07-30 10:55:33.574 parsl:283 Rank:0 [DEBUG]  [TASK_PULL_THREAD] No incoming tasks
2021-07-30 10:55:33.574 parsl:244 Rank:0 [DEBUG]  [TASK_PULL_THREAD] ready workers:16, pending tasks:0
2021-07-30 10:55:33.575 parsl:214 Rank:0 [DEBUG]  Return from heartbeat: None
2021-07-30 10:55:33.575 parsl:252 Rank:0 [DEBUG]  [TASK_PULL_THREAD] Requesting tasks: 16
2021-07-30 10:55:33.580 parsl:270 Rank:0 [DEBUG]  Got heartbeat from interchange
2021-07-30 10:55:33.580 parsl:244 Rank:0 [DEBUG]  [TASK_PULL_THREAD] ready workers:16, pending tasks:0
2021-07-30 10:55:33.580 parsl:252 Rank:0 [DEBUG]  [TASK_PULL_THREAD] Requesting tasks: 16
2021-07-30 10:55:33.581 parsl:283 Rank:0 [DEBUG]  [TASK_PULL_THREAD] No incoming tasks
2021-07-30 10:55:33.581 parsl:244 Rank:0 [DEBUG]  [TASK_PULL_THREAD] ready workers:16, pending tasks:0
2021-07-30 10:55:33.581 parsl:252 Rank:0 [DEBUG]  [TASK_PULL_THREAD] Requesting tasks: 16
2021-07-30 10:55:33.786 parsl:283 Rank:0 [DEBUG]  [TASK_PULL_THREAD] No incoming tasks
2021-07-30 10:55:33.786 parsl:244 Rank:0 [DEBUG]  [TASK_PULL_THREAD] ready workers:16, pending tasks:0
2021-07-30 10:55:33.786 parsl:252 Rank:0 [DEBUG]  [TASK_PULL_THREAD] Requesting tasks: 16
2021-07-30 10:55:34.189 parsl:283 Rank:0 [DEBUG]  [TASK_PULL_THREAD] No incoming tasks
2021-07-30 10:55:34.190 parsl:244 Rank:0 [DEBUG]  [TASK_PULL_THREAD] ready workers:16, pending tasks:0
2021-07-30 10:55:34.190 parsl:252 Rank:0 [DEBUG]  [TASK_PULL_THREAD] Requesting tasks: 16
2021-07-30 10:55:34.991 parsl:283 Rank:0 [DEBUG]  [TASK_PULL_THREAD] No incoming tasks
2021-07-30 10:55:34.991 parsl:244 Rank:0 [DEBUG]  [TASK_PULL_THREAD] ready workers:16, pending tasks:0
2021-07-30 10:55:34.992 parsl:252 Rank:0 [DEBUG]  [TASK_PULL_THREAD] Requesting tasks: 16
2021-07-30 10:55:36.595 parsl:283 Rank:0 [DEBUG]  [TASK_PULL_THREAD] No incoming tasks
2021-07-30 10:55:36.595 parsl:244 Rank:0 [DEBUG]  [TASK_PULL_THREAD] ready workers:16, pending tasks:0
2021-07-30 10:55:36.595 parsl:214 Rank:0 [DEBUG]  Return from heartbeat: None
2021-07-30 10:55:36.596 parsl:252 Rank:0 [DEBUG]  [TASK_PULL_THREAD] Requesting tasks: 16
2021-07-30 10:55:36.598 parsl:270 Rank:0 [DEBUG]  Got heartbeat from interchange
2021-07-30 10:55:36.598 parsl:244 Rank:0 [DEBUG]  [TASK_PULL_THREAD] ready workers:16, pending tasks:0
2021-07-30 10:55:36.599 parsl:252 Rank:0 [DEBUG]  [TASK_PULL_THREAD] Requesting tasks: 16
2021-07-30 10:55:36.599 parsl:283 Rank:0 [DEBUG]  [TASK_PULL_THREAD] No incoming tasks
2021-07-30 10:55:36.599 parsl:244 Rank:0 [DEBUG]  [TASK_PULL_THREAD] ready workers:16, pending tasks:0
2021-07-30 10:55:36.599 parsl:252 Rank:0 [DEBUG]  [TASK_PULL_THREAD] Requesting tasks: 16
2021-07-30 10:55:36.803 parsl:283 Rank:0 [DEBUG]  [TASK_PULL_THREAD] No incoming tasks
2021-07-30 10:55:36.803 parsl:244 Rank:0 [DEBUG]  [TASK_PULL_THREAD] ready workers:16, pending tasks:0
2021-07-30 10:55:36.803 parsl:252 Rank:0 [DEBUG]  [TASK_PULL_THREAD] Requesting tasks: 16
2021-07-30 10:55:37.206 parsl:283 Rank:0 [DEBUG]  [TASK_PULL_THREAD] No incoming tasks
2021-07-30 10:55:37.206 parsl:244 Rank:0 [DEBUG]  [TASK_PULL_THREAD] ready workers:16, pending tasks:0
2021-07-30 10:55:37.206 parsl:252 Rank:0 [DEBUG]  [TASK_PULL_THREAD] Requesting tasks: 16
2021-07-30 10:55:38.009 parsl:283 Rank:0 [DEBUG]  [TASK_PULL_THREAD] No incoming tasks
2021-07-30 10:55:38.010 parsl:244 Rank:0 [DEBUG]  [TASK_PULL_THREAD] ready workers:16, pending tasks:0
2021-07-30 10:55:38.010 parsl:252 Rank:0 [DEBUG]  [TASK_PULL_THREAD] Requesting tasks: 16
2021-07-30 10:55:39.590 parsl:274 Rank:0 [DEBUG]  [TASK_PULL_THREAD] Got tasks: [8, 9, 10, 11] of 4
2021-07-30 10:55:39.591 parsl:244 Rank:0 [DEBUG]  [TASK_PULL_THREAD] ready workers:16, pending tasks:4
2021-07-30 10:55:39.594 parsl:214 Rank:0 [DEBUG]  Return from heartbeat: None
2021-07-30 10:55:39.594 parsl:252 Rank:0 [DEBUG]  [TASK_PULL_THREAD] Requesting tasks: 16
2021-07-30 10:55:39.595 parsl:283 Rank:0 [DEBUG]  [TASK_PULL_THREAD] No incoming tasks
2021-07-30 10:55:39.596 parsl:244 Rank:0 [DEBUG]  [TASK_PULL_THREAD] ready workers:16, pending tasks:0
2021-07-30 10:55:39.596 parsl:252 Rank:0 [DEBUG]  [TASK_PULL_THREAD] Requesting tasks: 16
2021-07-30 10:55:39.616 parsl:270 Rank:0 [DEBUG]  Got heartbeat from interchange
2021-07-30 10:55:39.617 parsl:244 Rank:0 [DEBUG]  [TASK_PULL_THREAD] ready workers:12, pending tasks:0
2021-07-30 10:55:39.617 parsl:252 Rank:0 [DEBUG]  [TASK_PULL_THREAD] Requesting tasks: 12
2021-07-30 10:55:39.617 parsl:283 Rank:0 [DEBUG]  [TASK_PULL_THREAD] No incoming tasks
2021-07-30 10:55:39.618 parsl:244 Rank:0 [DEBUG]  [TASK_PULL_THREAD] ready workers:12, pending tasks:0
2021-07-30 10:55:39.618 parsl:252 Rank:0 [DEBUG]  [TASK_PULL_THREAD] Requesting tasks: 12
2021-07-30 10:55:39.655 parsl.process_loggers:28 Rank:0 [DEBUG]  Normal ending for send_first_message on thread MainThread
2021-07-30 10:55:39.655 parsl.process_loggers:28 Rank:0 [DEBUG]  Normal ending for send_first_message on thread MainThread
2021-07-30 10:55:39.656 parsl.process_loggers:28 Rank:0 [DEBUG]  Normal ending for send_first_message on thread MainThread
2021-07-30 10:55:39.657 parsl.process_loggers:28 Rank:0 [DEBUG]  Normal ending for send_first_message on thread MainThread
2021-07-30 10:55:39.819 parsl:283 Rank:0 [DEBUG]  [TASK_PULL_THREAD] No incoming tasks
2021-07-30 10:55:39.820 parsl:244 Rank:0 [DEBUG]  [TASK_PULL_THREAD] ready workers:12, pending tasks:0
2021-07-30 10:55:39.820 parsl:252 Rank:0 [DEBUG]  [TASK_PULL_THREAD] Requesting tasks: 12
2021-07-30 10:55:40.223 parsl:283 Rank:0 [DEBUG]  [TASK_PULL_THREAD] No incoming tasks
2021-07-30 10:55:40.223 parsl:244 Rank:0 [DEBUG]  [TASK_PULL_THREAD] ready workers:12, pending tasks:0
2021-07-30 10:55:40.223 parsl:252 Rank:0 [DEBUG]  [TASK_PULL_THREAD] Requesting tasks: 12
2021-07-30 10:55:41.026 parsl:283 Rank:0 [DEBUG]  [TASK_PULL_THREAD] No incoming tasks
2021-07-30 10:55:41.026 parsl:244 Rank:0 [DEBUG]  [TASK_PULL_THREAD] ready workers:12, pending tasks:0
2021-07-30 10:55:41.026 parsl:252 Rank:0 [DEBUG]  [TASK_PULL_THREAD] Requesting tasks: 12
2021-07-30 10:55:42.627 parsl:283 Rank:0 [DEBUG]  [TASK_PULL_THREAD] No incoming tasks
2021-07-30 10:55:42.627 parsl:244 Rank:0 [DEBUG]  [TASK_PULL_THREAD] ready workers:13, pending tasks:0
2021-07-30 10:55:42.628 parsl:214 Rank:0 [DEBUG]  Return from heartbeat: None
2021-07-30 10:55:42.628 parsl:252 Rank:0 [DEBUG]  [TASK_PULL_THREAD] Requesting tasks: 13
2021-07-30 10:55:42.631 parsl:270 Rank:0 [DEBUG]  Got heartbeat from interchange
2021-07-30 10:55:42.631 parsl:244 Rank:0 [DEBUG]  [TASK_PULL_THREAD] ready workers:13, pending tasks:0
2021-07-30 10:55:42.631 parsl:252 Rank:0 [DEBUG]  [TASK_PULL_THREAD] Requesting tasks: 13
2021-07-30 10:55:42.632 parsl:283 Rank:0 [DEBUG]  [TASK_PULL_THREAD] No incoming tasks
2021-07-30 10:55:42.632 parsl:244 Rank:0 [DEBUG]  [TASK_PULL_THREAD] ready workers:13, pending tasks:0
2021-07-30 10:55:42.632 parsl:252 Rank:0 [DEBUG]  [TASK_PULL_THREAD] Requesting tasks: 13
2021-07-30 10:55:42.835 parsl:283 Rank:0 [DEBUG]  [TASK_PULL_THREAD] No incoming tasks
2021-07-30 10:55:42.836 parsl:244 Rank:0 [DEBUG]  [TASK_PULL_THREAD] ready workers:14, pending tasks:0
2021-07-30 10:55:42.836 parsl:252 Rank:0 [DEBUG]  [TASK_PULL_THREAD] Requesting tasks: 14
2021-07-30 10:55:43.241 parsl:283 Rank:0 [DEBUG]  [TASK_PULL_THREAD] No incoming tasks
2021-07-30 10:55:43.241 parsl:244 Rank:0 [DEBUG]  [TASK_PULL_THREAD] ready workers:14, pending tasks:0
2021-07-30 10:55:43.242 parsl:252 Rank:0 [DEBUG]  [TASK_PULL_THREAD] Requesting tasks: 14
2021-07-30 10:55:44.042 parsl:283 Rank:0 [DEBUG]  [TASK_PULL_THREAD] No incoming tasks
2021-07-30 10:55:44.042 parsl:244 Rank:0 [DEBUG]  [TASK_PULL_THREAD] ready workers:15, pending tasks:0
2021-07-30 10:55:44.043 parsl:252 Rank:0 [DEBUG]  [TASK_PULL_THREAD] Requesting tasks: 15
2021-07-30 10:55:45.648 parsl:283 Rank:0 [DEBUG]  [TASK_PULL_THREAD] No incoming tasks
2021-07-30 10:55:45.648 parsl:244 Rank:0 [DEBUG]  [TASK_PULL_THREAD] ready workers:15, pending tasks:0
2021-07-30 10:55:45.648 parsl:214 Rank:0 [DEBUG]  Return from heartbeat: None
2021-07-30 10:55:45.648 parsl:252 Rank:0 [DEBUG]  [TASK_PULL_THREAD] Requesting tasks: 15
2021-07-30 10:55:45.652 parsl:270 Rank:0 [DEBUG]  Got heartbeat from interchange
2021-07-30 10:55:45.652 parsl:244 Rank:0 [DEBUG]  [TASK_PULL_THREAD] ready workers:15, pending tasks:0
2021-07-30 10:55:45.652 parsl:252 Rank:0 [DEBUG]  [TASK_PULL_THREAD] Requesting tasks: 15
2021-07-30 10:55:45.653 parsl:283 Rank:0 [DEBUG]  [TASK_PULL_THREAD] No incoming tasks
2021-07-30 10:55:45.653 parsl:244 Rank:0 [DEBUG]  [TASK_PULL_THREAD] ready workers:15, pending tasks:0
2021-07-30 10:55:45.653 parsl:252 Rank:0 [DEBUG]  [TASK_PULL_THREAD] Requesting tasks: 15
2021-07-30 10:55:45.858 parsl:283 Rank:0 [DEBUG]  [TASK_PULL_THREAD] No incoming tasks
2021-07-30 10:55:45.859 parsl:244 Rank:0 [DEBUG]  [TASK_PULL_THREAD] ready workers:15, pending tasks:0
2021-07-30 10:55:45.859 parsl:252 Rank:0 [DEBUG]  [TASK_PULL_THREAD] Requesting tasks: 15
2021-07-30 10:55:46.262 parsl:283 Rank:0 [DEBUG]  [TASK_PULL_THREAD] No incoming tasks
2021-07-30 10:55:46.262 parsl:244 Rank:0 [DEBUG]  [TASK_PULL_THREAD] ready workers:15, pending tasks:0
2021-07-30 10:55:46.262 parsl:252 Rank:0 [DEBUG]  [TASK_PULL_THREAD] Requesting tasks: 15
2021-07-30 10:55:47.065 parsl:283 Rank:0 [DEBUG]  [TASK_PULL_THREAD] No incoming tasks
2021-07-30 10:55:47.065 parsl:244 Rank:0 [DEBUG]  [TASK_PULL_THREAD] ready workers:15, pending tasks:0
2021-07-30 10:55:47.065 parsl:252 Rank:0 [DEBUG]  [TASK_PULL_THREAD] Requesting tasks: 15
2021-07-30 10:55:48.670 parsl:283 Rank:0 [DEBUG]  [TASK_PULL_THREAD] No incoming tasks
2021-07-30 10:55:48.670 parsl:244 Rank:0 [DEBUG]  [TASK_PULL_THREAD] ready workers:16, pending tasks:0
2021-07-30 10:55:48.670 parsl:214 Rank:0 [DEBUG]  Return from heartbeat: None
2021-07-30 10:55:48.670 parsl:252 Rank:0 [DEBUG]  [TASK_PULL_THREAD] Requesting tasks: 16
2021-07-30 10:55:48.672 parsl:270 Rank:0 [DEBUG]  Got heartbeat from interchange
2021-07-30 10:55:48.672 parsl:244 Rank:0 [DEBUG]  [TASK_PULL_THREAD] ready workers:16, pending tasks:0
2021-07-30 10:55:48.672 parsl:252 Rank:0 [DEBUG]  [TASK_PULL_THREAD] Requesting tasks: 16
2021-07-30 10:55:48.673 parsl:283 Rank:0 [DEBUG]  [TASK_PULL_THREAD] No incoming tasks
2021-07-30 10:55:48.673 parsl:244 Rank:0 [DEBUG]  [TASK_PULL_THREAD] ready workers:16, pending tasks:0
2021-07-30 10:55:48.674 parsl:252 Rank:0 [DEBUG]  [TASK_PULL_THREAD] Requesting tasks: 16
2021-07-30 10:55:48.878 parsl:283 Rank:0 [DEBUG]  [TASK_PULL_THREAD] No incoming tasks
2021-07-30 10:55:48.878 parsl:244 Rank:0 [DEBUG]  [TASK_PULL_THREAD] ready workers:16, pending tasks:0
2021-07-30 10:55:48.879 parsl:252 Rank:0 [DEBUG]  [TASK_PULL_THREAD] Requesting tasks: 16
2021-07-30 10:55:49.284 parsl:283 Rank:0 [DEBUG]  [TASK_PULL_THREAD] No incoming tasks
2021-07-30 10:55:49.284 parsl:244 Rank:0 [DEBUG]  [TASK_PULL_THREAD] ready workers:16, pending tasks:0
2021-07-30 10:55:49.284 parsl:252 Rank:0 [DEBUG]  [TASK_PULL_THREAD] Requesting tasks: 16
2021-07-30 10:55:50.088 parsl:283 Rank:0 [DEBUG]  [TASK_PULL_THREAD] No incoming tasks
2021-07-30 10:55:50.088 parsl:244 Rank:0 [DEBUG]  [TASK_PULL_THREAD] ready workers:16, pending tasks:0
2021-07-30 10:55:50.088 parsl:252 Rank:0 [DEBUG]  [TASK_PULL_THREAD] Requesting tasks: 16
2021-07-30 10:55:51.688 parsl:283 Rank:0 [DEBUG]  [TASK_PULL_THREAD] No incoming tasks
2021-07-30 10:55:51.689 parsl:244 Rank:0 [DEBUG]  [TASK_PULL_THREAD] ready workers:16, pending tasks:0
2021-07-30 10:55:51.689 parsl:214 Rank:0 [DEBUG]  Return from heartbeat: None
2021-07-30 10:55:51.689 parsl:252 Rank:0 [DEBUG]  [TASK_PULL_THREAD] Requesting tasks: 16
2021-07-30 10:55:51.691 parsl:270 Rank:0 [DEBUG]  Got heartbeat from interchange
2021-07-30 10:55:51.691 parsl:244 Rank:0 [DEBUG]  [TASK_PULL_THREAD] ready workers:16, pending tasks:0
2021-07-30 10:55:51.691 parsl:252 Rank:0 [DEBUG]  [TASK_PULL_THREAD] Requesting tasks: 16
2021-07-30 10:55:51.692 parsl:283 Rank:0 [DEBUG]  [TASK_PULL_THREAD] No incoming tasks
2021-07-30 10:55:51.692 parsl:244 Rank:0 [DEBUG]  [TASK_PULL_THREAD] ready workers:16, pending tasks:0
2021-07-30 10:55:51.692 parsl:252 Rank:0 [DEBUG]  [TASK_PULL_THREAD] Requesting tasks: 16
2021-07-30 10:55:51.894 parsl:283 Rank:0 [DEBUG]  [TASK_PULL_THREAD] No incoming tasks
2021-07-30 10:55:51.894 parsl:244 Rank:0 [DEBUG]  [TASK_PULL_THREAD] ready workers:16, pending tasks:0
2021-07-30 10:55:51.894 parsl:252 Rank:0 [DEBUG]  [TASK_PULL_THREAD] Requesting tasks: 16
2021-07-30 10:55:52.297 parsl:283 Rank:0 [DEBUG]  [TASK_PULL_THREAD] No incoming tasks
2021-07-30 10:55:52.298 parsl:244 Rank:0 [DEBUG]  [TASK_PULL_THREAD] ready workers:16, pending tasks:0
2021-07-30 10:55:52.298 parsl:252 Rank:0 [DEBUG]  [TASK_PULL_THREAD] Requesting tasks: 16
2021-07-30 10:55:53.100 parsl:283 Rank:0 [DEBUG]  [TASK_PULL_THREAD] No incoming tasks
2021-07-30 10:55:53.101 parsl:244 Rank:0 [DEBUG]  [TASK_PULL_THREAD] ready workers:16, pending tasks:0
2021-07-30 10:55:53.101 parsl:252 Rank:0 [DEBUG]  [TASK_PULL_THREAD] Requesting tasks: 16
2021-07-30 10:55:54.704 parsl:283 Rank:0 [DEBUG]  [TASK_PULL_THREAD] No incoming tasks
2021-07-30 10:55:54.704 parsl:244 Rank:0 [DEBUG]  [TASK_PULL_THREAD] ready workers:16, pending tasks:0
2021-07-30 10:55:54.704 parsl:214 Rank:0 [DEBUG]  Return from heartbeat: None
2021-07-30 10:55:54.704 parsl:252 Rank:0 [DEBUG]  [TASK_PULL_THREAD] Requesting tasks: 16
2021-07-30 10:55:54.708 parsl:270 Rank:0 [DEBUG]  Got heartbeat from interchange
2021-07-30 10:55:54.708 parsl:244 Rank:0 [DEBUG]  [TASK_PULL_THREAD] ready workers:16, pending tasks:0
2021-07-30 10:55:54.708 parsl:252 Rank:0 [DEBUG]  [TASK_PULL_THREAD] Requesting tasks: 16
2021-07-30 10:55:54.709 parsl:283 Rank:0 [DEBUG]  [TASK_PULL_THREAD] No incoming tasks
2021-07-30 10:55:54.709 parsl:244 Rank:0 [DEBUG]  [TASK_PULL_THREAD] ready workers:16, pending tasks:0
2021-07-30 10:55:54.709 parsl:252 Rank:0 [DEBUG]  [TASK_PULL_THREAD] Requesting tasks: 16
2021-07-30 10:55:54.912 parsl:283 Rank:0 [DEBUG]  [TASK_PULL_THREAD] No incoming tasks
2021-07-30 10:55:54.912 parsl:244 Rank:0 [DEBUG]  [TASK_PULL_THREAD] ready workers:16, pending tasks:0
2021-07-30 10:55:54.912 parsl:252 Rank:0 [DEBUG]  [TASK_PULL_THREAD] Requesting tasks: 16
2021-07-30 10:55:55.316 parsl:283 Rank:0 [DEBUG]  [TASK_PULL_THREAD] No incoming tasks
2021-07-30 10:55:55.316 parsl:244 Rank:0 [DEBUG]  [TASK_PULL_THREAD] ready workers:16, pending tasks:0
2021-07-30 10:55:55.316 parsl:252 Rank:0 [DEBUG]  [TASK_PULL_THREAD] Requesting tasks: 16
2021-07-30 10:55:56.120 parsl:283 Rank:0 [DEBUG]  [TASK_PULL_THREAD] No incoming tasks
2021-07-30 10:55:56.120 parsl:244 Rank:0 [DEBUG]  [TASK_PULL_THREAD] ready workers:16, pending tasks:0
2021-07-30 10:55:56.120 parsl:252 Rank:0 [DEBUG]  [TASK_PULL_THREAD] Requesting tasks: 16
2021-07-30 10:55:57.724 parsl:283 Rank:0 [DEBUG]  [TASK_PULL_THREAD] No incoming tasks
2021-07-30 10:55:57.725 parsl:244 Rank:0 [DEBUG]  [TASK_PULL_THREAD] ready workers:16, pending tasks:0
2021-07-30 10:55:57.725 parsl:214 Rank:0 [DEBUG]  Return from heartbeat: None
2021-07-30 10:55:57.726 parsl:252 Rank:0 [DEBUG]  [TASK_PULL_THREAD] Requesting tasks: 16
2021-07-30 10:55:57.728 parsl:270 Rank:0 [DEBUG]  Got heartbeat from interchange
2021-07-30 10:55:57.728 parsl:244 Rank:0 [DEBUG]  [TASK_PULL_THREAD] ready workers:16, pending tasks:0
2021-07-30 10:55:57.728 parsl:252 Rank:0 [DEBUG]  [TASK_PULL_THREAD] Requesting tasks: 16
2021-07-30 10:55:57.729 parsl:283 Rank:0 [DEBUG]  [TASK_PULL_THREAD] No incoming tasks
2021-07-30 10:55:57.729 parsl:244 Rank:0 [DEBUG]  [TASK_PULL_THREAD] ready workers:16, pending tasks:0
2021-07-30 10:55:57.729 parsl:252 Rank:0 [DEBUG]  [TASK_PULL_THREAD] Requesting tasks: 16
2021-07-30 10:55:57.930 parsl:283 Rank:0 [DEBUG]  [TASK_PULL_THREAD] No incoming tasks
2021-07-30 10:55:57.930 parsl:244 Rank:0 [DEBUG]  [TASK_PULL_THREAD] ready workers:16, pending tasks:0
2021-07-30 10:55:57.930 parsl:252 Rank:0 [DEBUG]  [TASK_PULL_THREAD] Requesting tasks: 16
2021-07-30 10:55:58.336 parsl:283 Rank:0 [DEBUG]  [TASK_PULL_THREAD] No incoming tasks
2021-07-30 10:55:58.336 parsl:244 Rank:0 [DEBUG]  [TASK_PULL_THREAD] ready workers:16, pending tasks:0
2021-07-30 10:55:58.336 parsl:252 Rank:0 [DEBUG]  [TASK_PULL_THREAD] Requesting tasks: 16
2021-07-30 10:55:59.137 parsl:283 Rank:0 [DEBUG]  [TASK_PULL_THREAD] No incoming tasks
2021-07-30 10:55:59.137 parsl:244 Rank:0 [DEBUG]  [TASK_PULL_THREAD] ready workers:16, pending tasks:0
2021-07-30 10:55:59.137 parsl:252 Rank:0 [DEBUG]  [TASK_PULL_THREAD] Requesting tasks: 16
2021-07-30 10:55:59.558 parsl:274 Rank:0 [DEBUG]  [TASK_PULL_THREAD] Got tasks: [19] of 5
2021-07-30 10:55:59.558 parsl:244 Rank:0 [DEBUG]  [TASK_PULL_THREAD] ready workers:16, pending tasks:1
2021-07-30 10:55:59.559 parsl:252 Rank:0 [DEBUG]  [TASK_PULL_THREAD] Requesting tasks: 16
2021-07-30 10:55:59.559 parsl:283 Rank:0 [DEBUG]  [TASK_PULL_THREAD] No incoming tasks
2021-07-30 10:55:59.560 parsl:244 Rank:0 [DEBUG]  [TASK_PULL_THREAD] ready workers:16, pending tasks:0
2021-07-30 10:55:59.560 parsl:252 Rank:0 [DEBUG]  [TASK_PULL_THREAD] Requesting tasks: 16
2021-07-30 10:55:59.570 parsl.process_loggers:28 Rank:0 [DEBUG]  Normal ending for send_first_message on thread MainThread
2021-07-30 10:55:59.762 parsl:283 Rank:0 [DEBUG]  [TASK_PULL_THREAD] No incoming tasks
2021-07-30 10:55:59.763 parsl:244 Rank:0 [DEBUG]  [TASK_PULL_THREAD] ready workers:15, pending tasks:0
2021-07-30 10:55:59.763 parsl:214 Rank:0 [DEBUG]  Return from heartbeat: None
2021-07-30 10:55:59.763 parsl:252 Rank:0 [DEBUG]  [TASK_PULL_THREAD] Requesting tasks: 15
2021-07-30 10:55:59.767 parsl:270 Rank:0 [DEBUG]  Got heartbeat from interchange
2021-07-30 10:55:59.767 parsl:244 Rank:0 [DEBUG]  [TASK_PULL_THREAD] ready workers:15, pending tasks:0
2021-07-30 10:55:59.768 parsl:252 Rank:0 [DEBUG]  [TASK_PULL_THREAD] Requesting tasks: 15
2021-07-30 10:55:59.768 parsl:283 Rank:0 [DEBUG]  [TASK_PULL_THREAD] No incoming tasks
2021-07-30 10:55:59.768 parsl:244 Rank:0 [DEBUG]  [TASK_PULL_THREAD] ready workers:15, pending tasks:0
2021-07-30 10:55:59.768 parsl:252 Rank:0 [DEBUG]  [TASK_PULL_THREAD] Requesting tasks: 15
2021-07-30 10:55:59.969 parsl:283 Rank:0 [DEBUG]  [TASK_PULL_THREAD] No incoming tasks
2021-07-30 10:55:59.970 parsl:244 Rank:0 [DEBUG]  [TASK_PULL_THREAD] ready workers:15, pending tasks:0
2021-07-30 10:55:59.970 parsl:252 Rank:0 [DEBUG]  [TASK_PULL_THREAD] Requesting tasks: 15
2021-07-30 10:56:00.375 parsl:283 Rank:0 [DEBUG]  [TASK_PULL_THREAD] No incoming tasks
2021-07-30 10:56:00.375 parsl:244 Rank:0 [DEBUG]  [TASK_PULL_THREAD] ready workers:15, pending tasks:0
2021-07-30 10:56:00.375 parsl:252 Rank:0 [DEBUG]  [TASK_PULL_THREAD] Requesting tasks: 15
2021-07-30 10:56:01.179 parsl:283 Rank:0 [DEBUG]  [TASK_PULL_THREAD] No incoming tasks
2021-07-30 10:56:01.180 parsl:244 Rank:0 [DEBUG]  [TASK_PULL_THREAD] ready workers:15, pending tasks:0
2021-07-30 10:56:01.180 parsl:252 Rank:0 [DEBUG]  [TASK_PULL_THREAD] Requesting tasks: 15
2021-07-30 10:56:02.781 parsl:283 Rank:0 [DEBUG]  [TASK_PULL_THREAD] No incoming tasks
2021-07-30 10:56:02.781 parsl:244 Rank:0 [DEBUG]  [TASK_PULL_THREAD] ready workers:16, pending tasks:0
2021-07-30 10:56:02.782 parsl:214 Rank:0 [DEBUG]  Return from heartbeat: None
2021-07-30 10:56:02.782 parsl:252 Rank:0 [DEBUG]  [TASK_PULL_THREAD] Requesting tasks: 16
2021-07-30 10:56:02.784 parsl:270 Rank:0 [DEBUG]  Got heartbeat from interchange
2021-07-30 10:56:02.785 parsl:244 Rank:0 [DEBUG]  [TASK_PULL_THREAD] ready workers:16, pending tasks:0
2021-07-30 10:56:02.785 parsl:252 Rank:0 [DEBUG]  [TASK_PULL_THREAD] Requesting tasks: 16
2021-07-30 10:56:02.785 parsl:283 Rank:0 [DEBUG]  [TASK_PULL_THREAD] No incoming tasks
2021-07-30 10:56:02.786 parsl:244 Rank:0 [DEBUG]  [TASK_PULL_THREAD] ready workers:16, pending tasks:0
2021-07-30 10:56:02.786 parsl:252 Rank:0 [DEBUG]  [TASK_PULL_THREAD] Requesting tasks: 16
2021-07-30 10:56:02.987 parsl:283 Rank:0 [DEBUG]  [TASK_PULL_THREAD] No incoming tasks
2021-07-30 10:56:02.987 parsl:244 Rank:0 [DEBUG]  [TASK_PULL_THREAD] ready workers:16, pending tasks:0
2021-07-30 10:56:02.987 parsl:252 Rank:0 [DEBUG]  [TASK_PULL_THREAD] Requesting tasks: 16
2021-07-30 10:56:03.388 parsl:283 Rank:0 [DEBUG]  [TASK_PULL_THREAD] No incoming tasks
2021-07-30 10:56:03.388 parsl:244 Rank:0 [DEBUG]  [TASK_PULL_THREAD] ready workers:16, pending tasks:0
2021-07-30 10:56:03.388 parsl:252 Rank:0 [DEBUG]  [TASK_PULL_THREAD] Requesting tasks: 16
2021-07-30 10:56:04.191 parsl:283 Rank:0 [DEBUG]  [TASK_PULL_THREAD] No incoming tasks
2021-07-30 10:56:04.191 parsl:244 Rank:0 [DEBUG]  [TASK_PULL_THREAD] ready workers:16, pending tasks:0
2021-07-30 10:56:04.191 parsl:252 Rank:0 [DEBUG]  [TASK_PULL_THREAD] Requesting tasks: 16
2021-07-30 10:56:05.784 parsl:274 Rank:0 [DEBUG]  [TASK_PULL_THREAD] Got tasks: [21] of 6
2021-07-30 10:56:05.785 parsl:244 Rank:0 [DEBUG]  [TASK_PULL_THREAD] ready workers:16, pending tasks:1
2021-07-30 10:56:05.785 parsl:214 Rank:0 [DEBUG]  Return from heartbeat: None
2021-07-30 10:56:05.786 parsl:252 Rank:0 [DEBUG]  [TASK_PULL_THREAD] Requesting tasks: 16
2021-07-30 10:56:05.786 parsl:283 Rank:0 [DEBUG]  [TASK_PULL_THREAD] No incoming tasks
2021-07-30 10:56:05.786 parsl:244 Rank:0 [DEBUG]  [TASK_PULL_THREAD] ready workers:16, pending tasks:0
2021-07-30 10:56:05.787 parsl:252 Rank:0 [DEBUG]  [TASK_PULL_THREAD] Requesting tasks: 16
2021-07-30 10:56:05.789 parsl:270 Rank:0 [DEBUG]  Got heartbeat from interchange
2021-07-30 10:56:05.790 parsl:244 Rank:0 [DEBUG]  [TASK_PULL_THREAD] ready workers:15, pending tasks:0
2021-07-30 10:56:05.790 parsl:252 Rank:0 [DEBUG]  [TASK_PULL_THREAD] Requesting tasks: 15
2021-07-30 10:56:05.790 parsl:283 Rank:0 [DEBUG]  [TASK_PULL_THREAD] No incoming tasks
2021-07-30 10:56:05.790 parsl:244 Rank:0 [DEBUG]  [TASK_PULL_THREAD] ready workers:15, pending tasks:0
2021-07-30 10:56:05.790 parsl:252 Rank:0 [DEBUG]  [TASK_PULL_THREAD] Requesting tasks: 15
2021-07-30 10:56:05.795 parsl.process_loggers:28 Rank:0 [DEBUG]  Normal ending for send_first_message on thread MainThread
2021-07-30 10:56:05.995 parsl:283 Rank:0 [DEBUG]  [TASK_PULL_THREAD] No incoming tasks
2021-07-30 10:56:05.995 parsl:244 Rank:0 [DEBUG]  [TASK_PULL_THREAD] ready workers:15, pending tasks:0
2021-07-30 10:56:05.995 parsl:252 Rank:0 [DEBUG]  [TASK_PULL_THREAD] Requesting tasks: 15
2021-07-30 10:56:06.400 parsl:283 Rank:0 [DEBUG]  [TASK_PULL_THREAD] No incoming tasks
2021-07-30 10:56:06.401 parsl:244 Rank:0 [DEBUG]  [TASK_PULL_THREAD] ready workers:15, pending tasks:0
2021-07-30 10:56:06.401 parsl:252 Rank:0 [DEBUG]  [TASK_PULL_THREAD] Requesting tasks: 15
2021-07-30 10:56:07.203 parsl:283 Rank:0 [DEBUG]  [TASK_PULL_THREAD] No incoming tasks
2021-07-30 10:56:07.203 parsl:244 Rank:0 [DEBUG]  [TASK_PULL_THREAD] ready workers:15, pending tasks:0
2021-07-30 10:56:07.204 parsl:252 Rank:0 [DEBUG]  [TASK_PULL_THREAD] Requesting tasks: 15
2021-07-30 10:56:08.807 parsl:283 Rank:0 [DEBUG]  [TASK_PULL_THREAD] No incoming tasks
2021-07-30 10:56:08.807 parsl:244 Rank:0 [DEBUG]  [TASK_PULL_THREAD] ready workers:15, pending tasks:0
2021-07-30 10:56:08.807 parsl:214 Rank:0 [DEBUG]  Return from heartbeat: None
2021-07-30 10:56:08.808 parsl:252 Rank:0 [DEBUG]  [TASK_PULL_THREAD] Requesting tasks: 15
2021-07-30 10:56:08.811 parsl:270 Rank:0 [DEBUG]  Got heartbeat from interchange
2021-07-30 10:56:08.811 parsl:244 Rank:0 [DEBUG]  [TASK_PULL_THREAD] ready workers:15, pending tasks:0
2021-07-30 10:56:08.811 parsl:252 Rank:0 [DEBUG]  [TASK_PULL_THREAD] Requesting tasks: 15
2021-07-30 10:56:08.812 parsl:283 Rank:0 [DEBUG]  [TASK_PULL_THREAD] No incoming tasks
2021-07-30 10:56:08.812 parsl:244 Rank:0 [DEBUG]  [TASK_PULL_THREAD] ready workers:15, pending tasks:0
2021-07-30 10:56:08.812 parsl:252 Rank:0 [DEBUG]  [TASK_PULL_THREAD] Requesting tasks: 15
2021-07-30 10:56:09.014 parsl:283 Rank:0 [DEBUG]  [TASK_PULL_THREAD] No incoming tasks
2021-07-30 10:56:09.015 parsl:244 Rank:0 [DEBUG]  [TASK_PULL_THREAD] ready workers:15, pending tasks:0
2021-07-30 10:56:09.015 parsl:252 Rank:0 [DEBUG]  [TASK_PULL_THREAD] Requesting tasks: 15
2021-07-30 10:56:09.419 parsl:283 Rank:0 [DEBUG]  [TASK_PULL_THREAD] No incoming tasks
2021-07-30 10:56:09.419 parsl:244 Rank:0 [DEBUG]  [TASK_PULL_THREAD] ready workers:15, pending tasks:0
2021-07-30 10:56:09.419 parsl:252 Rank:0 [DEBUG]  [TASK_PULL_THREAD] Requesting tasks: 15
2021-07-30 10:56:10.223 parsl:283 Rank:0 [DEBUG]  [TASK_PULL_THREAD] No incoming tasks
2021-07-30 10:56:10.223 parsl:244 Rank:0 [DEBUG]  [TASK_PULL_THREAD] ready workers:15, pending tasks:0
2021-07-30 10:56:10.223 parsl:252 Rank:0 [DEBUG]  [TASK_PULL_THREAD] Requesting tasks: 15
2021-07-30 10:56:11.015 parsl:274 Rank:0 [DEBUG]  [TASK_PULL_THREAD] Got tasks: [22, 23, 24, 25] of 10
2021-07-30 10:56:11.015 parsl:244 Rank:0 [DEBUG]  [TASK_PULL_THREAD] ready workers:16, pending tasks:4
2021-07-30 10:56:11.017 parsl:214 Rank:0 [DEBUG]  Return from heartbeat: None
2021-07-30 10:56:11.017 parsl:252 Rank:0 [DEBUG]  [TASK_PULL_THREAD] Requesting tasks: 16
2021-07-30 10:56:11.018 parsl:283 Rank:0 [DEBUG]  [TASK_PULL_THREAD] No incoming tasks
2021-07-30 10:56:11.018 parsl:244 Rank:0 [DEBUG]  [TASK_PULL_THREAD] ready workers:16, pending tasks:0
2021-07-30 10:56:11.018 parsl:252 Rank:0 [DEBUG]  [TASK_PULL_THREAD] Requesting tasks: 16
2021-07-30 10:56:11.023 parsl:270 Rank:0 [DEBUG]  Got heartbeat from interchange
2021-07-30 10:56:11.024 parsl:244 Rank:0 [DEBUG]  [TASK_PULL_THREAD] ready workers:16, pending tasks:0
2021-07-30 10:56:11.024 parsl:252 Rank:0 [DEBUG]  [TASK_PULL_THREAD] Requesting tasks: 16
2021-07-30 10:56:11.026 parsl:283 Rank:0 [DEBUG]  [TASK_PULL_THREAD] No incoming tasks
2021-07-30 10:56:11.026 parsl:244 Rank:0 [DEBUG]  [TASK_PULL_THREAD] ready workers:14, pending tasks:0
2021-07-30 10:56:11.026 parsl:252 Rank:0 [DEBUG]  [TASK_PULL_THREAD] Requesting tasks: 14
2021-07-30 10:56:11.033 parsl.process_loggers:28 Rank:0 [DEBUG]  Normal ending for send_first_message on thread MainThread
2021-07-30 10:56:11.033 parsl.process_loggers:28 Rank:0 [DEBUG]  Normal ending for send_first_message on thread MainThread
2021-07-30 10:56:11.033 parsl.process_loggers:28 Rank:0 [DEBUG]  Normal ending for send_first_message on thread MainThread
2021-07-30 10:56:11.037 parsl.process_loggers:28 Rank:0 [DEBUG]  Normal ending for send_first_message on thread MainThread
2021-07-30 10:56:11.234 parsl:283 Rank:0 [DEBUG]  [TASK_PULL_THREAD] No incoming tasks
2021-07-30 10:56:11.235 parsl:244 Rank:0 [DEBUG]  [TASK_PULL_THREAD] ready workers:12, pending tasks:0
2021-07-30 10:56:11.235 parsl:252 Rank:0 [DEBUG]  [TASK_PULL_THREAD] Requesting tasks: 12
2021-07-30 10:56:11.640 parsl:283 Rank:0 [DEBUG]  [TASK_PULL_THREAD] No incoming tasks
2021-07-30 10:56:11.640 parsl:244 Rank:0 [DEBUG]  [TASK_PULL_THREAD] ready workers:12, pending tasks:0
2021-07-30 10:56:11.640 parsl:252 Rank:0 [DEBUG]  [TASK_PULL_THREAD] Requesting tasks: 12
2021-07-30 10:56:12.443 parsl:283 Rank:0 [DEBUG]  [TASK_PULL_THREAD] No incoming tasks
2021-07-30 10:56:12.443 parsl:244 Rank:0 [DEBUG]  [TASK_PULL_THREAD] ready workers:12, pending tasks:0
2021-07-30 10:56:12.444 parsl:252 Rank:0 [DEBUG]  [TASK_PULL_THREAD] Requesting tasks: 12
2021-07-30 10:56:14.044 parsl:283 Rank:0 [DEBUG]  [TASK_PULL_THREAD] No incoming tasks
2021-07-30 10:56:14.044 parsl:244 Rank:0 [DEBUG]  [TASK_PULL_THREAD] ready workers:13, pending tasks:0
2021-07-30 10:56:14.044 parsl:214 Rank:0 [DEBUG]  Return from heartbeat: None
2021-07-30 10:56:14.045 parsl:252 Rank:0 [DEBUG]  [TASK_PULL_THREAD] Requesting tasks: 13
2021-07-30 10:56:14.046 parsl:270 Rank:0 [DEBUG]  Got heartbeat from interchange
2021-07-30 10:56:14.047 parsl:244 Rank:0 [DEBUG]  [TASK_PULL_THREAD] ready workers:14, pending tasks:0
2021-07-30 10:56:14.047 parsl:252 Rank:0 [DEBUG]  [TASK_PULL_THREAD] Requesting tasks: 14
2021-07-30 10:56:14.047 parsl:283 Rank:0 [DEBUG]  [TASK_PULL_THREAD] No incoming tasks
2021-07-30 10:56:14.047 parsl:244 Rank:0 [DEBUG]  [TASK_PULL_THREAD] ready workers:14, pending tasks:0
2021-07-30 10:56:14.047 parsl:252 Rank:0 [DEBUG]  [TASK_PULL_THREAD] Requesting tasks: 14
2021-07-30 10:56:14.252 parsl:283 Rank:0 [DEBUG]  [TASK_PULL_THREAD] No incoming tasks
2021-07-30 10:56:14.252 parsl:244 Rank:0 [DEBUG]  [TASK_PULL_THREAD] ready workers:14, pending tasks:0
2021-07-30 10:56:14.252 parsl:252 Rank:0 [DEBUG]  [TASK_PULL_THREAD] Requesting tasks: 14
2021-07-30 10:56:14.656 parsl:283 Rank:0 [DEBUG]  [TASK_PULL_THREAD] No incoming tasks
2021-07-30 10:56:14.656 parsl:244 Rank:0 [DEBUG]  [TASK_PULL_THREAD] ready workers:14, pending tasks:0
2021-07-30 10:56:14.656 parsl:252 Rank:0 [DEBUG]  [TASK_PULL_THREAD] Requesting tasks: 14
2021-07-30 10:56:15.262 parsl:274 Rank:0 [DEBUG]  [TASK_PULL_THREAD] Got tasks: [26] of 11
2021-07-30 10:56:15.262 parsl:244 Rank:0 [DEBUG]  [TASK_PULL_THREAD] ready workers:15, pending tasks:1
2021-07-30 10:56:15.263 parsl:252 Rank:0 [DEBUG]  [TASK_PULL_THREAD] Requesting tasks: 15
2021-07-30 10:56:15.264 parsl:283 Rank:0 [DEBUG]  [TASK_PULL_THREAD] No incoming tasks
2021-07-30 10:56:15.264 parsl:244 Rank:0 [DEBUG]  [TASK_PULL_THREAD] ready workers:15, pending tasks:0
2021-07-30 10:56:15.265 parsl:252 Rank:0 [DEBUG]  [TASK_PULL_THREAD] Requesting tasks: 15
2021-07-30 10:56:15.274 parsl.process_loggers:28 Rank:0 [DEBUG]  Normal ending for send_first_message on thread MainThread
2021-07-30 10:56:15.466 parsl:283 Rank:0 [DEBUG]  [TASK_PULL_THREAD] No incoming tasks
2021-07-30 10:56:15.466 parsl:244 Rank:0 [DEBUG]  [TASK_PULL_THREAD] ready workers:14, pending tasks:0
2021-07-30 10:56:15.466 parsl:252 Rank:0 [DEBUG]  [TASK_PULL_THREAD] Requesting tasks: 14
2021-07-30 10:56:15.868 parsl:283 Rank:0 [DEBUG]  [TASK_PULL_THREAD] No incoming tasks
2021-07-30 10:56:15.869 parsl:244 Rank:0 [DEBUG]  [TASK_PULL_THREAD] ready workers:14, pending tasks:0
2021-07-30 10:56:15.869 parsl:252 Rank:0 [DEBUG]  [TASK_PULL_THREAD] Requesting tasks: 14
2021-07-30 10:56:16.670 parsl:283 Rank:0 [DEBUG]  [TASK_PULL_THREAD] No incoming tasks
2021-07-30 10:56:16.670 parsl:244 Rank:0 [DEBUG]  [TASK_PULL_THREAD] ready workers:14, pending tasks:0
2021-07-30 10:56:16.670 parsl:214 Rank:0 [DEBUG]  Return from heartbeat: None
2021-07-30 10:56:16.671 parsl:252 Rank:0 [DEBUG]  [TASK_PULL_THREAD] Requesting tasks: 14
2021-07-30 10:56:16.673 parsl:270 Rank:0 [DEBUG]  Got heartbeat from interchange
2021-07-30 10:56:16.673 parsl:244 Rank:0 [DEBUG]  [TASK_PULL_THREAD] ready workers:14, pending tasks:0
2021-07-30 10:56:16.674 parsl:252 Rank:0 [DEBUG]  [TASK_PULL_THREAD] Requesting tasks: 14
2021-07-30 10:56:16.674 parsl:283 Rank:0 [DEBUG]  [TASK_PULL_THREAD] No incoming tasks
2021-07-30 10:56:16.674 parsl:244 Rank:0 [DEBUG]  [TASK_PULL_THREAD] ready workers:14, pending tasks:0
2021-07-30 10:56:16.674 parsl:252 Rank:0 [DEBUG]  [TASK_PULL_THREAD] Requesting tasks: 14
2021-07-30 10:56:16.875 parsl:283 Rank:0 [DEBUG]  [TASK_PULL_THREAD] No incoming tasks
2021-07-30 10:56:16.876 parsl:244 Rank:0 [DEBUG]  [TASK_PULL_THREAD] ready workers:14, pending tasks:0
2021-07-30 10:56:16.876 parsl:252 Rank:0 [DEBUG]  [TASK_PULL_THREAD] Requesting tasks: 14
2021-07-30 10:56:17.276 parsl:283 Rank:0 [DEBUG]  [TASK_PULL_THREAD] No incoming tasks
2021-07-30 10:56:17.277 parsl:244 Rank:0 [DEBUG]  [TASK_PULL_THREAD] ready workers:14, pending tasks:0
2021-07-30 10:56:17.277 parsl:252 Rank:0 [DEBUG]  [TASK_PULL_THREAD] Requesting tasks: 14
2021-07-30 10:56:18.079 parsl:283 Rank:0 [DEBUG]  [TASK_PULL_THREAD] No incoming tasks
2021-07-30 10:56:18.080 parsl:244 Rank:0 [DEBUG]  [TASK_PULL_THREAD] ready workers:14, pending tasks:0
2021-07-30 10:56:18.080 parsl:252 Rank:0 [DEBUG]  [TASK_PULL_THREAD] Requesting tasks: 14
2021-07-30 10:56:19.683 parsl:283 Rank:0 [DEBUG]  [TASK_PULL_THREAD] No incoming tasks
2021-07-30 10:56:19.683 parsl:244 Rank:0 [DEBUG]  [TASK_PULL_THREAD] ready workers:15, pending tasks:0
2021-07-30 10:56:19.683 parsl:214 Rank:0 [DEBUG]  Return from heartbeat: None
2021-07-30 10:56:19.683 parsl:252 Rank:0 [DEBUG]  [TASK_PULL_THREAD] Requesting tasks: 15
2021-07-30 10:56:19.687 parsl:270 Rank:0 [DEBUG]  Got heartbeat from interchange
2021-07-30 10:56:19.687 parsl:244 Rank:0 [DEBUG]  [TASK_PULL_THREAD] ready workers:15, pending tasks:0
2021-07-30 10:56:19.687 parsl:252 Rank:0 [DEBUG]  [TASK_PULL_THREAD] Requesting tasks: 15
2021-07-30 10:56:19.687 parsl:283 Rank:0 [DEBUG]  [TASK_PULL_THREAD] No incoming tasks
2021-07-30 10:56:19.687 parsl:244 Rank:0 [DEBUG]  [TASK_PULL_THREAD] ready workers:15, pending tasks:0
2021-07-30 10:56:19.687 parsl:252 Rank:0 [DEBUG]  [TASK_PULL_THREAD] Requesting tasks: 15
2021-07-30 10:56:19.891 parsl:283 Rank:0 [DEBUG]  [TASK_PULL_THREAD] No incoming tasks
2021-07-30 10:56:19.892 parsl:244 Rank:0 [DEBUG]  [TASK_PULL_THREAD] ready workers:15, pending tasks:0
2021-07-30 10:56:19.892 parsl:252 Rank:0 [DEBUG]  [TASK_PULL_THREAD] Requesting tasks: 15
2021-07-30 10:56:20.293 parsl:283 Rank:0 [DEBUG]  [TASK_PULL_THREAD] No incoming tasks
2021-07-30 10:56:20.293 parsl:244 Rank:0 [DEBUG]  [TASK_PULL_THREAD] ready workers:16, pending tasks:0
2021-07-30 10:56:20.293 parsl:252 Rank:0 [DEBUG]  [TASK_PULL_THREAD] Requesting tasks: 16
2021-07-30 10:56:21.098 parsl:283 Rank:0 [DEBUG]  [TASK_PULL_THREAD] No incoming tasks
2021-07-30 10:56:21.098 parsl:244 Rank:0 [DEBUG]  [TASK_PULL_THREAD] ready workers:16, pending tasks:0
2021-07-30 10:56:21.098 parsl:252 Rank:0 [DEBUG]  [TASK_PULL_THREAD] Requesting tasks: 16
2021-07-30 10:56:21.498 parsl:274 Rank:0 [DEBUG]  [TASK_PULL_THREAD] Got tasks: [28] of 12
2021-07-30 10:56:21.498 parsl:244 Rank:0 [DEBUG]  [TASK_PULL_THREAD] ready workers:16, pending tasks:1
2021-07-30 10:56:21.499 parsl:252 Rank:0 [DEBUG]  [TASK_PULL_THREAD] Requesting tasks: 16
2021-07-30 10:56:21.499 parsl:283 Rank:0 [DEBUG]  [TASK_PULL_THREAD] No incoming tasks
2021-07-30 10:56:21.499 parsl:244 Rank:0 [DEBUG]  [TASK_PULL_THREAD] ready workers:16, pending tasks:0
2021-07-30 10:56:21.499 parsl:252 Rank:0 [DEBUG]  [TASK_PULL_THREAD] Requesting tasks: 16
2021-07-30 10:56:21.508 parsl.process_loggers:28 Rank:0 [DEBUG]  Normal ending for send_first_message on thread MainThread
2021-07-30 10:56:21.702 parsl:283 Rank:0 [DEBUG]  [TASK_PULL_THREAD] No incoming tasks
2021-07-30 10:56:21.703 parsl:244 Rank:0 [DEBUG]  [TASK_PULL_THREAD] ready workers:15, pending tasks:0
2021-07-30 10:56:21.703 parsl:214 Rank:0 [DEBUG]  Return from heartbeat: None
2021-07-30 10:56:21.703 parsl:252 Rank:0 [DEBUG]  [TASK_PULL_THREAD] Requesting tasks: 15
2021-07-30 10:56:21.706 parsl:270 Rank:0 [DEBUG]  Got heartbeat from interchange
2021-07-30 10:56:21.707 parsl:244 Rank:0 [DEBUG]  [TASK_PULL_THREAD] ready workers:15, pending tasks:0
2021-07-30 10:56:21.707 parsl:252 Rank:0 [DEBUG]  [TASK_PULL_THREAD] Requesting tasks: 15
2021-07-30 10:56:21.707 parsl:283 Rank:0 [DEBUG]  [TASK_PULL_THREAD] No incoming tasks
2021-07-30 10:56:21.707 parsl:244 Rank:0 [DEBUG]  [TASK_PULL_THREAD] ready workers:15, pending tasks:0
2021-07-30 10:56:21.708 parsl:252 Rank:0 [DEBUG]  [TASK_PULL_THREAD] Requesting tasks: 15
2021-07-30 10:56:21.909 parsl:283 Rank:0 [DEBUG]  [TASK_PULL_THREAD] No incoming tasks
2021-07-30 10:56:21.910 parsl:244 Rank:0 [DEBUG]  [TASK_PULL_THREAD] ready workers:15, pending tasks:0
2021-07-30 10:56:21.910 parsl:252 Rank:0 [DEBUG]  [TASK_PULL_THREAD] Requesting tasks: 15
2021-07-30 10:56:22.310 parsl:283 Rank:0 [DEBUG]  [TASK_PULL_THREAD] No incoming tasks
2021-07-30 10:56:22.311 parsl:244 Rank:0 [DEBUG]  [TASK_PULL_THREAD] ready workers:15, pending tasks:0
2021-07-30 10:56:22.311 parsl:252 Rank:0 [DEBUG]  [TASK_PULL_THREAD] Requesting tasks: 15
2021-07-30 10:56:23.115 parsl:283 Rank:0 [DEBUG]  [TASK_PULL_THREAD] No incoming tasks
2021-07-30 10:56:23.115 parsl:244 Rank:0 [DEBUG]  [TASK_PULL_THREAD] ready workers:15, pending tasks:0
2021-07-30 10:56:23.115 parsl:252 Rank:0 [DEBUG]  [TASK_PULL_THREAD] Requesting tasks: 15
2021-07-30 10:56:24.719 parsl:283 Rank:0 [DEBUG]  [TASK_PULL_THREAD] No incoming tasks
2021-07-30 10:56:24.719 parsl:244 Rank:0 [DEBUG]  [TASK_PULL_THREAD] ready workers:15, pending tasks:0
2021-07-30 10:56:24.720 parsl:214 Rank:0 [DEBUG]  Return from heartbeat: None
2021-07-30 10:56:24.720 parsl:252 Rank:0 [DEBUG]  [TASK_PULL_THREAD] Requesting tasks: 15
2021-07-30 10:56:24.725 parsl:270 Rank:0 [DEBUG]  Got heartbeat from interchange
2021-07-30 10:56:24.725 parsl:244 Rank:0 [DEBUG]  [TASK_PULL_THREAD] ready workers:15, pending tasks:0
2021-07-30 10:56:24.726 parsl:252 Rank:0 [DEBUG]  [TASK_PULL_THREAD] Requesting tasks: 15
2021-07-30 10:56:24.726 parsl:283 Rank:0 [DEBUG]  [TASK_PULL_THREAD] No incoming tasks
2021-07-30 10:56:24.726 parsl:244 Rank:0 [DEBUG]  [TASK_PULL_THREAD] ready workers:15, pending tasks:0
2021-07-30 10:56:24.727 parsl:252 Rank:0 [DEBUG]  [TASK_PULL_THREAD] Requesting tasks: 15
2021-07-30 10:56:24.932 parsl:283 Rank:0 [DEBUG]  [TASK_PULL_THREAD] No incoming tasks
2021-07-30 10:56:24.933 parsl:244 Rank:0 [DEBUG]  [TASK_PULL_THREAD] ready workers:15, pending tasks:0
2021-07-30 10:56:24.933 parsl:252 Rank:0 [DEBUG]  [TASK_PULL_THREAD] Requesting tasks: 15
2021-07-30 10:56:25.334 parsl:283 Rank:0 [DEBUG]  [TASK_PULL_THREAD] No incoming tasks
2021-07-30 10:56:25.334 parsl:244 Rank:0 [DEBUG]  [TASK_PULL_THREAD] ready workers:15, pending tasks:0
2021-07-30 10:56:25.334 parsl:252 Rank:0 [DEBUG]  [TASK_PULL_THREAD] Requesting tasks: 15
2021-07-30 10:56:26.140 parsl:283 Rank:0 [DEBUG]  [TASK_PULL_THREAD] No incoming tasks
2021-07-30 10:56:26.140 parsl:244 Rank:0 [DEBUG]  [TASK_PULL_THREAD] ready workers:15, pending tasks:0
2021-07-30 10:56:26.140 parsl:252 Rank:0 [DEBUG]  [TASK_PULL_THREAD] Requesting tasks: 15
2021-07-30 10:56:27.742 parsl:283 Rank:0 [DEBUG]  [TASK_PULL_THREAD] No incoming tasks
2021-07-30 10:56:27.743 parsl:244 Rank:0 [DEBUG]  [TASK_PULL_THREAD] ready workers:16, pending tasks:0
2021-07-30 10:56:27.743 parsl:214 Rank:0 [DEBUG]  Return from heartbeat: None
2021-07-30 10:56:27.743 parsl:252 Rank:0 [DEBUG]  [TASK_PULL_THREAD] Requesting tasks: 16
2021-07-30 10:56:29.748 parsl:283 Rank:0 [DEBUG]  [TASK_PULL_THREAD] No incoming tasks
2021-07-30 10:56:29.749 parsl:292 Rank:0 [CRITICAL]  [TASK_PULL_THREAD] Missing contact with interchange beyond heartbeat_threshold
2021-07-30 10:56:29.749 parsl:294 Rank:0 [CRITICAL]  [TASK_PULL_THREAD] Exiting
2021-07-30 10:56:29.749 parsl:421 Rank:0 [CRITICAL]  [MAIN] Received kill event, terminating worker processes
2021-07-30 10:56:29.749 parsl.process_loggers:28 Rank:0 [DEBUG]  Normal ending for pull_tasks on thread Task-Puller
2021-07-30 10:56:29.803 parsl:332 Rank:0 [CRITICAL]  [RESULT_PUSH_THREAD] Exiting
2021-07-30 10:56:29.804 parsl.process_loggers:28 Rank:0 [DEBUG]  Normal ending for push_results on thread Result-Pusher
