2021-07-12 15:31:33.151 parsl:650 Rank:0 [INFO]  Python version: 3.9.6 (v3.9.6:db3ff76da1, Jun 28 2021, 11:49:53) 
[Clang 6.0 (clang-600.0.57)]
2021-07-12 15:31:33.151 parsl:651 Rank:0 [INFO]  Debug logging: True
2021-07-12 15:31:33.151 parsl:652 Rank:0 [INFO]  Log dir: /Users/vedkommalapati/Documents/GitHub/Parsl/runinfo/003/htex_Local
2021-07-12 15:31:33.151 parsl:653 Rank:0 [INFO]  Manager ID: 54f25df27b2c
2021-07-12 15:31:33.151 parsl:654 Rank:0 [INFO]  Block ID: 1
2021-07-12 15:31:33.151 parsl:655 Rank:0 [INFO]  cores_per_worker: 1
2021-07-12 15:31:33.151 parsl:656 Rank:0 [INFO]  mem_per_worker: None
2021-07-12 15:31:33.151 parsl:657 Rank:0 [INFO]  task_port: 54658
2021-07-12 15:31:33.151 parsl:658 Rank:0 [INFO]  result_port: 54754
2021-07-12 15:31:33.151 parsl:659 Rank:0 [INFO]  addresses: 73.211.248.63,192.168.1.6,Veds-MacBook-Pro.local
2021-07-12 15:31:33.151 parsl:660 Rank:0 [INFO]  max_workers: inf
2021-07-12 15:31:33.151 parsl:661 Rank:0 [INFO]  poll_period: 100
2021-07-12 15:31:33.151 parsl:662 Rank:0 [INFO]  address_probe_timeout: 30
2021-07-12 15:31:33.151 parsl:663 Rank:0 [INFO]  Prefetch capacity: 0
2021-07-12 15:31:33.151 parsl:664 Rank:0 [INFO]  Heartbeat threshold: 5
2021-07-12 15:31:33.152 parsl:665 Rank:0 [INFO]  Heartbeat period: 2
2021-07-12 15:31:33.152 parsl:666 Rank:0 [INFO]  CPU affinity: none
2021-07-12 15:31:33.152 parsl:125 Rank:0 [INFO]  Manager started
2021-07-12 15:31:33.152 parsl.executors.high_throughput.probe:34 Rank:0 [DEBUG]  Trying to connect back on tcp://73.211.248.63:54658
2021-07-12 15:31:33.152 parsl.executors.high_throughput.probe:34 Rank:0 [DEBUG]  Trying to connect back on tcp://192.168.1.6:54658
2021-07-12 15:31:33.153 parsl.executors.high_throughput.probe:34 Rank:0 [DEBUG]  Trying to connect back on tcp://Veds-MacBook-Pro.local:54658
2021-07-12 15:31:33.166 parsl.executors.high_throughput.probe:47 Rank:0 [INFO]  Connected to interchange on 192.168.1.6
2021-07-12 15:31:33.170 parsl:132 Rank:0 [INFO]  Connection to Interchange successful on 192.168.1.6
2021-07-12 15:31:33.226 parsl:135 Rank:0 [INFO]  Task url : tcp://192.168.1.6:54658
2021-07-12 15:31:33.226 parsl:136 Rank:0 [INFO]  Result url : tcp://192.168.1.6:54754
2021-07-12 15:31:33.227 parsl:154 Rank:0 [INFO]  Manager connected
2021-07-12 15:31:33.228 parsl:180 Rank:0 [INFO]  Manager will spawn 4 workers
2021-07-12 15:31:33.340 parsl:421 Rank:0 [DEBUG]  Workers started
2021-07-12 15:31:33.342 parsl:235 Rank:0 [INFO]  [TASK PULL THREAD] starting
2021-07-12 15:31:33.343 parsl:241 Rank:0 [DEBUG]  Sending registration message: b'{"parsl_v": "1.1.0+desc-2021.07.09a", "python_v": "3.9.6", "worker_count": 4, "uid": "54f25df27b2c", "block_id": "1", "prefetch_capacity": 0, "max_capacity": 4, "os": "Darwin", "hostname": "Veds-MacBook-Pro.local", "dir": "/Users/vedkommalapati/Documents/GitHub/Parsl", "cpu_count": 2, "total_memory": 8589934592}'
2021-07-12 15:31:33.344 parsl:318 Rank:0 [DEBUG]  [RESULT_PUSH_THREAD] Starting thread
2021-07-12 15:31:33.344 parsl:326 Rank:0 [DEBUG]  [RESULT_PUSH_THREAD] push poll period: 0.1
2021-07-12 15:31:33.344 parsl:360 Rank:0 [DEBUG]  [WORKER_WATCHDOG_THREAD] Starting thread
2021-07-12 15:31:33.345 parsl:363 Rank:0 [DEBUG]  [WORKER_WATCHDOG_THREAD] Loop
2021-07-12 15:31:33.345 parsl:392 Rank:0 [INFO]  [WORKER_WATCHDOG_THREAD] Worker 0 is alive
2021-07-12 15:31:33.344 parsl:436 Rank:0 [INFO]  Loop start
2021-07-12 15:31:33.344 parsl:254 Rank:0 [DEBUG]  [TASK_PULL_THREAD] ready workers: 1, pending tasks: 0
2021-07-12 15:31:33.345 parsl:262 Rank:0 [DEBUG]  [TASK_PULL_THREAD] Requesting tasks: 1
2021-07-12 15:31:33.354 parsl:273 Rank:0 [DEBUG]  Updating time of last heartbeat from interchange at 1626121893.3543649
2021-07-12 15:31:33.354 parsl:285 Rank:0 [DEBUG]  [TASK_PULL_THREAD] Got tasks: [1] of 1
2021-07-12 15:31:33.355 parsl:254 Rank:0 [DEBUG]  [TASK_PULL_THREAD] ready workers: 4, pending tasks: 1
2021-07-12 15:31:33.355 parsl:262 Rank:0 [DEBUG]  [TASK_PULL_THREAD] Requesting tasks: 4
2021-07-12 15:31:33.355 parsl:294 Rank:0 [DEBUG]  [TASK_PULL_THREAD] No incoming tasks
2021-07-12 15:31:33.355 parsl:254 Rank:0 [DEBUG]  [TASK_PULL_THREAD] ready workers: 4, pending tasks: 0
2021-07-12 15:31:33.355 parsl:262 Rank:0 [DEBUG]  [TASK_PULL_THREAD] Requesting tasks: 4
2021-07-12 15:31:33.357 parsl:273 Rank:0 [DEBUG]  Updating time of last heartbeat from interchange at 1626121893.3576791
2021-07-12 15:31:33.357 parsl:285 Rank:0 [DEBUG]  [TASK_PULL_THREAD] Got tasks: [2] of 2
2021-07-12 15:31:33.357 parsl.monitoring.monitoring:450 Rank:0 [DEBUG]  wrapped: 1. start of wrapped
2021-07-12 15:31:33.357 parsl:254 Rank:0 [DEBUG]  [TASK_PULL_THREAD] ready workers: 3, pending tasks: 1
2021-07-12 15:31:33.358 parsl:262 Rank:0 [DEBUG]  [TASK_PULL_THREAD] Requesting tasks: 3
2021-07-12 15:31:33.358 parsl.monitoring.monitoring:132 Rank:0 [INFO]  htex-based monitoring channel initialising
2021-07-12 15:31:33.358 parsl:294 Rank:0 [DEBUG]  [TASK_PULL_THREAD] No incoming tasks
2021-07-12 15:31:33.358 parsl:254 Rank:0 [DEBUG]  [TASK_PULL_THREAD] ready workers: 3, pending tasks: 0
2021-07-12 15:31:33.358 parsl:262 Rank:0 [DEBUG]  [TASK_PULL_THREAD] Requesting tasks: 3
2021-07-12 15:31:33.359 parsl.process_loggers:28 Rank:0 [DEBUG]  Normal ending for send_first_message on thread MainThread
2021-07-12 15:31:33.360 parsl.monitoring.monitoring:458 Rank:0 [DEBUG]  wrapped: 2. sent first message
2021-07-12 15:31:33.360 parsl.monitoring.monitoring:473 Rank:0 [DEBUG]  wrapped: 3. created monitor process, pid None
2021-07-12 15:31:33.361 parsl.monitoring.monitoring:450 Rank:0 [DEBUG]  wrapped: 1. start of wrapped
2021-07-12 15:31:33.362 parsl.monitoring.monitoring:132 Rank:0 [INFO]  htex-based monitoring channel initialising
2021-07-12 15:31:33.362 parsl.monitoring.monitoring:475 Rank:0 [DEBUG]  wrapped: 4. started monitor process, pid 52625
2021-07-12 15:31:33.363 parsl.monitoring.monitoring:485 Rank:0 [DEBUG]  wrapped: 5. invoking wrapped function
2021-07-12 15:31:33.363 parsl.process_loggers:28 Rank:0 [DEBUG]  Normal ending for send_first_message on thread MainThread
2021-07-12 15:31:33.363 parsl.monitoring.monitoring:487 Rank:0 [DEBUG]  wrapped: 6. back from wrapped function ok
2021-07-12 15:31:33.363 parsl.monitoring.monitoring:458 Rank:0 [DEBUG]  wrapped: 2. sent first message
2021-07-12 15:31:33.364 parsl.monitoring.monitoring:490 Rank:0 [DEBUG]  wrapped: 10 in 2nd finally
2021-07-12 15:31:33.364 parsl.monitoring.monitoring:473 Rank:0 [DEBUG]  wrapped: 3. created monitor process, pid None
2021-07-12 15:31:33.364 parsl.monitoring.monitoring:491 Rank:0 [DEBUG]  wrapped: 10.1 sending last message
2021-07-12 15:31:33.365 parsl.monitoring.monitoring:132 Rank:0 [INFO]  htex-based monitoring channel initialising
2021-07-12 15:31:33.366 parsl.process_loggers:28 Rank:0 [DEBUG]  Normal ending for send_last_message on thread MainThread
2021-07-12 15:31:33.366 parsl.monitoring.monitoring:475 Rank:0 [DEBUG]  wrapped: 4. started monitor process, pid 52626
2021-07-12 15:31:33.367 parsl.monitoring.monitoring:497 Rank:0 [DEBUG]  wrapped: 10.1 sent last message
2021-07-12 15:31:33.367 parsl.monitoring.monitoring:485 Rank:0 [DEBUG]  wrapped: 5. invoking wrapped function
2021-07-12 15:31:33.367 parsl.monitoring.monitoring:501 Rank:0 [DEBUG]  wrapped: 11 done terminating monitor
2021-07-12 15:31:33.368 parsl.monitoring.monitoring:487 Rank:0 [DEBUG]  wrapped: 6. back from wrapped function ok
2021-07-12 15:31:33.368 parsl.monitoring.monitoring:490 Rank:0 [DEBUG]  wrapped: 10 in 2nd finally
2021-07-12 15:31:33.369 parsl.monitoring.monitoring:491 Rank:0 [DEBUG]  wrapped: 10.1 sending last message
2021-07-12 15:31:33.369 parsl.monitoring.monitoring:132 Rank:0 [INFO]  htex-based monitoring channel initialising
2021-07-12 15:31:33.370 parsl.monitoring.monitoring:503 Rank:0 [DEBUG]  wrapped: 12 done joining monitor again
2021-07-12 15:31:33.371 parsl.process_loggers:28 Rank:0 [DEBUG]  Normal ending for send_last_message on thread MainThread
2021-07-12 15:31:33.371 parsl.monitoring.monitoring:497 Rank:0 [DEBUG]  wrapped: 10.1 sent last message
2021-07-12 15:31:33.372 parsl.monitoring.monitoring:501 Rank:0 [DEBUG]  wrapped: 11 done terminating monitor
2021-07-12 15:31:33.373 parsl.monitoring.monitoring:503 Rank:0 [DEBUG]  wrapped: 12 done joining monitor again
2021-07-12 15:31:33.564 parsl:294 Rank:0 [DEBUG]  [TASK_PULL_THREAD] No incoming tasks
2021-07-12 15:31:33.564 parsl:254 Rank:0 [DEBUG]  [TASK_PULL_THREAD] ready workers: 4, pending tasks: 0
2021-07-12 15:31:33.564 parsl:262 Rank:0 [DEBUG]  [TASK_PULL_THREAD] Requesting tasks: 4
2021-07-12 15:31:33.568 parsl:273 Rank:0 [DEBUG]  Updating time of last heartbeat from interchange at 1626121893.568386
2021-07-12 15:31:33.568 parsl:285 Rank:0 [DEBUG]  [TASK_PULL_THREAD] Got tasks: [3] of 3
2021-07-12 15:31:33.568 parsl:254 Rank:0 [DEBUG]  [TASK_PULL_THREAD] ready workers: 4, pending tasks: 1
2021-07-12 15:31:33.568 parsl:262 Rank:0 [DEBUG]  [TASK_PULL_THREAD] Requesting tasks: 4
2021-07-12 15:31:33.569 parsl:294 Rank:0 [DEBUG]  [TASK_PULL_THREAD] No incoming tasks
2021-07-12 15:31:33.569 parsl:254 Rank:0 [DEBUG]  [TASK_PULL_THREAD] ready workers: 4, pending tasks: 0
2021-07-12 15:31:33.569 parsl:262 Rank:0 [DEBUG]  [TASK_PULL_THREAD] Requesting tasks: 4
2021-07-12 15:31:33.571 parsl.monitoring.monitoring:450 Rank:0 [DEBUG]  wrapped: 1. start of wrapped
2021-07-12 15:31:33.572 parsl.monitoring.monitoring:132 Rank:0 [INFO]  htex-based monitoring channel initialising
2021-07-12 15:31:33.573 parsl.process_loggers:28 Rank:0 [DEBUG]  Normal ending for send_first_message on thread MainThread
2021-07-12 15:31:33.574 parsl.monitoring.monitoring:458 Rank:0 [DEBUG]  wrapped: 2. sent first message
2021-07-12 15:31:33.574 parsl.monitoring.monitoring:473 Rank:0 [DEBUG]  wrapped: 3. created monitor process, pid None
2021-07-12 15:31:33.576 parsl.monitoring.monitoring:475 Rank:0 [DEBUG]  wrapped: 4. started monitor process, pid 52627
2021-07-12 15:31:33.577 parsl.monitoring.monitoring:485 Rank:0 [DEBUG]  wrapped: 5. invoking wrapped function
2021-07-12 15:31:33.577 parsl.monitoring.monitoring:487 Rank:0 [DEBUG]  wrapped: 6. back from wrapped function ok
2021-07-12 15:31:33.577 parsl.monitoring.monitoring:490 Rank:0 [DEBUG]  wrapped: 10 in 2nd finally
2021-07-12 15:31:33.578 parsl.monitoring.monitoring:491 Rank:0 [DEBUG]  wrapped: 10.1 sending last message
2021-07-12 15:31:33.578 parsl.monitoring.monitoring:132 Rank:0 [INFO]  htex-based monitoring channel initialising
2021-07-12 15:31:33.580 parsl.process_loggers:28 Rank:0 [DEBUG]  Normal ending for send_last_message on thread MainThread
2021-07-12 15:31:33.580 parsl.monitoring.monitoring:497 Rank:0 [DEBUG]  wrapped: 10.1 sent last message
2021-07-12 15:31:33.581 parsl.monitoring.monitoring:501 Rank:0 [DEBUG]  wrapped: 11 done terminating monitor
2021-07-12 15:31:33.582 parsl.monitoring.monitoring:503 Rank:0 [DEBUG]  wrapped: 12 done joining monitor again
2021-07-12 15:31:33.772 parsl:294 Rank:0 [DEBUG]  [TASK_PULL_THREAD] No incoming tasks
2021-07-12 15:31:33.772 parsl:254 Rank:0 [DEBUG]  [TASK_PULL_THREAD] ready workers: 4, pending tasks: 0
2021-07-12 15:31:33.772 parsl:262 Rank:0 [DEBUG]  [TASK_PULL_THREAD] Requesting tasks: 4
2021-07-12 15:31:34.178 parsl:294 Rank:0 [DEBUG]  [TASK_PULL_THREAD] No incoming tasks
2021-07-12 15:31:34.178 parsl:254 Rank:0 [DEBUG]  [TASK_PULL_THREAD] ready workers: 4, pending tasks: 0
2021-07-12 15:31:34.179 parsl:262 Rank:0 [DEBUG]  [TASK_PULL_THREAD] Requesting tasks: 4
2021-07-12 15:31:34.182 parsl:273 Rank:0 [DEBUG]  Updating time of last heartbeat from interchange at 1626121894.182626
2021-07-12 15:31:34.182 parsl:285 Rank:0 [DEBUG]  [TASK_PULL_THREAD] Got tasks: [7, 8] of 5
2021-07-12 15:31:34.182 parsl:254 Rank:0 [DEBUG]  [TASK_PULL_THREAD] ready workers: 4, pending tasks: 2
2021-07-12 15:31:34.183 parsl:262 Rank:0 [DEBUG]  [TASK_PULL_THREAD] Requesting tasks: 4
2021-07-12 15:31:34.183 parsl:294 Rank:0 [DEBUG]  [TASK_PULL_THREAD] No incoming tasks
2021-07-12 15:31:34.183 parsl:254 Rank:0 [DEBUG]  [TASK_PULL_THREAD] ready workers: 4, pending tasks: 0
2021-07-12 15:31:34.183 parsl:262 Rank:0 [DEBUG]  [TASK_PULL_THREAD] Requesting tasks: 4
2021-07-12 15:31:34.185 parsl.monitoring.monitoring:450 Rank:0 [DEBUG]  wrapped: 1. start of wrapped
2021-07-12 15:31:34.185 parsl.monitoring.monitoring:132 Rank:0 [INFO]  htex-based monitoring channel initialising
2021-07-12 15:31:34.186 parsl.monitoring.monitoring:450 Rank:0 [DEBUG]  wrapped: 1. start of wrapped
2021-07-12 15:31:34.187 parsl.monitoring.monitoring:132 Rank:0 [INFO]  htex-based monitoring channel initialising
2021-07-12 15:31:34.187 parsl.process_loggers:28 Rank:0 [DEBUG]  Normal ending for send_first_message on thread MainThread
2021-07-12 15:31:34.188 parsl.monitoring.monitoring:458 Rank:0 [DEBUG]  wrapped: 2. sent first message
2021-07-12 15:31:34.188 parsl.monitoring.monitoring:473 Rank:0 [DEBUG]  wrapped: 3. created monitor process, pid None
2021-07-12 15:31:34.188 parsl.process_loggers:28 Rank:0 [DEBUG]  Normal ending for send_first_message on thread MainThread
2021-07-12 15:31:34.189 parsl.monitoring.monitoring:458 Rank:0 [DEBUG]  wrapped: 2. sent first message
2021-07-12 15:31:34.190 parsl.monitoring.monitoring:473 Rank:0 [DEBUG]  wrapped: 3. created monitor process, pid None
2021-07-12 15:31:34.190 parsl.monitoring.monitoring:475 Rank:0 [DEBUG]  wrapped: 4. started monitor process, pid 52631
2021-07-12 15:31:34.191 parsl.monitoring.monitoring:485 Rank:0 [DEBUG]  wrapped: 5. invoking wrapped function
2021-07-12 15:31:34.192 parsl.monitoring.monitoring:487 Rank:0 [DEBUG]  wrapped: 6. back from wrapped function ok
2021-07-12 15:31:34.192 parsl.monitoring.monitoring:490 Rank:0 [DEBUG]  wrapped: 10 in 2nd finally
2021-07-12 15:31:34.192 parsl.monitoring.monitoring:475 Rank:0 [DEBUG]  wrapped: 4. started monitor process, pid 52632
2021-07-12 15:31:34.193 parsl.monitoring.monitoring:491 Rank:0 [DEBUG]  wrapped: 10.1 sending last message
2021-07-12 15:31:34.193 parsl.monitoring.monitoring:485 Rank:0 [DEBUG]  wrapped: 5. invoking wrapped function
2021-07-12 15:31:34.194 parsl.monitoring.monitoring:132 Rank:0 [INFO]  htex-based monitoring channel initialising
2021-07-12 15:31:34.194 parsl.monitoring.monitoring:487 Rank:0 [DEBUG]  wrapped: 6. back from wrapped function ok
2021-07-12 15:31:34.195 parsl.monitoring.monitoring:490 Rank:0 [DEBUG]  wrapped: 10 in 2nd finally
2021-07-12 15:31:34.195 parsl.monitoring.monitoring:491 Rank:0 [DEBUG]  wrapped: 10.1 sending last message
2021-07-12 15:31:34.196 parsl.monitoring.monitoring:132 Rank:0 [INFO]  htex-based monitoring channel initialising
2021-07-12 15:31:34.195 parsl.process_loggers:28 Rank:0 [DEBUG]  Normal ending for send_last_message on thread MainThread
2021-07-12 15:31:34.196 parsl.monitoring.monitoring:497 Rank:0 [DEBUG]  wrapped: 10.1 sent last message
2021-07-12 15:31:34.197 parsl.monitoring.monitoring:501 Rank:0 [DEBUG]  wrapped: 11 done terminating monitor
2021-07-12 15:31:34.197 parsl.process_loggers:28 Rank:0 [DEBUG]  Normal ending for send_last_message on thread MainThread
2021-07-12 15:31:34.198 parsl.monitoring.monitoring:497 Rank:0 [DEBUG]  wrapped: 10.1 sent last message
2021-07-12 15:31:34.198 parsl.monitoring.monitoring:501 Rank:0 [DEBUG]  wrapped: 11 done terminating monitor
2021-07-12 15:31:34.199 parsl.monitoring.monitoring:503 Rank:0 [DEBUG]  wrapped: 12 done joining monitor again
2021-07-12 15:31:34.201 parsl.monitoring.monitoring:503 Rank:0 [DEBUG]  wrapped: 12 done joining monitor again
2021-07-12 15:31:34.384 parsl:294 Rank:0 [DEBUG]  [TASK_PULL_THREAD] No incoming tasks
2021-07-12 15:31:34.384 parsl:254 Rank:0 [DEBUG]  [TASK_PULL_THREAD] ready workers: 4, pending tasks: 0
2021-07-12 15:31:34.384 parsl:262 Rank:0 [DEBUG]  [TASK_PULL_THREAD] Requesting tasks: 4
2021-07-12 15:31:34.387 parsl:273 Rank:0 [DEBUG]  Updating time of last heartbeat from interchange at 1626121894.3879209
2021-07-12 15:31:34.388 parsl:285 Rank:0 [DEBUG]  [TASK_PULL_THREAD] Got tasks: [9] of 6
2021-07-12 15:31:34.388 parsl:254 Rank:0 [DEBUG]  [TASK_PULL_THREAD] ready workers: 4, pending tasks: 1
2021-07-12 15:31:34.388 parsl:262 Rank:0 [DEBUG]  [TASK_PULL_THREAD] Requesting tasks: 4
2021-07-12 15:31:34.388 parsl:294 Rank:0 [DEBUG]  [TASK_PULL_THREAD] No incoming tasks
2021-07-12 15:31:34.388 parsl:254 Rank:0 [DEBUG]  [TASK_PULL_THREAD] ready workers: 4, pending tasks: 0
2021-07-12 15:31:34.389 parsl:262 Rank:0 [DEBUG]  [TASK_PULL_THREAD] Requesting tasks: 4
2021-07-12 15:31:34.390 parsl.monitoring.monitoring:450 Rank:0 [DEBUG]  wrapped: 1. start of wrapped
2021-07-12 15:31:34.390 parsl.monitoring.monitoring:132 Rank:0 [INFO]  htex-based monitoring channel initialising
2021-07-12 15:31:34.391 parsl.process_loggers:28 Rank:0 [DEBUG]  Normal ending for send_first_message on thread MainThread
2021-07-12 15:31:34.392 parsl.monitoring.monitoring:458 Rank:0 [DEBUG]  wrapped: 2. sent first message
2021-07-12 15:31:34.393 parsl.monitoring.monitoring:473 Rank:0 [DEBUG]  wrapped: 3. created monitor process, pid None
2021-07-12 15:31:34.395 parsl.monitoring.monitoring:475 Rank:0 [DEBUG]  wrapped: 4. started monitor process, pid 52633
2021-07-12 15:31:34.396 parsl.monitoring.monitoring:485 Rank:0 [DEBUG]  wrapped: 5. invoking wrapped function
2021-07-12 15:31:34.396 parsl.monitoring.monitoring:487 Rank:0 [DEBUG]  wrapped: 6. back from wrapped function ok
2021-07-12 15:31:34.397 parsl.monitoring.monitoring:490 Rank:0 [DEBUG]  wrapped: 10 in 2nd finally
2021-07-12 15:31:34.397 parsl.monitoring.monitoring:491 Rank:0 [DEBUG]  wrapped: 10.1 sending last message
2021-07-12 15:31:34.398 parsl.monitoring.monitoring:132 Rank:0 [INFO]  htex-based monitoring channel initialising
2021-07-12 15:31:34.399 parsl.process_loggers:28 Rank:0 [DEBUG]  Normal ending for send_last_message on thread MainThread
2021-07-12 15:31:34.399 parsl.monitoring.monitoring:132 Rank:0 [INFO]  htex-based monitoring channel initialising
2021-07-12 15:31:34.400 parsl.monitoring.monitoring:497 Rank:0 [DEBUG]  wrapped: 10.1 sent last message
2021-07-12 15:31:34.400 parsl.monitoring.monitoring:501 Rank:0 [DEBUG]  wrapped: 11 done terminating monitor
2021-07-12 15:31:34.401 parsl.monitoring.monitoring:503 Rank:0 [DEBUG]  wrapped: 12 done joining monitor again
