2021-07-29 20:14:44.713 parsl:626 Rank:0 [INFO]  Python version: 3.8.8 (default, Apr 13 2021, 12:59:45) 
[Clang 10.0.0 ]
2021-07-29 20:14:44.713 parsl:627 Rank:0 [INFO]  Debug logging: True
2021-07-29 20:14:44.713 parsl:628 Rank:0 [INFO]  Log dir: /Users/ananthhariharan/Documents/Code/GitHub/Parsl-Project/runinfo/029/htex_Local
2021-07-29 20:14:44.713 parsl:629 Rank:0 [INFO]  Manager ID: f04b43ec3dd6
2021-07-29 20:14:44.714 parsl:630 Rank:0 [INFO]  Block ID: 1
2021-07-29 20:14:44.714 parsl:631 Rank:0 [INFO]  cores_per_worker: 0.25
2021-07-29 20:14:44.714 parsl:632 Rank:0 [INFO]  mem_per_worker: None
2021-07-29 20:14:44.714 parsl:633 Rank:0 [INFO]  task_port: 54792
2021-07-29 20:14:44.714 parsl:634 Rank:0 [INFO]  result_port: 54906
2021-07-29 20:14:44.714 parsl:635 Rank:0 [INFO]  addresses: 192.168.4.29,Ananths-Macbook.local,69.174.173.76
2021-07-29 20:14:44.715 parsl:636 Rank:0 [INFO]  max_workers: inf
2021-07-29 20:14:44.715 parsl:637 Rank:0 [INFO]  poll_period: 100
2021-07-29 20:14:44.715 parsl:638 Rank:0 [INFO]  address_probe_timeout: 30
2021-07-29 20:14:44.715 parsl:639 Rank:0 [INFO]  Prefetch capacity: 0
2021-07-29 20:14:44.715 parsl:640 Rank:0 [INFO]  Heartbeat threshold: 5
2021-07-29 20:14:44.715 parsl:641 Rank:0 [INFO]  Heartbeat period: 2
2021-07-29 20:14:44.715 parsl:642 Rank:0 [INFO]  CPU affinity: none
2021-07-29 20:14:44.725 parsl:118 Rank:0 [INFO]  Manager started
2021-07-29 20:14:44.726 parsl.executors.high_throughput.probe:34 Rank:0 [DEBUG]  Trying to connect back on tcp://192.168.4.29:54792
2021-07-29 20:14:44.743 parsl.executors.high_throughput.probe:34 Rank:0 [DEBUG]  Trying to connect back on tcp://Ananths-Macbook.local:54792
2021-07-29 20:14:44.744 parsl.executors.high_throughput.probe:34 Rank:0 [DEBUG]  Trying to connect back on tcp://69.174.173.76:54792
2021-07-29 20:14:44.745 parsl.executors.high_throughput.probe:47 Rank:0 [INFO]  Connected to interchange on 192.168.4.29
2021-07-29 20:14:44.828 parsl:125 Rank:0 [INFO]  Connection to Interchange successful on 192.168.4.29
2021-07-29 20:14:44.828 parsl:128 Rank:0 [INFO]  Task url : tcp://192.168.4.29:54792
2021-07-29 20:14:44.829 parsl:129 Rank:0 [INFO]  Result url : tcp://192.168.4.29:54906
2021-07-29 20:14:44.832 parsl:147 Rank:0 [INFO]  Manager connected
2021-07-29 20:14:44.832 parsl:173 Rank:0 [INFO]  Manager will spawn 16 workers
2021-07-29 20:14:45.768 parsl:401 Rank:0 [DEBUG]  Manager synced with workers
2021-07-29 20:14:45.772 parsl:226 Rank:0 [INFO]  [TASK PULL THREAD] starting
2021-07-29 20:14:45.775 parsl:232 Rank:0 [DEBUG]  Sending registration message: b'{"parsl_v": "1.1.0", "python_v": "3.8.8", "worker_count": 16, "uid": "f04b43ec3dd6", "block_id": "1", "prefetch_capacity": 0, "max_capacity": 16, "os": "Darwin", "hostname": "Ananths-Macbook.local", "dir": "/Users/ananthhariharan/Documents/Code/GitHub/Parsl-Project", "cpu_count": 2, "total_memory": 8589934592}'
2021-07-29 20:14:45.776 parsl:307 Rank:0 [DEBUG]  [RESULT_PUSH_THREAD] Starting thread
2021-07-29 20:14:45.776 parsl:244 Rank:0 [DEBUG]  [TASK_PULL_THREAD] ready workers:16, pending tasks:0
2021-07-29 20:14:45.776 parsl:310 Rank:0 [DEBUG]  [RESULT_PUSH_THREAD] push poll period: 0.1
2021-07-29 20:14:45.777 parsl:344 Rank:0 [DEBUG]  [WORKER_WATCHDOG_THREAD] Starting thread
2021-07-29 20:14:45.777 parsl:416 Rank:0 [INFO]  Loop start
2021-07-29 20:14:45.777 parsl:252 Rank:0 [DEBUG]  [TASK_PULL_THREAD] Requesting tasks: 16
2021-07-29 20:14:45.881 parsl:283 Rank:0 [DEBUG]  [TASK_PULL_THREAD] No incoming tasks
2021-07-29 20:14:45.881 parsl:244 Rank:0 [DEBUG]  [TASK_PULL_THREAD] ready workers:16, pending tasks:0
2021-07-29 20:14:45.881 parsl:252 Rank:0 [DEBUG]  [TASK_PULL_THREAD] Requesting tasks: 16
2021-07-29 20:14:46.082 parsl:283 Rank:0 [DEBUG]  [TASK_PULL_THREAD] No incoming tasks
2021-07-29 20:14:46.083 parsl:244 Rank:0 [DEBUG]  [TASK_PULL_THREAD] ready workers:16, pending tasks:0
2021-07-29 20:14:46.083 parsl:252 Rank:0 [DEBUG]  [TASK_PULL_THREAD] Requesting tasks: 16
2021-07-29 20:14:46.487 parsl:283 Rank:0 [DEBUG]  [TASK_PULL_THREAD] No incoming tasks
2021-07-29 20:14:46.487 parsl:244 Rank:0 [DEBUG]  [TASK_PULL_THREAD] ready workers:16, pending tasks:0
2021-07-29 20:14:46.488 parsl:252 Rank:0 [DEBUG]  [TASK_PULL_THREAD] Requesting tasks: 16
2021-07-29 20:14:47.292 parsl:283 Rank:0 [DEBUG]  [TASK_PULL_THREAD] No incoming tasks
2021-07-29 20:14:47.293 parsl:244 Rank:0 [DEBUG]  [TASK_PULL_THREAD] ready workers:16, pending tasks:0
2021-07-29 20:14:47.293 parsl:252 Rank:0 [DEBUG]  [TASK_PULL_THREAD] Requesting tasks: 16
2021-07-29 20:14:48.895 parsl:283 Rank:0 [DEBUG]  [TASK_PULL_THREAD] No incoming tasks
2021-07-29 20:14:48.896 parsl:244 Rank:0 [DEBUG]  [TASK_PULL_THREAD] ready workers:16, pending tasks:0
2021-07-29 20:14:48.896 parsl:214 Rank:0 [DEBUG]  Return from heartbeat: None
2021-07-29 20:14:48.896 parsl:252 Rank:0 [DEBUG]  [TASK_PULL_THREAD] Requesting tasks: 16
2021-07-29 20:14:48.899 parsl:270 Rank:0 [DEBUG]  Got heartbeat from interchange
2021-07-29 20:14:48.899 parsl:244 Rank:0 [DEBUG]  [TASK_PULL_THREAD] ready workers:16, pending tasks:0
2021-07-29 20:14:48.899 parsl:252 Rank:0 [DEBUG]  [TASK_PULL_THREAD] Requesting tasks: 16
2021-07-29 20:14:48.900 parsl:283 Rank:0 [DEBUG]  [TASK_PULL_THREAD] No incoming tasks
2021-07-29 20:14:48.900 parsl:244 Rank:0 [DEBUG]  [TASK_PULL_THREAD] ready workers:16, pending tasks:0
2021-07-29 20:14:48.900 parsl:252 Rank:0 [DEBUG]  [TASK_PULL_THREAD] Requesting tasks: 16
2021-07-29 20:14:49.104 parsl:283 Rank:0 [DEBUG]  [TASK_PULL_THREAD] No incoming tasks
2021-07-29 20:14:49.104 parsl:244 Rank:0 [DEBUG]  [TASK_PULL_THREAD] ready workers:16, pending tasks:0
2021-07-29 20:14:49.104 parsl:252 Rank:0 [DEBUG]  [TASK_PULL_THREAD] Requesting tasks: 16
2021-07-29 20:14:49.508 parsl:283 Rank:0 [DEBUG]  [TASK_PULL_THREAD] No incoming tasks
2021-07-29 20:14:49.508 parsl:244 Rank:0 [DEBUG]  [TASK_PULL_THREAD] ready workers:16, pending tasks:0
2021-07-29 20:14:49.508 parsl:252 Rank:0 [DEBUG]  [TASK_PULL_THREAD] Requesting tasks: 16
2021-07-29 20:14:50.312 parsl:283 Rank:0 [DEBUG]  [TASK_PULL_THREAD] No incoming tasks
2021-07-29 20:14:50.312 parsl:244 Rank:0 [DEBUG]  [TASK_PULL_THREAD] ready workers:16, pending tasks:0
2021-07-29 20:14:50.312 parsl:252 Rank:0 [DEBUG]  [TASK_PULL_THREAD] Requesting tasks: 16
2021-07-29 20:14:51.919 parsl:283 Rank:0 [DEBUG]  [TASK_PULL_THREAD] No incoming tasks
2021-07-29 20:14:51.919 parsl:244 Rank:0 [DEBUG]  [TASK_PULL_THREAD] ready workers:16, pending tasks:0
2021-07-29 20:14:51.920 parsl:214 Rank:0 [DEBUG]  Return from heartbeat: None
2021-07-29 20:14:51.920 parsl:252 Rank:0 [DEBUG]  [TASK_PULL_THREAD] Requesting tasks: 16
2021-07-29 20:14:51.925 parsl:270 Rank:0 [DEBUG]  Got heartbeat from interchange
2021-07-29 20:14:51.925 parsl:244 Rank:0 [DEBUG]  [TASK_PULL_THREAD] ready workers:16, pending tasks:0
2021-07-29 20:14:51.926 parsl:252 Rank:0 [DEBUG]  [TASK_PULL_THREAD] Requesting tasks: 16
2021-07-29 20:14:51.926 parsl:283 Rank:0 [DEBUG]  [TASK_PULL_THREAD] No incoming tasks
2021-07-29 20:14:51.926 parsl:244 Rank:0 [DEBUG]  [TASK_PULL_THREAD] ready workers:16, pending tasks:0
2021-07-29 20:14:51.926 parsl:252 Rank:0 [DEBUG]  [TASK_PULL_THREAD] Requesting tasks: 16
2021-07-29 20:14:52.128 parsl:283 Rank:0 [DEBUG]  [TASK_PULL_THREAD] No incoming tasks
2021-07-29 20:14:52.128 parsl:244 Rank:0 [DEBUG]  [TASK_PULL_THREAD] ready workers:16, pending tasks:0
2021-07-29 20:14:52.128 parsl:252 Rank:0 [DEBUG]  [TASK_PULL_THREAD] Requesting tasks: 16
2021-07-29 20:14:52.532 parsl:283 Rank:0 [DEBUG]  [TASK_PULL_THREAD] No incoming tasks
2021-07-29 20:14:52.533 parsl:244 Rank:0 [DEBUG]  [TASK_PULL_THREAD] ready workers:16, pending tasks:0
2021-07-29 20:14:52.534 parsl:252 Rank:0 [DEBUG]  [TASK_PULL_THREAD] Requesting tasks: 16
2021-07-29 20:14:53.340 parsl:283 Rank:0 [DEBUG]  [TASK_PULL_THREAD] No incoming tasks
2021-07-29 20:14:53.340 parsl:244 Rank:0 [DEBUG]  [TASK_PULL_THREAD] ready workers:16, pending tasks:0
2021-07-29 20:14:53.341 parsl:252 Rank:0 [DEBUG]  [TASK_PULL_THREAD] Requesting tasks: 16
2021-07-29 20:14:54.942 parsl:283 Rank:0 [DEBUG]  [TASK_PULL_THREAD] No incoming tasks
2021-07-29 20:14:54.942 parsl:244 Rank:0 [DEBUG]  [TASK_PULL_THREAD] ready workers:16, pending tasks:0
2021-07-29 20:14:54.942 parsl:214 Rank:0 [DEBUG]  Return from heartbeat: None
2021-07-29 20:14:54.942 parsl:252 Rank:0 [DEBUG]  [TASK_PULL_THREAD] Requesting tasks: 16
2021-07-29 20:14:54.945 parsl:270 Rank:0 [DEBUG]  Got heartbeat from interchange
2021-07-29 20:14:54.945 parsl:244 Rank:0 [DEBUG]  [TASK_PULL_THREAD] ready workers:16, pending tasks:0
2021-07-29 20:14:54.945 parsl:252 Rank:0 [DEBUG]  [TASK_PULL_THREAD] Requesting tasks: 16
2021-07-29 20:14:54.945 parsl:283 Rank:0 [DEBUG]  [TASK_PULL_THREAD] No incoming tasks
2021-07-29 20:14:54.945 parsl:244 Rank:0 [DEBUG]  [TASK_PULL_THREAD] ready workers:16, pending tasks:0
2021-07-29 20:14:54.946 parsl:252 Rank:0 [DEBUG]  [TASK_PULL_THREAD] Requesting tasks: 16
2021-07-29 20:14:55.148 parsl:283 Rank:0 [DEBUG]  [TASK_PULL_THREAD] No incoming tasks
2021-07-29 20:14:55.148 parsl:244 Rank:0 [DEBUG]  [TASK_PULL_THREAD] ready workers:16, pending tasks:0
2021-07-29 20:14:55.149 parsl:252 Rank:0 [DEBUG]  [TASK_PULL_THREAD] Requesting tasks: 16
2021-07-29 20:14:55.564 parsl:283 Rank:0 [DEBUG]  [TASK_PULL_THREAD] No incoming tasks
2021-07-29 20:14:55.565 parsl:244 Rank:0 [DEBUG]  [TASK_PULL_THREAD] ready workers:16, pending tasks:0
2021-07-29 20:14:55.565 parsl:252 Rank:0 [DEBUG]  [TASK_PULL_THREAD] Requesting tasks: 16
2021-07-29 20:14:56.375 parsl:283 Rank:0 [DEBUG]  [TASK_PULL_THREAD] No incoming tasks
2021-07-29 20:14:56.375 parsl:244 Rank:0 [DEBUG]  [TASK_PULL_THREAD] ready workers:16, pending tasks:0
2021-07-29 20:14:56.375 parsl:252 Rank:0 [DEBUG]  [TASK_PULL_THREAD] Requesting tasks: 16
2021-07-29 20:14:57.981 parsl:283 Rank:0 [DEBUG]  [TASK_PULL_THREAD] No incoming tasks
2021-07-29 20:14:57.981 parsl:244 Rank:0 [DEBUG]  [TASK_PULL_THREAD] ready workers:16, pending tasks:0
2021-07-29 20:14:57.982 parsl:214 Rank:0 [DEBUG]  Return from heartbeat: None
2021-07-29 20:14:57.982 parsl:252 Rank:0 [DEBUG]  [TASK_PULL_THREAD] Requesting tasks: 16
2021-07-29 20:14:57.986 parsl:270 Rank:0 [DEBUG]  Got heartbeat from interchange
2021-07-29 20:14:57.986 parsl:244 Rank:0 [DEBUG]  [TASK_PULL_THREAD] ready workers:16, pending tasks:0
2021-07-29 20:14:57.986 parsl:252 Rank:0 [DEBUG]  [TASK_PULL_THREAD] Requesting tasks: 16
2021-07-29 20:14:57.987 parsl:283 Rank:0 [DEBUG]  [TASK_PULL_THREAD] No incoming tasks
2021-07-29 20:14:57.987 parsl:244 Rank:0 [DEBUG]  [TASK_PULL_THREAD] ready workers:16, pending tasks:0
2021-07-29 20:14:57.987 parsl:252 Rank:0 [DEBUG]  [TASK_PULL_THREAD] Requesting tasks: 16
2021-07-29 20:14:58.189 parsl:283 Rank:0 [DEBUG]  [TASK_PULL_THREAD] No incoming tasks
2021-07-29 20:14:58.189 parsl:244 Rank:0 [DEBUG]  [TASK_PULL_THREAD] ready workers:16, pending tasks:0
2021-07-29 20:14:58.189 parsl:252 Rank:0 [DEBUG]  [TASK_PULL_THREAD] Requesting tasks: 16
2021-07-29 20:14:58.592 parsl:283 Rank:0 [DEBUG]  [TASK_PULL_THREAD] No incoming tasks
2021-07-29 20:14:58.593 parsl:244 Rank:0 [DEBUG]  [TASK_PULL_THREAD] ready workers:16, pending tasks:0
2021-07-29 20:14:58.593 parsl:252 Rank:0 [DEBUG]  [TASK_PULL_THREAD] Requesting tasks: 16
2021-07-29 20:14:59.397 parsl:283 Rank:0 [DEBUG]  [TASK_PULL_THREAD] No incoming tasks
2021-07-29 20:14:59.397 parsl:244 Rank:0 [DEBUG]  [TASK_PULL_THREAD] ready workers:16, pending tasks:0
2021-07-29 20:14:59.397 parsl:252 Rank:0 [DEBUG]  [TASK_PULL_THREAD] Requesting tasks: 16
2021-07-29 20:15:01.001 parsl:283 Rank:0 [DEBUG]  [TASK_PULL_THREAD] No incoming tasks
2021-07-29 20:15:01.002 parsl:244 Rank:0 [DEBUG]  [TASK_PULL_THREAD] ready workers:16, pending tasks:0
2021-07-29 20:15:01.002 parsl:214 Rank:0 [DEBUG]  Return from heartbeat: None
2021-07-29 20:15:01.002 parsl:252 Rank:0 [DEBUG]  [TASK_PULL_THREAD] Requesting tasks: 16
2021-07-29 20:15:01.009 parsl:270 Rank:0 [DEBUG]  Got heartbeat from interchange
2021-07-29 20:15:01.009 parsl:244 Rank:0 [DEBUG]  [TASK_PULL_THREAD] ready workers:16, pending tasks:0
2021-07-29 20:15:01.009 parsl:252 Rank:0 [DEBUG]  [TASK_PULL_THREAD] Requesting tasks: 16
2021-07-29 20:15:01.010 parsl:283 Rank:0 [DEBUG]  [TASK_PULL_THREAD] No incoming tasks
2021-07-29 20:15:01.010 parsl:244 Rank:0 [DEBUG]  [TASK_PULL_THREAD] ready workers:16, pending tasks:0
2021-07-29 20:15:01.010 parsl:252 Rank:0 [DEBUG]  [TASK_PULL_THREAD] Requesting tasks: 16
2021-07-29 20:15:01.034 parsl:274 Rank:0 [DEBUG]  [TASK_PULL_THREAD] Got tasks: [8] of 1
2021-07-29 20:15:01.036 parsl:244 Rank:0 [DEBUG]  [TASK_PULL_THREAD] ready workers:16, pending tasks:1
2021-07-29 20:15:01.037 parsl:252 Rank:0 [DEBUG]  [TASK_PULL_THREAD] Requesting tasks: 16
2021-07-29 20:15:01.038 parsl:283 Rank:0 [DEBUG]  [TASK_PULL_THREAD] No incoming tasks
2021-07-29 20:15:01.038 parsl:244 Rank:0 [DEBUG]  [TASK_PULL_THREAD] ready workers:16, pending tasks:0
2021-07-29 20:15:01.040 parsl:252 Rank:0 [DEBUG]  [TASK_PULL_THREAD] Requesting tasks: 16
2021-07-29 20:15:01.049 parsl:274 Rank:0 [DEBUG]  [TASK_PULL_THREAD] Got tasks: [10] of 2
2021-07-29 20:15:01.049 parsl:244 Rank:0 [DEBUG]  [TASK_PULL_THREAD] ready workers:15, pending tasks:1
2021-07-29 20:15:01.049 parsl:252 Rank:0 [DEBUG]  [TASK_PULL_THREAD] Requesting tasks: 15
2021-07-29 20:15:01.050 parsl:283 Rank:0 [DEBUG]  [TASK_PULL_THREAD] No incoming tasks
2021-07-29 20:15:01.051 parsl:244 Rank:0 [DEBUG]  [TASK_PULL_THREAD] ready workers:15, pending tasks:0
2021-07-29 20:15:01.052 parsl:252 Rank:0 [DEBUG]  [TASK_PULL_THREAD] Requesting tasks: 15
2021-07-29 20:15:01.054 parsl.process_loggers:28 Rank:0 [DEBUG]  Normal ending for send_first_message on thread MainThread
2021-07-29 20:15:01.070 parsl.process_loggers:28 Rank:0 [DEBUG]  Normal ending for send_first_message on thread MainThread
2021-07-29 20:15:01.258 parsl:283 Rank:0 [DEBUG]  [TASK_PULL_THREAD] No incoming tasks
2021-07-29 20:15:01.258 parsl:244 Rank:0 [DEBUG]  [TASK_PULL_THREAD] ready workers:14, pending tasks:0
2021-07-29 20:15:01.258 parsl:252 Rank:0 [DEBUG]  [TASK_PULL_THREAD] Requesting tasks: 14
2021-07-29 20:15:01.663 parsl:283 Rank:0 [DEBUG]  [TASK_PULL_THREAD] No incoming tasks
2021-07-29 20:15:01.663 parsl:244 Rank:0 [DEBUG]  [TASK_PULL_THREAD] ready workers:14, pending tasks:0
2021-07-29 20:15:01.663 parsl:252 Rank:0 [DEBUG]  [TASK_PULL_THREAD] Requesting tasks: 14
2021-07-29 20:15:02.465 parsl:283 Rank:0 [DEBUG]  [TASK_PULL_THREAD] No incoming tasks
2021-07-29 20:15:02.465 parsl:244 Rank:0 [DEBUG]  [TASK_PULL_THREAD] ready workers:14, pending tasks:0
2021-07-29 20:15:02.466 parsl:252 Rank:0 [DEBUG]  [TASK_PULL_THREAD] Requesting tasks: 14
2021-07-29 20:15:04.069 parsl:283 Rank:0 [DEBUG]  [TASK_PULL_THREAD] No incoming tasks
2021-07-29 20:15:04.069 parsl:244 Rank:0 [DEBUG]  [TASK_PULL_THREAD] ready workers:16, pending tasks:0
2021-07-29 20:15:04.070 parsl:214 Rank:0 [DEBUG]  Return from heartbeat: None
2021-07-29 20:15:04.070 parsl:252 Rank:0 [DEBUG]  [TASK_PULL_THREAD] Requesting tasks: 16
2021-07-29 20:15:04.072 parsl:270 Rank:0 [DEBUG]  Got heartbeat from interchange
2021-07-29 20:15:04.072 parsl:244 Rank:0 [DEBUG]  [TASK_PULL_THREAD] ready workers:16, pending tasks:0
2021-07-29 20:15:04.072 parsl:252 Rank:0 [DEBUG]  [TASK_PULL_THREAD] Requesting tasks: 16
2021-07-29 20:15:04.072 parsl:283 Rank:0 [DEBUG]  [TASK_PULL_THREAD] No incoming tasks
2021-07-29 20:15:04.072 parsl:244 Rank:0 [DEBUG]  [TASK_PULL_THREAD] ready workers:16, pending tasks:0
2021-07-29 20:15:04.072 parsl:252 Rank:0 [DEBUG]  [TASK_PULL_THREAD] Requesting tasks: 16
2021-07-29 20:15:04.276 parsl:283 Rank:0 [DEBUG]  [TASK_PULL_THREAD] No incoming tasks
2021-07-29 20:15:04.276 parsl:244 Rank:0 [DEBUG]  [TASK_PULL_THREAD] ready workers:16, pending tasks:0
2021-07-29 20:15:04.276 parsl:252 Rank:0 [DEBUG]  [TASK_PULL_THREAD] Requesting tasks: 16
2021-07-29 20:15:04.680 parsl:283 Rank:0 [DEBUG]  [TASK_PULL_THREAD] No incoming tasks
2021-07-29 20:15:04.681 parsl:244 Rank:0 [DEBUG]  [TASK_PULL_THREAD] ready workers:16, pending tasks:0
2021-07-29 20:15:04.681 parsl:252 Rank:0 [DEBUG]  [TASK_PULL_THREAD] Requesting tasks: 16
2021-07-29 20:15:05.485 parsl:283 Rank:0 [DEBUG]  [TASK_PULL_THREAD] No incoming tasks
2021-07-29 20:15:05.485 parsl:244 Rank:0 [DEBUG]  [TASK_PULL_THREAD] ready workers:16, pending tasks:0
2021-07-29 20:15:05.485 parsl:252 Rank:0 [DEBUG]  [TASK_PULL_THREAD] Requesting tasks: 16
2021-07-29 20:15:07.088 parsl:283 Rank:0 [DEBUG]  [TASK_PULL_THREAD] No incoming tasks
2021-07-29 20:15:07.089 parsl:244 Rank:0 [DEBUG]  [TASK_PULL_THREAD] ready workers:16, pending tasks:0
2021-07-29 20:15:07.089 parsl:214 Rank:0 [DEBUG]  Return from heartbeat: None
2021-07-29 20:15:07.089 parsl:252 Rank:0 [DEBUG]  [TASK_PULL_THREAD] Requesting tasks: 16
2021-07-29 20:15:07.092 parsl:270 Rank:0 [DEBUG]  Got heartbeat from interchange
2021-07-29 20:15:07.092 parsl:244 Rank:0 [DEBUG]  [TASK_PULL_THREAD] ready workers:16, pending tasks:0
2021-07-29 20:15:07.092 parsl:252 Rank:0 [DEBUG]  [TASK_PULL_THREAD] Requesting tasks: 16
2021-07-29 20:15:07.092 parsl:283 Rank:0 [DEBUG]  [TASK_PULL_THREAD] No incoming tasks
2021-07-29 20:15:07.093 parsl:244 Rank:0 [DEBUG]  [TASK_PULL_THREAD] ready workers:16, pending tasks:0
2021-07-29 20:15:07.093 parsl:252 Rank:0 [DEBUG]  [TASK_PULL_THREAD] Requesting tasks: 16
2021-07-29 20:15:07.295 parsl:283 Rank:0 [DEBUG]  [TASK_PULL_THREAD] No incoming tasks
2021-07-29 20:15:07.295 parsl:244 Rank:0 [DEBUG]  [TASK_PULL_THREAD] ready workers:16, pending tasks:0
2021-07-29 20:15:07.295 parsl:252 Rank:0 [DEBUG]  [TASK_PULL_THREAD] Requesting tasks: 16
2021-07-29 20:15:07.701 parsl:283 Rank:0 [DEBUG]  [TASK_PULL_THREAD] No incoming tasks
2021-07-29 20:15:07.702 parsl:244 Rank:0 [DEBUG]  [TASK_PULL_THREAD] ready workers:16, pending tasks:0
2021-07-29 20:15:07.702 parsl:252 Rank:0 [DEBUG]  [TASK_PULL_THREAD] Requesting tasks: 16
2021-07-29 20:15:08.503 parsl:283 Rank:0 [DEBUG]  [TASK_PULL_THREAD] No incoming tasks
2021-07-29 20:15:08.504 parsl:244 Rank:0 [DEBUG]  [TASK_PULL_THREAD] ready workers:16, pending tasks:0
2021-07-29 20:15:08.504 parsl:252 Rank:0 [DEBUG]  [TASK_PULL_THREAD] Requesting tasks: 16
2021-07-29 20:15:10.105 parsl:283 Rank:0 [DEBUG]  [TASK_PULL_THREAD] No incoming tasks
2021-07-29 20:15:10.106 parsl:244 Rank:0 [DEBUG]  [TASK_PULL_THREAD] ready workers:16, pending tasks:0
2021-07-29 20:15:10.107 parsl:214 Rank:0 [DEBUG]  Return from heartbeat: None
2021-07-29 20:15:10.107 parsl:252 Rank:0 [DEBUG]  [TASK_PULL_THREAD] Requesting tasks: 16
2021-07-29 20:15:10.111 parsl:270 Rank:0 [DEBUG]  Got heartbeat from interchange
2021-07-29 20:15:10.111 parsl:244 Rank:0 [DEBUG]  [TASK_PULL_THREAD] ready workers:16, pending tasks:0
2021-07-29 20:15:10.112 parsl:252 Rank:0 [DEBUG]  [TASK_PULL_THREAD] Requesting tasks: 16
2021-07-29 20:15:10.112 parsl:283 Rank:0 [DEBUG]  [TASK_PULL_THREAD] No incoming tasks
2021-07-29 20:15:10.112 parsl:244 Rank:0 [DEBUG]  [TASK_PULL_THREAD] ready workers:16, pending tasks:0
2021-07-29 20:15:10.112 parsl:252 Rank:0 [DEBUG]  [TASK_PULL_THREAD] Requesting tasks: 16
2021-07-29 20:15:10.318 parsl:283 Rank:0 [DEBUG]  [TASK_PULL_THREAD] No incoming tasks
2021-07-29 20:15:10.318 parsl:244 Rank:0 [DEBUG]  [TASK_PULL_THREAD] ready workers:16, pending tasks:0
2021-07-29 20:15:10.319 parsl:252 Rank:0 [DEBUG]  [TASK_PULL_THREAD] Requesting tasks: 16
2021-07-29 20:15:10.728 parsl:283 Rank:0 [DEBUG]  [TASK_PULL_THREAD] No incoming tasks
2021-07-29 20:15:10.729 parsl:244 Rank:0 [DEBUG]  [TASK_PULL_THREAD] ready workers:16, pending tasks:0
2021-07-29 20:15:10.729 parsl:252 Rank:0 [DEBUG]  [TASK_PULL_THREAD] Requesting tasks: 16
2021-07-29 20:15:11.530 parsl:283 Rank:0 [DEBUG]  [TASK_PULL_THREAD] No incoming tasks
2021-07-29 20:15:11.530 parsl:244 Rank:0 [DEBUG]  [TASK_PULL_THREAD] ready workers:16, pending tasks:0
2021-07-29 20:15:11.531 parsl:252 Rank:0 [DEBUG]  [TASK_PULL_THREAD] Requesting tasks: 16
2021-07-29 20:15:13.131 parsl:283 Rank:0 [DEBUG]  [TASK_PULL_THREAD] No incoming tasks
2021-07-29 20:15:13.132 parsl:244 Rank:0 [DEBUG]  [TASK_PULL_THREAD] ready workers:16, pending tasks:0
2021-07-29 20:15:13.133 parsl:214 Rank:0 [DEBUG]  Return from heartbeat: None
2021-07-29 20:15:13.133 parsl:252 Rank:0 [DEBUG]  [TASK_PULL_THREAD] Requesting tasks: 16
2021-07-29 20:15:13.134 parsl:270 Rank:0 [DEBUG]  Got heartbeat from interchange
2021-07-29 20:15:13.134 parsl:244 Rank:0 [DEBUG]  [TASK_PULL_THREAD] ready workers:16, pending tasks:0
2021-07-29 20:15:13.134 parsl:252 Rank:0 [DEBUG]  [TASK_PULL_THREAD] Requesting tasks: 16
2021-07-29 20:15:13.135 parsl:283 Rank:0 [DEBUG]  [TASK_PULL_THREAD] No incoming tasks
2021-07-29 20:15:13.135 parsl:244 Rank:0 [DEBUG]  [TASK_PULL_THREAD] ready workers:16, pending tasks:0
2021-07-29 20:15:13.135 parsl:252 Rank:0 [DEBUG]  [TASK_PULL_THREAD] Requesting tasks: 16
2021-07-29 20:15:13.338 parsl:283 Rank:0 [DEBUG]  [TASK_PULL_THREAD] No incoming tasks
2021-07-29 20:15:13.339 parsl:244 Rank:0 [DEBUG]  [TASK_PULL_THREAD] ready workers:16, pending tasks:0
2021-07-29 20:15:13.339 parsl:252 Rank:0 [DEBUG]  [TASK_PULL_THREAD] Requesting tasks: 16
2021-07-29 20:15:13.743 parsl:283 Rank:0 [DEBUG]  [TASK_PULL_THREAD] No incoming tasks
2021-07-29 20:15:13.744 parsl:244 Rank:0 [DEBUG]  [TASK_PULL_THREAD] ready workers:16, pending tasks:0
2021-07-29 20:15:13.744 parsl:252 Rank:0 [DEBUG]  [TASK_PULL_THREAD] Requesting tasks: 16
2021-07-29 20:15:14.544 parsl:283 Rank:0 [DEBUG]  [TASK_PULL_THREAD] No incoming tasks
2021-07-29 20:15:14.545 parsl:244 Rank:0 [DEBUG]  [TASK_PULL_THREAD] ready workers:16, pending tasks:0
2021-07-29 20:15:14.545 parsl:252 Rank:0 [DEBUG]  [TASK_PULL_THREAD] Requesting tasks: 16
2021-07-29 20:15:16.147 parsl:283 Rank:0 [DEBUG]  [TASK_PULL_THREAD] No incoming tasks
2021-07-29 20:15:16.147 parsl:244 Rank:0 [DEBUG]  [TASK_PULL_THREAD] ready workers:16, pending tasks:0
2021-07-29 20:15:16.147 parsl:214 Rank:0 [DEBUG]  Return from heartbeat: None
2021-07-29 20:15:16.148 parsl:252 Rank:0 [DEBUG]  [TASK_PULL_THREAD] Requesting tasks: 16
2021-07-29 20:15:16.150 parsl:270 Rank:0 [DEBUG]  Got heartbeat from interchange
2021-07-29 20:15:16.150 parsl:244 Rank:0 [DEBUG]  [TASK_PULL_THREAD] ready workers:16, pending tasks:0
2021-07-29 20:15:16.151 parsl:252 Rank:0 [DEBUG]  [TASK_PULL_THREAD] Requesting tasks: 16
2021-07-29 20:15:16.151 parsl:283 Rank:0 [DEBUG]  [TASK_PULL_THREAD] No incoming tasks
2021-07-29 20:15:16.151 parsl:244 Rank:0 [DEBUG]  [TASK_PULL_THREAD] ready workers:16, pending tasks:0
2021-07-29 20:15:16.151 parsl:252 Rank:0 [DEBUG]  [TASK_PULL_THREAD] Requesting tasks: 16
2021-07-29 20:15:16.355 parsl:283 Rank:0 [DEBUG]  [TASK_PULL_THREAD] No incoming tasks
2021-07-29 20:15:16.355 parsl:244 Rank:0 [DEBUG]  [TASK_PULL_THREAD] ready workers:16, pending tasks:0
2021-07-29 20:15:16.355 parsl:252 Rank:0 [DEBUG]  [TASK_PULL_THREAD] Requesting tasks: 16
2021-07-29 20:15:16.756 parsl:283 Rank:0 [DEBUG]  [TASK_PULL_THREAD] No incoming tasks
2021-07-29 20:15:16.756 parsl:244 Rank:0 [DEBUG]  [TASK_PULL_THREAD] ready workers:16, pending tasks:0
2021-07-29 20:15:16.756 parsl:252 Rank:0 [DEBUG]  [TASK_PULL_THREAD] Requesting tasks: 16
2021-07-29 20:15:17.561 parsl:283 Rank:0 [DEBUG]  [TASK_PULL_THREAD] No incoming tasks
2021-07-29 20:15:17.562 parsl:244 Rank:0 [DEBUG]  [TASK_PULL_THREAD] ready workers:16, pending tasks:0
2021-07-29 20:15:17.562 parsl:252 Rank:0 [DEBUG]  [TASK_PULL_THREAD] Requesting tasks: 16
2021-07-29 20:15:19.166 parsl:283 Rank:0 [DEBUG]  [TASK_PULL_THREAD] No incoming tasks
2021-07-29 20:15:19.166 parsl:244 Rank:0 [DEBUG]  [TASK_PULL_THREAD] ready workers:16, pending tasks:0
2021-07-29 20:15:19.166 parsl:214 Rank:0 [DEBUG]  Return from heartbeat: None
2021-07-29 20:15:19.167 parsl:252 Rank:0 [DEBUG]  [TASK_PULL_THREAD] Requesting tasks: 16
2021-07-29 20:15:19.168 parsl:270 Rank:0 [DEBUG]  Got heartbeat from interchange
2021-07-29 20:15:19.168 parsl:244 Rank:0 [DEBUG]  [TASK_PULL_THREAD] ready workers:16, pending tasks:0
2021-07-29 20:15:19.168 parsl:252 Rank:0 [DEBUG]  [TASK_PULL_THREAD] Requesting tasks: 16
2021-07-29 20:15:19.169 parsl:283 Rank:0 [DEBUG]  [TASK_PULL_THREAD] No incoming tasks
2021-07-29 20:15:19.169 parsl:244 Rank:0 [DEBUG]  [TASK_PULL_THREAD] ready workers:16, pending tasks:0
2021-07-29 20:15:19.169 parsl:252 Rank:0 [DEBUG]  [TASK_PULL_THREAD] Requesting tasks: 16
2021-07-29 20:15:19.373 parsl:283 Rank:0 [DEBUG]  [TASK_PULL_THREAD] No incoming tasks
2021-07-29 20:15:19.375 parsl:244 Rank:0 [DEBUG]  [TASK_PULL_THREAD] ready workers:16, pending tasks:0
2021-07-29 20:15:19.379 parsl:252 Rank:0 [DEBUG]  [TASK_PULL_THREAD] Requesting tasks: 16
2021-07-29 20:15:19.782 parsl:283 Rank:0 [DEBUG]  [TASK_PULL_THREAD] No incoming tasks
2021-07-29 20:15:19.782 parsl:244 Rank:0 [DEBUG]  [TASK_PULL_THREAD] ready workers:16, pending tasks:0
2021-07-29 20:15:19.782 parsl:252 Rank:0 [DEBUG]  [TASK_PULL_THREAD] Requesting tasks: 16
2021-07-29 20:15:20.586 parsl:283 Rank:0 [DEBUG]  [TASK_PULL_THREAD] No incoming tasks
2021-07-29 20:15:20.586 parsl:244 Rank:0 [DEBUG]  [TASK_PULL_THREAD] ready workers:16, pending tasks:0
2021-07-29 20:15:20.587 parsl:252 Rank:0 [DEBUG]  [TASK_PULL_THREAD] Requesting tasks: 16
2021-07-29 20:15:22.190 parsl:283 Rank:0 [DEBUG]  [TASK_PULL_THREAD] No incoming tasks
2021-07-29 20:15:22.190 parsl:244 Rank:0 [DEBUG]  [TASK_PULL_THREAD] ready workers:16, pending tasks:0
2021-07-29 20:15:22.190 parsl:214 Rank:0 [DEBUG]  Return from heartbeat: None
2021-07-29 20:15:22.191 parsl:252 Rank:0 [DEBUG]  [TASK_PULL_THREAD] Requesting tasks: 16
2021-07-29 20:15:22.193 parsl:270 Rank:0 [DEBUG]  Got heartbeat from interchange
2021-07-29 20:15:22.193 parsl:244 Rank:0 [DEBUG]  [TASK_PULL_THREAD] ready workers:16, pending tasks:0
2021-07-29 20:15:22.194 parsl:252 Rank:0 [DEBUG]  [TASK_PULL_THREAD] Requesting tasks: 16
2021-07-29 20:15:22.194 parsl:283 Rank:0 [DEBUG]  [TASK_PULL_THREAD] No incoming tasks
2021-07-29 20:15:22.194 parsl:244 Rank:0 [DEBUG]  [TASK_PULL_THREAD] ready workers:16, pending tasks:0
2021-07-29 20:15:22.194 parsl:252 Rank:0 [DEBUG]  [TASK_PULL_THREAD] Requesting tasks: 16
2021-07-29 20:15:22.399 parsl:283 Rank:0 [DEBUG]  [TASK_PULL_THREAD] No incoming tasks
2021-07-29 20:15:22.400 parsl:244 Rank:0 [DEBUG]  [TASK_PULL_THREAD] ready workers:16, pending tasks:0
2021-07-29 20:15:22.400 parsl:252 Rank:0 [DEBUG]  [TASK_PULL_THREAD] Requesting tasks: 16
2021-07-29 20:15:22.802 parsl:283 Rank:0 [DEBUG]  [TASK_PULL_THREAD] No incoming tasks
2021-07-29 20:15:22.803 parsl:244 Rank:0 [DEBUG]  [TASK_PULL_THREAD] ready workers:16, pending tasks:0
2021-07-29 20:15:22.803 parsl:252 Rank:0 [DEBUG]  [TASK_PULL_THREAD] Requesting tasks: 16
2021-07-29 20:15:23.605 parsl:283 Rank:0 [DEBUG]  [TASK_PULL_THREAD] No incoming tasks
2021-07-29 20:15:23.605 parsl:244 Rank:0 [DEBUG]  [TASK_PULL_THREAD] ready workers:16, pending tasks:0
2021-07-29 20:15:23.605 parsl:252 Rank:0 [DEBUG]  [TASK_PULL_THREAD] Requesting tasks: 16
2021-07-29 20:15:25.209 parsl:283 Rank:0 [DEBUG]  [TASK_PULL_THREAD] No incoming tasks
2021-07-29 20:15:25.211 parsl:244 Rank:0 [DEBUG]  [TASK_PULL_THREAD] ready workers:16, pending tasks:0
2021-07-29 20:15:25.212 parsl:214 Rank:0 [DEBUG]  Return from heartbeat: None
2021-07-29 20:15:25.212 parsl:252 Rank:0 [DEBUG]  [TASK_PULL_THREAD] Requesting tasks: 16
2021-07-29 20:15:25.216 parsl:270 Rank:0 [DEBUG]  Got heartbeat from interchange
2021-07-29 20:15:25.216 parsl:244 Rank:0 [DEBUG]  [TASK_PULL_THREAD] ready workers:16, pending tasks:0
2021-07-29 20:15:25.216 parsl:252 Rank:0 [DEBUG]  [TASK_PULL_THREAD] Requesting tasks: 16
2021-07-29 20:15:25.217 parsl:283 Rank:0 [DEBUG]  [TASK_PULL_THREAD] No incoming tasks
2021-07-29 20:15:25.218 parsl:244 Rank:0 [DEBUG]  [TASK_PULL_THREAD] ready workers:16, pending tasks:0
2021-07-29 20:15:25.218 parsl:252 Rank:0 [DEBUG]  [TASK_PULL_THREAD] Requesting tasks: 16
2021-07-29 20:15:25.424 parsl:283 Rank:0 [DEBUG]  [TASK_PULL_THREAD] No incoming tasks
2021-07-29 20:15:25.424 parsl:244 Rank:0 [DEBUG]  [TASK_PULL_THREAD] ready workers:16, pending tasks:0
2021-07-29 20:15:25.425 parsl:252 Rank:0 [DEBUG]  [TASK_PULL_THREAD] Requesting tasks: 16
2021-07-29 20:15:25.829 parsl:283 Rank:0 [DEBUG]  [TASK_PULL_THREAD] No incoming tasks
2021-07-29 20:15:25.829 parsl:244 Rank:0 [DEBUG]  [TASK_PULL_THREAD] ready workers:16, pending tasks:0
2021-07-29 20:15:25.830 parsl:252 Rank:0 [DEBUG]  [TASK_PULL_THREAD] Requesting tasks: 16
2021-07-29 20:15:26.632 parsl:283 Rank:0 [DEBUG]  [TASK_PULL_THREAD] No incoming tasks
2021-07-29 20:15:26.632 parsl:244 Rank:0 [DEBUG]  [TASK_PULL_THREAD] ready workers:16, pending tasks:0
2021-07-29 20:15:26.632 parsl:252 Rank:0 [DEBUG]  [TASK_PULL_THREAD] Requesting tasks: 16
2021-07-29 20:15:27.160 parsl:274 Rank:0 [DEBUG]  [TASK_PULL_THREAD] Got tasks: [21] of 3
2021-07-29 20:15:27.160 parsl:244 Rank:0 [DEBUG]  [TASK_PULL_THREAD] ready workers:16, pending tasks:1
2021-07-29 20:15:27.162 parsl:252 Rank:0 [DEBUG]  [TASK_PULL_THREAD] Requesting tasks: 16
2021-07-29 20:15:27.162 parsl:283 Rank:0 [DEBUG]  [TASK_PULL_THREAD] No incoming tasks
2021-07-29 20:15:27.162 parsl:244 Rank:0 [DEBUG]  [TASK_PULL_THREAD] ready workers:16, pending tasks:0
2021-07-29 20:15:27.163 parsl:252 Rank:0 [DEBUG]  [TASK_PULL_THREAD] Requesting tasks: 16
2021-07-29 20:15:27.172 parsl.process_loggers:28 Rank:0 [DEBUG]  Normal ending for send_first_message on thread MainThread
2021-07-29 20:15:27.363 parsl:283 Rank:0 [DEBUG]  [TASK_PULL_THREAD] No incoming tasks
2021-07-29 20:15:27.363 parsl:244 Rank:0 [DEBUG]  [TASK_PULL_THREAD] ready workers:15, pending tasks:0
2021-07-29 20:15:27.364 parsl:214 Rank:0 [DEBUG]  Return from heartbeat: None
2021-07-29 20:15:27.364 parsl:252 Rank:0 [DEBUG]  [TASK_PULL_THREAD] Requesting tasks: 15
2021-07-29 20:15:27.366 parsl:270 Rank:0 [DEBUG]  Got heartbeat from interchange
2021-07-29 20:15:27.366 parsl:244 Rank:0 [DEBUG]  [TASK_PULL_THREAD] ready workers:15, pending tasks:0
2021-07-29 20:15:27.366 parsl:252 Rank:0 [DEBUG]  [TASK_PULL_THREAD] Requesting tasks: 15
2021-07-29 20:15:27.367 parsl:283 Rank:0 [DEBUG]  [TASK_PULL_THREAD] No incoming tasks
2021-07-29 20:15:27.367 parsl:244 Rank:0 [DEBUG]  [TASK_PULL_THREAD] ready workers:15, pending tasks:0
2021-07-29 20:15:27.367 parsl:252 Rank:0 [DEBUG]  [TASK_PULL_THREAD] Requesting tasks: 15
2021-07-29 20:15:27.570 parsl:283 Rank:0 [DEBUG]  [TASK_PULL_THREAD] No incoming tasks
2021-07-29 20:15:27.572 parsl:244 Rank:0 [DEBUG]  [TASK_PULL_THREAD] ready workers:15, pending tasks:0
2021-07-29 20:15:27.573 parsl:252 Rank:0 [DEBUG]  [TASK_PULL_THREAD] Requesting tasks: 15
2021-07-29 20:15:27.973 parsl:283 Rank:0 [DEBUG]  [TASK_PULL_THREAD] No incoming tasks
2021-07-29 20:15:27.974 parsl:244 Rank:0 [DEBUG]  [TASK_PULL_THREAD] ready workers:15, pending tasks:0
2021-07-29 20:15:27.974 parsl:252 Rank:0 [DEBUG]  [TASK_PULL_THREAD] Requesting tasks: 15
2021-07-29 20:15:28.777 parsl:283 Rank:0 [DEBUG]  [TASK_PULL_THREAD] No incoming tasks
2021-07-29 20:15:28.777 parsl:244 Rank:0 [DEBUG]  [TASK_PULL_THREAD] ready workers:15, pending tasks:0
2021-07-29 20:15:28.777 parsl:252 Rank:0 [DEBUG]  [TASK_PULL_THREAD] Requesting tasks: 15
2021-07-29 20:15:30.381 parsl:283 Rank:0 [DEBUG]  [TASK_PULL_THREAD] No incoming tasks
2021-07-29 20:15:30.381 parsl:244 Rank:0 [DEBUG]  [TASK_PULL_THREAD] ready workers:15, pending tasks:0
2021-07-29 20:15:30.381 parsl:214 Rank:0 [DEBUG]  Return from heartbeat: None
2021-07-29 20:15:30.382 parsl:252 Rank:0 [DEBUG]  [TASK_PULL_THREAD] Requesting tasks: 15
2021-07-29 20:15:30.385 parsl:270 Rank:0 [DEBUG]  Got heartbeat from interchange
2021-07-29 20:15:30.386 parsl:244 Rank:0 [DEBUG]  [TASK_PULL_THREAD] ready workers:15, pending tasks:0
2021-07-29 20:15:30.386 parsl:252 Rank:0 [DEBUG]  [TASK_PULL_THREAD] Requesting tasks: 15
2021-07-29 20:15:30.386 parsl:283 Rank:0 [DEBUG]  [TASK_PULL_THREAD] No incoming tasks
2021-07-29 20:15:30.386 parsl:244 Rank:0 [DEBUG]  [TASK_PULL_THREAD] ready workers:15, pending tasks:0
2021-07-29 20:15:30.387 parsl:252 Rank:0 [DEBUG]  [TASK_PULL_THREAD] Requesting tasks: 15
2021-07-29 20:15:30.589 parsl:283 Rank:0 [DEBUG]  [TASK_PULL_THREAD] No incoming tasks
2021-07-29 20:15:30.589 parsl:244 Rank:0 [DEBUG]  [TASK_PULL_THREAD] ready workers:15, pending tasks:0
2021-07-29 20:15:30.589 parsl:252 Rank:0 [DEBUG]  [TASK_PULL_THREAD] Requesting tasks: 15
2021-07-29 20:15:30.994 parsl:283 Rank:0 [DEBUG]  [TASK_PULL_THREAD] No incoming tasks
2021-07-29 20:15:30.994 parsl:244 Rank:0 [DEBUG]  [TASK_PULL_THREAD] ready workers:15, pending tasks:0
2021-07-29 20:15:30.994 parsl:252 Rank:0 [DEBUG]  [TASK_PULL_THREAD] Requesting tasks: 15
2021-07-29 20:15:31.800 parsl:283 Rank:0 [DEBUG]  [TASK_PULL_THREAD] No incoming tasks
2021-07-29 20:15:31.800 parsl:244 Rank:0 [DEBUG]  [TASK_PULL_THREAD] ready workers:15, pending tasks:0
2021-07-29 20:15:31.800 parsl:252 Rank:0 [DEBUG]  [TASK_PULL_THREAD] Requesting tasks: 15
2021-07-29 20:15:33.401 parsl:283 Rank:0 [DEBUG]  [TASK_PULL_THREAD] No incoming tasks
2021-07-29 20:15:33.402 parsl:244 Rank:0 [DEBUG]  [TASK_PULL_THREAD] ready workers:16, pending tasks:0
2021-07-29 20:15:33.402 parsl:214 Rank:0 [DEBUG]  Return from heartbeat: None
2021-07-29 20:15:33.402 parsl:252 Rank:0 [DEBUG]  [TASK_PULL_THREAD] Requesting tasks: 16
2021-07-29 20:15:33.406 parsl:270 Rank:0 [DEBUG]  Got heartbeat from interchange
2021-07-29 20:15:33.407 parsl:244 Rank:0 [DEBUG]  [TASK_PULL_THREAD] ready workers:16, pending tasks:0
2021-07-29 20:15:33.407 parsl:252 Rank:0 [DEBUG]  [TASK_PULL_THREAD] Requesting tasks: 16
2021-07-29 20:15:33.408 parsl:283 Rank:0 [DEBUG]  [TASK_PULL_THREAD] No incoming tasks
2021-07-29 20:15:33.408 parsl:244 Rank:0 [DEBUG]  [TASK_PULL_THREAD] ready workers:16, pending tasks:0
2021-07-29 20:15:33.408 parsl:252 Rank:0 [DEBUG]  [TASK_PULL_THREAD] Requesting tasks: 16
2021-07-29 20:15:33.609 parsl:283 Rank:0 [DEBUG]  [TASK_PULL_THREAD] No incoming tasks
2021-07-29 20:15:33.609 parsl:244 Rank:0 [DEBUG]  [TASK_PULL_THREAD] ready workers:16, pending tasks:0
2021-07-29 20:15:33.610 parsl:252 Rank:0 [DEBUG]  [TASK_PULL_THREAD] Requesting tasks: 16
2021-07-29 20:15:34.012 parsl:283 Rank:0 [DEBUG]  [TASK_PULL_THREAD] No incoming tasks
2021-07-29 20:15:34.012 parsl:244 Rank:0 [DEBUG]  [TASK_PULL_THREAD] ready workers:16, pending tasks:0
2021-07-29 20:15:34.012 parsl:252 Rank:0 [DEBUG]  [TASK_PULL_THREAD] Requesting tasks: 16
2021-07-29 20:15:34.813 parsl:283 Rank:0 [DEBUG]  [TASK_PULL_THREAD] No incoming tasks
2021-07-29 20:15:34.814 parsl:244 Rank:0 [DEBUG]  [TASK_PULL_THREAD] ready workers:16, pending tasks:0
2021-07-29 20:15:34.814 parsl:252 Rank:0 [DEBUG]  [TASK_PULL_THREAD] Requesting tasks: 16
2021-07-29 20:15:36.415 parsl:283 Rank:0 [DEBUG]  [TASK_PULL_THREAD] No incoming tasks
2021-07-29 20:15:36.415 parsl:244 Rank:0 [DEBUG]  [TASK_PULL_THREAD] ready workers:16, pending tasks:0
2021-07-29 20:15:36.416 parsl:214 Rank:0 [DEBUG]  Return from heartbeat: None
2021-07-29 20:15:36.416 parsl:252 Rank:0 [DEBUG]  [TASK_PULL_THREAD] Requesting tasks: 16
2021-07-29 20:15:36.417 parsl:270 Rank:0 [DEBUG]  Got heartbeat from interchange
2021-07-29 20:15:36.417 parsl:244 Rank:0 [DEBUG]  [TASK_PULL_THREAD] ready workers:16, pending tasks:0
2021-07-29 20:15:36.417 parsl:252 Rank:0 [DEBUG]  [TASK_PULL_THREAD] Requesting tasks: 16
2021-07-29 20:15:36.417 parsl:283 Rank:0 [DEBUG]  [TASK_PULL_THREAD] No incoming tasks
2021-07-29 20:15:36.418 parsl:244 Rank:0 [DEBUG]  [TASK_PULL_THREAD] ready workers:16, pending tasks:0
2021-07-29 20:15:36.418 parsl:252 Rank:0 [DEBUG]  [TASK_PULL_THREAD] Requesting tasks: 16
2021-07-29 20:15:36.622 parsl:283 Rank:0 [DEBUG]  [TASK_PULL_THREAD] No incoming tasks
2021-07-29 20:15:36.622 parsl:244 Rank:0 [DEBUG]  [TASK_PULL_THREAD] ready workers:16, pending tasks:0
2021-07-29 20:15:36.623 parsl:252 Rank:0 [DEBUG]  [TASK_PULL_THREAD] Requesting tasks: 16
2021-07-29 20:15:37.028 parsl:283 Rank:0 [DEBUG]  [TASK_PULL_THREAD] No incoming tasks
2021-07-29 20:15:37.028 parsl:244 Rank:0 [DEBUG]  [TASK_PULL_THREAD] ready workers:16, pending tasks:0
2021-07-29 20:15:37.029 parsl:252 Rank:0 [DEBUG]  [TASK_PULL_THREAD] Requesting tasks: 16
2021-07-29 20:15:37.830 parsl:283 Rank:0 [DEBUG]  [TASK_PULL_THREAD] No incoming tasks
2021-07-29 20:15:37.830 parsl:244 Rank:0 [DEBUG]  [TASK_PULL_THREAD] ready workers:16, pending tasks:0
2021-07-29 20:15:37.830 parsl:252 Rank:0 [DEBUG]  [TASK_PULL_THREAD] Requesting tasks: 16
2021-07-29 20:15:39.431 parsl:283 Rank:0 [DEBUG]  [TASK_PULL_THREAD] No incoming tasks
2021-07-29 20:15:39.431 parsl:244 Rank:0 [DEBUG]  [TASK_PULL_THREAD] ready workers:16, pending tasks:0
2021-07-29 20:15:39.432 parsl:214 Rank:0 [DEBUG]  Return from heartbeat: None
2021-07-29 20:15:39.432 parsl:252 Rank:0 [DEBUG]  [TASK_PULL_THREAD] Requesting tasks: 16
2021-07-29 20:15:39.435 parsl:270 Rank:0 [DEBUG]  Got heartbeat from interchange
2021-07-29 20:15:39.435 parsl:244 Rank:0 [DEBUG]  [TASK_PULL_THREAD] ready workers:16, pending tasks:0
2021-07-29 20:15:39.435 parsl:252 Rank:0 [DEBUG]  [TASK_PULL_THREAD] Requesting tasks: 16
2021-07-29 20:15:39.435 parsl:283 Rank:0 [DEBUG]  [TASK_PULL_THREAD] No incoming tasks
2021-07-29 20:15:39.436 parsl:244 Rank:0 [DEBUG]  [TASK_PULL_THREAD] ready workers:16, pending tasks:0
2021-07-29 20:15:39.436 parsl:252 Rank:0 [DEBUG]  [TASK_PULL_THREAD] Requesting tasks: 16
2021-07-29 20:15:39.639 parsl:283 Rank:0 [DEBUG]  [TASK_PULL_THREAD] No incoming tasks
2021-07-29 20:15:39.639 parsl:244 Rank:0 [DEBUG]  [TASK_PULL_THREAD] ready workers:16, pending tasks:0
2021-07-29 20:15:39.640 parsl:252 Rank:0 [DEBUG]  [TASK_PULL_THREAD] Requesting tasks: 16
2021-07-29 20:15:40.045 parsl:283 Rank:0 [DEBUG]  [TASK_PULL_THREAD] No incoming tasks
2021-07-29 20:15:40.046 parsl:244 Rank:0 [DEBUG]  [TASK_PULL_THREAD] ready workers:16, pending tasks:0
2021-07-29 20:15:40.046 parsl:252 Rank:0 [DEBUG]  [TASK_PULL_THREAD] Requesting tasks: 16
2021-07-29 20:15:40.849 parsl:283 Rank:0 [DEBUG]  [TASK_PULL_THREAD] No incoming tasks
2021-07-29 20:15:40.849 parsl:244 Rank:0 [DEBUG]  [TASK_PULL_THREAD] ready workers:16, pending tasks:0
2021-07-29 20:15:40.849 parsl:252 Rank:0 [DEBUG]  [TASK_PULL_THREAD] Requesting tasks: 16
2021-07-29 20:15:41.658 parsl:274 Rank:0 [DEBUG]  [TASK_PULL_THREAD] Got tasks: [27] of 4
2021-07-29 20:15:41.658 parsl:244 Rank:0 [DEBUG]  [TASK_PULL_THREAD] ready workers:16, pending tasks:1
2021-07-29 20:15:41.659 parsl:214 Rank:0 [DEBUG]  Return from heartbeat: None
2021-07-29 20:15:41.659 parsl:252 Rank:0 [DEBUG]  [TASK_PULL_THREAD] Requesting tasks: 16
2021-07-29 20:15:41.660 parsl:283 Rank:0 [DEBUG]  [TASK_PULL_THREAD] No incoming tasks
2021-07-29 20:15:41.660 parsl:244 Rank:0 [DEBUG]  [TASK_PULL_THREAD] ready workers:16, pending tasks:0
2021-07-29 20:15:41.660 parsl:252 Rank:0 [DEBUG]  [TASK_PULL_THREAD] Requesting tasks: 16
2021-07-29 20:15:41.663 parsl:270 Rank:0 [DEBUG]  Got heartbeat from interchange
2021-07-29 20:15:41.663 parsl:244 Rank:0 [DEBUG]  [TASK_PULL_THREAD] ready workers:15, pending tasks:0
2021-07-29 20:15:41.664 parsl:252 Rank:0 [DEBUG]  [TASK_PULL_THREAD] Requesting tasks: 15
2021-07-29 20:15:41.664 parsl:283 Rank:0 [DEBUG]  [TASK_PULL_THREAD] No incoming tasks
2021-07-29 20:15:41.664 parsl:244 Rank:0 [DEBUG]  [TASK_PULL_THREAD] ready workers:15, pending tasks:0
2021-07-29 20:15:41.664 parsl:252 Rank:0 [DEBUG]  [TASK_PULL_THREAD] Requesting tasks: 15
2021-07-29 20:15:41.667 parsl.process_loggers:28 Rank:0 [DEBUG]  Normal ending for send_first_message on thread MainThread
2021-07-29 20:15:41.869 parsl:283 Rank:0 [DEBUG]  [TASK_PULL_THREAD] No incoming tasks
2021-07-29 20:15:41.870 parsl:244 Rank:0 [DEBUG]  [TASK_PULL_THREAD] ready workers:15, pending tasks:0
2021-07-29 20:15:41.870 parsl:252 Rank:0 [DEBUG]  [TASK_PULL_THREAD] Requesting tasks: 15
2021-07-29 20:15:42.274 parsl:283 Rank:0 [DEBUG]  [TASK_PULL_THREAD] No incoming tasks
2021-07-29 20:15:42.275 parsl:244 Rank:0 [DEBUG]  [TASK_PULL_THREAD] ready workers:15, pending tasks:0
2021-07-29 20:15:42.275 parsl:252 Rank:0 [DEBUG]  [TASK_PULL_THREAD] Requesting tasks: 15
2021-07-29 20:15:43.076 parsl:283 Rank:0 [DEBUG]  [TASK_PULL_THREAD] No incoming tasks
2021-07-29 20:15:43.076 parsl:244 Rank:0 [DEBUG]  [TASK_PULL_THREAD] ready workers:16, pending tasks:0
2021-07-29 20:15:43.076 parsl:252 Rank:0 [DEBUG]  [TASK_PULL_THREAD] Requesting tasks: 16
2021-07-29 20:15:44.683 parsl:283 Rank:0 [DEBUG]  [TASK_PULL_THREAD] No incoming tasks
2021-07-29 20:15:44.683 parsl:244 Rank:0 [DEBUG]  [TASK_PULL_THREAD] ready workers:16, pending tasks:0
2021-07-29 20:15:44.684 parsl:214 Rank:0 [DEBUG]  Return from heartbeat: None
2021-07-29 20:15:44.684 parsl:252 Rank:0 [DEBUG]  [TASK_PULL_THREAD] Requesting tasks: 16
2021-07-29 20:15:44.687 parsl:270 Rank:0 [DEBUG]  Got heartbeat from interchange
2021-07-29 20:15:44.687 parsl:244 Rank:0 [DEBUG]  [TASK_PULL_THREAD] ready workers:16, pending tasks:0
2021-07-29 20:15:44.687 parsl:252 Rank:0 [DEBUG]  [TASK_PULL_THREAD] Requesting tasks: 16
2021-07-29 20:15:44.687 parsl:283 Rank:0 [DEBUG]  [TASK_PULL_THREAD] No incoming tasks
2021-07-29 20:15:44.687 parsl:244 Rank:0 [DEBUG]  [TASK_PULL_THREAD] ready workers:16, pending tasks:0
2021-07-29 20:15:44.688 parsl:252 Rank:0 [DEBUG]  [TASK_PULL_THREAD] Requesting tasks: 16
2021-07-29 20:15:44.892 parsl:283 Rank:0 [DEBUG]  [TASK_PULL_THREAD] No incoming tasks
2021-07-29 20:15:44.893 parsl:244 Rank:0 [DEBUG]  [TASK_PULL_THREAD] ready workers:16, pending tasks:0
2021-07-29 20:15:44.893 parsl:252 Rank:0 [DEBUG]  [TASK_PULL_THREAD] Requesting tasks: 16
2021-07-29 20:15:45.295 parsl:283 Rank:0 [DEBUG]  [TASK_PULL_THREAD] No incoming tasks
2021-07-29 20:15:45.296 parsl:244 Rank:0 [DEBUG]  [TASK_PULL_THREAD] ready workers:16, pending tasks:0
2021-07-29 20:15:45.296 parsl:252 Rank:0 [DEBUG]  [TASK_PULL_THREAD] Requesting tasks: 16
2021-07-29 20:15:46.100 parsl:283 Rank:0 [DEBUG]  [TASK_PULL_THREAD] No incoming tasks
2021-07-29 20:15:46.101 parsl:244 Rank:0 [DEBUG]  [TASK_PULL_THREAD] ready workers:16, pending tasks:0
2021-07-29 20:15:46.101 parsl:252 Rank:0 [DEBUG]  [TASK_PULL_THREAD] Requesting tasks: 16
2021-07-29 20:15:47.704 parsl:283 Rank:0 [DEBUG]  [TASK_PULL_THREAD] No incoming tasks
2021-07-29 20:15:47.705 parsl:244 Rank:0 [DEBUG]  [TASK_PULL_THREAD] ready workers:16, pending tasks:0
2021-07-29 20:15:47.706 parsl:214 Rank:0 [DEBUG]  Return from heartbeat: None
2021-07-29 20:15:47.707 parsl:252 Rank:0 [DEBUG]  [TASK_PULL_THREAD] Requesting tasks: 16
2021-07-29 20:15:47.712 parsl:270 Rank:0 [DEBUG]  Got heartbeat from interchange
2021-07-29 20:15:47.712 parsl:244 Rank:0 [DEBUG]  [TASK_PULL_THREAD] ready workers:16, pending tasks:0
2021-07-29 20:15:47.712 parsl:252 Rank:0 [DEBUG]  [TASK_PULL_THREAD] Requesting tasks: 16
2021-07-29 20:15:47.712 parsl:283 Rank:0 [DEBUG]  [TASK_PULL_THREAD] No incoming tasks
2021-07-29 20:15:47.713 parsl:244 Rank:0 [DEBUG]  [TASK_PULL_THREAD] ready workers:16, pending tasks:0
2021-07-29 20:15:47.713 parsl:252 Rank:0 [DEBUG]  [TASK_PULL_THREAD] Requesting tasks: 16
2021-07-29 20:15:47.915 parsl:283 Rank:0 [DEBUG]  [TASK_PULL_THREAD] No incoming tasks
2021-07-29 20:15:47.916 parsl:244 Rank:0 [DEBUG]  [TASK_PULL_THREAD] ready workers:16, pending tasks:0
2021-07-29 20:15:47.916 parsl:252 Rank:0 [DEBUG]  [TASK_PULL_THREAD] Requesting tasks: 16
2021-07-29 20:15:48.318 parsl:283 Rank:0 [DEBUG]  [TASK_PULL_THREAD] No incoming tasks
2021-07-29 20:15:48.319 parsl:244 Rank:0 [DEBUG]  [TASK_PULL_THREAD] ready workers:16, pending tasks:0
2021-07-29 20:15:48.319 parsl:252 Rank:0 [DEBUG]  [TASK_PULL_THREAD] Requesting tasks: 16
2021-07-29 20:15:49.123 parsl:283 Rank:0 [DEBUG]  [TASK_PULL_THREAD] No incoming tasks
2021-07-29 20:15:49.123 parsl:244 Rank:0 [DEBUG]  [TASK_PULL_THREAD] ready workers:16, pending tasks:0
2021-07-29 20:15:49.123 parsl:252 Rank:0 [DEBUG]  [TASK_PULL_THREAD] Requesting tasks: 16
2021-07-29 20:15:50.727 parsl:283 Rank:0 [DEBUG]  [TASK_PULL_THREAD] No incoming tasks
2021-07-29 20:15:50.728 parsl:244 Rank:0 [DEBUG]  [TASK_PULL_THREAD] ready workers:16, pending tasks:0
2021-07-29 20:15:50.728 parsl:214 Rank:0 [DEBUG]  Return from heartbeat: None
2021-07-29 20:15:50.728 parsl:252 Rank:0 [DEBUG]  [TASK_PULL_THREAD] Requesting tasks: 16
2021-07-29 20:15:52.729 parsl:283 Rank:0 [DEBUG]  [TASK_PULL_THREAD] No incoming tasks
2021-07-29 20:15:52.730 parsl:292 Rank:0 [CRITICAL]  [TASK_PULL_THREAD] Missing contact with interchange beyond heartbeat_threshold
2021-07-29 20:15:52.730 parsl:294 Rank:0 [CRITICAL]  [TASK_PULL_THREAD] Exiting
2021-07-29 20:15:52.730 parsl.process_loggers:28 Rank:0 [DEBUG]  Normal ending for pull_tasks on thread Task-Puller
2021-07-29 20:15:52.730 parsl:421 Rank:0 [CRITICAL]  [MAIN] Received kill event, terminating worker processes
2021-07-29 20:15:52.752 parsl:332 Rank:0 [CRITICAL]  [RESULT_PUSH_THREAD] Exiting
2021-07-29 20:15:52.753 parsl.process_loggers:28 Rank:0 [DEBUG]  Normal ending for push_results on thread Result-Pusher
