2021-07-27 15:59:01.393 parsl:626 Rank:0 [INFO]  Python version: 3.8.8 (default, Apr 13 2021, 12:59:45) 
[Clang 10.0.0 ]
2021-07-27 15:59:01.393 parsl:627 Rank:0 [INFO]  Debug logging: True
2021-07-27 15:59:01.393 parsl:628 Rank:0 [INFO]  Log dir: /Users/ananthhariharan/Documents/Code/GitHub/Parsl-Project/runinfo/025/htex_Local
2021-07-27 15:59:01.393 parsl:629 Rank:0 [INFO]  Manager ID: 95df16d029a0
2021-07-27 15:59:01.393 parsl:630 Rank:0 [INFO]  Block ID: 0
2021-07-27 15:59:01.393 parsl:631 Rank:0 [INFO]  cores_per_worker: 0.25
2021-07-27 15:59:01.394 parsl:632 Rank:0 [INFO]  mem_per_worker: None
2021-07-27 15:59:01.394 parsl:633 Rank:0 [INFO]  task_port: 54009
2021-07-27 15:59:01.394 parsl:634 Rank:0 [INFO]  result_port: 54356
2021-07-27 15:59:01.394 parsl:635 Rank:0 [INFO]  addresses: Ananths-Macbook.local,69.174.173.76,192.168.4.29
2021-07-27 15:59:01.394 parsl:636 Rank:0 [INFO]  max_workers: inf
2021-07-27 15:59:01.394 parsl:637 Rank:0 [INFO]  poll_period: 100
2021-07-27 15:59:01.394 parsl:638 Rank:0 [INFO]  address_probe_timeout: 30
2021-07-27 15:59:01.394 parsl:639 Rank:0 [INFO]  Prefetch capacity: 0
2021-07-27 15:59:01.394 parsl:640 Rank:0 [INFO]  Heartbeat threshold: 5
2021-07-27 15:59:01.394 parsl:641 Rank:0 [INFO]  Heartbeat period: 2
2021-07-27 15:59:01.394 parsl:642 Rank:0 [INFO]  CPU affinity: none
2021-07-27 15:59:01.394 parsl:118 Rank:0 [INFO]  Manager started
2021-07-27 15:59:01.395 parsl.executors.high_throughput.probe:34 Rank:0 [DEBUG]  Trying to connect back on tcp://Ananths-Macbook.local:54009
2021-07-27 15:59:01.395 parsl.executors.high_throughput.probe:34 Rank:0 [DEBUG]  Trying to connect back on tcp://69.174.173.76:54009
2021-07-27 15:59:01.396 parsl.executors.high_throughput.probe:34 Rank:0 [DEBUG]  Trying to connect back on tcp://192.168.4.29:54009
2021-07-27 15:59:01.534 parsl.executors.high_throughput.probe:47 Rank:0 [INFO]  Connected to interchange on 192.168.4.29
2021-07-27 15:59:01.536 parsl:125 Rank:0 [INFO]  Connection to Interchange successful on 192.168.4.29
2021-07-27 15:59:01.537 parsl:128 Rank:0 [INFO]  Task url : tcp://192.168.4.29:54009
2021-07-27 15:59:01.537 parsl:129 Rank:0 [INFO]  Result url : tcp://192.168.4.29:54356
2021-07-27 15:59:01.538 parsl:147 Rank:0 [INFO]  Manager connected
2021-07-27 15:59:01.539 parsl:173 Rank:0 [INFO]  Manager will spawn 16 workers
2021-07-27 15:59:01.751 parsl:401 Rank:0 [DEBUG]  Manager synced with workers
2021-07-27 15:59:01.755 parsl:226 Rank:0 [INFO]  [TASK PULL THREAD] starting
2021-07-27 15:59:01.756 parsl:232 Rank:0 [DEBUG]  Sending registration message: b'{"parsl_v": "1.1.0", "python_v": "3.8.8", "worker_count": 16, "uid": "95df16d029a0", "block_id": "0", "prefetch_capacity": 0, "max_capacity": 16, "os": "Darwin", "hostname": "Ananths-Macbook.local", "dir": "/Users/ananthhariharan/Documents/Code/GitHub/Parsl-Project", "cpu_count": 2, "total_memory": 8589934592}'
2021-07-27 15:59:01.757 parsl:307 Rank:0 [DEBUG]  [RESULT_PUSH_THREAD] Starting thread
2021-07-27 15:59:01.757 parsl:310 Rank:0 [DEBUG]  [RESULT_PUSH_THREAD] push poll period: 0.1
2021-07-27 15:59:01.758 parsl:244 Rank:0 [DEBUG]  [TASK_PULL_THREAD] ready workers:15, pending tasks:0
2021-07-27 15:59:01.758 parsl:252 Rank:0 [DEBUG]  [TASK_PULL_THREAD] Requesting tasks: 15
2021-07-27 15:59:01.759 parsl:344 Rank:0 [DEBUG]  [WORKER_WATCHDOG_THREAD] Starting thread
2021-07-27 15:59:01.759 parsl:416 Rank:0 [INFO]  Loop start
2021-07-27 15:59:01.862 parsl:283 Rank:0 [DEBUG]  [TASK_PULL_THREAD] No incoming tasks
2021-07-27 15:59:01.862 parsl:244 Rank:0 [DEBUG]  [TASK_PULL_THREAD] ready workers:16, pending tasks:0
2021-07-27 15:59:01.862 parsl:252 Rank:0 [DEBUG]  [TASK_PULL_THREAD] Requesting tasks: 16
2021-07-27 15:59:01.919 parsl:274 Rank:0 [DEBUG]  [TASK_PULL_THREAD] Got tasks: [3] of 1
2021-07-27 15:59:01.920 parsl:244 Rank:0 [DEBUG]  [TASK_PULL_THREAD] ready workers:16, pending tasks:1
2021-07-27 15:59:01.921 parsl:252 Rank:0 [DEBUG]  [TASK_PULL_THREAD] Requesting tasks: 16
2021-07-27 15:59:01.922 parsl:283 Rank:0 [DEBUG]  [TASK_PULL_THREAD] No incoming tasks
2021-07-27 15:59:01.922 parsl:244 Rank:0 [DEBUG]  [TASK_PULL_THREAD] ready workers:16, pending tasks:0
2021-07-27 15:59:01.922 parsl:252 Rank:0 [DEBUG]  [TASK_PULL_THREAD] Requesting tasks: 16
2021-07-27 15:59:01.930 parsl.process_loggers:28 Rank:0 [DEBUG]  Normal ending for send_first_message on thread MainThread
2021-07-27 15:59:02.127 parsl:283 Rank:0 [DEBUG]  [TASK_PULL_THREAD] No incoming tasks
2021-07-27 15:59:02.128 parsl:244 Rank:0 [DEBUG]  [TASK_PULL_THREAD] ready workers:16, pending tasks:0
2021-07-27 15:59:02.128 parsl:252 Rank:0 [DEBUG]  [TASK_PULL_THREAD] Requesting tasks: 16
2021-07-27 15:59:02.131 parsl:274 Rank:0 [DEBUG]  [TASK_PULL_THREAD] Got tasks: [4] of 2
2021-07-27 15:59:02.132 parsl:244 Rank:0 [DEBUG]  [TASK_PULL_THREAD] ready workers:16, pending tasks:1
2021-07-27 15:59:02.132 parsl:252 Rank:0 [DEBUG]  [TASK_PULL_THREAD] Requesting tasks: 16
2021-07-27 15:59:02.132 parsl:283 Rank:0 [DEBUG]  [TASK_PULL_THREAD] No incoming tasks
2021-07-27 15:59:02.132 parsl:244 Rank:0 [DEBUG]  [TASK_PULL_THREAD] ready workers:16, pending tasks:0
2021-07-27 15:59:02.132 parsl:252 Rank:0 [DEBUG]  [TASK_PULL_THREAD] Requesting tasks: 16
2021-07-27 15:59:02.139 parsl.process_loggers:28 Rank:0 [DEBUG]  Normal ending for send_first_message on thread MainThread
2021-07-27 15:59:02.336 parsl:283 Rank:0 [DEBUG]  [TASK_PULL_THREAD] No incoming tasks
2021-07-27 15:59:02.336 parsl:244 Rank:0 [DEBUG]  [TASK_PULL_THREAD] ready workers:16, pending tasks:0
2021-07-27 15:59:02.337 parsl:252 Rank:0 [DEBUG]  [TASK_PULL_THREAD] Requesting tasks: 16
2021-07-27 15:59:02.533 parsl:274 Rank:0 [DEBUG]  [TASK_PULL_THREAD] Got tasks: [6, 7] of 4
2021-07-27 15:59:02.533 parsl:244 Rank:0 [DEBUG]  [TASK_PULL_THREAD] ready workers:16, pending tasks:2
2021-07-27 15:59:02.534 parsl:252 Rank:0 [DEBUG]  [TASK_PULL_THREAD] Requesting tasks: 16
2021-07-27 15:59:02.534 parsl:283 Rank:0 [DEBUG]  [TASK_PULL_THREAD] No incoming tasks
2021-07-27 15:59:02.534 parsl:244 Rank:0 [DEBUG]  [TASK_PULL_THREAD] ready workers:16, pending tasks:0
2021-07-27 15:59:02.534 parsl:252 Rank:0 [DEBUG]  [TASK_PULL_THREAD] Requesting tasks: 16
2021-07-27 15:59:02.543 parsl.process_loggers:28 Rank:0 [DEBUG]  Normal ending for send_first_message on thread MainThread
2021-07-27 15:59:02.543 parsl.process_loggers:28 Rank:0 [DEBUG]  Normal ending for send_first_message on thread MainThread
2021-07-27 15:59:02.738 parsl:283 Rank:0 [DEBUG]  [TASK_PULL_THREAD] No incoming tasks
2021-07-27 15:59:02.738 parsl:244 Rank:0 [DEBUG]  [TASK_PULL_THREAD] ready workers:16, pending tasks:0
2021-07-27 15:59:02.738 parsl:252 Rank:0 [DEBUG]  [TASK_PULL_THREAD] Requesting tasks: 16
2021-07-27 15:59:02.743 parsl:274 Rank:0 [DEBUG]  [TASK_PULL_THREAD] Got tasks: [8] of 5
2021-07-27 15:59:02.743 parsl:244 Rank:0 [DEBUG]  [TASK_PULL_THREAD] ready workers:16, pending tasks:1
2021-07-27 15:59:02.743 parsl:252 Rank:0 [DEBUG]  [TASK_PULL_THREAD] Requesting tasks: 16
2021-07-27 15:59:02.744 parsl:283 Rank:0 [DEBUG]  [TASK_PULL_THREAD] No incoming tasks
2021-07-27 15:59:02.744 parsl:244 Rank:0 [DEBUG]  [TASK_PULL_THREAD] ready workers:16, pending tasks:0
2021-07-27 15:59:02.744 parsl:252 Rank:0 [DEBUG]  [TASK_PULL_THREAD] Requesting tasks: 16
2021-07-27 15:59:02.752 parsl.process_loggers:28 Rank:0 [DEBUG]  Normal ending for send_first_message on thread MainThread
2021-07-27 15:59:02.863 parsl:274 Rank:0 [DEBUG]  [TASK_PULL_THREAD] Got tasks: [9] of 6
2021-07-27 15:59:02.863 parsl:244 Rank:0 [DEBUG]  [TASK_PULL_THREAD] ready workers:16, pending tasks:1
2021-07-27 15:59:02.863 parsl:252 Rank:0 [DEBUG]  [TASK_PULL_THREAD] Requesting tasks: 16
2021-07-27 15:59:02.864 parsl:283 Rank:0 [DEBUG]  [TASK_PULL_THREAD] No incoming tasks
2021-07-27 15:59:02.864 parsl:244 Rank:0 [DEBUG]  [TASK_PULL_THREAD] ready workers:16, pending tasks:0
2021-07-27 15:59:02.864 parsl:252 Rank:0 [DEBUG]  [TASK_PULL_THREAD] Requesting tasks: 16
2021-07-27 15:59:02.870 parsl.process_loggers:28 Rank:0 [DEBUG]  Normal ending for send_first_message on thread MainThread
2021-07-27 15:59:03.068 parsl:283 Rank:0 [DEBUG]  [TASK_PULL_THREAD] No incoming tasks
2021-07-27 15:59:03.069 parsl:244 Rank:0 [DEBUG]  [TASK_PULL_THREAD] ready workers:16, pending tasks:0
2021-07-27 15:59:03.069 parsl:252 Rank:0 [DEBUG]  [TASK_PULL_THREAD] Requesting tasks: 16
2021-07-27 15:59:03.473 parsl:283 Rank:0 [DEBUG]  [TASK_PULL_THREAD] No incoming tasks
2021-07-27 15:59:03.473 parsl:244 Rank:0 [DEBUG]  [TASK_PULL_THREAD] ready workers:16, pending tasks:0
2021-07-27 15:59:03.473 parsl:252 Rank:0 [DEBUG]  [TASK_PULL_THREAD] Requesting tasks: 16
2021-07-27 15:59:03.478 parsl:274 Rank:0 [DEBUG]  [TASK_PULL_THREAD] Got tasks: [13] of 7
2021-07-27 15:59:03.478 parsl:244 Rank:0 [DEBUG]  [TASK_PULL_THREAD] ready workers:16, pending tasks:1
2021-07-27 15:59:03.479 parsl:252 Rank:0 [DEBUG]  [TASK_PULL_THREAD] Requesting tasks: 16
2021-07-27 15:59:03.479 parsl:283 Rank:0 [DEBUG]  [TASK_PULL_THREAD] No incoming tasks
2021-07-27 15:59:03.479 parsl:244 Rank:0 [DEBUG]  [TASK_PULL_THREAD] ready workers:16, pending tasks:0
2021-07-27 15:59:03.479 parsl:252 Rank:0 [DEBUG]  [TASK_PULL_THREAD] Requesting tasks: 16
2021-07-27 15:59:03.487 parsl.process_loggers:28 Rank:0 [DEBUG]  Normal ending for send_first_message on thread MainThread
2021-07-27 15:59:03.680 parsl:283 Rank:0 [DEBUG]  [TASK_PULL_THREAD] No incoming tasks
2021-07-27 15:59:03.680 parsl:244 Rank:0 [DEBUG]  [TASK_PULL_THREAD] ready workers:16, pending tasks:0
2021-07-27 15:59:03.681 parsl:252 Rank:0 [DEBUG]  [TASK_PULL_THREAD] Requesting tasks: 16
2021-07-27 15:59:04.081 parsl:283 Rank:0 [DEBUG]  [TASK_PULL_THREAD] No incoming tasks
2021-07-27 15:59:04.082 parsl:244 Rank:0 [DEBUG]  [TASK_PULL_THREAD] ready workers:16, pending tasks:0
2021-07-27 15:59:04.083 parsl:214 Rank:0 [DEBUG]  Return from heartbeat: None
2021-07-27 15:59:04.083 parsl:252 Rank:0 [DEBUG]  [TASK_PULL_THREAD] Requesting tasks: 16
2021-07-27 15:59:04.086 parsl:270 Rank:0 [DEBUG]  Got heartbeat from interchange
2021-07-27 15:59:04.086 parsl:244 Rank:0 [DEBUG]  [TASK_PULL_THREAD] ready workers:16, pending tasks:0
2021-07-27 15:59:04.086 parsl:252 Rank:0 [DEBUG]  [TASK_PULL_THREAD] Requesting tasks: 16
2021-07-27 15:59:04.086 parsl:283 Rank:0 [DEBUG]  [TASK_PULL_THREAD] No incoming tasks
2021-07-27 15:59:04.087 parsl:244 Rank:0 [DEBUG]  [TASK_PULL_THREAD] ready workers:16, pending tasks:0
2021-07-27 15:59:04.087 parsl:252 Rank:0 [DEBUG]  [TASK_PULL_THREAD] Requesting tasks: 16
2021-07-27 15:59:04.089 parsl:274 Rank:0 [DEBUG]  [TASK_PULL_THREAD] Got tasks: [16, 17] of 9
2021-07-27 15:59:04.089 parsl:244 Rank:0 [DEBUG]  [TASK_PULL_THREAD] ready workers:16, pending tasks:2
2021-07-27 15:59:04.089 parsl:252 Rank:0 [DEBUG]  [TASK_PULL_THREAD] Requesting tasks: 16
2021-07-27 15:59:04.090 parsl:283 Rank:0 [DEBUG]  [TASK_PULL_THREAD] No incoming tasks
2021-07-27 15:59:04.091 parsl:244 Rank:0 [DEBUG]  [TASK_PULL_THREAD] ready workers:16, pending tasks:0
2021-07-27 15:59:04.091 parsl:252 Rank:0 [DEBUG]  [TASK_PULL_THREAD] Requesting tasks: 16
2021-07-27 15:59:04.100 parsl.process_loggers:28 Rank:0 [DEBUG]  Normal ending for send_first_message on thread MainThread
2021-07-27 15:59:04.100 parsl.process_loggers:28 Rank:0 [DEBUG]  Normal ending for send_first_message on thread MainThread
2021-07-27 15:59:04.296 parsl:283 Rank:0 [DEBUG]  [TASK_PULL_THREAD] No incoming tasks
2021-07-27 15:59:04.296 parsl:244 Rank:0 [DEBUG]  [TASK_PULL_THREAD] ready workers:16, pending tasks:0
2021-07-27 15:59:04.296 parsl:252 Rank:0 [DEBUG]  [TASK_PULL_THREAD] Requesting tasks: 16
2021-07-27 15:59:04.514 parsl:274 Rank:0 [DEBUG]  [TASK_PULL_THREAD] Got tasks: [19] of 10
2021-07-27 15:59:04.514 parsl:244 Rank:0 [DEBUG]  [TASK_PULL_THREAD] ready workers:16, pending tasks:1
2021-07-27 15:59:04.515 parsl:252 Rank:0 [DEBUG]  [TASK_PULL_THREAD] Requesting tasks: 16
2021-07-27 15:59:04.515 parsl:283 Rank:0 [DEBUG]  [TASK_PULL_THREAD] No incoming tasks
2021-07-27 15:59:04.515 parsl:244 Rank:0 [DEBUG]  [TASK_PULL_THREAD] ready workers:16, pending tasks:0
2021-07-27 15:59:04.515 parsl:252 Rank:0 [DEBUG]  [TASK_PULL_THREAD] Requesting tasks: 16
2021-07-27 15:59:04.524 parsl.process_loggers:28 Rank:0 [DEBUG]  Normal ending for send_first_message on thread MainThread
2021-07-27 15:59:04.716 parsl:283 Rank:0 [DEBUG]  [TASK_PULL_THREAD] No incoming tasks
2021-07-27 15:59:04.716 parsl:244 Rank:0 [DEBUG]  [TASK_PULL_THREAD] ready workers:16, pending tasks:0
2021-07-27 15:59:04.717 parsl:252 Rank:0 [DEBUG]  [TASK_PULL_THREAD] Requesting tasks: 16
