2021-07-09 14:13:53.990 parsl.dataflow.dflow:85 [DEBUG]  Starting DataFlowKernel with config
Config(
    app_cache=True, 
    checkpoint_files=None, 
    checkpoint_mode='task_exit', 
    checkpoint_period=None, 
    executors=[HighThroughputExecutor(
        address=None, 
        address_probe_timeout=None, 
        cores_per_worker=1, 
        cpu_affinity='none', 
        heartbeat_period=2, 
        heartbeat_threshold=5, 
        interchange_port_range=(55000, 56000), 
        label='htex_Local', 
        launch_cmd='process_worker_pool.py {debug} {max_workers} -a {addresses} -p {prefetch_capacity} -c {cores_per_worker} -m {mem_per_worker} --poll {poll_period} --task_port={task_port} --result_port={result_port} --logdir={logdir} --block_id={{block_id}} --hb_period={heartbeat_period} {address_probe_timeout_string} --hb_threshold={heartbeat_threshold} --cpu-affinity {cpu_affinity} ', 
        managed=True, 
        max_workers=inf, 
        mem_per_worker=None, 
        poll_period=100, 
        prefetch_capacity=0, 
        provider=LocalProvider(
            channel=LocalChannel(
                envs={}, 
                script_dir=None, 
                userhome='/Users/vedkommalapati/Documents/GitHub/Parsl'
            ), 
            cmd_timeout=30, 
            init_blocks=0, 
            launcher=SingleNodeLauncher(debug=True, fail_on_any=False), 
            max_blocks=5, 
            min_blocks=0, 
            move_files=None, 
            nodes_per_block=1, 
            parallelism=1, 
            worker_init=''
        ), 
        storage_access=[FTPInTaskStaging(), HTTPInTaskStaging(), NoOpFileStaging()], 
        worker_debug=True, 
        worker_logdir_root=None, 
        worker_port_range=(54000, 55000), 
        worker_ports=None, 
        working_dir='/Users/vedkommalapati/Documents/GitHub/Parsl/test_htex_alternate'
    )], 
    garbage_collect=True, 
    initialize_logging=True, 
    internal_tasks_max_threads=10, 
    max_idletime=120.0, 
    monitoring=MonitoringHub(
        'localhost',
        client_address='127.0.0.1', 
        client_port_range=(55000, 56000), 
        hub_port=55055, 
        hub_port_range=(55050, 56000), 
        logdir=None, 
        logging_endpoint='sqlite:///monitoring.db', 
        monitoring_debug=False, 
        resource_monitoring_enabled=True, 
        resource_monitoring_interval=1, 
        workflow_name=None, 
        workflow_version=None
    ), 
    retries=2, 
    retry_handler=None, 
    run_dir='runinfo', 
    strategy='simple', 
    usage_tracking=False
)
2021-07-09 14:13:53.992 parsl.dataflow.dflow:87 [INFO]  Parsl version: 1.1.0+desc-2021.07.09a
2021-07-09 14:13:53.993 parsl.dataflow.usage_tracking.usage:128 [DEBUG]  Tracking status: False
2021-07-09 14:13:53.993 parsl.monitoring.monitoring:321 [DEBUG]  Initializing ZMQ Pipes to client
2021-07-09 14:13:54.294 parsl.monitoring.monitoring:355 [INFO]  Started the Hub process 38396 and DBM process 38397
2021-07-09 14:13:54.302 parsl.monitoring.monitoring:362 [INFO]  Started filesystem radio receiver process 38398
2021-07-09 14:13:54.309 parsl.monitoring.monitoring:386 [INFO]  Monitoring Hub initialized
2021-07-09 14:13:54.310 parsl.dataflow.dflow:115 [INFO]  Run id is: 93ac1527-d62b-4724-9925-2ebce4318b49
2021-07-09 14:13:54.441 parsl.dataflow.dflow:122 [DEBUG]  Considering candidate for workflow name: /Library/Frameworks/Python.framework/Versions/3.9/lib/python3.9/site-packages/parsl/dataflow/dflow.py
2021-07-09 14:13:54.441 parsl.dataflow.dflow:122 [DEBUG]  Considering candidate for workflow name: /Library/Frameworks/Python.framework/Versions/3.9/lib/python3.9/site-packages/parsl/dataflow/dflow.py
2021-07-09 14:13:54.441 parsl.dataflow.dflow:122 [DEBUG]  Considering candidate for workflow name: /Library/Frameworks/Python.framework/Versions/3.9/lib/python3.9/site-packages/typeguard/__init__.py
2021-07-09 14:13:54.441 parsl.dataflow.dflow:122 [DEBUG]  Considering candidate for workflow name: /Users/vedkommalapati/Documents/GitHub/Parsl/test.py
2021-07-09 14:13:54.441 parsl.dataflow.dflow:128 [DEBUG]  Using test.py as workflow name
2021-07-09 14:13:54.443 parsl.monitoring.monitoring:392 [DEBUG]  Sending message MessageType.WORKFLOW_INFO, {'python_version': '3.9.6', 'parsl_version': '1.1.0+desc-2021.07.09a', 'time_began': datetime.datetime(2021, 7, 9, 14, 13, 54, 310027), 'time_completed': None, 'run_id': '93ac1527-d62b-4724-9925-2ebce4318b49', 'workflow_name': 'test.py', 'workflow_version': '2021-07-09 14:13:54', 'rundir': '/Users/vedkommalapati/Documents/GitHub/Parsl/runinfo/000', 'tasks_completed_count': 0, 'tasks_failed_count': 0, 'user': 'vedkommalapati', 'host': 'Veds-MacBook-Pro.local'}
2021-07-09 14:13:54.443 parsl.monitoring.monitoring:399 [DEBUG]  Sent message MessageType.WORKFLOW_INFO, {'python_version': '3.9.6', 'parsl_version': '1.1.0+desc-2021.07.09a', 'time_began': datetime.datetime(2021, 7, 9, 14, 13, 54, 310027), 'time_completed': None, 'run_id': '93ac1527-d62b-4724-9925-2ebce4318b49', 'workflow_name': 'test.py', 'workflow_version': '2021-07-09 14:13:54', 'rundir': '/Users/vedkommalapati/Documents/GitHub/Parsl/runinfo/000', 'tasks_completed_count': 0, 'tasks_failed_count': 0, 'user': 'vedkommalapati', 'host': 'Veds-MacBook-Pro.local'}
2021-07-09 14:13:54.444 parsl.dataflow.memoization:153 [INFO]  App caching initialized
2021-07-09 14:13:54.444 parsl.dataflow.strategy:125 [DEBUG]  Scaling strategy: simple
2021-07-09 14:13:54.446 parsl.executors.high_throughput.executor:478 [DEBUG]  Starting queue management thread
2021-07-09 14:13:54.447 parsl.executors.high_throughput.executor:361 [DEBUG]  [MTHREAD] queue management worker starting
2021-07-09 14:13:54.447 parsl.executors.high_throughput.executor:482 [DEBUG]  Started queue management thread
2021-07-09 14:13:54.459 parsl.executors.high_throughput.executor:322 [DEBUG]  Created management thread: <Thread(HTEX-Queue-Management-Thread, started daemon 123145393631232)>
2021-07-09 14:13:54.460 parsl.executors.high_throughput.executor:294 [DEBUG]  Launch command: process_worker_pool.py --debug  -a 73.211.248.63,192.168.1.6,Veds-MacBook-Pro.local -p 0 -c 1 -m None --poll 100 --task_port=54144 --result_port=54869 --logdir=/Users/vedkommalapati/Documents/GitHub/Parsl/runinfo/000/htex_Local --block_id={block_id} --hb_period=2  --hb_threshold=5 --cpu-affinity none 
2021-07-09 14:13:54.460 parsl.executors.high_throughput.executor:297 [DEBUG]  Starting HighThroughputExecutor with provider:
LocalProvider(
    channel=LocalChannel(
        envs={}, 
        script_dir='/Users/vedkommalapati/Documents/GitHub/Parsl/runinfo/000/submit_scripts', 
        userhome='/Users/vedkommalapati/Documents/GitHub/Parsl'
    ), 
    cmd_timeout=30, 
    init_blocks=0, 
    launcher=SingleNodeLauncher(debug=True, fail_on_any=False), 
    max_blocks=5, 
    min_blocks=0, 
    move_files=None, 
    nodes_per_block=1, 
    parallelism=1, 
    worker_init=''
)
2021-07-09 14:13:54.464 parsl.dataflow.task_status_poller:114 [DEBUG]  Adding executor htex_Local
2021-07-09 14:13:54.465 parsl.dataflow.task_status_poller:37 [INFO]  Monitoring enabled on task status poller
2021-07-09 14:13:54.465 parsl.dataflow.task_status_poller:117 [DEBUG]  Executor _parsl_internal has no poll time, so will not poll
2021-07-09 14:13:54.470 parsl.app.python:61 [DEBUG]  invocation_kwargs step 1: {}
2021-07-09 14:13:54.470 parsl.app.python:63 [DEBUG]  invocation_kwargs step 2: {}
2021-07-09 14:13:54.470 parsl.app.python:65 [DEBUG]  invocation_kwargs step 3: {}
2021-07-09 14:13:54.470 parsl.dataflow.dflow:894 [DEBUG]  Task 0 will be sent to executor htex_Local
2021-07-09 14:13:54.470 parsl.dataflow.dflow:720 [DEBUG]  Adding output dependencies
2021-07-09 14:13:54.470 parsl.dataflow.dflow:974 [INFO]  Task 0 submitted for App app_A, not waiting on any dependency
2021-07-09 14:13:54.471 parsl.dataflow.dflow:982 [DEBUG]  Task 0 set to pending state with AppFuture: <AppFuture super=<AppFuture at 0x7fa4fa1e4880 state=pending>>
2021-07-09 14:13:54.471 parsl.monitoring.monitoring:392 [DEBUG]  Sending message MessageType.TASK_INFO, {'task_func_name': 'app_A', 'task_memoize': False, 'task_hashsum': None, 'task_fail_count': 0, 'task_fail_cost': 0, 'task_status': <States.pending: 0>, 'task_id': 0, 'task_time_invoked': datetime.datetime(2021, 7, 9, 14, 13, 54, 470795), 'task_try_time_launched': None, 'task_time_returned': None, 'task_try_time_returned': None, 'task_executor': 'htex_Local', 'run_id': '93ac1527-d62b-4724-9925-2ebce4318b49', 'try_id': 0, 'timestamp': datetime.datetime(2021, 7, 9, 14, 13, 54, 471069), 'task_status_name': 'pending', 'tasks_failed_count': 0, 'tasks_completed_count': 0, 'tasks_memo_completed_count': 0, 'from_memo': None, 'task_inputs': 'None', 'task_outputs': 'None', 'task_stdin': None, 'task_stdout': None, 'task_stderr': None, 'task_fail_history': '', 'task_depends': '', 'task_joins': None}
2021-07-09 14:13:54.471 parsl.monitoring.monitoring:399 [DEBUG]  Sent message MessageType.TASK_INFO, {'task_func_name': 'app_A', 'task_memoize': False, 'task_hashsum': None, 'task_fail_count': 0, 'task_fail_cost': 0, 'task_status': <States.pending: 0>, 'task_id': 0, 'task_time_invoked': datetime.datetime(2021, 7, 9, 14, 13, 54, 470795), 'task_try_time_launched': None, 'task_time_returned': None, 'task_try_time_returned': None, 'task_executor': 'htex_Local', 'run_id': '93ac1527-d62b-4724-9925-2ebce4318b49', 'try_id': 0, 'timestamp': datetime.datetime(2021, 7, 9, 14, 13, 54, 471069), 'task_status_name': 'pending', 'tasks_failed_count': 0, 'tasks_completed_count': 0, 'tasks_memo_completed_count': 0, 'from_memo': None, 'task_inputs': 'None', 'task_outputs': 'None', 'task_stdin': None, 'task_stdout': None, 'task_stderr': None, 'task_fail_history': '', 'task_depends': '', 'task_joins': None}
2021-07-09 14:13:54.471 parsl.dataflow.memoization:218 [DEBUG]  Task 0 will not be memoized
2021-07-09 14:13:54.472 parsl.executors.high_throughput.executor:561 [DEBUG]  Pushing function <function MonitoringHub.monitor_wrapper.<locals>.wrapped at 0x7fa4fa457280> to queue with args ()
2021-07-09 14:13:54.473 parsl.monitoring.monitoring:392 [DEBUG]  Sending message MessageType.TASK_INFO, {'task_func_name': 'app_A', 'task_memoize': False, 'task_hashsum': None, 'task_fail_count': 0, 'task_fail_cost': 0, 'task_status': <States.launched: 7>, 'task_id': 0, 'task_time_invoked': datetime.datetime(2021, 7, 9, 14, 13, 54, 470795), 'task_try_time_launched': datetime.datetime(2021, 7, 9, 14, 13, 54, 471651), 'task_time_returned': None, 'task_try_time_returned': None, 'task_executor': 'htex_Local', 'run_id': '93ac1527-d62b-4724-9925-2ebce4318b49', 'try_id': 0, 'timestamp': datetime.datetime(2021, 7, 9, 14, 13, 54, 473756), 'task_status_name': 'launched', 'tasks_failed_count': 0, 'tasks_completed_count': 0, 'tasks_memo_completed_count': 0, 'from_memo': False, 'task_inputs': 'None', 'task_outputs': 'None', 'task_stdin': None, 'task_stdout': None, 'task_stderr': None, 'task_fail_history': '', 'task_depends': '', 'task_joins': None}
2021-07-09 14:13:54.474 parsl.monitoring.monitoring:399 [DEBUG]  Sent message MessageType.TASK_INFO, {'task_func_name': 'app_A', 'task_memoize': False, 'task_hashsum': None, 'task_fail_count': 0, 'task_fail_cost': 0, 'task_status': <States.launched: 7>, 'task_id': 0, 'task_time_invoked': datetime.datetime(2021, 7, 9, 14, 13, 54, 470795), 'task_try_time_launched': datetime.datetime(2021, 7, 9, 14, 13, 54, 471651), 'task_time_returned': None, 'task_try_time_returned': None, 'task_executor': 'htex_Local', 'run_id': '93ac1527-d62b-4724-9925-2ebce4318b49', 'try_id': 0, 'timestamp': datetime.datetime(2021, 7, 9, 14, 13, 54, 473756), 'task_status_name': 'launched', 'tasks_failed_count': 0, 'tasks_completed_count': 0, 'tasks_memo_completed_count': 0, 'from_memo': False, 'task_inputs': 'None', 'task_outputs': 'None', 'task_stdin': None, 'task_stdout': None, 'task_stderr': None, 'task_fail_history': '', 'task_depends': '', 'task_joins': None}
2021-07-09 14:13:54.474 parsl.dataflow.dflow:683 [INFO]  Task 0 launched on executor htex_Local
2021-07-09 14:13:54.474 parsl.app.python:61 [DEBUG]  invocation_kwargs step 1: {}
2021-07-09 14:13:54.474 parsl.app.python:63 [DEBUG]  invocation_kwargs step 2: {}
2021-07-09 14:13:54.474 parsl.app.python:65 [DEBUG]  invocation_kwargs step 3: {}
2021-07-09 14:13:54.474 parsl.dataflow.dflow:894 [DEBUG]  Task 1 will be sent to executor htex_Local
2021-07-09 14:13:54.474 parsl.dataflow.dflow:720 [DEBUG]  Adding output dependencies
2021-07-09 14:13:54.474 parsl.dataflow.dflow:974 [INFO]  Task 1 submitted for App app_B, not waiting on any dependency
2021-07-09 14:13:54.474 parsl.dataflow.dflow:982 [DEBUG]  Task 1 set to pending state with AppFuture: <AppFuture super=<AppFuture at 0x7fa4fa456f10 state=pending>>
2021-07-09 14:13:54.474 parsl.monitoring.monitoring:392 [DEBUG]  Sending message MessageType.TASK_INFO, {'task_func_name': 'app_B', 'task_memoize': False, 'task_hashsum': None, 'task_fail_count': 0, 'task_fail_cost': 0, 'task_status': <States.pending: 0>, 'task_id': 1, 'task_time_invoked': datetime.datetime(2021, 7, 9, 14, 13, 54, 474626), 'task_try_time_launched': None, 'task_time_returned': None, 'task_try_time_returned': None, 'task_executor': 'htex_Local', 'run_id': '93ac1527-d62b-4724-9925-2ebce4318b49', 'try_id': 0, 'timestamp': datetime.datetime(2021, 7, 9, 14, 13, 54, 474803), 'task_status_name': 'pending', 'tasks_failed_count': 0, 'tasks_completed_count': 0, 'tasks_memo_completed_count': 0, 'from_memo': None, 'task_inputs': 'None', 'task_outputs': 'None', 'task_stdin': None, 'task_stdout': None, 'task_stderr': None, 'task_fail_history': '', 'task_depends': '', 'task_joins': None}
2021-07-09 14:13:54.475 parsl.monitoring.monitoring:399 [DEBUG]  Sent message MessageType.TASK_INFO, {'task_func_name': 'app_B', 'task_memoize': False, 'task_hashsum': None, 'task_fail_count': 0, 'task_fail_cost': 0, 'task_status': <States.pending: 0>, 'task_id': 1, 'task_time_invoked': datetime.datetime(2021, 7, 9, 14, 13, 54, 474626), 'task_try_time_launched': None, 'task_time_returned': None, 'task_try_time_returned': None, 'task_executor': 'htex_Local', 'run_id': '93ac1527-d62b-4724-9925-2ebce4318b49', 'try_id': 0, 'timestamp': datetime.datetime(2021, 7, 9, 14, 13, 54, 474803), 'task_status_name': 'pending', 'tasks_failed_count': 0, 'tasks_completed_count': 0, 'tasks_memo_completed_count': 0, 'from_memo': None, 'task_inputs': 'None', 'task_outputs': 'None', 'task_stdin': None, 'task_stdout': None, 'task_stderr': None, 'task_fail_history': '', 'task_depends': '', 'task_joins': None}
2021-07-09 14:13:54.475 parsl.dataflow.memoization:218 [DEBUG]  Task 1 will not be memoized
2021-07-09 14:13:54.475 parsl.executors.high_throughput.executor:561 [DEBUG]  Pushing function <function MonitoringHub.monitor_wrapper.<locals>.wrapped at 0x7fa4fa457670> to queue with args ()
2021-07-09 14:13:54.476 parsl.monitoring.monitoring:392 [DEBUG]  Sending message MessageType.TASK_INFO, {'task_func_name': 'app_B', 'task_memoize': False, 'task_hashsum': None, 'task_fail_count': 0, 'task_fail_cost': 0, 'task_status': <States.launched: 7>, 'task_id': 1, 'task_time_invoked': datetime.datetime(2021, 7, 9, 14, 13, 54, 474626), 'task_try_time_launched': datetime.datetime(2021, 7, 9, 14, 13, 54, 475117), 'task_time_returned': None, 'task_try_time_returned': None, 'task_executor': 'htex_Local', 'run_id': '93ac1527-d62b-4724-9925-2ebce4318b49', 'try_id': 0, 'timestamp': datetime.datetime(2021, 7, 9, 14, 13, 54, 476520), 'task_status_name': 'launched', 'tasks_failed_count': 0, 'tasks_completed_count': 0, 'tasks_memo_completed_count': 0, 'from_memo': False, 'task_inputs': 'None', 'task_outputs': 'None', 'task_stdin': None, 'task_stdout': None, 'task_stderr': None, 'task_fail_history': '', 'task_depends': '', 'task_joins': None}
2021-07-09 14:13:54.476 parsl.monitoring.monitoring:399 [DEBUG]  Sent message MessageType.TASK_INFO, {'task_func_name': 'app_B', 'task_memoize': False, 'task_hashsum': None, 'task_fail_count': 0, 'task_fail_cost': 0, 'task_status': <States.launched: 7>, 'task_id': 1, 'task_time_invoked': datetime.datetime(2021, 7, 9, 14, 13, 54, 474626), 'task_try_time_launched': datetime.datetime(2021, 7, 9, 14, 13, 54, 475117), 'task_time_returned': None, 'task_try_time_returned': None, 'task_executor': 'htex_Local', 'run_id': '93ac1527-d62b-4724-9925-2ebce4318b49', 'try_id': 0, 'timestamp': datetime.datetime(2021, 7, 9, 14, 13, 54, 476520), 'task_status_name': 'launched', 'tasks_failed_count': 0, 'tasks_completed_count': 0, 'tasks_memo_completed_count': 0, 'from_memo': False, 'task_inputs': 'None', 'task_outputs': 'None', 'task_stdin': None, 'task_stdout': None, 'task_stderr': None, 'task_fail_history': '', 'task_depends': '', 'task_joins': None}
2021-07-09 14:13:54.476 parsl.dataflow.dflow:683 [INFO]  Task 1 launched on executor htex_Local
2021-07-09 14:13:54.477 parsl.app.python:61 [DEBUG]  invocation_kwargs step 1: {}
2021-07-09 14:13:54.477 parsl.app.python:63 [DEBUG]  invocation_kwargs step 2: {}
2021-07-09 14:13:54.477 parsl.app.python:65 [DEBUG]  invocation_kwargs step 3: {}
2021-07-09 14:13:54.477 parsl.dataflow.dflow:894 [DEBUG]  Task 2 will be sent to executor htex_Local
2021-07-09 14:13:54.477 parsl.dataflow.dflow:720 [DEBUG]  Adding output dependencies
2021-07-09 14:13:54.477 parsl.dataflow.dflow:974 [INFO]  Task 2 submitted for App app_C, waiting on task 0, task 1
2021-07-09 14:13:54.477 parsl.dataflow.dflow:982 [DEBUG]  Task 2 set to pending state with AppFuture: <AppFuture super=<AppFuture at 0x7fa4fa46b6d0 state=pending>>
2021-07-09 14:13:54.477 parsl.monitoring.monitoring:392 [DEBUG]  Sending message MessageType.TASK_INFO, {'task_func_name': 'app_C', 'task_memoize': False, 'task_hashsum': None, 'task_fail_count': 0, 'task_fail_cost': 0, 'task_status': <States.pending: 0>, 'task_id': 2, 'task_time_invoked': datetime.datetime(2021, 7, 9, 14, 13, 54, 477247), 'task_try_time_launched': None, 'task_time_returned': None, 'task_try_time_returned': None, 'task_executor': 'htex_Local', 'run_id': '93ac1527-d62b-4724-9925-2ebce4318b49', 'try_id': 0, 'timestamp': datetime.datetime(2021, 7, 9, 14, 13, 54, 477495), 'task_status_name': 'pending', 'tasks_failed_count': 0, 'tasks_completed_count': 0, 'tasks_memo_completed_count': 0, 'from_memo': None, 'task_inputs': 'None', 'task_outputs': 'None', 'task_stdin': None, 'task_stdout': None, 'task_stderr': None, 'task_fail_history': '', 'task_depends': '0,1', 'task_joins': None}
2021-07-09 14:13:54.477 parsl.monitoring.monitoring:399 [DEBUG]  Sent message MessageType.TASK_INFO, {'task_func_name': 'app_C', 'task_memoize': False, 'task_hashsum': None, 'task_fail_count': 0, 'task_fail_cost': 0, 'task_status': <States.pending: 0>, 'task_id': 2, 'task_time_invoked': datetime.datetime(2021, 7, 9, 14, 13, 54, 477247), 'task_try_time_launched': None, 'task_time_returned': None, 'task_try_time_returned': None, 'task_executor': 'htex_Local', 'run_id': '93ac1527-d62b-4724-9925-2ebce4318b49', 'try_id': 0, 'timestamp': datetime.datetime(2021, 7, 9, 14, 13, 54, 477495), 'task_status_name': 'pending', 'tasks_failed_count': 0, 'tasks_completed_count': 0, 'tasks_memo_completed_count': 0, 'from_memo': None, 'task_inputs': 'None', 'task_outputs': 'None', 'task_stdin': None, 'task_stdout': None, 'task_stderr': None, 'task_fail_history': '', 'task_depends': '0,1', 'task_joins': None}
2021-07-09 14:13:55.447 parsl.dataflow.task_status_poller:52 [DEBUG]  Sending message [] to hub from task status poller
2021-07-09 14:13:55.448 parsl.dataflow.strategy:163 [DEBUG]  general strategy starting
2021-07-09 14:13:55.448 parsl.dataflow.strategy:171 [DEBUG]  strategy_simple: strategizing for executor htex_Local
2021-07-09 14:13:55.450 parsl.dataflow.strategy:192 [DEBUG]  Slot ratio calculation: active_slots = 0, active_tasks = 2
2021-07-09 14:13:55.452 parsl.dataflow.strategy:195 [DEBUG]  Executor htex_Local has 2 active tasks, 0/0 running/pending blocks, and 0 connected workers
2021-07-09 14:13:55.453 parsl.dataflow.strategy:244 [DEBUG]  Case 22. (slot_ratio = active_slots/active_tasks) < parallelism
2021-07-09 14:13:55.453 parsl.dataflow.strategy:253 [DEBUG]  Case 2b active_blocks 0 < max_blocks 5 so scaling
2021-07-09 14:13:55.453 parsl.dataflow.strategy:257 [DEBUG]  Requesting 2 more blocks
2021-07-09 14:13:55.453 parsl.providers.local.local:217 [DEBUG]  Launching in remote mode
2021-07-09 14:13:55.464 parsl.executors.status_handling:181 [DEBUG]  Launched block 0->38401
2021-07-09 14:13:55.465 parsl.providers.local.local:217 [DEBUG]  Launching in remote mode
2021-07-09 14:13:55.475 parsl.executors.status_handling:181 [DEBUG]  Launched block 1->38405
2021-07-09 14:13:55.475 parsl.dataflow.task_status_poller:52 [DEBUG]  Sending message [{'run_id': '93ac1527-d62b-4724-9925-2ebce4318b49', 'status': 'PENDING', 'timestamp': datetime.datetime(2021, 7, 9, 14, 13, 55, 475926), 'executor_label': 'htex_Local', 'job_id': '38401', 'block_id': '0'}, {'run_id': '93ac1527-d62b-4724-9925-2ebce4318b49', 'status': 'PENDING', 'timestamp': datetime.datetime(2021, 7, 9, 14, 13, 55, 475937), 'executor_label': 'htex_Local', 'job_id': '38405', 'block_id': '1'}] to hub from task status poller
2021-07-09 14:13:56.701 parsl.dataflow.dflow:530 [INFO]  Task 0 completed (launched -> exec_done)
2021-07-09 14:13:56.702 parsl.dataflow.dflow:1271 [WARNING]  No tasks checkpointed so far in this run. Please ensure caching is enabled
2021-07-09 14:13:56.703 parsl.monitoring.monitoring:392 [DEBUG]  Sending message MessageType.TASK_INFO, {'task_func_name': 'app_A', 'task_memoize': False, 'task_hashsum': None, 'task_fail_count': 0, 'task_fail_cost': 0, 'task_status': <States.exec_done: 3>, 'task_id': 0, 'task_time_invoked': datetime.datetime(2021, 7, 9, 14, 13, 54, 470795), 'task_try_time_launched': datetime.datetime(2021, 7, 9, 14, 13, 54, 471651), 'task_time_returned': datetime.datetime(2021, 7, 9, 14, 13, 56, 701389), 'task_try_time_returned': datetime.datetime(2021, 7, 9, 14, 13, 56, 701154), 'task_executor': 'htex_Local', 'run_id': '93ac1527-d62b-4724-9925-2ebce4318b49', 'try_id': 0, 'timestamp': datetime.datetime(2021, 7, 9, 14, 13, 56, 702500), 'task_status_name': 'exec_done', 'tasks_failed_count': 0, 'tasks_completed_count': 1, 'tasks_memo_completed_count': 0, 'from_memo': False, 'task_inputs': 'None', 'task_outputs': 'None', 'task_stdin': None, 'task_stdout': None, 'task_stderr': None, 'task_fail_history': '', 'task_depends': '', 'task_joins': None}
2021-07-09 14:13:56.703 parsl.monitoring.monitoring:399 [DEBUG]  Sent message MessageType.TASK_INFO, {'task_func_name': 'app_A', 'task_memoize': False, 'task_hashsum': None, 'task_fail_count': 0, 'task_fail_cost': 0, 'task_status': <States.exec_done: 3>, 'task_id': 0, 'task_time_invoked': datetime.datetime(2021, 7, 9, 14, 13, 54, 470795), 'task_try_time_launched': datetime.datetime(2021, 7, 9, 14, 13, 54, 471651), 'task_time_returned': datetime.datetime(2021, 7, 9, 14, 13, 56, 701389), 'task_try_time_returned': datetime.datetime(2021, 7, 9, 14, 13, 56, 701154), 'task_executor': 'htex_Local', 'run_id': '93ac1527-d62b-4724-9925-2ebce4318b49', 'try_id': 0, 'timestamp': datetime.datetime(2021, 7, 9, 14, 13, 56, 702500), 'task_status_name': 'exec_done', 'tasks_failed_count': 0, 'tasks_completed_count': 1, 'tasks_memo_completed_count': 0, 'from_memo': False, 'task_inputs': 'None', 'task_outputs': 'None', 'task_stdin': None, 'task_stdout': None, 'task_stderr': None, 'task_fail_history': '', 'task_depends': '', 'task_joins': None}
2021-07-09 14:13:56.703 parsl.dataflow.dflow:530 [INFO]  Task 1 completed (launched -> exec_done)
2021-07-09 14:13:56.704 parsl.dataflow.dflow:1271 [WARNING]  No tasks checkpointed so far in this run. Please ensure caching is enabled
2021-07-09 14:13:56.704 parsl.dataflow.memoization:218 [DEBUG]  Task 2 will not be memoized
2021-07-09 14:13:56.705 parsl.executors.high_throughput.executor:561 [DEBUG]  Pushing function <function MonitoringHub.monitor_wrapper.<locals>.wrapped at 0x7fa4fa457a60> to queue with args (7, 3.0)
2021-07-09 14:13:56.708 parsl.monitoring.monitoring:392 [DEBUG]  Sending message MessageType.TASK_INFO, {'task_func_name': 'app_C', 'task_memoize': False, 'task_hashsum': None, 'task_fail_count': 0, 'task_fail_cost': 0, 'task_status': <States.launched: 7>, 'task_id': 2, 'task_time_invoked': datetime.datetime(2021, 7, 9, 14, 13, 54, 477247), 'task_try_time_launched': datetime.datetime(2021, 7, 9, 14, 13, 56, 704574), 'task_time_returned': None, 'task_try_time_returned': None, 'task_executor': 'htex_Local', 'run_id': '93ac1527-d62b-4724-9925-2ebce4318b49', 'try_id': 0, 'timestamp': datetime.datetime(2021, 7, 9, 14, 13, 56, 707996), 'task_status_name': 'launched', 'tasks_failed_count': 0, 'tasks_completed_count': 2, 'tasks_memo_completed_count': 0, 'from_memo': False, 'task_inputs': 'None', 'task_outputs': 'None', 'task_stdin': None, 'task_stdout': None, 'task_stderr': None, 'task_fail_history': '', 'task_depends': '0,1', 'task_joins': None}
2021-07-09 14:13:56.708 parsl.monitoring.monitoring:399 [DEBUG]  Sent message MessageType.TASK_INFO, {'task_func_name': 'app_C', 'task_memoize': False, 'task_hashsum': None, 'task_fail_count': 0, 'task_fail_cost': 0, 'task_status': <States.launched: 7>, 'task_id': 2, 'task_time_invoked': datetime.datetime(2021, 7, 9, 14, 13, 54, 477247), 'task_try_time_launched': datetime.datetime(2021, 7, 9, 14, 13, 56, 704574), 'task_time_returned': None, 'task_try_time_returned': None, 'task_executor': 'htex_Local', 'run_id': '93ac1527-d62b-4724-9925-2ebce4318b49', 'try_id': 0, 'timestamp': datetime.datetime(2021, 7, 9, 14, 13, 56, 707996), 'task_status_name': 'launched', 'tasks_failed_count': 0, 'tasks_completed_count': 2, 'tasks_memo_completed_count': 0, 'from_memo': False, 'task_inputs': 'None', 'task_outputs': 'None', 'task_stdin': None, 'task_stdout': None, 'task_stderr': None, 'task_fail_history': '', 'task_depends': '0,1', 'task_joins': None}
2021-07-09 14:13:56.709 parsl.dataflow.dflow:683 [INFO]  Task 2 launched on executor htex_Local
2021-07-09 14:13:56.709 parsl.monitoring.monitoring:392 [DEBUG]  Sending message MessageType.TASK_INFO, {'task_func_name': 'app_B', 'task_memoize': False, 'task_hashsum': None, 'task_fail_count': 0, 'task_fail_cost': 0, 'task_status': <States.exec_done: 3>, 'task_id': 1, 'task_time_invoked': datetime.datetime(2021, 7, 9, 14, 13, 54, 474626), 'task_try_time_launched': datetime.datetime(2021, 7, 9, 14, 13, 54, 475117), 'task_time_returned': datetime.datetime(2021, 7, 9, 14, 13, 56, 703837), 'task_try_time_returned': datetime.datetime(2021, 7, 9, 14, 13, 56, 703687), 'task_executor': 'htex_Local', 'run_id': '93ac1527-d62b-4724-9925-2ebce4318b49', 'try_id': 0, 'timestamp': datetime.datetime(2021, 7, 9, 14, 13, 56, 709175), 'task_status_name': 'exec_done', 'tasks_failed_count': 0, 'tasks_completed_count': 2, 'tasks_memo_completed_count': 0, 'from_memo': False, 'task_inputs': 'None', 'task_outputs': 'None', 'task_stdin': None, 'task_stdout': None, 'task_stderr': None, 'task_fail_history': '', 'task_depends': '', 'task_joins': None}
2021-07-09 14:13:56.709 parsl.monitoring.monitoring:399 [DEBUG]  Sent message MessageType.TASK_INFO, {'task_func_name': 'app_B', 'task_memoize': False, 'task_hashsum': None, 'task_fail_count': 0, 'task_fail_cost': 0, 'task_status': <States.exec_done: 3>, 'task_id': 1, 'task_time_invoked': datetime.datetime(2021, 7, 9, 14, 13, 54, 474626), 'task_try_time_launched': datetime.datetime(2021, 7, 9, 14, 13, 54, 475117), 'task_time_returned': datetime.datetime(2021, 7, 9, 14, 13, 56, 703837), 'task_try_time_returned': datetime.datetime(2021, 7, 9, 14, 13, 56, 703687), 'task_executor': 'htex_Local', 'run_id': '93ac1527-d62b-4724-9925-2ebce4318b49', 'try_id': 0, 'timestamp': datetime.datetime(2021, 7, 9, 14, 13, 56, 709175), 'task_status_name': 'exec_done', 'tasks_failed_count': 0, 'tasks_completed_count': 2, 'tasks_memo_completed_count': 0, 'from_memo': False, 'task_inputs': 'None', 'task_outputs': 'None', 'task_stdin': None, 'task_stdout': None, 'task_stderr': None, 'task_fail_history': '', 'task_depends': '', 'task_joins': None}
2021-07-09 14:13:56.831 parsl.dataflow.dflow:530 [INFO]  Task 2 completed (launched -> exec_done)
2021-07-09 14:13:56.832 parsl.dataflow.dflow:1271 [WARNING]  No tasks checkpointed so far in this run. Please ensure caching is enabled
2021-07-09 14:13:56.833 parsl.monitoring.monitoring:392 [DEBUG]  Sending message MessageType.TASK_INFO, {'task_func_name': 'app_C', 'task_memoize': False, 'task_hashsum': None, 'task_fail_count': 0, 'task_fail_cost': 0, 'task_status': <States.exec_done: 3>, 'task_id': 2, 'task_time_invoked': datetime.datetime(2021, 7, 9, 14, 13, 54, 477247), 'task_try_time_launched': datetime.datetime(2021, 7, 9, 14, 13, 56, 704574), 'task_time_returned': datetime.datetime(2021, 7, 9, 14, 13, 56, 832073), 'task_try_time_returned': datetime.datetime(2021, 7, 9, 14, 13, 56, 831724), 'task_executor': 'htex_Local', 'run_id': '93ac1527-d62b-4724-9925-2ebce4318b49', 'try_id': 0, 'timestamp': datetime.datetime(2021, 7, 9, 14, 13, 56, 833075), 'task_status_name': 'exec_done', 'tasks_failed_count': 0, 'tasks_completed_count': 3, 'tasks_memo_completed_count': 0, 'from_memo': False, 'task_inputs': 'None', 'task_outputs': 'None', 'task_stdin': None, 'task_stdout': None, 'task_stderr': None, 'task_fail_history': '', 'task_depends': '0,1', 'task_joins': None}
2021-07-09 14:13:56.834 parsl.dataflow.dflow:1096 [INFO]  DFK cleanup because python process is exiting
2021-07-09 14:13:56.834 parsl.dataflow.dflow:1133 [INFO]  DFK cleanup initiated
2021-07-09 14:13:56.834 parsl.dataflow.dflow:1020 [INFO]  Summary of tasks in DFK:
2021-07-09 14:13:56.834 parsl.dataflow.dflow:1034 [INFO]  Tasks in state States.exec_done: 3
2021-07-09 14:13:56.834 parsl.dataflow.dflow:1040 [INFO]  End of summary
2021-07-09 14:13:56.835 parsl.dataflow.dflow:1271 [WARNING]  No tasks checkpointed so far in this run. Please ensure caching is enabled
2021-07-09 14:13:56.835 parsl.dataflow.dflow:1157 [INFO]  Terminating flow control
2021-07-09 14:13:56.835 parsl.monitoring.monitoring:399 [DEBUG]  Sent message MessageType.TASK_INFO, {'task_func_name': 'app_C', 'task_memoize': False, 'task_hashsum': None, 'task_fail_count': 0, 'task_fail_cost': 0, 'task_status': <States.exec_done: 3>, 'task_id': 2, 'task_time_invoked': datetime.datetime(2021, 7, 9, 14, 13, 54, 477247), 'task_try_time_launched': datetime.datetime(2021, 7, 9, 14, 13, 56, 704574), 'task_time_returned': datetime.datetime(2021, 7, 9, 14, 13, 56, 832073), 'task_try_time_returned': datetime.datetime(2021, 7, 9, 14, 13, 56, 831724), 'task_executor': 'htex_Local', 'run_id': '93ac1527-d62b-4724-9925-2ebce4318b49', 'try_id': 0, 'timestamp': datetime.datetime(2021, 7, 9, 14, 13, 56, 833075), 'task_status_name': 'exec_done', 'tasks_failed_count': 0, 'tasks_completed_count': 3, 'tasks_memo_completed_count': 0, 'from_memo': False, 'task_inputs': 'None', 'task_outputs': 'None', 'task_stdin': None, 'task_stdout': None, 'task_stderr': None, 'task_fail_history': '', 'task_depends': '0,1', 'task_joins': None}
2021-07-09 14:13:56.836 parsl.dataflow.dflow:1159 [INFO]  Terminated flow control
2021-07-09 14:13:56.836 parsl.dataflow.dflow:1161 [INFO]  Terminating executors
2021-07-09 14:13:56.837 parsl.dataflow.dflow:1165 [INFO]  Scaling in executor htex_Local
2021-07-09 14:13:56.839 parsl.executors.high_throughput.executor:674 [DEBUG]  Current blocks : {'0': '38401', '1': '38405'}
2021-07-09 14:13:56.850 parsl.executors.high_throughput.executor:531 [DEBUG]  [HOLD_BLOCK]: Sending hold to manager: 1d216e35894c
2021-07-09 14:13:56.856 parsl.executors.high_throughput.executor:500 [DEBUG]  Sent hold request to worker: 1d216e35894c
2021-07-09 14:13:56.858 parsl.executors.high_throughput.executor:531 [DEBUG]  [HOLD_BLOCK]: Sending hold to manager: 56629756810c
2021-07-09 14:13:56.868 parsl.executors.high_throughput.executor:500 [DEBUG]  Sent hold request to worker: 56629756810c
2021-07-09 14:13:56.868 parsl.providers.local.local:266 [DEBUG]  Terminating job/proc_id: 38405
2021-07-09 14:13:56.890 parsl.providers.local.local:266 [DEBUG]  Terminating job/proc_id: 38401
2021-07-09 14:13:56.913 parsl.dataflow.dflow:1173 [DEBUG]  Sending message [{'run_id': '93ac1527-d62b-4724-9925-2ebce4318b49', 'status': 'CANCELLED', 'timestamp': datetime.datetime(2021, 7, 9, 14, 13, 56, 913139), 'executor_label': 'htex_Local', 'job_id': '38405', 'block_id': '1'}, {'run_id': '93ac1527-d62b-4724-9925-2ebce4318b49', 'status': 'CANCELLED', 'timestamp': datetime.datetime(2021, 7, 9, 14, 13, 56, 913174), 'executor_label': 'htex_Local', 'job_id': '38401', 'block_id': '0'}] to hub from DFK
2021-07-09 14:13:56.914 parsl.monitoring.monitoring:392 [DEBUG]  Sending message MessageType.BLOCK_INFO, [{'run_id': '93ac1527-d62b-4724-9925-2ebce4318b49', 'status': 'CANCELLED', 'timestamp': datetime.datetime(2021, 7, 9, 14, 13, 56, 913139), 'executor_label': 'htex_Local', 'job_id': '38405', 'block_id': '1'}, {'run_id': '93ac1527-d62b-4724-9925-2ebce4318b49', 'status': 'CANCELLED', 'timestamp': datetime.datetime(2021, 7, 9, 14, 13, 56, 913174), 'executor_label': 'htex_Local', 'job_id': '38401', 'block_id': '0'}]
2021-07-09 14:13:56.914 parsl.monitoring.monitoring:399 [DEBUG]  Sent message MessageType.BLOCK_INFO, [{'run_id': '93ac1527-d62b-4724-9925-2ebce4318b49', 'status': 'CANCELLED', 'timestamp': datetime.datetime(2021, 7, 9, 14, 13, 56, 913139), 'executor_label': 'htex_Local', 'job_id': '38405', 'block_id': '1'}, {'run_id': '93ac1527-d62b-4724-9925-2ebce4318b49', 'status': 'CANCELLED', 'timestamp': datetime.datetime(2021, 7, 9, 14, 13, 56, 913174), 'executor_label': 'htex_Local', 'job_id': '38401', 'block_id': '0'}]
2021-07-09 14:13:56.914 parsl.dataflow.dflow:1175 [INFO]  Terminating executor htex_Local
2021-07-09 14:13:56.914 parsl.executors.high_throughput.executor:709 [INFO]  Attempting HighThroughputExecutor shutdown
2021-07-09 14:13:56.915 parsl.executors.high_throughput.executor:711 [INFO]  Finished HighThroughputExecutor shutdown attempt
2021-07-09 14:13:56.915 parsl.dataflow.dflow:1177 [INFO]  Terminated executor htex_Local
2021-07-09 14:13:56.915 parsl.dataflow.dflow:1175 [INFO]  Terminating executor _parsl_internal
2021-07-09 14:13:56.915 parsl.executors.threads:105 [DEBUG]  Shutting down executor, which involves waiting for running tasks to complete
2021-07-09 14:13:56.915 parsl.executors.threads:107 [DEBUG]  Done with executor shutdown
2021-07-09 14:13:56.915 parsl.dataflow.dflow:1177 [INFO]  Terminated executor _parsl_internal
2021-07-09 14:13:56.915 parsl.dataflow.dflow:1179 [INFO]  Terminated executors
2021-07-09 14:13:56.915 parsl.dataflow.dflow:1183 [INFO]  Sending final monitoring message
2021-07-09 14:13:56.915 parsl.monitoring.monitoring:392 [DEBUG]  Sending message MessageType.WORKFLOW_INFO, {'tasks_failed_count': 0, 'tasks_completed_count': 3, 'time_began': datetime.datetime(2021, 7, 9, 14, 13, 54, 310027), 'time_completed': datetime.datetime(2021, 7, 9, 14, 13, 56, 915667), 'run_id': '93ac1527-d62b-4724-9925-2ebce4318b49', 'rundir': '/Users/vedkommalapati/Documents/GitHub/Parsl/runinfo/000', 'exit_now': True}
2021-07-09 14:13:56.916 parsl.monitoring.monitoring:399 [DEBUG]  Sent message MessageType.WORKFLOW_INFO, {'tasks_failed_count': 0, 'tasks_completed_count': 3, 'time_began': datetime.datetime(2021, 7, 9, 14, 13, 54, 310027), 'time_completed': datetime.datetime(2021, 7, 9, 14, 13, 56, 915667), 'run_id': '93ac1527-d62b-4724-9925-2ebce4318b49', 'rundir': '/Users/vedkommalapati/Documents/GitHub/Parsl/runinfo/000', 'exit_now': True}
2021-07-09 14:13:56.916 parsl.dataflow.dflow:1192 [INFO]  Terminating monitoring
2021-07-09 14:13:56.916 parsl.monitoring.monitoring:403 [INFO]  Terminating Monitoring Hub
2021-07-09 14:13:56.917 parsl.monitoring.monitoring:421 [INFO]  Waiting for Hub to receive all messages and terminate
2021-07-09 14:13:59.947 parsl.process_loggers:28 [DEBUG]  Normal ending for router_starter on thread MainThread
2021-07-09 14:13:59.951 parsl.monitoring.monitoring:423 [DEBUG]  Finished waiting for Hub termination
2021-07-09 14:14:00.271 parsl.monitoring.monitoring:427 [DEBUG]  Finished waiting for DBM termination
2021-07-09 14:14:00.272 parsl.monitoring.monitoring:431 [INFO]  Terminating filesystem radio receiver process
2021-07-09 14:14:00.274 parsl.dataflow.dflow:1194 [INFO]  Terminated monitoring
2021-07-09 14:14:00.274 parsl.dataflow.dflow:1196 [INFO]  DFK cleanup complete
