2021-07-16 12:28:11.342 interchange:158 [DEBUG]  Initializing Interchange process
2021-07-16 12:28:11.343 interchange:164 [INFO]  Attempting connection to client at 127.0.0.1 on ports: 55107,55803,55136
2021-07-16 12:28:11.344 interchange:178 [INFO]  Connected to client
2021-07-16 12:28:11.347 interchange:208 [INFO]  Bound to ports 54980,54128 for incoming worker connections
2021-07-16 12:28:11.348 interchange:223 [INFO]  Platform info: {'parsl_v': '1.1.0', 'python_v': '3.8.8', 'os': 'Darwin', 'hostname': 'Ananths-Macbook.local', 'dir': '/Users/ananthhariharan/Documents/Code/GitHub/Parsl-Project'}
2021-07-16 12:28:11.349 interchange:371 [INFO]  Incoming ports bound
2021-07-16 12:28:11.350 interchange:282 [INFO]  Connecting to monitoring
2021-07-16 12:28:11.351 interchange:286 [INFO]  Monitoring enabled and connected to hub
2021-07-16 12:28:11.352 interchange:259 [INFO]  [TASK_PULL_THREAD] Starting
2021-07-16 12:28:11.352 interchange:302 [DEBUG]  [COMMAND] Command Server Starting
2021-07-16 12:28:11.353 interchange:282 [INFO]  Connecting to monitoring
2021-07-16 12:28:11.354 interchange:286 [INFO]  Monitoring enabled and connected to hub
2021-07-16 12:28:11.365 interchange:269 [DEBUG]  [TASK_PULL_THREAD] 0 tasks in internal queue
2021-07-16 12:28:11.377 interchange:278 [DEBUG]  [TASK_PULL_THREAD] Fetched task:1
2021-07-16 12:28:11.390 interchange:269 [DEBUG]  [TASK_PULL_THREAD] 1 tasks in internal queue
2021-07-16 12:28:11.404 interchange:269 [DEBUG]  [TASK_PULL_THREAD] 1 tasks in internal queue
2021-07-16 12:28:11.416 interchange:269 [DEBUG]  [TASK_PULL_THREAD] 1 tasks in internal queue
2021-07-16 12:28:11.427 interchange:269 [DEBUG]  [TASK_PULL_THREAD] 1 tasks in internal queue
2021-07-16 12:28:11.441 interchange:269 [DEBUG]  [TASK_PULL_THREAD] 1 tasks in internal queue
2021-07-16 12:28:11.454 interchange:269 [DEBUG]  [TASK_PULL_THREAD] 1 tasks in internal queue
2021-07-16 12:28:11.455 interchange:476 [DEBUG]  Managers count (interesting/total): 0/0
2021-07-16 12:28:11.456 interchange:512 [DEBUG]  [MAIN] either no interesting managers or no tasks, so skipping manager pass
2021-07-16 12:28:11.468 interchange:269 [DEBUG]  [TASK_PULL_THREAD] 1 tasks in internal queue
2021-07-16 12:28:11.482 interchange:269 [DEBUG]  [TASK_PULL_THREAD] 1 tasks in internal queue
2021-07-16 12:28:11.496 interchange:269 [DEBUG]  [TASK_PULL_THREAD] 1 tasks in internal queue
2021-07-16 12:28:11.509 interchange:269 [DEBUG]  [TASK_PULL_THREAD] 1 tasks in internal queue
2021-07-16 12:28:11.523 interchange:269 [DEBUG]  [TASK_PULL_THREAD] 1 tasks in internal queue
2021-07-16 12:28:11.537 interchange:269 [DEBUG]  [TASK_PULL_THREAD] 1 tasks in internal queue
2021-07-16 12:28:11.548 interchange:269 [DEBUG]  [TASK_PULL_THREAD] 1 tasks in internal queue
2021-07-16 12:28:11.558 interchange:476 [DEBUG]  Managers count (interesting/total): 0/0
2021-07-16 12:28:11.559 interchange:512 [DEBUG]  [MAIN] either no interesting managers or no tasks, so skipping manager pass
2021-07-16 12:28:11.560 interchange:269 [DEBUG]  [TASK_PULL_THREAD] 1 tasks in internal queue
2021-07-16 12:28:11.571 interchange:269 [DEBUG]  [TASK_PULL_THREAD] 1 tasks in internal queue
2021-07-16 12:28:11.585 interchange:269 [DEBUG]  [TASK_PULL_THREAD] 1 tasks in internal queue
2021-07-16 12:28:11.599 interchange:269 [DEBUG]  [TASK_PULL_THREAD] 1 tasks in internal queue
2021-07-16 12:28:11.611 interchange:269 [DEBUG]  [TASK_PULL_THREAD] 1 tasks in internal queue
2021-07-16 12:28:11.623 interchange:269 [DEBUG]  [TASK_PULL_THREAD] 1 tasks in internal queue
2021-07-16 12:28:11.637 interchange:269 [DEBUG]  [TASK_PULL_THREAD] 1 tasks in internal queue
2021-07-16 12:28:11.651 interchange:269 [DEBUG]  [TASK_PULL_THREAD] 1 tasks in internal queue
2021-07-16 12:28:11.661 interchange:476 [DEBUG]  Managers count (interesting/total): 0/0
2021-07-16 12:28:11.662 interchange:512 [DEBUG]  [MAIN] either no interesting managers or no tasks, so skipping manager pass
2021-07-16 12:28:11.663 interchange:269 [DEBUG]  [TASK_PULL_THREAD] 1 tasks in internal queue
2021-07-16 12:28:11.674 interchange:269 [DEBUG]  [TASK_PULL_THREAD] 1 tasks in internal queue
2021-07-16 12:28:11.688 interchange:269 [DEBUG]  [TASK_PULL_THREAD] 1 tasks in internal queue
2021-07-16 12:28:11.702 interchange:269 [DEBUG]  [TASK_PULL_THREAD] 1 tasks in internal queue
2021-07-16 12:28:11.715 interchange:269 [DEBUG]  [TASK_PULL_THREAD] 1 tasks in internal queue
2021-07-16 12:28:11.727 interchange:269 [DEBUG]  [TASK_PULL_THREAD] 1 tasks in internal queue
2021-07-16 12:28:11.740 interchange:269 [DEBUG]  [TASK_PULL_THREAD] 1 tasks in internal queue
2021-07-16 12:28:11.751 interchange:269 [DEBUG]  [TASK_PULL_THREAD] 1 tasks in internal queue
2021-07-16 12:28:11.763 interchange:269 [DEBUG]  [TASK_PULL_THREAD] 1 tasks in internal queue
2021-07-16 12:28:11.764 interchange:476 [DEBUG]  Managers count (interesting/total): 0/0
2021-07-16 12:28:11.765 interchange:512 [DEBUG]  [MAIN] either no interesting managers or no tasks, so skipping manager pass
2021-07-16 12:28:11.774 interchange:269 [DEBUG]  [TASK_PULL_THREAD] 1 tasks in internal queue
2021-07-16 12:28:11.786 interchange:269 [DEBUG]  [TASK_PULL_THREAD] 1 tasks in internal queue
2021-07-16 12:28:11.799 interchange:269 [DEBUG]  [TASK_PULL_THREAD] 1 tasks in internal queue
2021-07-16 12:28:11.811 interchange:269 [DEBUG]  [TASK_PULL_THREAD] 1 tasks in internal queue
2021-07-16 12:28:11.825 interchange:269 [DEBUG]  [TASK_PULL_THREAD] 1 tasks in internal queue
2021-07-16 12:28:11.839 interchange:269 [DEBUG]  [TASK_PULL_THREAD] 1 tasks in internal queue
2021-07-16 12:28:11.851 interchange:269 [DEBUG]  [TASK_PULL_THREAD] 1 tasks in internal queue
2021-07-16 12:28:11.865 interchange:269 [DEBUG]  [TASK_PULL_THREAD] 1 tasks in internal queue
2021-07-16 12:28:11.867 interchange:476 [DEBUG]  Managers count (interesting/total): 0/0
2021-07-16 12:28:11.868 interchange:512 [DEBUG]  [MAIN] either no interesting managers or no tasks, so skipping manager pass
2021-07-16 12:28:11.878 interchange:269 [DEBUG]  [TASK_PULL_THREAD] 1 tasks in internal queue
2021-07-16 12:28:11.892 interchange:269 [DEBUG]  [TASK_PULL_THREAD] 1 tasks in internal queue
2021-07-16 12:28:11.906 interchange:269 [DEBUG]  [TASK_PULL_THREAD] 1 tasks in internal queue
2021-07-16 12:28:11.917 interchange:269 [DEBUG]  [TASK_PULL_THREAD] 1 tasks in internal queue
2021-07-16 12:28:11.931 interchange:269 [DEBUG]  [TASK_PULL_THREAD] 1 tasks in internal queue
2021-07-16 12:28:11.944 interchange:269 [DEBUG]  [TASK_PULL_THREAD] 1 tasks in internal queue
2021-07-16 12:28:11.956 interchange:269 [DEBUG]  [TASK_PULL_THREAD] 1 tasks in internal queue
2021-07-16 12:28:11.970 interchange:476 [DEBUG]  Managers count (interesting/total): 0/0
2021-07-16 12:28:11.971 interchange:269 [DEBUG]  [TASK_PULL_THREAD] 1 tasks in internal queue
2021-07-16 12:28:11.971 interchange:512 [DEBUG]  [MAIN] either no interesting managers or no tasks, so skipping manager pass
2021-07-16 12:28:11.985 interchange:269 [DEBUG]  [TASK_PULL_THREAD] 1 tasks in internal queue
2021-07-16 12:28:11.998 interchange:269 [DEBUG]  [TASK_PULL_THREAD] 1 tasks in internal queue
2021-07-16 12:28:12.012 interchange:269 [DEBUG]  [TASK_PULL_THREAD] 1 tasks in internal queue
2021-07-16 12:28:12.024 interchange:269 [DEBUG]  [TASK_PULL_THREAD] 1 tasks in internal queue
2021-07-16 12:28:12.038 interchange:269 [DEBUG]  [TASK_PULL_THREAD] 1 tasks in internal queue
2021-07-16 12:28:12.052 interchange:269 [DEBUG]  [TASK_PULL_THREAD] 1 tasks in internal queue
2021-07-16 12:28:12.066 interchange:269 [DEBUG]  [TASK_PULL_THREAD] 1 tasks in internal queue
2021-07-16 12:28:12.074 interchange:476 [DEBUG]  Managers count (interesting/total): 0/0
2021-07-16 12:28:12.075 interchange:512 [DEBUG]  [MAIN] either no interesting managers or no tasks, so skipping manager pass
2021-07-16 12:28:12.080 interchange:269 [DEBUG]  [TASK_PULL_THREAD] 1 tasks in internal queue
2021-07-16 12:28:12.093 interchange:269 [DEBUG]  [TASK_PULL_THREAD] 1 tasks in internal queue
2021-07-16 12:28:12.107 interchange:269 [DEBUG]  [TASK_PULL_THREAD] 1 tasks in internal queue
2021-07-16 12:28:12.121 interchange:269 [DEBUG]  [TASK_PULL_THREAD] 1 tasks in internal queue
2021-07-16 12:28:12.135 interchange:269 [DEBUG]  [TASK_PULL_THREAD] 1 tasks in internal queue
2021-07-16 12:28:12.148 interchange:269 [DEBUG]  [TASK_PULL_THREAD] 1 tasks in internal queue
2021-07-16 12:28:12.162 interchange:269 [DEBUG]  [TASK_PULL_THREAD] 1 tasks in internal queue
2021-07-16 12:28:12.174 interchange:269 [DEBUG]  [TASK_PULL_THREAD] 1 tasks in internal queue
2021-07-16 12:28:12.177 interchange:476 [DEBUG]  Managers count (interesting/total): 0/0
2021-07-16 12:28:12.179 interchange:512 [DEBUG]  [MAIN] either no interesting managers or no tasks, so skipping manager pass
2021-07-16 12:28:12.188 interchange:269 [DEBUG]  [TASK_PULL_THREAD] 1 tasks in internal queue
2021-07-16 12:28:12.201 interchange:269 [DEBUG]  [TASK_PULL_THREAD] 1 tasks in internal queue
2021-07-16 12:28:12.212 interchange:269 [DEBUG]  [TASK_PULL_THREAD] 1 tasks in internal queue
2021-07-16 12:28:12.225 interchange:269 [DEBUG]  [TASK_PULL_THREAD] 1 tasks in internal queue
2021-07-16 12:28:12.238 interchange:269 [DEBUG]  [TASK_PULL_THREAD] 1 tasks in internal queue
2021-07-16 12:28:12.252 interchange:269 [DEBUG]  [TASK_PULL_THREAD] 1 tasks in internal queue
2021-07-16 12:28:12.265 interchange:269 [DEBUG]  [TASK_PULL_THREAD] 1 tasks in internal queue
2021-07-16 12:28:12.277 interchange:269 [DEBUG]  [TASK_PULL_THREAD] 1 tasks in internal queue
2021-07-16 12:28:12.281 interchange:476 [DEBUG]  Managers count (interesting/total): 0/0
2021-07-16 12:28:12.282 interchange:512 [DEBUG]  [MAIN] either no interesting managers or no tasks, so skipping manager pass
2021-07-16 12:28:12.290 interchange:269 [DEBUG]  [TASK_PULL_THREAD] 1 tasks in internal queue
2021-07-16 12:28:12.305 interchange:269 [DEBUG]  [TASK_PULL_THREAD] 1 tasks in internal queue
2021-07-16 12:28:12.319 interchange:269 [DEBUG]  [TASK_PULL_THREAD] 1 tasks in internal queue
2021-07-16 12:28:12.331 interchange:269 [DEBUG]  [TASK_PULL_THREAD] 1 tasks in internal queue
2021-07-16 12:28:12.332 interchange:310 [DEBUG]  [COMMAND] Received command request: OUTSTANDING_C
2021-07-16 12:28:12.337 interchange:356 [DEBUG]  [COMMAND] Reply: 1
2021-07-16 12:28:12.339 interchange:310 [DEBUG]  [COMMAND] Received command request: WORKERS
2021-07-16 12:28:12.341 interchange:356 [DEBUG]  [COMMAND] Reply: 0
2021-07-16 12:28:12.342 interchange:310 [DEBUG]  [COMMAND] Received command request: WORKERS
2021-07-16 12:28:12.344 interchange:356 [DEBUG]  [COMMAND] Reply: 0
2021-07-16 12:28:12.345 interchange:269 [DEBUG]  [TASK_PULL_THREAD] 1 tasks in internal queue
2021-07-16 12:28:12.359 interchange:269 [DEBUG]  [TASK_PULL_THREAD] 1 tasks in internal queue
2021-07-16 12:28:12.371 interchange:269 [DEBUG]  [TASK_PULL_THREAD] 1 tasks in internal queue
2021-07-16 12:28:12.383 interchange:476 [DEBUG]  Managers count (interesting/total): 0/0
2021-07-16 12:28:12.384 interchange:512 [DEBUG]  [MAIN] either no interesting managers or no tasks, so skipping manager pass
2021-07-16 12:28:12.386 interchange:269 [DEBUG]  [TASK_PULL_THREAD] 1 tasks in internal queue
2021-07-16 12:28:12.398 interchange:269 [DEBUG]  [TASK_PULL_THREAD] 1 tasks in internal queue
2021-07-16 12:28:12.409 interchange:269 [DEBUG]  [TASK_PULL_THREAD] 1 tasks in internal queue
2021-07-16 12:28:12.420 interchange:269 [DEBUG]  [TASK_PULL_THREAD] 1 tasks in internal queue
2021-07-16 12:28:12.431 interchange:269 [DEBUG]  [TASK_PULL_THREAD] 1 tasks in internal queue
2021-07-16 12:28:12.443 interchange:269 [DEBUG]  [TASK_PULL_THREAD] 1 tasks in internal queue
2021-07-16 12:28:12.454 interchange:269 [DEBUG]  [TASK_PULL_THREAD] 1 tasks in internal queue
2021-07-16 12:28:12.466 interchange:269 [DEBUG]  [TASK_PULL_THREAD] 1 tasks in internal queue
2021-07-16 12:28:12.479 interchange:269 [DEBUG]  [TASK_PULL_THREAD] 1 tasks in internal queue
2021-07-16 12:28:12.485 interchange:476 [DEBUG]  Managers count (interesting/total): 0/0
2021-07-16 12:28:12.486 interchange:512 [DEBUG]  [MAIN] either no interesting managers or no tasks, so skipping manager pass
2021-07-16 12:28:12.491 interchange:269 [DEBUG]  [TASK_PULL_THREAD] 1 tasks in internal queue
2021-07-16 12:28:12.502 interchange:269 [DEBUG]  [TASK_PULL_THREAD] 1 tasks in internal queue
2021-07-16 12:28:12.514 interchange:269 [DEBUG]  [TASK_PULL_THREAD] 1 tasks in internal queue
2021-07-16 12:28:12.526 interchange:269 [DEBUG]  [TASK_PULL_THREAD] 1 tasks in internal queue
2021-07-16 12:28:12.539 interchange:269 [DEBUG]  [TASK_PULL_THREAD] 1 tasks in internal queue
2021-07-16 12:28:12.551 interchange:269 [DEBUG]  [TASK_PULL_THREAD] 1 tasks in internal queue
2021-07-16 12:28:12.565 interchange:269 [DEBUG]  [TASK_PULL_THREAD] 1 tasks in internal queue
2021-07-16 12:28:12.577 interchange:269 [DEBUG]  [TASK_PULL_THREAD] 1 tasks in internal queue
2021-07-16 12:28:12.588 interchange:476 [DEBUG]  Managers count (interesting/total): 0/0
2021-07-16 12:28:12.588 interchange:512 [DEBUG]  [MAIN] either no interesting managers or no tasks, so skipping manager pass
2021-07-16 12:28:12.589 interchange:269 [DEBUG]  [TASK_PULL_THREAD] 1 tasks in internal queue
2021-07-16 12:28:12.602 interchange:269 [DEBUG]  [TASK_PULL_THREAD] 1 tasks in internal queue
2021-07-16 12:28:12.614 interchange:269 [DEBUG]  [TASK_PULL_THREAD] 1 tasks in internal queue
2021-07-16 12:28:12.626 interchange:269 [DEBUG]  [TASK_PULL_THREAD] 1 tasks in internal queue
2021-07-16 12:28:12.637 interchange:269 [DEBUG]  [TASK_PULL_THREAD] 1 tasks in internal queue
2021-07-16 12:28:12.649 interchange:269 [DEBUG]  [TASK_PULL_THREAD] 1 tasks in internal queue
2021-07-16 12:28:12.662 interchange:269 [DEBUG]  [TASK_PULL_THREAD] 1 tasks in internal queue
2021-07-16 12:28:12.674 interchange:269 [DEBUG]  [TASK_PULL_THREAD] 1 tasks in internal queue
2021-07-16 12:28:12.686 interchange:269 [DEBUG]  [TASK_PULL_THREAD] 1 tasks in internal queue
2021-07-16 12:28:12.689 interchange:476 [DEBUG]  Managers count (interesting/total): 0/0
2021-07-16 12:28:12.690 interchange:512 [DEBUG]  [MAIN] either no interesting managers or no tasks, so skipping manager pass
2021-07-16 12:28:12.697 interchange:269 [DEBUG]  [TASK_PULL_THREAD] 1 tasks in internal queue
2021-07-16 12:28:12.710 interchange:269 [DEBUG]  [TASK_PULL_THREAD] 1 tasks in internal queue
2021-07-16 12:28:12.721 interchange:269 [DEBUG]  [TASK_PULL_THREAD] 1 tasks in internal queue
2021-07-16 12:28:12.734 interchange:269 [DEBUG]  [TASK_PULL_THREAD] 1 tasks in internal queue
2021-07-16 12:28:12.745 interchange:269 [DEBUG]  [TASK_PULL_THREAD] 1 tasks in internal queue
2021-07-16 12:28:12.756 interchange:269 [DEBUG]  [TASK_PULL_THREAD] 1 tasks in internal queue
2021-07-16 12:28:12.767 interchange:269 [DEBUG]  [TASK_PULL_THREAD] 1 tasks in internal queue
2021-07-16 12:28:12.778 interchange:269 [DEBUG]  [TASK_PULL_THREAD] 1 tasks in internal queue
2021-07-16 12:28:12.792 interchange:269 [DEBUG]  [TASK_PULL_THREAD] 1 tasks in internal queue
2021-07-16 12:28:12.792 interchange:476 [DEBUG]  Managers count (interesting/total): 0/0
2021-07-16 12:28:12.793 interchange:512 [DEBUG]  [MAIN] either no interesting managers or no tasks, so skipping manager pass
2021-07-16 12:28:12.805 interchange:269 [DEBUG]  [TASK_PULL_THREAD] 1 tasks in internal queue
2021-07-16 12:28:12.817 interchange:269 [DEBUG]  [TASK_PULL_THREAD] 1 tasks in internal queue
2021-07-16 12:28:12.829 interchange:269 [DEBUG]  [TASK_PULL_THREAD] 1 tasks in internal queue
2021-07-16 12:28:12.842 interchange:269 [DEBUG]  [TASK_PULL_THREAD] 1 tasks in internal queue
2021-07-16 12:28:12.855 interchange:269 [DEBUG]  [TASK_PULL_THREAD] 1 tasks in internal queue
2021-07-16 12:28:12.866 interchange:269 [DEBUG]  [TASK_PULL_THREAD] 1 tasks in internal queue
2021-07-16 12:28:12.877 interchange:269 [DEBUG]  [TASK_PULL_THREAD] 1 tasks in internal queue
2021-07-16 12:28:12.891 interchange:269 [DEBUG]  [TASK_PULL_THREAD] 1 tasks in internal queue
2021-07-16 12:28:12.893 interchange:476 [DEBUG]  Managers count (interesting/total): 0/0
2021-07-16 12:28:12.894 interchange:512 [DEBUG]  [MAIN] either no interesting managers or no tasks, so skipping manager pass
2021-07-16 12:28:12.904 interchange:269 [DEBUG]  [TASK_PULL_THREAD] 1 tasks in internal queue
2021-07-16 12:28:12.916 interchange:269 [DEBUG]  [TASK_PULL_THREAD] 1 tasks in internal queue
2021-07-16 12:28:12.928 interchange:269 [DEBUG]  [TASK_PULL_THREAD] 1 tasks in internal queue
2021-07-16 12:28:12.941 interchange:269 [DEBUG]  [TASK_PULL_THREAD] 1 tasks in internal queue
2021-07-16 12:28:12.953 interchange:269 [DEBUG]  [TASK_PULL_THREAD] 1 tasks in internal queue
2021-07-16 12:28:12.964 interchange:269 [DEBUG]  [TASK_PULL_THREAD] 1 tasks in internal queue
2021-07-16 12:28:12.978 interchange:269 [DEBUG]  [TASK_PULL_THREAD] 1 tasks in internal queue
2021-07-16 12:28:12.991 interchange:269 [DEBUG]  [TASK_PULL_THREAD] 1 tasks in internal queue
2021-07-16 12:28:12.995 interchange:476 [DEBUG]  Managers count (interesting/total): 0/0
2021-07-16 12:28:12.996 interchange:512 [DEBUG]  [MAIN] either no interesting managers or no tasks, so skipping manager pass
2021-07-16 12:28:13.002 interchange:269 [DEBUG]  [TASK_PULL_THREAD] 1 tasks in internal queue
2021-07-16 12:28:13.016 interchange:269 [DEBUG]  [TASK_PULL_THREAD] 1 tasks in internal queue
2021-07-16 12:28:13.030 interchange:269 [DEBUG]  [TASK_PULL_THREAD] 1 tasks in internal queue
2021-07-16 12:28:13.041 interchange:269 [DEBUG]  [TASK_PULL_THREAD] 1 tasks in internal queue
2021-07-16 12:28:13.053 interchange:269 [DEBUG]  [TASK_PULL_THREAD] 1 tasks in internal queue
2021-07-16 12:28:13.065 interchange:269 [DEBUG]  [TASK_PULL_THREAD] 1 tasks in internal queue
2021-07-16 12:28:13.077 interchange:269 [DEBUG]  [TASK_PULL_THREAD] 1 tasks in internal queue
2021-07-16 12:28:13.089 interchange:269 [DEBUG]  [TASK_PULL_THREAD] 1 tasks in internal queue
2021-07-16 12:28:13.098 interchange:476 [DEBUG]  Managers count (interesting/total): 0/0
2021-07-16 12:28:13.099 interchange:512 [DEBUG]  [MAIN] either no interesting managers or no tasks, so skipping manager pass
2021-07-16 12:28:13.102 interchange:269 [DEBUG]  [TASK_PULL_THREAD] 1 tasks in internal queue
2021-07-16 12:28:13.114 interchange:269 [DEBUG]  [TASK_PULL_THREAD] 1 tasks in internal queue
2021-07-16 12:28:13.125 interchange:269 [DEBUG]  [TASK_PULL_THREAD] 1 tasks in internal queue
2021-07-16 12:28:13.139 interchange:269 [DEBUG]  [TASK_PULL_THREAD] 1 tasks in internal queue
2021-07-16 12:28:13.153 interchange:269 [DEBUG]  [TASK_PULL_THREAD] 1 tasks in internal queue
2021-07-16 12:28:13.166 interchange:269 [DEBUG]  [TASK_PULL_THREAD] 1 tasks in internal queue
2021-07-16 12:28:13.177 interchange:269 [DEBUG]  [TASK_PULL_THREAD] 1 tasks in internal queue
2021-07-16 12:28:13.188 interchange:269 [DEBUG]  [TASK_PULL_THREAD] 1 tasks in internal queue
2021-07-16 12:28:13.200 interchange:269 [DEBUG]  [TASK_PULL_THREAD] 1 tasks in internal queue
2021-07-16 12:28:13.201 interchange:476 [DEBUG]  Managers count (interesting/total): 0/0
2021-07-16 12:28:13.201 interchange:512 [DEBUG]  [MAIN] either no interesting managers or no tasks, so skipping manager pass
2021-07-16 12:28:13.211 interchange:269 [DEBUG]  [TASK_PULL_THREAD] 1 tasks in internal queue
2021-07-16 12:28:13.224 interchange:269 [DEBUG]  [TASK_PULL_THREAD] 1 tasks in internal queue
2021-07-16 12:28:13.238 interchange:269 [DEBUG]  [TASK_PULL_THREAD] 1 tasks in internal queue
2021-07-16 12:28:13.248 interchange:269 [DEBUG]  [TASK_PULL_THREAD] 1 tasks in internal queue
2021-07-16 12:28:13.262 interchange:269 [DEBUG]  [TASK_PULL_THREAD] 1 tasks in internal queue
2021-07-16 12:28:13.274 interchange:269 [DEBUG]  [TASK_PULL_THREAD] 1 tasks in internal queue
2021-07-16 12:28:13.285 interchange:269 [DEBUG]  [TASK_PULL_THREAD] 1 tasks in internal queue
2021-07-16 12:28:13.298 interchange:269 [DEBUG]  [TASK_PULL_THREAD] 1 tasks in internal queue
2021-07-16 12:28:13.303 interchange:476 [DEBUG]  Managers count (interesting/total): 0/0
2021-07-16 12:28:13.303 interchange:512 [DEBUG]  [MAIN] either no interesting managers or no tasks, so skipping manager pass
2021-07-16 12:28:13.312 interchange:269 [DEBUG]  [TASK_PULL_THREAD] 1 tasks in internal queue
2021-07-16 12:28:13.323 interchange:269 [DEBUG]  [TASK_PULL_THREAD] 1 tasks in internal queue
2021-07-16 12:28:13.334 interchange:269 [DEBUG]  [TASK_PULL_THREAD] 1 tasks in internal queue
2021-07-16 12:28:13.345 interchange:269 [DEBUG]  [TASK_PULL_THREAD] 1 tasks in internal queue
2021-07-16 12:28:13.349 interchange:360 [DEBUG]  [COMMAND] is alive
2021-07-16 12:28:13.357 interchange:269 [DEBUG]  [TASK_PULL_THREAD] 1 tasks in internal queue
2021-07-16 12:28:13.371 interchange:269 [DEBUG]  [TASK_PULL_THREAD] 1 tasks in internal queue
2021-07-16 12:28:13.384 interchange:269 [DEBUG]  [TASK_PULL_THREAD] 1 tasks in internal queue
2021-07-16 12:28:13.396 interchange:269 [DEBUG]  [TASK_PULL_THREAD] 1 tasks in internal queue
2021-07-16 12:28:13.405 interchange:476 [DEBUG]  Managers count (interesting/total): 0/0
2021-07-16 12:28:13.405 interchange:512 [DEBUG]  [MAIN] either no interesting managers or no tasks, so skipping manager pass
2021-07-16 12:28:13.408 interchange:269 [DEBUG]  [TASK_PULL_THREAD] 1 tasks in internal queue
2021-07-16 12:28:13.421 interchange:269 [DEBUG]  [TASK_PULL_THREAD] 1 tasks in internal queue
2021-07-16 12:28:13.434 interchange:269 [DEBUG]  [TASK_PULL_THREAD] 1 tasks in internal queue
2021-07-16 12:28:13.447 interchange:269 [DEBUG]  [TASK_PULL_THREAD] 1 tasks in internal queue
2021-07-16 12:28:13.458 interchange:269 [DEBUG]  [TASK_PULL_THREAD] 1 tasks in internal queue
2021-07-16 12:28:13.471 interchange:269 [DEBUG]  [TASK_PULL_THREAD] 1 tasks in internal queue
2021-07-16 12:28:13.484 interchange:269 [DEBUG]  [TASK_PULL_THREAD] 1 tasks in internal queue
2021-07-16 12:28:13.495 interchange:269 [DEBUG]  [TASK_PULL_THREAD] 1 tasks in internal queue
2021-07-16 12:28:13.507 interchange:476 [DEBUG]  Managers count (interesting/total): 0/0
2021-07-16 12:28:13.508 interchange:512 [DEBUG]  [MAIN] either no interesting managers or no tasks, so skipping manager pass
2021-07-16 12:28:13.509 interchange:269 [DEBUG]  [TASK_PULL_THREAD] 1 tasks in internal queue
2021-07-16 12:28:13.522 interchange:269 [DEBUG]  [TASK_PULL_THREAD] 1 tasks in internal queue
2021-07-16 12:28:13.534 interchange:269 [DEBUG]  [TASK_PULL_THREAD] 1 tasks in internal queue
2021-07-16 12:28:13.546 interchange:269 [DEBUG]  [TASK_PULL_THREAD] 1 tasks in internal queue
2021-07-16 12:28:13.558 interchange:269 [DEBUG]  [TASK_PULL_THREAD] 1 tasks in internal queue
2021-07-16 12:28:13.571 interchange:269 [DEBUG]  [TASK_PULL_THREAD] 1 tasks in internal queue
2021-07-16 12:28:13.582 interchange:269 [DEBUG]  [TASK_PULL_THREAD] 1 tasks in internal queue
2021-07-16 12:28:13.596 interchange:269 [DEBUG]  [TASK_PULL_THREAD] 1 tasks in internal queue
2021-07-16 12:28:13.609 interchange:269 [DEBUG]  [TASK_PULL_THREAD] 1 tasks in internal queue
2021-07-16 12:28:13.610 interchange:476 [DEBUG]  Managers count (interesting/total): 0/0
2021-07-16 12:28:13.612 interchange:512 [DEBUG]  [MAIN] either no interesting managers or no tasks, so skipping manager pass
2021-07-16 12:28:13.621 interchange:269 [DEBUG]  [TASK_PULL_THREAD] 1 tasks in internal queue
2021-07-16 12:28:13.632 interchange:269 [DEBUG]  [TASK_PULL_THREAD] 1 tasks in internal queue
2021-07-16 12:28:13.644 interchange:269 [DEBUG]  [TASK_PULL_THREAD] 1 tasks in internal queue
2021-07-16 12:28:13.656 interchange:269 [DEBUG]  [TASK_PULL_THREAD] 1 tasks in internal queue
2021-07-16 12:28:13.668 interchange:269 [DEBUG]  [TASK_PULL_THREAD] 1 tasks in internal queue
2021-07-16 12:28:13.682 interchange:269 [DEBUG]  [TASK_PULL_THREAD] 1 tasks in internal queue
2021-07-16 12:28:13.696 interchange:269 [DEBUG]  [TASK_PULL_THREAD] 1 tasks in internal queue
2021-07-16 12:28:13.708 interchange:269 [DEBUG]  [TASK_PULL_THREAD] 1 tasks in internal queue
2021-07-16 12:28:13.715 interchange:476 [DEBUG]  Managers count (interesting/total): 0/0
2021-07-16 12:28:13.716 interchange:512 [DEBUG]  [MAIN] either no interesting managers or no tasks, so skipping manager pass
2021-07-16 12:28:13.720 interchange:269 [DEBUG]  [TASK_PULL_THREAD] 1 tasks in internal queue
2021-07-16 12:28:13.733 interchange:269 [DEBUG]  [TASK_PULL_THREAD] 1 tasks in internal queue
2021-07-16 12:28:13.745 interchange:269 [DEBUG]  [TASK_PULL_THREAD] 1 tasks in internal queue
2021-07-16 12:28:13.758 interchange:269 [DEBUG]  [TASK_PULL_THREAD] 1 tasks in internal queue
2021-07-16 12:28:13.770 interchange:269 [DEBUG]  [TASK_PULL_THREAD] 1 tasks in internal queue
2021-07-16 12:28:13.783 interchange:269 [DEBUG]  [TASK_PULL_THREAD] 1 tasks in internal queue
2021-07-16 12:28:13.798 interchange:269 [DEBUG]  [TASK_PULL_THREAD] 1 tasks in internal queue
2021-07-16 12:28:13.810 interchange:269 [DEBUG]  [TASK_PULL_THREAD] 1 tasks in internal queue
2021-07-16 12:28:13.817 interchange:476 [DEBUG]  Managers count (interesting/total): 0/0
2021-07-16 12:28:13.818 interchange:512 [DEBUG]  [MAIN] either no interesting managers or no tasks, so skipping manager pass
2021-07-16 12:28:13.821 interchange:269 [DEBUG]  [TASK_PULL_THREAD] 1 tasks in internal queue
2021-07-16 12:28:13.836 interchange:269 [DEBUG]  [TASK_PULL_THREAD] 1 tasks in internal queue
2021-07-16 12:28:13.838 interchange:408 [DEBUG]  [MAIN] starting task_outgoing section
2021-07-16 12:28:13.840 interchange:434 [INFO]  [MAIN] Adding manager: b'ee6801941662' to ready queue
2021-07-16 12:28:13.841 interchange:436 [INFO]  [MAIN] Registration info for manager b'ee6801941662': {'parsl_v': '1.1.0', 'python_v': '3.8.8', 'worker_count': 3, 'uid': 'ee6801941662', 'block_id': '0', 'prefetch_capacity': 0, 'max_capacity': 3, 'os': 'Darwin', 'hostname': 'Ananths-Macbook.local', 'dir': '/Users/ananthhariharan/Documents/Code/GitHub/Parsl-Project', 'cpu_count': 2, 'total_memory': 8589934592}
2021-07-16 12:28:13.842 interchange:293 [INFO]  Sending message {'last_heartbeat': 1626456493.840715, 'idle_since': 1626456493.8407161, 'free_capacity': 0, 'block_id': '0', 'max_capacity': 3, 'worker_count': 3, 'active': True, 'tasks': [], 'parsl_v': '1.1.0', 'python_v': '3.8.8', 'uid': 'ee6801941662', 'prefetch_capacity': 0, 'os': 'Darwin', 'hostname': 'Ananths-Macbook.local', 'dir': '/Users/ananthhariharan/Documents/Code/GitHub/Parsl-Project', 'cpu_count': 2, 'total_memory': 8589934592} to hub
2021-07-16 12:28:13.845 interchange:454 [INFO]  [MAIN] Manager b'ee6801941662' has compatible Parsl version 1.1.0
2021-07-16 12:28:13.846 interchange:455 [INFO]  [MAIN] Manager b'ee6801941662' has compatible Python version 3.8
2021-07-16 12:28:13.847 interchange:472 [DEBUG]  [MAIN] leaving task_outgoing section
2021-07-16 12:28:13.848 interchange:476 [DEBUG]  Managers count (interesting/total): 1/1
2021-07-16 12:28:13.848 interchange:510 [DEBUG]  [MAIN] leaving _ready_manager_queue section, with 0 managers still interesting
2021-07-16 12:28:13.850 interchange:269 [DEBUG]  [TASK_PULL_THREAD] 1 tasks in internal queue
2021-07-16 12:28:13.863 interchange:269 [DEBUG]  [TASK_PULL_THREAD] 1 tasks in internal queue
2021-07-16 12:28:13.877 interchange:269 [DEBUG]  [TASK_PULL_THREAD] 1 tasks in internal queue
2021-07-16 12:28:13.888 interchange:269 [DEBUG]  [TASK_PULL_THREAD] 1 tasks in internal queue
2021-07-16 12:28:13.901 interchange:269 [DEBUG]  [TASK_PULL_THREAD] 1 tasks in internal queue
2021-07-16 12:28:13.915 interchange:269 [DEBUG]  [TASK_PULL_THREAD] 1 tasks in internal queue
2021-07-16 12:28:13.929 interchange:269 [DEBUG]  [TASK_PULL_THREAD] 1 tasks in internal queue
2021-07-16 12:28:13.944 interchange:269 [DEBUG]  [TASK_PULL_THREAD] 1 tasks in internal queue
2021-07-16 12:28:13.947 interchange:408 [DEBUG]  [MAIN] starting task_outgoing section
2021-07-16 12:28:13.948 interchange:469 [DEBUG]  [MAIN] Manager b'ee6801941662' requested 3 tasks
2021-07-16 12:28:13.949 interchange:472 [DEBUG]  [MAIN] leaving task_outgoing section
2021-07-16 12:28:13.949 interchange:476 [DEBUG]  Managers count (interesting/total): 1/1
2021-07-16 12:28:13.950 interchange:500 [DEBUG]  [MAIN] Sent tasks: [1] to manager b'ee6801941662'
2021-07-16 12:28:13.952 interchange:502 [DEBUG]  [MAIN] Manager b'ee6801941662' has free_capacity 2
2021-07-16 12:28:13.953 interchange:510 [DEBUG]  [MAIN] leaving _ready_manager_queue section, with 1 managers still interesting
2021-07-16 12:28:13.955 interchange:408 [DEBUG]  [MAIN] starting task_outgoing section
2021-07-16 12:28:13.956 interchange:469 [DEBUG]  [MAIN] Manager b'ee6801941662' requested 3 tasks
2021-07-16 12:28:13.956 interchange:472 [DEBUG]  [MAIN] leaving task_outgoing section
2021-07-16 12:28:13.957 interchange:476 [DEBUG]  Managers count (interesting/total): 1/1
2021-07-16 12:28:13.957 interchange:512 [DEBUG]  [MAIN] either no interesting managers or no tasks, so skipping manager pass
2021-07-16 12:28:13.958 interchange:408 [DEBUG]  [MAIN] starting task_outgoing section
2021-07-16 12:28:13.958 interchange:469 [DEBUG]  [MAIN] Manager b'ee6801941662' requested 3 tasks
2021-07-16 12:28:13.959 interchange:269 [DEBUG]  [TASK_PULL_THREAD] 0 tasks in internal queue
2021-07-16 12:28:13.959 interchange:472 [DEBUG]  [MAIN] leaving task_outgoing section
2021-07-16 12:28:13.960 interchange:476 [DEBUG]  Managers count (interesting/total): 1/1
2021-07-16 12:28:13.961 interchange:512 [DEBUG]  [MAIN] either no interesting managers or no tasks, so skipping manager pass
2021-07-16 12:28:13.972 interchange:269 [DEBUG]  [TASK_PULL_THREAD] 0 tasks in internal queue
2021-07-16 12:28:13.986 interchange:269 [DEBUG]  [TASK_PULL_THREAD] 0 tasks in internal queue
2021-07-16 12:28:13.999 interchange:269 [DEBUG]  [TASK_PULL_THREAD] 0 tasks in internal queue
2021-07-16 12:28:14.010 interchange:269 [DEBUG]  [TASK_PULL_THREAD] 0 tasks in internal queue
2021-07-16 12:28:14.024 interchange:269 [DEBUG]  [TASK_PULL_THREAD] 0 tasks in internal queue
2021-07-16 12:28:14.038 interchange:269 [DEBUG]  [TASK_PULL_THREAD] 0 tasks in internal queue
2021-07-16 12:28:14.052 interchange:269 [DEBUG]  [TASK_PULL_THREAD] 0 tasks in internal queue
2021-07-16 12:28:14.063 interchange:476 [DEBUG]  Managers count (interesting/total): 1/1
2021-07-16 12:28:14.064 interchange:512 [DEBUG]  [MAIN] either no interesting managers or no tasks, so skipping manager pass
2021-07-16 12:28:14.064 interchange:269 [DEBUG]  [TASK_PULL_THREAD] 0 tasks in internal queue
2021-07-16 12:28:14.068 interchange:476 [DEBUG]  Managers count (interesting/total): 1/1
2021-07-16 12:28:14.069 interchange:512 [DEBUG]  [MAIN] either no interesting managers or no tasks, so skipping manager pass
2021-07-16 12:28:14.070 interchange:515 [DEBUG]  [MAIN] entering results_incoming section
2021-07-16 12:28:14.071 interchange:520 [DEBUG]  [MAIN] Got 1 result items in batch
2021-07-16 12:28:14.072 interchange:533 [DEBUG]  [MAIN] Current tasks: []
2021-07-16 12:28:14.073 interchange:536 [DEBUG]  [MAIN] leaving results_incoming section
2021-07-16 12:28:14.076 interchange:269 [DEBUG]  [TASK_PULL_THREAD] 0 tasks in internal queue
2021-07-16 12:28:14.079 interchange:278 [DEBUG]  [TASK_PULL_THREAD] Fetched task:2
2021-07-16 12:28:14.084 interchange:278 [DEBUG]  [TASK_PULL_THREAD] Fetched task:3
2021-07-16 12:28:14.096 interchange:269 [DEBUG]  [TASK_PULL_THREAD] 2 tasks in internal queue
2021-07-16 12:28:14.109 interchange:269 [DEBUG]  [TASK_PULL_THREAD] 2 tasks in internal queue
2021-07-16 12:28:14.121 interchange:269 [DEBUG]  [TASK_PULL_THREAD] 2 tasks in internal queue
2021-07-16 12:28:14.132 interchange:269 [DEBUG]  [TASK_PULL_THREAD] 2 tasks in internal queue
2021-07-16 12:28:14.147 interchange:269 [DEBUG]  [TASK_PULL_THREAD] 2 tasks in internal queue
2021-07-16 12:28:14.157 interchange:408 [DEBUG]  [MAIN] starting task_outgoing section
2021-07-16 12:28:14.158 interchange:469 [DEBUG]  [MAIN] Manager b'ee6801941662' requested 3 tasks
2021-07-16 12:28:14.159 interchange:472 [DEBUG]  [MAIN] leaving task_outgoing section
2021-07-16 12:28:14.159 interchange:476 [DEBUG]  Managers count (interesting/total): 1/1
2021-07-16 12:28:14.160 interchange:269 [DEBUG]  [TASK_PULL_THREAD] 0 tasks in internal queue
2021-07-16 12:28:14.161 interchange:500 [DEBUG]  [MAIN] Sent tasks: [2, 3] to manager b'ee6801941662'
2021-07-16 12:28:14.162 interchange:502 [DEBUG]  [MAIN] Manager b'ee6801941662' has free_capacity 1
2021-07-16 12:28:14.164 interchange:510 [DEBUG]  [MAIN] leaving _ready_manager_queue section, with 1 managers still interesting
2021-07-16 12:28:14.166 interchange:408 [DEBUG]  [MAIN] starting task_outgoing section
2021-07-16 12:28:14.166 interchange:469 [DEBUG]  [MAIN] Manager b'ee6801941662' requested 3 tasks
2021-07-16 12:28:14.167 interchange:472 [DEBUG]  [MAIN] leaving task_outgoing section
2021-07-16 12:28:14.167 interchange:476 [DEBUG]  Managers count (interesting/total): 1/1
2021-07-16 12:28:14.168 interchange:512 [DEBUG]  [MAIN] either no interesting managers or no tasks, so skipping manager pass
2021-07-16 12:28:14.168 interchange:408 [DEBUG]  [MAIN] starting task_outgoing section
2021-07-16 12:28:14.169 interchange:469 [DEBUG]  [MAIN] Manager b'ee6801941662' requested 3 tasks
2021-07-16 12:28:14.170 interchange:472 [DEBUG]  [MAIN] leaving task_outgoing section
2021-07-16 12:28:14.171 interchange:476 [DEBUG]  Managers count (interesting/total): 1/1
2021-07-16 12:28:14.172 interchange:512 [DEBUG]  [MAIN] either no interesting managers or no tasks, so skipping manager pass
2021-07-16 12:28:14.174 interchange:269 [DEBUG]  [TASK_PULL_THREAD] 0 tasks in internal queue
2021-07-16 12:28:14.187 interchange:269 [DEBUG]  [TASK_PULL_THREAD] 0 tasks in internal queue
2021-07-16 12:28:14.198 interchange:269 [DEBUG]  [TASK_PULL_THREAD] 0 tasks in internal queue
2021-07-16 12:28:14.213 interchange:269 [DEBUG]  [TASK_PULL_THREAD] 0 tasks in internal queue
2021-07-16 12:28:14.227 interchange:269 [DEBUG]  [TASK_PULL_THREAD] 0 tasks in internal queue
2021-07-16 12:28:14.241 interchange:269 [DEBUG]  [TASK_PULL_THREAD] 0 tasks in internal queue
2021-07-16 12:28:14.256 interchange:269 [DEBUG]  [TASK_PULL_THREAD] 0 tasks in internal queue
2021-07-16 12:28:14.270 interchange:269 [DEBUG]  [TASK_PULL_THREAD] 0 tasks in internal queue
2021-07-16 12:28:14.274 interchange:476 [DEBUG]  Managers count (interesting/total): 1/1
2021-07-16 12:28:14.275 interchange:512 [DEBUG]  [MAIN] either no interesting managers or no tasks, so skipping manager pass
2021-07-16 12:28:14.285 interchange:269 [DEBUG]  [TASK_PULL_THREAD] 0 tasks in internal queue
2021-07-16 12:28:14.286 interchange:476 [DEBUG]  Managers count (interesting/total): 1/1
2021-07-16 12:28:14.288 interchange:512 [DEBUG]  [MAIN] either no interesting managers or no tasks, so skipping manager pass
2021-07-16 12:28:14.288 interchange:515 [DEBUG]  [MAIN] entering results_incoming section
2021-07-16 12:28:14.289 interchange:520 [DEBUG]  [MAIN] Got 2 result items in batch
2021-07-16 12:28:14.290 interchange:533 [DEBUG]  [MAIN] Current tasks: []
2021-07-16 12:28:14.291 interchange:536 [DEBUG]  [MAIN] leaving results_incoming section
2021-07-16 12:28:14.297 interchange:269 [DEBUG]  [TASK_PULL_THREAD] 0 tasks in internal queue
2021-07-16 12:28:14.300 interchange:278 [DEBUG]  [TASK_PULL_THREAD] Fetched task:4
2021-07-16 12:28:14.314 interchange:269 [DEBUG]  [TASK_PULL_THREAD] 1 tasks in internal queue
2021-07-16 12:28:14.328 interchange:269 [DEBUG]  [TASK_PULL_THREAD] 1 tasks in internal queue
2021-07-16 12:28:14.340 interchange:269 [DEBUG]  [TASK_PULL_THREAD] 1 tasks in internal queue
2021-07-16 12:28:14.351 interchange:360 [DEBUG]  [COMMAND] is alive
2021-07-16 12:28:14.352 interchange:269 [DEBUG]  [TASK_PULL_THREAD] 1 tasks in internal queue
2021-07-16 12:28:14.365 interchange:269 [DEBUG]  [TASK_PULL_THREAD] 1 tasks in internal queue
2021-07-16 12:28:14.369 interchange:408 [DEBUG]  [MAIN] starting task_outgoing section
2021-07-16 12:28:14.370 interchange:469 [DEBUG]  [MAIN] Manager b'ee6801941662' requested 3 tasks
2021-07-16 12:28:14.371 interchange:472 [DEBUG]  [MAIN] leaving task_outgoing section
2021-07-16 12:28:14.372 interchange:476 [DEBUG]  Managers count (interesting/total): 1/1
2021-07-16 12:28:14.373 interchange:500 [DEBUG]  [MAIN] Sent tasks: [4] to manager b'ee6801941662'
2021-07-16 12:28:14.374 interchange:502 [DEBUG]  [MAIN] Manager b'ee6801941662' has free_capacity 2
2021-07-16 12:28:14.375 interchange:510 [DEBUG]  [MAIN] leaving _ready_manager_queue section, with 1 managers still interesting
2021-07-16 12:28:14.376 interchange:408 [DEBUG]  [MAIN] starting task_outgoing section
2021-07-16 12:28:14.377 interchange:469 [DEBUG]  [MAIN] Manager b'ee6801941662' requested 3 tasks
2021-07-16 12:28:14.377 interchange:472 [DEBUG]  [MAIN] leaving task_outgoing section
2021-07-16 12:28:14.378 interchange:269 [DEBUG]  [TASK_PULL_THREAD] 0 tasks in internal queue
2021-07-16 12:28:14.378 interchange:476 [DEBUG]  Managers count (interesting/total): 1/1
2021-07-16 12:28:14.380 interchange:512 [DEBUG]  [MAIN] either no interesting managers or no tasks, so skipping manager pass
2021-07-16 12:28:14.380 interchange:408 [DEBUG]  [MAIN] starting task_outgoing section
2021-07-16 12:28:14.381 interchange:469 [DEBUG]  [MAIN] Manager b'ee6801941662' requested 3 tasks
2021-07-16 12:28:14.382 interchange:472 [DEBUG]  [MAIN] leaving task_outgoing section
2021-07-16 12:28:14.383 interchange:476 [DEBUG]  Managers count (interesting/total): 1/1
2021-07-16 12:28:14.383 interchange:512 [DEBUG]  [MAIN] either no interesting managers or no tasks, so skipping manager pass
2021-07-16 12:28:14.392 interchange:269 [DEBUG]  [TASK_PULL_THREAD] 0 tasks in internal queue
2021-07-16 12:28:14.406 interchange:269 [DEBUG]  [TASK_PULL_THREAD] 0 tasks in internal queue
2021-07-16 12:28:14.417 interchange:269 [DEBUG]  [TASK_PULL_THREAD] 0 tasks in internal queue
2021-07-16 12:28:14.431 interchange:269 [DEBUG]  [TASK_PULL_THREAD] 0 tasks in internal queue
2021-07-16 12:28:14.444 interchange:269 [DEBUG]  [TASK_PULL_THREAD] 0 tasks in internal queue
2021-07-16 12:28:14.456 interchange:269 [DEBUG]  [TASK_PULL_THREAD] 0 tasks in internal queue
2021-07-16 12:28:14.467 interchange:269 [DEBUG]  [TASK_PULL_THREAD] 0 tasks in internal queue
2021-07-16 12:28:14.479 interchange:269 [DEBUG]  [TASK_PULL_THREAD] 0 tasks in internal queue
2021-07-16 12:28:14.485 interchange:476 [DEBUG]  Managers count (interesting/total): 1/1
2021-07-16 12:28:14.486 interchange:512 [DEBUG]  [MAIN] either no interesting managers or no tasks, so skipping manager pass
2021-07-16 12:28:14.487 interchange:476 [DEBUG]  Managers count (interesting/total): 1/1
2021-07-16 12:28:14.488 interchange:512 [DEBUG]  [MAIN] either no interesting managers or no tasks, so skipping manager pass
2021-07-16 12:28:14.489 interchange:515 [DEBUG]  [MAIN] entering results_incoming section
2021-07-16 12:28:14.490 interchange:520 [DEBUG]  [MAIN] Got 1 result items in batch
2021-07-16 12:28:14.491 interchange:533 [DEBUG]  [MAIN] Current tasks: []
2021-07-16 12:28:14.491 interchange:536 [DEBUG]  [MAIN] leaving results_incoming section
2021-07-16 12:28:14.492 interchange:269 [DEBUG]  [TASK_PULL_THREAD] 0 tasks in internal queue
2021-07-16 12:28:14.496 interchange:278 [DEBUG]  [TASK_PULL_THREAD] Fetched task:5
2021-07-16 12:28:14.510 interchange:269 [DEBUG]  [TASK_PULL_THREAD] 1 tasks in internal queue
2021-07-16 12:28:14.524 interchange:269 [DEBUG]  [TASK_PULL_THREAD] 1 tasks in internal queue
2021-07-16 12:28:14.536 interchange:269 [DEBUG]  [TASK_PULL_THREAD] 1 tasks in internal queue
2021-07-16 12:28:14.550 interchange:269 [DEBUG]  [TASK_PULL_THREAD] 1 tasks in internal queue
2021-07-16 12:28:14.561 interchange:269 [DEBUG]  [TASK_PULL_THREAD] 1 tasks in internal queue
2021-07-16 12:28:14.575 interchange:269 [DEBUG]  [TASK_PULL_THREAD] 1 tasks in internal queue
2021-07-16 12:28:14.580 interchange:408 [DEBUG]  [MAIN] starting task_outgoing section
2021-07-16 12:28:14.581 interchange:469 [DEBUG]  [MAIN] Manager b'ee6801941662' requested 3 tasks
2021-07-16 12:28:14.582 interchange:472 [DEBUG]  [MAIN] leaving task_outgoing section
2021-07-16 12:28:14.583 interchange:476 [DEBUG]  Managers count (interesting/total): 1/1
2021-07-16 12:28:14.583 interchange:500 [DEBUG]  [MAIN] Sent tasks: [5] to manager b'ee6801941662'
2021-07-16 12:28:14.584 interchange:502 [DEBUG]  [MAIN] Manager b'ee6801941662' has free_capacity 2
2021-07-16 12:28:14.585 interchange:510 [DEBUG]  [MAIN] leaving _ready_manager_queue section, with 1 managers still interesting
2021-07-16 12:28:14.585 interchange:408 [DEBUG]  [MAIN] starting task_outgoing section
2021-07-16 12:28:14.586 interchange:469 [DEBUG]  [MAIN] Manager b'ee6801941662' requested 3 tasks
2021-07-16 12:28:14.586 interchange:269 [DEBUG]  [TASK_PULL_THREAD] 0 tasks in internal queue
2021-07-16 12:28:14.586 interchange:472 [DEBUG]  [MAIN] leaving task_outgoing section
2021-07-16 12:28:14.587 interchange:476 [DEBUG]  Managers count (interesting/total): 1/1
2021-07-16 12:28:14.588 interchange:512 [DEBUG]  [MAIN] either no interesting managers or no tasks, so skipping manager pass
2021-07-16 12:28:14.588 interchange:408 [DEBUG]  [MAIN] starting task_outgoing section
2021-07-16 12:28:14.589 interchange:469 [DEBUG]  [MAIN] Manager b'ee6801941662' requested 3 tasks
2021-07-16 12:28:14.590 interchange:472 [DEBUG]  [MAIN] leaving task_outgoing section
2021-07-16 12:28:14.590 interchange:476 [DEBUG]  Managers count (interesting/total): 1/1
2021-07-16 12:28:14.590 interchange:512 [DEBUG]  [MAIN] either no interesting managers or no tasks, so skipping manager pass
2021-07-16 12:28:14.598 interchange:269 [DEBUG]  [TASK_PULL_THREAD] 0 tasks in internal queue
2021-07-16 12:28:14.611 interchange:269 [DEBUG]  [TASK_PULL_THREAD] 0 tasks in internal queue
2021-07-16 12:28:14.625 interchange:269 [DEBUG]  [TASK_PULL_THREAD] 0 tasks in internal queue
2021-07-16 12:28:14.636 interchange:269 [DEBUG]  [TASK_PULL_THREAD] 0 tasks in internal queue
2021-07-16 12:28:14.648 interchange:269 [DEBUG]  [TASK_PULL_THREAD] 0 tasks in internal queue
2021-07-16 12:28:14.661 interchange:269 [DEBUG]  [TASK_PULL_THREAD] 0 tasks in internal queue
2021-07-16 12:28:14.675 interchange:269 [DEBUG]  [TASK_PULL_THREAD] 0 tasks in internal queue
2021-07-16 12:28:14.687 interchange:269 [DEBUG]  [TASK_PULL_THREAD] 0 tasks in internal queue
2021-07-16 12:28:14.691 interchange:476 [DEBUG]  Managers count (interesting/total): 1/1
2021-07-16 12:28:14.692 interchange:512 [DEBUG]  [MAIN] either no interesting managers or no tasks, so skipping manager pass
2021-07-16 12:28:14.698 interchange:476 [DEBUG]  Managers count (interesting/total): 1/1
2021-07-16 12:28:14.700 interchange:269 [DEBUG]  [TASK_PULL_THREAD] 0 tasks in internal queue
2021-07-16 12:28:14.700 interchange:512 [DEBUG]  [MAIN] either no interesting managers or no tasks, so skipping manager pass
2021-07-16 12:28:14.702 interchange:515 [DEBUG]  [MAIN] entering results_incoming section
2021-07-16 12:28:14.703 interchange:520 [DEBUG]  [MAIN] Got 1 result items in batch
2021-07-16 12:28:14.704 interchange:533 [DEBUG]  [MAIN] Current tasks: []
2021-07-16 12:28:14.704 interchange:536 [DEBUG]  [MAIN] leaving results_incoming section
2021-07-16 12:28:14.707 interchange:278 [DEBUG]  [TASK_PULL_THREAD] Fetched task:6
2021-07-16 12:28:14.718 interchange:269 [DEBUG]  [TASK_PULL_THREAD] 1 tasks in internal queue
2021-07-16 12:28:14.734 interchange:269 [DEBUG]  [TASK_PULL_THREAD] 1 tasks in internal queue
2021-07-16 12:28:14.745 interchange:269 [DEBUG]  [TASK_PULL_THREAD] 1 tasks in internal queue
2021-07-16 12:28:14.758 interchange:269 [DEBUG]  [TASK_PULL_THREAD] 1 tasks in internal queue
2021-07-16 12:28:14.771 interchange:269 [DEBUG]  [TASK_PULL_THREAD] 1 tasks in internal queue
2021-07-16 12:28:14.784 interchange:269 [DEBUG]  [TASK_PULL_THREAD] 1 tasks in internal queue
2021-07-16 12:28:14.790 interchange:408 [DEBUG]  [MAIN] starting task_outgoing section
2021-07-16 12:28:14.792 interchange:469 [DEBUG]  [MAIN] Manager b'ee6801941662' requested 3 tasks
2021-07-16 12:28:14.793 interchange:472 [DEBUG]  [MAIN] leaving task_outgoing section
2021-07-16 12:28:14.793 interchange:476 [DEBUG]  Managers count (interesting/total): 1/1
2021-07-16 12:28:14.794 interchange:500 [DEBUG]  [MAIN] Sent tasks: [6] to manager b'ee6801941662'
2021-07-16 12:28:14.796 interchange:502 [DEBUG]  [MAIN] Manager b'ee6801941662' has free_capacity 2
2021-07-16 12:28:14.798 interchange:269 [DEBUG]  [TASK_PULL_THREAD] 0 tasks in internal queue
2021-07-16 12:28:14.798 interchange:510 [DEBUG]  [MAIN] leaving _ready_manager_queue section, with 1 managers still interesting
2021-07-16 12:28:14.800 interchange:408 [DEBUG]  [MAIN] starting task_outgoing section
2021-07-16 12:28:14.801 interchange:469 [DEBUG]  [MAIN] Manager b'ee6801941662' requested 3 tasks
2021-07-16 12:28:14.803 interchange:472 [DEBUG]  [MAIN] leaving task_outgoing section
2021-07-16 12:28:14.804 interchange:476 [DEBUG]  Managers count (interesting/total): 1/1
2021-07-16 12:28:14.805 interchange:512 [DEBUG]  [MAIN] either no interesting managers or no tasks, so skipping manager pass
2021-07-16 12:28:14.806 interchange:408 [DEBUG]  [MAIN] starting task_outgoing section
2021-07-16 12:28:14.806 interchange:469 [DEBUG]  [MAIN] Manager b'ee6801941662' requested 3 tasks
2021-07-16 12:28:14.806 interchange:472 [DEBUG]  [MAIN] leaving task_outgoing section
2021-07-16 12:28:14.807 interchange:476 [DEBUG]  Managers count (interesting/total): 1/1
2021-07-16 12:28:14.807 interchange:512 [DEBUG]  [MAIN] either no interesting managers or no tasks, so skipping manager pass
2021-07-16 12:28:14.811 interchange:269 [DEBUG]  [TASK_PULL_THREAD] 0 tasks in internal queue
2021-07-16 12:28:14.823 interchange:269 [DEBUG]  [TASK_PULL_THREAD] 0 tasks in internal queue
2021-07-16 12:28:14.834 interchange:269 [DEBUG]  [TASK_PULL_THREAD] 0 tasks in internal queue
2021-07-16 12:28:14.846 interchange:269 [DEBUG]  [TASK_PULL_THREAD] 0 tasks in internal queue
2021-07-16 12:28:14.858 interchange:269 [DEBUG]  [TASK_PULL_THREAD] 0 tasks in internal queue
2021-07-16 12:28:14.869 interchange:269 [DEBUG]  [TASK_PULL_THREAD] 0 tasks in internal queue
2021-07-16 12:28:14.880 interchange:269 [DEBUG]  [TASK_PULL_THREAD] 0 tasks in internal queue
2021-07-16 12:28:14.894 interchange:269 [DEBUG]  [TASK_PULL_THREAD] 0 tasks in internal queue
2021-07-16 12:28:14.907 interchange:269 [DEBUG]  [TASK_PULL_THREAD] 0 tasks in internal queue
2021-07-16 12:28:14.909 interchange:476 [DEBUG]  Managers count (interesting/total): 1/1
2021-07-16 12:28:14.911 interchange:512 [DEBUG]  [MAIN] either no interesting managers or no tasks, so skipping manager pass
2021-07-16 12:28:14.915 interchange:476 [DEBUG]  Managers count (interesting/total): 1/1
2021-07-16 12:28:14.917 interchange:512 [DEBUG]  [MAIN] either no interesting managers or no tasks, so skipping manager pass
2021-07-16 12:28:14.918 interchange:515 [DEBUG]  [MAIN] entering results_incoming section
2021-07-16 12:28:14.919 interchange:520 [DEBUG]  [MAIN] Got 1 result items in batch
2021-07-16 12:28:14.920 interchange:269 [DEBUG]  [TASK_PULL_THREAD] 0 tasks in internal queue
2021-07-16 12:28:14.921 interchange:533 [DEBUG]  [MAIN] Current tasks: []
2021-07-16 12:28:14.922 interchange:536 [DEBUG]  [MAIN] leaving results_incoming section
2021-07-16 12:28:14.925 interchange:278 [DEBUG]  [TASK_PULL_THREAD] Fetched task:7
2021-07-16 12:28:14.928 interchange:278 [DEBUG]  [TASK_PULL_THREAD] Fetched task:8
2021-07-16 12:28:14.941 interchange:269 [DEBUG]  [TASK_PULL_THREAD] 2 tasks in internal queue
2021-07-16 12:28:14.955 interchange:269 [DEBUG]  [TASK_PULL_THREAD] 2 tasks in internal queue
2021-07-16 12:28:14.967 interchange:269 [DEBUG]  [TASK_PULL_THREAD] 2 tasks in internal queue
2021-07-16 12:28:14.978 interchange:269 [DEBUG]  [TASK_PULL_THREAD] 2 tasks in internal queue
2021-07-16 12:28:14.991 interchange:269 [DEBUG]  [TASK_PULL_THREAD] 2 tasks in internal queue
2021-07-16 12:28:15.001 interchange:408 [DEBUG]  [MAIN] starting task_outgoing section
2021-07-16 12:28:15.002 interchange:469 [DEBUG]  [MAIN] Manager b'ee6801941662' requested 3 tasks
2021-07-16 12:28:15.002 interchange:472 [DEBUG]  [MAIN] leaving task_outgoing section
2021-07-16 12:28:15.003 interchange:476 [DEBUG]  Managers count (interesting/total): 1/1
2021-07-16 12:28:15.004 interchange:269 [DEBUG]  [TASK_PULL_THREAD] 0 tasks in internal queue
2021-07-16 12:28:15.004 interchange:500 [DEBUG]  [MAIN] Sent tasks: [7, 8] to manager b'ee6801941662'
2021-07-16 12:28:15.005 interchange:502 [DEBUG]  [MAIN] Manager b'ee6801941662' has free_capacity 1
2021-07-16 12:28:15.006 interchange:510 [DEBUG]  [MAIN] leaving _ready_manager_queue section, with 1 managers still interesting
2021-07-16 12:28:15.007 interchange:408 [DEBUG]  [MAIN] starting task_outgoing section
2021-07-16 12:28:15.008 interchange:469 [DEBUG]  [MAIN] Manager b'ee6801941662' requested 3 tasks
2021-07-16 12:28:15.008 interchange:472 [DEBUG]  [MAIN] leaving task_outgoing section
2021-07-16 12:28:15.009 interchange:476 [DEBUG]  Managers count (interesting/total): 1/1
2021-07-16 12:28:15.010 interchange:512 [DEBUG]  [MAIN] either no interesting managers or no tasks, so skipping manager pass
2021-07-16 12:28:15.011 interchange:408 [DEBUG]  [MAIN] starting task_outgoing section
2021-07-16 12:28:15.013 interchange:469 [DEBUG]  [MAIN] Manager b'ee6801941662' requested 3 tasks
2021-07-16 12:28:15.014 interchange:472 [DEBUG]  [MAIN] leaving task_outgoing section
2021-07-16 12:28:15.015 interchange:269 [DEBUG]  [TASK_PULL_THREAD] 0 tasks in internal queue
2021-07-16 12:28:15.015 interchange:476 [DEBUG]  Managers count (interesting/total): 1/1
2021-07-16 12:28:15.016 interchange:512 [DEBUG]  [MAIN] either no interesting managers or no tasks, so skipping manager pass
2021-07-16 12:28:15.017 interchange:476 [DEBUG]  Managers count (interesting/total): 1/1
2021-07-16 12:28:15.017 interchange:512 [DEBUG]  [MAIN] either no interesting managers or no tasks, so skipping manager pass
2021-07-16 12:28:15.018 interchange:515 [DEBUG]  [MAIN] entering results_incoming section
2021-07-16 12:28:15.018 interchange:520 [DEBUG]  [MAIN] Got 1 result items in batch
2021-07-16 12:28:15.019 interchange:533 [DEBUG]  [MAIN] Current tasks: [7]
2021-07-16 12:28:15.019 interchange:536 [DEBUG]  [MAIN] leaving results_incoming section
2021-07-16 12:28:15.026 interchange:269 [DEBUG]  [TASK_PULL_THREAD] 0 tasks in internal queue
2021-07-16 12:28:15.040 interchange:269 [DEBUG]  [TASK_PULL_THREAD] 0 tasks in internal queue
2021-07-16 12:28:15.052 interchange:269 [DEBUG]  [TASK_PULL_THREAD] 0 tasks in internal queue
2021-07-16 12:28:15.063 interchange:269 [DEBUG]  [TASK_PULL_THREAD] 0 tasks in internal queue
2021-07-16 12:28:15.077 interchange:269 [DEBUG]  [TASK_PULL_THREAD] 0 tasks in internal queue
2021-07-16 12:28:15.089 interchange:269 [DEBUG]  [TASK_PULL_THREAD] 0 tasks in internal queue
2021-07-16 12:28:15.101 interchange:269 [DEBUG]  [TASK_PULL_THREAD] 0 tasks in internal queue
2021-07-16 12:28:15.112 interchange:269 [DEBUG]  [TASK_PULL_THREAD] 0 tasks in internal queue
2021-07-16 12:28:15.120 interchange:476 [DEBUG]  Managers count (interesting/total): 1/1
2021-07-16 12:28:15.120 interchange:512 [DEBUG]  [MAIN] either no interesting managers or no tasks, so skipping manager pass
2021-07-16 12:28:15.121 interchange:476 [DEBUG]  Managers count (interesting/total): 1/1
2021-07-16 12:28:15.122 interchange:512 [DEBUG]  [MAIN] either no interesting managers or no tasks, so skipping manager pass
2021-07-16 12:28:15.122 interchange:515 [DEBUG]  [MAIN] entering results_incoming section
2021-07-16 12:28:15.122 interchange:520 [DEBUG]  [MAIN] Got 1 result items in batch
2021-07-16 12:28:15.123 interchange:533 [DEBUG]  [MAIN] Current tasks: []
2021-07-16 12:28:15.124 interchange:536 [DEBUG]  [MAIN] leaving results_incoming section
2021-07-16 12:28:15.126 interchange:269 [DEBUG]  [TASK_PULL_THREAD] 0 tasks in internal queue
2021-07-16 12:28:15.130 interchange:278 [DEBUG]  [TASK_PULL_THREAD] Fetched task:9
2021-07-16 12:28:15.142 interchange:269 [DEBUG]  [TASK_PULL_THREAD] 1 tasks in internal queue
2021-07-16 12:28:15.155 interchange:269 [DEBUG]  [TASK_PULL_THREAD] 1 tasks in internal queue
2021-07-16 12:28:15.167 interchange:269 [DEBUG]  [TASK_PULL_THREAD] 1 tasks in internal queue
2021-07-16 12:28:15.179 interchange:269 [DEBUG]  [TASK_PULL_THREAD] 1 tasks in internal queue
2021-07-16 12:28:15.191 interchange:269 [DEBUG]  [TASK_PULL_THREAD] 1 tasks in internal queue
2021-07-16 12:28:15.206 interchange:269 [DEBUG]  [TASK_PULL_THREAD] 1 tasks in internal queue
2021-07-16 12:28:15.208 interchange:408 [DEBUG]  [MAIN] starting task_outgoing section
2021-07-16 12:28:15.210 interchange:469 [DEBUG]  [MAIN] Manager b'ee6801941662' requested 3 tasks
2021-07-16 12:28:15.210 interchange:472 [DEBUG]  [MAIN] leaving task_outgoing section
2021-07-16 12:28:15.211 interchange:476 [DEBUG]  Managers count (interesting/total): 1/1
2021-07-16 12:28:15.212 interchange:500 [DEBUG]  [MAIN] Sent tasks: [9] to manager b'ee6801941662'
2021-07-16 12:28:15.215 interchange:502 [DEBUG]  [MAIN] Manager b'ee6801941662' has free_capacity 2
2021-07-16 12:28:15.216 interchange:510 [DEBUG]  [MAIN] leaving _ready_manager_queue section, with 1 managers still interesting
2021-07-16 12:28:15.218 interchange:408 [DEBUG]  [MAIN] starting task_outgoing section
2021-07-16 12:28:15.218 interchange:469 [DEBUG]  [MAIN] Manager b'ee6801941662' requested 3 tasks
2021-07-16 12:28:15.219 interchange:472 [DEBUG]  [MAIN] leaving task_outgoing section
2021-07-16 12:28:15.220 interchange:269 [DEBUG]  [TASK_PULL_THREAD] 0 tasks in internal queue
2021-07-16 12:28:15.220 interchange:476 [DEBUG]  Managers count (interesting/total): 1/1
2021-07-16 12:28:15.222 interchange:512 [DEBUG]  [MAIN] either no interesting managers or no tasks, so skipping manager pass
2021-07-16 12:28:15.223 interchange:408 [DEBUG]  [MAIN] starting task_outgoing section
2021-07-16 12:28:15.223 interchange:469 [DEBUG]  [MAIN] Manager b'ee6801941662' requested 3 tasks
2021-07-16 12:28:15.224 interchange:472 [DEBUG]  [MAIN] leaving task_outgoing section
2021-07-16 12:28:15.224 interchange:476 [DEBUG]  Managers count (interesting/total): 1/1
2021-07-16 12:28:15.225 interchange:512 [DEBUG]  [MAIN] either no interesting managers or no tasks, so skipping manager pass
2021-07-16 12:28:15.234 interchange:269 [DEBUG]  [TASK_PULL_THREAD] 0 tasks in internal queue
2021-07-16 12:28:15.248 interchange:269 [DEBUG]  [TASK_PULL_THREAD] 0 tasks in internal queue
2021-07-16 12:28:15.261 interchange:269 [DEBUG]  [TASK_PULL_THREAD] 0 tasks in internal queue
2021-07-16 12:28:15.275 interchange:269 [DEBUG]  [TASK_PULL_THREAD] 0 tasks in internal queue
2021-07-16 12:28:15.286 interchange:269 [DEBUG]  [TASK_PULL_THREAD] 0 tasks in internal queue
2021-07-16 12:28:15.300 interchange:269 [DEBUG]  [TASK_PULL_THREAD] 0 tasks in internal queue
2021-07-16 12:28:15.312 interchange:269 [DEBUG]  [TASK_PULL_THREAD] 0 tasks in internal queue
2021-07-16 12:28:15.324 interchange:269 [DEBUG]  [TASK_PULL_THREAD] 0 tasks in internal queue
2021-07-16 12:28:15.327 interchange:476 [DEBUG]  Managers count (interesting/total): 1/1
2021-07-16 12:28:15.328 interchange:512 [DEBUG]  [MAIN] either no interesting managers or no tasks, so skipping manager pass
2021-07-16 12:28:15.328 interchange:476 [DEBUG]  Managers count (interesting/total): 1/1
2021-07-16 12:28:15.329 interchange:512 [DEBUG]  [MAIN] either no interesting managers or no tasks, so skipping manager pass
2021-07-16 12:28:15.330 interchange:515 [DEBUG]  [MAIN] entering results_incoming section
2021-07-16 12:28:15.330 interchange:520 [DEBUG]  [MAIN] Got 1 result items in batch
2021-07-16 12:28:15.331 interchange:533 [DEBUG]  [MAIN] Current tasks: []
2021-07-16 12:28:15.332 interchange:536 [DEBUG]  [MAIN] leaving results_incoming section
2021-07-16 12:28:15.335 interchange:278 [DEBUG]  [TASK_PULL_THREAD] Fetched task:10
2021-07-16 12:28:15.347 interchange:269 [DEBUG]  [TASK_PULL_THREAD] 1 tasks in internal queue
2021-07-16 12:28:15.355 interchange:360 [DEBUG]  [COMMAND] is alive
2021-07-16 12:28:15.358 interchange:269 [DEBUG]  [TASK_PULL_THREAD] 1 tasks in internal queue
2021-07-16 12:28:15.369 interchange:269 [DEBUG]  [TASK_PULL_THREAD] 1 tasks in internal queue
2021-07-16 12:28:15.381 interchange:269 [DEBUG]  [TASK_PULL_THREAD] 1 tasks in internal queue
2021-07-16 12:28:15.392 interchange:269 [DEBUG]  [TASK_PULL_THREAD] 1 tasks in internal queue
2021-07-16 12:28:15.403 interchange:269 [DEBUG]  [TASK_PULL_THREAD] 1 tasks in internal queue
2021-07-16 12:28:15.417 interchange:269 [DEBUG]  [TASK_PULL_THREAD] 1 tasks in internal queue
2021-07-16 12:28:15.418 interchange:408 [DEBUG]  [MAIN] starting task_outgoing section
2021-07-16 12:28:15.419 interchange:469 [DEBUG]  [MAIN] Manager b'ee6801941662' requested 3 tasks
2021-07-16 12:28:15.420 interchange:472 [DEBUG]  [MAIN] leaving task_outgoing section
2021-07-16 12:28:15.420 interchange:476 [DEBUG]  Managers count (interesting/total): 1/1
2021-07-16 12:28:15.421 interchange:500 [DEBUG]  [MAIN] Sent tasks: [10] to manager b'ee6801941662'
2021-07-16 12:28:15.422 interchange:502 [DEBUG]  [MAIN] Manager b'ee6801941662' has free_capacity 2
2021-07-16 12:28:15.424 interchange:510 [DEBUG]  [MAIN] leaving _ready_manager_queue section, with 1 managers still interesting
2021-07-16 12:28:15.425 interchange:408 [DEBUG]  [MAIN] starting task_outgoing section
2021-07-16 12:28:15.426 interchange:469 [DEBUG]  [MAIN] Manager b'ee6801941662' requested 3 tasks
2021-07-16 12:28:15.426 interchange:472 [DEBUG]  [MAIN] leaving task_outgoing section
2021-07-16 12:28:15.427 interchange:476 [DEBUG]  Managers count (interesting/total): 1/1
2021-07-16 12:28:15.428 interchange:512 [DEBUG]  [MAIN] either no interesting managers or no tasks, so skipping manager pass
2021-07-16 12:28:15.429 interchange:269 [DEBUG]  [TASK_PULL_THREAD] 0 tasks in internal queue
2021-07-16 12:28:15.430 interchange:408 [DEBUG]  [MAIN] starting task_outgoing section
2021-07-16 12:28:15.430 interchange:469 [DEBUG]  [MAIN] Manager b'ee6801941662' requested 3 tasks
2021-07-16 12:28:15.431 interchange:472 [DEBUG]  [MAIN] leaving task_outgoing section
2021-07-16 12:28:15.431 interchange:476 [DEBUG]  Managers count (interesting/total): 1/1
2021-07-16 12:28:15.432 interchange:512 [DEBUG]  [MAIN] either no interesting managers or no tasks, so skipping manager pass
2021-07-16 12:28:15.442 interchange:269 [DEBUG]  [TASK_PULL_THREAD] 0 tasks in internal queue
2021-07-16 12:28:15.456 interchange:269 [DEBUG]  [TASK_PULL_THREAD] 0 tasks in internal queue
2021-07-16 12:28:15.470 interchange:269 [DEBUG]  [TASK_PULL_THREAD] 0 tasks in internal queue
2021-07-16 12:28:15.481 interchange:269 [DEBUG]  [TASK_PULL_THREAD] 0 tasks in internal queue
2021-07-16 12:28:15.493 interchange:269 [DEBUG]  [TASK_PULL_THREAD] 0 tasks in internal queue
2021-07-16 12:28:15.504 interchange:269 [DEBUG]  [TASK_PULL_THREAD] 0 tasks in internal queue
2021-07-16 12:28:15.515 interchange:269 [DEBUG]  [TASK_PULL_THREAD] 0 tasks in internal queue
2021-07-16 12:28:15.529 interchange:269 [DEBUG]  [TASK_PULL_THREAD] 0 tasks in internal queue
2021-07-16 12:28:15.534 interchange:476 [DEBUG]  Managers count (interesting/total): 1/1
2021-07-16 12:28:15.535 interchange:512 [DEBUG]  [MAIN] either no interesting managers or no tasks, so skipping manager pass
2021-07-16 12:28:15.536 interchange:476 [DEBUG]  Managers count (interesting/total): 1/1
2021-07-16 12:28:15.537 interchange:512 [DEBUG]  [MAIN] either no interesting managers or no tasks, so skipping manager pass
2021-07-16 12:28:15.538 interchange:515 [DEBUG]  [MAIN] entering results_incoming section
2021-07-16 12:28:15.538 interchange:520 [DEBUG]  [MAIN] Got 1 result items in batch
2021-07-16 12:28:15.539 interchange:533 [DEBUG]  [MAIN] Current tasks: []
2021-07-16 12:28:15.540 interchange:536 [DEBUG]  [MAIN] leaving results_incoming section
2021-07-16 12:28:15.541 interchange:269 [DEBUG]  [TASK_PULL_THREAD] 0 tasks in internal queue
2021-07-16 12:28:15.544 interchange:278 [DEBUG]  [TASK_PULL_THREAD] Fetched task:11
2021-07-16 12:28:15.557 interchange:269 [DEBUG]  [TASK_PULL_THREAD] 1 tasks in internal queue
2021-07-16 12:28:15.570 interchange:269 [DEBUG]  [TASK_PULL_THREAD] 1 tasks in internal queue
2021-07-16 12:28:15.583 interchange:269 [DEBUG]  [TASK_PULL_THREAD] 1 tasks in internal queue
2021-07-16 12:28:15.596 interchange:269 [DEBUG]  [TASK_PULL_THREAD] 1 tasks in internal queue
2021-07-16 12:28:15.610 interchange:269 [DEBUG]  [TASK_PULL_THREAD] 1 tasks in internal queue
2021-07-16 12:28:15.622 interchange:269 [DEBUG]  [TASK_PULL_THREAD] 1 tasks in internal queue
2021-07-16 12:28:15.628 interchange:408 [DEBUG]  [MAIN] starting task_outgoing section
2021-07-16 12:28:15.629 interchange:469 [DEBUG]  [MAIN] Manager b'ee6801941662' requested 3 tasks
2021-07-16 12:28:15.629 interchange:472 [DEBUG]  [MAIN] leaving task_outgoing section
2021-07-16 12:28:15.630 interchange:476 [DEBUG]  Managers count (interesting/total): 1/1
2021-07-16 12:28:15.631 interchange:500 [DEBUG]  [MAIN] Sent tasks: [11] to manager b'ee6801941662'
2021-07-16 12:28:15.632 interchange:502 [DEBUG]  [MAIN] Manager b'ee6801941662' has free_capacity 2
2021-07-16 12:28:15.634 interchange:510 [DEBUG]  [MAIN] leaving _ready_manager_queue section, with 1 managers still interesting
2021-07-16 12:28:15.635 interchange:408 [DEBUG]  [MAIN] starting task_outgoing section
2021-07-16 12:28:15.636 interchange:269 [DEBUG]  [TASK_PULL_THREAD] 0 tasks in internal queue
2021-07-16 12:28:15.636 interchange:469 [DEBUG]  [MAIN] Manager b'ee6801941662' requested 3 tasks
2021-07-16 12:28:15.639 interchange:472 [DEBUG]  [MAIN] leaving task_outgoing section
2021-07-16 12:28:15.639 interchange:476 [DEBUG]  Managers count (interesting/total): 1/1
2021-07-16 12:28:15.640 interchange:512 [DEBUG]  [MAIN] either no interesting managers or no tasks, so skipping manager pass
2021-07-16 12:28:15.641 interchange:408 [DEBUG]  [MAIN] starting task_outgoing section
2021-07-16 12:28:15.642 interchange:469 [DEBUG]  [MAIN] Manager b'ee6801941662' requested 3 tasks
2021-07-16 12:28:15.642 interchange:472 [DEBUG]  [MAIN] leaving task_outgoing section
2021-07-16 12:28:15.643 interchange:476 [DEBUG]  Managers count (interesting/total): 1/1
2021-07-16 12:28:15.643 interchange:512 [DEBUG]  [MAIN] either no interesting managers or no tasks, so skipping manager pass
2021-07-16 12:28:15.651 interchange:269 [DEBUG]  [TASK_PULL_THREAD] 0 tasks in internal queue
2021-07-16 12:28:15.665 interchange:269 [DEBUG]  [TASK_PULL_THREAD] 0 tasks in internal queue
2021-07-16 12:28:15.676 interchange:269 [DEBUG]  [TASK_PULL_THREAD] 0 tasks in internal queue
2021-07-16 12:28:15.691 interchange:269 [DEBUG]  [TASK_PULL_THREAD] 0 tasks in internal queue
2021-07-16 12:28:15.703 interchange:269 [DEBUG]  [TASK_PULL_THREAD] 0 tasks in internal queue
2021-07-16 12:28:15.717 interchange:269 [DEBUG]  [TASK_PULL_THREAD] 0 tasks in internal queue
2021-07-16 12:28:15.731 interchange:269 [DEBUG]  [TASK_PULL_THREAD] 0 tasks in internal queue
2021-07-16 12:28:15.742 interchange:269 [DEBUG]  [TASK_PULL_THREAD] 0 tasks in internal queue
2021-07-16 12:28:15.745 interchange:476 [DEBUG]  Managers count (interesting/total): 1/1
2021-07-16 12:28:15.746 interchange:512 [DEBUG]  [MAIN] either no interesting managers or no tasks, so skipping manager pass
2021-07-16 12:28:15.747 interchange:476 [DEBUG]  Managers count (interesting/total): 1/1
2021-07-16 12:28:15.748 interchange:512 [DEBUG]  [MAIN] either no interesting managers or no tasks, so skipping manager pass
2021-07-16 12:28:15.749 interchange:515 [DEBUG]  [MAIN] entering results_incoming section
2021-07-16 12:28:15.750 interchange:520 [DEBUG]  [MAIN] Got 1 result items in batch
2021-07-16 12:28:15.751 interchange:533 [DEBUG]  [MAIN] Current tasks: []
2021-07-16 12:28:15.752 interchange:536 [DEBUG]  [MAIN] leaving results_incoming section
2021-07-16 12:28:15.754 interchange:269 [DEBUG]  [TASK_PULL_THREAD] 0 tasks in internal queue
2021-07-16 12:28:15.758 interchange:278 [DEBUG]  [TASK_PULL_THREAD] Fetched task:12
2021-07-16 12:28:15.762 interchange:278 [DEBUG]  [TASK_PULL_THREAD] Fetched task:13
2021-07-16 12:28:15.775 interchange:269 [DEBUG]  [TASK_PULL_THREAD] 2 tasks in internal queue
2021-07-16 12:28:15.787 interchange:269 [DEBUG]  [TASK_PULL_THREAD] 2 tasks in internal queue
2021-07-16 12:28:15.800 interchange:269 [DEBUG]  [TASK_PULL_THREAD] 2 tasks in internal queue
2021-07-16 12:28:15.812 interchange:269 [DEBUG]  [TASK_PULL_THREAD] 2 tasks in internal queue
2021-07-16 12:28:15.825 interchange:269 [DEBUG]  [TASK_PULL_THREAD] 2 tasks in internal queue
2021-07-16 12:28:15.836 interchange:269 [DEBUG]  [TASK_PULL_THREAD] 2 tasks in internal queue
2021-07-16 12:28:15.852 interchange:269 [DEBUG]  [TASK_PULL_THREAD] 2 tasks in internal queue
2021-07-16 12:28:15.856 interchange:408 [DEBUG]  [MAIN] starting task_outgoing section
2021-07-16 12:28:15.857 interchange:469 [DEBUG]  [MAIN] Manager b'ee6801941662' requested 3 tasks
2021-07-16 12:28:15.859 interchange:472 [DEBUG]  [MAIN] leaving task_outgoing section
2021-07-16 12:28:15.860 interchange:476 [DEBUG]  Managers count (interesting/total): 1/1
2021-07-16 12:28:15.861 interchange:500 [DEBUG]  [MAIN] Sent tasks: [12, 13] to manager b'ee6801941662'
2021-07-16 12:28:15.862 interchange:502 [DEBUG]  [MAIN] Manager b'ee6801941662' has free_capacity 1
2021-07-16 12:28:15.865 interchange:510 [DEBUG]  [MAIN] leaving _ready_manager_queue section, with 1 managers still interesting
2021-07-16 12:28:15.866 interchange:269 [DEBUG]  [TASK_PULL_THREAD] 0 tasks in internal queue
2021-07-16 12:28:15.870 interchange:408 [DEBUG]  [MAIN] starting task_outgoing section
2021-07-16 12:28:15.871 interchange:466 [DEBUG]  [MAIN] Manager b'ee6801941662' sent heartbeat
2021-07-16 12:28:15.872 interchange:472 [DEBUG]  [MAIN] leaving task_outgoing section
2021-07-16 12:28:15.873 interchange:476 [DEBUG]  Managers count (interesting/total): 1/1
2021-07-16 12:28:15.874 interchange:512 [DEBUG]  [MAIN] either no interesting managers or no tasks, so skipping manager pass
2021-07-16 12:28:15.875 interchange:408 [DEBUG]  [MAIN] starting task_outgoing section
2021-07-16 12:28:15.876 interchange:469 [DEBUG]  [MAIN] Manager b'ee6801941662' requested 3 tasks
2021-07-16 12:28:15.877 interchange:472 [DEBUG]  [MAIN] leaving task_outgoing section
2021-07-16 12:28:15.877 interchange:476 [DEBUG]  Managers count (interesting/total): 1/1
2021-07-16 12:28:15.879 interchange:512 [DEBUG]  [MAIN] either no interesting managers or no tasks, so skipping manager pass
2021-07-16 12:28:15.881 interchange:269 [DEBUG]  [TASK_PULL_THREAD] 0 tasks in internal queue
2021-07-16 12:28:15.883 interchange:408 [DEBUG]  [MAIN] starting task_outgoing section
2021-07-16 12:28:15.885 interchange:469 [DEBUG]  [MAIN] Manager b'ee6801941662' requested 3 tasks
2021-07-16 12:28:15.886 interchange:472 [DEBUG]  [MAIN] leaving task_outgoing section
2021-07-16 12:28:15.886 interchange:476 [DEBUG]  Managers count (interesting/total): 1/1
2021-07-16 12:28:15.887 interchange:512 [DEBUG]  [MAIN] either no interesting managers or no tasks, so skipping manager pass
2021-07-16 12:28:15.888 interchange:408 [DEBUG]  [MAIN] starting task_outgoing section
2021-07-16 12:28:15.889 interchange:469 [DEBUG]  [MAIN] Manager b'ee6801941662' requested 1 tasks
2021-07-16 12:28:15.890 interchange:472 [DEBUG]  [MAIN] leaving task_outgoing section
2021-07-16 12:28:15.891 interchange:476 [DEBUG]  Managers count (interesting/total): 1/1
2021-07-16 12:28:15.891 interchange:512 [DEBUG]  [MAIN] either no interesting managers or no tasks, so skipping manager pass
2021-07-16 12:28:15.894 interchange:269 [DEBUG]  [TASK_PULL_THREAD] 0 tasks in internal queue
2021-07-16 12:28:15.895 interchange:408 [DEBUG]  [MAIN] starting task_outgoing section
2021-07-16 12:28:15.896 interchange:469 [DEBUG]  [MAIN] Manager b'ee6801941662' requested 1 tasks
2021-07-16 12:28:15.897 interchange:472 [DEBUG]  [MAIN] leaving task_outgoing section
2021-07-16 12:28:15.897 interchange:476 [DEBUG]  Managers count (interesting/total): 1/1
2021-07-16 12:28:15.898 interchange:512 [DEBUG]  [MAIN] either no interesting managers or no tasks, so skipping manager pass
2021-07-16 12:28:15.906 interchange:269 [DEBUG]  [TASK_PULL_THREAD] 0 tasks in internal queue
2021-07-16 12:28:15.920 interchange:269 [DEBUG]  [TASK_PULL_THREAD] 0 tasks in internal queue
2021-07-16 12:28:15.932 interchange:269 [DEBUG]  [TASK_PULL_THREAD] 0 tasks in internal queue
2021-07-16 12:28:15.945 interchange:269 [DEBUG]  [TASK_PULL_THREAD] 0 tasks in internal queue
2021-07-16 12:28:15.956 interchange:269 [DEBUG]  [TASK_PULL_THREAD] 0 tasks in internal queue
2021-07-16 12:28:15.971 interchange:269 [DEBUG]  [TASK_PULL_THREAD] 0 tasks in internal queue
2021-07-16 12:28:15.985 interchange:269 [DEBUG]  [TASK_PULL_THREAD] 0 tasks in internal queue
2021-07-16 12:28:15.986 interchange:476 [DEBUG]  Managers count (interesting/total): 1/1
2021-07-16 12:28:15.987 interchange:512 [DEBUG]  [MAIN] either no interesting managers or no tasks, so skipping manager pass
2021-07-16 12:28:15.988 interchange:515 [DEBUG]  [MAIN] entering results_incoming section
2021-07-16 12:28:15.988 interchange:520 [DEBUG]  [MAIN] Got 2 result items in batch
2021-07-16 12:28:15.989 interchange:533 [DEBUG]  [MAIN] Current tasks: []
2021-07-16 12:28:15.990 interchange:536 [DEBUG]  [MAIN] leaving results_incoming section
2021-07-16 12:28:15.996 interchange:269 [DEBUG]  [TASK_PULL_THREAD] 0 tasks in internal queue
2021-07-16 12:28:15.997 interchange:278 [DEBUG]  [TASK_PULL_THREAD] Fetched task:14
2021-07-16 12:28:16.009 interchange:269 [DEBUG]  [TASK_PULL_THREAD] 1 tasks in internal queue
2021-07-16 12:28:16.023 interchange:269 [DEBUG]  [TASK_PULL_THREAD] 1 tasks in internal queue
2021-07-16 12:28:16.037 interchange:269 [DEBUG]  [TASK_PULL_THREAD] 1 tasks in internal queue
2021-07-16 12:28:16.050 interchange:269 [DEBUG]  [TASK_PULL_THREAD] 1 tasks in internal queue
2021-07-16 12:28:16.064 interchange:269 [DEBUG]  [TASK_PULL_THREAD] 1 tasks in internal queue
2021-07-16 12:28:16.078 interchange:269 [DEBUG]  [TASK_PULL_THREAD] 1 tasks in internal queue
2021-07-16 12:28:16.080 interchange:408 [DEBUG]  [MAIN] starting task_outgoing section
2021-07-16 12:28:16.081 interchange:469 [DEBUG]  [MAIN] Manager b'ee6801941662' requested 3 tasks
2021-07-16 12:28:16.082 interchange:472 [DEBUG]  [MAIN] leaving task_outgoing section
2021-07-16 12:28:16.082 interchange:476 [DEBUG]  Managers count (interesting/total): 1/1
2021-07-16 12:28:16.083 interchange:500 [DEBUG]  [MAIN] Sent tasks: [14] to manager b'ee6801941662'
2021-07-16 12:28:16.084 interchange:502 [DEBUG]  [MAIN] Manager b'ee6801941662' has free_capacity 2
2021-07-16 12:28:16.086 interchange:510 [DEBUG]  [MAIN] leaving _ready_manager_queue section, with 1 managers still interesting
2021-07-16 12:28:16.087 interchange:408 [DEBUG]  [MAIN] starting task_outgoing section
2021-07-16 12:28:16.087 interchange:469 [DEBUG]  [MAIN] Manager b'ee6801941662' requested 3 tasks
2021-07-16 12:28:16.088 interchange:472 [DEBUG]  [MAIN] leaving task_outgoing section
2021-07-16 12:28:16.089 interchange:269 [DEBUG]  [TASK_PULL_THREAD] 0 tasks in internal queue
2021-07-16 12:28:16.089 interchange:476 [DEBUG]  Managers count (interesting/total): 1/1
2021-07-16 12:28:16.091 interchange:512 [DEBUG]  [MAIN] either no interesting managers or no tasks, so skipping manager pass
2021-07-16 12:28:16.092 interchange:408 [DEBUG]  [MAIN] starting task_outgoing section
2021-07-16 12:28:16.094 interchange:469 [DEBUG]  [MAIN] Manager b'ee6801941662' requested 3 tasks
2021-07-16 12:28:16.094 interchange:472 [DEBUG]  [MAIN] leaving task_outgoing section
2021-07-16 12:28:16.095 interchange:476 [DEBUG]  Managers count (interesting/total): 1/1
2021-07-16 12:28:16.096 interchange:512 [DEBUG]  [MAIN] either no interesting managers or no tasks, so skipping manager pass
2021-07-16 12:28:16.102 interchange:269 [DEBUG]  [TASK_PULL_THREAD] 0 tasks in internal queue
2021-07-16 12:28:16.115 interchange:269 [DEBUG]  [TASK_PULL_THREAD] 0 tasks in internal queue
2021-07-16 12:28:16.127 interchange:269 [DEBUG]  [TASK_PULL_THREAD] 0 tasks in internal queue
2021-07-16 12:28:16.140 interchange:269 [DEBUG]  [TASK_PULL_THREAD] 0 tasks in internal queue
2021-07-16 12:28:16.152 interchange:269 [DEBUG]  [TASK_PULL_THREAD] 0 tasks in internal queue
2021-07-16 12:28:16.163 interchange:269 [DEBUG]  [TASK_PULL_THREAD] 0 tasks in internal queue
2021-07-16 12:28:16.175 interchange:269 [DEBUG]  [TASK_PULL_THREAD] 0 tasks in internal queue
2021-07-16 12:28:16.186 interchange:269 [DEBUG]  [TASK_PULL_THREAD] 0 tasks in internal queue
2021-07-16 12:28:16.197 interchange:269 [DEBUG]  [TASK_PULL_THREAD] 0 tasks in internal queue
2021-07-16 12:28:16.198 interchange:476 [DEBUG]  Managers count (interesting/total): 1/1
2021-07-16 12:28:16.199 interchange:512 [DEBUG]  [MAIN] either no interesting managers or no tasks, so skipping manager pass
2021-07-16 12:28:16.200 interchange:476 [DEBUG]  Managers count (interesting/total): 1/1
2021-07-16 12:28:16.201 interchange:512 [DEBUG]  [MAIN] either no interesting managers or no tasks, so skipping manager pass
2021-07-16 12:28:16.202 interchange:515 [DEBUG]  [MAIN] entering results_incoming section
2021-07-16 12:28:16.202 interchange:520 [DEBUG]  [MAIN] Got 1 result items in batch
2021-07-16 12:28:16.203 interchange:533 [DEBUG]  [MAIN] Current tasks: []
2021-07-16 12:28:16.204 interchange:536 [DEBUG]  [MAIN] leaving results_incoming section
2021-07-16 12:28:16.208 interchange:278 [DEBUG]  [TASK_PULL_THREAD] Fetched task:15
2021-07-16 12:28:16.220 interchange:269 [DEBUG]  [TASK_PULL_THREAD] 1 tasks in internal queue
2021-07-16 12:28:16.231 interchange:269 [DEBUG]  [TASK_PULL_THREAD] 1 tasks in internal queue
2021-07-16 12:28:16.242 interchange:269 [DEBUG]  [TASK_PULL_THREAD] 1 tasks in internal queue
2021-07-16 12:28:16.253 interchange:269 [DEBUG]  [TASK_PULL_THREAD] 1 tasks in internal queue
2021-07-16 12:28:16.267 interchange:269 [DEBUG]  [TASK_PULL_THREAD] 1 tasks in internal queue
2021-07-16 12:28:16.280 interchange:269 [DEBUG]  [TASK_PULL_THREAD] 1 tasks in internal queue
2021-07-16 12:28:16.292 interchange:269 [DEBUG]  [TASK_PULL_THREAD] 1 tasks in internal queue
2021-07-16 12:28:16.293 interchange:408 [DEBUG]  [MAIN] starting task_outgoing section
2021-07-16 12:28:16.294 interchange:469 [DEBUG]  [MAIN] Manager b'ee6801941662' requested 3 tasks
2021-07-16 12:28:16.295 interchange:472 [DEBUG]  [MAIN] leaving task_outgoing section
2021-07-16 12:28:16.295 interchange:476 [DEBUG]  Managers count (interesting/total): 1/1
2021-07-16 12:28:16.296 interchange:500 [DEBUG]  [MAIN] Sent tasks: [15] to manager b'ee6801941662'
2021-07-16 12:28:16.297 interchange:502 [DEBUG]  [MAIN] Manager b'ee6801941662' has free_capacity 2
2021-07-16 12:28:16.299 interchange:510 [DEBUG]  [MAIN] leaving _ready_manager_queue section, with 1 managers still interesting
2021-07-16 12:28:16.300 interchange:408 [DEBUG]  [MAIN] starting task_outgoing section
2021-07-16 12:28:16.301 interchange:469 [DEBUG]  [MAIN] Manager b'ee6801941662' requested 3 tasks
2021-07-16 12:28:16.301 interchange:472 [DEBUG]  [MAIN] leaving task_outgoing section
2021-07-16 12:28:16.302 interchange:476 [DEBUG]  Managers count (interesting/total): 1/1
2021-07-16 12:28:16.303 interchange:512 [DEBUG]  [MAIN] either no interesting managers or no tasks, so skipping manager pass
2021-07-16 12:28:16.304 interchange:269 [DEBUG]  [TASK_PULL_THREAD] 0 tasks in internal queue
2021-07-16 12:28:16.305 interchange:408 [DEBUG]  [MAIN] starting task_outgoing section
2021-07-16 12:28:16.305 interchange:469 [DEBUG]  [MAIN] Manager b'ee6801941662' requested 3 tasks
2021-07-16 12:28:16.306 interchange:472 [DEBUG]  [MAIN] leaving task_outgoing section
2021-07-16 12:28:16.307 interchange:476 [DEBUG]  Managers count (interesting/total): 1/1
2021-07-16 12:28:16.307 interchange:512 [DEBUG]  [MAIN] either no interesting managers or no tasks, so skipping manager pass
2021-07-16 12:28:16.315 interchange:269 [DEBUG]  [TASK_PULL_THREAD] 0 tasks in internal queue
2021-07-16 12:28:16.329 interchange:269 [DEBUG]  [TASK_PULL_THREAD] 0 tasks in internal queue
2021-07-16 12:28:16.341 interchange:269 [DEBUG]  [TASK_PULL_THREAD] 0 tasks in internal queue
2021-07-16 12:28:16.352 interchange:269 [DEBUG]  [TASK_PULL_THREAD] 0 tasks in internal queue
2021-07-16 12:28:16.358 interchange:360 [DEBUG]  [COMMAND] is alive
2021-07-16 12:28:16.365 interchange:269 [DEBUG]  [TASK_PULL_THREAD] 0 tasks in internal queue
2021-07-16 12:28:16.379 interchange:269 [DEBUG]  [TASK_PULL_THREAD] 0 tasks in internal queue
2021-07-16 12:28:16.393 interchange:269 [DEBUG]  [TASK_PULL_THREAD] 0 tasks in internal queue
2021-07-16 12:28:16.406 interchange:269 [DEBUG]  [TASK_PULL_THREAD] 0 tasks in internal queue
2021-07-16 12:28:16.409 interchange:476 [DEBUG]  Managers count (interesting/total): 1/1
2021-07-16 12:28:16.410 interchange:512 [DEBUG]  [MAIN] either no interesting managers or no tasks, so skipping manager pass
2021-07-16 12:28:16.411 interchange:476 [DEBUG]  Managers count (interesting/total): 1/1
2021-07-16 12:28:16.412 interchange:512 [DEBUG]  [MAIN] either no interesting managers or no tasks, so skipping manager pass
2021-07-16 12:28:16.413 interchange:515 [DEBUG]  [MAIN] entering results_incoming section
2021-07-16 12:28:16.414 interchange:520 [DEBUG]  [MAIN] Got 1 result items in batch
2021-07-16 12:28:16.414 interchange:533 [DEBUG]  [MAIN] Current tasks: []
2021-07-16 12:28:16.415 interchange:536 [DEBUG]  [MAIN] leaving results_incoming section
2021-07-16 12:28:16.419 interchange:269 [DEBUG]  [TASK_PULL_THREAD] 0 tasks in internal queue
2021-07-16 12:28:16.420 interchange:278 [DEBUG]  [TASK_PULL_THREAD] Fetched task:16
2021-07-16 12:28:16.434 interchange:269 [DEBUG]  [TASK_PULL_THREAD] 1 tasks in internal queue
2021-07-16 12:28:16.448 interchange:269 [DEBUG]  [TASK_PULL_THREAD] 1 tasks in internal queue
2021-07-16 12:28:16.462 interchange:269 [DEBUG]  [TASK_PULL_THREAD] 1 tasks in internal queue
2021-07-16 12:28:16.474 interchange:269 [DEBUG]  [TASK_PULL_THREAD] 1 tasks in internal queue
2021-07-16 12:28:16.486 interchange:269 [DEBUG]  [TASK_PULL_THREAD] 1 tasks in internal queue
2021-07-16 12:28:16.497 interchange:269 [DEBUG]  [TASK_PULL_THREAD] 1 tasks in internal queue
2021-07-16 12:28:16.501 interchange:408 [DEBUG]  [MAIN] starting task_outgoing section
2021-07-16 12:28:16.502 interchange:469 [DEBUG]  [MAIN] Manager b'ee6801941662' requested 3 tasks
2021-07-16 12:28:16.503 interchange:472 [DEBUG]  [MAIN] leaving task_outgoing section
2021-07-16 12:28:16.503 interchange:476 [DEBUG]  Managers count (interesting/total): 1/1
2021-07-16 12:28:16.504 interchange:500 [DEBUG]  [MAIN] Sent tasks: [16] to manager b'ee6801941662'
2021-07-16 12:28:16.505 interchange:502 [DEBUG]  [MAIN] Manager b'ee6801941662' has free_capacity 2
2021-07-16 12:28:16.507 interchange:510 [DEBUG]  [MAIN] leaving _ready_manager_queue section, with 1 managers still interesting
2021-07-16 12:28:16.508 interchange:408 [DEBUG]  [MAIN] starting task_outgoing section
2021-07-16 12:28:16.509 interchange:469 [DEBUG]  [MAIN] Manager b'ee6801941662' requested 3 tasks
2021-07-16 12:28:16.509 interchange:472 [DEBUG]  [MAIN] leaving task_outgoing section
2021-07-16 12:28:16.510 interchange:269 [DEBUG]  [TASK_PULL_THREAD] 0 tasks in internal queue
2021-07-16 12:28:16.510 interchange:476 [DEBUG]  Managers count (interesting/total): 1/1
2021-07-16 12:28:16.512 interchange:512 [DEBUG]  [MAIN] either no interesting managers or no tasks, so skipping manager pass
2021-07-16 12:28:16.512 interchange:408 [DEBUG]  [MAIN] starting task_outgoing section
2021-07-16 12:28:16.513 interchange:469 [DEBUG]  [MAIN] Manager b'ee6801941662' requested 3 tasks
2021-07-16 12:28:16.514 interchange:472 [DEBUG]  [MAIN] leaving task_outgoing section
2021-07-16 12:28:16.514 interchange:476 [DEBUG]  Managers count (interesting/total): 1/1
2021-07-16 12:28:16.515 interchange:512 [DEBUG]  [MAIN] either no interesting managers or no tasks, so skipping manager pass
2021-07-16 12:28:16.521 interchange:269 [DEBUG]  [TASK_PULL_THREAD] 0 tasks in internal queue
2021-07-16 12:28:16.535 interchange:269 [DEBUG]  [TASK_PULL_THREAD] 0 tasks in internal queue
2021-07-16 12:28:16.549 interchange:269 [DEBUG]  [TASK_PULL_THREAD] 0 tasks in internal queue
2021-07-16 12:28:16.563 interchange:269 [DEBUG]  [TASK_PULL_THREAD] 0 tasks in internal queue
2021-07-16 12:28:16.576 interchange:269 [DEBUG]  [TASK_PULL_THREAD] 0 tasks in internal queue
2021-07-16 12:28:16.589 interchange:269 [DEBUG]  [TASK_PULL_THREAD] 0 tasks in internal queue
2021-07-16 12:28:16.601 interchange:269 [DEBUG]  [TASK_PULL_THREAD] 0 tasks in internal queue
2021-07-16 12:28:16.614 interchange:269 [DEBUG]  [TASK_PULL_THREAD] 0 tasks in internal queue
2021-07-16 12:28:16.616 interchange:476 [DEBUG]  Managers count (interesting/total): 1/1
2021-07-16 12:28:16.617 interchange:512 [DEBUG]  [MAIN] either no interesting managers or no tasks, so skipping manager pass
2021-07-16 12:28:16.618 interchange:476 [DEBUG]  Managers count (interesting/total): 1/1
2021-07-16 12:28:16.619 interchange:512 [DEBUG]  [MAIN] either no interesting managers or no tasks, so skipping manager pass
2021-07-16 12:28:16.619 interchange:515 [DEBUG]  [MAIN] entering results_incoming section
2021-07-16 12:28:16.620 interchange:520 [DEBUG]  [MAIN] Got 1 result items in batch
2021-07-16 12:28:16.621 interchange:533 [DEBUG]  [MAIN] Current tasks: []
2021-07-16 12:28:16.622 interchange:536 [DEBUG]  [MAIN] leaving results_incoming section
2021-07-16 12:28:16.625 interchange:269 [DEBUG]  [TASK_PULL_THREAD] 0 tasks in internal queue
2021-07-16 12:28:16.628 interchange:278 [DEBUG]  [TASK_PULL_THREAD] Fetched task:17
2021-07-16 12:28:16.633 interchange:278 [DEBUG]  [TASK_PULL_THREAD] Fetched task:18
2021-07-16 12:28:16.646 interchange:269 [DEBUG]  [TASK_PULL_THREAD] 2 tasks in internal queue
2021-07-16 12:28:16.659 interchange:269 [DEBUG]  [TASK_PULL_THREAD] 2 tasks in internal queue
2021-07-16 12:28:16.674 interchange:269 [DEBUG]  [TASK_PULL_THREAD] 2 tasks in internal queue
2021-07-16 12:28:16.686 interchange:269 [DEBUG]  [TASK_PULL_THREAD] 2 tasks in internal queue
2021-07-16 12:28:16.700 interchange:269 [DEBUG]  [TASK_PULL_THREAD] 2 tasks in internal queue
2021-07-16 12:28:16.712 interchange:269 [DEBUG]  [TASK_PULL_THREAD] 2 tasks in internal queue
2021-07-16 12:28:16.713 interchange:408 [DEBUG]  [MAIN] starting task_outgoing section
2021-07-16 12:28:16.714 interchange:469 [DEBUG]  [MAIN] Manager b'ee6801941662' requested 3 tasks
2021-07-16 12:28:16.715 interchange:472 [DEBUG]  [MAIN] leaving task_outgoing section
2021-07-16 12:28:16.715 interchange:476 [DEBUG]  Managers count (interesting/total): 1/1
2021-07-16 12:28:16.716 interchange:500 [DEBUG]  [MAIN] Sent tasks: [17, 18] to manager b'ee6801941662'
2021-07-16 12:28:16.717 interchange:502 [DEBUG]  [MAIN] Manager b'ee6801941662' has free_capacity 1
2021-07-16 12:28:16.719 interchange:510 [DEBUG]  [MAIN] leaving _ready_manager_queue section, with 1 managers still interesting
2021-07-16 12:28:16.720 interchange:408 [DEBUG]  [MAIN] starting task_outgoing section
2021-07-16 12:28:16.721 interchange:469 [DEBUG]  [MAIN] Manager b'ee6801941662' requested 3 tasks
2021-07-16 12:28:16.722 interchange:472 [DEBUG]  [MAIN] leaving task_outgoing section
2021-07-16 12:28:16.723 interchange:476 [DEBUG]  Managers count (interesting/total): 1/1
2021-07-16 12:28:16.725 interchange:269 [DEBUG]  [TASK_PULL_THREAD] 0 tasks in internal queue
2021-07-16 12:28:16.725 interchange:512 [DEBUG]  [MAIN] either no interesting managers or no tasks, so skipping manager pass
2021-07-16 12:28:16.727 interchange:408 [DEBUG]  [MAIN] starting task_outgoing section
2021-07-16 12:28:16.728 interchange:469 [DEBUG]  [MAIN] Manager b'ee6801941662' requested 3 tasks
2021-07-16 12:28:16.729 interchange:472 [DEBUG]  [MAIN] leaving task_outgoing section
2021-07-16 12:28:16.729 interchange:476 [DEBUG]  Managers count (interesting/total): 1/1
2021-07-16 12:28:16.730 interchange:512 [DEBUG]  [MAIN] either no interesting managers or no tasks, so skipping manager pass
2021-07-16 12:28:16.737 interchange:269 [DEBUG]  [TASK_PULL_THREAD] 0 tasks in internal queue
2021-07-16 12:28:16.751 interchange:269 [DEBUG]  [TASK_PULL_THREAD] 0 tasks in internal queue
2021-07-16 12:28:16.765 interchange:269 [DEBUG]  [TASK_PULL_THREAD] 0 tasks in internal queue
2021-07-16 12:28:16.779 interchange:269 [DEBUG]  [TASK_PULL_THREAD] 0 tasks in internal queue
2021-07-16 12:28:16.791 interchange:269 [DEBUG]  [TASK_PULL_THREAD] 0 tasks in internal queue
2021-07-16 12:28:16.802 interchange:269 [DEBUG]  [TASK_PULL_THREAD] 0 tasks in internal queue
2021-07-16 12:28:16.814 interchange:269 [DEBUG]  [TASK_PULL_THREAD] 0 tasks in internal queue
2021-07-16 12:28:16.825 interchange:269 [DEBUG]  [TASK_PULL_THREAD] 0 tasks in internal queue
2021-07-16 12:28:16.832 interchange:476 [DEBUG]  Managers count (interesting/total): 1/1
2021-07-16 12:28:16.833 interchange:512 [DEBUG]  [MAIN] either no interesting managers or no tasks, so skipping manager pass
2021-07-16 12:28:16.836 interchange:269 [DEBUG]  [TASK_PULL_THREAD] 0 tasks in internal queue
2021-07-16 12:28:16.837 interchange:476 [DEBUG]  Managers count (interesting/total): 1/1
2021-07-16 12:28:16.838 interchange:512 [DEBUG]  [MAIN] either no interesting managers or no tasks, so skipping manager pass
2021-07-16 12:28:16.839 interchange:515 [DEBUG]  [MAIN] entering results_incoming section
2021-07-16 12:28:16.840 interchange:520 [DEBUG]  [MAIN] Got 2 result items in batch
2021-07-16 12:28:16.840 interchange:533 [DEBUG]  [MAIN] Current tasks: []
2021-07-16 12:28:16.841 interchange:536 [DEBUG]  [MAIN] leaving results_incoming section
2021-07-16 12:28:16.847 interchange:278 [DEBUG]  [TASK_PULL_THREAD] Fetched task:19
2021-07-16 12:28:16.860 interchange:269 [DEBUG]  [TASK_PULL_THREAD] 1 tasks in internal queue
2021-07-16 12:28:16.874 interchange:269 [DEBUG]  [TASK_PULL_THREAD] 1 tasks in internal queue
2021-07-16 12:28:16.888 interchange:269 [DEBUG]  [TASK_PULL_THREAD] 1 tasks in internal queue
2021-07-16 12:28:16.901 interchange:269 [DEBUG]  [TASK_PULL_THREAD] 1 tasks in internal queue
2021-07-16 12:28:16.914 interchange:269 [DEBUG]  [TASK_PULL_THREAD] 1 tasks in internal queue
2021-07-16 12:28:16.920 interchange:408 [DEBUG]  [MAIN] starting task_outgoing section
2021-07-16 12:28:16.922 interchange:469 [DEBUG]  [MAIN] Manager b'ee6801941662' requested 3 tasks
2021-07-16 12:28:16.923 interchange:472 [DEBUG]  [MAIN] leaving task_outgoing section
2021-07-16 12:28:16.924 interchange:476 [DEBUG]  Managers count (interesting/total): 1/1
2021-07-16 12:28:16.925 interchange:500 [DEBUG]  [MAIN] Sent tasks: [19] to manager b'ee6801941662'
2021-07-16 12:28:16.926 interchange:502 [DEBUG]  [MAIN] Manager b'ee6801941662' has free_capacity 2
2021-07-16 12:28:16.928 interchange:510 [DEBUG]  [MAIN] leaving _ready_manager_queue section, with 1 managers still interesting
2021-07-16 12:28:16.929 interchange:269 [DEBUG]  [TASK_PULL_THREAD] 0 tasks in internal queue
2021-07-16 12:28:16.930 interchange:408 [DEBUG]  [MAIN] starting task_outgoing section
2021-07-16 12:28:16.931 interchange:469 [DEBUG]  [MAIN] Manager b'ee6801941662' requested 3 tasks
2021-07-16 12:28:16.932 interchange:472 [DEBUG]  [MAIN] leaving task_outgoing section
2021-07-16 12:28:16.933 interchange:476 [DEBUG]  Managers count (interesting/total): 1/1
2021-07-16 12:28:16.933 interchange:512 [DEBUG]  [MAIN] either no interesting managers or no tasks, so skipping manager pass
2021-07-16 12:28:16.934 interchange:408 [DEBUG]  [MAIN] starting task_outgoing section
2021-07-16 12:28:16.935 interchange:469 [DEBUG]  [MAIN] Manager b'ee6801941662' requested 3 tasks
2021-07-16 12:28:16.935 interchange:472 [DEBUG]  [MAIN] leaving task_outgoing section
2021-07-16 12:28:16.936 interchange:476 [DEBUG]  Managers count (interesting/total): 1/1
2021-07-16 12:28:16.937 interchange:512 [DEBUG]  [MAIN] either no interesting managers or no tasks, so skipping manager pass
2021-07-16 12:28:16.941 interchange:269 [DEBUG]  [TASK_PULL_THREAD] 0 tasks in internal queue
2021-07-16 12:28:16.955 interchange:269 [DEBUG]  [TASK_PULL_THREAD] 0 tasks in internal queue
2021-07-16 12:28:16.969 interchange:269 [DEBUG]  [TASK_PULL_THREAD] 0 tasks in internal queue
2021-07-16 12:28:16.980 interchange:269 [DEBUG]  [TASK_PULL_THREAD] 0 tasks in internal queue
2021-07-16 12:28:16.991 interchange:269 [DEBUG]  [TASK_PULL_THREAD] 0 tasks in internal queue
2021-07-16 12:28:17.005 interchange:269 [DEBUG]  [TASK_PULL_THREAD] 0 tasks in internal queue
2021-07-16 12:28:17.016 interchange:269 [DEBUG]  [TASK_PULL_THREAD] 0 tasks in internal queue
2021-07-16 12:28:17.028 interchange:269 [DEBUG]  [TASK_PULL_THREAD] 0 tasks in internal queue
2021-07-16 12:28:17.039 interchange:476 [DEBUG]  Managers count (interesting/total): 1/1
2021-07-16 12:28:17.040 interchange:512 [DEBUG]  [MAIN] either no interesting managers or no tasks, so skipping manager pass
2021-07-16 12:28:17.041 interchange:269 [DEBUG]  [TASK_PULL_THREAD] 0 tasks in internal queue
2021-07-16 12:28:17.042 interchange:476 [DEBUG]  Managers count (interesting/total): 1/1
2021-07-16 12:28:17.042 interchange:512 [DEBUG]  [MAIN] either no interesting managers or no tasks, so skipping manager pass
2021-07-16 12:28:17.042 interchange:515 [DEBUG]  [MAIN] entering results_incoming section
2021-07-16 12:28:17.043 interchange:520 [DEBUG]  [MAIN] Got 1 result items in batch
2021-07-16 12:28:17.043 interchange:533 [DEBUG]  [MAIN] Current tasks: []
2021-07-16 12:28:17.044 interchange:536 [DEBUG]  [MAIN] leaving results_incoming section
2021-07-16 12:28:17.046 interchange:278 [DEBUG]  [TASK_PULL_THREAD] Fetched task:20
2021-07-16 12:28:17.059 interchange:269 [DEBUG]  [TASK_PULL_THREAD] 1 tasks in internal queue
2021-07-16 12:28:17.073 interchange:269 [DEBUG]  [TASK_PULL_THREAD] 1 tasks in internal queue
2021-07-16 12:28:17.087 interchange:269 [DEBUG]  [TASK_PULL_THREAD] 1 tasks in internal queue
2021-07-16 12:28:17.099 interchange:269 [DEBUG]  [TASK_PULL_THREAD] 1 tasks in internal queue
2021-07-16 12:28:17.112 interchange:269 [DEBUG]  [TASK_PULL_THREAD] 1 tasks in internal queue
2021-07-16 12:28:17.124 interchange:269 [DEBUG]  [TASK_PULL_THREAD] 1 tasks in internal queue
2021-07-16 12:28:17.131 interchange:408 [DEBUG]  [MAIN] starting task_outgoing section
2021-07-16 12:28:17.132 interchange:469 [DEBUG]  [MAIN] Manager b'ee6801941662' requested 3 tasks
2021-07-16 12:28:17.133 interchange:472 [DEBUG]  [MAIN] leaving task_outgoing section
2021-07-16 12:28:17.134 interchange:476 [DEBUG]  Managers count (interesting/total): 1/1
2021-07-16 12:28:17.134 interchange:500 [DEBUG]  [MAIN] Sent tasks: [20] to manager b'ee6801941662'
2021-07-16 12:28:17.135 interchange:502 [DEBUG]  [MAIN] Manager b'ee6801941662' has free_capacity 2
2021-07-16 12:28:17.137 interchange:269 [DEBUG]  [TASK_PULL_THREAD] 0 tasks in internal queue
2021-07-16 12:28:17.137 interchange:510 [DEBUG]  [MAIN] leaving _ready_manager_queue section, with 1 managers still interesting
2021-07-16 12:28:17.140 interchange:408 [DEBUG]  [MAIN] starting task_outgoing section
2021-07-16 12:28:17.142 interchange:469 [DEBUG]  [MAIN] Manager b'ee6801941662' requested 3 tasks
2021-07-16 12:28:17.143 interchange:472 [DEBUG]  [MAIN] leaving task_outgoing section
2021-07-16 12:28:17.144 interchange:476 [DEBUG]  Managers count (interesting/total): 1/1
2021-07-16 12:28:17.145 interchange:512 [DEBUG]  [MAIN] either no interesting managers or no tasks, so skipping manager pass
2021-07-16 12:28:17.146 interchange:408 [DEBUG]  [MAIN] starting task_outgoing section
2021-07-16 12:28:17.147 interchange:469 [DEBUG]  [MAIN] Manager b'ee6801941662' requested 3 tasks
2021-07-16 12:28:17.148 interchange:472 [DEBUG]  [MAIN] leaving task_outgoing section
2021-07-16 12:28:17.148 interchange:476 [DEBUG]  Managers count (interesting/total): 1/1
2021-07-16 12:28:17.148 interchange:512 [DEBUG]  [MAIN] either no interesting managers or no tasks, so skipping manager pass
2021-07-16 12:28:17.149 interchange:269 [DEBUG]  [TASK_PULL_THREAD] 0 tasks in internal queue
2021-07-16 12:28:17.160 interchange:269 [DEBUG]  [TASK_PULL_THREAD] 0 tasks in internal queue
2021-07-16 12:28:17.173 interchange:269 [DEBUG]  [TASK_PULL_THREAD] 0 tasks in internal queue
2021-07-16 12:28:17.187 interchange:269 [DEBUG]  [TASK_PULL_THREAD] 0 tasks in internal queue
2021-07-16 12:28:17.200 interchange:269 [DEBUG]  [TASK_PULL_THREAD] 0 tasks in internal queue
2021-07-16 12:28:17.214 interchange:269 [DEBUG]  [TASK_PULL_THREAD] 0 tasks in internal queue
2021-07-16 12:28:17.225 interchange:269 [DEBUG]  [TASK_PULL_THREAD] 0 tasks in internal queue
2021-07-16 12:28:17.239 interchange:269 [DEBUG]  [TASK_PULL_THREAD] 0 tasks in internal queue
2021-07-16 12:28:17.250 interchange:476 [DEBUG]  Managers count (interesting/total): 1/1
2021-07-16 12:28:17.251 interchange:512 [DEBUG]  [MAIN] either no interesting managers or no tasks, so skipping manager pass
2021-07-16 12:28:17.252 interchange:269 [DEBUG]  [TASK_PULL_THREAD] 0 tasks in internal queue
2021-07-16 12:28:17.253 interchange:476 [DEBUG]  Managers count (interesting/total): 1/1
2021-07-16 12:28:17.254 interchange:512 [DEBUG]  [MAIN] either no interesting managers or no tasks, so skipping manager pass
2021-07-16 12:28:17.256 interchange:515 [DEBUG]  [MAIN] entering results_incoming section
2021-07-16 12:28:17.257 interchange:520 [DEBUG]  [MAIN] Got 1 result items in batch
2021-07-16 12:28:17.258 interchange:533 [DEBUG]  [MAIN] Current tasks: []
2021-07-16 12:28:17.259 interchange:536 [DEBUG]  [MAIN] leaving results_incoming section
2021-07-16 12:28:17.264 interchange:278 [DEBUG]  [TASK_PULL_THREAD] Fetched task:21
2021-07-16 12:28:17.275 interchange:269 [DEBUG]  [TASK_PULL_THREAD] 1 tasks in internal queue
2021-07-16 12:28:17.286 interchange:269 [DEBUG]  [TASK_PULL_THREAD] 1 tasks in internal queue
2021-07-16 12:28:17.298 interchange:269 [DEBUG]  [TASK_PULL_THREAD] 1 tasks in internal queue
2021-07-16 12:28:17.310 interchange:269 [DEBUG]  [TASK_PULL_THREAD] 1 tasks in internal queue
2021-07-16 12:28:17.323 interchange:269 [DEBUG]  [TASK_PULL_THREAD] 1 tasks in internal queue
2021-07-16 12:28:17.337 interchange:269 [DEBUG]  [TASK_PULL_THREAD] 1 tasks in internal queue
2021-07-16 12:28:17.342 interchange:408 [DEBUG]  [MAIN] starting task_outgoing section
2021-07-16 12:28:17.343 interchange:469 [DEBUG]  [MAIN] Manager b'ee6801941662' requested 3 tasks
2021-07-16 12:28:17.344 interchange:472 [DEBUG]  [MAIN] leaving task_outgoing section
2021-07-16 12:28:17.346 interchange:476 [DEBUG]  Managers count (interesting/total): 1/1
2021-07-16 12:28:17.347 interchange:500 [DEBUG]  [MAIN] Sent tasks: [21] to manager b'ee6801941662'
2021-07-16 12:28:17.348 interchange:502 [DEBUG]  [MAIN] Manager b'ee6801941662' has free_capacity 2
2021-07-16 12:28:17.350 interchange:510 [DEBUG]  [MAIN] leaving _ready_manager_queue section, with 1 managers still interesting
2021-07-16 12:28:17.351 interchange:269 [DEBUG]  [TASK_PULL_THREAD] 0 tasks in internal queue
2021-07-16 12:28:17.352 interchange:408 [DEBUG]  [MAIN] starting task_outgoing section
2021-07-16 12:28:17.353 interchange:469 [DEBUG]  [MAIN] Manager b'ee6801941662' requested 3 tasks
2021-07-16 12:28:17.354 interchange:472 [DEBUG]  [MAIN] leaving task_outgoing section
2021-07-16 12:28:17.354 interchange:476 [DEBUG]  Managers count (interesting/total): 1/1
2021-07-16 12:28:17.355 interchange:512 [DEBUG]  [MAIN] either no interesting managers or no tasks, so skipping manager pass
2021-07-16 12:28:17.356 interchange:408 [DEBUG]  [MAIN] starting task_outgoing section
2021-07-16 12:28:17.357 interchange:469 [DEBUG]  [MAIN] Manager b'ee6801941662' requested 3 tasks
2021-07-16 12:28:17.357 interchange:472 [DEBUG]  [MAIN] leaving task_outgoing section
2021-07-16 12:28:17.358 interchange:476 [DEBUG]  Managers count (interesting/total): 1/1
2021-07-16 12:28:17.359 interchange:512 [DEBUG]  [MAIN] either no interesting managers or no tasks, so skipping manager pass
2021-07-16 12:28:17.364 interchange:360 [DEBUG]  [COMMAND] is alive
2021-07-16 12:28:17.365 interchange:269 [DEBUG]  [TASK_PULL_THREAD] 0 tasks in internal queue
2021-07-16 12:28:17.378 interchange:269 [DEBUG]  [TASK_PULL_THREAD] 0 tasks in internal queue
2021-07-16 12:28:17.388 interchange:310 [DEBUG]  [COMMAND] Received command request: OUTSTANDING_C
2021-07-16 12:28:17.389 interchange:356 [DEBUG]  [COMMAND] Reply: 1
2021-07-16 12:28:17.390 interchange:269 [DEBUG]  [TASK_PULL_THREAD] 0 tasks in internal queue
2021-07-16 12:28:17.391 interchange:310 [DEBUG]  [COMMAND] Received command request: WORKERS
2021-07-16 12:28:17.392 interchange:356 [DEBUG]  [COMMAND] Reply: 3
2021-07-16 12:28:17.393 interchange:310 [DEBUG]  [COMMAND] Received command request: WORKERS
2021-07-16 12:28:17.394 interchange:356 [DEBUG]  [COMMAND] Reply: 3
2021-07-16 12:28:17.403 interchange:269 [DEBUG]  [TASK_PULL_THREAD] 0 tasks in internal queue
2021-07-16 12:28:17.417 interchange:269 [DEBUG]  [TASK_PULL_THREAD] 0 tasks in internal queue
2021-07-16 12:28:17.428 interchange:269 [DEBUG]  [TASK_PULL_THREAD] 0 tasks in internal queue
2021-07-16 12:28:17.440 interchange:269 [DEBUG]  [TASK_PULL_THREAD] 0 tasks in internal queue
2021-07-16 12:28:17.454 interchange:269 [DEBUG]  [TASK_PULL_THREAD] 0 tasks in internal queue
2021-07-16 12:28:17.461 interchange:476 [DEBUG]  Managers count (interesting/total): 1/1
2021-07-16 12:28:17.462 interchange:512 [DEBUG]  [MAIN] either no interesting managers or no tasks, so skipping manager pass
2021-07-16 12:28:17.463 interchange:476 [DEBUG]  Managers count (interesting/total): 1/1
2021-07-16 12:28:17.463 interchange:512 [DEBUG]  [MAIN] either no interesting managers or no tasks, so skipping manager pass
2021-07-16 12:28:17.464 interchange:515 [DEBUG]  [MAIN] entering results_incoming section
2021-07-16 12:28:17.465 interchange:520 [DEBUG]  [MAIN] Got 1 result items in batch
2021-07-16 12:28:17.465 interchange:533 [DEBUG]  [MAIN] Current tasks: []
2021-07-16 12:28:17.467 interchange:269 [DEBUG]  [TASK_PULL_THREAD] 0 tasks in internal queue
2021-07-16 12:28:17.467 interchange:536 [DEBUG]  [MAIN] leaving results_incoming section
2021-07-16 12:28:17.472 interchange:310 [DEBUG]  [COMMAND] Received command request: MANAGERS
2021-07-16 12:28:17.472 interchange:356 [DEBUG]  [COMMAND] Reply: [{'manager': 'ee6801941662', 'block_id': '0', 'worker_count': 3, 'tasks': 0, 'idle_duration': 0.005368709564208984, 'active': True}]
2021-07-16 12:28:17.474 interchange:310 [DEBUG]  [COMMAND] Received command request: MANAGERS
2021-07-16 12:28:17.474 interchange:356 [DEBUG]  [COMMAND] Reply: [{'manager': 'ee6801941662', 'block_id': '0', 'worker_count': 3, 'tasks': 0, 'idle_duration': 0.007181882858276367, 'active': True}]
2021-07-16 12:28:17.475 interchange:310 [DEBUG]  [COMMAND] Received command request: HOLD_WORKER;ee6801941662
2021-07-16 12:28:17.476 interchange:340 [INFO]  [CMD] Received HOLD_WORKER for b'ee6801941662'
2021-07-16 12:28:17.476 interchange:293 [INFO]  Sending message {'last_heartbeat': 1626456497.357095, 'idle_since': 1626456497.467523, 'free_capacity': 3, 'block_id': '0', 'max_capacity': 3, 'worker_count': 3, 'active': False, 'tasks': [], 'parsl_v': '1.1.0', 'python_v': '3.8.8', 'uid': 'ee6801941662', 'prefetch_capacity': 0, 'os': 'Darwin', 'hostname': 'Ananths-Macbook.local', 'dir': '/Users/ananthhariharan/Documents/Code/GitHub/Parsl-Project', 'cpu_count': 2, 'total_memory': 8589934592} to hub
2021-07-16 12:28:17.477 interchange:356 [DEBUG]  [COMMAND] Reply: True
2021-07-16 12:28:17.479 interchange:269 [DEBUG]  [TASK_PULL_THREAD] 0 tasks in internal queue
2021-07-16 12:28:17.490 interchange:269 [DEBUG]  [TASK_PULL_THREAD] 0 tasks in internal queue
2021-07-16 12:28:17.503 interchange:269 [DEBUG]  [TASK_PULL_THREAD] 0 tasks in internal queue
