2021-07-27 16:01:46.866 parsl.dataflow.dflow:84 [DEBUG]  Starting DataFlowKernel with config
Config(
    app_cache=True, 
    checkpoint_files=None, 
    checkpoint_mode='task_exit', 
    checkpoint_period=None, 
    executors=[HighThroughputExecutor(
        address=None, 
        address_probe_timeout=None, 
        cores_per_worker=0.25, 
        cpu_affinity='none', 
        heartbeat_period=2, 
        heartbeat_threshold=5, 
        interchange_port_range=(55000, 56000), 
        label='htex_Local', 
        launch_cmd='process_worker_pool.py {debug} {max_workers} -a {addresses} -p {prefetch_capacity} -c {cores_per_worker} -m {mem_per_worker} --poll {poll_period} --task_port={task_port} --result_port={result_port} --logdir={logdir} --block_id={{block_id}} --hb_period={heartbeat_period} {address_probe_timeout_string} --hb_threshold={heartbeat_threshold} --cpu-affinity {cpu_affinity} ', 
        managed=True, 
        max_workers=inf, 
        mem_per_worker=None, 
        poll_period=100, 
        prefetch_capacity=0, 
        provider=LocalProvider(
            channel=LocalChannel(
                envs={}, 
                script_dir=None, 
                userhome='/Users/ananthhariharan/Documents/Code/GitHub/Parsl-Project'
            ), 
            cmd_timeout=30, 
            init_blocks=0, 
            launcher=SingleNodeLauncher(debug=True, fail_on_any=False), 
            max_blocks=5, 
            min_blocks=0, 
            move_files=None, 
            nodes_per_block=1, 
            parallelism=1, 
            worker_init=''
        ), 
        storage_access=[FTPInTaskStaging(), HTTPInTaskStaging(), NoOpFileStaging()], 
        worker_debug=True, 
        worker_logdir_root=None, 
        worker_port_range=(54000, 55000), 
        worker_ports=None, 
        working_dir='/Users/ananthhariharan/Documents/Code/GitHub/Parsl-Project/test_htex_alternate'
    )], 
    garbage_collect=True, 
    initialize_logging=True, 
    internal_tasks_max_threads=10, 
    max_idletime=120.0, 
    monitoring=MonitoringHub(
        'localhost',
        client_address='127.0.0.1', 
        client_port_range=(55000, 56000), 
        hub_port=55055, 
        hub_port_range=(55050, 56000), 
        logdir=None, 
        logging_endpoint='sqlite:///monitoring.db', 
        monitoring_debug=False, 
        resource_monitoring_enabled=True, 
        resource_monitoring_interval=1, 
        workflow_name=None, 
        workflow_version=None
    ), 
    retries=2, 
    run_dir='runinfo', 
    strategy='simple', 
    usage_tracking=False
)
2021-07-27 16:01:46.867 parsl.dataflow.dflow:86 [INFO]  Parsl version: 1.1.0
2021-07-27 16:01:46.867 parsl.dataflow.usage_tracking.usage:125 [DEBUG]  Tracking status: False
2021-07-27 16:01:46.867 parsl.monitoring.monitoring:209 [INFO]  Monitoring Hub initialized
2021-07-27 16:01:46.867 parsl.monitoring.monitoring:211 [DEBUG]  Initializing ZMQ Pipes to client
2021-07-27 16:01:46.889 parsl.monitoring.monitoring:255 [INFO]  Started the Hub process 27520 and DBM process 27521
2021-07-27 16:01:46.910 parsl.dataflow.dflow:114 [INFO]  Run id is: 72148222-cf92-4cb8-b357-9bb34e4d8239
2021-07-27 16:01:47.065 parsl.monitoring.monitoring:274 [DEBUG]  Sending message MessageType.WORKFLOW_INFO, {'python_version': '3.8.8', 'parsl_version': '1.1.0', 'time_began': datetime.datetime(2021, 7, 27, 16, 1, 46, 909963), 'time_completed': None, 'run_id': '72148222-cf92-4cb8-b357-9bb34e4d8239', 'workflow_name': 'cpw_eval.py', 'workflow_version': '2021-07-27 16:01:46', 'rundir': '/Users/ananthhariharan/Documents/Code/GitHub/Parsl-Project/runinfo/028', 'tasks_completed_count': 0, 'tasks_failed_count': 0, 'user': 'ananthhariharan', 'host': 'Ananths-Macbook.local'}
2021-07-27 16:01:47.066 parsl.dataflow.memoization:164 [INFO]  App caching initialized
2021-07-27 16:01:47.067 parsl.dataflow.strategy:127 [DEBUG]  Scaling strategy: simple
2021-07-27 16:01:47.069 parsl.executors.high_throughput.executor:468 [DEBUG]  Starting queue management thread
2021-07-27 16:01:47.070 parsl.executors.high_throughput.executor:358 [DEBUG]  [MTHREAD] queue management worker starting
2021-07-27 16:01:47.070 parsl.executors.high_throughput.executor:472 [DEBUG]  Started queue management thread
2021-07-27 16:01:47.087 parsl.executors.high_throughput.executor:319 [DEBUG]  Created management thread: <Thread(HTEX-Queue-Management-Thread, started daemon 123145528692736)>
2021-07-27 16:01:47.088 parsl.executors.high_throughput.executor:291 [DEBUG]  Launch command: process_worker_pool.py --debug  -a Ananths-Macbook.local,69.174.173.76,192.168.4.29 -p 0 -c 0.25 -m None --poll 100 --task_port=54503 --result_port=54549 --logdir=/Users/ananthhariharan/Documents/Code/GitHub/Parsl-Project/runinfo/028/htex_Local --block_id={block_id} --hb_period=2  --hb_threshold=5 --cpu-affinity none 
2021-07-27 16:01:47.089 parsl.executors.high_throughput.executor:294 [DEBUG]  Starting HighThroughputExecutor with provider:
LocalProvider(
    channel=LocalChannel(
        envs={}, 
        script_dir='/Users/ananthhariharan/Documents/Code/GitHub/Parsl-Project/runinfo/028/submit_scripts', 
        userhome='/Users/ananthhariharan/Documents/Code/GitHub/Parsl-Project'
    ), 
    cmd_timeout=30, 
    init_blocks=0, 
    launcher=SingleNodeLauncher(debug=True, fail_on_any=False), 
    max_blocks=5, 
    min_blocks=0, 
    move_files=None, 
    nodes_per_block=1, 
    parallelism=1, 
    worker_init=''
)
2021-07-27 16:01:47.094 parsl.dataflow.task_status_poller:114 [DEBUG]  Adding executor htex_Local
2021-07-27 16:01:47.095 parsl.dataflow.task_status_poller:37 [INFO]  Monitoring enabled on task status poller
2021-07-27 16:01:47.103 parsl.dataflow.dflow:802 [DEBUG]  Task 0 will be sent to executor htex_Local
2021-07-27 16:01:47.103 parsl.dataflow.dflow:628 [DEBUG]  Adding output dependencies
2021-07-27 16:01:47.103 parsl.dataflow.dflow:881 [INFO]  Task 0 submitted for App app_A, not waiting on any dependency
2021-07-27 16:01:47.103 parsl.dataflow.dflow:889 [DEBUG]  Task 0 set to pending state with AppFuture: <AppFuture super=<AppFuture at 0x7ff439633070 state=pending>>
2021-07-27 16:01:47.104 parsl.monitoring.monitoring:274 [DEBUG]  Sending message MessageType.TASK_INFO, {'task_func_name': 'app_A', 'task_memoize': False, 'task_hashsum': None, 'task_fail_count': 0, 'task_status': <States.pending: 0>, 'task_id': 0, 'task_time_invoked': datetime.datetime(2021, 7, 27, 16, 1, 47, 103463), 'task_try_time_launched': None, 'task_time_returned': None, 'task_try_time_returned': None, 'task_executor': 'htex_Local', 'run_id': '72148222-cf92-4cb8-b357-9bb34e4d8239', 'try_id': 0, 'timestamp': datetime.datetime(2021, 7, 27, 16, 1, 47, 103921), 'task_status_name': 'pending', 'tasks_failed_count': 0, 'tasks_completed_count': 0, 'tasks_memo_completed_count': 0, 'from_memo': None, 'task_inputs': 'None', 'task_outputs': 'None', 'task_stdin': None, 'task_stdout': None, 'task_stderr': None, 'task_fail_history': '', 'task_depends': '', 'task_joins': None}
2021-07-27 16:01:47.104 parsl.dataflow.memoization:229 [DEBUG]  Task 0 will not be memoized
2021-07-27 16:01:47.105 parsl.executors.high_throughput.executor:557 [DEBUG]  Pushing function <function MonitoringHub.monitor_wrapper.<locals>.wrapped at 0x7ff439630e50> to queue with args ()
2021-07-27 16:01:47.108 parsl.monitoring.monitoring:274 [DEBUG]  Sending message MessageType.TASK_INFO, {'task_func_name': 'app_A', 'task_memoize': False, 'task_hashsum': None, 'task_fail_count': 0, 'task_status': <States.launched: 7>, 'task_id': 0, 'task_time_invoked': datetime.datetime(2021, 7, 27, 16, 1, 47, 103463), 'task_try_time_launched': datetime.datetime(2021, 7, 27, 16, 1, 47, 104595), 'task_time_returned': None, 'task_try_time_returned': None, 'task_executor': 'htex_Local', 'run_id': '72148222-cf92-4cb8-b357-9bb34e4d8239', 'try_id': 0, 'timestamp': datetime.datetime(2021, 7, 27, 16, 1, 47, 108287), 'task_status_name': 'launched', 'tasks_failed_count': 0, 'tasks_completed_count': 0, 'tasks_memo_completed_count': 0, 'from_memo': False, 'task_inputs': 'None', 'task_outputs': 'None', 'task_stdin': None, 'task_stdout': None, 'task_stderr': None, 'task_fail_history': '', 'task_depends': '', 'task_joins': None}
2021-07-27 16:01:47.108 parsl.dataflow.dflow:591 [INFO]  Task 0 launched on executor htex_Local
2021-07-27 16:01:47.109 parsl.dataflow.dflow:802 [DEBUG]  Task 1 will be sent to executor htex_Local
2021-07-27 16:01:47.109 parsl.dataflow.dflow:628 [DEBUG]  Adding output dependencies
2021-07-27 16:01:47.109 parsl.dataflow.dflow:881 [INFO]  Task 1 submitted for App app_B, not waiting on any dependency
2021-07-27 16:01:47.109 parsl.dataflow.dflow:889 [DEBUG]  Task 1 set to pending state with AppFuture: <AppFuture super=<AppFuture at 0x7ff439646250 state=pending>>
2021-07-27 16:01:47.109 parsl.monitoring.monitoring:274 [DEBUG]  Sending message MessageType.TASK_INFO, {'task_func_name': 'app_B', 'task_memoize': False, 'task_hashsum': None, 'task_fail_count': 0, 'task_status': <States.pending: 0>, 'task_id': 1, 'task_time_invoked': datetime.datetime(2021, 7, 27, 16, 1, 47, 109310), 'task_try_time_launched': None, 'task_time_returned': None, 'task_try_time_returned': None, 'task_executor': 'htex_Local', 'run_id': '72148222-cf92-4cb8-b357-9bb34e4d8239', 'try_id': 0, 'timestamp': datetime.datetime(2021, 7, 27, 16, 1, 47, 109670), 'task_status_name': 'pending', 'tasks_failed_count': 0, 'tasks_completed_count': 0, 'tasks_memo_completed_count': 0, 'from_memo': None, 'task_inputs': 'None', 'task_outputs': 'None', 'task_stdin': None, 'task_stdout': None, 'task_stderr': None, 'task_fail_history': '', 'task_depends': '', 'task_joins': None}
2021-07-27 16:01:47.110 parsl.dataflow.memoization:229 [DEBUG]  Task 1 will not be memoized
2021-07-27 16:01:47.110 parsl.executors.high_throughput.executor:557 [DEBUG]  Pushing function <function MonitoringHub.monitor_wrapper.<locals>.wrapped at 0x7ff4396391f0> to queue with args ()
2021-07-27 16:01:47.112 parsl.monitoring.monitoring:274 [DEBUG]  Sending message MessageType.TASK_INFO, {'task_func_name': 'app_B', 'task_memoize': False, 'task_hashsum': None, 'task_fail_count': 0, 'task_status': <States.launched: 7>, 'task_id': 1, 'task_time_invoked': datetime.datetime(2021, 7, 27, 16, 1, 47, 109310), 'task_try_time_launched': datetime.datetime(2021, 7, 27, 16, 1, 47, 110010), 'task_time_returned': None, 'task_try_time_returned': None, 'task_executor': 'htex_Local', 'run_id': '72148222-cf92-4cb8-b357-9bb34e4d8239', 'try_id': 0, 'timestamp': datetime.datetime(2021, 7, 27, 16, 1, 47, 112049), 'task_status_name': 'launched', 'tasks_failed_count': 0, 'tasks_completed_count': 0, 'tasks_memo_completed_count': 0, 'from_memo': False, 'task_inputs': 'None', 'task_outputs': 'None', 'task_stdin': None, 'task_stdout': None, 'task_stderr': None, 'task_fail_history': '', 'task_depends': '', 'task_joins': None}
2021-07-27 16:01:47.112 parsl.dataflow.dflow:591 [INFO]  Task 1 launched on executor htex_Local
2021-07-27 16:01:47.112 parsl.dataflow.dflow:802 [DEBUG]  Task 2 will be sent to executor htex_Local
2021-07-27 16:01:47.113 parsl.dataflow.dflow:628 [DEBUG]  Adding output dependencies
2021-07-27 16:01:47.113 parsl.dataflow.dflow:881 [INFO]  Task 2 submitted for App app_C, waiting on task 0, task 1
2021-07-27 16:01:47.113 parsl.dataflow.dflow:889 [DEBUG]  Task 2 set to pending state with AppFuture: <AppFuture super=<AppFuture at 0x7ff439646940 state=pending>>
2021-07-27 16:01:47.113 parsl.monitoring.monitoring:274 [DEBUG]  Sending message MessageType.TASK_INFO, {'task_func_name': 'app_C', 'task_memoize': False, 'task_hashsum': None, 'task_fail_count': 0, 'task_status': <States.pending: 0>, 'task_id': 2, 'task_time_invoked': datetime.datetime(2021, 7, 27, 16, 1, 47, 112939), 'task_try_time_launched': None, 'task_time_returned': None, 'task_try_time_returned': None, 'task_executor': 'htex_Local', 'run_id': '72148222-cf92-4cb8-b357-9bb34e4d8239', 'try_id': 0, 'timestamp': datetime.datetime(2021, 7, 27, 16, 1, 47, 113247), 'task_status_name': 'pending', 'tasks_failed_count': 0, 'tasks_completed_count': 0, 'tasks_memo_completed_count': 0, 'from_memo': None, 'task_inputs': 'None', 'task_outputs': 'None', 'task_stdin': None, 'task_stdout': None, 'task_stderr': None, 'task_fail_history': '', 'task_depends': '0,1', 'task_joins': None}
2021-07-27 16:01:47.113 parsl.dataflow.dflow:802 [DEBUG]  Task 3 will be sent to executor htex_Local
2021-07-27 16:01:47.113 parsl.dataflow.dflow:628 [DEBUG]  Adding output dependencies
2021-07-27 16:01:47.113 parsl.dataflow.dflow:881 [INFO]  Task 3 submitted for App app_D, waiting on task 2
2021-07-27 16:01:47.113 parsl.dataflow.dflow:889 [DEBUG]  Task 3 set to pending state with AppFuture: <AppFuture super=<AppFuture at 0x7ff439646b20 state=pending>>
2021-07-27 16:01:47.114 parsl.monitoring.monitoring:274 [DEBUG]  Sending message MessageType.TASK_INFO, {'task_func_name': 'app_D', 'task_memoize': False, 'task_hashsum': None, 'task_fail_count': 0, 'task_status': <States.pending: 0>, 'task_id': 3, 'task_time_invoked': datetime.datetime(2021, 7, 27, 16, 1, 47, 113729), 'task_try_time_launched': None, 'task_time_returned': None, 'task_try_time_returned': None, 'task_executor': 'htex_Local', 'run_id': '72148222-cf92-4cb8-b357-9bb34e4d8239', 'try_id': 0, 'timestamp': datetime.datetime(2021, 7, 27, 16, 1, 47, 113967), 'task_status_name': 'pending', 'tasks_failed_count': 0, 'tasks_completed_count': 0, 'tasks_memo_completed_count': 0, 'from_memo': None, 'task_inputs': 'None', 'task_outputs': 'None', 'task_stdin': None, 'task_stdout': None, 'task_stderr': None, 'task_fail_history': '', 'task_depends': '2', 'task_joins': None}
2021-07-27 16:01:47.114 parsl.dataflow.dflow:802 [DEBUG]  Task 4 will be sent to executor htex_Local
2021-07-27 16:01:47.114 parsl.dataflow.dflow:628 [DEBUG]  Adding output dependencies
2021-07-27 16:01:47.114 parsl.dataflow.dflow:881 [INFO]  Task 4 submitted for App app_E, waiting on task 3
2021-07-27 16:01:47.114 parsl.dataflow.dflow:889 [DEBUG]  Task 4 set to pending state with AppFuture: <AppFuture super=<AppFuture at 0x7ff439646ca0 state=pending>>
2021-07-27 16:01:47.114 parsl.monitoring.monitoring:274 [DEBUG]  Sending message MessageType.TASK_INFO, {'task_func_name': 'app_E', 'task_memoize': False, 'task_hashsum': None, 'task_fail_count': 0, 'task_status': <States.pending: 0>, 'task_id': 4, 'task_time_invoked': datetime.datetime(2021, 7, 27, 16, 1, 47, 114462), 'task_try_time_launched': None, 'task_time_returned': None, 'task_try_time_returned': None, 'task_executor': 'htex_Local', 'run_id': '72148222-cf92-4cb8-b357-9bb34e4d8239', 'try_id': 0, 'timestamp': datetime.datetime(2021, 7, 27, 16, 1, 47, 114690), 'task_status_name': 'pending', 'tasks_failed_count': 0, 'tasks_completed_count': 0, 'tasks_memo_completed_count': 0, 'from_memo': None, 'task_inputs': 'None', 'task_outputs': 'None', 'task_stdin': None, 'task_stdout': None, 'task_stderr': None, 'task_fail_history': '', 'task_depends': '3', 'task_joins': None}
2021-07-27 16:01:48.067 parsl.dataflow.task_status_poller:52 [DEBUG]  Sending message [] to hub from task status poller
2021-07-27 16:01:48.073 parsl.dataflow.strategy:205 [DEBUG]  Executor htex_Local has 2 active tasks, 0/0 running/pending blocks, and 0 connected workers
2021-07-27 16:01:48.074 parsl.dataflow.strategy:265 [DEBUG]  Requesting 2 more blocks
2021-07-27 16:01:48.074 parsl.providers.local.local:217 [DEBUG]  Launching in remote mode
2021-07-27 16:01:48.102 parsl.executors.high_throughput.executor:620 [DEBUG]  Launched block 0->27525
2021-07-27 16:01:48.103 parsl.providers.local.local:217 [DEBUG]  Launching in remote mode
2021-07-27 16:01:48.132 parsl.executors.high_throughput.executor:620 [DEBUG]  Launched block 1->27532
2021-07-27 16:01:48.133 parsl.dataflow.task_status_poller:52 [DEBUG]  Sending message [{'run_id': '72148222-cf92-4cb8-b357-9bb34e4d8239', 'status': 'PENDING', 'timestamp': datetime.datetime(2021, 7, 27, 16, 1, 48, 133611), 'executor_label': 'htex_Local', 'job_id': '27525', 'block_id': '0'}, {'run_id': '72148222-cf92-4cb8-b357-9bb34e4d8239', 'status': 'PENDING', 'timestamp': datetime.datetime(2021, 7, 27, 16, 1, 48, 133630), 'executor_label': 'htex_Local', 'job_id': '27532', 'block_id': '1'}] to hub from task status poller
2021-07-27 16:01:49.887 parsl.dataflow.dflow:442 [INFO]  Task 1 completed (launched -> exec_done)
2021-07-27 16:01:49.889 parsl.dataflow.dflow:1166 [WARNING]  No tasks checkpointed so far in this run. Please ensure caching is enabled
2021-07-27 16:01:49.890 parsl.monitoring.monitoring:274 [DEBUG]  Sending message MessageType.TASK_INFO, {'task_func_name': 'app_B', 'task_memoize': False, 'task_hashsum': None, 'task_fail_count': 0, 'task_status': <States.exec_done: 3>, 'task_id': 1, 'task_time_invoked': datetime.datetime(2021, 7, 27, 16, 1, 47, 109310), 'task_try_time_launched': datetime.datetime(2021, 7, 27, 16, 1, 47, 110010), 'task_time_returned': datetime.datetime(2021, 7, 27, 16, 1, 49, 888021), 'task_try_time_returned': datetime.datetime(2021, 7, 27, 16, 1, 49, 887643), 'task_executor': 'htex_Local', 'run_id': '72148222-cf92-4cb8-b357-9bb34e4d8239', 'try_id': 0, 'timestamp': datetime.datetime(2021, 7, 27, 16, 1, 49, 889425), 'task_status_name': 'exec_done', 'tasks_failed_count': 0, 'tasks_completed_count': 1, 'tasks_memo_completed_count': 0, 'from_memo': False, 'task_inputs': 'None', 'task_outputs': 'None', 'task_stdin': None, 'task_stdout': None, 'task_stderr': None, 'task_fail_history': '', 'task_depends': '', 'task_joins': None}
2021-07-27 16:01:49.890 parsl.dataflow.dflow:442 [INFO]  Task 0 completed (launched -> exec_done)
2021-07-27 16:01:49.891 parsl.dataflow.dflow:1166 [WARNING]  No tasks checkpointed so far in this run. Please ensure caching is enabled
2021-07-27 16:01:49.891 parsl.dataflow.memoization:229 [DEBUG]  Task 2 will not be memoized
2021-07-27 16:01:49.892 parsl.executors.high_throughput.executor:557 [DEBUG]  Pushing function <function MonitoringHub.monitor_wrapper.<locals>.wrapped at 0x7ff439639670> to queue with args (7, 3.0)
2021-07-27 16:01:49.895 parsl.monitoring.monitoring:274 [DEBUG]  Sending message MessageType.TASK_INFO, {'task_func_name': 'app_C', 'task_memoize': False, 'task_hashsum': None, 'task_fail_count': 0, 'task_status': <States.launched: 7>, 'task_id': 2, 'task_time_invoked': datetime.datetime(2021, 7, 27, 16, 1, 47, 112939), 'task_try_time_launched': datetime.datetime(2021, 7, 27, 16, 1, 49, 891534), 'task_time_returned': None, 'task_try_time_returned': None, 'task_executor': 'htex_Local', 'run_id': '72148222-cf92-4cb8-b357-9bb34e4d8239', 'try_id': 0, 'timestamp': datetime.datetime(2021, 7, 27, 16, 1, 49, 895089), 'task_status_name': 'launched', 'tasks_failed_count': 0, 'tasks_completed_count': 2, 'tasks_memo_completed_count': 0, 'from_memo': False, 'task_inputs': 'None', 'task_outputs': 'None', 'task_stdin': None, 'task_stdout': None, 'task_stderr': None, 'task_fail_history': '', 'task_depends': '0,1', 'task_joins': None}
2021-07-27 16:01:49.895 parsl.dataflow.dflow:591 [INFO]  Task 2 launched on executor htex_Local
2021-07-27 16:01:49.896 parsl.monitoring.monitoring:274 [DEBUG]  Sending message MessageType.TASK_INFO, {'task_func_name': 'app_A', 'task_memoize': False, 'task_hashsum': None, 'task_fail_count': 0, 'task_status': <States.exec_done: 3>, 'task_id': 0, 'task_time_invoked': datetime.datetime(2021, 7, 27, 16, 1, 47, 103463), 'task_try_time_launched': datetime.datetime(2021, 7, 27, 16, 1, 47, 104595), 'task_time_returned': datetime.datetime(2021, 7, 27, 16, 1, 49, 890672), 'task_try_time_returned': datetime.datetime(2021, 7, 27, 16, 1, 49, 890455), 'task_executor': 'htex_Local', 'run_id': '72148222-cf92-4cb8-b357-9bb34e4d8239', 'try_id': 0, 'timestamp': datetime.datetime(2021, 7, 27, 16, 1, 49, 896137), 'task_status_name': 'exec_done', 'tasks_failed_count': 0, 'tasks_completed_count': 2, 'tasks_memo_completed_count': 0, 'from_memo': False, 'task_inputs': 'None', 'task_outputs': 'None', 'task_stdin': None, 'task_stdout': None, 'task_stderr': None, 'task_fail_history': '', 'task_depends': '', 'task_joins': None}
2021-07-27 16:01:50.045 parsl.dataflow.dflow:442 [INFO]  Task 2 completed (launched -> exec_done)
2021-07-27 16:01:50.046 parsl.dataflow.dflow:1166 [WARNING]  No tasks checkpointed so far in this run. Please ensure caching is enabled
2021-07-27 16:01:50.046 parsl.dataflow.memoization:229 [DEBUG]  Task 3 will not be memoized
2021-07-27 16:01:50.047 parsl.executors.high_throughput.executor:557 [DEBUG]  Pushing function <function MonitoringHub.monitor_wrapper.<locals>.wrapped at 0x7ff4396398b0> to queue with args (10, 7, 10.0)
2021-07-27 16:01:50.050 parsl.monitoring.monitoring:274 [DEBUG]  Sending message MessageType.TASK_INFO, {'task_func_name': 'app_D', 'task_memoize': False, 'task_hashsum': None, 'task_fail_count': 0, 'task_status': <States.launched: 7>, 'task_id': 3, 'task_time_invoked': datetime.datetime(2021, 7, 27, 16, 1, 47, 113729), 'task_try_time_launched': datetime.datetime(2021, 7, 27, 16, 1, 50, 46763), 'task_time_returned': None, 'task_try_time_returned': None, 'task_executor': 'htex_Local', 'run_id': '72148222-cf92-4cb8-b357-9bb34e4d8239', 'try_id': 0, 'timestamp': datetime.datetime(2021, 7, 27, 16, 1, 50, 50060), 'task_status_name': 'launched', 'tasks_failed_count': 0, 'tasks_completed_count': 3, 'tasks_memo_completed_count': 0, 'from_memo': False, 'task_inputs': 'None', 'task_outputs': 'None', 'task_stdin': None, 'task_stdout': None, 'task_stderr': None, 'task_fail_history': '', 'task_depends': '2', 'task_joins': None}
2021-07-27 16:01:50.050 parsl.dataflow.dflow:591 [INFO]  Task 3 launched on executor htex_Local
2021-07-27 16:01:50.051 parsl.monitoring.monitoring:274 [DEBUG]  Sending message MessageType.TASK_INFO, {'task_func_name': 'app_C', 'task_memoize': False, 'task_hashsum': None, 'task_fail_count': 0, 'task_status': <States.exec_done: 3>, 'task_id': 2, 'task_time_invoked': datetime.datetime(2021, 7, 27, 16, 1, 47, 112939), 'task_try_time_launched': datetime.datetime(2021, 7, 27, 16, 1, 49, 891534), 'task_time_returned': datetime.datetime(2021, 7, 27, 16, 1, 50, 45968), 'task_try_time_returned': datetime.datetime(2021, 7, 27, 16, 1, 50, 45714), 'task_executor': 'htex_Local', 'run_id': '72148222-cf92-4cb8-b357-9bb34e4d8239', 'try_id': 0, 'timestamp': datetime.datetime(2021, 7, 27, 16, 1, 50, 51182), 'task_status_name': 'exec_done', 'tasks_failed_count': 0, 'tasks_completed_count': 3, 'tasks_memo_completed_count': 0, 'from_memo': False, 'task_inputs': 'None', 'task_outputs': 'None', 'task_stdin': None, 'task_stdout': None, 'task_stderr': None, 'task_fail_history': '', 'task_depends': '0,1', 'task_joins': None}
2021-07-27 16:01:50.247 parsl.dataflow.dflow:442 [INFO]  Task 3 completed (launched -> exec_done)
2021-07-27 16:01:50.248 parsl.dataflow.dflow:1166 [WARNING]  No tasks checkpointed so far in this run. Please ensure caching is enabled
2021-07-27 16:01:50.249 parsl.dataflow.memoization:229 [DEBUG]  Task 4 will not be memoized
2021-07-27 16:01:50.249 parsl.executors.high_throughput.executor:557 [DEBUG]  Pushing function <function MonitoringHub.monitor_wrapper.<locals>.wrapped at 0x7ff439639af0> to queue with args (7.0,)
2021-07-27 16:01:50.252 parsl.monitoring.monitoring:274 [DEBUG]  Sending message MessageType.TASK_INFO, {'task_func_name': 'app_E', 'task_memoize': False, 'task_hashsum': None, 'task_fail_count': 0, 'task_status': <States.launched: 7>, 'task_id': 4, 'task_time_invoked': datetime.datetime(2021, 7, 27, 16, 1, 47, 114462), 'task_try_time_launched': datetime.datetime(2021, 7, 27, 16, 1, 50, 249130), 'task_time_returned': None, 'task_try_time_returned': None, 'task_executor': 'htex_Local', 'run_id': '72148222-cf92-4cb8-b357-9bb34e4d8239', 'try_id': 0, 'timestamp': datetime.datetime(2021, 7, 27, 16, 1, 50, 251989), 'task_status_name': 'launched', 'tasks_failed_count': 0, 'tasks_completed_count': 4, 'tasks_memo_completed_count': 0, 'from_memo': False, 'task_inputs': 'None', 'task_outputs': 'None', 'task_stdin': None, 'task_stdout': None, 'task_stderr': None, 'task_fail_history': '', 'task_depends': '3', 'task_joins': None}
2021-07-27 16:01:50.252 parsl.dataflow.dflow:591 [INFO]  Task 4 launched on executor htex_Local
2021-07-27 16:01:50.253 parsl.monitoring.monitoring:274 [DEBUG]  Sending message MessageType.TASK_INFO, {'task_func_name': 'app_D', 'task_memoize': False, 'task_hashsum': None, 'task_fail_count': 0, 'task_status': <States.exec_done: 3>, 'task_id': 3, 'task_time_invoked': datetime.datetime(2021, 7, 27, 16, 1, 47, 113729), 'task_try_time_launched': datetime.datetime(2021, 7, 27, 16, 1, 50, 46763), 'task_time_returned': datetime.datetime(2021, 7, 27, 16, 1, 50, 248185), 'task_try_time_returned': datetime.datetime(2021, 7, 27, 16, 1, 50, 247914), 'task_executor': 'htex_Local', 'run_id': '72148222-cf92-4cb8-b357-9bb34e4d8239', 'try_id': 0, 'timestamp': datetime.datetime(2021, 7, 27, 16, 1, 50, 252976), 'task_status_name': 'exec_done', 'tasks_failed_count': 0, 'tasks_completed_count': 4, 'tasks_memo_completed_count': 0, 'from_memo': False, 'task_inputs': 'None', 'task_outputs': 'None', 'task_stdin': None, 'task_stdout': None, 'task_stderr': None, 'task_fail_history': '', 'task_depends': '2', 'task_joins': None}
2021-07-27 16:01:50.457 parsl.dataflow.dflow:442 [INFO]  Task 4 completed (launched -> exec_done)
2021-07-27 16:01:50.458 parsl.dataflow.dflow:1166 [WARNING]  No tasks checkpointed so far in this run. Please ensure caching is enabled
2021-07-27 16:01:50.459 parsl.monitoring.monitoring:274 [DEBUG]  Sending message MessageType.TASK_INFO, {'task_func_name': 'app_E', 'task_memoize': False, 'task_hashsum': None, 'task_fail_count': 0, 'task_status': <States.exec_done: 3>, 'task_id': 4, 'task_time_invoked': datetime.datetime(2021, 7, 27, 16, 1, 47, 114462), 'task_try_time_launched': datetime.datetime(2021, 7, 27, 16, 1, 50, 249130), 'task_time_returned': datetime.datetime(2021, 7, 27, 16, 1, 50, 457733), 'task_try_time_returned': datetime.datetime(2021, 7, 27, 16, 1, 50, 457454), 'task_executor': 'htex_Local', 'run_id': '72148222-cf92-4cb8-b357-9bb34e4d8239', 'try_id': 0, 'timestamp': datetime.datetime(2021, 7, 27, 16, 1, 50, 458758), 'task_status_name': 'exec_done', 'tasks_failed_count': 0, 'tasks_completed_count': 5, 'tasks_memo_completed_count': 0, 'from_memo': False, 'task_inputs': 'None', 'task_outputs': 'None', 'task_stdin': None, 'task_stdout': None, 'task_stderr': None, 'task_fail_history': '', 'task_depends': '3', 'task_joins': None}
2021-07-27 16:01:50.460 parsl.dataflow.dflow:802 [DEBUG]  Task 5 will be sent to executor htex_Local
2021-07-27 16:01:50.460 parsl.dataflow.dflow:628 [DEBUG]  Adding output dependencies
2021-07-27 16:01:50.460 parsl.dataflow.dflow:881 [INFO]  Task 5 submitted for App app_A, not waiting on any dependency
2021-07-27 16:01:50.460 parsl.dataflow.dflow:889 [DEBUG]  Task 5 set to pending state with AppFuture: <AppFuture super=<AppFuture at 0x7ff439656670 state=pending>>
2021-07-27 16:01:50.461 parsl.monitoring.monitoring:274 [DEBUG]  Sending message MessageType.TASK_INFO, {'task_func_name': 'app_A', 'task_memoize': False, 'task_hashsum': None, 'task_fail_count': 0, 'task_status': <States.pending: 0>, 'task_id': 5, 'task_time_invoked': datetime.datetime(2021, 7, 27, 16, 1, 50, 460398), 'task_try_time_launched': None, 'task_time_returned': None, 'task_try_time_returned': None, 'task_executor': 'htex_Local', 'run_id': '72148222-cf92-4cb8-b357-9bb34e4d8239', 'try_id': 0, 'timestamp': datetime.datetime(2021, 7, 27, 16, 1, 50, 461068), 'task_status_name': 'pending', 'tasks_failed_count': 0, 'tasks_completed_count': 5, 'tasks_memo_completed_count': 0, 'from_memo': None, 'task_inputs': 'None', 'task_outputs': 'None', 'task_stdin': None, 'task_stdout': None, 'task_stderr': None, 'task_fail_history': '', 'task_depends': '', 'task_joins': None}
2021-07-27 16:01:50.461 parsl.dataflow.memoization:229 [DEBUG]  Task 5 will not be memoized
2021-07-27 16:01:50.462 parsl.executors.high_throughput.executor:557 [DEBUG]  Pushing function <function MonitoringHub.monitor_wrapper.<locals>.wrapped at 0x7ff439639d30> to queue with args ()
2021-07-27 16:01:50.466 parsl.monitoring.monitoring:274 [DEBUG]  Sending message MessageType.TASK_INFO, {'task_func_name': 'app_A', 'task_memoize': False, 'task_hashsum': None, 'task_fail_count': 0, 'task_status': <States.launched: 7>, 'task_id': 5, 'task_time_invoked': datetime.datetime(2021, 7, 27, 16, 1, 50, 460398), 'task_try_time_launched': datetime.datetime(2021, 7, 27, 16, 1, 50, 461938), 'task_time_returned': None, 'task_try_time_returned': None, 'task_executor': 'htex_Local', 'run_id': '72148222-cf92-4cb8-b357-9bb34e4d8239', 'try_id': 0, 'timestamp': datetime.datetime(2021, 7, 27, 16, 1, 50, 466503), 'task_status_name': 'launched', 'tasks_failed_count': 0, 'tasks_completed_count': 5, 'tasks_memo_completed_count': 0, 'from_memo': False, 'task_inputs': 'None', 'task_outputs': 'None', 'task_stdin': None, 'task_stdout': None, 'task_stderr': None, 'task_fail_history': '', 'task_depends': '', 'task_joins': None}
2021-07-27 16:01:50.467 parsl.dataflow.dflow:591 [INFO]  Task 5 launched on executor htex_Local
2021-07-27 16:01:50.468 parsl.dataflow.dflow:802 [DEBUG]  Task 6 will be sent to executor htex_Local
2021-07-27 16:01:50.468 parsl.dataflow.dflow:628 [DEBUG]  Adding output dependencies
2021-07-27 16:01:50.468 parsl.dataflow.dflow:881 [INFO]  Task 6 submitted for App app_B, not waiting on any dependency
2021-07-27 16:01:50.469 parsl.dataflow.dflow:889 [DEBUG]  Task 6 set to pending state with AppFuture: <AppFuture super=<AppFuture at 0x7ff439656e20 state=pending>>
2021-07-27 16:01:50.470 parsl.monitoring.monitoring:274 [DEBUG]  Sending message MessageType.TASK_INFO, {'task_func_name': 'app_B', 'task_memoize': False, 'task_hashsum': None, 'task_fail_count': 0, 'task_status': <States.pending: 0>, 'task_id': 6, 'task_time_invoked': datetime.datetime(2021, 7, 27, 16, 1, 50, 468168), 'task_try_time_launched': None, 'task_time_returned': None, 'task_try_time_returned': None, 'task_executor': 'htex_Local', 'run_id': '72148222-cf92-4cb8-b357-9bb34e4d8239', 'try_id': 0, 'timestamp': datetime.datetime(2021, 7, 27, 16, 1, 50, 469619), 'task_status_name': 'pending', 'tasks_failed_count': 0, 'tasks_completed_count': 5, 'tasks_memo_completed_count': 0, 'from_memo': None, 'task_inputs': 'None', 'task_outputs': 'None', 'task_stdin': None, 'task_stdout': None, 'task_stderr': None, 'task_fail_history': '', 'task_depends': '', 'task_joins': None}
2021-07-27 16:01:50.470 parsl.dataflow.memoization:229 [DEBUG]  Task 6 will not be memoized
2021-07-27 16:01:50.471 parsl.executors.high_throughput.executor:557 [DEBUG]  Pushing function <function MonitoringHub.monitor_wrapper.<locals>.wrapped at 0x7ff439639f70> to queue with args ()
2021-07-27 16:01:50.475 parsl.monitoring.monitoring:274 [DEBUG]  Sending message MessageType.TASK_INFO, {'task_func_name': 'app_B', 'task_memoize': False, 'task_hashsum': None, 'task_fail_count': 0, 'task_status': <States.launched: 7>, 'task_id': 6, 'task_time_invoked': datetime.datetime(2021, 7, 27, 16, 1, 50, 468168), 'task_try_time_launched': datetime.datetime(2021, 7, 27, 16, 1, 50, 470633), 'task_time_returned': None, 'task_try_time_returned': None, 'task_executor': 'htex_Local', 'run_id': '72148222-cf92-4cb8-b357-9bb34e4d8239', 'try_id': 0, 'timestamp': datetime.datetime(2021, 7, 27, 16, 1, 50, 474829), 'task_status_name': 'launched', 'tasks_failed_count': 0, 'tasks_completed_count': 5, 'tasks_memo_completed_count': 0, 'from_memo': False, 'task_inputs': 'None', 'task_outputs': 'None', 'task_stdin': None, 'task_stdout': None, 'task_stderr': None, 'task_fail_history': '', 'task_depends': '', 'task_joins': None}
2021-07-27 16:01:50.476 parsl.dataflow.dflow:591 [INFO]  Task 6 launched on executor htex_Local
2021-07-27 16:01:50.476 parsl.dataflow.dflow:802 [DEBUG]  Task 7 will be sent to executor htex_Local
2021-07-27 16:01:50.476 parsl.dataflow.dflow:628 [DEBUG]  Adding output dependencies
2021-07-27 16:01:50.477 parsl.dataflow.dflow:881 [INFO]  Task 7 submitted for App app_C, waiting on task 5, task 6
2021-07-27 16:01:50.477 parsl.dataflow.dflow:889 [DEBUG]  Task 7 set to pending state with AppFuture: <AppFuture super=<AppFuture at 0x7ff43965c6a0 state=pending>>
2021-07-27 16:01:50.478 parsl.monitoring.monitoring:274 [DEBUG]  Sending message MessageType.TASK_INFO, {'task_func_name': 'app_C', 'task_memoize': False, 'task_hashsum': None, 'task_fail_count': 0, 'task_status': <States.pending: 0>, 'task_id': 7, 'task_time_invoked': datetime.datetime(2021, 7, 27, 16, 1, 50, 476841), 'task_try_time_launched': None, 'task_time_returned': None, 'task_try_time_returned': None, 'task_executor': 'htex_Local', 'run_id': '72148222-cf92-4cb8-b357-9bb34e4d8239', 'try_id': 0, 'timestamp': datetime.datetime(2021, 7, 27, 16, 1, 50, 477706), 'task_status_name': 'pending', 'tasks_failed_count': 0, 'tasks_completed_count': 5, 'tasks_memo_completed_count': 0, 'from_memo': None, 'task_inputs': 'None', 'task_outputs': 'None', 'task_stdin': None, 'task_stdout': None, 'task_stderr': None, 'task_fail_history': '', 'task_depends': '5,6', 'task_joins': None}
2021-07-27 16:01:50.479 parsl.dataflow.dflow:802 [DEBUG]  Task 8 will be sent to executor htex_Local
2021-07-27 16:01:50.479 parsl.dataflow.dflow:628 [DEBUG]  Adding output dependencies
2021-07-27 16:01:50.479 parsl.dataflow.dflow:881 [INFO]  Task 8 submitted for App app_D, waiting on task 7
2021-07-27 16:01:50.480 parsl.dataflow.dflow:889 [DEBUG]  Task 8 set to pending state with AppFuture: <AppFuture super=<AppFuture at 0x7ff43965c850 state=pending>>
2021-07-27 16:01:50.480 parsl.monitoring.monitoring:274 [DEBUG]  Sending message MessageType.TASK_INFO, {'task_func_name': 'app_D', 'task_memoize': False, 'task_hashsum': None, 'task_fail_count': 0, 'task_status': <States.pending: 0>, 'task_id': 8, 'task_time_invoked': datetime.datetime(2021, 7, 27, 16, 1, 50, 479552), 'task_try_time_launched': None, 'task_time_returned': None, 'task_try_time_returned': None, 'task_executor': 'htex_Local', 'run_id': '72148222-cf92-4cb8-b357-9bb34e4d8239', 'try_id': 0, 'timestamp': datetime.datetime(2021, 7, 27, 16, 1, 50, 480283), 'task_status_name': 'pending', 'tasks_failed_count': 0, 'tasks_completed_count': 5, 'tasks_memo_completed_count': 0, 'from_memo': None, 'task_inputs': 'None', 'task_outputs': 'None', 'task_stdin': None, 'task_stdout': None, 'task_stderr': None, 'task_fail_history': '', 'task_depends': '7', 'task_joins': None}
2021-07-27 16:01:50.481 parsl.dataflow.dflow:802 [DEBUG]  Task 9 will be sent to executor htex_Local
2021-07-27 16:01:50.481 parsl.dataflow.dflow:628 [DEBUG]  Adding output dependencies
2021-07-27 16:01:50.481 parsl.dataflow.dflow:881 [INFO]  Task 9 submitted for App app_E, waiting on task 8
2021-07-27 16:01:50.481 parsl.dataflow.dflow:889 [DEBUG]  Task 9 set to pending state with AppFuture: <AppFuture super=<AppFuture at 0x7ff439656160 state=pending>>
2021-07-27 16:01:50.482 parsl.monitoring.monitoring:274 [DEBUG]  Sending message MessageType.TASK_INFO, {'task_func_name': 'app_E', 'task_memoize': False, 'task_hashsum': None, 'task_fail_count': 0, 'task_status': <States.pending: 0>, 'task_id': 9, 'task_time_invoked': datetime.datetime(2021, 7, 27, 16, 1, 50, 481486), 'task_try_time_launched': None, 'task_time_returned': None, 'task_try_time_returned': None, 'task_executor': 'htex_Local', 'run_id': '72148222-cf92-4cb8-b357-9bb34e4d8239', 'try_id': 0, 'timestamp': datetime.datetime(2021, 7, 27, 16, 1, 50, 481994), 'task_status_name': 'pending', 'tasks_failed_count': 0, 'tasks_completed_count': 5, 'tasks_memo_completed_count': 0, 'from_memo': None, 'task_inputs': 'None', 'task_outputs': 'None', 'task_stdin': None, 'task_stdout': None, 'task_stderr': None, 'task_fail_history': '', 'task_depends': '8', 'task_joins': None}
2021-07-27 16:01:50.677 parsl.dataflow.dflow:442 [INFO]  Task 6 completed (launched -> exec_done)
2021-07-27 16:01:50.678 parsl.dataflow.dflow:1166 [WARNING]  No tasks checkpointed so far in this run. Please ensure caching is enabled
2021-07-27 16:01:50.679 parsl.monitoring.monitoring:274 [DEBUG]  Sending message MessageType.TASK_INFO, {'task_func_name': 'app_B', 'task_memoize': False, 'task_hashsum': None, 'task_fail_count': 0, 'task_status': <States.exec_done: 3>, 'task_id': 6, 'task_time_invoked': datetime.datetime(2021, 7, 27, 16, 1, 50, 468168), 'task_try_time_launched': datetime.datetime(2021, 7, 27, 16, 1, 50, 470633), 'task_time_returned': datetime.datetime(2021, 7, 27, 16, 1, 50, 678108), 'task_try_time_returned': datetime.datetime(2021, 7, 27, 16, 1, 50, 677879), 'task_executor': 'htex_Local', 'run_id': '72148222-cf92-4cb8-b357-9bb34e4d8239', 'try_id': 0, 'timestamp': datetime.datetime(2021, 7, 27, 16, 1, 50, 678915), 'task_status_name': 'exec_done', 'tasks_failed_count': 0, 'tasks_completed_count': 6, 'tasks_memo_completed_count': 0, 'from_memo': False, 'task_inputs': 'None', 'task_outputs': 'None', 'task_stdin': None, 'task_stdout': None, 'task_stderr': None, 'task_fail_history': '', 'task_depends': '', 'task_joins': None}
2021-07-27 16:01:50.679 parsl.dataflow.dflow:442 [INFO]  Task 5 completed (launched -> exec_done)
2021-07-27 16:01:50.680 parsl.dataflow.dflow:1166 [WARNING]  No tasks checkpointed so far in this run. Please ensure caching is enabled
2021-07-27 16:01:50.680 parsl.dataflow.memoization:229 [DEBUG]  Task 7 will not be memoized
2021-07-27 16:01:50.681 parsl.executors.high_throughput.executor:557 [DEBUG]  Pushing function <function MonitoringHub.monitor_wrapper.<locals>.wrapped at 0x7ff43965f430> to queue with args (7, 3.0)
2021-07-27 16:01:50.683 parsl.monitoring.monitoring:274 [DEBUG]  Sending message MessageType.TASK_INFO, {'task_func_name': 'app_C', 'task_memoize': False, 'task_hashsum': None, 'task_fail_count': 0, 'task_status': <States.launched: 7>, 'task_id': 7, 'task_time_invoked': datetime.datetime(2021, 7, 27, 16, 1, 50, 476841), 'task_try_time_launched': datetime.datetime(2021, 7, 27, 16, 1, 50, 680635), 'task_time_returned': None, 'task_try_time_returned': None, 'task_executor': 'htex_Local', 'run_id': '72148222-cf92-4cb8-b357-9bb34e4d8239', 'try_id': 0, 'timestamp': datetime.datetime(2021, 7, 27, 16, 1, 50, 683287), 'task_status_name': 'launched', 'tasks_failed_count': 0, 'tasks_completed_count': 7, 'tasks_memo_completed_count': 0, 'from_memo': False, 'task_inputs': 'None', 'task_outputs': 'None', 'task_stdin': None, 'task_stdout': None, 'task_stderr': None, 'task_fail_history': '', 'task_depends': '5,6', 'task_joins': None}
2021-07-27 16:01:50.684 parsl.dataflow.dflow:591 [INFO]  Task 7 launched on executor htex_Local
2021-07-27 16:01:50.684 parsl.monitoring.monitoring:274 [DEBUG]  Sending message MessageType.TASK_INFO, {'task_func_name': 'app_A', 'task_memoize': False, 'task_hashsum': None, 'task_fail_count': 0, 'task_status': <States.exec_done: 3>, 'task_id': 5, 'task_time_invoked': datetime.datetime(2021, 7, 27, 16, 1, 50, 460398), 'task_try_time_launched': datetime.datetime(2021, 7, 27, 16, 1, 50, 461938), 'task_time_returned': datetime.datetime(2021, 7, 27, 16, 1, 50, 679805), 'task_try_time_returned': datetime.datetime(2021, 7, 27, 16, 1, 50, 679597), 'task_executor': 'htex_Local', 'run_id': '72148222-cf92-4cb8-b357-9bb34e4d8239', 'try_id': 0, 'timestamp': datetime.datetime(2021, 7, 27, 16, 1, 50, 684193), 'task_status_name': 'exec_done', 'tasks_failed_count': 0, 'tasks_completed_count': 7, 'tasks_memo_completed_count': 0, 'from_memo': False, 'task_inputs': 'None', 'task_outputs': 'None', 'task_stdin': None, 'task_stdout': None, 'task_stderr': None, 'task_fail_history': '', 'task_depends': '', 'task_joins': None}
2021-07-27 16:01:50.857 parsl.dataflow.dflow:442 [INFO]  Task 7 completed (launched -> exec_done)
2021-07-27 16:01:50.858 parsl.dataflow.dflow:1166 [WARNING]  No tasks checkpointed so far in this run. Please ensure caching is enabled
2021-07-27 16:01:50.858 parsl.dataflow.memoization:229 [DEBUG]  Task 8 will not be memoized
2021-07-27 16:01:50.859 parsl.executors.high_throughput.executor:557 [DEBUG]  Pushing function <function MonitoringHub.monitor_wrapper.<locals>.wrapped at 0x7ff43965f670> to queue with args (10, 7, 10.0)
2021-07-27 16:01:50.862 parsl.monitoring.monitoring:274 [DEBUG]  Sending message MessageType.TASK_INFO, {'task_func_name': 'app_D', 'task_memoize': False, 'task_hashsum': None, 'task_fail_count': 0, 'task_status': <States.launched: 7>, 'task_id': 8, 'task_time_invoked': datetime.datetime(2021, 7, 27, 16, 1, 50, 479552), 'task_try_time_launched': datetime.datetime(2021, 7, 27, 16, 1, 50, 858878), 'task_time_returned': None, 'task_try_time_returned': None, 'task_executor': 'htex_Local', 'run_id': '72148222-cf92-4cb8-b357-9bb34e4d8239', 'try_id': 0, 'timestamp': datetime.datetime(2021, 7, 27, 16, 1, 50, 861602), 'task_status_name': 'launched', 'tasks_failed_count': 0, 'tasks_completed_count': 8, 'tasks_memo_completed_count': 0, 'from_memo': False, 'task_inputs': 'None', 'task_outputs': 'None', 'task_stdin': None, 'task_stdout': None, 'task_stderr': None, 'task_fail_history': '', 'task_depends': '7', 'task_joins': None}
2021-07-27 16:01:50.862 parsl.dataflow.dflow:591 [INFO]  Task 8 launched on executor htex_Local
2021-07-27 16:01:50.862 parsl.monitoring.monitoring:274 [DEBUG]  Sending message MessageType.TASK_INFO, {'task_func_name': 'app_C', 'task_memoize': False, 'task_hashsum': None, 'task_fail_count': 0, 'task_status': <States.exec_done: 3>, 'task_id': 7, 'task_time_invoked': datetime.datetime(2021, 7, 27, 16, 1, 50, 476841), 'task_try_time_launched': datetime.datetime(2021, 7, 27, 16, 1, 50, 680635), 'task_time_returned': datetime.datetime(2021, 7, 27, 16, 1, 50, 858120), 'task_try_time_returned': datetime.datetime(2021, 7, 27, 16, 1, 50, 857852), 'task_executor': 'htex_Local', 'run_id': '72148222-cf92-4cb8-b357-9bb34e4d8239', 'try_id': 0, 'timestamp': datetime.datetime(2021, 7, 27, 16, 1, 50, 862676), 'task_status_name': 'exec_done', 'tasks_failed_count': 0, 'tasks_completed_count': 8, 'tasks_memo_completed_count': 0, 'from_memo': False, 'task_inputs': 'None', 'task_outputs': 'None', 'task_stdin': None, 'task_stdout': None, 'task_stderr': None, 'task_fail_history': '', 'task_depends': '5,6', 'task_joins': None}
2021-07-27 16:01:51.061 parsl.dataflow.dflow:442 [INFO]  Task 8 completed (launched -> exec_done)
2021-07-27 16:01:51.061 parsl.dataflow.dflow:1166 [WARNING]  No tasks checkpointed so far in this run. Please ensure caching is enabled
2021-07-27 16:01:51.062 parsl.dataflow.memoization:229 [DEBUG]  Task 9 will not be memoized
2021-07-27 16:01:51.062 parsl.executors.high_throughput.executor:557 [DEBUG]  Pushing function <function MonitoringHub.monitor_wrapper.<locals>.wrapped at 0x7ff43965f8b0> to queue with args (7.0,)
2021-07-27 16:01:51.064 parsl.monitoring.monitoring:274 [DEBUG]  Sending message MessageType.TASK_INFO, {'task_func_name': 'app_E', 'task_memoize': False, 'task_hashsum': None, 'task_fail_count': 0, 'task_status': <States.launched: 7>, 'task_id': 9, 'task_time_invoked': datetime.datetime(2021, 7, 27, 16, 1, 50, 481486), 'task_try_time_launched': datetime.datetime(2021, 7, 27, 16, 1, 51, 62154), 'task_time_returned': None, 'task_try_time_returned': None, 'task_executor': 'htex_Local', 'run_id': '72148222-cf92-4cb8-b357-9bb34e4d8239', 'try_id': 0, 'timestamp': datetime.datetime(2021, 7, 27, 16, 1, 51, 63964), 'task_status_name': 'launched', 'tasks_failed_count': 0, 'tasks_completed_count': 9, 'tasks_memo_completed_count': 0, 'from_memo': False, 'task_inputs': 'None', 'task_outputs': 'None', 'task_stdin': None, 'task_stdout': None, 'task_stderr': None, 'task_fail_history': '', 'task_depends': '8', 'task_joins': None}
2021-07-27 16:01:51.064 parsl.dataflow.dflow:591 [INFO]  Task 9 launched on executor htex_Local
2021-07-27 16:01:51.065 parsl.monitoring.monitoring:274 [DEBUG]  Sending message MessageType.TASK_INFO, {'task_func_name': 'app_D', 'task_memoize': False, 'task_hashsum': None, 'task_fail_count': 0, 'task_status': <States.exec_done: 3>, 'task_id': 8, 'task_time_invoked': datetime.datetime(2021, 7, 27, 16, 1, 50, 479552), 'task_try_time_launched': datetime.datetime(2021, 7, 27, 16, 1, 50, 858878), 'task_time_returned': datetime.datetime(2021, 7, 27, 16, 1, 51, 61302), 'task_try_time_returned': datetime.datetime(2021, 7, 27, 16, 1, 51, 61066), 'task_executor': 'htex_Local', 'run_id': '72148222-cf92-4cb8-b357-9bb34e4d8239', 'try_id': 0, 'timestamp': datetime.datetime(2021, 7, 27, 16, 1, 51, 64877), 'task_status_name': 'exec_done', 'tasks_failed_count': 0, 'tasks_completed_count': 9, 'tasks_memo_completed_count': 0, 'from_memo': False, 'task_inputs': 'None', 'task_outputs': 'None', 'task_stdin': None, 'task_stdout': None, 'task_stderr': None, 'task_fail_history': '', 'task_depends': '7', 'task_joins': None}
2021-07-27 16:01:51.268 parsl.dataflow.dflow:442 [INFO]  Task 9 completed (launched -> exec_done)
2021-07-27 16:01:51.269 parsl.dataflow.dflow:802 [DEBUG]  Task 10 will be sent to executor htex_Local
2021-07-27 16:01:51.269 parsl.dataflow.dflow:628 [DEBUG]  Adding output dependencies
2021-07-27 16:01:51.270 parsl.dataflow.dflow:881 [INFO]  Task 10 submitted for App app_A, not waiting on any dependency
2021-07-27 16:01:51.270 parsl.dataflow.dflow:889 [DEBUG]  Task 10 set to pending state with AppFuture: <AppFuture super=<AppFuture at 0x7ff439664d90 state=pending>>
2021-07-27 16:01:51.270 parsl.monitoring.monitoring:274 [DEBUG]  Sending message MessageType.TASK_INFO, {'task_func_name': 'app_A', 'task_memoize': False, 'task_hashsum': None, 'task_fail_count': 0, 'task_status': <States.pending: 0>, 'task_id': 10, 'task_time_invoked': datetime.datetime(2021, 7, 27, 16, 1, 51, 269533), 'task_try_time_launched': None, 'task_time_returned': None, 'task_try_time_returned': None, 'task_executor': 'htex_Local', 'run_id': '72148222-cf92-4cb8-b357-9bb34e4d8239', 'try_id': 0, 'timestamp': datetime.datetime(2021, 7, 27, 16, 1, 51, 270481), 'task_status_name': 'pending', 'tasks_failed_count': 0, 'tasks_completed_count': 10, 'tasks_memo_completed_count': 0, 'from_memo': None, 'task_inputs': 'None', 'task_outputs': 'None', 'task_stdin': None, 'task_stdout': None, 'task_stderr': None, 'task_fail_history': '', 'task_depends': '', 'task_joins': None}
2021-07-27 16:01:51.271 parsl.dataflow.memoization:229 [DEBUG]  Task 10 will not be memoized
2021-07-27 16:01:51.271 parsl.executors.high_throughput.executor:557 [DEBUG]  Pushing function <function MonitoringHub.monitor_wrapper.<locals>.wrapped at 0x7ff43965fca0> to queue with args ()
2021-07-27 16:01:51.273 parsl.dataflow.dflow:1166 [WARNING]  No tasks checkpointed so far in this run. Please ensure caching is enabled
2021-07-27 16:01:51.274 parsl.monitoring.monitoring:274 [DEBUG]  Sending message MessageType.TASK_INFO, {'task_func_name': 'app_E', 'task_memoize': False, 'task_hashsum': None, 'task_fail_count': 0, 'task_status': <States.exec_done: 3>, 'task_id': 9, 'task_time_invoked': datetime.datetime(2021, 7, 27, 16, 1, 50, 481486), 'task_try_time_launched': datetime.datetime(2021, 7, 27, 16, 1, 51, 62154), 'task_time_returned': datetime.datetime(2021, 7, 27, 16, 1, 51, 268792), 'task_try_time_returned': datetime.datetime(2021, 7, 27, 16, 1, 51, 268539), 'task_executor': 'htex_Local', 'run_id': '72148222-cf92-4cb8-b357-9bb34e4d8239', 'try_id': 0, 'timestamp': datetime.datetime(2021, 7, 27, 16, 1, 51, 273879), 'task_status_name': 'exec_done', 'tasks_failed_count': 0, 'tasks_completed_count': 10, 'tasks_memo_completed_count': 0, 'from_memo': False, 'task_inputs': 'None', 'task_outputs': 'None', 'task_stdin': None, 'task_stdout': None, 'task_stderr': None, 'task_fail_history': '', 'task_depends': '8', 'task_joins': None}
2021-07-27 16:01:51.274 parsl.monitoring.monitoring:274 [DEBUG]  Sending message MessageType.TASK_INFO, {'task_func_name': 'app_A', 'task_memoize': False, 'task_hashsum': None, 'task_fail_count': 0, 'task_status': <States.launched: 7>, 'task_id': 10, 'task_time_invoked': datetime.datetime(2021, 7, 27, 16, 1, 51, 269533), 'task_try_time_launched': datetime.datetime(2021, 7, 27, 16, 1, 51, 271136), 'task_time_returned': None, 'task_try_time_returned': None, 'task_executor': 'htex_Local', 'run_id': '72148222-cf92-4cb8-b357-9bb34e4d8239', 'try_id': 0, 'timestamp': datetime.datetime(2021, 7, 27, 16, 1, 51, 274431), 'task_status_name': 'launched', 'tasks_failed_count': 0, 'tasks_completed_count': 10, 'tasks_memo_completed_count': 0, 'from_memo': False, 'task_inputs': 'None', 'task_outputs': 'None', 'task_stdin': None, 'task_stdout': None, 'task_stderr': None, 'task_fail_history': '', 'task_depends': '', 'task_joins': None}
2021-07-27 16:01:51.275 parsl.dataflow.dflow:591 [INFO]  Task 10 launched on executor htex_Local
2021-07-27 16:01:51.275 parsl.dataflow.dflow:802 [DEBUG]  Task 11 will be sent to executor htex_Local
2021-07-27 16:01:51.275 parsl.dataflow.dflow:628 [DEBUG]  Adding output dependencies
2021-07-27 16:01:51.275 parsl.dataflow.dflow:881 [INFO]  Task 11 submitted for App app_B, not waiting on any dependency
2021-07-27 16:01:51.276 parsl.dataflow.dflow:889 [DEBUG]  Task 11 set to pending state with AppFuture: <AppFuture super=<AppFuture at 0x7ff4396505b0 state=pending>>
2021-07-27 16:01:51.276 parsl.monitoring.monitoring:274 [DEBUG]  Sending message MessageType.TASK_INFO, {'task_func_name': 'app_B', 'task_memoize': False, 'task_hashsum': None, 'task_fail_count': 0, 'task_status': <States.pending: 0>, 'task_id': 11, 'task_time_invoked': datetime.datetime(2021, 7, 27, 16, 1, 51, 275754), 'task_try_time_launched': None, 'task_time_returned': None, 'task_try_time_returned': None, 'task_executor': 'htex_Local', 'run_id': '72148222-cf92-4cb8-b357-9bb34e4d8239', 'try_id': 0, 'timestamp': datetime.datetime(2021, 7, 27, 16, 1, 51, 276128), 'task_status_name': 'pending', 'tasks_failed_count': 0, 'tasks_completed_count': 10, 'tasks_memo_completed_count': 0, 'from_memo': None, 'task_inputs': 'None', 'task_outputs': 'None', 'task_stdin': None, 'task_stdout': None, 'task_stderr': None, 'task_fail_history': '', 'task_depends': '', 'task_joins': None}
2021-07-27 16:01:51.276 parsl.dataflow.memoization:229 [DEBUG]  Task 11 will not be memoized
2021-07-27 16:01:51.277 parsl.executors.high_throughput.executor:557 [DEBUG]  Pushing function <function MonitoringHub.monitor_wrapper.<locals>.wrapped at 0x7ff43965faf0> to queue with args ()
2021-07-27 16:01:51.279 parsl.monitoring.monitoring:274 [DEBUG]  Sending message MessageType.TASK_INFO, {'task_func_name': 'app_B', 'task_memoize': False, 'task_hashsum': None, 'task_fail_count': 0, 'task_status': <States.launched: 7>, 'task_id': 11, 'task_time_invoked': datetime.datetime(2021, 7, 27, 16, 1, 51, 275754), 'task_try_time_launched': datetime.datetime(2021, 7, 27, 16, 1, 51, 276567), 'task_time_returned': None, 'task_try_time_returned': None, 'task_executor': 'htex_Local', 'run_id': '72148222-cf92-4cb8-b357-9bb34e4d8239', 'try_id': 0, 'timestamp': datetime.datetime(2021, 7, 27, 16, 1, 51, 278754), 'task_status_name': 'launched', 'tasks_failed_count': 0, 'tasks_completed_count': 10, 'tasks_memo_completed_count': 0, 'from_memo': False, 'task_inputs': 'None', 'task_outputs': 'None', 'task_stdin': None, 'task_stdout': None, 'task_stderr': None, 'task_fail_history': '', 'task_depends': '', 'task_joins': None}
2021-07-27 16:01:51.279 parsl.dataflow.dflow:591 [INFO]  Task 11 launched on executor htex_Local
2021-07-27 16:01:51.279 parsl.dataflow.dflow:802 [DEBUG]  Task 12 will be sent to executor htex_Local
2021-07-27 16:01:51.279 parsl.dataflow.dflow:628 [DEBUG]  Adding output dependencies
2021-07-27 16:01:51.280 parsl.dataflow.dflow:881 [INFO]  Task 12 submitted for App app_C, waiting on task 10, task 11
2021-07-27 16:01:51.280 parsl.dataflow.dflow:889 [DEBUG]  Task 12 set to pending state with AppFuture: <AppFuture super=<AppFuture at 0x7ff439650d00 state=pending>>
2021-07-27 16:01:51.280 parsl.monitoring.monitoring:274 [DEBUG]  Sending message MessageType.TASK_INFO, {'task_func_name': 'app_C', 'task_memoize': False, 'task_hashsum': None, 'task_fail_count': 0, 'task_status': <States.pending: 0>, 'task_id': 12, 'task_time_invoked': datetime.datetime(2021, 7, 27, 16, 1, 51, 279864), 'task_try_time_launched': None, 'task_time_returned': None, 'task_try_time_returned': None, 'task_executor': 'htex_Local', 'run_id': '72148222-cf92-4cb8-b357-9bb34e4d8239', 'try_id': 0, 'timestamp': datetime.datetime(2021, 7, 27, 16, 1, 51, 280409), 'task_status_name': 'pending', 'tasks_failed_count': 0, 'tasks_completed_count': 10, 'tasks_memo_completed_count': 0, 'from_memo': None, 'task_inputs': 'None', 'task_outputs': 'None', 'task_stdin': None, 'task_stdout': None, 'task_stderr': None, 'task_fail_history': '', 'task_depends': '10,11', 'task_joins': None}
2021-07-27 16:01:51.281 parsl.dataflow.dflow:802 [DEBUG]  Task 13 will be sent to executor htex_Local
2021-07-27 16:01:51.281 parsl.dataflow.dflow:628 [DEBUG]  Adding output dependencies
2021-07-27 16:01:51.281 parsl.dataflow.dflow:881 [INFO]  Task 13 submitted for App app_D, waiting on task 12
2021-07-27 16:01:51.281 parsl.dataflow.dflow:889 [DEBUG]  Task 13 set to pending state with AppFuture: <AppFuture super=<AppFuture at 0x7ff439650e80 state=pending>>
2021-07-27 16:01:51.281 parsl.monitoring.monitoring:274 [DEBUG]  Sending message MessageType.TASK_INFO, {'task_func_name': 'app_D', 'task_memoize': False, 'task_hashsum': None, 'task_fail_count': 0, 'task_status': <States.pending: 0>, 'task_id': 13, 'task_time_invoked': datetime.datetime(2021, 7, 27, 16, 1, 51, 281258), 'task_try_time_launched': None, 'task_time_returned': None, 'task_try_time_returned': None, 'task_executor': 'htex_Local', 'run_id': '72148222-cf92-4cb8-b357-9bb34e4d8239', 'try_id': 0, 'timestamp': datetime.datetime(2021, 7, 27, 16, 1, 51, 281618), 'task_status_name': 'pending', 'tasks_failed_count': 0, 'tasks_completed_count': 10, 'tasks_memo_completed_count': 0, 'from_memo': None, 'task_inputs': 'None', 'task_outputs': 'None', 'task_stdin': None, 'task_stdout': None, 'task_stderr': None, 'task_fail_history': '', 'task_depends': '12', 'task_joins': None}
2021-07-27 16:01:51.282 parsl.dataflow.dflow:802 [DEBUG]  Task 14 will be sent to executor htex_Local
2021-07-27 16:01:51.282 parsl.dataflow.dflow:628 [DEBUG]  Adding output dependencies
2021-07-27 16:01:51.282 parsl.dataflow.dflow:881 [INFO]  Task 14 submitted for App app_E, waiting on task 13
2021-07-27 16:01:51.282 parsl.dataflow.dflow:889 [DEBUG]  Task 14 set to pending state with AppFuture: <AppFuture super=<AppFuture at 0x7ff43966c040 state=pending>>
2021-07-27 16:01:51.283 parsl.monitoring.monitoring:274 [DEBUG]  Sending message MessageType.TASK_INFO, {'task_func_name': 'app_E', 'task_memoize': False, 'task_hashsum': None, 'task_fail_count': 0, 'task_status': <States.pending: 0>, 'task_id': 14, 'task_time_invoked': datetime.datetime(2021, 7, 27, 16, 1, 51, 282440), 'task_try_time_launched': None, 'task_time_returned': None, 'task_try_time_returned': None, 'task_executor': 'htex_Local', 'run_id': '72148222-cf92-4cb8-b357-9bb34e4d8239', 'try_id': 0, 'timestamp': datetime.datetime(2021, 7, 27, 16, 1, 51, 283069), 'task_status_name': 'pending', 'tasks_failed_count': 0, 'tasks_completed_count': 10, 'tasks_memo_completed_count': 0, 'from_memo': None, 'task_inputs': 'None', 'task_outputs': 'None', 'task_stdin': None, 'task_stdout': None, 'task_stderr': None, 'task_fail_history': '', 'task_depends': '13', 'task_joins': None}
2021-07-27 16:01:51.366 parsl.dataflow.dflow:442 [INFO]  Task 10 completed (launched -> exec_done)
2021-07-27 16:01:51.367 parsl.dataflow.dflow:1166 [WARNING]  No tasks checkpointed so far in this run. Please ensure caching is enabled
2021-07-27 16:01:51.368 parsl.monitoring.monitoring:274 [DEBUG]  Sending message MessageType.TASK_INFO, {'task_func_name': 'app_A', 'task_memoize': False, 'task_hashsum': None, 'task_fail_count': 0, 'task_status': <States.exec_done: 3>, 'task_id': 10, 'task_time_invoked': datetime.datetime(2021, 7, 27, 16, 1, 51, 269533), 'task_try_time_launched': datetime.datetime(2021, 7, 27, 16, 1, 51, 271136), 'task_time_returned': datetime.datetime(2021, 7, 27, 16, 1, 51, 367049), 'task_try_time_returned': datetime.datetime(2021, 7, 27, 16, 1, 51, 366835), 'task_executor': 'htex_Local', 'run_id': '72148222-cf92-4cb8-b357-9bb34e4d8239', 'try_id': 0, 'timestamp': datetime.datetime(2021, 7, 27, 16, 1, 51, 367801), 'task_status_name': 'exec_done', 'tasks_failed_count': 0, 'tasks_completed_count': 11, 'tasks_memo_completed_count': 0, 'from_memo': False, 'task_inputs': 'None', 'task_outputs': 'None', 'task_stdin': None, 'task_stdout': None, 'task_stderr': None, 'task_fail_history': '', 'task_depends': '', 'task_joins': None}
2021-07-27 16:01:51.472 parsl.dataflow.dflow:442 [INFO]  Task 11 completed (launched -> exec_done)
2021-07-27 16:01:51.472 parsl.dataflow.dflow:1166 [WARNING]  No tasks checkpointed so far in this run. Please ensure caching is enabled
2021-07-27 16:01:51.473 parsl.dataflow.memoization:229 [DEBUG]  Task 12 will not be memoized
2021-07-27 16:01:51.473 parsl.executors.high_throughput.executor:557 [DEBUG]  Pushing function <function MonitoringHub.monitor_wrapper.<locals>.wrapped at 0x7ff4396691f0> to queue with args (7, 3.0)
2021-07-27 16:01:51.475 parsl.monitoring.monitoring:274 [DEBUG]  Sending message MessageType.TASK_INFO, {'task_func_name': 'app_C', 'task_memoize': False, 'task_hashsum': None, 'task_fail_count': 0, 'task_status': <States.launched: 7>, 'task_id': 12, 'task_time_invoked': datetime.datetime(2021, 7, 27, 16, 1, 51, 279864), 'task_try_time_launched': datetime.datetime(2021, 7, 27, 16, 1, 51, 473175), 'task_time_returned': None, 'task_try_time_returned': None, 'task_executor': 'htex_Local', 'run_id': '72148222-cf92-4cb8-b357-9bb34e4d8239', 'try_id': 0, 'timestamp': datetime.datetime(2021, 7, 27, 16, 1, 51, 474947), 'task_status_name': 'launched', 'tasks_failed_count': 0, 'tasks_completed_count': 12, 'tasks_memo_completed_count': 0, 'from_memo': False, 'task_inputs': 'None', 'task_outputs': 'None', 'task_stdin': None, 'task_stdout': None, 'task_stderr': None, 'task_fail_history': '', 'task_depends': '10,11', 'task_joins': None}
2021-07-27 16:01:51.475 parsl.dataflow.dflow:591 [INFO]  Task 12 launched on executor htex_Local
2021-07-27 16:01:51.476 parsl.monitoring.monitoring:274 [DEBUG]  Sending message MessageType.TASK_INFO, {'task_func_name': 'app_B', 'task_memoize': False, 'task_hashsum': None, 'task_fail_count': 0, 'task_status': <States.exec_done: 3>, 'task_id': 11, 'task_time_invoked': datetime.datetime(2021, 7, 27, 16, 1, 51, 275754), 'task_try_time_launched': datetime.datetime(2021, 7, 27, 16, 1, 51, 276567), 'task_time_returned': datetime.datetime(2021, 7, 27, 16, 1, 51, 472351), 'task_try_time_returned': datetime.datetime(2021, 7, 27, 16, 1, 51, 472150), 'task_executor': 'htex_Local', 'run_id': '72148222-cf92-4cb8-b357-9bb34e4d8239', 'try_id': 0, 'timestamp': datetime.datetime(2021, 7, 27, 16, 1, 51, 475885), 'task_status_name': 'exec_done', 'tasks_failed_count': 0, 'tasks_completed_count': 12, 'tasks_memo_completed_count': 0, 'from_memo': False, 'task_inputs': 'None', 'task_outputs': 'None', 'task_stdin': None, 'task_stdout': None, 'task_stderr': None, 'task_fail_history': '', 'task_depends': '', 'task_joins': None}
2021-07-27 16:01:51.676 parsl.dataflow.dflow:442 [INFO]  Task 12 completed (launched -> exec_done)
2021-07-27 16:01:51.677 parsl.dataflow.dflow:1166 [WARNING]  No tasks checkpointed so far in this run. Please ensure caching is enabled
2021-07-27 16:01:51.677 parsl.dataflow.memoization:229 [DEBUG]  Task 13 will not be memoized
2021-07-27 16:01:51.677 parsl.executors.high_throughput.executor:557 [DEBUG]  Pushing function <function MonitoringHub.monitor_wrapper.<locals>.wrapped at 0x7ff439669430> to queue with args (10, 7, 10.0)
2021-07-27 16:01:51.679 parsl.monitoring.monitoring:274 [DEBUG]  Sending message MessageType.TASK_INFO, {'task_func_name': 'app_D', 'task_memoize': False, 'task_hashsum': None, 'task_fail_count': 0, 'task_status': <States.launched: 7>, 'task_id': 13, 'task_time_invoked': datetime.datetime(2021, 7, 27, 16, 1, 51, 281258), 'task_try_time_launched': datetime.datetime(2021, 7, 27, 16, 1, 51, 677599), 'task_time_returned': None, 'task_try_time_returned': None, 'task_executor': 'htex_Local', 'run_id': '72148222-cf92-4cb8-b357-9bb34e4d8239', 'try_id': 0, 'timestamp': datetime.datetime(2021, 7, 27, 16, 1, 51, 679313), 'task_status_name': 'launched', 'tasks_failed_count': 0, 'tasks_completed_count': 13, 'tasks_memo_completed_count': 0, 'from_memo': False, 'task_inputs': 'None', 'task_outputs': 'None', 'task_stdin': None, 'task_stdout': None, 'task_stderr': None, 'task_fail_history': '', 'task_depends': '12', 'task_joins': None}
2021-07-27 16:01:51.679 parsl.dataflow.dflow:591 [INFO]  Task 13 launched on executor htex_Local
2021-07-27 16:01:51.680 parsl.monitoring.monitoring:274 [DEBUG]  Sending message MessageType.TASK_INFO, {'task_func_name': 'app_C', 'task_memoize': False, 'task_hashsum': None, 'task_fail_count': 0, 'task_status': <States.exec_done: 3>, 'task_id': 12, 'task_time_invoked': datetime.datetime(2021, 7, 27, 16, 1, 51, 279864), 'task_try_time_launched': datetime.datetime(2021, 7, 27, 16, 1, 51, 473175), 'task_time_returned': datetime.datetime(2021, 7, 27, 16, 1, 51, 676875), 'task_try_time_returned': datetime.datetime(2021, 7, 27, 16, 1, 51, 676647), 'task_executor': 'htex_Local', 'run_id': '72148222-cf92-4cb8-b357-9bb34e4d8239', 'try_id': 0, 'timestamp': datetime.datetime(2021, 7, 27, 16, 1, 51, 680211), 'task_status_name': 'exec_done', 'tasks_failed_count': 0, 'tasks_completed_count': 13, 'tasks_memo_completed_count': 0, 'from_memo': False, 'task_inputs': 'None', 'task_outputs': 'None', 'task_stdin': None, 'task_stdout': None, 'task_stderr': None, 'task_fail_history': '', 'task_depends': '10,11', 'task_joins': None}
2021-07-27 16:01:51.880 parsl.dataflow.dflow:442 [INFO]  Task 13 completed (launched -> exec_done)
2021-07-27 16:01:51.880 parsl.dataflow.dflow:1166 [WARNING]  No tasks checkpointed so far in this run. Please ensure caching is enabled
2021-07-27 16:01:51.880 parsl.dataflow.memoization:229 [DEBUG]  Task 14 will not be memoized
2021-07-27 16:01:51.881 parsl.executors.high_throughput.executor:557 [DEBUG]  Pushing function <function MonitoringHub.monitor_wrapper.<locals>.wrapped at 0x7ff439669670> to queue with args (7.0,)
2021-07-27 16:01:51.883 parsl.monitoring.monitoring:274 [DEBUG]  Sending message MessageType.TASK_INFO, {'task_func_name': 'app_E', 'task_memoize': False, 'task_hashsum': None, 'task_fail_count': 0, 'task_status': <States.launched: 7>, 'task_id': 14, 'task_time_invoked': datetime.datetime(2021, 7, 27, 16, 1, 51, 282440), 'task_try_time_launched': datetime.datetime(2021, 7, 27, 16, 1, 51, 880912), 'task_time_returned': None, 'task_try_time_returned': None, 'task_executor': 'htex_Local', 'run_id': '72148222-cf92-4cb8-b357-9bb34e4d8239', 'try_id': 0, 'timestamp': datetime.datetime(2021, 7, 27, 16, 1, 51, 882669), 'task_status_name': 'launched', 'tasks_failed_count': 0, 'tasks_completed_count': 14, 'tasks_memo_completed_count': 0, 'from_memo': False, 'task_inputs': 'None', 'task_outputs': 'None', 'task_stdin': None, 'task_stdout': None, 'task_stderr': None, 'task_fail_history': '', 'task_depends': '13', 'task_joins': None}
2021-07-27 16:01:51.883 parsl.dataflow.dflow:591 [INFO]  Task 14 launched on executor htex_Local
2021-07-27 16:01:51.883 parsl.monitoring.monitoring:274 [DEBUG]  Sending message MessageType.TASK_INFO, {'task_func_name': 'app_D', 'task_memoize': False, 'task_hashsum': None, 'task_fail_count': 0, 'task_status': <States.exec_done: 3>, 'task_id': 13, 'task_time_invoked': datetime.datetime(2021, 7, 27, 16, 1, 51, 281258), 'task_try_time_launched': datetime.datetime(2021, 7, 27, 16, 1, 51, 677599), 'task_time_returned': datetime.datetime(2021, 7, 27, 16, 1, 51, 880216), 'task_try_time_returned': datetime.datetime(2021, 7, 27, 16, 1, 51, 880000), 'task_executor': 'htex_Local', 'run_id': '72148222-cf92-4cb8-b357-9bb34e4d8239', 'try_id': 0, 'timestamp': datetime.datetime(2021, 7, 27, 16, 1, 51, 883617), 'task_status_name': 'exec_done', 'tasks_failed_count': 0, 'tasks_completed_count': 14, 'tasks_memo_completed_count': 0, 'from_memo': False, 'task_inputs': 'None', 'task_outputs': 'None', 'task_stdin': None, 'task_stdout': None, 'task_stderr': None, 'task_fail_history': '', 'task_depends': '12', 'task_joins': None}
2021-07-27 16:01:52.095 parsl.dataflow.dflow:442 [INFO]  Task 14 completed (launched -> exec_done)
2021-07-27 16:01:52.096 parsl.dataflow.dflow:802 [DEBUG]  Task 15 will be sent to executor htex_Local
2021-07-27 16:01:52.096 parsl.dataflow.dflow:628 [DEBUG]  Adding output dependencies
2021-07-27 16:01:52.096 parsl.dataflow.dflow:881 [INFO]  Task 15 submitted for App app_A, not waiting on any dependency
2021-07-27 16:01:52.096 parsl.dataflow.dflow:889 [DEBUG]  Task 15 set to pending state with AppFuture: <AppFuture super=<AppFuture at 0x7ff43966c160 state=pending>>
2021-07-27 16:01:52.097 parsl.monitoring.monitoring:274 [DEBUG]  Sending message MessageType.TASK_INFO, {'task_func_name': 'app_A', 'task_memoize': False, 'task_hashsum': None, 'task_fail_count': 0, 'task_status': <States.pending: 0>, 'task_id': 15, 'task_time_invoked': datetime.datetime(2021, 7, 27, 16, 1, 52, 96336), 'task_try_time_launched': None, 'task_time_returned': None, 'task_try_time_returned': None, 'task_executor': 'htex_Local', 'run_id': '72148222-cf92-4cb8-b357-9bb34e4d8239', 'try_id': 0, 'timestamp': datetime.datetime(2021, 7, 27, 16, 1, 52, 96853), 'task_status_name': 'pending', 'tasks_failed_count': 0, 'tasks_completed_count': 15, 'tasks_memo_completed_count': 0, 'from_memo': None, 'task_inputs': 'None', 'task_outputs': 'None', 'task_stdin': None, 'task_stdout': None, 'task_stderr': None, 'task_fail_history': '', 'task_depends': '', 'task_joins': None}
2021-07-27 16:01:52.097 parsl.dataflow.dflow:1166 [WARNING]  No tasks checkpointed so far in this run. Please ensure caching is enabled
2021-07-27 16:01:52.097 parsl.dataflow.memoization:229 [DEBUG]  Task 15 will not be memoized
2021-07-27 16:01:52.097 parsl.monitoring.monitoring:274 [DEBUG]  Sending message MessageType.TASK_INFO, {'task_func_name': 'app_E', 'task_memoize': False, 'task_hashsum': None, 'task_fail_count': 0, 'task_status': <States.exec_done: 3>, 'task_id': 14, 'task_time_invoked': datetime.datetime(2021, 7, 27, 16, 1, 51, 282440), 'task_try_time_launched': datetime.datetime(2021, 7, 27, 16, 1, 51, 880912), 'task_time_returned': datetime.datetime(2021, 7, 27, 16, 1, 52, 95886), 'task_try_time_returned': datetime.datetime(2021, 7, 27, 16, 1, 52, 95710), 'task_executor': 'htex_Local', 'run_id': '72148222-cf92-4cb8-b357-9bb34e4d8239', 'try_id': 0, 'timestamp': datetime.datetime(2021, 7, 27, 16, 1, 52, 97767), 'task_status_name': 'exec_done', 'tasks_failed_count': 0, 'tasks_completed_count': 15, 'tasks_memo_completed_count': 0, 'from_memo': False, 'task_inputs': 'None', 'task_outputs': 'None', 'task_stdin': None, 'task_stdout': None, 'task_stderr': None, 'task_fail_history': '', 'task_depends': '13', 'task_joins': None}
2021-07-27 16:01:52.098 parsl.executors.high_throughput.executor:557 [DEBUG]  Pushing function <function MonitoringHub.monitor_wrapper.<locals>.wrapped at 0x7ff4396698b0> to queue with args ()
2021-07-27 16:01:52.100 parsl.monitoring.monitoring:274 [DEBUG]  Sending message MessageType.TASK_INFO, {'task_func_name': 'app_A', 'task_memoize': False, 'task_hashsum': None, 'task_fail_count': 0, 'task_status': <States.launched: 7>, 'task_id': 15, 'task_time_invoked': datetime.datetime(2021, 7, 27, 16, 1, 52, 96336), 'task_try_time_launched': datetime.datetime(2021, 7, 27, 16, 1, 52, 97638), 'task_time_returned': None, 'task_try_time_returned': None, 'task_executor': 'htex_Local', 'run_id': '72148222-cf92-4cb8-b357-9bb34e4d8239', 'try_id': 0, 'timestamp': datetime.datetime(2021, 7, 27, 16, 1, 52, 100385), 'task_status_name': 'launched', 'tasks_failed_count': 0, 'tasks_completed_count': 15, 'tasks_memo_completed_count': 0, 'from_memo': False, 'task_inputs': 'None', 'task_outputs': 'None', 'task_stdin': None, 'task_stdout': None, 'task_stderr': None, 'task_fail_history': '', 'task_depends': '', 'task_joins': None}
2021-07-27 16:01:52.101 parsl.dataflow.dflow:591 [INFO]  Task 15 launched on executor htex_Local
2021-07-27 16:01:52.101 parsl.dataflow.dflow:802 [DEBUG]  Task 16 will be sent to executor htex_Local
2021-07-27 16:01:52.101 parsl.dataflow.dflow:628 [DEBUG]  Adding output dependencies
2021-07-27 16:01:52.101 parsl.dataflow.dflow:881 [INFO]  Task 16 submitted for App app_B, not waiting on any dependency
2021-07-27 16:01:52.101 parsl.dataflow.dflow:889 [DEBUG]  Task 16 set to pending state with AppFuture: <AppFuture super=<AppFuture at 0x7ff439670a90 state=pending>>
2021-07-27 16:01:52.101 parsl.monitoring.monitoring:274 [DEBUG]  Sending message MessageType.TASK_INFO, {'task_func_name': 'app_B', 'task_memoize': False, 'task_hashsum': None, 'task_fail_count': 0, 'task_status': <States.pending: 0>, 'task_id': 16, 'task_time_invoked': datetime.datetime(2021, 7, 27, 16, 1, 52, 101333), 'task_try_time_launched': None, 'task_time_returned': None, 'task_try_time_returned': None, 'task_executor': 'htex_Local', 'run_id': '72148222-cf92-4cb8-b357-9bb34e4d8239', 'try_id': 0, 'timestamp': datetime.datetime(2021, 7, 27, 16, 1, 52, 101592), 'task_status_name': 'pending', 'tasks_failed_count': 0, 'tasks_completed_count': 15, 'tasks_memo_completed_count': 0, 'from_memo': None, 'task_inputs': 'None', 'task_outputs': 'None', 'task_stdin': None, 'task_stdout': None, 'task_stderr': None, 'task_fail_history': '', 'task_depends': '', 'task_joins': None}
2021-07-27 16:01:52.101 parsl.dataflow.memoization:229 [DEBUG]  Task 16 will not be memoized
2021-07-27 16:01:52.102 parsl.executors.high_throughput.executor:557 [DEBUG]  Pushing function <function MonitoringHub.monitor_wrapper.<locals>.wrapped at 0x7ff439669af0> to queue with args ()
2021-07-27 16:01:52.103 parsl.monitoring.monitoring:274 [DEBUG]  Sending message MessageType.TASK_INFO, {'task_func_name': 'app_B', 'task_memoize': False, 'task_hashsum': None, 'task_fail_count': 0, 'task_status': <States.launched: 7>, 'task_id': 16, 'task_time_invoked': datetime.datetime(2021, 7, 27, 16, 1, 52, 101333), 'task_try_time_launched': datetime.datetime(2021, 7, 27, 16, 1, 52, 101964), 'task_time_returned': None, 'task_try_time_returned': None, 'task_executor': 'htex_Local', 'run_id': '72148222-cf92-4cb8-b357-9bb34e4d8239', 'try_id': 0, 'timestamp': datetime.datetime(2021, 7, 27, 16, 1, 52, 103629), 'task_status_name': 'launched', 'tasks_failed_count': 0, 'tasks_completed_count': 15, 'tasks_memo_completed_count': 0, 'from_memo': False, 'task_inputs': 'None', 'task_outputs': 'None', 'task_stdin': None, 'task_stdout': None, 'task_stderr': None, 'task_fail_history': '', 'task_depends': '', 'task_joins': None}
2021-07-27 16:01:52.104 parsl.dataflow.dflow:591 [INFO]  Task 16 launched on executor htex_Local
2021-07-27 16:01:52.104 parsl.dataflow.dflow:802 [DEBUG]  Task 17 will be sent to executor htex_Local
2021-07-27 16:01:52.104 parsl.dataflow.dflow:628 [DEBUG]  Adding output dependencies
2021-07-27 16:01:52.104 parsl.dataflow.dflow:881 [INFO]  Task 17 submitted for App app_C, waiting on task 15, task 16
2021-07-27 16:01:52.104 parsl.dataflow.dflow:889 [DEBUG]  Task 17 set to pending state with AppFuture: <AppFuture super=<AppFuture at 0x7ff439677220 state=pending>>
2021-07-27 16:01:52.105 parsl.monitoring.monitoring:274 [DEBUG]  Sending message MessageType.TASK_INFO, {'task_func_name': 'app_C', 'task_memoize': False, 'task_hashsum': None, 'task_fail_count': 0, 'task_status': <States.pending: 0>, 'task_id': 17, 'task_time_invoked': datetime.datetime(2021, 7, 27, 16, 1, 52, 104533), 'task_try_time_launched': None, 'task_time_returned': None, 'task_try_time_returned': None, 'task_executor': 'htex_Local', 'run_id': '72148222-cf92-4cb8-b357-9bb34e4d8239', 'try_id': 0, 'timestamp': datetime.datetime(2021, 7, 27, 16, 1, 52, 104852), 'task_status_name': 'pending', 'tasks_failed_count': 0, 'tasks_completed_count': 15, 'tasks_memo_completed_count': 0, 'from_memo': None, 'task_inputs': 'None', 'task_outputs': 'None', 'task_stdin': None, 'task_stdout': None, 'task_stderr': None, 'task_fail_history': '', 'task_depends': '15,16', 'task_joins': None}
2021-07-27 16:01:52.105 parsl.dataflow.dflow:802 [DEBUG]  Task 18 will be sent to executor htex_Local
2021-07-27 16:01:52.105 parsl.dataflow.dflow:628 [DEBUG]  Adding output dependencies
2021-07-27 16:01:52.105 parsl.dataflow.dflow:881 [INFO]  Task 18 submitted for App app_D, waiting on task 17
2021-07-27 16:01:52.105 parsl.dataflow.dflow:889 [DEBUG]  Task 18 set to pending state with AppFuture: <AppFuture super=<AppFuture at 0x7ff4396773d0 state=pending>>
2021-07-27 16:01:52.105 parsl.monitoring.monitoring:274 [DEBUG]  Sending message MessageType.TASK_INFO, {'task_func_name': 'app_D', 'task_memoize': False, 'task_hashsum': None, 'task_fail_count': 0, 'task_status': <States.pending: 0>, 'task_id': 18, 'task_time_invoked': datetime.datetime(2021, 7, 27, 16, 1, 52, 105352), 'task_try_time_launched': None, 'task_time_returned': None, 'task_try_time_returned': None, 'task_executor': 'htex_Local', 'run_id': '72148222-cf92-4cb8-b357-9bb34e4d8239', 'try_id': 0, 'timestamp': datetime.datetime(2021, 7, 27, 16, 1, 52, 105595), 'task_status_name': 'pending', 'tasks_failed_count': 0, 'tasks_completed_count': 15, 'tasks_memo_completed_count': 0, 'from_memo': None, 'task_inputs': 'None', 'task_outputs': 'None', 'task_stdin': None, 'task_stdout': None, 'task_stderr': None, 'task_fail_history': '', 'task_depends': '17', 'task_joins': None}
2021-07-27 16:01:52.106 parsl.dataflow.dflow:802 [DEBUG]  Task 19 will be sent to executor htex_Local
2021-07-27 16:01:52.106 parsl.dataflow.dflow:628 [DEBUG]  Adding output dependencies
2021-07-27 16:01:52.106 parsl.dataflow.dflow:881 [INFO]  Task 19 submitted for App app_E, waiting on task 18
2021-07-27 16:01:52.106 parsl.dataflow.dflow:889 [DEBUG]  Task 19 set to pending state with AppFuture: <AppFuture super=<AppFuture at 0x7ff439677550 state=pending>>
2021-07-27 16:01:52.106 parsl.monitoring.monitoring:274 [DEBUG]  Sending message MessageType.TASK_INFO, {'task_func_name': 'app_E', 'task_memoize': False, 'task_hashsum': None, 'task_fail_count': 0, 'task_status': <States.pending: 0>, 'task_id': 19, 'task_time_invoked': datetime.datetime(2021, 7, 27, 16, 1, 52, 106113), 'task_try_time_launched': None, 'task_time_returned': None, 'task_try_time_returned': None, 'task_executor': 'htex_Local', 'run_id': '72148222-cf92-4cb8-b357-9bb34e4d8239', 'try_id': 0, 'timestamp': datetime.datetime(2021, 7, 27, 16, 1, 52, 106366), 'task_status_name': 'pending', 'tasks_failed_count': 0, 'tasks_completed_count': 15, 'tasks_memo_completed_count': 0, 'from_memo': None, 'task_inputs': 'None', 'task_outputs': 'None', 'task_stdin': None, 'task_stdout': None, 'task_stderr': None, 'task_fail_history': '', 'task_depends': '18', 'task_joins': None}
2021-07-27 16:01:52.303 parsl.dataflow.dflow:442 [INFO]  Task 15 completed (launched -> exec_done)
2021-07-27 16:01:52.304 parsl.dataflow.dflow:1166 [WARNING]  No tasks checkpointed so far in this run. Please ensure caching is enabled
2021-07-27 16:01:52.304 parsl.monitoring.monitoring:274 [DEBUG]  Sending message MessageType.TASK_INFO, {'task_func_name': 'app_A', 'task_memoize': False, 'task_hashsum': None, 'task_fail_count': 0, 'task_status': <States.exec_done: 3>, 'task_id': 15, 'task_time_invoked': datetime.datetime(2021, 7, 27, 16, 1, 52, 96336), 'task_try_time_launched': datetime.datetime(2021, 7, 27, 16, 1, 52, 97638), 'task_time_returned': datetime.datetime(2021, 7, 27, 16, 1, 52, 303737), 'task_try_time_returned': datetime.datetime(2021, 7, 27, 16, 1, 52, 303488), 'task_executor': 'htex_Local', 'run_id': '72148222-cf92-4cb8-b357-9bb34e4d8239', 'try_id': 0, 'timestamp': datetime.datetime(2021, 7, 27, 16, 1, 52, 304552), 'task_status_name': 'exec_done', 'tasks_failed_count': 0, 'tasks_completed_count': 16, 'tasks_memo_completed_count': 0, 'from_memo': False, 'task_inputs': 'None', 'task_outputs': 'None', 'task_stdin': None, 'task_stdout': None, 'task_stderr': None, 'task_fail_history': '', 'task_depends': '', 'task_joins': None}
2021-07-27 16:01:52.305 parsl.dataflow.dflow:442 [INFO]  Task 16 completed (launched -> exec_done)
2021-07-27 16:01:52.305 parsl.dataflow.dflow:1166 [WARNING]  No tasks checkpointed so far in this run. Please ensure caching is enabled
2021-07-27 16:01:52.306 parsl.dataflow.memoization:229 [DEBUG]  Task 17 will not be memoized
2021-07-27 16:01:52.306 parsl.executors.high_throughput.executor:557 [DEBUG]  Pushing function <function MonitoringHub.monitor_wrapper.<locals>.wrapped at 0x7ff439669f70> to queue with args (7, 3.0)
2021-07-27 16:01:52.308 parsl.monitoring.monitoring:274 [DEBUG]  Sending message MessageType.TASK_INFO, {'task_func_name': 'app_C', 'task_memoize': False, 'task_hashsum': None, 'task_fail_count': 0, 'task_status': <States.launched: 7>, 'task_id': 17, 'task_time_invoked': datetime.datetime(2021, 7, 27, 16, 1, 52, 104533), 'task_try_time_launched': datetime.datetime(2021, 7, 27, 16, 1, 52, 306069), 'task_time_returned': None, 'task_try_time_returned': None, 'task_executor': 'htex_Local', 'run_id': '72148222-cf92-4cb8-b357-9bb34e4d8239', 'try_id': 0, 'timestamp': datetime.datetime(2021, 7, 27, 16, 1, 52, 307643), 'task_status_name': 'launched', 'tasks_failed_count': 0, 'tasks_completed_count': 17, 'tasks_memo_completed_count': 0, 'from_memo': False, 'task_inputs': 'None', 'task_outputs': 'None', 'task_stdin': None, 'task_stdout': None, 'task_stderr': None, 'task_fail_history': '', 'task_depends': '15,16', 'task_joins': None}
2021-07-27 16:01:52.308 parsl.dataflow.dflow:591 [INFO]  Task 17 launched on executor htex_Local
2021-07-27 16:01:52.308 parsl.monitoring.monitoring:274 [DEBUG]  Sending message MessageType.TASK_INFO, {'task_func_name': 'app_B', 'task_memoize': False, 'task_hashsum': None, 'task_fail_count': 0, 'task_status': <States.exec_done: 3>, 'task_id': 16, 'task_time_invoked': datetime.datetime(2021, 7, 27, 16, 1, 52, 101333), 'task_try_time_launched': datetime.datetime(2021, 7, 27, 16, 1, 52, 101964), 'task_time_returned': datetime.datetime(2021, 7, 27, 16, 1, 52, 305288), 'task_try_time_returned': datetime.datetime(2021, 7, 27, 16, 1, 52, 305090), 'task_executor': 'htex_Local', 'run_id': '72148222-cf92-4cb8-b357-9bb34e4d8239', 'try_id': 0, 'timestamp': datetime.datetime(2021, 7, 27, 16, 1, 52, 308560), 'task_status_name': 'exec_done', 'tasks_failed_count': 0, 'tasks_completed_count': 17, 'tasks_memo_completed_count': 0, 'from_memo': False, 'task_inputs': 'None', 'task_outputs': 'None', 'task_stdin': None, 'task_stdout': None, 'task_stderr': None, 'task_fail_history': '', 'task_depends': '', 'task_joins': None}
2021-07-27 16:01:52.491 parsl.dataflow.dflow:442 [INFO]  Task 17 completed (launched -> exec_done)
2021-07-27 16:01:52.492 parsl.dataflow.dflow:1166 [WARNING]  No tasks checkpointed so far in this run. Please ensure caching is enabled
2021-07-27 16:01:52.492 parsl.dataflow.memoization:229 [DEBUG]  Task 18 will not be memoized
2021-07-27 16:01:52.493 parsl.executors.high_throughput.executor:557 [DEBUG]  Pushing function <function MonitoringHub.monitor_wrapper.<locals>.wrapped at 0x7ff43967a1f0> to queue with args (10, 7, 10.0)
2021-07-27 16:01:52.495 parsl.monitoring.monitoring:274 [DEBUG]  Sending message MessageType.TASK_INFO, {'task_func_name': 'app_D', 'task_memoize': False, 'task_hashsum': None, 'task_fail_count': 0, 'task_status': <States.launched: 7>, 'task_id': 18, 'task_time_invoked': datetime.datetime(2021, 7, 27, 16, 1, 52, 105352), 'task_try_time_launched': datetime.datetime(2021, 7, 27, 16, 1, 52, 492703), 'task_time_returned': None, 'task_try_time_returned': None, 'task_executor': 'htex_Local', 'run_id': '72148222-cf92-4cb8-b357-9bb34e4d8239', 'try_id': 0, 'timestamp': datetime.datetime(2021, 7, 27, 16, 1, 52, 495125), 'task_status_name': 'launched', 'tasks_failed_count': 0, 'tasks_completed_count': 18, 'tasks_memo_completed_count': 0, 'from_memo': False, 'task_inputs': 'None', 'task_outputs': 'None', 'task_stdin': None, 'task_stdout': None, 'task_stderr': None, 'task_fail_history': '', 'task_depends': '17', 'task_joins': None}
2021-07-27 16:01:52.495 parsl.dataflow.dflow:591 [INFO]  Task 18 launched on executor htex_Local
2021-07-27 16:01:52.496 parsl.monitoring.monitoring:274 [DEBUG]  Sending message MessageType.TASK_INFO, {'task_func_name': 'app_C', 'task_memoize': False, 'task_hashsum': None, 'task_fail_count': 0, 'task_status': <States.exec_done: 3>, 'task_id': 17, 'task_time_invoked': datetime.datetime(2021, 7, 27, 16, 1, 52, 104533), 'task_try_time_launched': datetime.datetime(2021, 7, 27, 16, 1, 52, 306069), 'task_time_returned': datetime.datetime(2021, 7, 27, 16, 1, 52, 491735), 'task_try_time_returned': datetime.datetime(2021, 7, 27, 16, 1, 52, 491478), 'task_executor': 'htex_Local', 'run_id': '72148222-cf92-4cb8-b357-9bb34e4d8239', 'try_id': 0, 'timestamp': datetime.datetime(2021, 7, 27, 16, 1, 52, 496093), 'task_status_name': 'exec_done', 'tasks_failed_count': 0, 'tasks_completed_count': 18, 'tasks_memo_completed_count': 0, 'from_memo': False, 'task_inputs': 'None', 'task_outputs': 'None', 'task_stdin': None, 'task_stdout': None, 'task_stderr': None, 'task_fail_history': '', 'task_depends': '15,16', 'task_joins': None}
2021-07-27 16:01:52.703 parsl.dataflow.dflow:442 [INFO]  Task 18 completed (launched -> exec_done)
2021-07-27 16:01:52.704 parsl.dataflow.dflow:1166 [WARNING]  No tasks checkpointed so far in this run. Please ensure caching is enabled
2021-07-27 16:01:52.704 parsl.dataflow.memoization:229 [DEBUG]  Task 19 will not be memoized
2021-07-27 16:01:52.705 parsl.executors.high_throughput.executor:557 [DEBUG]  Pushing function <function MonitoringHub.monitor_wrapper.<locals>.wrapped at 0x7ff43967a430> to queue with args (7.0,)
2021-07-27 16:01:52.707 parsl.monitoring.monitoring:274 [DEBUG]  Sending message MessageType.TASK_INFO, {'task_func_name': 'app_E', 'task_memoize': False, 'task_hashsum': None, 'task_fail_count': 0, 'task_status': <States.launched: 7>, 'task_id': 19, 'task_time_invoked': datetime.datetime(2021, 7, 27, 16, 1, 52, 106113), 'task_try_time_launched': datetime.datetime(2021, 7, 27, 16, 1, 52, 704740), 'task_time_returned': None, 'task_try_time_returned': None, 'task_executor': 'htex_Local', 'run_id': '72148222-cf92-4cb8-b357-9bb34e4d8239', 'try_id': 0, 'timestamp': datetime.datetime(2021, 7, 27, 16, 1, 52, 706753), 'task_status_name': 'launched', 'tasks_failed_count': 0, 'tasks_completed_count': 19, 'tasks_memo_completed_count': 0, 'from_memo': False, 'task_inputs': 'None', 'task_outputs': 'None', 'task_stdin': None, 'task_stdout': None, 'task_stderr': None, 'task_fail_history': '', 'task_depends': '18', 'task_joins': None}
2021-07-27 16:01:52.707 parsl.dataflow.dflow:591 [INFO]  Task 19 launched on executor htex_Local
2021-07-27 16:01:52.707 parsl.monitoring.monitoring:274 [DEBUG]  Sending message MessageType.TASK_INFO, {'task_func_name': 'app_D', 'task_memoize': False, 'task_hashsum': None, 'task_fail_count': 0, 'task_status': <States.exec_done: 3>, 'task_id': 18, 'task_time_invoked': datetime.datetime(2021, 7, 27, 16, 1, 52, 105352), 'task_try_time_launched': datetime.datetime(2021, 7, 27, 16, 1, 52, 492703), 'task_time_returned': datetime.datetime(2021, 7, 27, 16, 1, 52, 704039), 'task_try_time_returned': datetime.datetime(2021, 7, 27, 16, 1, 52, 703868), 'task_executor': 'htex_Local', 'run_id': '72148222-cf92-4cb8-b357-9bb34e4d8239', 'try_id': 0, 'timestamp': datetime.datetime(2021, 7, 27, 16, 1, 52, 707660), 'task_status_name': 'exec_done', 'tasks_failed_count': 0, 'tasks_completed_count': 19, 'tasks_memo_completed_count': 0, 'from_memo': False, 'task_inputs': 'None', 'task_outputs': 'None', 'task_stdin': None, 'task_stdout': None, 'task_stderr': None, 'task_fail_history': '', 'task_depends': '17', 'task_joins': None}
2021-07-27 16:01:52.910 parsl.dataflow.dflow:442 [INFO]  Task 19 completed (launched -> exec_done)
2021-07-27 16:01:52.910 parsl.dataflow.dflow:1037 [INFO]  DFK cleanup initiated
2021-07-27 16:01:52.911 parsl.dataflow.dflow:927 [INFO]  Summary of tasks in DFK:
2021-07-27 16:01:52.911 parsl.dataflow.dflow:941 [INFO]  Tasks in state States.exec_done: 20
2021-07-27 16:01:52.911 parsl.dataflow.dflow:947 [INFO]  End of summary
2021-07-27 16:01:52.911 parsl.dataflow.dflow:1166 [WARNING]  No tasks checkpointed so far in this run. Please ensure caching is enabled
2021-07-27 16:01:52.912 parsl.monitoring.monitoring:274 [DEBUG]  Sending message MessageType.TASK_INFO, {'task_func_name': 'app_E', 'task_memoize': False, 'task_hashsum': None, 'task_fail_count': 0, 'task_status': <States.exec_done: 3>, 'task_id': 19, 'task_time_invoked': datetime.datetime(2021, 7, 27, 16, 1, 52, 106113), 'task_try_time_launched': datetime.datetime(2021, 7, 27, 16, 1, 52, 704740), 'task_time_returned': datetime.datetime(2021, 7, 27, 16, 1, 52, 910272), 'task_try_time_returned': datetime.datetime(2021, 7, 27, 16, 1, 52, 910025), 'task_executor': 'htex_Local', 'run_id': '72148222-cf92-4cb8-b357-9bb34e4d8239', 'try_id': 0, 'timestamp': datetime.datetime(2021, 7, 27, 16, 1, 52, 912019), 'task_status_name': 'exec_done', 'tasks_failed_count': 0, 'tasks_completed_count': 20, 'tasks_memo_completed_count': 0, 'from_memo': False, 'task_inputs': 'None', 'task_outputs': 'None', 'task_stdin': None, 'task_stdout': None, 'task_stderr': None, 'task_fail_history': '', 'task_depends': '18', 'task_joins': None}
2021-07-27 16:01:52.913 parsl.dataflow.dflow:1166 [WARNING]  No tasks checkpointed so far in this run. Please ensure caching is enabled
2021-07-27 16:01:52.913 parsl.dataflow.dflow:1061 [INFO]  Terminating flow_control and strategy threads
2021-07-27 16:01:52.915 parsl.executors.high_throughput.executor:688 [DEBUG]  Current blocks : {'0': '27525', '1': '27532'}
2021-07-27 16:01:52.917 parsl.executors.high_throughput.executor:521 [DEBUG]  [HOLD_BLOCK]: Sending hold to manager: 9d626aed977f
2021-07-27 16:01:52.921 parsl.executors.high_throughput.executor:490 [DEBUG]  Sent hold request to worker: 9d626aed977f
2021-07-27 16:01:52.923 parsl.executors.high_throughput.executor:521 [DEBUG]  [HOLD_BLOCK]: Sending hold to manager: f27fd6fd7334
2021-07-27 16:01:52.926 parsl.executors.high_throughput.executor:490 [DEBUG]  Sent hold request to worker: f27fd6fd7334
2021-07-27 16:01:52.926 parsl.providers.local.local:266 [DEBUG]  Terminating job/proc_id: 27532
2021-07-27 16:01:52.965 parsl.providers.local.local:266 [DEBUG]  Terminating job/proc_id: 27525
2021-07-27 16:01:53.005 parsl.dataflow.dflow:1074 [DEBUG]  Sending message [{'run_id': '72148222-cf92-4cb8-b357-9bb34e4d8239', 'status': 'CANCELLED', 'timestamp': datetime.datetime(2021, 7, 27, 16, 1, 53, 5445), 'executor_label': 'htex_Local', 'job_id': '27532', 'block_id': '1'}, {'run_id': '72148222-cf92-4cb8-b357-9bb34e4d8239', 'status': 'CANCELLED', 'timestamp': datetime.datetime(2021, 7, 27, 16, 1, 53, 5506), 'executor_label': 'htex_Local', 'job_id': '27525', 'block_id': '0'}] to hub from DFK
2021-07-27 16:01:53.007 parsl.monitoring.monitoring:274 [DEBUG]  Sending message MessageType.BLOCK_INFO, [{'run_id': '72148222-cf92-4cb8-b357-9bb34e4d8239', 'status': 'CANCELLED', 'timestamp': datetime.datetime(2021, 7, 27, 16, 1, 53, 5445), 'executor_label': 'htex_Local', 'job_id': '27532', 'block_id': '1'}, {'run_id': '72148222-cf92-4cb8-b357-9bb34e4d8239', 'status': 'CANCELLED', 'timestamp': datetime.datetime(2021, 7, 27, 16, 1, 53, 5506), 'executor_label': 'htex_Local', 'job_id': '27525', 'block_id': '0'}]
2021-07-27 16:01:53.007 parsl.executors.high_throughput.executor:727 [INFO]  Attempting HighThroughputExecutor shutdown
2021-07-27 16:01:53.008 parsl.executors.high_throughput.executor:729 [INFO]  Finished HighThroughputExecutor shutdown attempt
2021-07-27 16:01:53.008 parsl.executors.threads:101 [DEBUG]  Done with executor shutdown
2021-07-27 16:01:53.009 parsl.monitoring.monitoring:274 [DEBUG]  Sending message MessageType.WORKFLOW_INFO, {'tasks_failed_count': 0, 'tasks_completed_count': 20, 'time_began': datetime.datetime(2021, 7, 27, 16, 1, 46, 909963), 'time_completed': datetime.datetime(2021, 7, 27, 16, 1, 53, 9002), 'run_id': '72148222-cf92-4cb8-b357-9bb34e4d8239', 'rundir': '/Users/ananthhariharan/Documents/Code/GitHub/Parsl-Project/runinfo/028'}
2021-07-27 16:01:53.009 parsl.monitoring.monitoring:283 [INFO]  Terminating Monitoring Hub
2021-07-27 16:01:53.010 parsl.monitoring.monitoring:300 [INFO]  Waiting for Hub to receive all messages and terminate
2021-07-27 16:01:56.047 parsl.process_loggers:28 [DEBUG]  Normal ending for router_starter on thread MainThread
2021-07-27 16:01:56.053 parsl.monitoring.monitoring:302 [DEBUG]  Finished waiting for Hub termination
2021-07-27 16:01:56.138 parsl.monitoring.monitoring:306 [DEBUG]  Finished waiting for DBM termination
2021-07-27 16:01:56.138 parsl.dataflow.dflow:1090 [INFO]  DFK cleanup complete
