2021-07-30 10:51:27.784 parsl:626 Rank:0 [INFO]  Python version: 3.8.8 (default, Apr 13 2021, 12:59:45) 
[Clang 10.0.0 ]
2021-07-30 10:51:27.784 parsl:627 Rank:0 [INFO]  Debug logging: True
2021-07-30 10:51:27.784 parsl:628 Rank:0 [INFO]  Log dir: /Users/ananthhariharan/Documents/Code/GitHub/Parsl-Project/runinfo/033/htex_Local
2021-07-30 10:51:27.785 parsl:629 Rank:0 [INFO]  Manager ID: 1f163f92b164
2021-07-30 10:51:27.785 parsl:630 Rank:0 [INFO]  Block ID: 1
2021-07-30 10:51:27.785 parsl:631 Rank:0 [INFO]  cores_per_worker: 0.25
2021-07-30 10:51:27.785 parsl:632 Rank:0 [INFO]  mem_per_worker: None
2021-07-30 10:51:27.785 parsl:633 Rank:0 [INFO]  task_port: 54406
2021-07-30 10:51:27.785 parsl:634 Rank:0 [INFO]  result_port: 54691
2021-07-30 10:51:27.785 parsl:635 Rank:0 [INFO]  addresses: 10.31.2.79,138.68.145.31,Ananths-Macbook.local
2021-07-30 10:51:27.785 parsl:636 Rank:0 [INFO]  max_workers: inf
2021-07-30 10:51:27.785 parsl:637 Rank:0 [INFO]  poll_period: 100
2021-07-30 10:51:27.785 parsl:638 Rank:0 [INFO]  address_probe_timeout: 30
2021-07-30 10:51:27.786 parsl:639 Rank:0 [INFO]  Prefetch capacity: 0
2021-07-30 10:51:27.786 parsl:640 Rank:0 [INFO]  Heartbeat threshold: 5
2021-07-30 10:51:27.786 parsl:641 Rank:0 [INFO]  Heartbeat period: 2
2021-07-30 10:51:27.786 parsl:642 Rank:0 [INFO]  CPU affinity: none
2021-07-30 10:51:27.786 parsl:118 Rank:0 [INFO]  Manager started
2021-07-30 10:51:27.787 parsl.executors.high_throughput.probe:34 Rank:0 [DEBUG]  Trying to connect back on tcp://10.31.2.79:54406
2021-07-30 10:51:27.788 parsl.executors.high_throughput.probe:34 Rank:0 [DEBUG]  Trying to connect back on tcp://138.68.145.31:54406
2021-07-30 10:51:27.790 parsl.executors.high_throughput.probe:34 Rank:0 [DEBUG]  Trying to connect back on tcp://Ananths-Macbook.local:54406
2021-07-30 10:51:27.813 parsl.executors.high_throughput.probe:47 Rank:0 [INFO]  Connected to interchange on Ananths-Macbook.local
2021-07-30 10:51:27.818 parsl:125 Rank:0 [INFO]  Connection to Interchange successful on Ananths-Macbook.local
2021-07-30 10:51:27.818 parsl:128 Rank:0 [INFO]  Task url : tcp://Ananths-Macbook.local:54406
2021-07-30 10:51:27.819 parsl:129 Rank:0 [INFO]  Result url : tcp://Ananths-Macbook.local:54691
2021-07-30 10:51:27.822 parsl:147 Rank:0 [INFO]  Manager connected
2021-07-30 10:51:27.822 parsl:173 Rank:0 [INFO]  Manager will spawn 16 workers
2021-07-30 10:51:28.521 parsl:401 Rank:0 [DEBUG]  Manager synced with workers
2021-07-30 10:51:28.527 parsl:226 Rank:0 [INFO]  [TASK PULL THREAD] starting
2021-07-30 10:51:28.529 parsl:232 Rank:0 [DEBUG]  Sending registration message: b'{"parsl_v": "1.1.0", "python_v": "3.8.8", "worker_count": 16, "uid": "1f163f92b164", "block_id": "1", "prefetch_capacity": 0, "max_capacity": 16, "os": "Darwin", "hostname": "Ananths-Macbook.local", "dir": "/Users/ananthhariharan/Documents/Code/GitHub/Parsl-Project", "cpu_count": 2, "total_memory": 8589934592}'
2021-07-30 10:51:28.531 parsl:244 Rank:0 [DEBUG]  [TASK_PULL_THREAD] ready workers:16, pending tasks:0
2021-07-30 10:51:28.531 parsl:252 Rank:0 [DEBUG]  [TASK_PULL_THREAD] Requesting tasks: 16
2021-07-30 10:51:28.553 parsl:307 Rank:0 [DEBUG]  [RESULT_PUSH_THREAD] Starting thread
2021-07-30 10:51:28.553 parsl:310 Rank:0 [DEBUG]  [RESULT_PUSH_THREAD] push poll period: 0.1
2021-07-30 10:51:28.553 parsl:274 Rank:0 [DEBUG]  [TASK_PULL_THREAD] Got tasks: [1, 2, 3, 4] of 4
2021-07-30 10:51:28.556 parsl:244 Rank:0 [DEBUG]  [TASK_PULL_THREAD] ready workers:16, pending tasks:3
2021-07-30 10:51:28.556 parsl:252 Rank:0 [DEBUG]  [TASK_PULL_THREAD] Requesting tasks: 16
2021-07-30 10:51:28.557 parsl:283 Rank:0 [DEBUG]  [TASK_PULL_THREAD] No incoming tasks
2021-07-30 10:51:28.558 parsl:244 Rank:0 [DEBUG]  [TASK_PULL_THREAD] ready workers:16, pending tasks:0
2021-07-30 10:51:28.558 parsl:252 Rank:0 [DEBUG]  [TASK_PULL_THREAD] Requesting tasks: 16
2021-07-30 10:51:28.575 parsl:344 Rank:0 [DEBUG]  [WORKER_WATCHDOG_THREAD] Starting thread
2021-07-30 10:51:28.577 parsl:416 Rank:0 [INFO]  Loop start
2021-07-30 10:51:28.590 parsl.process_loggers:28 Rank:0 [DEBUG]  Normal ending for send_first_message on thread MainThread
2021-07-30 10:51:28.589 parsl.process_loggers:28 Rank:0 [DEBUG]  Normal ending for send_first_message on thread MainThread
2021-07-30 10:51:28.593 parsl.process_loggers:28 Rank:0 [DEBUG]  Normal ending for send_first_message on thread MainThread
2021-07-30 10:51:28.595 parsl.process_loggers:28 Rank:0 [DEBUG]  Normal ending for send_first_message on thread MainThread
2021-07-30 10:51:28.762 parsl:283 Rank:0 [DEBUG]  [TASK_PULL_THREAD] No incoming tasks
2021-07-30 10:51:28.762 parsl:244 Rank:0 [DEBUG]  [TASK_PULL_THREAD] ready workers:12, pending tasks:0
2021-07-30 10:51:28.762 parsl:252 Rank:0 [DEBUG]  [TASK_PULL_THREAD] Requesting tasks: 12
2021-07-30 10:51:29.167 parsl:283 Rank:0 [DEBUG]  [TASK_PULL_THREAD] No incoming tasks
2021-07-30 10:51:29.168 parsl:244 Rank:0 [DEBUG]  [TASK_PULL_THREAD] ready workers:12, pending tasks:0
2021-07-30 10:51:29.168 parsl:252 Rank:0 [DEBUG]  [TASK_PULL_THREAD] Requesting tasks: 12
2021-07-30 10:51:29.972 parsl:283 Rank:0 [DEBUG]  [TASK_PULL_THREAD] No incoming tasks
2021-07-30 10:51:29.973 parsl:244 Rank:0 [DEBUG]  [TASK_PULL_THREAD] ready workers:12, pending tasks:0
2021-07-30 10:51:29.973 parsl:252 Rank:0 [DEBUG]  [TASK_PULL_THREAD] Requesting tasks: 12
2021-07-30 10:51:31.578 parsl:283 Rank:0 [DEBUG]  [TASK_PULL_THREAD] No incoming tasks
2021-07-30 10:51:31.579 parsl:244 Rank:0 [DEBUG]  [TASK_PULL_THREAD] ready workers:13, pending tasks:0
2021-07-30 10:51:31.579 parsl:214 Rank:0 [DEBUG]  Return from heartbeat: None
2021-07-30 10:51:31.580 parsl:252 Rank:0 [DEBUG]  [TASK_PULL_THREAD] Requesting tasks: 13
2021-07-30 10:51:31.582 parsl:270 Rank:0 [DEBUG]  Got heartbeat from interchange
2021-07-30 10:51:31.582 parsl:244 Rank:0 [DEBUG]  [TASK_PULL_THREAD] ready workers:13, pending tasks:0
2021-07-30 10:51:31.582 parsl:252 Rank:0 [DEBUG]  [TASK_PULL_THREAD] Requesting tasks: 13
2021-07-30 10:51:31.583 parsl:283 Rank:0 [DEBUG]  [TASK_PULL_THREAD] No incoming tasks
2021-07-30 10:51:31.583 parsl:244 Rank:0 [DEBUG]  [TASK_PULL_THREAD] ready workers:13, pending tasks:0
2021-07-30 10:51:31.583 parsl:252 Rank:0 [DEBUG]  [TASK_PULL_THREAD] Requesting tasks: 13
2021-07-30 10:51:31.786 parsl:283 Rank:0 [DEBUG]  [TASK_PULL_THREAD] No incoming tasks
2021-07-30 10:51:31.787 parsl:244 Rank:0 [DEBUG]  [TASK_PULL_THREAD] ready workers:14, pending tasks:0
2021-07-30 10:51:31.787 parsl:252 Rank:0 [DEBUG]  [TASK_PULL_THREAD] Requesting tasks: 14
2021-07-30 10:51:32.190 parsl:283 Rank:0 [DEBUG]  [TASK_PULL_THREAD] No incoming tasks
2021-07-30 10:51:32.191 parsl:244 Rank:0 [DEBUG]  [TASK_PULL_THREAD] ready workers:14, pending tasks:0
2021-07-30 10:51:32.191 parsl:252 Rank:0 [DEBUG]  [TASK_PULL_THREAD] Requesting tasks: 14
2021-07-30 10:51:32.992 parsl:283 Rank:0 [DEBUG]  [TASK_PULL_THREAD] No incoming tasks
2021-07-30 10:51:32.993 parsl:244 Rank:0 [DEBUG]  [TASK_PULL_THREAD] ready workers:15, pending tasks:0
2021-07-30 10:51:32.993 parsl:252 Rank:0 [DEBUG]  [TASK_PULL_THREAD] Requesting tasks: 15
2021-07-30 10:51:34.598 parsl:283 Rank:0 [DEBUG]  [TASK_PULL_THREAD] No incoming tasks
2021-07-30 10:51:34.599 parsl:244 Rank:0 [DEBUG]  [TASK_PULL_THREAD] ready workers:15, pending tasks:0
2021-07-30 10:51:34.599 parsl:214 Rank:0 [DEBUG]  Return from heartbeat: None
2021-07-30 10:51:34.599 parsl:252 Rank:0 [DEBUG]  [TASK_PULL_THREAD] Requesting tasks: 15
2021-07-30 10:51:34.602 parsl:270 Rank:0 [DEBUG]  Got heartbeat from interchange
2021-07-30 10:51:34.602 parsl:244 Rank:0 [DEBUG]  [TASK_PULL_THREAD] ready workers:15, pending tasks:0
2021-07-30 10:51:34.602 parsl:252 Rank:0 [DEBUG]  [TASK_PULL_THREAD] Requesting tasks: 15
2021-07-30 10:51:34.602 parsl:283 Rank:0 [DEBUG]  [TASK_PULL_THREAD] No incoming tasks
2021-07-30 10:51:34.603 parsl:244 Rank:0 [DEBUG]  [TASK_PULL_THREAD] ready workers:15, pending tasks:0
2021-07-30 10:51:34.603 parsl:252 Rank:0 [DEBUG]  [TASK_PULL_THREAD] Requesting tasks: 15
2021-07-30 10:51:34.808 parsl:283 Rank:0 [DEBUG]  [TASK_PULL_THREAD] No incoming tasks
2021-07-30 10:51:34.809 parsl:244 Rank:0 [DEBUG]  [TASK_PULL_THREAD] ready workers:15, pending tasks:0
2021-07-30 10:51:34.809 parsl:252 Rank:0 [DEBUG]  [TASK_PULL_THREAD] Requesting tasks: 15
2021-07-30 10:51:35.211 parsl:283 Rank:0 [DEBUG]  [TASK_PULL_THREAD] No incoming tasks
2021-07-30 10:51:35.211 parsl:244 Rank:0 [DEBUG]  [TASK_PULL_THREAD] ready workers:15, pending tasks:0
2021-07-30 10:51:35.211 parsl:252 Rank:0 [DEBUG]  [TASK_PULL_THREAD] Requesting tasks: 15
2021-07-30 10:51:36.014 parsl:283 Rank:0 [DEBUG]  [TASK_PULL_THREAD] No incoming tasks
2021-07-30 10:51:36.014 parsl:244 Rank:0 [DEBUG]  [TASK_PULL_THREAD] ready workers:15, pending tasks:0
2021-07-30 10:51:36.014 parsl:252 Rank:0 [DEBUG]  [TASK_PULL_THREAD] Requesting tasks: 15
2021-07-30 10:51:37.615 parsl:283 Rank:0 [DEBUG]  [TASK_PULL_THREAD] No incoming tasks
2021-07-30 10:51:37.616 parsl:244 Rank:0 [DEBUG]  [TASK_PULL_THREAD] ready workers:16, pending tasks:0
2021-07-30 10:51:37.616 parsl:214 Rank:0 [DEBUG]  Return from heartbeat: None
2021-07-30 10:51:37.616 parsl:252 Rank:0 [DEBUG]  [TASK_PULL_THREAD] Requesting tasks: 16
2021-07-30 10:51:37.619 parsl:270 Rank:0 [DEBUG]  Got heartbeat from interchange
2021-07-30 10:51:37.619 parsl:244 Rank:0 [DEBUG]  [TASK_PULL_THREAD] ready workers:16, pending tasks:0
2021-07-30 10:51:37.619 parsl:252 Rank:0 [DEBUG]  [TASK_PULL_THREAD] Requesting tasks: 16
2021-07-30 10:51:37.620 parsl:283 Rank:0 [DEBUG]  [TASK_PULL_THREAD] No incoming tasks
2021-07-30 10:51:37.620 parsl:244 Rank:0 [DEBUG]  [TASK_PULL_THREAD] ready workers:16, pending tasks:0
2021-07-30 10:51:37.620 parsl:252 Rank:0 [DEBUG]  [TASK_PULL_THREAD] Requesting tasks: 16
2021-07-30 10:51:37.821 parsl:283 Rank:0 [DEBUG]  [TASK_PULL_THREAD] No incoming tasks
2021-07-30 10:51:37.821 parsl:244 Rank:0 [DEBUG]  [TASK_PULL_THREAD] ready workers:16, pending tasks:0
2021-07-30 10:51:37.821 parsl:252 Rank:0 [DEBUG]  [TASK_PULL_THREAD] Requesting tasks: 16
2021-07-30 10:51:38.222 parsl:283 Rank:0 [DEBUG]  [TASK_PULL_THREAD] No incoming tasks
2021-07-30 10:51:38.222 parsl:244 Rank:0 [DEBUG]  [TASK_PULL_THREAD] ready workers:16, pending tasks:0
2021-07-30 10:51:38.223 parsl:252 Rank:0 [DEBUG]  [TASK_PULL_THREAD] Requesting tasks: 16
2021-07-30 10:51:39.023 parsl:283 Rank:0 [DEBUG]  [TASK_PULL_THREAD] No incoming tasks
2021-07-30 10:51:39.024 parsl:244 Rank:0 [DEBUG]  [TASK_PULL_THREAD] ready workers:16, pending tasks:0
2021-07-30 10:51:39.024 parsl:252 Rank:0 [DEBUG]  [TASK_PULL_THREAD] Requesting tasks: 16
2021-07-30 10:51:40.628 parsl:283 Rank:0 [DEBUG]  [TASK_PULL_THREAD] No incoming tasks
2021-07-30 10:51:40.628 parsl:244 Rank:0 [DEBUG]  [TASK_PULL_THREAD] ready workers:16, pending tasks:0
2021-07-30 10:51:40.629 parsl:214 Rank:0 [DEBUG]  Return from heartbeat: None
2021-07-30 10:51:40.629 parsl:252 Rank:0 [DEBUG]  [TASK_PULL_THREAD] Requesting tasks: 16
2021-07-30 10:51:40.633 parsl:270 Rank:0 [DEBUG]  Got heartbeat from interchange
2021-07-30 10:51:40.633 parsl:244 Rank:0 [DEBUG]  [TASK_PULL_THREAD] ready workers:16, pending tasks:0
2021-07-30 10:51:40.633 parsl:252 Rank:0 [DEBUG]  [TASK_PULL_THREAD] Requesting tasks: 16
2021-07-30 10:51:40.633 parsl:283 Rank:0 [DEBUG]  [TASK_PULL_THREAD] No incoming tasks
2021-07-30 10:51:40.634 parsl:244 Rank:0 [DEBUG]  [TASK_PULL_THREAD] ready workers:16, pending tasks:0
2021-07-30 10:51:40.634 parsl:252 Rank:0 [DEBUG]  [TASK_PULL_THREAD] Requesting tasks: 16
2021-07-30 10:51:40.839 parsl:283 Rank:0 [DEBUG]  [TASK_PULL_THREAD] No incoming tasks
2021-07-30 10:51:40.839 parsl:244 Rank:0 [DEBUG]  [TASK_PULL_THREAD] ready workers:16, pending tasks:0
2021-07-30 10:51:40.839 parsl:252 Rank:0 [DEBUG]  [TASK_PULL_THREAD] Requesting tasks: 16
2021-07-30 10:51:41.245 parsl:283 Rank:0 [DEBUG]  [TASK_PULL_THREAD] No incoming tasks
2021-07-30 10:51:41.245 parsl:244 Rank:0 [DEBUG]  [TASK_PULL_THREAD] ready workers:16, pending tasks:0
2021-07-30 10:51:41.245 parsl:252 Rank:0 [DEBUG]  [TASK_PULL_THREAD] Requesting tasks: 16
2021-07-30 10:51:42.050 parsl:283 Rank:0 [DEBUG]  [TASK_PULL_THREAD] No incoming tasks
2021-07-30 10:51:42.051 parsl:244 Rank:0 [DEBUG]  [TASK_PULL_THREAD] ready workers:16, pending tasks:0
2021-07-30 10:51:42.051 parsl:252 Rank:0 [DEBUG]  [TASK_PULL_THREAD] Requesting tasks: 16
2021-07-30 10:51:43.656 parsl:283 Rank:0 [DEBUG]  [TASK_PULL_THREAD] No incoming tasks
2021-07-30 10:51:43.657 parsl:244 Rank:0 [DEBUG]  [TASK_PULL_THREAD] ready workers:16, pending tasks:0
2021-07-30 10:51:43.657 parsl:214 Rank:0 [DEBUG]  Return from heartbeat: None
2021-07-30 10:51:43.657 parsl:252 Rank:0 [DEBUG]  [TASK_PULL_THREAD] Requesting tasks: 16
2021-07-30 10:51:43.660 parsl:270 Rank:0 [DEBUG]  Got heartbeat from interchange
2021-07-30 10:51:43.660 parsl:244 Rank:0 [DEBUG]  [TASK_PULL_THREAD] ready workers:16, pending tasks:0
2021-07-30 10:51:43.660 parsl:252 Rank:0 [DEBUG]  [TASK_PULL_THREAD] Requesting tasks: 16
2021-07-30 10:51:43.661 parsl:283 Rank:0 [DEBUG]  [TASK_PULL_THREAD] No incoming tasks
2021-07-30 10:51:43.661 parsl:244 Rank:0 [DEBUG]  [TASK_PULL_THREAD] ready workers:16, pending tasks:0
2021-07-30 10:51:43.661 parsl:252 Rank:0 [DEBUG]  [TASK_PULL_THREAD] Requesting tasks: 16
2021-07-30 10:51:43.863 parsl:283 Rank:0 [DEBUG]  [TASK_PULL_THREAD] No incoming tasks
2021-07-30 10:51:43.864 parsl:244 Rank:0 [DEBUG]  [TASK_PULL_THREAD] ready workers:16, pending tasks:0
2021-07-30 10:51:43.864 parsl:252 Rank:0 [DEBUG]  [TASK_PULL_THREAD] Requesting tasks: 16
2021-07-30 10:51:44.209 parsl:274 Rank:0 [DEBUG]  [TASK_PULL_THREAD] Got tasks: [8, 9, 10, 11] of 8
2021-07-30 10:51:44.209 parsl:244 Rank:0 [DEBUG]  [TASK_PULL_THREAD] ready workers:16, pending tasks:4
2021-07-30 10:51:44.210 parsl:252 Rank:0 [DEBUG]  [TASK_PULL_THREAD] Requesting tasks: 16
2021-07-30 10:51:44.211 parsl:283 Rank:0 [DEBUG]  [TASK_PULL_THREAD] No incoming tasks
2021-07-30 10:51:44.212 parsl:244 Rank:0 [DEBUG]  [TASK_PULL_THREAD] ready workers:16, pending tasks:0
2021-07-30 10:51:44.212 parsl:252 Rank:0 [DEBUG]  [TASK_PULL_THREAD] Requesting tasks: 16
2021-07-30 10:51:44.225 parsl.process_loggers:28 Rank:0 [DEBUG]  Normal ending for send_first_message on thread MainThread
2021-07-30 10:51:44.226 parsl.process_loggers:28 Rank:0 [DEBUG]  Normal ending for send_first_message on thread MainThread
2021-07-30 10:51:44.227 parsl.process_loggers:28 Rank:0 [DEBUG]  Normal ending for send_first_message on thread MainThread
2021-07-30 10:51:44.230 parsl.process_loggers:28 Rank:0 [DEBUG]  Normal ending for send_first_message on thread MainThread
2021-07-30 10:51:44.413 parsl:283 Rank:0 [DEBUG]  [TASK_PULL_THREAD] No incoming tasks
2021-07-30 10:51:44.413 parsl:244 Rank:0 [DEBUG]  [TASK_PULL_THREAD] ready workers:12, pending tasks:0
2021-07-30 10:51:44.413 parsl:252 Rank:0 [DEBUG]  [TASK_PULL_THREAD] Requesting tasks: 12
2021-07-30 10:51:44.818 parsl:283 Rank:0 [DEBUG]  [TASK_PULL_THREAD] No incoming tasks
2021-07-30 10:51:44.818 parsl:244 Rank:0 [DEBUG]  [TASK_PULL_THREAD] ready workers:12, pending tasks:0
2021-07-30 10:51:44.819 parsl:252 Rank:0 [DEBUG]  [TASK_PULL_THREAD] Requesting tasks: 12
2021-07-30 10:51:45.624 parsl:283 Rank:0 [DEBUG]  [TASK_PULL_THREAD] No incoming tasks
2021-07-30 10:51:45.624 parsl:244 Rank:0 [DEBUG]  [TASK_PULL_THREAD] ready workers:12, pending tasks:0
2021-07-30 10:51:45.624 parsl:252 Rank:0 [DEBUG]  [TASK_PULL_THREAD] Requesting tasks: 12
2021-07-30 10:51:47.228 parsl:283 Rank:0 [DEBUG]  [TASK_PULL_THREAD] No incoming tasks
2021-07-30 10:51:47.229 parsl:244 Rank:0 [DEBUG]  [TASK_PULL_THREAD] ready workers:13, pending tasks:0
2021-07-30 10:51:47.229 parsl:214 Rank:0 [DEBUG]  Return from heartbeat: None
2021-07-30 10:51:47.229 parsl:252 Rank:0 [DEBUG]  [TASK_PULL_THREAD] Requesting tasks: 13
2021-07-30 10:51:47.232 parsl:270 Rank:0 [DEBUG]  Got heartbeat from interchange
2021-07-30 10:51:47.232 parsl:244 Rank:0 [DEBUG]  [TASK_PULL_THREAD] ready workers:13, pending tasks:0
2021-07-30 10:51:47.233 parsl:252 Rank:0 [DEBUG]  [TASK_PULL_THREAD] Requesting tasks: 13
2021-07-30 10:51:47.234 parsl:283 Rank:0 [DEBUG]  [TASK_PULL_THREAD] No incoming tasks
2021-07-30 10:51:47.235 parsl:244 Rank:0 [DEBUG]  [TASK_PULL_THREAD] ready workers:13, pending tasks:0
2021-07-30 10:51:47.235 parsl:252 Rank:0 [DEBUG]  [TASK_PULL_THREAD] Requesting tasks: 13
2021-07-30 10:51:47.439 parsl:283 Rank:0 [DEBUG]  [TASK_PULL_THREAD] No incoming tasks
2021-07-30 10:51:47.439 parsl:244 Rank:0 [DEBUG]  [TASK_PULL_THREAD] ready workers:14, pending tasks:0
2021-07-30 10:51:47.439 parsl:252 Rank:0 [DEBUG]  [TASK_PULL_THREAD] Requesting tasks: 14
2021-07-30 10:51:47.842 parsl:283 Rank:0 [DEBUG]  [TASK_PULL_THREAD] No incoming tasks
2021-07-30 10:51:47.842 parsl:244 Rank:0 [DEBUG]  [TASK_PULL_THREAD] ready workers:14, pending tasks:0
2021-07-30 10:51:47.843 parsl:252 Rank:0 [DEBUG]  [TASK_PULL_THREAD] Requesting tasks: 14
2021-07-30 10:51:48.455 parsl:274 Rank:0 [DEBUG]  [TASK_PULL_THREAD] Got tasks: [12] of 9
2021-07-30 10:51:48.456 parsl:244 Rank:0 [DEBUG]  [TASK_PULL_THREAD] ready workers:15, pending tasks:1
2021-07-30 10:51:48.456 parsl:252 Rank:0 [DEBUG]  [TASK_PULL_THREAD] Requesting tasks: 15
2021-07-30 10:51:48.457 parsl:283 Rank:0 [DEBUG]  [TASK_PULL_THREAD] No incoming tasks
2021-07-30 10:51:48.457 parsl:244 Rank:0 [DEBUG]  [TASK_PULL_THREAD] ready workers:15, pending tasks:0
2021-07-30 10:51:48.457 parsl:252 Rank:0 [DEBUG]  [TASK_PULL_THREAD] Requesting tasks: 15
2021-07-30 10:51:48.467 parsl.process_loggers:28 Rank:0 [DEBUG]  Normal ending for send_first_message on thread MainThread
2021-07-30 10:51:48.662 parsl:283 Rank:0 [DEBUG]  [TASK_PULL_THREAD] No incoming tasks
2021-07-30 10:51:48.662 parsl:244 Rank:0 [DEBUG]  [TASK_PULL_THREAD] ready workers:14, pending tasks:0
2021-07-30 10:51:48.662 parsl:252 Rank:0 [DEBUG]  [TASK_PULL_THREAD] Requesting tasks: 14
2021-07-30 10:51:49.068 parsl:283 Rank:0 [DEBUG]  [TASK_PULL_THREAD] No incoming tasks
2021-07-30 10:51:49.068 parsl:244 Rank:0 [DEBUG]  [TASK_PULL_THREAD] ready workers:14, pending tasks:0
2021-07-30 10:51:49.068 parsl:252 Rank:0 [DEBUG]  [TASK_PULL_THREAD] Requesting tasks: 14
2021-07-30 10:51:49.872 parsl:283 Rank:0 [DEBUG]  [TASK_PULL_THREAD] No incoming tasks
2021-07-30 10:51:49.872 parsl:244 Rank:0 [DEBUG]  [TASK_PULL_THREAD] ready workers:14, pending tasks:0
2021-07-30 10:51:49.873 parsl:214 Rank:0 [DEBUG]  Return from heartbeat: None
2021-07-30 10:51:49.873 parsl:252 Rank:0 [DEBUG]  [TASK_PULL_THREAD] Requesting tasks: 14
2021-07-30 10:51:49.875 parsl:270 Rank:0 [DEBUG]  Got heartbeat from interchange
2021-07-30 10:51:49.876 parsl:244 Rank:0 [DEBUG]  [TASK_PULL_THREAD] ready workers:14, pending tasks:0
2021-07-30 10:51:49.876 parsl:252 Rank:0 [DEBUG]  [TASK_PULL_THREAD] Requesting tasks: 14
2021-07-30 10:51:49.876 parsl:283 Rank:0 [DEBUG]  [TASK_PULL_THREAD] No incoming tasks
2021-07-30 10:51:49.876 parsl:244 Rank:0 [DEBUG]  [TASK_PULL_THREAD] ready workers:14, pending tasks:0
2021-07-30 10:51:49.876 parsl:252 Rank:0 [DEBUG]  [TASK_PULL_THREAD] Requesting tasks: 14
2021-07-30 10:51:50.079 parsl:283 Rank:0 [DEBUG]  [TASK_PULL_THREAD] No incoming tasks
2021-07-30 10:51:50.079 parsl:244 Rank:0 [DEBUG]  [TASK_PULL_THREAD] ready workers:14, pending tasks:0
2021-07-30 10:51:50.079 parsl:252 Rank:0 [DEBUG]  [TASK_PULL_THREAD] Requesting tasks: 14
2021-07-30 10:51:50.484 parsl:283 Rank:0 [DEBUG]  [TASK_PULL_THREAD] No incoming tasks
2021-07-30 10:51:50.484 parsl:244 Rank:0 [DEBUG]  [TASK_PULL_THREAD] ready workers:14, pending tasks:0
2021-07-30 10:51:50.484 parsl:252 Rank:0 [DEBUG]  [TASK_PULL_THREAD] Requesting tasks: 14
2021-07-30 10:51:51.286 parsl:283 Rank:0 [DEBUG]  [TASK_PULL_THREAD] No incoming tasks
2021-07-30 10:51:51.286 parsl:244 Rank:0 [DEBUG]  [TASK_PULL_THREAD] ready workers:14, pending tasks:0
2021-07-30 10:51:51.287 parsl:252 Rank:0 [DEBUG]  [TASK_PULL_THREAD] Requesting tasks: 14
2021-07-30 10:51:52.892 parsl:283 Rank:0 [DEBUG]  [TASK_PULL_THREAD] No incoming tasks
2021-07-30 10:51:52.892 parsl:244 Rank:0 [DEBUG]  [TASK_PULL_THREAD] ready workers:15, pending tasks:0
2021-07-30 10:51:52.893 parsl:214 Rank:0 [DEBUG]  Return from heartbeat: None
2021-07-30 10:51:52.893 parsl:252 Rank:0 [DEBUG]  [TASK_PULL_THREAD] Requesting tasks: 15
2021-07-30 10:51:52.896 parsl:270 Rank:0 [DEBUG]  Got heartbeat from interchange
2021-07-30 10:51:52.896 parsl:244 Rank:0 [DEBUG]  [TASK_PULL_THREAD] ready workers:15, pending tasks:0
2021-07-30 10:51:52.896 parsl:252 Rank:0 [DEBUG]  [TASK_PULL_THREAD] Requesting tasks: 15
2021-07-30 10:51:52.897 parsl:283 Rank:0 [DEBUG]  [TASK_PULL_THREAD] No incoming tasks
2021-07-30 10:51:52.897 parsl:244 Rank:0 [DEBUG]  [TASK_PULL_THREAD] ready workers:15, pending tasks:0
2021-07-30 10:51:52.897 parsl:252 Rank:0 [DEBUG]  [TASK_PULL_THREAD] Requesting tasks: 15
2021-07-30 10:51:53.103 parsl:283 Rank:0 [DEBUG]  [TASK_PULL_THREAD] No incoming tasks
2021-07-30 10:51:53.103 parsl:244 Rank:0 [DEBUG]  [TASK_PULL_THREAD] ready workers:15, pending tasks:0
2021-07-30 10:51:53.103 parsl:252 Rank:0 [DEBUG]  [TASK_PULL_THREAD] Requesting tasks: 15
2021-07-30 10:51:53.448 parsl:274 Rank:0 [DEBUG]  [TASK_PULL_THREAD] Got tasks: [13] of 10
2021-07-30 10:51:53.449 parsl:244 Rank:0 [DEBUG]  [TASK_PULL_THREAD] ready workers:16, pending tasks:1
2021-07-30 10:51:53.449 parsl:252 Rank:0 [DEBUG]  [TASK_PULL_THREAD] Requesting tasks: 16
2021-07-30 10:51:53.450 parsl:283 Rank:0 [DEBUG]  [TASK_PULL_THREAD] No incoming tasks
2021-07-30 10:51:53.450 parsl:244 Rank:0 [DEBUG]  [TASK_PULL_THREAD] ready workers:16, pending tasks:0
2021-07-30 10:51:53.450 parsl:252 Rank:0 [DEBUG]  [TASK_PULL_THREAD] Requesting tasks: 16
2021-07-30 10:51:53.459 parsl.process_loggers:28 Rank:0 [DEBUG]  Normal ending for send_first_message on thread MainThread
2021-07-30 10:51:53.654 parsl:283 Rank:0 [DEBUG]  [TASK_PULL_THREAD] No incoming tasks
2021-07-30 10:51:53.654 parsl:244 Rank:0 [DEBUG]  [TASK_PULL_THREAD] ready workers:15, pending tasks:0
2021-07-30 10:51:53.654 parsl:252 Rank:0 [DEBUG]  [TASK_PULL_THREAD] Requesting tasks: 15
2021-07-30 10:51:54.058 parsl:283 Rank:0 [DEBUG]  [TASK_PULL_THREAD] No incoming tasks
2021-07-30 10:51:54.058 parsl:244 Rank:0 [DEBUG]  [TASK_PULL_THREAD] ready workers:15, pending tasks:0
2021-07-30 10:51:54.058 parsl:252 Rank:0 [DEBUG]  [TASK_PULL_THREAD] Requesting tasks: 15
2021-07-30 10:51:54.684 parsl:274 Rank:0 [DEBUG]  [TASK_PULL_THREAD] Got tasks: [14] of 11
2021-07-30 10:51:54.684 parsl:244 Rank:0 [DEBUG]  [TASK_PULL_THREAD] ready workers:16, pending tasks:1
2021-07-30 10:51:54.684 parsl:252 Rank:0 [DEBUG]  [TASK_PULL_THREAD] Requesting tasks: 16
2021-07-30 10:51:54.685 parsl:283 Rank:0 [DEBUG]  [TASK_PULL_THREAD] No incoming tasks
2021-07-30 10:51:54.685 parsl:244 Rank:0 [DEBUG]  [TASK_PULL_THREAD] ready workers:16, pending tasks:0
2021-07-30 10:51:54.685 parsl:252 Rank:0 [DEBUG]  [TASK_PULL_THREAD] Requesting tasks: 16
2021-07-30 10:51:54.693 parsl.process_loggers:28 Rank:0 [DEBUG]  Normal ending for send_first_message on thread MainThread
2021-07-30 10:51:54.887 parsl:283 Rank:0 [DEBUG]  [TASK_PULL_THREAD] No incoming tasks
2021-07-30 10:51:54.887 parsl:244 Rank:0 [DEBUG]  [TASK_PULL_THREAD] ready workers:15, pending tasks:0
2021-07-30 10:51:54.887 parsl:252 Rank:0 [DEBUG]  [TASK_PULL_THREAD] Requesting tasks: 15
2021-07-30 10:51:55.290 parsl:283 Rank:0 [DEBUG]  [TASK_PULL_THREAD] No incoming tasks
2021-07-30 10:51:55.291 parsl:244 Rank:0 [DEBUG]  [TASK_PULL_THREAD] ready workers:15, pending tasks:0
2021-07-30 10:51:55.291 parsl:214 Rank:0 [DEBUG]  Return from heartbeat: None
2021-07-30 10:51:55.291 parsl:252 Rank:0 [DEBUG]  [TASK_PULL_THREAD] Requesting tasks: 15
2021-07-30 10:51:55.294 parsl:270 Rank:0 [DEBUG]  Got heartbeat from interchange
2021-07-30 10:51:55.294 parsl:244 Rank:0 [DEBUG]  [TASK_PULL_THREAD] ready workers:15, pending tasks:0
2021-07-30 10:51:55.294 parsl:252 Rank:0 [DEBUG]  [TASK_PULL_THREAD] Requesting tasks: 15
2021-07-30 10:51:55.294 parsl:283 Rank:0 [DEBUG]  [TASK_PULL_THREAD] No incoming tasks
2021-07-30 10:51:55.295 parsl:244 Rank:0 [DEBUG]  [TASK_PULL_THREAD] ready workers:15, pending tasks:0
2021-07-30 10:51:55.295 parsl:252 Rank:0 [DEBUG]  [TASK_PULL_THREAD] Requesting tasks: 15
2021-07-30 10:51:55.496 parsl:283 Rank:0 [DEBUG]  [TASK_PULL_THREAD] No incoming tasks
2021-07-30 10:51:55.496 parsl:244 Rank:0 [DEBUG]  [TASK_PULL_THREAD] ready workers:15, pending tasks:0
2021-07-30 10:51:55.496 parsl:252 Rank:0 [DEBUG]  [TASK_PULL_THREAD] Requesting tasks: 15
2021-07-30 10:51:55.900 parsl:283 Rank:0 [DEBUG]  [TASK_PULL_THREAD] No incoming tasks
2021-07-30 10:51:55.901 parsl:244 Rank:0 [DEBUG]  [TASK_PULL_THREAD] ready workers:15, pending tasks:0
2021-07-30 10:51:55.901 parsl:252 Rank:0 [DEBUG]  [TASK_PULL_THREAD] Requesting tasks: 15
2021-07-30 10:51:56.704 parsl:283 Rank:0 [DEBUG]  [TASK_PULL_THREAD] No incoming tasks
2021-07-30 10:51:56.705 parsl:244 Rank:0 [DEBUG]  [TASK_PULL_THREAD] ready workers:15, pending tasks:0
2021-07-30 10:51:56.705 parsl:252 Rank:0 [DEBUG]  [TASK_PULL_THREAD] Requesting tasks: 15
2021-07-30 10:51:58.309 parsl:283 Rank:0 [DEBUG]  [TASK_PULL_THREAD] No incoming tasks
2021-07-30 10:51:58.309 parsl:244 Rank:0 [DEBUG]  [TASK_PULL_THREAD] ready workers:15, pending tasks:0
2021-07-30 10:51:58.309 parsl:214 Rank:0 [DEBUG]  Return from heartbeat: None
2021-07-30 10:51:58.309 parsl:252 Rank:0 [DEBUG]  [TASK_PULL_THREAD] Requesting tasks: 15
2021-07-30 10:51:58.312 parsl:270 Rank:0 [DEBUG]  Got heartbeat from interchange
2021-07-30 10:51:58.312 parsl:244 Rank:0 [DEBUG]  [TASK_PULL_THREAD] ready workers:15, pending tasks:0
2021-07-30 10:51:58.312 parsl:252 Rank:0 [DEBUG]  [TASK_PULL_THREAD] Requesting tasks: 15
2021-07-30 10:51:58.312 parsl:283 Rank:0 [DEBUG]  [TASK_PULL_THREAD] No incoming tasks
2021-07-30 10:51:58.313 parsl:244 Rank:0 [DEBUG]  [TASK_PULL_THREAD] ready workers:15, pending tasks:0
2021-07-30 10:51:58.313 parsl:252 Rank:0 [DEBUG]  [TASK_PULL_THREAD] Requesting tasks: 15
2021-07-30 10:51:58.518 parsl:283 Rank:0 [DEBUG]  [TASK_PULL_THREAD] No incoming tasks
2021-07-30 10:51:58.519 parsl:244 Rank:0 [DEBUG]  [TASK_PULL_THREAD] ready workers:15, pending tasks:0
2021-07-30 10:51:58.519 parsl:252 Rank:0 [DEBUG]  [TASK_PULL_THREAD] Requesting tasks: 15
2021-07-30 10:51:58.924 parsl:283 Rank:0 [DEBUG]  [TASK_PULL_THREAD] No incoming tasks
2021-07-30 10:51:58.924 parsl:244 Rank:0 [DEBUG]  [TASK_PULL_THREAD] ready workers:15, pending tasks:0
2021-07-30 10:51:58.924 parsl:252 Rank:0 [DEBUG]  [TASK_PULL_THREAD] Requesting tasks: 15
2021-07-30 10:51:59.729 parsl:283 Rank:0 [DEBUG]  [TASK_PULL_THREAD] No incoming tasks
2021-07-30 10:51:59.730 parsl:244 Rank:0 [DEBUG]  [TASK_PULL_THREAD] ready workers:16, pending tasks:0
2021-07-30 10:51:59.730 parsl:252 Rank:0 [DEBUG]  [TASK_PULL_THREAD] Requesting tasks: 16
2021-07-30 10:51:59.917 parsl:274 Rank:0 [DEBUG]  [TASK_PULL_THREAD] Got tasks: [15, 16, 17, 18] of 15
2021-07-30 10:51:59.917 parsl:244 Rank:0 [DEBUG]  [TASK_PULL_THREAD] ready workers:16, pending tasks:4
2021-07-30 10:51:59.918 parsl:252 Rank:0 [DEBUG]  [TASK_PULL_THREAD] Requesting tasks: 16
2021-07-30 10:51:59.920 parsl:283 Rank:0 [DEBUG]  [TASK_PULL_THREAD] No incoming tasks
2021-07-30 10:51:59.920 parsl:244 Rank:0 [DEBUG]  [TASK_PULL_THREAD] ready workers:16, pending tasks:0
2021-07-30 10:51:59.920 parsl:252 Rank:0 [DEBUG]  [TASK_PULL_THREAD] Requesting tasks: 16
2021-07-30 10:51:59.931 parsl.process_loggers:28 Rank:0 [DEBUG]  Normal ending for send_first_message on thread MainThread
2021-07-30 10:51:59.933 parsl.process_loggers:28 Rank:0 [DEBUG]  Normal ending for send_first_message on thread MainThread
2021-07-30 10:51:59.933 parsl.process_loggers:28 Rank:0 [DEBUG]  Normal ending for send_first_message on thread MainThread
2021-07-30 10:51:59.936 parsl.process_loggers:28 Rank:0 [DEBUG]  Normal ending for send_first_message on thread MainThread
2021-07-30 10:52:00.123 parsl:283 Rank:0 [DEBUG]  [TASK_PULL_THREAD] No incoming tasks
2021-07-30 10:52:00.123 parsl:244 Rank:0 [DEBUG]  [TASK_PULL_THREAD] ready workers:12, pending tasks:0
2021-07-30 10:52:00.124 parsl:252 Rank:0 [DEBUG]  [TASK_PULL_THREAD] Requesting tasks: 12
2021-07-30 10:52:00.529 parsl:283 Rank:0 [DEBUG]  [TASK_PULL_THREAD] No incoming tasks
2021-07-30 10:52:00.530 parsl:244 Rank:0 [DEBUG]  [TASK_PULL_THREAD] ready workers:12, pending tasks:0
2021-07-30 10:52:00.530 parsl:214 Rank:0 [DEBUG]  Return from heartbeat: None
2021-07-30 10:52:00.530 parsl:252 Rank:0 [DEBUG]  [TASK_PULL_THREAD] Requesting tasks: 12
2021-07-30 10:52:00.533 parsl:270 Rank:0 [DEBUG]  Got heartbeat from interchange
2021-07-30 10:52:00.533 parsl:244 Rank:0 [DEBUG]  [TASK_PULL_THREAD] ready workers:12, pending tasks:0
2021-07-30 10:52:00.533 parsl:252 Rank:0 [DEBUG]  [TASK_PULL_THREAD] Requesting tasks: 12
2021-07-30 10:52:00.534 parsl:283 Rank:0 [DEBUG]  [TASK_PULL_THREAD] No incoming tasks
2021-07-30 10:52:00.534 parsl:244 Rank:0 [DEBUG]  [TASK_PULL_THREAD] ready workers:12, pending tasks:0
2021-07-30 10:52:00.535 parsl:252 Rank:0 [DEBUG]  [TASK_PULL_THREAD] Requesting tasks: 12
2021-07-30 10:52:00.739 parsl:283 Rank:0 [DEBUG]  [TASK_PULL_THREAD] No incoming tasks
2021-07-30 10:52:00.740 parsl:244 Rank:0 [DEBUG]  [TASK_PULL_THREAD] ready workers:12, pending tasks:0
2021-07-30 10:52:00.740 parsl:252 Rank:0 [DEBUG]  [TASK_PULL_THREAD] Requesting tasks: 12
2021-07-30 10:52:01.143 parsl:283 Rank:0 [DEBUG]  [TASK_PULL_THREAD] No incoming tasks
2021-07-30 10:52:01.144 parsl:244 Rank:0 [DEBUG]  [TASK_PULL_THREAD] ready workers:12, pending tasks:0
2021-07-30 10:52:01.144 parsl:252 Rank:0 [DEBUG]  [TASK_PULL_THREAD] Requesting tasks: 12
2021-07-30 10:52:01.946 parsl:283 Rank:0 [DEBUG]  [TASK_PULL_THREAD] No incoming tasks
2021-07-30 10:52:01.947 parsl:244 Rank:0 [DEBUG]  [TASK_PULL_THREAD] ready workers:13, pending tasks:0
2021-07-30 10:52:01.947 parsl:252 Rank:0 [DEBUG]  [TASK_PULL_THREAD] Requesting tasks: 13
2021-07-30 10:52:03.548 parsl:283 Rank:0 [DEBUG]  [TASK_PULL_THREAD] No incoming tasks
2021-07-30 10:52:03.549 parsl:244 Rank:0 [DEBUG]  [TASK_PULL_THREAD] ready workers:14, pending tasks:0
2021-07-30 10:52:03.549 parsl:214 Rank:0 [DEBUG]  Return from heartbeat: None
2021-07-30 10:52:03.549 parsl:252 Rank:0 [DEBUG]  [TASK_PULL_THREAD] Requesting tasks: 14
2021-07-30 10:52:03.552 parsl:270 Rank:0 [DEBUG]  Got heartbeat from interchange
2021-07-30 10:52:03.552 parsl:244 Rank:0 [DEBUG]  [TASK_PULL_THREAD] ready workers:14, pending tasks:0
2021-07-30 10:52:03.552 parsl:252 Rank:0 [DEBUG]  [TASK_PULL_THREAD] Requesting tasks: 14
2021-07-30 10:52:03.552 parsl:283 Rank:0 [DEBUG]  [TASK_PULL_THREAD] No incoming tasks
2021-07-30 10:52:03.553 parsl:244 Rank:0 [DEBUG]  [TASK_PULL_THREAD] ready workers:14, pending tasks:0
2021-07-30 10:52:03.553 parsl:252 Rank:0 [DEBUG]  [TASK_PULL_THREAD] Requesting tasks: 14
2021-07-30 10:52:03.755 parsl:283 Rank:0 [DEBUG]  [TASK_PULL_THREAD] No incoming tasks
2021-07-30 10:52:03.756 parsl:244 Rank:0 [DEBUG]  [TASK_PULL_THREAD] ready workers:14, pending tasks:0
2021-07-30 10:52:03.756 parsl:252 Rank:0 [DEBUG]  [TASK_PULL_THREAD] Requesting tasks: 14
2021-07-30 10:52:04.160 parsl:283 Rank:0 [DEBUG]  [TASK_PULL_THREAD] No incoming tasks
2021-07-30 10:52:04.160 parsl:244 Rank:0 [DEBUG]  [TASK_PULL_THREAD] ready workers:15, pending tasks:0
2021-07-30 10:52:04.160 parsl:252 Rank:0 [DEBUG]  [TASK_PULL_THREAD] Requesting tasks: 15
2021-07-30 10:52:04.165 parsl:274 Rank:0 [DEBUG]  [TASK_PULL_THREAD] Got tasks: [19] of 16
2021-07-30 10:52:04.166 parsl:244 Rank:0 [DEBUG]  [TASK_PULL_THREAD] ready workers:15, pending tasks:1
2021-07-30 10:52:04.166 parsl:252 Rank:0 [DEBUG]  [TASK_PULL_THREAD] Requesting tasks: 15
2021-07-30 10:52:04.166 parsl:283 Rank:0 [DEBUG]  [TASK_PULL_THREAD] No incoming tasks
2021-07-30 10:52:04.167 parsl:244 Rank:0 [DEBUG]  [TASK_PULL_THREAD] ready workers:15, pending tasks:0
2021-07-30 10:52:04.167 parsl:252 Rank:0 [DEBUG]  [TASK_PULL_THREAD] Requesting tasks: 15
2021-07-30 10:52:04.175 parsl.process_loggers:28 Rank:0 [DEBUG]  Normal ending for send_first_message on thread MainThread
2021-07-30 10:52:04.372 parsl:283 Rank:0 [DEBUG]  [TASK_PULL_THREAD] No incoming tasks
2021-07-30 10:52:04.372 parsl:244 Rank:0 [DEBUG]  [TASK_PULL_THREAD] ready workers:14, pending tasks:0
2021-07-30 10:52:04.372 parsl:252 Rank:0 [DEBUG]  [TASK_PULL_THREAD] Requesting tasks: 14
2021-07-30 10:52:04.776 parsl:283 Rank:0 [DEBUG]  [TASK_PULL_THREAD] No incoming tasks
2021-07-30 10:52:04.776 parsl:244 Rank:0 [DEBUG]  [TASK_PULL_THREAD] ready workers:14, pending tasks:0
2021-07-30 10:52:04.776 parsl:252 Rank:0 [DEBUG]  [TASK_PULL_THREAD] Requesting tasks: 14
2021-07-30 10:52:05.580 parsl:283 Rank:0 [DEBUG]  [TASK_PULL_THREAD] No incoming tasks
2021-07-30 10:52:05.580 parsl:244 Rank:0 [DEBUG]  [TASK_PULL_THREAD] ready workers:14, pending tasks:0
2021-07-30 10:52:05.581 parsl:214 Rank:0 [DEBUG]  Return from heartbeat: None
2021-07-30 10:52:05.581 parsl:252 Rank:0 [DEBUG]  [TASK_PULL_THREAD] Requesting tasks: 14
2021-07-30 10:52:05.583 parsl:270 Rank:0 [DEBUG]  Got heartbeat from interchange
2021-07-30 10:52:05.584 parsl:244 Rank:0 [DEBUG]  [TASK_PULL_THREAD] ready workers:14, pending tasks:0
2021-07-30 10:52:05.584 parsl:252 Rank:0 [DEBUG]  [TASK_PULL_THREAD] Requesting tasks: 14
2021-07-30 10:52:05.584 parsl:283 Rank:0 [DEBUG]  [TASK_PULL_THREAD] No incoming tasks
2021-07-30 10:52:05.584 parsl:244 Rank:0 [DEBUG]  [TASK_PULL_THREAD] ready workers:14, pending tasks:0
2021-07-30 10:52:05.584 parsl:252 Rank:0 [DEBUG]  [TASK_PULL_THREAD] Requesting tasks: 14
2021-07-30 10:52:05.785 parsl:283 Rank:0 [DEBUG]  [TASK_PULL_THREAD] No incoming tasks
2021-07-30 10:52:05.785 parsl:244 Rank:0 [DEBUG]  [TASK_PULL_THREAD] ready workers:14, pending tasks:0
2021-07-30 10:52:05.786 parsl:252 Rank:0 [DEBUG]  [TASK_PULL_THREAD] Requesting tasks: 14
2021-07-30 10:52:06.188 parsl:283 Rank:0 [DEBUG]  [TASK_PULL_THREAD] No incoming tasks
2021-07-30 10:52:06.188 parsl:244 Rank:0 [DEBUG]  [TASK_PULL_THREAD] ready workers:14, pending tasks:0
2021-07-30 10:52:06.189 parsl:252 Rank:0 [DEBUG]  [TASK_PULL_THREAD] Requesting tasks: 14
2021-07-30 10:52:06.994 parsl:283 Rank:0 [DEBUG]  [TASK_PULL_THREAD] No incoming tasks
2021-07-30 10:52:06.994 parsl:244 Rank:0 [DEBUG]  [TASK_PULL_THREAD] ready workers:14, pending tasks:0
2021-07-30 10:52:06.994 parsl:252 Rank:0 [DEBUG]  [TASK_PULL_THREAD] Requesting tasks: 14
2021-07-30 10:52:08.599 parsl:283 Rank:0 [DEBUG]  [TASK_PULL_THREAD] No incoming tasks
2021-07-30 10:52:08.599 parsl:244 Rank:0 [DEBUG]  [TASK_PULL_THREAD] ready workers:15, pending tasks:0
2021-07-30 10:52:08.599 parsl:214 Rank:0 [DEBUG]  Return from heartbeat: None
2021-07-30 10:52:08.599 parsl:252 Rank:0 [DEBUG]  [TASK_PULL_THREAD] Requesting tasks: 15
2021-07-30 10:52:08.602 parsl:270 Rank:0 [DEBUG]  Got heartbeat from interchange
2021-07-30 10:52:08.602 parsl:244 Rank:0 [DEBUG]  [TASK_PULL_THREAD] ready workers:15, pending tasks:0
2021-07-30 10:52:08.602 parsl:252 Rank:0 [DEBUG]  [TASK_PULL_THREAD] Requesting tasks: 15
2021-07-30 10:52:08.602 parsl:283 Rank:0 [DEBUG]  [TASK_PULL_THREAD] No incoming tasks
2021-07-30 10:52:08.602 parsl:244 Rank:0 [DEBUG]  [TASK_PULL_THREAD] ready workers:15, pending tasks:0
2021-07-30 10:52:08.602 parsl:252 Rank:0 [DEBUG]  [TASK_PULL_THREAD] Requesting tasks: 15
2021-07-30 10:52:08.807 parsl:283 Rank:0 [DEBUG]  [TASK_PULL_THREAD] No incoming tasks
2021-07-30 10:52:08.807 parsl:244 Rank:0 [DEBUG]  [TASK_PULL_THREAD] ready workers:15, pending tasks:0
2021-07-30 10:52:08.808 parsl:252 Rank:0 [DEBUG]  [TASK_PULL_THREAD] Requesting tasks: 15
2021-07-30 10:52:09.213 parsl:283 Rank:0 [DEBUG]  [TASK_PULL_THREAD] No incoming tasks
2021-07-30 10:52:09.213 parsl:244 Rank:0 [DEBUG]  [TASK_PULL_THREAD] ready workers:16, pending tasks:0
2021-07-30 10:52:09.214 parsl:252 Rank:0 [DEBUG]  [TASK_PULL_THREAD] Requesting tasks: 16
2021-07-30 10:52:10.016 parsl:283 Rank:0 [DEBUG]  [TASK_PULL_THREAD] No incoming tasks
2021-07-30 10:52:10.016 parsl:244 Rank:0 [DEBUG]  [TASK_PULL_THREAD] ready workers:16, pending tasks:0
2021-07-30 10:52:10.016 parsl:252 Rank:0 [DEBUG]  [TASK_PULL_THREAD] Requesting tasks: 16
2021-07-30 10:52:10.389 parsl:274 Rank:0 [DEBUG]  [TASK_PULL_THREAD] Got tasks: [21] of 17
2021-07-30 10:52:10.389 parsl:244 Rank:0 [DEBUG]  [TASK_PULL_THREAD] ready workers:16, pending tasks:1
2021-07-30 10:52:10.389 parsl:252 Rank:0 [DEBUG]  [TASK_PULL_THREAD] Requesting tasks: 16
2021-07-30 10:52:10.390 parsl:283 Rank:0 [DEBUG]  [TASK_PULL_THREAD] No incoming tasks
2021-07-30 10:52:10.390 parsl:244 Rank:0 [DEBUG]  [TASK_PULL_THREAD] ready workers:16, pending tasks:0
2021-07-30 10:52:10.390 parsl:252 Rank:0 [DEBUG]  [TASK_PULL_THREAD] Requesting tasks: 16
2021-07-30 10:52:10.394 parsl.process_loggers:28 Rank:0 [DEBUG]  Normal ending for send_first_message on thread MainThread
2021-07-30 10:52:10.592 parsl:283 Rank:0 [DEBUG]  [TASK_PULL_THREAD] No incoming tasks
2021-07-30 10:52:10.592 parsl:244 Rank:0 [DEBUG]  [TASK_PULL_THREAD] ready workers:15, pending tasks:0
2021-07-30 10:52:10.593 parsl:252 Rank:0 [DEBUG]  [TASK_PULL_THREAD] Requesting tasks: 15
2021-07-30 10:52:10.997 parsl:283 Rank:0 [DEBUG]  [TASK_PULL_THREAD] No incoming tasks
2021-07-30 10:52:10.997 parsl:244 Rank:0 [DEBUG]  [TASK_PULL_THREAD] ready workers:15, pending tasks:0
2021-07-30 10:52:10.997 parsl:214 Rank:0 [DEBUG]  Return from heartbeat: None
2021-07-30 10:52:10.998 parsl:252 Rank:0 [DEBUG]  [TASK_PULL_THREAD] Requesting tasks: 15
2021-07-30 10:52:11.000 parsl:270 Rank:0 [DEBUG]  Got heartbeat from interchange
2021-07-30 10:52:11.000 parsl:244 Rank:0 [DEBUG]  [TASK_PULL_THREAD] ready workers:15, pending tasks:0
2021-07-30 10:52:11.000 parsl:252 Rank:0 [DEBUG]  [TASK_PULL_THREAD] Requesting tasks: 15
2021-07-30 10:52:11.001 parsl:283 Rank:0 [DEBUG]  [TASK_PULL_THREAD] No incoming tasks
2021-07-30 10:52:11.001 parsl:244 Rank:0 [DEBUG]  [TASK_PULL_THREAD] ready workers:15, pending tasks:0
2021-07-30 10:52:11.001 parsl:252 Rank:0 [DEBUG]  [TASK_PULL_THREAD] Requesting tasks: 15
2021-07-30 10:52:11.202 parsl:283 Rank:0 [DEBUG]  [TASK_PULL_THREAD] No incoming tasks
2021-07-30 10:52:11.202 parsl:244 Rank:0 [DEBUG]  [TASK_PULL_THREAD] ready workers:15, pending tasks:0
2021-07-30 10:52:11.202 parsl:252 Rank:0 [DEBUG]  [TASK_PULL_THREAD] Requesting tasks: 15
2021-07-30 10:52:11.604 parsl:283 Rank:0 [DEBUG]  [TASK_PULL_THREAD] No incoming tasks
2021-07-30 10:52:11.604 parsl:244 Rank:0 [DEBUG]  [TASK_PULL_THREAD] ready workers:15, pending tasks:0
2021-07-30 10:52:11.604 parsl:252 Rank:0 [DEBUG]  [TASK_PULL_THREAD] Requesting tasks: 15
2021-07-30 10:52:12.408 parsl:283 Rank:0 [DEBUG]  [TASK_PULL_THREAD] No incoming tasks
2021-07-30 10:52:12.408 parsl:244 Rank:0 [DEBUG]  [TASK_PULL_THREAD] ready workers:15, pending tasks:0
2021-07-30 10:52:12.408 parsl:252 Rank:0 [DEBUG]  [TASK_PULL_THREAD] Requesting tasks: 15
2021-07-30 10:52:14.013 parsl:283 Rank:0 [DEBUG]  [TASK_PULL_THREAD] No incoming tasks
2021-07-30 10:52:14.014 parsl:244 Rank:0 [DEBUG]  [TASK_PULL_THREAD] ready workers:15, pending tasks:0
2021-07-30 10:52:14.014 parsl:214 Rank:0 [DEBUG]  Return from heartbeat: None
2021-07-30 10:52:14.014 parsl:252 Rank:0 [DEBUG]  [TASK_PULL_THREAD] Requesting tasks: 15
2021-07-30 10:52:14.016 parsl:270 Rank:0 [DEBUG]  Got heartbeat from interchange
2021-07-30 10:52:14.016 parsl:244 Rank:0 [DEBUG]  [TASK_PULL_THREAD] ready workers:15, pending tasks:0
2021-07-30 10:52:14.016 parsl:252 Rank:0 [DEBUG]  [TASK_PULL_THREAD] Requesting tasks: 15
2021-07-30 10:52:14.017 parsl:283 Rank:0 [DEBUG]  [TASK_PULL_THREAD] No incoming tasks
2021-07-30 10:52:14.017 parsl:244 Rank:0 [DEBUG]  [TASK_PULL_THREAD] ready workers:15, pending tasks:0
2021-07-30 10:52:14.017 parsl:252 Rank:0 [DEBUG]  [TASK_PULL_THREAD] Requesting tasks: 15
2021-07-30 10:52:14.219 parsl:283 Rank:0 [DEBUG]  [TASK_PULL_THREAD] No incoming tasks
2021-07-30 10:52:14.220 parsl:244 Rank:0 [DEBUG]  [TASK_PULL_THREAD] ready workers:15, pending tasks:0
2021-07-30 10:52:14.220 parsl:252 Rank:0 [DEBUG]  [TASK_PULL_THREAD] Requesting tasks: 15
2021-07-30 10:52:14.621 parsl:283 Rank:0 [DEBUG]  [TASK_PULL_THREAD] No incoming tasks
2021-07-30 10:52:14.621 parsl:244 Rank:0 [DEBUG]  [TASK_PULL_THREAD] ready workers:15, pending tasks:0
2021-07-30 10:52:14.621 parsl:252 Rank:0 [DEBUG]  [TASK_PULL_THREAD] Requesting tasks: 15
2021-07-30 10:52:15.425 parsl:283 Rank:0 [DEBUG]  [TASK_PULL_THREAD] No incoming tasks
2021-07-30 10:52:15.425 parsl:244 Rank:0 [DEBUG]  [TASK_PULL_THREAD] ready workers:16, pending tasks:0
2021-07-30 10:52:15.425 parsl:252 Rank:0 [DEBUG]  [TASK_PULL_THREAD] Requesting tasks: 16
2021-07-30 10:52:17.030 parsl:283 Rank:0 [DEBUG]  [TASK_PULL_THREAD] No incoming tasks
2021-07-30 10:52:17.031 parsl:244 Rank:0 [DEBUG]  [TASK_PULL_THREAD] ready workers:16, pending tasks:0
2021-07-30 10:52:17.031 parsl:214 Rank:0 [DEBUG]  Return from heartbeat: None
2021-07-30 10:52:17.031 parsl:252 Rank:0 [DEBUG]  [TASK_PULL_THREAD] Requesting tasks: 16
2021-07-30 10:52:17.033 parsl:270 Rank:0 [DEBUG]  Got heartbeat from interchange
2021-07-30 10:52:17.034 parsl:244 Rank:0 [DEBUG]  [TASK_PULL_THREAD] ready workers:16, pending tasks:0
2021-07-30 10:52:17.034 parsl:252 Rank:0 [DEBUG]  [TASK_PULL_THREAD] Requesting tasks: 16
2021-07-30 10:52:17.034 parsl:283 Rank:0 [DEBUG]  [TASK_PULL_THREAD] No incoming tasks
2021-07-30 10:52:17.034 parsl:244 Rank:0 [DEBUG]  [TASK_PULL_THREAD] ready workers:16, pending tasks:0
2021-07-30 10:52:17.035 parsl:252 Rank:0 [DEBUG]  [TASK_PULL_THREAD] Requesting tasks: 16
2021-07-30 10:52:17.236 parsl:283 Rank:0 [DEBUG]  [TASK_PULL_THREAD] No incoming tasks
2021-07-30 10:52:17.236 parsl:244 Rank:0 [DEBUG]  [TASK_PULL_THREAD] ready workers:16, pending tasks:0
2021-07-30 10:52:17.236 parsl:252 Rank:0 [DEBUG]  [TASK_PULL_THREAD] Requesting tasks: 16
2021-07-30 10:52:17.639 parsl:283 Rank:0 [DEBUG]  [TASK_PULL_THREAD] No incoming tasks
2021-07-30 10:52:17.639 parsl:244 Rank:0 [DEBUG]  [TASK_PULL_THREAD] ready workers:16, pending tasks:0
2021-07-30 10:52:17.640 parsl:252 Rank:0 [DEBUG]  [TASK_PULL_THREAD] Requesting tasks: 16
2021-07-30 10:52:18.445 parsl:283 Rank:0 [DEBUG]  [TASK_PULL_THREAD] No incoming tasks
2021-07-30 10:52:18.445 parsl:244 Rank:0 [DEBUG]  [TASK_PULL_THREAD] ready workers:16, pending tasks:0
2021-07-30 10:52:18.445 parsl:252 Rank:0 [DEBUG]  [TASK_PULL_THREAD] Requesting tasks: 16
2021-07-30 10:52:20.047 parsl:283 Rank:0 [DEBUG]  [TASK_PULL_THREAD] No incoming tasks
2021-07-30 10:52:20.048 parsl:244 Rank:0 [DEBUG]  [TASK_PULL_THREAD] ready workers:16, pending tasks:0
2021-07-30 10:52:20.048 parsl:214 Rank:0 [DEBUG]  Return from heartbeat: None
2021-07-30 10:52:20.048 parsl:252 Rank:0 [DEBUG]  [TASK_PULL_THREAD] Requesting tasks: 16
2021-07-30 10:52:20.051 parsl:270 Rank:0 [DEBUG]  Got heartbeat from interchange
2021-07-30 10:52:20.051 parsl:244 Rank:0 [DEBUG]  [TASK_PULL_THREAD] ready workers:16, pending tasks:0
2021-07-30 10:52:20.051 parsl:252 Rank:0 [DEBUG]  [TASK_PULL_THREAD] Requesting tasks: 16
2021-07-30 10:52:20.052 parsl:283 Rank:0 [DEBUG]  [TASK_PULL_THREAD] No incoming tasks
2021-07-30 10:52:20.052 parsl:244 Rank:0 [DEBUG]  [TASK_PULL_THREAD] ready workers:16, pending tasks:0
2021-07-30 10:52:20.052 parsl:252 Rank:0 [DEBUG]  [TASK_PULL_THREAD] Requesting tasks: 16
2021-07-30 10:52:20.257 parsl:283 Rank:0 [DEBUG]  [TASK_PULL_THREAD] No incoming tasks
2021-07-30 10:52:20.257 parsl:244 Rank:0 [DEBUG]  [TASK_PULL_THREAD] ready workers:16, pending tasks:0
2021-07-30 10:52:20.258 parsl:252 Rank:0 [DEBUG]  [TASK_PULL_THREAD] Requesting tasks: 16
2021-07-30 10:52:20.663 parsl:283 Rank:0 [DEBUG]  [TASK_PULL_THREAD] No incoming tasks
2021-07-30 10:52:20.664 parsl:244 Rank:0 [DEBUG]  [TASK_PULL_THREAD] ready workers:16, pending tasks:0
2021-07-30 10:52:20.664 parsl:252 Rank:0 [DEBUG]  [TASK_PULL_THREAD] Requesting tasks: 16
2021-07-30 10:52:21.468 parsl:283 Rank:0 [DEBUG]  [TASK_PULL_THREAD] No incoming tasks
2021-07-30 10:52:21.468 parsl:244 Rank:0 [DEBUG]  [TASK_PULL_THREAD] ready workers:16, pending tasks:0
2021-07-30 10:52:21.468 parsl:252 Rank:0 [DEBUG]  [TASK_PULL_THREAD] Requesting tasks: 16
2021-07-30 10:52:23.071 parsl:283 Rank:0 [DEBUG]  [TASK_PULL_THREAD] No incoming tasks
2021-07-30 10:52:23.071 parsl:244 Rank:0 [DEBUG]  [TASK_PULL_THREAD] ready workers:16, pending tasks:0
2021-07-30 10:52:23.071 parsl:214 Rank:0 [DEBUG]  Return from heartbeat: None
2021-07-30 10:52:23.072 parsl:252 Rank:0 [DEBUG]  [TASK_PULL_THREAD] Requesting tasks: 16
2021-07-30 10:52:23.076 parsl:270 Rank:0 [DEBUG]  Got heartbeat from interchange
2021-07-30 10:52:23.077 parsl:244 Rank:0 [DEBUG]  [TASK_PULL_THREAD] ready workers:16, pending tasks:0
2021-07-30 10:52:23.077 parsl:252 Rank:0 [DEBUG]  [TASK_PULL_THREAD] Requesting tasks: 16
2021-07-30 10:52:23.077 parsl:283 Rank:0 [DEBUG]  [TASK_PULL_THREAD] No incoming tasks
2021-07-30 10:52:23.077 parsl:244 Rank:0 [DEBUG]  [TASK_PULL_THREAD] ready workers:16, pending tasks:0
2021-07-30 10:52:23.077 parsl:252 Rank:0 [DEBUG]  [TASK_PULL_THREAD] Requesting tasks: 16
2021-07-30 10:52:23.282 parsl:283 Rank:0 [DEBUG]  [TASK_PULL_THREAD] No incoming tasks
2021-07-30 10:52:23.283 parsl:244 Rank:0 [DEBUG]  [TASK_PULL_THREAD] ready workers:16, pending tasks:0
2021-07-30 10:52:23.283 parsl:252 Rank:0 [DEBUG]  [TASK_PULL_THREAD] Requesting tasks: 16
2021-07-30 10:52:23.685 parsl:283 Rank:0 [DEBUG]  [TASK_PULL_THREAD] No incoming tasks
2021-07-30 10:52:23.686 parsl:244 Rank:0 [DEBUG]  [TASK_PULL_THREAD] ready workers:16, pending tasks:0
2021-07-30 10:52:23.686 parsl:252 Rank:0 [DEBUG]  [TASK_PULL_THREAD] Requesting tasks: 16
2021-07-30 10:52:24.487 parsl:283 Rank:0 [DEBUG]  [TASK_PULL_THREAD] No incoming tasks
2021-07-30 10:52:24.487 parsl:244 Rank:0 [DEBUG]  [TASK_PULL_THREAD] ready workers:16, pending tasks:0
2021-07-30 10:52:24.488 parsl:252 Rank:0 [DEBUG]  [TASK_PULL_THREAD] Requesting tasks: 16
2021-07-30 10:52:26.092 parsl:283 Rank:0 [DEBUG]  [TASK_PULL_THREAD] No incoming tasks
2021-07-30 10:52:26.092 parsl:244 Rank:0 [DEBUG]  [TASK_PULL_THREAD] ready workers:16, pending tasks:0
2021-07-30 10:52:26.092 parsl:214 Rank:0 [DEBUG]  Return from heartbeat: None
2021-07-30 10:52:26.092 parsl:252 Rank:0 [DEBUG]  [TASK_PULL_THREAD] Requesting tasks: 16
2021-07-30 10:52:26.095 parsl:270 Rank:0 [DEBUG]  Got heartbeat from interchange
2021-07-30 10:52:26.095 parsl:244 Rank:0 [DEBUG]  [TASK_PULL_THREAD] ready workers:16, pending tasks:0
2021-07-30 10:52:26.095 parsl:252 Rank:0 [DEBUG]  [TASK_PULL_THREAD] Requesting tasks: 16
2021-07-30 10:52:26.095 parsl:283 Rank:0 [DEBUG]  [TASK_PULL_THREAD] No incoming tasks
2021-07-30 10:52:26.096 parsl:244 Rank:0 [DEBUG]  [TASK_PULL_THREAD] ready workers:16, pending tasks:0
2021-07-30 10:52:26.096 parsl:252 Rank:0 [DEBUG]  [TASK_PULL_THREAD] Requesting tasks: 16
2021-07-30 10:52:26.300 parsl:283 Rank:0 [DEBUG]  [TASK_PULL_THREAD] No incoming tasks
2021-07-30 10:52:26.300 parsl:244 Rank:0 [DEBUG]  [TASK_PULL_THREAD] ready workers:16, pending tasks:0
2021-07-30 10:52:26.300 parsl:252 Rank:0 [DEBUG]  [TASK_PULL_THREAD] Requesting tasks: 16
2021-07-30 10:52:26.701 parsl:283 Rank:0 [DEBUG]  [TASK_PULL_THREAD] No incoming tasks
2021-07-30 10:52:26.701 parsl:244 Rank:0 [DEBUG]  [TASK_PULL_THREAD] ready workers:16, pending tasks:0
2021-07-30 10:52:26.701 parsl:252 Rank:0 [DEBUG]  [TASK_PULL_THREAD] Requesting tasks: 16
2021-07-30 10:52:27.503 parsl:283 Rank:0 [DEBUG]  [TASK_PULL_THREAD] No incoming tasks
2021-07-30 10:52:27.504 parsl:244 Rank:0 [DEBUG]  [TASK_PULL_THREAD] ready workers:16, pending tasks:0
2021-07-30 10:52:27.504 parsl:252 Rank:0 [DEBUG]  [TASK_PULL_THREAD] Requesting tasks: 16
2021-07-30 10:52:29.109 parsl:283 Rank:0 [DEBUG]  [TASK_PULL_THREAD] No incoming tasks
2021-07-30 10:52:29.110 parsl:244 Rank:0 [DEBUG]  [TASK_PULL_THREAD] ready workers:16, pending tasks:0
2021-07-30 10:52:29.111 parsl:214 Rank:0 [DEBUG]  Return from heartbeat: None
2021-07-30 10:52:29.111 parsl:252 Rank:0 [DEBUG]  [TASK_PULL_THREAD] Requesting tasks: 16
2021-07-30 10:52:29.113 parsl:270 Rank:0 [DEBUG]  Got heartbeat from interchange
2021-07-30 10:52:29.114 parsl:244 Rank:0 [DEBUG]  [TASK_PULL_THREAD] ready workers:16, pending tasks:0
2021-07-30 10:52:29.114 parsl:252 Rank:0 [DEBUG]  [TASK_PULL_THREAD] Requesting tasks: 16
2021-07-30 10:52:29.114 parsl:283 Rank:0 [DEBUG]  [TASK_PULL_THREAD] No incoming tasks
2021-07-30 10:52:29.114 parsl:244 Rank:0 [DEBUG]  [TASK_PULL_THREAD] ready workers:16, pending tasks:0
2021-07-30 10:52:29.115 parsl:252 Rank:0 [DEBUG]  [TASK_PULL_THREAD] Requesting tasks: 16
2021-07-30 10:52:29.319 parsl:283 Rank:0 [DEBUG]  [TASK_PULL_THREAD] No incoming tasks
2021-07-30 10:52:29.319 parsl:244 Rank:0 [DEBUG]  [TASK_PULL_THREAD] ready workers:16, pending tasks:0
2021-07-30 10:52:29.320 parsl:252 Rank:0 [DEBUG]  [TASK_PULL_THREAD] Requesting tasks: 16
2021-07-30 10:52:29.721 parsl:283 Rank:0 [DEBUG]  [TASK_PULL_THREAD] No incoming tasks
2021-07-30 10:52:29.721 parsl:244 Rank:0 [DEBUG]  [TASK_PULL_THREAD] ready workers:16, pending tasks:0
2021-07-30 10:52:29.722 parsl:252 Rank:0 [DEBUG]  [TASK_PULL_THREAD] Requesting tasks: 16
2021-07-30 10:52:30.525 parsl:283 Rank:0 [DEBUG]  [TASK_PULL_THREAD] No incoming tasks
2021-07-30 10:52:30.525 parsl:244 Rank:0 [DEBUG]  [TASK_PULL_THREAD] ready workers:16, pending tasks:0
2021-07-30 10:52:30.525 parsl:252 Rank:0 [DEBUG]  [TASK_PULL_THREAD] Requesting tasks: 16
2021-07-30 10:52:32.127 parsl:283 Rank:0 [DEBUG]  [TASK_PULL_THREAD] No incoming tasks
2021-07-30 10:52:32.128 parsl:244 Rank:0 [DEBUG]  [TASK_PULL_THREAD] ready workers:16, pending tasks:0
2021-07-30 10:52:32.128 parsl:214 Rank:0 [DEBUG]  Return from heartbeat: None
2021-07-30 10:52:32.128 parsl:252 Rank:0 [DEBUG]  [TASK_PULL_THREAD] Requesting tasks: 16
2021-07-30 10:52:34.131 parsl:283 Rank:0 [DEBUG]  [TASK_PULL_THREAD] No incoming tasks
2021-07-30 10:52:34.132 parsl:292 Rank:0 [CRITICAL]  [TASK_PULL_THREAD] Missing contact with interchange beyond heartbeat_threshold
2021-07-30 10:52:34.132 parsl:294 Rank:0 [CRITICAL]  [TASK_PULL_THREAD] Exiting
2021-07-30 10:52:34.132 parsl.process_loggers:28 Rank:0 [DEBUG]  Normal ending for pull_tasks on thread Task-Puller
2021-07-30 10:52:34.132 parsl:421 Rank:0 [CRITICAL]  [MAIN] Received kill event, terminating worker processes
2021-07-30 10:52:34.211 parsl:332 Rank:0 [CRITICAL]  [RESULT_PUSH_THREAD] Exiting
2021-07-30 10:52:34.211 parsl.process_loggers:28 Rank:0 [DEBUG]  Normal ending for push_results on thread Result-Pusher
