2021-07-09 14:13:56.212 parsl:650 Rank:0 [INFO]  Python version: 3.9.6 (v3.9.6:db3ff76da1, Jun 28 2021, 11:49:53) 
[Clang 6.0 (clang-600.0.57)]
2021-07-09 14:13:56.212 parsl:651 Rank:0 [INFO]  Debug logging: True
2021-07-09 14:13:56.212 parsl:652 Rank:0 [INFO]  Log dir: /Users/vedkommalapati/Documents/GitHub/Parsl/runinfo/000/htex_Local
2021-07-09 14:13:56.212 parsl:653 Rank:0 [INFO]  Manager ID: 56629756810c
2021-07-09 14:13:56.212 parsl:654 Rank:0 [INFO]  Block ID: 0
2021-07-09 14:13:56.212 parsl:655 Rank:0 [INFO]  cores_per_worker: 1
2021-07-09 14:13:56.213 parsl:656 Rank:0 [INFO]  mem_per_worker: None
2021-07-09 14:13:56.213 parsl:657 Rank:0 [INFO]  task_port: 54144
2021-07-09 14:13:56.213 parsl:658 Rank:0 [INFO]  result_port: 54869
2021-07-09 14:13:56.213 parsl:659 Rank:0 [INFO]  addresses: 73.211.248.63,192.168.1.6,Veds-MacBook-Pro.local
2021-07-09 14:13:56.213 parsl:660 Rank:0 [INFO]  max_workers: inf
2021-07-09 14:13:56.213 parsl:661 Rank:0 [INFO]  poll_period: 100
2021-07-09 14:13:56.213 parsl:662 Rank:0 [INFO]  address_probe_timeout: 30
2021-07-09 14:13:56.213 parsl:663 Rank:0 [INFO]  Prefetch capacity: 0
2021-07-09 14:13:56.213 parsl:664 Rank:0 [INFO]  Heartbeat threshold: 5
2021-07-09 14:13:56.213 parsl:665 Rank:0 [INFO]  Heartbeat period: 2
2021-07-09 14:13:56.213 parsl:666 Rank:0 [INFO]  CPU affinity: none
2021-07-09 14:13:56.213 parsl:125 Rank:0 [INFO]  Manager started
2021-07-09 14:13:56.213 parsl.executors.high_throughput.probe:34 Rank:0 [DEBUG]  Trying to connect back on tcp://73.211.248.63:54144
2021-07-09 14:13:56.214 parsl.executors.high_throughput.probe:34 Rank:0 [DEBUG]  Trying to connect back on tcp://192.168.1.6:54144
2021-07-09 14:13:56.214 parsl.executors.high_throughput.probe:34 Rank:0 [DEBUG]  Trying to connect back on tcp://Veds-MacBook-Pro.local:54144
2021-07-09 14:13:56.226 parsl.executors.high_throughput.probe:47 Rank:0 [INFO]  Connected to interchange on 192.168.1.6
2021-07-09 14:13:56.228 parsl:132 Rank:0 [INFO]  Connection to Interchange successful on 192.168.1.6
2021-07-09 14:13:56.228 parsl:135 Rank:0 [INFO]  Task url : tcp://192.168.1.6:54144
2021-07-09 14:13:56.229 parsl:136 Rank:0 [INFO]  Result url : tcp://192.168.1.6:54869
2021-07-09 14:13:56.229 parsl:154 Rank:0 [INFO]  Manager connected
2021-07-09 14:13:56.229 parsl:180 Rank:0 [INFO]  Manager will spawn 4 workers
2021-07-09 14:13:56.456 parsl:421 Rank:0 [DEBUG]  Workers started
2021-07-09 14:13:56.459 parsl:235 Rank:0 [INFO]  [TASK PULL THREAD] starting
2021-07-09 14:13:56.459 parsl:241 Rank:0 [DEBUG]  Sending registration message: b'{"parsl_v": "1.1.0+desc-2021.07.09a", "python_v": "3.9.6", "worker_count": 4, "uid": "56629756810c", "block_id": "0", "prefetch_capacity": 0, "max_capacity": 4, "os": "Darwin", "hostname": "Veds-MacBook-Pro.local", "dir": "/Users/vedkommalapati/Documents/GitHub/Parsl", "cpu_count": 2, "total_memory": 8589934592}'
2021-07-09 14:13:56.463 parsl:254 Rank:0 [DEBUG]  [TASK_PULL_THREAD] ready workers: 0, pending tasks: 0
2021-07-09 14:13:56.464 parsl:318 Rank:0 [DEBUG]  [RESULT_PUSH_THREAD] Starting thread
2021-07-09 14:13:56.464 parsl:326 Rank:0 [DEBUG]  [RESULT_PUSH_THREAD] push poll period: 0.1
2021-07-09 14:13:56.470 parsl:360 Rank:0 [DEBUG]  [WORKER_WATCHDOG_THREAD] Starting thread
2021-07-09 14:13:56.470 parsl:363 Rank:0 [DEBUG]  [WORKER_WATCHDOG_THREAD] Loop
2021-07-09 14:13:56.470 parsl:392 Rank:0 [INFO]  [WORKER_WATCHDOG_THREAD] Worker 0 is alive
2021-07-09 14:13:56.473 parsl:436 Rank:0 [INFO]  Loop start
2021-07-09 14:13:56.570 parsl:294 Rank:0 [DEBUG]  [TASK_PULL_THREAD] No incoming tasks
2021-07-09 14:13:56.570 parsl:254 Rank:0 [DEBUG]  [TASK_PULL_THREAD] ready workers: 4, pending tasks: 0
2021-07-09 14:13:56.570 parsl:262 Rank:0 [DEBUG]  [TASK_PULL_THREAD] Requesting tasks: 4
2021-07-09 14:13:56.772 parsl:294 Rank:0 [DEBUG]  [TASK_PULL_THREAD] No incoming tasks
2021-07-09 14:13:56.773 parsl:254 Rank:0 [DEBUG]  [TASK_PULL_THREAD] ready workers: 4, pending tasks: 0
2021-07-09 14:13:56.773 parsl:262 Rank:0 [DEBUG]  [TASK_PULL_THREAD] Requesting tasks: 4
