2021-07-16 19:29:36.044 parsl.dataflow.dflow:84 [DEBUG]  Starting DataFlowKernel with config
Config(
    app_cache=True, 
    checkpoint_files=None, 
    checkpoint_mode='task_exit', 
    checkpoint_period=None, 
    executors=[HighThroughputExecutor(
        address=None, 
        address_probe_timeout=None, 
        cores_per_worker=1, 
        cpu_affinity='none', 
        heartbeat_period=2, 
        heartbeat_threshold=5, 
        interchange_port_range=(55000, 56000), 
        label='htex_Local', 
        launch_cmd='process_worker_pool.py {debug} {max_workers} -a {addresses} -p {prefetch_capacity} -c {cores_per_worker} -m {mem_per_worker} --poll {poll_period} --task_port={task_port} --result_port={result_port} --logdir={logdir} --block_id={{block_id}} --hb_period={heartbeat_period} {address_probe_timeout_string} --hb_threshold={heartbeat_threshold} --cpu-affinity {cpu_affinity} ', 
        managed=True, 
        max_workers=3, 
        mem_per_worker=None, 
        poll_period=100, 
        prefetch_capacity=0, 
        provider=LocalProvider(
            channel=LocalChannel(
                envs={}, 
                script_dir=None, 
                userhome='/Users/ananthhariharan/Documents/Code/GitHub/Parsl-Project'
            ), 
            cmd_timeout=30, 
            init_blocks=0, 
            launcher=SingleNodeLauncher(debug=True, fail_on_any=False), 
            max_blocks=5, 
            min_blocks=0, 
            move_files=None, 
            nodes_per_block=1, 
            parallelism=1, 
            worker_init=''
        ), 
        storage_access=[FTPInTaskStaging(), HTTPInTaskStaging(), NoOpFileStaging()], 
        worker_debug=True, 
        worker_logdir_root=None, 
        worker_port_range=(54000, 55000), 
        worker_ports=None, 
        working_dir='/Users/ananthhariharan/Documents/Code/GitHub/Parsl-Project/test_htex_alternate'
    )], 
    garbage_collect=True, 
    initialize_logging=True, 
    internal_tasks_max_threads=10, 
    max_idletime=120.0, 
    monitoring=MonitoringHub(
        'localhost',
        client_address='127.0.0.1', 
        client_port_range=(55000, 56000), 
        hub_port=55055, 
        hub_port_range=(55050, 56000), 
        logdir=None, 
        logging_endpoint='sqlite:///monitoring.db', 
        monitoring_debug=False, 
        resource_monitoring_enabled=True, 
        resource_monitoring_interval=1, 
        workflow_name=None, 
        workflow_version=None
    ), 
    retries=2, 
    run_dir='runinfo', 
    strategy='simple', 
    usage_tracking=False
)
2021-07-16 19:29:36.045 parsl.dataflow.dflow:86 [INFO]  Parsl version: 1.1.0
2021-07-16 19:29:36.045 parsl.dataflow.usage_tracking.usage:125 [DEBUG]  Tracking status: False
2021-07-16 19:29:36.045 parsl.monitoring.monitoring:209 [INFO]  Monitoring Hub initialized
2021-07-16 19:29:36.045 parsl.monitoring.monitoring:211 [DEBUG]  Initializing ZMQ Pipes to client
2021-07-16 19:29:36.083 parsl.monitoring.monitoring:255 [INFO]  Started the Hub process 92655 and DBM process 92656
2021-07-16 19:29:36.099 parsl.dataflow.dflow:114 [INFO]  Run id is: 28fbdc90-82d1-4e03-b243-2cdd68cdfa59
2021-07-16 19:29:36.237 parsl.monitoring.monitoring:274 [DEBUG]  Sending message MessageType.WORKFLOW_INFO, {'python_version': '3.8.8', 'parsl_version': '1.1.0', 'time_began': datetime.datetime(2021, 7, 16, 19, 29, 36, 99882), 'time_completed': None, 'run_id': '28fbdc90-82d1-4e03-b243-2cdd68cdfa59', 'workflow_name': 'test.py', 'workflow_version': '2021-07-16 19:29:36', 'rundir': '/Users/ananthhariharan/Documents/Code/GitHub/Parsl-Project/runinfo/011', 'tasks_completed_count': 0, 'tasks_failed_count': 0, 'user': 'ananthhariharan', 'host': 'Ananths-Macbook.local'}
2021-07-16 19:29:36.238 parsl.dataflow.memoization:164 [INFO]  App caching initialized
2021-07-16 19:29:36.238 parsl.dataflow.strategy:127 [DEBUG]  Scaling strategy: simple
2021-07-16 19:29:36.241 parsl.executors.high_throughput.executor:468 [DEBUG]  Starting queue management thread
2021-07-16 19:29:36.241 parsl.executors.high_throughput.executor:358 [DEBUG]  [MTHREAD] queue management worker starting
2021-07-16 19:29:36.241 parsl.executors.high_throughput.executor:472 [DEBUG]  Started queue management thread
2021-07-16 19:29:36.256 parsl.executors.high_throughput.executor:319 [DEBUG]  Created management thread: <Thread(HTEX-Queue-Management-Thread, started daemon 123145498566656)>
2021-07-16 19:29:36.257 parsl.executors.high_throughput.executor:291 [DEBUG]  Launch command: process_worker_pool.py --debug --max_workers=3 -a Ananths-Macbook.local,206.189.29.228,10.31.2.198 -p 0 -c 1 -m None --poll 100 --task_port=54336 --result_port=54705 --logdir=/Users/ananthhariharan/Documents/Code/GitHub/Parsl-Project/runinfo/011/htex_Local --block_id={block_id} --hb_period=2  --hb_threshold=5 --cpu-affinity none 
2021-07-16 19:29:36.257 parsl.executors.high_throughput.executor:294 [DEBUG]  Starting HighThroughputExecutor with provider:
LocalProvider(
    channel=LocalChannel(
        envs={}, 
        script_dir='/Users/ananthhariharan/Documents/Code/GitHub/Parsl-Project/runinfo/011/submit_scripts', 
        userhome='/Users/ananthhariharan/Documents/Code/GitHub/Parsl-Project'
    ), 
    cmd_timeout=30, 
    init_blocks=0, 
    launcher=SingleNodeLauncher(debug=True, fail_on_any=False), 
    max_blocks=5, 
    min_blocks=0, 
    move_files=None, 
    nodes_per_block=1, 
    parallelism=1, 
    worker_init=''
)
2021-07-16 19:29:36.263 parsl.dataflow.task_status_poller:114 [DEBUG]  Adding executor htex_Local
2021-07-16 19:29:36.264 parsl.dataflow.task_status_poller:37 [INFO]  Monitoring enabled on task status poller
2021-07-16 19:29:36.275 parsl.dataflow.dflow:802 [DEBUG]  Task 0 will be sent to executor htex_Local
2021-07-16 19:29:36.275 parsl.dataflow.dflow:628 [DEBUG]  Adding output dependencies
2021-07-16 19:29:36.275 parsl.dataflow.dflow:881 [INFO]  Task 0 submitted for App app_F, not waiting on any dependency
2021-07-16 19:29:36.275 parsl.dataflow.dflow:889 [DEBUG]  Task 0 set to pending state with AppFuture: <AppFuture super=<AppFuture at 0x7fdb43730130 state=pending>>
2021-07-16 19:29:36.276 parsl.monitoring.monitoring:274 [DEBUG]  Sending message MessageType.TASK_INFO, {'task_func_name': 'app_F', 'task_memoize': False, 'task_hashsum': None, 'task_fail_count': 0, 'task_status': <States.pending: 0>, 'task_id': 0, 'task_time_invoked': datetime.datetime(2021, 7, 16, 19, 29, 36, 275530), 'task_try_time_launched': None, 'task_time_returned': None, 'task_try_time_returned': None, 'task_executor': 'htex_Local', 'run_id': '28fbdc90-82d1-4e03-b243-2cdd68cdfa59', 'try_id': 0, 'timestamp': datetime.datetime(2021, 7, 16, 19, 29, 36, 275907), 'task_status_name': 'pending', 'tasks_failed_count': 0, 'tasks_completed_count': 0, 'tasks_memo_completed_count': 0, 'from_memo': None, 'task_inputs': 'None', 'task_outputs': 'None', 'task_stdin': None, 'task_stdout': None, 'task_stderr': None, 'task_fail_history': '', 'task_depends': '', 'task_joins': None}
2021-07-16 19:29:36.276 parsl.dataflow.memoization:229 [DEBUG]  Task 0 will not be memoized
2021-07-16 19:29:36.276 parsl.executors.high_throughput.executor:557 [DEBUG]  Pushing function <function MonitoringHub.monitor_wrapper.<locals>.wrapped at 0x7fdb4372eee0> to queue with args ()
2021-07-16 19:29:36.278 parsl.monitoring.monitoring:274 [DEBUG]  Sending message MessageType.TASK_INFO, {'task_func_name': 'app_F', 'task_memoize': False, 'task_hashsum': None, 'task_fail_count': 0, 'task_status': <States.launched: 7>, 'task_id': 0, 'task_time_invoked': datetime.datetime(2021, 7, 16, 19, 29, 36, 275530), 'task_try_time_launched': datetime.datetime(2021, 7, 16, 19, 29, 36, 276469), 'task_time_returned': None, 'task_try_time_returned': None, 'task_executor': 'htex_Local', 'run_id': '28fbdc90-82d1-4e03-b243-2cdd68cdfa59', 'try_id': 0, 'timestamp': datetime.datetime(2021, 7, 16, 19, 29, 36, 278757), 'task_status_name': 'launched', 'tasks_failed_count': 0, 'tasks_completed_count': 0, 'tasks_memo_completed_count': 0, 'from_memo': False, 'task_inputs': 'None', 'task_outputs': 'None', 'task_stdin': None, 'task_stdout': None, 'task_stderr': None, 'task_fail_history': '', 'task_depends': '', 'task_joins': None}
2021-07-16 19:29:36.279 parsl.dataflow.dflow:591 [INFO]  Task 0 launched on executor htex_Local
2021-07-16 19:29:37.244 parsl.dataflow.task_status_poller:52 [DEBUG]  Sending message [] to hub from task status poller
2021-07-16 19:29:37.250 parsl.dataflow.strategy:205 [DEBUG]  Executor htex_Local has 1 active tasks, 0/0 running/pending blocks, and 0 connected workers
2021-07-16 19:29:37.250 parsl.dataflow.strategy:265 [DEBUG]  Requesting 1 more blocks
2021-07-16 19:29:37.251 parsl.providers.local.local:217 [DEBUG]  Launching in remote mode
2021-07-16 19:29:37.296 parsl.executors.high_throughput.executor:620 [DEBUG]  Launched block 0->92662
2021-07-16 19:29:37.296 parsl.dataflow.task_status_poller:52 [DEBUG]  Sending message [{'run_id': '28fbdc90-82d1-4e03-b243-2cdd68cdfa59', 'status': 'PENDING', 'timestamp': datetime.datetime(2021, 7, 16, 19, 29, 37, 296757), 'executor_label': 'htex_Local', 'job_id': '92662', 'block_id': '0'}] to hub from task status poller
2021-07-16 19:29:38.716 parsl.dataflow.dflow:442 [INFO]  Task 0 completed (launched -> exec_done)
2021-07-16 19:29:38.716 parsl.dataflow.dflow:802 [DEBUG]  Task 1 will be sent to executor htex_Local
2021-07-16 19:29:38.717 parsl.dataflow.dflow:628 [DEBUG]  Adding output dependencies
2021-07-16 19:29:38.717 parsl.dataflow.dflow:881 [INFO]  Task 1 submitted for App app_A, not waiting on any dependency
2021-07-16 19:29:38.717 parsl.dataflow.dflow:889 [DEBUG]  Task 1 set to pending state with AppFuture: <AppFuture super=<AppFuture at 0x7fdb43745550 state=pending>>
2021-07-16 19:29:38.718 parsl.monitoring.monitoring:274 [DEBUG]  Sending message MessageType.TASK_INFO, {'task_func_name': 'app_A', 'task_memoize': False, 'task_hashsum': None, 'task_fail_count': 0, 'task_status': <States.pending: 0>, 'task_id': 1, 'task_time_invoked': datetime.datetime(2021, 7, 16, 19, 29, 38, 717290), 'task_try_time_launched': None, 'task_time_returned': None, 'task_try_time_returned': None, 'task_executor': 'htex_Local', 'run_id': '28fbdc90-82d1-4e03-b243-2cdd68cdfa59', 'try_id': 0, 'timestamp': datetime.datetime(2021, 7, 16, 19, 29, 38, 718149), 'task_status_name': 'pending', 'tasks_failed_count': 0, 'tasks_completed_count': 1, 'tasks_memo_completed_count': 0, 'from_memo': None, 'task_inputs': 'None', 'task_outputs': 'None', 'task_stdin': None, 'task_stdout': None, 'task_stderr': None, 'task_fail_history': '', 'task_depends': '', 'task_joins': None}
2021-07-16 19:29:38.719 parsl.dataflow.memoization:229 [DEBUG]  Task 1 will not be memoized
2021-07-16 19:29:38.720 parsl.executors.high_throughput.executor:557 [DEBUG]  Pushing function <function MonitoringHub.monitor_wrapper.<locals>.wrapped at 0x7fdb43738430> to queue with args ()
2021-07-16 19:29:38.723 parsl.monitoring.monitoring:274 [DEBUG]  Sending message MessageType.TASK_INFO, {'task_func_name': 'app_A', 'task_memoize': False, 'task_hashsum': None, 'task_fail_count': 0, 'task_status': <States.launched: 7>, 'task_id': 1, 'task_time_invoked': datetime.datetime(2021, 7, 16, 19, 29, 38, 717290), 'task_try_time_launched': datetime.datetime(2021, 7, 16, 19, 29, 38, 719427), 'task_time_returned': None, 'task_try_time_returned': None, 'task_executor': 'htex_Local', 'run_id': '28fbdc90-82d1-4e03-b243-2cdd68cdfa59', 'try_id': 0, 'timestamp': datetime.datetime(2021, 7, 16, 19, 29, 38, 722775), 'task_status_name': 'launched', 'tasks_failed_count': 0, 'tasks_completed_count': 1, 'tasks_memo_completed_count': 0, 'from_memo': False, 'task_inputs': 'None', 'task_outputs': 'None', 'task_stdin': None, 'task_stdout': None, 'task_stderr': None, 'task_fail_history': '', 'task_depends': '', 'task_joins': None}
2021-07-16 19:29:38.723 parsl.dataflow.dflow:591 [INFO]  Task 1 launched on executor htex_Local
2021-07-16 19:29:38.723 parsl.dataflow.dflow:802 [DEBUG]  Task 2 will be sent to executor htex_Local
2021-07-16 19:29:38.724 parsl.dataflow.dflow:628 [DEBUG]  Adding output dependencies
2021-07-16 19:29:38.724 parsl.dataflow.dflow:881 [INFO]  Task 2 submitted for App app_B, not waiting on any dependency
2021-07-16 19:29:38.724 parsl.dataflow.dflow:889 [DEBUG]  Task 2 set to pending state with AppFuture: <AppFuture super=<AppFuture at 0x7fdb43745ca0 state=pending>>
2021-07-16 19:29:38.724 parsl.dataflow.dflow:1166 [WARNING]  No tasks checkpointed so far in this run. Please ensure caching is enabled
2021-07-16 19:29:38.724 parsl.monitoring.monitoring:274 [DEBUG]  Sending message MessageType.TASK_INFO, {'task_func_name': 'app_B', 'task_memoize': False, 'task_hashsum': None, 'task_fail_count': 0, 'task_status': <States.pending: 0>, 'task_id': 2, 'task_time_invoked': datetime.datetime(2021, 7, 16, 19, 29, 38, 723961), 'task_try_time_launched': None, 'task_time_returned': None, 'task_try_time_returned': None, 'task_executor': 'htex_Local', 'run_id': '28fbdc90-82d1-4e03-b243-2cdd68cdfa59', 'try_id': 0, 'timestamp': datetime.datetime(2021, 7, 16, 19, 29, 38, 724512), 'task_status_name': 'pending', 'tasks_failed_count': 0, 'tasks_completed_count': 1, 'tasks_memo_completed_count': 0, 'from_memo': None, 'task_inputs': 'None', 'task_outputs': 'None', 'task_stdin': None, 'task_stdout': None, 'task_stderr': None, 'task_fail_history': '', 'task_depends': '', 'task_joins': None}
2021-07-16 19:29:38.725 parsl.monitoring.monitoring:274 [DEBUG]  Sending message MessageType.TASK_INFO, {'task_func_name': 'app_F', 'task_memoize': False, 'task_hashsum': None, 'task_fail_count': 0, 'task_status': <States.exec_done: 3>, 'task_id': 0, 'task_time_invoked': datetime.datetime(2021, 7, 16, 19, 29, 36, 275530), 'task_try_time_launched': datetime.datetime(2021, 7, 16, 19, 29, 36, 276469), 'task_time_returned': datetime.datetime(2021, 7, 16, 19, 29, 38, 716485), 'task_try_time_returned': datetime.datetime(2021, 7, 16, 19, 29, 38, 715946), 'task_executor': 'htex_Local', 'run_id': '28fbdc90-82d1-4e03-b243-2cdd68cdfa59', 'try_id': 0, 'timestamp': datetime.datetime(2021, 7, 16, 19, 29, 38, 724880), 'task_status_name': 'exec_done', 'tasks_failed_count': 0, 'tasks_completed_count': 1, 'tasks_memo_completed_count': 0, 'from_memo': False, 'task_inputs': 'None', 'task_outputs': 'None', 'task_stdin': None, 'task_stdout': None, 'task_stderr': None, 'task_fail_history': '', 'task_depends': '', 'task_joins': None}
2021-07-16 19:29:38.725 parsl.dataflow.memoization:229 [DEBUG]  Task 2 will not be memoized
2021-07-16 19:29:38.725 parsl.executors.high_throughput.executor:557 [DEBUG]  Pushing function <function MonitoringHub.monitor_wrapper.<locals>.wrapped at 0x7fdb43738280> to queue with args ()
2021-07-16 19:29:38.727 parsl.monitoring.monitoring:274 [DEBUG]  Sending message MessageType.TASK_INFO, {'task_func_name': 'app_B', 'task_memoize': False, 'task_hashsum': None, 'task_fail_count': 0, 'task_status': <States.launched: 7>, 'task_id': 2, 'task_time_invoked': datetime.datetime(2021, 7, 16, 19, 29, 38, 723961), 'task_try_time_launched': datetime.datetime(2021, 7, 16, 19, 29, 38, 725371), 'task_time_returned': None, 'task_try_time_returned': None, 'task_executor': 'htex_Local', 'run_id': '28fbdc90-82d1-4e03-b243-2cdd68cdfa59', 'try_id': 0, 'timestamp': datetime.datetime(2021, 7, 16, 19, 29, 38, 727183), 'task_status_name': 'launched', 'tasks_failed_count': 0, 'tasks_completed_count': 1, 'tasks_memo_completed_count': 0, 'from_memo': False, 'task_inputs': 'None', 'task_outputs': 'None', 'task_stdin': None, 'task_stdout': None, 'task_stderr': None, 'task_fail_history': '', 'task_depends': '', 'task_joins': None}
2021-07-16 19:29:38.727 parsl.dataflow.dflow:591 [INFO]  Task 2 launched on executor htex_Local
2021-07-16 19:29:38.727 parsl.dataflow.dflow:802 [DEBUG]  Task 3 will be sent to executor htex_Local
2021-07-16 19:29:38.727 parsl.dataflow.dflow:628 [DEBUG]  Adding output dependencies
2021-07-16 19:29:38.728 parsl.dataflow.dflow:881 [INFO]  Task 3 submitted for App app_C, waiting on task 1, task 2
2021-07-16 19:29:38.728 parsl.dataflow.dflow:889 [DEBUG]  Task 3 set to pending state with AppFuture: <AppFuture super=<AppFuture at 0x7fdb4374e400 state=pending>>
2021-07-16 19:29:38.728 parsl.monitoring.monitoring:274 [DEBUG]  Sending message MessageType.TASK_INFO, {'task_func_name': 'app_C', 'task_memoize': False, 'task_hashsum': None, 'task_fail_count': 0, 'task_status': <States.pending: 0>, 'task_id': 3, 'task_time_invoked': datetime.datetime(2021, 7, 16, 19, 29, 38, 727888), 'task_try_time_launched': None, 'task_time_returned': None, 'task_try_time_returned': None, 'task_executor': 'htex_Local', 'run_id': '28fbdc90-82d1-4e03-b243-2cdd68cdfa59', 'try_id': 0, 'timestamp': datetime.datetime(2021, 7, 16, 19, 29, 38, 728321), 'task_status_name': 'pending', 'tasks_failed_count': 0, 'tasks_completed_count': 1, 'tasks_memo_completed_count': 0, 'from_memo': None, 'task_inputs': 'None', 'task_outputs': 'None', 'task_stdin': None, 'task_stdout': None, 'task_stderr': None, 'task_fail_history': '', 'task_depends': '1,2', 'task_joins': None}
2021-07-16 19:29:38.728 parsl.dataflow.dflow:802 [DEBUG]  Task 4 will be sent to executor htex_Local
2021-07-16 19:29:38.728 parsl.dataflow.dflow:628 [DEBUG]  Adding output dependencies
2021-07-16 19:29:38.729 parsl.dataflow.dflow:881 [INFO]  Task 4 submitted for App app_D, waiting on task 3
2021-07-16 19:29:38.729 parsl.dataflow.dflow:889 [DEBUG]  Task 4 set to pending state with AppFuture: <AppFuture super=<AppFuture at 0x7fdb4374e5e0 state=pending>>
2021-07-16 19:29:38.729 parsl.monitoring.monitoring:274 [DEBUG]  Sending message MessageType.TASK_INFO, {'task_func_name': 'app_D', 'task_memoize': False, 'task_hashsum': None, 'task_fail_count': 0, 'task_status': <States.pending: 0>, 'task_id': 4, 'task_time_invoked': datetime.datetime(2021, 7, 16, 19, 29, 38, 728905), 'task_try_time_launched': None, 'task_time_returned': None, 'task_try_time_returned': None, 'task_executor': 'htex_Local', 'run_id': '28fbdc90-82d1-4e03-b243-2cdd68cdfa59', 'try_id': 0, 'timestamp': datetime.datetime(2021, 7, 16, 19, 29, 38, 729171), 'task_status_name': 'pending', 'tasks_failed_count': 0, 'tasks_completed_count': 1, 'tasks_memo_completed_count': 0, 'from_memo': None, 'task_inputs': 'None', 'task_outputs': 'None', 'task_stdin': None, 'task_stdout': None, 'task_stderr': None, 'task_fail_history': '', 'task_depends': '3', 'task_joins': None}
2021-07-16 19:29:38.729 parsl.dataflow.dflow:802 [DEBUG]  Task 5 will be sent to executor htex_Local
2021-07-16 19:29:38.729 parsl.dataflow.dflow:628 [DEBUG]  Adding output dependencies
2021-07-16 19:29:38.729 parsl.dataflow.dflow:881 [INFO]  Task 5 submitted for App app_E, waiting on task 4
2021-07-16 19:29:38.730 parsl.dataflow.dflow:889 [DEBUG]  Task 5 set to pending state with AppFuture: <AppFuture super=<AppFuture at 0x7fdb4374e760 state=pending>>
2021-07-16 19:29:38.730 parsl.monitoring.monitoring:274 [DEBUG]  Sending message MessageType.TASK_INFO, {'task_func_name': 'app_E', 'task_memoize': False, 'task_hashsum': None, 'task_fail_count': 0, 'task_status': <States.pending: 0>, 'task_id': 5, 'task_time_invoked': datetime.datetime(2021, 7, 16, 19, 29, 38, 729784), 'task_try_time_launched': None, 'task_time_returned': None, 'task_try_time_returned': None, 'task_executor': 'htex_Local', 'run_id': '28fbdc90-82d1-4e03-b243-2cdd68cdfa59', 'try_id': 0, 'timestamp': datetime.datetime(2021, 7, 16, 19, 29, 38, 730082), 'task_status_name': 'pending', 'tasks_failed_count': 0, 'tasks_completed_count': 1, 'tasks_memo_completed_count': 0, 'from_memo': None, 'task_inputs': 'None', 'task_outputs': 'None', 'task_stdin': None, 'task_stdout': None, 'task_stderr': None, 'task_fail_history': '', 'task_depends': '4', 'task_joins': None}
2021-07-16 19:29:38.932 parsl.dataflow.dflow:442 [INFO]  Task 2 completed (launched -> exec_done)
2021-07-16 19:29:38.933 parsl.dataflow.dflow:1166 [WARNING]  No tasks checkpointed so far in this run. Please ensure caching is enabled
2021-07-16 19:29:38.934 parsl.monitoring.monitoring:274 [DEBUG]  Sending message MessageType.TASK_INFO, {'task_func_name': 'app_B', 'task_memoize': False, 'task_hashsum': None, 'task_fail_count': 0, 'task_status': <States.exec_done: 3>, 'task_id': 2, 'task_time_invoked': datetime.datetime(2021, 7, 16, 19, 29, 38, 723961), 'task_try_time_launched': datetime.datetime(2021, 7, 16, 19, 29, 38, 725371), 'task_time_returned': datetime.datetime(2021, 7, 16, 19, 29, 38, 932665), 'task_try_time_returned': datetime.datetime(2021, 7, 16, 19, 29, 38, 932290), 'task_executor': 'htex_Local', 'run_id': '28fbdc90-82d1-4e03-b243-2cdd68cdfa59', 'try_id': 0, 'timestamp': datetime.datetime(2021, 7, 16, 19, 29, 38, 934041), 'task_status_name': 'exec_done', 'tasks_failed_count': 0, 'tasks_completed_count': 2, 'tasks_memo_completed_count': 0, 'from_memo': False, 'task_inputs': 'None', 'task_outputs': 'None', 'task_stdin': None, 'task_stdout': None, 'task_stderr': None, 'task_fail_history': '', 'task_depends': '', 'task_joins': None}
2021-07-16 19:29:38.935 parsl.dataflow.dflow:442 [INFO]  Task 1 completed (launched -> exec_done)
2021-07-16 19:29:38.936 parsl.dataflow.dflow:1166 [WARNING]  No tasks checkpointed so far in this run. Please ensure caching is enabled
2021-07-16 19:29:38.936 parsl.dataflow.memoization:229 [DEBUG]  Task 3 will not be memoized
2021-07-16 19:29:38.937 parsl.executors.high_throughput.executor:557 [DEBUG]  Pushing function <function MonitoringHub.monitor_wrapper.<locals>.wrapped at 0x7fdb43738940> to queue with args (7, 3.0)
2021-07-16 19:29:38.939 parsl.monitoring.monitoring:274 [DEBUG]  Sending message MessageType.TASK_INFO, {'task_func_name': 'app_C', 'task_memoize': False, 'task_hashsum': None, 'task_fail_count': 0, 'task_status': <States.launched: 7>, 'task_id': 3, 'task_time_invoked': datetime.datetime(2021, 7, 16, 19, 29, 38, 727888), 'task_try_time_launched': datetime.datetime(2021, 7, 16, 19, 29, 38, 936885), 'task_time_returned': None, 'task_try_time_returned': None, 'task_executor': 'htex_Local', 'run_id': '28fbdc90-82d1-4e03-b243-2cdd68cdfa59', 'try_id': 0, 'timestamp': datetime.datetime(2021, 7, 16, 19, 29, 38, 939238), 'task_status_name': 'launched', 'tasks_failed_count': 0, 'tasks_completed_count': 3, 'tasks_memo_completed_count': 0, 'from_memo': False, 'task_inputs': 'None', 'task_outputs': 'None', 'task_stdin': None, 'task_stdout': None, 'task_stderr': None, 'task_fail_history': '', 'task_depends': '1,2', 'task_joins': None}
2021-07-16 19:29:38.939 parsl.dataflow.dflow:591 [INFO]  Task 3 launched on executor htex_Local
2021-07-16 19:29:38.940 parsl.monitoring.monitoring:274 [DEBUG]  Sending message MessageType.TASK_INFO, {'task_func_name': 'app_A', 'task_memoize': False, 'task_hashsum': None, 'task_fail_count': 0, 'task_status': <States.exec_done: 3>, 'task_id': 1, 'task_time_invoked': datetime.datetime(2021, 7, 16, 19, 29, 38, 717290), 'task_try_time_launched': datetime.datetime(2021, 7, 16, 19, 29, 38, 719427), 'task_time_returned': datetime.datetime(2021, 7, 16, 19, 29, 38, 935596), 'task_try_time_returned': datetime.datetime(2021, 7, 16, 19, 29, 38, 935310), 'task_executor': 'htex_Local', 'run_id': '28fbdc90-82d1-4e03-b243-2cdd68cdfa59', 'try_id': 0, 'timestamp': datetime.datetime(2021, 7, 16, 19, 29, 38, 939946), 'task_status_name': 'exec_done', 'tasks_failed_count': 0, 'tasks_completed_count': 3, 'tasks_memo_completed_count': 0, 'from_memo': False, 'task_inputs': 'None', 'task_outputs': 'None', 'task_stdin': None, 'task_stdout': None, 'task_stderr': None, 'task_fail_history': '', 'task_depends': '', 'task_joins': None}
2021-07-16 19:29:39.129 parsl.dataflow.dflow:442 [INFO]  Task 3 completed (launched -> exec_done)
2021-07-16 19:29:39.130 parsl.dataflow.dflow:1166 [WARNING]  No tasks checkpointed so far in this run. Please ensure caching is enabled
2021-07-16 19:29:39.130 parsl.dataflow.memoization:229 [DEBUG]  Task 4 will not be memoized
2021-07-16 19:29:39.131 parsl.executors.high_throughput.executor:557 [DEBUG]  Pushing function <function MonitoringHub.monitor_wrapper.<locals>.wrapped at 0x7fdb43738b80> to queue with args (10, 7, 10.0)
2021-07-16 19:29:39.133 parsl.monitoring.monitoring:274 [DEBUG]  Sending message MessageType.TASK_INFO, {'task_func_name': 'app_D', 'task_memoize': False, 'task_hashsum': None, 'task_fail_count': 0, 'task_status': <States.launched: 7>, 'task_id': 4, 'task_time_invoked': datetime.datetime(2021, 7, 16, 19, 29, 38, 728905), 'task_try_time_launched': datetime.datetime(2021, 7, 16, 19, 29, 39, 130582), 'task_time_returned': None, 'task_try_time_returned': None, 'task_executor': 'htex_Local', 'run_id': '28fbdc90-82d1-4e03-b243-2cdd68cdfa59', 'try_id': 0, 'timestamp': datetime.datetime(2021, 7, 16, 19, 29, 39, 133398), 'task_status_name': 'launched', 'tasks_failed_count': 0, 'tasks_completed_count': 4, 'tasks_memo_completed_count': 0, 'from_memo': False, 'task_inputs': 'None', 'task_outputs': 'None', 'task_stdin': None, 'task_stdout': None, 'task_stderr': None, 'task_fail_history': '', 'task_depends': '3', 'task_joins': None}
2021-07-16 19:29:39.134 parsl.dataflow.dflow:591 [INFO]  Task 4 launched on executor htex_Local
2021-07-16 19:29:39.134 parsl.monitoring.monitoring:274 [DEBUG]  Sending message MessageType.TASK_INFO, {'task_func_name': 'app_C', 'task_memoize': False, 'task_hashsum': None, 'task_fail_count': 0, 'task_status': <States.exec_done: 3>, 'task_id': 3, 'task_time_invoked': datetime.datetime(2021, 7, 16, 19, 29, 38, 727888), 'task_try_time_launched': datetime.datetime(2021, 7, 16, 19, 29, 38, 936885), 'task_time_returned': datetime.datetime(2021, 7, 16, 19, 29, 39, 129652), 'task_try_time_returned': datetime.datetime(2021, 7, 16, 19, 29, 39, 129379), 'task_executor': 'htex_Local', 'run_id': '28fbdc90-82d1-4e03-b243-2cdd68cdfa59', 'try_id': 0, 'timestamp': datetime.datetime(2021, 7, 16, 19, 29, 39, 134585), 'task_status_name': 'exec_done', 'tasks_failed_count': 0, 'tasks_completed_count': 4, 'tasks_memo_completed_count': 0, 'from_memo': False, 'task_inputs': 'None', 'task_outputs': 'None', 'task_stdin': None, 'task_stdout': None, 'task_stderr': None, 'task_fail_history': '', 'task_depends': '1,2', 'task_joins': None}
2021-07-16 19:29:39.342 parsl.dataflow.dflow:442 [INFO]  Task 4 completed (launched -> exec_done)
2021-07-16 19:29:39.343 parsl.dataflow.dflow:1166 [WARNING]  No tasks checkpointed so far in this run. Please ensure caching is enabled
2021-07-16 19:29:39.343 parsl.dataflow.memoization:229 [DEBUG]  Task 5 will not be memoized
2021-07-16 19:29:39.344 parsl.executors.high_throughput.executor:557 [DEBUG]  Pushing function <function MonitoringHub.monitor_wrapper.<locals>.wrapped at 0x7fdb43738dc0> to queue with args (10,)
2021-07-16 19:29:39.347 parsl.monitoring.monitoring:274 [DEBUG]  Sending message MessageType.TASK_INFO, {'task_func_name': 'app_E', 'task_memoize': False, 'task_hashsum': None, 'task_fail_count': 0, 'task_status': <States.launched: 7>, 'task_id': 5, 'task_time_invoked': datetime.datetime(2021, 7, 16, 19, 29, 38, 729784), 'task_try_time_launched': datetime.datetime(2021, 7, 16, 19, 29, 39, 343674), 'task_time_returned': None, 'task_try_time_returned': None, 'task_executor': 'htex_Local', 'run_id': '28fbdc90-82d1-4e03-b243-2cdd68cdfa59', 'try_id': 0, 'timestamp': datetime.datetime(2021, 7, 16, 19, 29, 39, 346804), 'task_status_name': 'launched', 'tasks_failed_count': 0, 'tasks_completed_count': 5, 'tasks_memo_completed_count': 0, 'from_memo': False, 'task_inputs': 'None', 'task_outputs': 'None', 'task_stdin': None, 'task_stdout': None, 'task_stderr': None, 'task_fail_history': '', 'task_depends': '4', 'task_joins': None}
2021-07-16 19:29:39.347 parsl.dataflow.dflow:591 [INFO]  Task 5 launched on executor htex_Local
2021-07-16 19:29:39.348 parsl.monitoring.monitoring:274 [DEBUG]  Sending message MessageType.TASK_INFO, {'task_func_name': 'app_D', 'task_memoize': False, 'task_hashsum': None, 'task_fail_count': 0, 'task_status': <States.exec_done: 3>, 'task_id': 4, 'task_time_invoked': datetime.datetime(2021, 7, 16, 19, 29, 38, 728905), 'task_try_time_launched': datetime.datetime(2021, 7, 16, 19, 29, 39, 130582), 'task_time_returned': datetime.datetime(2021, 7, 16, 19, 29, 39, 342679), 'task_try_time_returned': datetime.datetime(2021, 7, 16, 19, 29, 39, 342395), 'task_executor': 'htex_Local', 'run_id': '28fbdc90-82d1-4e03-b243-2cdd68cdfa59', 'try_id': 0, 'timestamp': datetime.datetime(2021, 7, 16, 19, 29, 39, 348199), 'task_status_name': 'exec_done', 'tasks_failed_count': 0, 'tasks_completed_count': 5, 'tasks_memo_completed_count': 0, 'from_memo': False, 'task_inputs': 'None', 'task_outputs': 'None', 'task_stdin': None, 'task_stdout': None, 'task_stderr': None, 'task_fail_history': '', 'task_depends': '3', 'task_joins': None}
2021-07-16 19:29:39.552 parsl.dataflow.dflow:442 [INFO]  Task 5 completed (launched -> exec_done)
2021-07-16 19:29:39.553 parsl.dataflow.dflow:1037 [INFO]  DFK cleanup initiated
2021-07-16 19:29:39.553 parsl.dataflow.dflow:927 [INFO]  Summary of tasks in DFK:
2021-07-16 19:29:39.554 parsl.dataflow.dflow:941 [INFO]  Tasks in state States.exec_done: 6
2021-07-16 19:29:39.554 parsl.dataflow.dflow:947 [INFO]  End of summary
2021-07-16 19:29:39.554 parsl.dataflow.dflow:1166 [WARNING]  No tasks checkpointed so far in this run. Please ensure caching is enabled
2021-07-16 19:29:39.555 parsl.monitoring.monitoring:274 [DEBUG]  Sending message MessageType.TASK_INFO, {'task_func_name': 'app_E', 'task_memoize': False, 'task_hashsum': None, 'task_fail_count': 0, 'task_status': <States.exec_done: 3>, 'task_id': 5, 'task_time_invoked': datetime.datetime(2021, 7, 16, 19, 29, 38, 729784), 'task_try_time_launched': datetime.datetime(2021, 7, 16, 19, 29, 39, 343674), 'task_time_returned': datetime.datetime(2021, 7, 16, 19, 29, 39, 553093), 'task_try_time_returned': datetime.datetime(2021, 7, 16, 19, 29, 39, 552848), 'task_executor': 'htex_Local', 'run_id': '28fbdc90-82d1-4e03-b243-2cdd68cdfa59', 'try_id': 0, 'timestamp': datetime.datetime(2021, 7, 16, 19, 29, 39, 554849), 'task_status_name': 'exec_done', 'tasks_failed_count': 0, 'tasks_completed_count': 6, 'tasks_memo_completed_count': 0, 'from_memo': False, 'task_inputs': 'None', 'task_outputs': 'None', 'task_stdin': None, 'task_stdout': None, 'task_stderr': None, 'task_fail_history': '', 'task_depends': '4', 'task_joins': None}
2021-07-16 19:29:39.556 parsl.dataflow.dflow:1166 [WARNING]  No tasks checkpointed so far in this run. Please ensure caching is enabled
2021-07-16 19:29:39.556 parsl.dataflow.dflow:1061 [INFO]  Terminating flow_control and strategy threads
2021-07-16 19:29:39.559 parsl.executors.high_throughput.executor:688 [DEBUG]  Current blocks : {'0': '92662'}
2021-07-16 19:29:39.560 parsl.executors.high_throughput.executor:521 [DEBUG]  [HOLD_BLOCK]: Sending hold to manager: ec4aeb2916d1
2021-07-16 19:29:39.563 parsl.executors.high_throughput.executor:490 [DEBUG]  Sent hold request to worker: ec4aeb2916d1
2021-07-16 19:29:39.563 parsl.providers.local.local:266 [DEBUG]  Terminating job/proc_id: 92662
2021-07-16 19:29:39.586 parsl.dataflow.dflow:1074 [DEBUG]  Sending message [{'run_id': '28fbdc90-82d1-4e03-b243-2cdd68cdfa59', 'status': 'CANCELLED', 'timestamp': datetime.datetime(2021, 7, 16, 19, 29, 39, 586115), 'executor_label': 'htex_Local', 'job_id': '92662', 'block_id': '0'}] to hub from DFK
2021-07-16 19:29:39.587 parsl.monitoring.monitoring:274 [DEBUG]  Sending message MessageType.BLOCK_INFO, [{'run_id': '28fbdc90-82d1-4e03-b243-2cdd68cdfa59', 'status': 'CANCELLED', 'timestamp': datetime.datetime(2021, 7, 16, 19, 29, 39, 586115), 'executor_label': 'htex_Local', 'job_id': '92662', 'block_id': '0'}]
2021-07-16 19:29:39.588 parsl.executors.high_throughput.executor:727 [INFO]  Attempting HighThroughputExecutor shutdown
2021-07-16 19:29:39.588 parsl.executors.high_throughput.executor:729 [INFO]  Finished HighThroughputExecutor shutdown attempt
2021-07-16 19:29:39.588 parsl.executors.threads:101 [DEBUG]  Done with executor shutdown
2021-07-16 19:29:39.589 parsl.monitoring.monitoring:274 [DEBUG]  Sending message MessageType.WORKFLOW_INFO, {'tasks_failed_count': 0, 'tasks_completed_count': 6, 'time_began': datetime.datetime(2021, 7, 16, 19, 29, 36, 99882), 'time_completed': datetime.datetime(2021, 7, 16, 19, 29, 39, 588898), 'run_id': '28fbdc90-82d1-4e03-b243-2cdd68cdfa59', 'rundir': '/Users/ananthhariharan/Documents/Code/GitHub/Parsl-Project/runinfo/011'}
2021-07-16 19:29:39.589 parsl.monitoring.monitoring:283 [INFO]  Terminating Monitoring Hub
2021-07-16 19:29:39.591 parsl.monitoring.monitoring:300 [INFO]  Waiting for Hub to receive all messages and terminate
2021-07-16 19:29:42.617 parsl.process_loggers:28 [DEBUG]  Normal ending for router_starter on thread MainThread
2021-07-16 19:29:42.622 parsl.monitoring.monitoring:302 [DEBUG]  Finished waiting for Hub termination
2021-07-16 19:29:42.748 parsl.monitoring.monitoring:306 [DEBUG]  Finished waiting for DBM termination
2021-07-16 19:29:42.748 parsl.dataflow.dflow:1090 [INFO]  DFK cleanup complete
