2021-07-22 15:06:14.555 parsl.dataflow.dflow:84 [DEBUG]  Starting DataFlowKernel with config
Config(
    app_cache=True, 
    checkpoint_files=None, 
    checkpoint_mode='task_exit', 
    checkpoint_period=None, 
    executors=[HighThroughputExecutor(
        address=None, 
        address_probe_timeout=None, 
        cores_per_worker=1, 
        cpu_affinity='none', 
        heartbeat_period=2, 
        heartbeat_threshold=5, 
        interchange_port_range=(55000, 56000), 
        label='htex_Local', 
        launch_cmd='process_worker_pool.py {debug} {max_workers} -a {addresses} -p {prefetch_capacity} -c {cores_per_worker} -m {mem_per_worker} --poll {poll_period} --task_port={task_port} --result_port={result_port} --logdir={logdir} --block_id={{block_id}} --hb_period={heartbeat_period} {address_probe_timeout_string} --hb_threshold={heartbeat_threshold} --cpu-affinity {cpu_affinity} ', 
        managed=True, 
        max_workers=3, 
        mem_per_worker=None, 
        poll_period=100, 
        prefetch_capacity=0, 
        provider=LocalProvider(
            channel=LocalChannel(
                envs={}, 
                script_dir=None, 
                userhome='/Users/ananthhariharan/Documents/Code/GitHub/Parsl-Project'
            ), 
            cmd_timeout=30, 
            init_blocks=0, 
            launcher=SingleNodeLauncher(debug=True, fail_on_any=False), 
            max_blocks=5, 
            min_blocks=0, 
            move_files=None, 
            nodes_per_block=1, 
            parallelism=1, 
            worker_init=''
        ), 
        storage_access=[FTPInTaskStaging(), HTTPInTaskStaging(), NoOpFileStaging()], 
        worker_debug=True, 
        worker_logdir_root=None, 
        worker_port_range=(54000, 55000), 
        worker_ports=None, 
        working_dir='/Users/ananthhariharan/Documents/Code/GitHub/Parsl-Project/test_htex_alternate'
    )], 
    garbage_collect=True, 
    initialize_logging=True, 
    internal_tasks_max_threads=10, 
    max_idletime=120.0, 
    monitoring=MonitoringHub(
        'localhost',
        client_address='127.0.0.1', 
        client_port_range=(55000, 56000), 
        hub_port=55055, 
        hub_port_range=(55050, 56000), 
        logdir=None, 
        logging_endpoint='sqlite:///monitoring.db', 
        monitoring_debug=False, 
        resource_monitoring_enabled=True, 
        resource_monitoring_interval=1, 
        workflow_name=None, 
        workflow_version=None
    ), 
    retries=2, 
    run_dir='runinfo', 
    strategy='simple', 
    usage_tracking=False
)
2021-07-22 15:06:14.555 parsl.dataflow.dflow:86 [INFO]  Parsl version: 1.1.0
2021-07-22 15:06:14.555 parsl.dataflow.usage_tracking.usage:125 [DEBUG]  Tracking status: False
2021-07-22 15:06:14.556 parsl.monitoring.monitoring:209 [INFO]  Monitoring Hub initialized
2021-07-22 15:06:14.556 parsl.monitoring.monitoring:211 [DEBUG]  Initializing ZMQ Pipes to client
2021-07-22 15:06:14.593 parsl.monitoring.monitoring:255 [INFO]  Started the Hub process 12688 and DBM process 12689
2021-07-22 15:06:14.613 parsl.dataflow.dflow:114 [INFO]  Run id is: 14dcf2f7-622f-4409-a7f9-2461aeea90b0
2021-07-22 15:06:14.785 parsl.monitoring.monitoring:274 [DEBUG]  Sending message MessageType.WORKFLOW_INFO, {'python_version': '3.8.8', 'parsl_version': '1.1.0', 'time_began': datetime.datetime(2021, 7, 22, 15, 6, 14, 612996), 'time_completed': None, 'run_id': '14dcf2f7-622f-4409-a7f9-2461aeea90b0', 'workflow_name': 'test.py', 'workflow_version': '2021-07-22 15:06:14', 'rundir': '/Users/ananthhariharan/Documents/Code/GitHub/Parsl-Project/runinfo/018', 'tasks_completed_count': 0, 'tasks_failed_count': 0, 'user': 'ananthhariharan', 'host': 'Ananths-Macbook.local'}
2021-07-22 15:06:14.786 parsl.dataflow.memoization:164 [INFO]  App caching initialized
2021-07-22 15:06:14.786 parsl.dataflow.strategy:127 [DEBUG]  Scaling strategy: simple
2021-07-22 15:06:14.789 parsl.executors.high_throughput.executor:468 [DEBUG]  Starting queue management thread
2021-07-22 15:06:14.790 parsl.executors.high_throughput.executor:358 [DEBUG]  [MTHREAD] queue management worker starting
2021-07-22 15:06:14.790 parsl.executors.high_throughput.executor:472 [DEBUG]  Started queue management thread
2021-07-22 15:06:14.809 parsl.executors.high_throughput.executor:319 [DEBUG]  Created management thread: <Thread(HTEX-Queue-Management-Thread, started daemon 123145411440640)>
2021-07-22 15:06:14.811 parsl.executors.high_throughput.executor:291 [DEBUG]  Launch command: process_worker_pool.py --debug --max_workers=3 -a 192.168.4.29,Ananths-Macbook.local,69.174.173.76 -p 0 -c 1 -m None --poll 100 --task_port=54574 --result_port=54977 --logdir=/Users/ananthhariharan/Documents/Code/GitHub/Parsl-Project/runinfo/018/htex_Local --block_id={block_id} --hb_period=2  --hb_threshold=5 --cpu-affinity none 
2021-07-22 15:06:14.811 parsl.executors.high_throughput.executor:294 [DEBUG]  Starting HighThroughputExecutor with provider:
LocalProvider(
    channel=LocalChannel(
        envs={}, 
        script_dir='/Users/ananthhariharan/Documents/Code/GitHub/Parsl-Project/runinfo/018/submit_scripts', 
        userhome='/Users/ananthhariharan/Documents/Code/GitHub/Parsl-Project'
    ), 
    cmd_timeout=30, 
    init_blocks=0, 
    launcher=SingleNodeLauncher(debug=True, fail_on_any=False), 
    max_blocks=5, 
    min_blocks=0, 
    move_files=None, 
    nodes_per_block=1, 
    parallelism=1, 
    worker_init=''
)
2021-07-22 15:06:14.818 parsl.dataflow.task_status_poller:114 [DEBUG]  Adding executor htex_Local
2021-07-22 15:06:14.820 parsl.dataflow.task_status_poller:37 [INFO]  Monitoring enabled on task status poller
2021-07-22 15:06:14.830 parsl.dataflow.dflow:802 [DEBUG]  Task 0 will be sent to executor htex_Local
2021-07-22 15:06:14.831 parsl.dataflow.dflow:628 [DEBUG]  Adding output dependencies
2021-07-22 15:06:14.831 parsl.dataflow.dflow:881 [INFO]  Task 0 submitted for App app_F, not waiting on any dependency
2021-07-22 15:06:14.831 parsl.dataflow.dflow:889 [DEBUG]  Task 0 set to pending state with AppFuture: <AppFuture super=<AppFuture at 0x7faf49e47130 state=pending>>
2021-07-22 15:06:14.832 parsl.monitoring.monitoring:274 [DEBUG]  Sending message MessageType.TASK_INFO, {'task_func_name': 'app_F', 'task_memoize': False, 'task_hashsum': None, 'task_fail_count': 0, 'task_status': <States.pending: 0>, 'task_id': 0, 'task_time_invoked': datetime.datetime(2021, 7, 22, 15, 6, 14, 831203), 'task_try_time_launched': None, 'task_time_returned': None, 'task_try_time_returned': None, 'task_executor': 'htex_Local', 'run_id': '14dcf2f7-622f-4409-a7f9-2461aeea90b0', 'try_id': 0, 'timestamp': datetime.datetime(2021, 7, 22, 15, 6, 14, 831746), 'task_status_name': 'pending', 'tasks_failed_count': 0, 'tasks_completed_count': 0, 'tasks_memo_completed_count': 0, 'from_memo': None, 'task_inputs': 'None', 'task_outputs': 'None', 'task_stdin': None, 'task_stdout': None, 'task_stderr': None, 'task_fail_history': '', 'task_depends': '', 'task_joins': None}
2021-07-22 15:06:14.832 parsl.dataflow.memoization:229 [DEBUG]  Task 0 will not be memoized
2021-07-22 15:06:14.833 parsl.executors.high_throughput.executor:557 [DEBUG]  Pushing function <function MonitoringHub.monitor_wrapper.<locals>.wrapped at 0x7faf49e44ee0> to queue with args ()
2021-07-22 15:06:14.835 parsl.monitoring.monitoring:274 [DEBUG]  Sending message MessageType.TASK_INFO, {'task_func_name': 'app_F', 'task_memoize': False, 'task_hashsum': None, 'task_fail_count': 0, 'task_status': <States.launched: 7>, 'task_id': 0, 'task_time_invoked': datetime.datetime(2021, 7, 22, 15, 6, 14, 831203), 'task_try_time_launched': datetime.datetime(2021, 7, 22, 15, 6, 14, 832619), 'task_time_returned': None, 'task_try_time_returned': None, 'task_executor': 'htex_Local', 'run_id': '14dcf2f7-622f-4409-a7f9-2461aeea90b0', 'try_id': 0, 'timestamp': datetime.datetime(2021, 7, 22, 15, 6, 14, 835404), 'task_status_name': 'launched', 'tasks_failed_count': 0, 'tasks_completed_count': 0, 'tasks_memo_completed_count': 0, 'from_memo': False, 'task_inputs': 'None', 'task_outputs': 'None', 'task_stdin': None, 'task_stdout': None, 'task_stderr': None, 'task_fail_history': '', 'task_depends': '', 'task_joins': None}
2021-07-22 15:06:14.836 parsl.dataflow.dflow:591 [INFO]  Task 0 launched on executor htex_Local
2021-07-22 15:06:15.791 parsl.dataflow.task_status_poller:52 [DEBUG]  Sending message [] to hub from task status poller
2021-07-22 15:06:15.797 parsl.dataflow.strategy:205 [DEBUG]  Executor htex_Local has 1 active tasks, 0/0 running/pending blocks, and 0 connected workers
2021-07-22 15:06:15.797 parsl.dataflow.strategy:265 [DEBUG]  Requesting 1 more blocks
2021-07-22 15:06:15.798 parsl.providers.local.local:217 [DEBUG]  Launching in remote mode
2021-07-22 15:06:15.882 parsl.executors.high_throughput.executor:620 [DEBUG]  Launched block 0->12695
2021-07-22 15:06:15.884 parsl.dataflow.task_status_poller:52 [DEBUG]  Sending message [{'run_id': '14dcf2f7-622f-4409-a7f9-2461aeea90b0', 'status': 'PENDING', 'timestamp': datetime.datetime(2021, 7, 22, 15, 6, 15, 884126), 'executor_label': 'htex_Local', 'job_id': '12695', 'block_id': '0'}] to hub from task status poller
2021-07-22 15:06:17.590 parsl.dataflow.dflow:442 [INFO]  Task 0 completed (launched -> exec_done)
2021-07-22 15:06:17.590 parsl.dataflow.dflow:802 [DEBUG]  Task 1 will be sent to executor htex_Local
2021-07-22 15:06:17.591 parsl.dataflow.dflow:628 [DEBUG]  Adding output dependencies
2021-07-22 15:06:17.591 parsl.dataflow.dflow:881 [INFO]  Task 1 submitted for App app_A, not waiting on any dependency
2021-07-22 15:06:17.591 parsl.dataflow.dflow:889 [DEBUG]  Task 1 set to pending state with AppFuture: <AppFuture super=<AppFuture at 0x7faf49e58550 state=pending>>
2021-07-22 15:06:17.592 parsl.monitoring.monitoring:274 [DEBUG]  Sending message MessageType.TASK_INFO, {'task_func_name': 'app_A', 'task_memoize': False, 'task_hashsum': None, 'task_fail_count': 0, 'task_status': <States.pending: 0>, 'task_id': 1, 'task_time_invoked': datetime.datetime(2021, 7, 22, 15, 6, 17, 591245), 'task_try_time_launched': None, 'task_time_returned': None, 'task_try_time_returned': None, 'task_executor': 'htex_Local', 'run_id': '14dcf2f7-622f-4409-a7f9-2461aeea90b0', 'try_id': 0, 'timestamp': datetime.datetime(2021, 7, 22, 15, 6, 17, 592015), 'task_status_name': 'pending', 'tasks_failed_count': 0, 'tasks_completed_count': 1, 'tasks_memo_completed_count': 0, 'from_memo': None, 'task_inputs': 'None', 'task_outputs': 'None', 'task_stdin': None, 'task_stdout': None, 'task_stderr': None, 'task_fail_history': '', 'task_depends': '', 'task_joins': None}
2021-07-22 15:06:17.593 parsl.dataflow.memoization:229 [DEBUG]  Task 1 will not be memoized
2021-07-22 15:06:17.593 parsl.executors.high_throughput.executor:557 [DEBUG]  Pushing function <function MonitoringHub.monitor_wrapper.<locals>.wrapped at 0x7faf49e4c430> to queue with args ()
2021-07-22 15:06:17.594 parsl.dataflow.dflow:1166 [WARNING]  No tasks checkpointed so far in this run. Please ensure caching is enabled
2021-07-22 15:06:17.596 parsl.monitoring.monitoring:274 [DEBUG]  Sending message MessageType.TASK_INFO, {'task_func_name': 'app_F', 'task_memoize': False, 'task_hashsum': None, 'task_fail_count': 0, 'task_status': <States.exec_done: 3>, 'task_id': 0, 'task_time_invoked': datetime.datetime(2021, 7, 22, 15, 6, 14, 831203), 'task_try_time_launched': datetime.datetime(2021, 7, 22, 15, 6, 14, 832619), 'task_time_returned': datetime.datetime(2021, 7, 22, 15, 6, 17, 590499), 'task_try_time_returned': datetime.datetime(2021, 7, 22, 15, 6, 17, 589875), 'task_executor': 'htex_Local', 'run_id': '14dcf2f7-622f-4409-a7f9-2461aeea90b0', 'try_id': 0, 'timestamp': datetime.datetime(2021, 7, 22, 15, 6, 17, 595924), 'task_status_name': 'exec_done', 'tasks_failed_count': 0, 'tasks_completed_count': 1, 'tasks_memo_completed_count': 0, 'from_memo': False, 'task_inputs': 'None', 'task_outputs': 'None', 'task_stdin': None, 'task_stdout': None, 'task_stderr': None, 'task_fail_history': '', 'task_depends': '', 'task_joins': None}
2021-07-22 15:06:17.597 parsl.monitoring.monitoring:274 [DEBUG]  Sending message MessageType.TASK_INFO, {'task_func_name': 'app_A', 'task_memoize': False, 'task_hashsum': None, 'task_fail_count': 0, 'task_status': <States.launched: 7>, 'task_id': 1, 'task_time_invoked': datetime.datetime(2021, 7, 22, 15, 6, 17, 591245), 'task_try_time_launched': datetime.datetime(2021, 7, 22, 15, 6, 17, 593043), 'task_time_returned': None, 'task_try_time_returned': None, 'task_executor': 'htex_Local', 'run_id': '14dcf2f7-622f-4409-a7f9-2461aeea90b0', 'try_id': 0, 'timestamp': datetime.datetime(2021, 7, 22, 15, 6, 17, 596471), 'task_status_name': 'launched', 'tasks_failed_count': 0, 'tasks_completed_count': 1, 'tasks_memo_completed_count': 0, 'from_memo': False, 'task_inputs': 'None', 'task_outputs': 'None', 'task_stdin': None, 'task_stdout': None, 'task_stderr': None, 'task_fail_history': '', 'task_depends': '', 'task_joins': None}
2021-07-22 15:06:17.597 parsl.dataflow.dflow:591 [INFO]  Task 1 launched on executor htex_Local
2021-07-22 15:06:17.598 parsl.dataflow.dflow:802 [DEBUG]  Task 2 will be sent to executor htex_Local
2021-07-22 15:06:17.598 parsl.dataflow.dflow:628 [DEBUG]  Adding output dependencies
2021-07-22 15:06:17.598 parsl.dataflow.dflow:881 [INFO]  Task 2 submitted for App app_B, not waiting on any dependency
2021-07-22 15:06:17.598 parsl.dataflow.dflow:889 [DEBUG]  Task 2 set to pending state with AppFuture: <AppFuture super=<AppFuture at 0x7faf49e58730 state=pending>>
2021-07-22 15:06:17.598 parsl.monitoring.monitoring:274 [DEBUG]  Sending message MessageType.TASK_INFO, {'task_func_name': 'app_B', 'task_memoize': False, 'task_hashsum': None, 'task_fail_count': 0, 'task_status': <States.pending: 0>, 'task_id': 2, 'task_time_invoked': datetime.datetime(2021, 7, 22, 15, 6, 17, 598262), 'task_try_time_launched': None, 'task_time_returned': None, 'task_try_time_returned': None, 'task_executor': 'htex_Local', 'run_id': '14dcf2f7-622f-4409-a7f9-2461aeea90b0', 'try_id': 0, 'timestamp': datetime.datetime(2021, 7, 22, 15, 6, 17, 598620), 'task_status_name': 'pending', 'tasks_failed_count': 0, 'tasks_completed_count': 1, 'tasks_memo_completed_count': 0, 'from_memo': None, 'task_inputs': 'None', 'task_outputs': 'None', 'task_stdin': None, 'task_stdout': None, 'task_stderr': None, 'task_fail_history': '', 'task_depends': '', 'task_joins': None}
2021-07-22 15:06:17.599 parsl.dataflow.memoization:229 [DEBUG]  Task 2 will not be memoized
2021-07-22 15:06:17.600 parsl.executors.high_throughput.executor:557 [DEBUG]  Pushing function <function MonitoringHub.monitor_wrapper.<locals>.wrapped at 0x7faf49e4c280> to queue with args ()
2021-07-22 15:06:17.603 parsl.monitoring.monitoring:274 [DEBUG]  Sending message MessageType.TASK_INFO, {'task_func_name': 'app_B', 'task_memoize': False, 'task_hashsum': None, 'task_fail_count': 0, 'task_status': <States.launched: 7>, 'task_id': 2, 'task_time_invoked': datetime.datetime(2021, 7, 22, 15, 6, 17, 598262), 'task_try_time_launched': datetime.datetime(2021, 7, 22, 15, 6, 17, 599303), 'task_time_returned': None, 'task_try_time_returned': None, 'task_executor': 'htex_Local', 'run_id': '14dcf2f7-622f-4409-a7f9-2461aeea90b0', 'try_id': 0, 'timestamp': datetime.datetime(2021, 7, 22, 15, 6, 17, 602620), 'task_status_name': 'launched', 'tasks_failed_count': 0, 'tasks_completed_count': 1, 'tasks_memo_completed_count': 0, 'from_memo': False, 'task_inputs': 'None', 'task_outputs': 'None', 'task_stdin': None, 'task_stdout': None, 'task_stderr': None, 'task_fail_history': '', 'task_depends': '', 'task_joins': None}
2021-07-22 15:06:17.603 parsl.dataflow.dflow:591 [INFO]  Task 2 launched on executor htex_Local
2021-07-22 15:06:17.603 parsl.dataflow.dflow:802 [DEBUG]  Task 3 will be sent to executor htex_Local
2021-07-22 15:06:17.604 parsl.dataflow.dflow:628 [DEBUG]  Adding output dependencies
2021-07-22 15:06:17.604 parsl.dataflow.dflow:881 [INFO]  Task 3 submitted for App app_C, waiting on task 1, task 2
2021-07-22 15:06:17.604 parsl.dataflow.dflow:889 [DEBUG]  Task 3 set to pending state with AppFuture: <AppFuture super=<AppFuture at 0x7faf49e64400 state=pending>>
2021-07-22 15:06:17.605 parsl.monitoring.monitoring:274 [DEBUG]  Sending message MessageType.TASK_INFO, {'task_func_name': 'app_C', 'task_memoize': False, 'task_hashsum': None, 'task_fail_count': 0, 'task_status': <States.pending: 0>, 'task_id': 3, 'task_time_invoked': datetime.datetime(2021, 7, 22, 15, 6, 17, 604057), 'task_try_time_launched': None, 'task_time_returned': None, 'task_try_time_returned': None, 'task_executor': 'htex_Local', 'run_id': '14dcf2f7-622f-4409-a7f9-2461aeea90b0', 'try_id': 0, 'timestamp': datetime.datetime(2021, 7, 22, 15, 6, 17, 604754), 'task_status_name': 'pending', 'tasks_failed_count': 0, 'tasks_completed_count': 1, 'tasks_memo_completed_count': 0, 'from_memo': None, 'task_inputs': 'None', 'task_outputs': 'None', 'task_stdin': None, 'task_stdout': None, 'task_stderr': None, 'task_fail_history': '', 'task_depends': '1,2', 'task_joins': None}
2021-07-22 15:06:17.605 parsl.dataflow.dflow:802 [DEBUG]  Task 4 will be sent to executor htex_Local
2021-07-22 15:06:17.606 parsl.dataflow.dflow:628 [DEBUG]  Adding output dependencies
2021-07-22 15:06:17.606 parsl.dataflow.dflow:881 [INFO]  Task 4 submitted for App app_D, waiting on task 3
2021-07-22 15:06:17.606 parsl.dataflow.dflow:889 [DEBUG]  Task 4 set to pending state with AppFuture: <AppFuture super=<AppFuture at 0x7faf49e645e0 state=pending>>
2021-07-22 15:06:17.606 parsl.monitoring.monitoring:274 [DEBUG]  Sending message MessageType.TASK_INFO, {'task_func_name': 'app_D', 'task_memoize': False, 'task_hashsum': None, 'task_fail_count': 0, 'task_status': <States.pending: 0>, 'task_id': 4, 'task_time_invoked': datetime.datetime(2021, 7, 22, 15, 6, 17, 606108), 'task_try_time_launched': None, 'task_time_returned': None, 'task_try_time_returned': None, 'task_executor': 'htex_Local', 'run_id': '14dcf2f7-622f-4409-a7f9-2461aeea90b0', 'try_id': 0, 'timestamp': datetime.datetime(2021, 7, 22, 15, 6, 17, 606605), 'task_status_name': 'pending', 'tasks_failed_count': 0, 'tasks_completed_count': 1, 'tasks_memo_completed_count': 0, 'from_memo': None, 'task_inputs': 'None', 'task_outputs': 'None', 'task_stdin': None, 'task_stdout': None, 'task_stderr': None, 'task_fail_history': '', 'task_depends': '3', 'task_joins': None}
2021-07-22 15:06:17.607 parsl.dataflow.dflow:802 [DEBUG]  Task 5 will be sent to executor htex_Local
2021-07-22 15:06:17.607 parsl.dataflow.dflow:628 [DEBUG]  Adding output dependencies
2021-07-22 15:06:17.607 parsl.dataflow.dflow:881 [INFO]  Task 5 submitted for App app_E, waiting on task 4
2021-07-22 15:06:17.607 parsl.dataflow.dflow:889 [DEBUG]  Task 5 set to pending state with AppFuture: <AppFuture super=<AppFuture at 0x7faf49e64760 state=pending>>
2021-07-22 15:06:17.607 parsl.monitoring.monitoring:274 [DEBUG]  Sending message MessageType.TASK_INFO, {'task_func_name': 'app_E', 'task_memoize': False, 'task_hashsum': None, 'task_fail_count': 0, 'task_status': <States.pending: 0>, 'task_id': 5, 'task_time_invoked': datetime.datetime(2021, 7, 22, 15, 6, 17, 607141), 'task_try_time_launched': None, 'task_time_returned': None, 'task_try_time_returned': None, 'task_executor': 'htex_Local', 'run_id': '14dcf2f7-622f-4409-a7f9-2461aeea90b0', 'try_id': 0, 'timestamp': datetime.datetime(2021, 7, 22, 15, 6, 17, 607406), 'task_status_name': 'pending', 'tasks_failed_count': 0, 'tasks_completed_count': 1, 'tasks_memo_completed_count': 0, 'from_memo': None, 'task_inputs': 'None', 'task_outputs': 'None', 'task_stdin': None, 'task_stdout': None, 'task_stderr': None, 'task_fail_history': '', 'task_depends': '4', 'task_joins': None}
2021-07-22 15:06:17.690 parsl.dataflow.dflow:442 [INFO]  Task 1 completed (launched -> exec_done)
2021-07-22 15:06:17.691 parsl.dataflow.dflow:1166 [WARNING]  No tasks checkpointed so far in this run. Please ensure caching is enabled
2021-07-22 15:06:17.692 parsl.monitoring.monitoring:274 [DEBUG]  Sending message MessageType.TASK_INFO, {'task_func_name': 'app_A', 'task_memoize': False, 'task_hashsum': None, 'task_fail_count': 0, 'task_status': <States.exec_done: 3>, 'task_id': 1, 'task_time_invoked': datetime.datetime(2021, 7, 22, 15, 6, 17, 591245), 'task_try_time_launched': datetime.datetime(2021, 7, 22, 15, 6, 17, 593043), 'task_time_returned': datetime.datetime(2021, 7, 22, 15, 6, 17, 690943), 'task_try_time_returned': datetime.datetime(2021, 7, 22, 15, 6, 17, 690682), 'task_executor': 'htex_Local', 'run_id': '14dcf2f7-622f-4409-a7f9-2461aeea90b0', 'try_id': 0, 'timestamp': datetime.datetime(2021, 7, 22, 15, 6, 17, 691948), 'task_status_name': 'exec_done', 'tasks_failed_count': 0, 'tasks_completed_count': 2, 'tasks_memo_completed_count': 0, 'from_memo': False, 'task_inputs': 'None', 'task_outputs': 'None', 'task_stdin': None, 'task_stdout': None, 'task_stderr': None, 'task_fail_history': '', 'task_depends': '', 'task_joins': None}
2021-07-22 15:06:17.796 parsl.dataflow.dflow:442 [INFO]  Task 2 completed (launched -> exec_done)
2021-07-22 15:06:17.797 parsl.dataflow.dflow:1166 [WARNING]  No tasks checkpointed so far in this run. Please ensure caching is enabled
2021-07-22 15:06:17.798 parsl.dataflow.memoization:229 [DEBUG]  Task 3 will not be memoized
2021-07-22 15:06:17.798 parsl.executors.high_throughput.executor:557 [DEBUG]  Pushing function <function MonitoringHub.monitor_wrapper.<locals>.wrapped at 0x7faf49e4c940> to queue with args (7, 3.0)
2021-07-22 15:06:17.800 parsl.monitoring.monitoring:274 [DEBUG]  Sending message MessageType.TASK_INFO, {'task_func_name': 'app_C', 'task_memoize': False, 'task_hashsum': None, 'task_fail_count': 0, 'task_status': <States.launched: 7>, 'task_id': 3, 'task_time_invoked': datetime.datetime(2021, 7, 22, 15, 6, 17, 604057), 'task_try_time_launched': datetime.datetime(2021, 7, 22, 15, 6, 17, 798006), 'task_time_returned': None, 'task_try_time_returned': None, 'task_executor': 'htex_Local', 'run_id': '14dcf2f7-622f-4409-a7f9-2461aeea90b0', 'try_id': 0, 'timestamp': datetime.datetime(2021, 7, 22, 15, 6, 17, 800113), 'task_status_name': 'launched', 'tasks_failed_count': 0, 'tasks_completed_count': 3, 'tasks_memo_completed_count': 0, 'from_memo': False, 'task_inputs': 'None', 'task_outputs': 'None', 'task_stdin': None, 'task_stdout': None, 'task_stderr': None, 'task_fail_history': '', 'task_depends': '1,2', 'task_joins': None}
2021-07-22 15:06:17.800 parsl.dataflow.dflow:591 [INFO]  Task 3 launched on executor htex_Local
2021-07-22 15:06:17.801 parsl.monitoring.monitoring:274 [DEBUG]  Sending message MessageType.TASK_INFO, {'task_func_name': 'app_B', 'task_memoize': False, 'task_hashsum': None, 'task_fail_count': 0, 'task_status': <States.exec_done: 3>, 'task_id': 2, 'task_time_invoked': datetime.datetime(2021, 7, 22, 15, 6, 17, 598262), 'task_try_time_launched': datetime.datetime(2021, 7, 22, 15, 6, 17, 599303), 'task_time_returned': datetime.datetime(2021, 7, 22, 15, 6, 17, 796989), 'task_try_time_returned': datetime.datetime(2021, 7, 22, 15, 6, 17, 796701), 'task_executor': 'htex_Local', 'run_id': '14dcf2f7-622f-4409-a7f9-2461aeea90b0', 'try_id': 0, 'timestamp': datetime.datetime(2021, 7, 22, 15, 6, 17, 800994), 'task_status_name': 'exec_done', 'tasks_failed_count': 0, 'tasks_completed_count': 3, 'tasks_memo_completed_count': 0, 'from_memo': False, 'task_inputs': 'None', 'task_outputs': 'None', 'task_stdin': None, 'task_stdout': None, 'task_stderr': None, 'task_fail_history': '', 'task_depends': '', 'task_joins': None}
2021-07-22 15:06:18.008 parsl.dataflow.dflow:442 [INFO]  Task 3 completed (launched -> exec_done)
2021-07-22 15:06:18.009 parsl.dataflow.dflow:1166 [WARNING]  No tasks checkpointed so far in this run. Please ensure caching is enabled
2021-07-22 15:06:18.010 parsl.dataflow.memoization:229 [DEBUG]  Task 4 will not be memoized
2021-07-22 15:06:18.010 parsl.executors.high_throughput.executor:557 [DEBUG]  Pushing function <function MonitoringHub.monitor_wrapper.<locals>.wrapped at 0x7faf49e4cb80> to queue with args (10, 7, 10.0)
2021-07-22 15:06:18.012 parsl.monitoring.monitoring:274 [DEBUG]  Sending message MessageType.TASK_INFO, {'task_func_name': 'app_D', 'task_memoize': False, 'task_hashsum': None, 'task_fail_count': 0, 'task_status': <States.launched: 7>, 'task_id': 4, 'task_time_invoked': datetime.datetime(2021, 7, 22, 15, 6, 17, 606108), 'task_try_time_launched': datetime.datetime(2021, 7, 22, 15, 6, 18, 10012), 'task_time_returned': None, 'task_try_time_returned': None, 'task_executor': 'htex_Local', 'run_id': '14dcf2f7-622f-4409-a7f9-2461aeea90b0', 'try_id': 0, 'timestamp': datetime.datetime(2021, 7, 22, 15, 6, 18, 12003), 'task_status_name': 'launched', 'tasks_failed_count': 0, 'tasks_completed_count': 4, 'tasks_memo_completed_count': 0, 'from_memo': False, 'task_inputs': 'None', 'task_outputs': 'None', 'task_stdin': None, 'task_stdout': None, 'task_stderr': None, 'task_fail_history': '', 'task_depends': '3', 'task_joins': None}
2021-07-22 15:06:18.012 parsl.dataflow.dflow:591 [INFO]  Task 4 launched on executor htex_Local
2021-07-22 15:06:18.013 parsl.monitoring.monitoring:274 [DEBUG]  Sending message MessageType.TASK_INFO, {'task_func_name': 'app_C', 'task_memoize': False, 'task_hashsum': None, 'task_fail_count': 0, 'task_status': <States.exec_done: 3>, 'task_id': 3, 'task_time_invoked': datetime.datetime(2021, 7, 22, 15, 6, 17, 604057), 'task_try_time_launched': datetime.datetime(2021, 7, 22, 15, 6, 17, 798006), 'task_time_returned': datetime.datetime(2021, 7, 22, 15, 6, 18, 8799), 'task_try_time_returned': datetime.datetime(2021, 7, 22, 15, 6, 18, 8542), 'task_executor': 'htex_Local', 'run_id': '14dcf2f7-622f-4409-a7f9-2461aeea90b0', 'try_id': 0, 'timestamp': datetime.datetime(2021, 7, 22, 15, 6, 18, 12833), 'task_status_name': 'exec_done', 'tasks_failed_count': 0, 'tasks_completed_count': 4, 'tasks_memo_completed_count': 0, 'from_memo': False, 'task_inputs': 'None', 'task_outputs': 'None', 'task_stdin': None, 'task_stdout': None, 'task_stderr': None, 'task_fail_history': '', 'task_depends': '1,2', 'task_joins': None}
2021-07-22 15:06:18.220 parsl.dataflow.dflow:442 [INFO]  Task 4 completed (launched -> exec_done)
2021-07-22 15:06:18.220 parsl.dataflow.dflow:1166 [WARNING]  No tasks checkpointed so far in this run. Please ensure caching is enabled
2021-07-22 15:06:18.221 parsl.dataflow.memoization:229 [DEBUG]  Task 5 will not be memoized
2021-07-22 15:06:18.221 parsl.executors.high_throughput.executor:557 [DEBUG]  Pushing function <function MonitoringHub.monitor_wrapper.<locals>.wrapped at 0x7faf49e4cdc0> to queue with args (7.0,)
2021-07-22 15:06:18.223 parsl.monitoring.monitoring:274 [DEBUG]  Sending message MessageType.TASK_INFO, {'task_func_name': 'app_E', 'task_memoize': False, 'task_hashsum': None, 'task_fail_count': 0, 'task_status': <States.launched: 7>, 'task_id': 5, 'task_time_invoked': datetime.datetime(2021, 7, 22, 15, 6, 17, 607141), 'task_try_time_launched': datetime.datetime(2021, 7, 22, 15, 6, 18, 220992), 'task_time_returned': None, 'task_try_time_returned': None, 'task_executor': 'htex_Local', 'run_id': '14dcf2f7-622f-4409-a7f9-2461aeea90b0', 'try_id': 0, 'timestamp': datetime.datetime(2021, 7, 22, 15, 6, 18, 222886), 'task_status_name': 'launched', 'tasks_failed_count': 0, 'tasks_completed_count': 5, 'tasks_memo_completed_count': 0, 'from_memo': False, 'task_inputs': 'None', 'task_outputs': 'None', 'task_stdin': None, 'task_stdout': None, 'task_stderr': None, 'task_fail_history': '', 'task_depends': '4', 'task_joins': None}
2021-07-22 15:06:18.223 parsl.dataflow.dflow:591 [INFO]  Task 5 launched on executor htex_Local
2021-07-22 15:06:18.223 parsl.monitoring.monitoring:274 [DEBUG]  Sending message MessageType.TASK_INFO, {'task_func_name': 'app_D', 'task_memoize': False, 'task_hashsum': None, 'task_fail_count': 0, 'task_status': <States.exec_done: 3>, 'task_id': 4, 'task_time_invoked': datetime.datetime(2021, 7, 22, 15, 6, 17, 606108), 'task_try_time_launched': datetime.datetime(2021, 7, 22, 15, 6, 18, 10012), 'task_time_returned': datetime.datetime(2021, 7, 22, 15, 6, 18, 220384), 'task_try_time_returned': datetime.datetime(2021, 7, 22, 15, 6, 18, 220193), 'task_executor': 'htex_Local', 'run_id': '14dcf2f7-622f-4409-a7f9-2461aeea90b0', 'try_id': 0, 'timestamp': datetime.datetime(2021, 7, 22, 15, 6, 18, 223666), 'task_status_name': 'exec_done', 'tasks_failed_count': 0, 'tasks_completed_count': 5, 'tasks_memo_completed_count': 0, 'from_memo': False, 'task_inputs': 'None', 'task_outputs': 'None', 'task_stdin': None, 'task_stdout': None, 'task_stderr': None, 'task_fail_history': '', 'task_depends': '3', 'task_joins': None}
2021-07-22 15:06:18.434 parsl.dataflow.dflow:442 [INFO]  Task 5 completed (launched -> exec_done)
2021-07-22 15:06:18.435 parsl.dataflow.dflow:1037 [INFO]  DFK cleanup initiated
2021-07-22 15:06:18.435 parsl.dataflow.dflow:927 [INFO]  Summary of tasks in DFK:
2021-07-22 15:06:18.435 parsl.dataflow.dflow:941 [INFO]  Tasks in state States.exec_done: 6
2021-07-22 15:06:18.435 parsl.dataflow.dflow:947 [INFO]  End of summary
2021-07-22 15:06:18.436 parsl.dataflow.dflow:1166 [WARNING]  No tasks checkpointed so far in this run. Please ensure caching is enabled
2021-07-22 15:06:18.436 parsl.monitoring.monitoring:274 [DEBUG]  Sending message MessageType.TASK_INFO, {'task_func_name': 'app_E', 'task_memoize': False, 'task_hashsum': None, 'task_fail_count': 0, 'task_status': <States.exec_done: 3>, 'task_id': 5, 'task_time_invoked': datetime.datetime(2021, 7, 22, 15, 6, 17, 607141), 'task_try_time_launched': datetime.datetime(2021, 7, 22, 15, 6, 18, 220992), 'task_time_returned': datetime.datetime(2021, 7, 22, 15, 6, 18, 434957), 'task_try_time_returned': datetime.datetime(2021, 7, 22, 15, 6, 18, 434772), 'task_executor': 'htex_Local', 'run_id': '14dcf2f7-622f-4409-a7f9-2461aeea90b0', 'try_id': 0, 'timestamp': datetime.datetime(2021, 7, 22, 15, 6, 18, 436320), 'task_status_name': 'exec_done', 'tasks_failed_count': 0, 'tasks_completed_count': 6, 'tasks_memo_completed_count': 0, 'from_memo': False, 'task_inputs': 'None', 'task_outputs': 'None', 'task_stdin': None, 'task_stdout': None, 'task_stderr': None, 'task_fail_history': '', 'task_depends': '4', 'task_joins': None}
2021-07-22 15:06:18.437 parsl.dataflow.dflow:1166 [WARNING]  No tasks checkpointed so far in this run. Please ensure caching is enabled
2021-07-22 15:06:18.437 parsl.dataflow.dflow:1061 [INFO]  Terminating flow_control and strategy threads
2021-07-22 15:06:18.439 parsl.executors.high_throughput.executor:688 [DEBUG]  Current blocks : {'0': '12695'}
2021-07-22 15:06:18.441 parsl.executors.high_throughput.executor:521 [DEBUG]  [HOLD_BLOCK]: Sending hold to manager: ff29a9f5db9f
2021-07-22 15:06:18.443 parsl.executors.high_throughput.executor:490 [DEBUG]  Sent hold request to worker: ff29a9f5db9f
2021-07-22 15:06:18.444 parsl.providers.local.local:266 [DEBUG]  Terminating job/proc_id: 12695
2021-07-22 15:06:18.491 parsl.dataflow.dflow:1074 [DEBUG]  Sending message [{'run_id': '14dcf2f7-622f-4409-a7f9-2461aeea90b0', 'status': 'CANCELLED', 'timestamp': datetime.datetime(2021, 7, 22, 15, 6, 18, 490814), 'executor_label': 'htex_Local', 'job_id': '12695', 'block_id': '0'}] to hub from DFK
2021-07-22 15:06:18.492 parsl.monitoring.monitoring:274 [DEBUG]  Sending message MessageType.BLOCK_INFO, [{'run_id': '14dcf2f7-622f-4409-a7f9-2461aeea90b0', 'status': 'CANCELLED', 'timestamp': datetime.datetime(2021, 7, 22, 15, 6, 18, 490814), 'executor_label': 'htex_Local', 'job_id': '12695', 'block_id': '0'}]
2021-07-22 15:06:18.493 parsl.executors.high_throughput.executor:727 [INFO]  Attempting HighThroughputExecutor shutdown
2021-07-22 15:06:18.493 parsl.executors.high_throughput.executor:729 [INFO]  Finished HighThroughputExecutor shutdown attempt
2021-07-22 15:06:18.494 parsl.executors.threads:101 [DEBUG]  Done with executor shutdown
2021-07-22 15:06:18.494 parsl.monitoring.monitoring:274 [DEBUG]  Sending message MessageType.WORKFLOW_INFO, {'tasks_failed_count': 0, 'tasks_completed_count': 6, 'time_began': datetime.datetime(2021, 7, 22, 15, 6, 14, 612996), 'time_completed': datetime.datetime(2021, 7, 22, 15, 6, 18, 494424), 'run_id': '14dcf2f7-622f-4409-a7f9-2461aeea90b0', 'rundir': '/Users/ananthhariharan/Documents/Code/GitHub/Parsl-Project/runinfo/018'}
2021-07-22 15:06:18.495 parsl.monitoring.monitoring:283 [INFO]  Terminating Monitoring Hub
2021-07-22 15:06:18.496 parsl.monitoring.monitoring:300 [INFO]  Waiting for Hub to receive all messages and terminate
2021-07-22 15:06:21.532 parsl.process_loggers:28 [DEBUG]  Normal ending for router_starter on thread MainThread
2021-07-22 15:06:21.536 parsl.monitoring.monitoring:302 [DEBUG]  Finished waiting for Hub termination
2021-07-22 15:06:21.625 parsl.monitoring.monitoring:306 [DEBUG]  Finished waiting for DBM termination
2021-07-22 15:06:21.625 parsl.dataflow.dflow:1090 [INFO]  DFK cleanup complete
