2021-07-19 17:00:40.313 parsl.dataflow.dflow:84 [DEBUG]  Starting DataFlowKernel with config
Config(
    app_cache=True, 
    checkpoint_files=None, 
    checkpoint_mode='task_exit', 
    checkpoint_period=None, 
    executors=[HighThroughputExecutor(
        address=None, 
        address_probe_timeout=None, 
        cores_per_worker=1, 
        cpu_affinity='none', 
        heartbeat_period=2, 
        heartbeat_threshold=5, 
        interchange_port_range=(55000, 56000), 
        label='htex_Local', 
        launch_cmd='process_worker_pool.py {debug} {max_workers} -a {addresses} -p {prefetch_capacity} -c {cores_per_worker} -m {mem_per_worker} --poll {poll_period} --task_port={task_port} --result_port={result_port} --logdir={logdir} --block_id={{block_id}} --hb_period={heartbeat_period} {address_probe_timeout_string} --hb_threshold={heartbeat_threshold} --cpu-affinity {cpu_affinity} ', 
        managed=True, 
        max_workers=3, 
        mem_per_worker=None, 
        poll_period=100, 
        prefetch_capacity=0, 
        provider=LocalProvider(
            channel=LocalChannel(
                envs={}, 
                script_dir=None, 
                userhome='/Users/ananthhariharan/Documents/Code/GitHub/Parsl-Project'
            ), 
            cmd_timeout=30, 
            init_blocks=0, 
            launcher=SingleNodeLauncher(debug=True, fail_on_any=False), 
            max_blocks=5, 
            min_blocks=0, 
            move_files=None, 
            nodes_per_block=1, 
            parallelism=1, 
            worker_init=''
        ), 
        storage_access=[FTPInTaskStaging(), HTTPInTaskStaging(), NoOpFileStaging()], 
        worker_debug=True, 
        worker_logdir_root=None, 
        worker_port_range=(54000, 55000), 
        worker_ports=None, 
        working_dir='/Users/ananthhariharan/Documents/Code/GitHub/Parsl-Project/test_htex_alternate'
    )], 
    garbage_collect=True, 
    initialize_logging=True, 
    internal_tasks_max_threads=10, 
    max_idletime=120.0, 
    monitoring=MonitoringHub(
        'localhost',
        client_address='127.0.0.1', 
        client_port_range=(55000, 56000), 
        hub_port=55055, 
        hub_port_range=(55050, 56000), 
        logdir=None, 
        logging_endpoint='sqlite:///monitoring.db', 
        monitoring_debug=False, 
        resource_monitoring_enabled=True, 
        resource_monitoring_interval=1, 
        workflow_name=None, 
        workflow_version=None
    ), 
    retries=2, 
    run_dir='runinfo', 
    strategy='simple', 
    usage_tracking=False
)
2021-07-19 17:00:40.313 parsl.dataflow.dflow:86 [INFO]  Parsl version: 1.1.0
2021-07-19 17:00:40.314 parsl.dataflow.usage_tracking.usage:125 [DEBUG]  Tracking status: False
2021-07-19 17:00:40.314 parsl.monitoring.monitoring:209 [INFO]  Monitoring Hub initialized
2021-07-19 17:00:40.314 parsl.monitoring.monitoring:211 [DEBUG]  Initializing ZMQ Pipes to client
2021-07-19 17:00:40.344 parsl.monitoring.monitoring:255 [INFO]  Started the Hub process 4116 and DBM process 4117
2021-07-19 17:00:40.361 parsl.dataflow.dflow:114 [INFO]  Run id is: 6e7fb33f-b5ab-4db1-8b21-8ccaff74721c
2021-07-19 17:00:40.486 parsl.monitoring.monitoring:274 [DEBUG]  Sending message MessageType.WORKFLOW_INFO, {'python_version': '3.8.8', 'parsl_version': '1.1.0', 'time_began': datetime.datetime(2021, 7, 19, 17, 0, 40, 361744), 'time_completed': None, 'run_id': '6e7fb33f-b5ab-4db1-8b21-8ccaff74721c', 'workflow_name': 'test.py', 'workflow_version': '2021-07-19 17:00:40', 'rundir': '/Users/ananthhariharan/Documents/Code/GitHub/Parsl-Project/runinfo/016', 'tasks_completed_count': 0, 'tasks_failed_count': 0, 'user': 'ananthhariharan', 'host': 'Ananths-Macbook.local'}
2021-07-19 17:00:40.487 parsl.dataflow.memoization:164 [INFO]  App caching initialized
2021-07-19 17:00:40.487 parsl.dataflow.strategy:127 [DEBUG]  Scaling strategy: simple
2021-07-19 17:00:40.490 parsl.executors.high_throughput.executor:468 [DEBUG]  Starting queue management thread
2021-07-19 17:00:40.491 parsl.executors.high_throughput.executor:358 [DEBUG]  [MTHREAD] queue management worker starting
2021-07-19 17:00:40.491 parsl.executors.high_throughput.executor:472 [DEBUG]  Started queue management thread
2021-07-19 17:00:40.507 parsl.executors.high_throughput.executor:319 [DEBUG]  Created management thread: <Thread(HTEX-Queue-Management-Thread, started daemon 123145476444160)>
2021-07-19 17:00:40.508 parsl.executors.high_throughput.executor:291 [DEBUG]  Launch command: process_worker_pool.py --debug --max_workers=3 -a 69.174.173.76,192.168.4.29,Ananths-Macbook.local -p 0 -c 1 -m None --poll 100 --task_port=54134 --result_port=54188 --logdir=/Users/ananthhariharan/Documents/Code/GitHub/Parsl-Project/runinfo/016/htex_Local --block_id={block_id} --hb_period=2  --hb_threshold=5 --cpu-affinity none 
2021-07-19 17:00:40.508 parsl.executors.high_throughput.executor:294 [DEBUG]  Starting HighThroughputExecutor with provider:
LocalProvider(
    channel=LocalChannel(
        envs={}, 
        script_dir='/Users/ananthhariharan/Documents/Code/GitHub/Parsl-Project/runinfo/016/submit_scripts', 
        userhome='/Users/ananthhariharan/Documents/Code/GitHub/Parsl-Project'
    ), 
    cmd_timeout=30, 
    init_blocks=0, 
    launcher=SingleNodeLauncher(debug=True, fail_on_any=False), 
    max_blocks=5, 
    min_blocks=0, 
    move_files=None, 
    nodes_per_block=1, 
    parallelism=1, 
    worker_init=''
)
2021-07-19 17:00:40.512 parsl.dataflow.task_status_poller:114 [DEBUG]  Adding executor htex_Local
2021-07-19 17:00:40.513 parsl.dataflow.task_status_poller:37 [INFO]  Monitoring enabled on task status poller
2021-07-19 17:00:40.520 parsl.dataflow.dflow:802 [DEBUG]  Task 0 will be sent to executor htex_Local
2021-07-19 17:00:40.520 parsl.dataflow.dflow:628 [DEBUG]  Adding output dependencies
2021-07-19 17:00:40.520 parsl.dataflow.dflow:881 [INFO]  Task 0 submitted for App app_F, not waiting on any dependency
2021-07-19 17:00:40.520 parsl.dataflow.dflow:889 [DEBUG]  Task 0 set to pending state with AppFuture: <AppFuture super=<AppFuture at 0x7f93e0e32130 state=pending>>
2021-07-19 17:00:40.521 parsl.monitoring.monitoring:274 [DEBUG]  Sending message MessageType.TASK_INFO, {'task_func_name': 'app_F', 'task_memoize': False, 'task_hashsum': None, 'task_fail_count': 0, 'task_status': <States.pending: 0>, 'task_id': 0, 'task_time_invoked': datetime.datetime(2021, 7, 19, 17, 0, 40, 520428), 'task_try_time_launched': None, 'task_time_returned': None, 'task_try_time_returned': None, 'task_executor': 'htex_Local', 'run_id': '6e7fb33f-b5ab-4db1-8b21-8ccaff74721c', 'try_id': 0, 'timestamp': datetime.datetime(2021, 7, 19, 17, 0, 40, 521038), 'task_status_name': 'pending', 'tasks_failed_count': 0, 'tasks_completed_count': 0, 'tasks_memo_completed_count': 0, 'from_memo': None, 'task_inputs': 'None', 'task_outputs': 'None', 'task_stdin': None, 'task_stdout': None, 'task_stderr': None, 'task_fail_history': '', 'task_depends': '', 'task_joins': None}
2021-07-19 17:00:40.521 parsl.dataflow.memoization:229 [DEBUG]  Task 0 will not be memoized
2021-07-19 17:00:40.522 parsl.executors.high_throughput.executor:557 [DEBUG]  Pushing function <function MonitoringHub.monitor_wrapper.<locals>.wrapped at 0x7f93e0e2fee0> to queue with args ()
2021-07-19 17:00:40.524 parsl.monitoring.monitoring:274 [DEBUG]  Sending message MessageType.TASK_INFO, {'task_func_name': 'app_F', 'task_memoize': False, 'task_hashsum': None, 'task_fail_count': 0, 'task_status': <States.launched: 7>, 'task_id': 0, 'task_time_invoked': datetime.datetime(2021, 7, 19, 17, 0, 40, 520428), 'task_try_time_launched': datetime.datetime(2021, 7, 19, 17, 0, 40, 521726), 'task_time_returned': None, 'task_try_time_returned': None, 'task_executor': 'htex_Local', 'run_id': '6e7fb33f-b5ab-4db1-8b21-8ccaff74721c', 'try_id': 0, 'timestamp': datetime.datetime(2021, 7, 19, 17, 0, 40, 524148), 'task_status_name': 'launched', 'tasks_failed_count': 0, 'tasks_completed_count': 0, 'tasks_memo_completed_count': 0, 'from_memo': False, 'task_inputs': 'None', 'task_outputs': 'None', 'task_stdin': None, 'task_stdout': None, 'task_stderr': None, 'task_fail_history': '', 'task_depends': '', 'task_joins': None}
2021-07-19 17:00:40.524 parsl.dataflow.dflow:591 [INFO]  Task 0 launched on executor htex_Local
2021-07-19 17:00:41.491 parsl.dataflow.task_status_poller:52 [DEBUG]  Sending message [] to hub from task status poller
2021-07-19 17:00:41.500 parsl.dataflow.strategy:205 [DEBUG]  Executor htex_Local has 1 active tasks, 0/0 running/pending blocks, and 0 connected workers
2021-07-19 17:00:41.500 parsl.dataflow.strategy:265 [DEBUG]  Requesting 1 more blocks
2021-07-19 17:00:41.501 parsl.providers.local.local:217 [DEBUG]  Launching in remote mode
2021-07-19 17:00:41.519 parsl.executors.high_throughput.executor:620 [DEBUG]  Launched block 0->4120
2021-07-19 17:00:41.520 parsl.dataflow.task_status_poller:52 [DEBUG]  Sending message [{'run_id': '6e7fb33f-b5ab-4db1-8b21-8ccaff74721c', 'status': 'PENDING', 'timestamp': datetime.datetime(2021, 7, 19, 17, 0, 41, 520526), 'executor_label': 'htex_Local', 'job_id': '4120', 'block_id': '0'}] to hub from task status poller
2021-07-19 17:00:42.800 parsl.dataflow.dflow:442 [INFO]  Task 0 completed (launched -> exec_done)
2021-07-19 17:00:42.801 parsl.dataflow.dflow:802 [DEBUG]  Task 1 will be sent to executor htex_Local
2021-07-19 17:00:42.802 parsl.dataflow.dflow:628 [DEBUG]  Adding output dependencies
2021-07-19 17:00:42.802 parsl.dataflow.dflow:881 [INFO]  Task 1 submitted for App app_A, not waiting on any dependency
2021-07-19 17:00:42.802 parsl.dataflow.dflow:889 [DEBUG]  Task 1 set to pending state with AppFuture: <AppFuture super=<AppFuture at 0x7f93e0e45550 state=pending>>
2021-07-19 17:00:42.803 parsl.monitoring.monitoring:274 [DEBUG]  Sending message MessageType.TASK_INFO, {'task_func_name': 'app_A', 'task_memoize': False, 'task_hashsum': None, 'task_fail_count': 0, 'task_status': <States.pending: 0>, 'task_id': 1, 'task_time_invoked': datetime.datetime(2021, 7, 19, 17, 0, 42, 801725), 'task_try_time_launched': None, 'task_time_returned': None, 'task_try_time_returned': None, 'task_executor': 'htex_Local', 'run_id': '6e7fb33f-b5ab-4db1-8b21-8ccaff74721c', 'try_id': 0, 'timestamp': datetime.datetime(2021, 7, 19, 17, 0, 42, 802755), 'task_status_name': 'pending', 'tasks_failed_count': 0, 'tasks_completed_count': 1, 'tasks_memo_completed_count': 0, 'from_memo': None, 'task_inputs': 'None', 'task_outputs': 'None', 'task_stdin': None, 'task_stdout': None, 'task_stderr': None, 'task_fail_history': '', 'task_depends': '', 'task_joins': None}
2021-07-19 17:00:42.804 parsl.dataflow.memoization:229 [DEBUG]  Task 1 will not be memoized
2021-07-19 17:00:42.804 parsl.executors.high_throughput.executor:557 [DEBUG]  Pushing function <function MonitoringHub.monitor_wrapper.<locals>.wrapped at 0x7f93e0e35430> to queue with args ()
2021-07-19 17:00:42.806 parsl.dataflow.dflow:1166 [WARNING]  No tasks checkpointed so far in this run. Please ensure caching is enabled
2021-07-19 17:00:42.807 parsl.monitoring.monitoring:274 [DEBUG]  Sending message MessageType.TASK_INFO, {'task_func_name': 'app_A', 'task_memoize': False, 'task_hashsum': None, 'task_fail_count': 0, 'task_status': <States.launched: 7>, 'task_id': 1, 'task_time_invoked': datetime.datetime(2021, 7, 19, 17, 0, 42, 801725), 'task_try_time_launched': datetime.datetime(2021, 7, 19, 17, 0, 42, 804070), 'task_time_returned': None, 'task_try_time_returned': None, 'task_executor': 'htex_Local', 'run_id': '6e7fb33f-b5ab-4db1-8b21-8ccaff74721c', 'try_id': 0, 'timestamp': datetime.datetime(2021, 7, 19, 17, 0, 42, 807132), 'task_status_name': 'launched', 'tasks_failed_count': 0, 'tasks_completed_count': 1, 'tasks_memo_completed_count': 0, 'from_memo': False, 'task_inputs': 'None', 'task_outputs': 'None', 'task_stdin': None, 'task_stdout': None, 'task_stderr': None, 'task_fail_history': '', 'task_depends': '', 'task_joins': None}
2021-07-19 17:00:42.807 parsl.monitoring.monitoring:274 [DEBUG]  Sending message MessageType.TASK_INFO, {'task_func_name': 'app_F', 'task_memoize': False, 'task_hashsum': None, 'task_fail_count': 0, 'task_status': <States.exec_done: 3>, 'task_id': 0, 'task_time_invoked': datetime.datetime(2021, 7, 19, 17, 0, 40, 520428), 'task_try_time_launched': datetime.datetime(2021, 7, 19, 17, 0, 40, 521726), 'task_time_returned': datetime.datetime(2021, 7, 19, 17, 0, 42, 800887), 'task_try_time_returned': datetime.datetime(2021, 7, 19, 17, 0, 42, 800272), 'task_executor': 'htex_Local', 'run_id': '6e7fb33f-b5ab-4db1-8b21-8ccaff74721c', 'try_id': 0, 'timestamp': datetime.datetime(2021, 7, 19, 17, 0, 42, 807583), 'task_status_name': 'exec_done', 'tasks_failed_count': 0, 'tasks_completed_count': 1, 'tasks_memo_completed_count': 0, 'from_memo': False, 'task_inputs': 'None', 'task_outputs': 'None', 'task_stdin': None, 'task_stdout': None, 'task_stderr': None, 'task_fail_history': '', 'task_depends': '', 'task_joins': None}
2021-07-19 17:00:42.808 parsl.dataflow.dflow:591 [INFO]  Task 1 launched on executor htex_Local
2021-07-19 17:00:42.808 parsl.dataflow.dflow:802 [DEBUG]  Task 2 will be sent to executor htex_Local
2021-07-19 17:00:42.808 parsl.dataflow.dflow:628 [DEBUG]  Adding output dependencies
2021-07-19 17:00:42.809 parsl.dataflow.dflow:881 [INFO]  Task 2 submitted for App app_B, not waiting on any dependency
2021-07-19 17:00:42.809 parsl.dataflow.dflow:889 [DEBUG]  Task 2 set to pending state with AppFuture: <AppFuture super=<AppFuture at 0x7f93e0e45370 state=pending>>
2021-07-19 17:00:42.809 parsl.monitoring.monitoring:274 [DEBUG]  Sending message MessageType.TASK_INFO, {'task_func_name': 'app_B', 'task_memoize': False, 'task_hashsum': None, 'task_fail_count': 0, 'task_status': <States.pending: 0>, 'task_id': 2, 'task_time_invoked': datetime.datetime(2021, 7, 19, 17, 0, 42, 808886), 'task_try_time_launched': None, 'task_time_returned': None, 'task_try_time_returned': None, 'task_executor': 'htex_Local', 'run_id': '6e7fb33f-b5ab-4db1-8b21-8ccaff74721c', 'try_id': 0, 'timestamp': datetime.datetime(2021, 7, 19, 17, 0, 42, 809300), 'task_status_name': 'pending', 'tasks_failed_count': 0, 'tasks_completed_count': 1, 'tasks_memo_completed_count': 0, 'from_memo': None, 'task_inputs': 'None', 'task_outputs': 'None', 'task_stdin': None, 'task_stdout': None, 'task_stderr': None, 'task_fail_history': '', 'task_depends': '', 'task_joins': None}
2021-07-19 17:00:42.809 parsl.dataflow.memoization:229 [DEBUG]  Task 2 will not be memoized
2021-07-19 17:00:42.810 parsl.executors.high_throughput.executor:557 [DEBUG]  Pushing function <function MonitoringHub.monitor_wrapper.<locals>.wrapped at 0x7f93e0e35280> to queue with args ()
2021-07-19 17:00:42.811 parsl.monitoring.monitoring:274 [DEBUG]  Sending message MessageType.TASK_INFO, {'task_func_name': 'app_B', 'task_memoize': False, 'task_hashsum': None, 'task_fail_count': 0, 'task_status': <States.launched: 7>, 'task_id': 2, 'task_time_invoked': datetime.datetime(2021, 7, 19, 17, 0, 42, 808886), 'task_try_time_launched': datetime.datetime(2021, 7, 19, 17, 0, 42, 809844), 'task_time_returned': None, 'task_try_time_returned': None, 'task_executor': 'htex_Local', 'run_id': '6e7fb33f-b5ab-4db1-8b21-8ccaff74721c', 'try_id': 0, 'timestamp': datetime.datetime(2021, 7, 19, 17, 0, 42, 811621), 'task_status_name': 'launched', 'tasks_failed_count': 0, 'tasks_completed_count': 1, 'tasks_memo_completed_count': 0, 'from_memo': False, 'task_inputs': 'None', 'task_outputs': 'None', 'task_stdin': None, 'task_stdout': None, 'task_stderr': None, 'task_fail_history': '', 'task_depends': '', 'task_joins': None}
2021-07-19 17:00:42.812 parsl.dataflow.dflow:591 [INFO]  Task 2 launched on executor htex_Local
2021-07-19 17:00:42.812 parsl.dataflow.dflow:802 [DEBUG]  Task 3 will be sent to executor htex_Local
2021-07-19 17:00:42.812 parsl.dataflow.dflow:628 [DEBUG]  Adding output dependencies
2021-07-19 17:00:42.812 parsl.dataflow.dflow:881 [INFO]  Task 3 submitted for App app_C, waiting on task 1, task 2
2021-07-19 17:00:42.812 parsl.dataflow.dflow:889 [DEBUG]  Task 3 set to pending state with AppFuture: <AppFuture super=<AppFuture at 0x7f93e0e4f400 state=pending>>
2021-07-19 17:00:42.813 parsl.monitoring.monitoring:274 [DEBUG]  Sending message MessageType.TASK_INFO, {'task_func_name': 'app_C', 'task_memoize': False, 'task_hashsum': None, 'task_fail_count': 0, 'task_status': <States.pending: 0>, 'task_id': 3, 'task_time_invoked': datetime.datetime(2021, 7, 19, 17, 0, 42, 812604), 'task_try_time_launched': None, 'task_time_returned': None, 'task_try_time_returned': None, 'task_executor': 'htex_Local', 'run_id': '6e7fb33f-b5ab-4db1-8b21-8ccaff74721c', 'try_id': 0, 'timestamp': datetime.datetime(2021, 7, 19, 17, 0, 42, 812904), 'task_status_name': 'pending', 'tasks_failed_count': 0, 'tasks_completed_count': 1, 'tasks_memo_completed_count': 0, 'from_memo': None, 'task_inputs': 'None', 'task_outputs': 'None', 'task_stdin': None, 'task_stdout': None, 'task_stderr': None, 'task_fail_history': '', 'task_depends': '1,2', 'task_joins': None}
2021-07-19 17:00:42.813 parsl.dataflow.dflow:802 [DEBUG]  Task 4 will be sent to executor htex_Local
2021-07-19 17:00:42.813 parsl.dataflow.dflow:628 [DEBUG]  Adding output dependencies
2021-07-19 17:00:42.813 parsl.dataflow.dflow:881 [INFO]  Task 4 submitted for App app_D, waiting on task 3
2021-07-19 17:00:42.813 parsl.dataflow.dflow:889 [DEBUG]  Task 4 set to pending state with AppFuture: <AppFuture super=<AppFuture at 0x7f93e0e4f5e0 state=pending>>
2021-07-19 17:00:42.813 parsl.monitoring.monitoring:274 [DEBUG]  Sending message MessageType.TASK_INFO, {'task_func_name': 'app_D', 'task_memoize': False, 'task_hashsum': None, 'task_fail_count': 0, 'task_status': <States.pending: 0>, 'task_id': 4, 'task_time_invoked': datetime.datetime(2021, 7, 19, 17, 0, 42, 813480), 'task_try_time_launched': None, 'task_time_returned': None, 'task_try_time_returned': None, 'task_executor': 'htex_Local', 'run_id': '6e7fb33f-b5ab-4db1-8b21-8ccaff74721c', 'try_id': 0, 'timestamp': datetime.datetime(2021, 7, 19, 17, 0, 42, 813713), 'task_status_name': 'pending', 'tasks_failed_count': 0, 'tasks_completed_count': 1, 'tasks_memo_completed_count': 0, 'from_memo': None, 'task_inputs': 'None', 'task_outputs': 'None', 'task_stdin': None, 'task_stdout': None, 'task_stderr': None, 'task_fail_history': '', 'task_depends': '3', 'task_joins': None}
2021-07-19 17:00:42.814 parsl.dataflow.dflow:802 [DEBUG]  Task 5 will be sent to executor htex_Local
2021-07-19 17:00:42.814 parsl.dataflow.dflow:628 [DEBUG]  Adding output dependencies
2021-07-19 17:00:42.814 parsl.dataflow.dflow:881 [INFO]  Task 5 submitted for App app_E, waiting on task 4
2021-07-19 17:00:42.814 parsl.dataflow.dflow:889 [DEBUG]  Task 5 set to pending state with AppFuture: <AppFuture super=<AppFuture at 0x7f93e0e4f760 state=pending>>
2021-07-19 17:00:42.814 parsl.monitoring.monitoring:274 [DEBUG]  Sending message MessageType.TASK_INFO, {'task_func_name': 'app_E', 'task_memoize': False, 'task_hashsum': None, 'task_fail_count': 0, 'task_status': <States.pending: 0>, 'task_id': 5, 'task_time_invoked': datetime.datetime(2021, 7, 19, 17, 0, 42, 814333), 'task_try_time_launched': None, 'task_time_returned': None, 'task_try_time_returned': None, 'task_executor': 'htex_Local', 'run_id': '6e7fb33f-b5ab-4db1-8b21-8ccaff74721c', 'try_id': 0, 'timestamp': datetime.datetime(2021, 7, 19, 17, 0, 42, 814576), 'task_status_name': 'pending', 'tasks_failed_count': 0, 'tasks_completed_count': 1, 'tasks_memo_completed_count': 0, 'from_memo': None, 'task_inputs': 'None', 'task_outputs': 'None', 'task_stdin': None, 'task_stdout': None, 'task_stderr': None, 'task_fail_history': '', 'task_depends': '4', 'task_joins': None}
2021-07-19 17:00:43.014 parsl.dataflow.dflow:442 [INFO]  Task 2 completed (launched -> exec_done)
2021-07-19 17:00:43.015 parsl.dataflow.dflow:1166 [WARNING]  No tasks checkpointed so far in this run. Please ensure caching is enabled
2021-07-19 17:00:43.016 parsl.monitoring.monitoring:274 [DEBUG]  Sending message MessageType.TASK_INFO, {'task_func_name': 'app_B', 'task_memoize': False, 'task_hashsum': None, 'task_fail_count': 0, 'task_status': <States.exec_done: 3>, 'task_id': 2, 'task_time_invoked': datetime.datetime(2021, 7, 19, 17, 0, 42, 808886), 'task_try_time_launched': datetime.datetime(2021, 7, 19, 17, 0, 42, 809844), 'task_time_returned': datetime.datetime(2021, 7, 19, 17, 0, 43, 14376), 'task_try_time_returned': datetime.datetime(2021, 7, 19, 17, 0, 43, 13984), 'task_executor': 'htex_Local', 'run_id': '6e7fb33f-b5ab-4db1-8b21-8ccaff74721c', 'try_id': 0, 'timestamp': datetime.datetime(2021, 7, 19, 17, 0, 43, 15701), 'task_status_name': 'exec_done', 'tasks_failed_count': 0, 'tasks_completed_count': 2, 'tasks_memo_completed_count': 0, 'from_memo': False, 'task_inputs': 'None', 'task_outputs': 'None', 'task_stdin': None, 'task_stdout': None, 'task_stderr': None, 'task_fail_history': '', 'task_depends': '', 'task_joins': None}
2021-07-19 17:00:43.016 parsl.dataflow.dflow:442 [INFO]  Task 1 completed (launched -> exec_done)
2021-07-19 17:00:43.018 parsl.dataflow.dflow:1166 [WARNING]  No tasks checkpointed so far in this run. Please ensure caching is enabled
2021-07-19 17:00:43.018 parsl.dataflow.memoization:229 [DEBUG]  Task 3 will not be memoized
2021-07-19 17:00:43.018 parsl.executors.high_throughput.executor:557 [DEBUG]  Pushing function <function MonitoringHub.monitor_wrapper.<locals>.wrapped at 0x7f93e0e35940> to queue with args (7, 3.0)
2021-07-19 17:00:43.021 parsl.monitoring.monitoring:274 [DEBUG]  Sending message MessageType.TASK_INFO, {'task_func_name': 'app_C', 'task_memoize': False, 'task_hashsum': None, 'task_fail_count': 0, 'task_status': <States.launched: 7>, 'task_id': 3, 'task_time_invoked': datetime.datetime(2021, 7, 19, 17, 0, 42, 812604), 'task_try_time_launched': datetime.datetime(2021, 7, 19, 17, 0, 43, 18390), 'task_time_returned': None, 'task_try_time_returned': None, 'task_executor': 'htex_Local', 'run_id': '6e7fb33f-b5ab-4db1-8b21-8ccaff74721c', 'try_id': 0, 'timestamp': datetime.datetime(2021, 7, 19, 17, 0, 43, 21082), 'task_status_name': 'launched', 'tasks_failed_count': 0, 'tasks_completed_count': 3, 'tasks_memo_completed_count': 0, 'from_memo': False, 'task_inputs': 'None', 'task_outputs': 'None', 'task_stdin': None, 'task_stdout': None, 'task_stderr': None, 'task_fail_history': '', 'task_depends': '1,2', 'task_joins': None}
2021-07-19 17:00:43.022 parsl.dataflow.dflow:591 [INFO]  Task 3 launched on executor htex_Local
2021-07-19 17:00:43.022 parsl.monitoring.monitoring:274 [DEBUG]  Sending message MessageType.TASK_INFO, {'task_func_name': 'app_A', 'task_memoize': False, 'task_hashsum': None, 'task_fail_count': 0, 'task_status': <States.exec_done: 3>, 'task_id': 1, 'task_time_invoked': datetime.datetime(2021, 7, 19, 17, 0, 42, 801725), 'task_try_time_launched': datetime.datetime(2021, 7, 19, 17, 0, 42, 804070), 'task_time_returned': datetime.datetime(2021, 7, 19, 17, 0, 43, 17140), 'task_try_time_returned': datetime.datetime(2021, 7, 19, 17, 0, 43, 16735), 'task_executor': 'htex_Local', 'run_id': '6e7fb33f-b5ab-4db1-8b21-8ccaff74721c', 'try_id': 0, 'timestamp': datetime.datetime(2021, 7, 19, 17, 0, 43, 22206), 'task_status_name': 'exec_done', 'tasks_failed_count': 0, 'tasks_completed_count': 3, 'tasks_memo_completed_count': 0, 'from_memo': False, 'task_inputs': 'None', 'task_outputs': 'None', 'task_stdin': None, 'task_stdout': None, 'task_stderr': None, 'task_fail_history': '', 'task_depends': '', 'task_joins': None}
2021-07-19 17:00:43.213 parsl.dataflow.dflow:442 [INFO]  Task 3 completed (launched -> exec_done)
2021-07-19 17:00:43.214 parsl.dataflow.dflow:1166 [WARNING]  No tasks checkpointed so far in this run. Please ensure caching is enabled
2021-07-19 17:00:43.214 parsl.dataflow.memoization:229 [DEBUG]  Task 4 will not be memoized
2021-07-19 17:00:43.215 parsl.executors.high_throughput.executor:557 [DEBUG]  Pushing function <function MonitoringHub.monitor_wrapper.<locals>.wrapped at 0x7f93e0e35b80> to queue with args (10, 7, 10.0)
2021-07-19 17:00:43.218 parsl.monitoring.monitoring:274 [DEBUG]  Sending message MessageType.TASK_INFO, {'task_func_name': 'app_D', 'task_memoize': False, 'task_hashsum': None, 'task_fail_count': 0, 'task_status': <States.launched: 7>, 'task_id': 4, 'task_time_invoked': datetime.datetime(2021, 7, 19, 17, 0, 42, 813480), 'task_try_time_launched': datetime.datetime(2021, 7, 19, 17, 0, 43, 214892), 'task_time_returned': None, 'task_try_time_returned': None, 'task_executor': 'htex_Local', 'run_id': '6e7fb33f-b5ab-4db1-8b21-8ccaff74721c', 'try_id': 0, 'timestamp': datetime.datetime(2021, 7, 19, 17, 0, 43, 218343), 'task_status_name': 'launched', 'tasks_failed_count': 0, 'tasks_completed_count': 4, 'tasks_memo_completed_count': 0, 'from_memo': False, 'task_inputs': 'None', 'task_outputs': 'None', 'task_stdin': None, 'task_stdout': None, 'task_stderr': None, 'task_fail_history': '', 'task_depends': '3', 'task_joins': None}
2021-07-19 17:00:43.219 parsl.dataflow.dflow:591 [INFO]  Task 4 launched on executor htex_Local
2021-07-19 17:00:43.219 parsl.monitoring.monitoring:274 [DEBUG]  Sending message MessageType.TASK_INFO, {'task_func_name': 'app_C', 'task_memoize': False, 'task_hashsum': None, 'task_fail_count': 0, 'task_status': <States.exec_done: 3>, 'task_id': 3, 'task_time_invoked': datetime.datetime(2021, 7, 19, 17, 0, 42, 812604), 'task_try_time_launched': datetime.datetime(2021, 7, 19, 17, 0, 43, 18390), 'task_time_returned': datetime.datetime(2021, 7, 19, 17, 0, 43, 213853), 'task_try_time_returned': datetime.datetime(2021, 7, 19, 17, 0, 43, 213582), 'task_executor': 'htex_Local', 'run_id': '6e7fb33f-b5ab-4db1-8b21-8ccaff74721c', 'try_id': 0, 'timestamp': datetime.datetime(2021, 7, 19, 17, 0, 43, 219540), 'task_status_name': 'exec_done', 'tasks_failed_count': 0, 'tasks_completed_count': 4, 'tasks_memo_completed_count': 0, 'from_memo': False, 'task_inputs': 'None', 'task_outputs': 'None', 'task_stdin': None, 'task_stdout': None, 'task_stderr': None, 'task_fail_history': '', 'task_depends': '1,2', 'task_joins': None}
2021-07-19 17:00:43.425 parsl.dataflow.dflow:442 [INFO]  Task 4 completed (launched -> exec_done)
2021-07-19 17:00:43.426 parsl.dataflow.dflow:1166 [WARNING]  No tasks checkpointed so far in this run. Please ensure caching is enabled
2021-07-19 17:00:43.426 parsl.dataflow.memoization:229 [DEBUG]  Task 5 will not be memoized
2021-07-19 17:00:43.427 parsl.executors.high_throughput.executor:557 [DEBUG]  Pushing function <function MonitoringHub.monitor_wrapper.<locals>.wrapped at 0x7f93e0e35dc0> to queue with args (10,)
2021-07-19 17:00:43.430 parsl.monitoring.monitoring:274 [DEBUG]  Sending message MessageType.TASK_INFO, {'task_func_name': 'app_E', 'task_memoize': False, 'task_hashsum': None, 'task_fail_count': 0, 'task_status': <States.launched: 7>, 'task_id': 5, 'task_time_invoked': datetime.datetime(2021, 7, 19, 17, 0, 42, 814333), 'task_try_time_launched': datetime.datetime(2021, 7, 19, 17, 0, 43, 426824), 'task_time_returned': None, 'task_try_time_returned': None, 'task_executor': 'htex_Local', 'run_id': '6e7fb33f-b5ab-4db1-8b21-8ccaff74721c', 'try_id': 0, 'timestamp': datetime.datetime(2021, 7, 19, 17, 0, 43, 429887), 'task_status_name': 'launched', 'tasks_failed_count': 0, 'tasks_completed_count': 5, 'tasks_memo_completed_count': 0, 'from_memo': False, 'task_inputs': 'None', 'task_outputs': 'None', 'task_stdin': None, 'task_stdout': None, 'task_stderr': None, 'task_fail_history': '', 'task_depends': '4', 'task_joins': None}
2021-07-19 17:00:43.430 parsl.dataflow.dflow:591 [INFO]  Task 5 launched on executor htex_Local
2021-07-19 17:00:43.431 parsl.monitoring.monitoring:274 [DEBUG]  Sending message MessageType.TASK_INFO, {'task_func_name': 'app_D', 'task_memoize': False, 'task_hashsum': None, 'task_fail_count': 0, 'task_status': <States.exec_done: 3>, 'task_id': 4, 'task_time_invoked': datetime.datetime(2021, 7, 19, 17, 0, 42, 813480), 'task_try_time_launched': datetime.datetime(2021, 7, 19, 17, 0, 43, 214892), 'task_time_returned': datetime.datetime(2021, 7, 19, 17, 0, 43, 425833), 'task_try_time_returned': datetime.datetime(2021, 7, 19, 17, 0, 43, 425563), 'task_executor': 'htex_Local', 'run_id': '6e7fb33f-b5ab-4db1-8b21-8ccaff74721c', 'try_id': 0, 'timestamp': datetime.datetime(2021, 7, 19, 17, 0, 43, 431030), 'task_status_name': 'exec_done', 'tasks_failed_count': 0, 'tasks_completed_count': 5, 'tasks_memo_completed_count': 0, 'from_memo': False, 'task_inputs': 'None', 'task_outputs': 'None', 'task_stdin': None, 'task_stdout': None, 'task_stderr': None, 'task_fail_history': '', 'task_depends': '3', 'task_joins': None}
2021-07-19 17:00:43.638 parsl.dataflow.dflow:442 [INFO]  Task 5 completed (launched -> exec_done)
2021-07-19 17:00:43.639 parsl.dataflow.dflow:802 [DEBUG]  Task 6 will be sent to executor htex_Local
2021-07-19 17:00:43.639 parsl.dataflow.dflow:628 [DEBUG]  Adding output dependencies
2021-07-19 17:00:43.639 parsl.dataflow.dflow:881 [INFO]  Task 6 submitted for App app_A, not waiting on any dependency
2021-07-19 17:00:43.640 parsl.dataflow.dflow:889 [DEBUG]  Task 6 set to pending state with AppFuture: <AppFuture super=<AppFuture at 0x7f93e0e5e070 state=pending>>
2021-07-19 17:00:43.640 parsl.monitoring.monitoring:274 [DEBUG]  Sending message MessageType.TASK_INFO, {'task_func_name': 'app_A', 'task_memoize': False, 'task_hashsum': None, 'task_fail_count': 0, 'task_status': <States.pending: 0>, 'task_id': 6, 'task_time_invoked': datetime.datetime(2021, 7, 19, 17, 0, 43, 639575), 'task_try_time_launched': None, 'task_time_returned': None, 'task_try_time_returned': None, 'task_executor': 'htex_Local', 'run_id': '6e7fb33f-b5ab-4db1-8b21-8ccaff74721c', 'try_id': 0, 'timestamp': datetime.datetime(2021, 7, 19, 17, 0, 43, 640321), 'task_status_name': 'pending', 'tasks_failed_count': 0, 'tasks_completed_count': 6, 'tasks_memo_completed_count': 0, 'from_memo': None, 'task_inputs': 'None', 'task_outputs': 'None', 'task_stdin': None, 'task_stdout': None, 'task_stderr': None, 'task_fail_history': '', 'task_depends': '', 'task_joins': None}
2021-07-19 17:00:43.641 parsl.dataflow.memoization:229 [DEBUG]  Task 6 will not be memoized
2021-07-19 17:00:43.642 parsl.executors.high_throughput.executor:557 [DEBUG]  Pushing function <function MonitoringHub.monitor_wrapper.<locals>.wrapped at 0x7f93e0e5a1f0> to queue with args ()
2021-07-19 17:00:43.645 parsl.monitoring.monitoring:274 [DEBUG]  Sending message MessageType.TASK_INFO, {'task_func_name': 'app_A', 'task_memoize': False, 'task_hashsum': None, 'task_fail_count': 0, 'task_status': <States.launched: 7>, 'task_id': 6, 'task_time_invoked': datetime.datetime(2021, 7, 19, 17, 0, 43, 639575), 'task_try_time_launched': datetime.datetime(2021, 7, 19, 17, 0, 43, 641406), 'task_time_returned': None, 'task_try_time_returned': None, 'task_executor': 'htex_Local', 'run_id': '6e7fb33f-b5ab-4db1-8b21-8ccaff74721c', 'try_id': 0, 'timestamp': datetime.datetime(2021, 7, 19, 17, 0, 43, 644732), 'task_status_name': 'launched', 'tasks_failed_count': 0, 'tasks_completed_count': 6, 'tasks_memo_completed_count': 0, 'from_memo': False, 'task_inputs': 'None', 'task_outputs': 'None', 'task_stdin': None, 'task_stdout': None, 'task_stderr': None, 'task_fail_history': '', 'task_depends': '', 'task_joins': None}
2021-07-19 17:00:43.645 parsl.dataflow.dflow:591 [INFO]  Task 6 launched on executor htex_Local
2021-07-19 17:00:43.645 parsl.dataflow.dflow:802 [DEBUG]  Task 7 will be sent to executor htex_Local
2021-07-19 17:00:43.646 parsl.dataflow.dflow:628 [DEBUG]  Adding output dependencies
2021-07-19 17:00:43.646 parsl.dataflow.dflow:1166 [WARNING]  No tasks checkpointed so far in this run. Please ensure caching is enabled
2021-07-19 17:00:43.646 parsl.dataflow.dflow:881 [INFO]  Task 7 submitted for App app_B, not waiting on any dependency
2021-07-19 17:00:43.646 parsl.monitoring.monitoring:274 [DEBUG]  Sending message MessageType.TASK_INFO, {'task_func_name': 'app_E', 'task_memoize': False, 'task_hashsum': None, 'task_fail_count': 0, 'task_status': <States.exec_done: 3>, 'task_id': 5, 'task_time_invoked': datetime.datetime(2021, 7, 19, 17, 0, 42, 814333), 'task_try_time_launched': datetime.datetime(2021, 7, 19, 17, 0, 43, 426824), 'task_time_returned': datetime.datetime(2021, 7, 19, 17, 0, 43, 638968), 'task_try_time_returned': datetime.datetime(2021, 7, 19, 17, 0, 43, 638723), 'task_executor': 'htex_Local', 'run_id': '6e7fb33f-b5ab-4db1-8b21-8ccaff74721c', 'try_id': 0, 'timestamp': datetime.datetime(2021, 7, 19, 17, 0, 43, 646643), 'task_status_name': 'exec_done', 'tasks_failed_count': 0, 'tasks_completed_count': 6, 'tasks_memo_completed_count': 0, 'from_memo': False, 'task_inputs': 'None', 'task_outputs': 'None', 'task_stdin': None, 'task_stdout': None, 'task_stderr': None, 'task_fail_history': '', 'task_depends': '4', 'task_joins': None}
2021-07-19 17:00:43.647 parsl.dataflow.dflow:889 [DEBUG]  Task 7 set to pending state with AppFuture: <AppFuture super=<AppFuture at 0x7f93e0e5e910 state=pending>>
2021-07-19 17:00:43.647 parsl.monitoring.monitoring:274 [DEBUG]  Sending message MessageType.TASK_INFO, {'task_func_name': 'app_B', 'task_memoize': False, 'task_hashsum': None, 'task_fail_count': 0, 'task_status': <States.pending: 0>, 'task_id': 7, 'task_time_invoked': datetime.datetime(2021, 7, 19, 17, 0, 43, 646247), 'task_try_time_launched': None, 'task_time_returned': None, 'task_try_time_returned': None, 'task_executor': 'htex_Local', 'run_id': '6e7fb33f-b5ab-4db1-8b21-8ccaff74721c', 'try_id': 0, 'timestamp': datetime.datetime(2021, 7, 19, 17, 0, 43, 647700), 'task_status_name': 'pending', 'tasks_failed_count': 0, 'tasks_completed_count': 6, 'tasks_memo_completed_count': 0, 'from_memo': None, 'task_inputs': 'None', 'task_outputs': 'None', 'task_stdin': None, 'task_stdout': None, 'task_stderr': None, 'task_fail_history': '', 'task_depends': '', 'task_joins': None}
2021-07-19 17:00:43.648 parsl.dataflow.memoization:229 [DEBUG]  Task 7 will not be memoized
2021-07-19 17:00:43.648 parsl.executors.high_throughput.executor:557 [DEBUG]  Pushing function <function MonitoringHub.monitor_wrapper.<locals>.wrapped at 0x7f93e0e5a040> to queue with args ()
2021-07-19 17:00:43.650 parsl.monitoring.monitoring:274 [DEBUG]  Sending message MessageType.TASK_INFO, {'task_func_name': 'app_B', 'task_memoize': False, 'task_hashsum': None, 'task_fail_count': 0, 'task_status': <States.launched: 7>, 'task_id': 7, 'task_time_invoked': datetime.datetime(2021, 7, 19, 17, 0, 43, 646247), 'task_try_time_launched': datetime.datetime(2021, 7, 19, 17, 0, 43, 648187), 'task_time_returned': None, 'task_try_time_returned': None, 'task_executor': 'htex_Local', 'run_id': '6e7fb33f-b5ab-4db1-8b21-8ccaff74721c', 'try_id': 0, 'timestamp': datetime.datetime(2021, 7, 19, 17, 0, 43, 650561), 'task_status_name': 'launched', 'tasks_failed_count': 0, 'tasks_completed_count': 6, 'tasks_memo_completed_count': 0, 'from_memo': False, 'task_inputs': 'None', 'task_outputs': 'None', 'task_stdin': None, 'task_stdout': None, 'task_stderr': None, 'task_fail_history': '', 'task_depends': '', 'task_joins': None}
2021-07-19 17:00:43.651 parsl.dataflow.dflow:591 [INFO]  Task 7 launched on executor htex_Local
2021-07-19 17:00:43.651 parsl.dataflow.dflow:802 [DEBUG]  Task 8 will be sent to executor htex_Local
2021-07-19 17:00:43.651 parsl.dataflow.dflow:628 [DEBUG]  Adding output dependencies
2021-07-19 17:00:43.651 parsl.dataflow.dflow:881 [INFO]  Task 8 submitted for App app_C, waiting on task 6, task 7
2021-07-19 17:00:43.651 parsl.dataflow.dflow:889 [DEBUG]  Task 8 set to pending state with AppFuture: <AppFuture super=<AppFuture at 0x7f93e0e5ebe0 state=pending>>
2021-07-19 17:00:43.652 parsl.monitoring.monitoring:274 [DEBUG]  Sending message MessageType.TASK_INFO, {'task_func_name': 'app_C', 'task_memoize': False, 'task_hashsum': None, 'task_fail_count': 0, 'task_status': <States.pending: 0>, 'task_id': 8, 'task_time_invoked': datetime.datetime(2021, 7, 19, 17, 0, 43, 651617), 'task_try_time_launched': None, 'task_time_returned': None, 'task_try_time_returned': None, 'task_executor': 'htex_Local', 'run_id': '6e7fb33f-b5ab-4db1-8b21-8ccaff74721c', 'try_id': 0, 'timestamp': datetime.datetime(2021, 7, 19, 17, 0, 43, 651913), 'task_status_name': 'pending', 'tasks_failed_count': 0, 'tasks_completed_count': 6, 'tasks_memo_completed_count': 0, 'from_memo': None, 'task_inputs': 'None', 'task_outputs': 'None', 'task_stdin': None, 'task_stdout': None, 'task_stderr': None, 'task_fail_history': '', 'task_depends': '6,7', 'task_joins': None}
2021-07-19 17:00:43.652 parsl.dataflow.dflow:802 [DEBUG]  Task 9 will be sent to executor htex_Local
2021-07-19 17:00:43.652 parsl.dataflow.dflow:628 [DEBUG]  Adding output dependencies
2021-07-19 17:00:43.652 parsl.dataflow.dflow:881 [INFO]  Task 9 submitted for App app_D, waiting on task 8
2021-07-19 17:00:43.652 parsl.dataflow.dflow:889 [DEBUG]  Task 9 set to pending state with AppFuture: <AppFuture super=<AppFuture at 0x7f93e0e5edc0 state=pending>>
2021-07-19 17:00:43.652 parsl.monitoring.monitoring:274 [DEBUG]  Sending message MessageType.TASK_INFO, {'task_func_name': 'app_D', 'task_memoize': False, 'task_hashsum': None, 'task_fail_count': 0, 'task_status': <States.pending: 0>, 'task_id': 9, 'task_time_invoked': datetime.datetime(2021, 7, 19, 17, 0, 43, 652483), 'task_try_time_launched': None, 'task_time_returned': None, 'task_try_time_returned': None, 'task_executor': 'htex_Local', 'run_id': '6e7fb33f-b5ab-4db1-8b21-8ccaff74721c', 'try_id': 0, 'timestamp': datetime.datetime(2021, 7, 19, 17, 0, 43, 652742), 'task_status_name': 'pending', 'tasks_failed_count': 0, 'tasks_completed_count': 6, 'tasks_memo_completed_count': 0, 'from_memo': None, 'task_inputs': 'None', 'task_outputs': 'None', 'task_stdin': None, 'task_stdout': None, 'task_stderr': None, 'task_fail_history': '', 'task_depends': '8', 'task_joins': None}
2021-07-19 17:00:43.653 parsl.dataflow.dflow:802 [DEBUG]  Task 10 will be sent to executor htex_Local
2021-07-19 17:00:43.653 parsl.dataflow.dflow:628 [DEBUG]  Adding output dependencies
2021-07-19 17:00:43.653 parsl.dataflow.dflow:881 [INFO]  Task 10 submitted for App app_E, waiting on task 9
2021-07-19 17:00:43.653 parsl.dataflow.dflow:889 [DEBUG]  Task 10 set to pending state with AppFuture: <AppFuture super=<AppFuture at 0x7f93e0e5ef40 state=pending>>
2021-07-19 17:00:43.653 parsl.monitoring.monitoring:274 [DEBUG]  Sending message MessageType.TASK_INFO, {'task_func_name': 'app_E', 'task_memoize': False, 'task_hashsum': None, 'task_fail_count': 0, 'task_status': <States.pending: 0>, 'task_id': 10, 'task_time_invoked': datetime.datetime(2021, 7, 19, 17, 0, 43, 653241), 'task_try_time_launched': None, 'task_time_returned': None, 'task_try_time_returned': None, 'task_executor': 'htex_Local', 'run_id': '6e7fb33f-b5ab-4db1-8b21-8ccaff74721c', 'try_id': 0, 'timestamp': datetime.datetime(2021, 7, 19, 17, 0, 43, 653454), 'task_status_name': 'pending', 'tasks_failed_count': 0, 'tasks_completed_count': 6, 'tasks_memo_completed_count': 0, 'from_memo': None, 'task_inputs': 'None', 'task_outputs': 'None', 'task_stdin': None, 'task_stdout': None, 'task_stderr': None, 'task_fail_history': '', 'task_depends': '9', 'task_joins': None}
2021-07-19 17:00:43.850 parsl.dataflow.dflow:442 [INFO]  Task 6 completed (launched -> exec_done)
2021-07-19 17:00:43.851 parsl.dataflow.dflow:1166 [WARNING]  No tasks checkpointed so far in this run. Please ensure caching is enabled
2021-07-19 17:00:43.852 parsl.monitoring.monitoring:274 [DEBUG]  Sending message MessageType.TASK_INFO, {'task_func_name': 'app_A', 'task_memoize': False, 'task_hashsum': None, 'task_fail_count': 0, 'task_status': <States.exec_done: 3>, 'task_id': 6, 'task_time_invoked': datetime.datetime(2021, 7, 19, 17, 0, 43, 639575), 'task_try_time_launched': datetime.datetime(2021, 7, 19, 17, 0, 43, 641406), 'task_time_returned': datetime.datetime(2021, 7, 19, 17, 0, 43, 850430), 'task_try_time_returned': datetime.datetime(2021, 7, 19, 17, 0, 43, 850045), 'task_executor': 'htex_Local', 'run_id': '6e7fb33f-b5ab-4db1-8b21-8ccaff74721c', 'try_id': 0, 'timestamp': datetime.datetime(2021, 7, 19, 17, 0, 43, 852193), 'task_status_name': 'exec_done', 'tasks_failed_count': 0, 'tasks_completed_count': 7, 'tasks_memo_completed_count': 0, 'from_memo': False, 'task_inputs': 'None', 'task_outputs': 'None', 'task_stdin': None, 'task_stdout': None, 'task_stderr': None, 'task_fail_history': '', 'task_depends': '', 'task_joins': None}
2021-07-19 17:00:43.853 parsl.dataflow.dflow:442 [INFO]  Task 7 completed (launched -> exec_done)
2021-07-19 17:00:43.854 parsl.dataflow.dflow:1166 [WARNING]  No tasks checkpointed so far in this run. Please ensure caching is enabled
2021-07-19 17:00:43.854 parsl.dataflow.memoization:229 [DEBUG]  Task 8 will not be memoized
2021-07-19 17:00:43.854 parsl.executors.high_throughput.executor:557 [DEBUG]  Pushing function <function MonitoringHub.monitor_wrapper.<locals>.wrapped at 0x7f93e0e5a700> to queue with args (7, 3.0)
2021-07-19 17:00:43.856 parsl.monitoring.monitoring:274 [DEBUG]  Sending message MessageType.TASK_INFO, {'task_func_name': 'app_C', 'task_memoize': False, 'task_hashsum': None, 'task_fail_count': 0, 'task_status': <States.launched: 7>, 'task_id': 8, 'task_time_invoked': datetime.datetime(2021, 7, 19, 17, 0, 43, 651617), 'task_try_time_launched': datetime.datetime(2021, 7, 19, 17, 0, 43, 854318), 'task_time_returned': None, 'task_try_time_returned': None, 'task_executor': 'htex_Local', 'run_id': '6e7fb33f-b5ab-4db1-8b21-8ccaff74721c', 'try_id': 0, 'timestamp': datetime.datetime(2021, 7, 19, 17, 0, 43, 856337), 'task_status_name': 'launched', 'tasks_failed_count': 0, 'tasks_completed_count': 8, 'tasks_memo_completed_count': 0, 'from_memo': False, 'task_inputs': 'None', 'task_outputs': 'None', 'task_stdin': None, 'task_stdout': None, 'task_stderr': None, 'task_fail_history': '', 'task_depends': '6,7', 'task_joins': None}
2021-07-19 17:00:43.856 parsl.dataflow.dflow:591 [INFO]  Task 8 launched on executor htex_Local
2021-07-19 17:00:43.857 parsl.monitoring.monitoring:274 [DEBUG]  Sending message MessageType.TASK_INFO, {'task_func_name': 'app_B', 'task_memoize': False, 'task_hashsum': None, 'task_fail_count': 0, 'task_status': <States.exec_done: 3>, 'task_id': 7, 'task_time_invoked': datetime.datetime(2021, 7, 19, 17, 0, 43, 646247), 'task_try_time_launched': datetime.datetime(2021, 7, 19, 17, 0, 43, 648187), 'task_time_returned': datetime.datetime(2021, 7, 19, 17, 0, 43, 853286), 'task_try_time_returned': datetime.datetime(2021, 7, 19, 17, 0, 43, 853056), 'task_executor': 'htex_Local', 'run_id': '6e7fb33f-b5ab-4db1-8b21-8ccaff74721c', 'try_id': 0, 'timestamp': datetime.datetime(2021, 7, 19, 17, 0, 43, 857061), 'task_status_name': 'exec_done', 'tasks_failed_count': 0, 'tasks_completed_count': 8, 'tasks_memo_completed_count': 0, 'from_memo': False, 'task_inputs': 'None', 'task_outputs': 'None', 'task_stdin': None, 'task_stdout': None, 'task_stderr': None, 'task_fail_history': '', 'task_depends': '', 'task_joins': None}
2021-07-19 17:00:44.057 parsl.dataflow.dflow:442 [INFO]  Task 8 completed (launched -> exec_done)
2021-07-19 17:00:44.058 parsl.dataflow.dflow:1166 [WARNING]  No tasks checkpointed so far in this run. Please ensure caching is enabled
2021-07-19 17:00:44.058 parsl.dataflow.memoization:229 [DEBUG]  Task 9 will not be memoized
2021-07-19 17:00:44.059 parsl.executors.high_throughput.executor:557 [DEBUG]  Pushing function <function MonitoringHub.monitor_wrapper.<locals>.wrapped at 0x7f93e0e5a940> to queue with args (10, 7, 10.0)
2021-07-19 17:00:44.062 parsl.monitoring.monitoring:274 [DEBUG]  Sending message MessageType.TASK_INFO, {'task_func_name': 'app_D', 'task_memoize': False, 'task_hashsum': None, 'task_fail_count': 0, 'task_status': <States.launched: 7>, 'task_id': 9, 'task_time_invoked': datetime.datetime(2021, 7, 19, 17, 0, 43, 652483), 'task_try_time_launched': datetime.datetime(2021, 7, 19, 17, 0, 44, 58663), 'task_time_returned': None, 'task_try_time_returned': None, 'task_executor': 'htex_Local', 'run_id': '6e7fb33f-b5ab-4db1-8b21-8ccaff74721c', 'try_id': 0, 'timestamp': datetime.datetime(2021, 7, 19, 17, 0, 44, 62101), 'task_status_name': 'launched', 'tasks_failed_count': 0, 'tasks_completed_count': 9, 'tasks_memo_completed_count': 0, 'from_memo': False, 'task_inputs': 'None', 'task_outputs': 'None', 'task_stdin': None, 'task_stdout': None, 'task_stderr': None, 'task_fail_history': '', 'task_depends': '8', 'task_joins': None}
2021-07-19 17:00:44.062 parsl.dataflow.dflow:591 [INFO]  Task 9 launched on executor htex_Local
2021-07-19 17:00:44.063 parsl.monitoring.monitoring:274 [DEBUG]  Sending message MessageType.TASK_INFO, {'task_func_name': 'app_C', 'task_memoize': False, 'task_hashsum': None, 'task_fail_count': 0, 'task_status': <States.exec_done: 3>, 'task_id': 8, 'task_time_invoked': datetime.datetime(2021, 7, 19, 17, 0, 43, 651617), 'task_try_time_launched': datetime.datetime(2021, 7, 19, 17, 0, 43, 854318), 'task_time_returned': datetime.datetime(2021, 7, 19, 17, 0, 44, 57451), 'task_try_time_returned': datetime.datetime(2021, 7, 19, 17, 0, 44, 57150), 'task_executor': 'htex_Local', 'run_id': '6e7fb33f-b5ab-4db1-8b21-8ccaff74721c', 'try_id': 0, 'timestamp': datetime.datetime(2021, 7, 19, 17, 0, 44, 62969), 'task_status_name': 'exec_done', 'tasks_failed_count': 0, 'tasks_completed_count': 9, 'tasks_memo_completed_count': 0, 'from_memo': False, 'task_inputs': 'None', 'task_outputs': 'None', 'task_stdin': None, 'task_stdout': None, 'task_stderr': None, 'task_fail_history': '', 'task_depends': '6,7', 'task_joins': None}
2021-07-19 17:00:44.264 parsl.dataflow.dflow:442 [INFO]  Task 9 completed (launched -> exec_done)
2021-07-19 17:00:44.265 parsl.dataflow.dflow:1166 [WARNING]  No tasks checkpointed so far in this run. Please ensure caching is enabled
2021-07-19 17:00:44.265 parsl.dataflow.memoization:229 [DEBUG]  Task 10 will not be memoized
2021-07-19 17:00:44.266 parsl.executors.high_throughput.executor:557 [DEBUG]  Pushing function <function MonitoringHub.monitor_wrapper.<locals>.wrapped at 0x7f93e0e5ab80> to queue with args (10,)
2021-07-19 17:00:44.268 parsl.monitoring.monitoring:274 [DEBUG]  Sending message MessageType.TASK_INFO, {'task_func_name': 'app_E', 'task_memoize': False, 'task_hashsum': None, 'task_fail_count': 0, 'task_status': <States.launched: 7>, 'task_id': 10, 'task_time_invoked': datetime.datetime(2021, 7, 19, 17, 0, 43, 653241), 'task_try_time_launched': datetime.datetime(2021, 7, 19, 17, 0, 44, 265507), 'task_time_returned': None, 'task_try_time_returned': None, 'task_executor': 'htex_Local', 'run_id': '6e7fb33f-b5ab-4db1-8b21-8ccaff74721c', 'try_id': 0, 'timestamp': datetime.datetime(2021, 7, 19, 17, 0, 44, 268250), 'task_status_name': 'launched', 'tasks_failed_count': 0, 'tasks_completed_count': 10, 'tasks_memo_completed_count': 0, 'from_memo': False, 'task_inputs': 'None', 'task_outputs': 'None', 'task_stdin': None, 'task_stdout': None, 'task_stderr': None, 'task_fail_history': '', 'task_depends': '9', 'task_joins': None}
2021-07-19 17:00:44.269 parsl.dataflow.dflow:591 [INFO]  Task 10 launched on executor htex_Local
2021-07-19 17:00:44.269 parsl.monitoring.monitoring:274 [DEBUG]  Sending message MessageType.TASK_INFO, {'task_func_name': 'app_D', 'task_memoize': False, 'task_hashsum': None, 'task_fail_count': 0, 'task_status': <States.exec_done: 3>, 'task_id': 9, 'task_time_invoked': datetime.datetime(2021, 7, 19, 17, 0, 43, 652483), 'task_try_time_launched': datetime.datetime(2021, 7, 19, 17, 0, 44, 58663), 'task_time_returned': datetime.datetime(2021, 7, 19, 17, 0, 44, 264524), 'task_try_time_returned': datetime.datetime(2021, 7, 19, 17, 0, 44, 264242), 'task_executor': 'htex_Local', 'run_id': '6e7fb33f-b5ab-4db1-8b21-8ccaff74721c', 'try_id': 0, 'timestamp': datetime.datetime(2021, 7, 19, 17, 0, 44, 269455), 'task_status_name': 'exec_done', 'tasks_failed_count': 0, 'tasks_completed_count': 10, 'tasks_memo_completed_count': 0, 'from_memo': False, 'task_inputs': 'None', 'task_outputs': 'None', 'task_stdin': None, 'task_stdout': None, 'task_stderr': None, 'task_fail_history': '', 'task_depends': '8', 'task_joins': None}
2021-07-19 17:00:44.479 parsl.dataflow.dflow:442 [INFO]  Task 10 completed (launched -> exec_done)
2021-07-19 17:00:44.479 parsl.dataflow.dflow:802 [DEBUG]  Task 11 will be sent to executor htex_Local
2021-07-19 17:00:44.480 parsl.dataflow.dflow:628 [DEBUG]  Adding output dependencies
2021-07-19 17:00:44.480 parsl.dataflow.dflow:881 [INFO]  Task 11 submitted for App app_A, not waiting on any dependency
2021-07-19 17:00:44.480 parsl.dataflow.dflow:889 [DEBUG]  Task 11 set to pending state with AppFuture: <AppFuture super=<AppFuture at 0x7f93e0e49730 state=pending>>
2021-07-19 17:00:44.481 parsl.monitoring.monitoring:274 [DEBUG]  Sending message MessageType.TASK_INFO, {'task_func_name': 'app_A', 'task_memoize': False, 'task_hashsum': None, 'task_fail_count': 0, 'task_status': <States.pending: 0>, 'task_id': 11, 'task_time_invoked': datetime.datetime(2021, 7, 19, 17, 0, 44, 480247), 'task_try_time_launched': None, 'task_time_returned': None, 'task_try_time_returned': None, 'task_executor': 'htex_Local', 'run_id': '6e7fb33f-b5ab-4db1-8b21-8ccaff74721c', 'try_id': 0, 'timestamp': datetime.datetime(2021, 7, 19, 17, 0, 44, 481254), 'task_status_name': 'pending', 'tasks_failed_count': 0, 'tasks_completed_count': 11, 'tasks_memo_completed_count': 0, 'from_memo': None, 'task_inputs': 'None', 'task_outputs': 'None', 'task_stdin': None, 'task_stdout': None, 'task_stderr': None, 'task_fail_history': '', 'task_depends': '', 'task_joins': None}
2021-07-19 17:00:44.482 parsl.dataflow.dflow:1166 [WARNING]  No tasks checkpointed so far in this run. Please ensure caching is enabled
2021-07-19 17:00:44.482 parsl.dataflow.memoization:229 [DEBUG]  Task 11 will not be memoized
2021-07-19 17:00:44.482 parsl.monitoring.monitoring:274 [DEBUG]  Sending message MessageType.TASK_INFO, {'task_func_name': 'app_E', 'task_memoize': False, 'task_hashsum': None, 'task_fail_count': 0, 'task_status': <States.exec_done: 3>, 'task_id': 10, 'task_time_invoked': datetime.datetime(2021, 7, 19, 17, 0, 43, 653241), 'task_try_time_launched': datetime.datetime(2021, 7, 19, 17, 0, 44, 265507), 'task_time_returned': datetime.datetime(2021, 7, 19, 17, 0, 44, 479659), 'task_try_time_returned': datetime.datetime(2021, 7, 19, 17, 0, 44, 479304), 'task_executor': 'htex_Local', 'run_id': '6e7fb33f-b5ab-4db1-8b21-8ccaff74721c', 'try_id': 0, 'timestamp': datetime.datetime(2021, 7, 19, 17, 0, 44, 482545), 'task_status_name': 'exec_done', 'tasks_failed_count': 0, 'tasks_completed_count': 11, 'tasks_memo_completed_count': 0, 'from_memo': False, 'task_inputs': 'None', 'task_outputs': 'None', 'task_stdin': None, 'task_stdout': None, 'task_stderr': None, 'task_fail_history': '', 'task_depends': '9', 'task_joins': None}
2021-07-19 17:00:44.483 parsl.executors.high_throughput.executor:557 [DEBUG]  Pushing function <function MonitoringHub.monitor_wrapper.<locals>.wrapped at 0x7f93e0e5adc0> to queue with args ()
2021-07-19 17:00:44.486 parsl.monitoring.monitoring:274 [DEBUG]  Sending message MessageType.TASK_INFO, {'task_func_name': 'app_A', 'task_memoize': False, 'task_hashsum': None, 'task_fail_count': 0, 'task_status': <States.launched: 7>, 'task_id': 11, 'task_time_invoked': datetime.datetime(2021, 7, 19, 17, 0, 44, 480247), 'task_try_time_launched': datetime.datetime(2021, 7, 19, 17, 0, 44, 482370), 'task_time_returned': None, 'task_try_time_returned': None, 'task_executor': 'htex_Local', 'run_id': '6e7fb33f-b5ab-4db1-8b21-8ccaff74721c', 'try_id': 0, 'timestamp': datetime.datetime(2021, 7, 19, 17, 0, 44, 485767), 'task_status_name': 'launched', 'tasks_failed_count': 0, 'tasks_completed_count': 11, 'tasks_memo_completed_count': 0, 'from_memo': False, 'task_inputs': 'None', 'task_outputs': 'None', 'task_stdin': None, 'task_stdout': None, 'task_stderr': None, 'task_fail_history': '', 'task_depends': '', 'task_joins': None}
2021-07-19 17:00:44.486 parsl.dataflow.dflow:591 [INFO]  Task 11 launched on executor htex_Local
2021-07-19 17:00:44.486 parsl.dataflow.dflow:802 [DEBUG]  Task 12 will be sent to executor htex_Local
2021-07-19 17:00:44.486 parsl.dataflow.dflow:628 [DEBUG]  Adding output dependencies
2021-07-19 17:00:44.487 parsl.dataflow.dflow:881 [INFO]  Task 12 submitted for App app_B, not waiting on any dependency
2021-07-19 17:00:44.487 parsl.dataflow.dflow:889 [DEBUG]  Task 12 set to pending state with AppFuture: <AppFuture super=<AppFuture at 0x7f93e0e49ee0 state=pending>>
2021-07-19 17:00:44.487 parsl.monitoring.monitoring:274 [DEBUG]  Sending message MessageType.TASK_INFO, {'task_func_name': 'app_B', 'task_memoize': False, 'task_hashsum': None, 'task_fail_count': 0, 'task_status': <States.pending: 0>, 'task_id': 12, 'task_time_invoked': datetime.datetime(2021, 7, 19, 17, 0, 44, 486821), 'task_try_time_launched': None, 'task_time_returned': None, 'task_try_time_returned': None, 'task_executor': 'htex_Local', 'run_id': '6e7fb33f-b5ab-4db1-8b21-8ccaff74721c', 'try_id': 0, 'timestamp': datetime.datetime(2021, 7, 19, 17, 0, 44, 487299), 'task_status_name': 'pending', 'tasks_failed_count': 0, 'tasks_completed_count': 11, 'tasks_memo_completed_count': 0, 'from_memo': None, 'task_inputs': 'None', 'task_outputs': 'None', 'task_stdin': None, 'task_stdout': None, 'task_stderr': None, 'task_fail_history': '', 'task_depends': '', 'task_joins': None}
2021-07-19 17:00:44.487 parsl.dataflow.memoization:229 [DEBUG]  Task 12 will not be memoized
2021-07-19 17:00:44.488 parsl.executors.high_throughput.executor:557 [DEBUG]  Pushing function <function MonitoringHub.monitor_wrapper.<locals>.wrapped at 0x7f93e0e6a040> to queue with args ()
2021-07-19 17:00:44.489 parsl.monitoring.monitoring:274 [DEBUG]  Sending message MessageType.TASK_INFO, {'task_func_name': 'app_B', 'task_memoize': False, 'task_hashsum': None, 'task_fail_count': 0, 'task_status': <States.launched: 7>, 'task_id': 12, 'task_time_invoked': datetime.datetime(2021, 7, 19, 17, 0, 44, 486821), 'task_try_time_launched': datetime.datetime(2021, 7, 19, 17, 0, 44, 487915), 'task_time_returned': None, 'task_try_time_returned': None, 'task_executor': 'htex_Local', 'run_id': '6e7fb33f-b5ab-4db1-8b21-8ccaff74721c', 'try_id': 0, 'timestamp': datetime.datetime(2021, 7, 19, 17, 0, 44, 489467), 'task_status_name': 'launched', 'tasks_failed_count': 0, 'tasks_completed_count': 11, 'tasks_memo_completed_count': 0, 'from_memo': False, 'task_inputs': 'None', 'task_outputs': 'None', 'task_stdin': None, 'task_stdout': None, 'task_stderr': None, 'task_fail_history': '', 'task_depends': '', 'task_joins': None}
2021-07-19 17:00:44.490 parsl.dataflow.dflow:591 [INFO]  Task 12 launched on executor htex_Local
2021-07-19 17:00:44.490 parsl.dataflow.dflow:802 [DEBUG]  Task 13 will be sent to executor htex_Local
2021-07-19 17:00:44.490 parsl.dataflow.dflow:628 [DEBUG]  Adding output dependencies
2021-07-19 17:00:44.490 parsl.dataflow.dflow:881 [INFO]  Task 13 submitted for App app_C, waiting on task 11, task 12
2021-07-19 17:00:44.490 parsl.dataflow.dflow:889 [DEBUG]  Task 13 set to pending state with AppFuture: <AppFuture super=<AppFuture at 0x7f93e0e67760 state=pending>>
2021-07-19 17:00:44.491 parsl.monitoring.monitoring:274 [DEBUG]  Sending message MessageType.TASK_INFO, {'task_func_name': 'app_C', 'task_memoize': False, 'task_hashsum': None, 'task_fail_count': 0, 'task_status': <States.pending: 0>, 'task_id': 13, 'task_time_invoked': datetime.datetime(2021, 7, 19, 17, 0, 44, 490638), 'task_try_time_launched': None, 'task_time_returned': None, 'task_try_time_returned': None, 'task_executor': 'htex_Local', 'run_id': '6e7fb33f-b5ab-4db1-8b21-8ccaff74721c', 'try_id': 0, 'timestamp': datetime.datetime(2021, 7, 19, 17, 0, 44, 491061), 'task_status_name': 'pending', 'tasks_failed_count': 0, 'tasks_completed_count': 11, 'tasks_memo_completed_count': 0, 'from_memo': None, 'task_inputs': 'None', 'task_outputs': 'None', 'task_stdin': None, 'task_stdout': None, 'task_stderr': None, 'task_fail_history': '', 'task_depends': '11,12', 'task_joins': None}
2021-07-19 17:00:44.491 parsl.dataflow.dflow:802 [DEBUG]  Task 14 will be sent to executor htex_Local
2021-07-19 17:00:44.491 parsl.dataflow.dflow:628 [DEBUG]  Adding output dependencies
2021-07-19 17:00:44.491 parsl.dataflow.dflow:881 [INFO]  Task 14 submitted for App app_D, waiting on task 13
2021-07-19 17:00:44.491 parsl.dataflow.dflow:889 [DEBUG]  Task 14 set to pending state with AppFuture: <AppFuture super=<AppFuture at 0x7f93e0e67910 state=pending>>
2021-07-19 17:00:44.492 parsl.monitoring.monitoring:274 [DEBUG]  Sending message MessageType.TASK_INFO, {'task_func_name': 'app_D', 'task_memoize': False, 'task_hashsum': None, 'task_fail_count': 0, 'task_status': <States.pending: 0>, 'task_id': 14, 'task_time_invoked': datetime.datetime(2021, 7, 19, 17, 0, 44, 491707), 'task_try_time_launched': None, 'task_time_returned': None, 'task_try_time_returned': None, 'task_executor': 'htex_Local', 'run_id': '6e7fb33f-b5ab-4db1-8b21-8ccaff74721c', 'try_id': 0, 'timestamp': datetime.datetime(2021, 7, 19, 17, 0, 44, 491965), 'task_status_name': 'pending', 'tasks_failed_count': 0, 'tasks_completed_count': 11, 'tasks_memo_completed_count': 0, 'from_memo': None, 'task_inputs': 'None', 'task_outputs': 'None', 'task_stdin': None, 'task_stdout': None, 'task_stderr': None, 'task_fail_history': '', 'task_depends': '13', 'task_joins': None}
2021-07-19 17:00:44.492 parsl.dataflow.dflow:802 [DEBUG]  Task 15 will be sent to executor htex_Local
2021-07-19 17:00:44.492 parsl.dataflow.dflow:628 [DEBUG]  Adding output dependencies
2021-07-19 17:00:44.492 parsl.dataflow.dflow:881 [INFO]  Task 15 submitted for App app_E, waiting on task 14
2021-07-19 17:00:44.492 parsl.dataflow.dflow:889 [DEBUG]  Task 15 set to pending state with AppFuture: <AppFuture super=<AppFuture at 0x7f93e0e67a90 state=pending>>
2021-07-19 17:00:44.493 parsl.monitoring.monitoring:274 [DEBUG]  Sending message MessageType.TASK_INFO, {'task_func_name': 'app_E', 'task_memoize': False, 'task_hashsum': None, 'task_fail_count': 0, 'task_status': <States.pending: 0>, 'task_id': 15, 'task_time_invoked': datetime.datetime(2021, 7, 19, 17, 0, 44, 492523), 'task_try_time_launched': None, 'task_time_returned': None, 'task_try_time_returned': None, 'task_executor': 'htex_Local', 'run_id': '6e7fb33f-b5ab-4db1-8b21-8ccaff74721c', 'try_id': 0, 'timestamp': datetime.datetime(2021, 7, 19, 17, 0, 44, 492875), 'task_status_name': 'pending', 'tasks_failed_count': 0, 'tasks_completed_count': 11, 'tasks_memo_completed_count': 0, 'from_memo': None, 'task_inputs': 'None', 'task_outputs': 'None', 'task_stdin': None, 'task_stdout': None, 'task_stderr': None, 'task_fail_history': '', 'task_depends': '14', 'task_joins': None}
2021-07-19 17:00:44.690 parsl.dataflow.dflow:442 [INFO]  Task 12 completed (launched -> exec_done)
2021-07-19 17:00:44.691 parsl.dataflow.dflow:1166 [WARNING]  No tasks checkpointed so far in this run. Please ensure caching is enabled
2021-07-19 17:00:44.691 parsl.monitoring.monitoring:274 [DEBUG]  Sending message MessageType.TASK_INFO, {'task_func_name': 'app_B', 'task_memoize': False, 'task_hashsum': None, 'task_fail_count': 0, 'task_status': <States.exec_done: 3>, 'task_id': 12, 'task_time_invoked': datetime.datetime(2021, 7, 19, 17, 0, 44, 486821), 'task_try_time_launched': datetime.datetime(2021, 7, 19, 17, 0, 44, 487915), 'task_time_returned': datetime.datetime(2021, 7, 19, 17, 0, 44, 690640), 'task_try_time_returned': datetime.datetime(2021, 7, 19, 17, 0, 44, 690367), 'task_executor': 'htex_Local', 'run_id': '6e7fb33f-b5ab-4db1-8b21-8ccaff74721c', 'try_id': 0, 'timestamp': datetime.datetime(2021, 7, 19, 17, 0, 44, 691613), 'task_status_name': 'exec_done', 'tasks_failed_count': 0, 'tasks_completed_count': 12, 'tasks_memo_completed_count': 0, 'from_memo': False, 'task_inputs': 'None', 'task_outputs': 'None', 'task_stdin': None, 'task_stdout': None, 'task_stderr': None, 'task_fail_history': '', 'task_depends': '', 'task_joins': None}
2021-07-19 17:00:44.692 parsl.dataflow.dflow:442 [INFO]  Task 11 completed (launched -> exec_done)
2021-07-19 17:00:44.693 parsl.dataflow.dflow:1166 [WARNING]  No tasks checkpointed so far in this run. Please ensure caching is enabled
2021-07-19 17:00:44.693 parsl.dataflow.memoization:229 [DEBUG]  Task 13 will not be memoized
2021-07-19 17:00:44.694 parsl.executors.high_throughput.executor:557 [DEBUG]  Pushing function <function MonitoringHub.monitor_wrapper.<locals>.wrapped at 0x7f93e0e6a4c0> to queue with args (7, 3.0)
2021-07-19 17:00:44.696 parsl.monitoring.monitoring:274 [DEBUG]  Sending message MessageType.TASK_INFO, {'task_func_name': 'app_C', 'task_memoize': False, 'task_hashsum': None, 'task_fail_count': 0, 'task_status': <States.launched: 7>, 'task_id': 13, 'task_time_invoked': datetime.datetime(2021, 7, 19, 17, 0, 44, 490638), 'task_try_time_launched': datetime.datetime(2021, 7, 19, 17, 0, 44, 693604), 'task_time_returned': None, 'task_try_time_returned': None, 'task_executor': 'htex_Local', 'run_id': '6e7fb33f-b5ab-4db1-8b21-8ccaff74721c', 'try_id': 0, 'timestamp': datetime.datetime(2021, 7, 19, 17, 0, 44, 696343), 'task_status_name': 'launched', 'tasks_failed_count': 0, 'tasks_completed_count': 13, 'tasks_memo_completed_count': 0, 'from_memo': False, 'task_inputs': 'None', 'task_outputs': 'None', 'task_stdin': None, 'task_stdout': None, 'task_stderr': None, 'task_fail_history': '', 'task_depends': '11,12', 'task_joins': None}
2021-07-19 17:00:44.697 parsl.dataflow.dflow:591 [INFO]  Task 13 launched on executor htex_Local
2021-07-19 17:00:44.697 parsl.monitoring.monitoring:274 [DEBUG]  Sending message MessageType.TASK_INFO, {'task_func_name': 'app_A', 'task_memoize': False, 'task_hashsum': None, 'task_fail_count': 0, 'task_status': <States.exec_done: 3>, 'task_id': 11, 'task_time_invoked': datetime.datetime(2021, 7, 19, 17, 0, 44, 480247), 'task_try_time_launched': datetime.datetime(2021, 7, 19, 17, 0, 44, 482370), 'task_time_returned': datetime.datetime(2021, 7, 19, 17, 0, 44, 692690), 'task_try_time_returned': datetime.datetime(2021, 7, 19, 17, 0, 44, 692418), 'task_executor': 'htex_Local', 'run_id': '6e7fb33f-b5ab-4db1-8b21-8ccaff74721c', 'try_id': 0, 'timestamp': datetime.datetime(2021, 7, 19, 17, 0, 44, 697440), 'task_status_name': 'exec_done', 'tasks_failed_count': 0, 'tasks_completed_count': 13, 'tasks_memo_completed_count': 0, 'from_memo': False, 'task_inputs': 'None', 'task_outputs': 'None', 'task_stdin': None, 'task_stdout': None, 'task_stderr': None, 'task_fail_history': '', 'task_depends': '', 'task_joins': None}
2021-07-19 17:00:44.903 parsl.dataflow.dflow:442 [INFO]  Task 13 completed (launched -> exec_done)
2021-07-19 17:00:44.904 parsl.dataflow.dflow:1166 [WARNING]  No tasks checkpointed so far in this run. Please ensure caching is enabled
2021-07-19 17:00:44.904 parsl.dataflow.memoization:229 [DEBUG]  Task 14 will not be memoized
2021-07-19 17:00:44.905 parsl.executors.high_throughput.executor:557 [DEBUG]  Pushing function <function MonitoringHub.monitor_wrapper.<locals>.wrapped at 0x7f93e0e6a700> to queue with args (10, 7, 10.0)
2021-07-19 17:00:44.907 parsl.monitoring.monitoring:274 [DEBUG]  Sending message MessageType.TASK_INFO, {'task_func_name': 'app_D', 'task_memoize': False, 'task_hashsum': None, 'task_fail_count': 0, 'task_status': <States.launched: 7>, 'task_id': 14, 'task_time_invoked': datetime.datetime(2021, 7, 19, 17, 0, 44, 491707), 'task_try_time_launched': datetime.datetime(2021, 7, 19, 17, 0, 44, 904604), 'task_time_returned': None, 'task_try_time_returned': None, 'task_executor': 'htex_Local', 'run_id': '6e7fb33f-b5ab-4db1-8b21-8ccaff74721c', 'try_id': 0, 'timestamp': datetime.datetime(2021, 7, 19, 17, 0, 44, 907442), 'task_status_name': 'launched', 'tasks_failed_count': 0, 'tasks_completed_count': 14, 'tasks_memo_completed_count': 0, 'from_memo': False, 'task_inputs': 'None', 'task_outputs': 'None', 'task_stdin': None, 'task_stdout': None, 'task_stderr': None, 'task_fail_history': '', 'task_depends': '13', 'task_joins': None}
2021-07-19 17:00:44.907 parsl.dataflow.dflow:591 [INFO]  Task 14 launched on executor htex_Local
2021-07-19 17:00:44.908 parsl.monitoring.monitoring:274 [DEBUG]  Sending message MessageType.TASK_INFO, {'task_func_name': 'app_C', 'task_memoize': False, 'task_hashsum': None, 'task_fail_count': 0, 'task_status': <States.exec_done: 3>, 'task_id': 13, 'task_time_invoked': datetime.datetime(2021, 7, 19, 17, 0, 44, 490638), 'task_try_time_launched': datetime.datetime(2021, 7, 19, 17, 0, 44, 693604), 'task_time_returned': datetime.datetime(2021, 7, 19, 17, 0, 44, 903619), 'task_try_time_returned': datetime.datetime(2021, 7, 19, 17, 0, 44, 903378), 'task_executor': 'htex_Local', 'run_id': '6e7fb33f-b5ab-4db1-8b21-8ccaff74721c', 'try_id': 0, 'timestamp': datetime.datetime(2021, 7, 19, 17, 0, 44, 908264), 'task_status_name': 'exec_done', 'tasks_failed_count': 0, 'tasks_completed_count': 14, 'tasks_memo_completed_count': 0, 'from_memo': False, 'task_inputs': 'None', 'task_outputs': 'None', 'task_stdin': None, 'task_stdout': None, 'task_stderr': None, 'task_fail_history': '', 'task_depends': '11,12', 'task_joins': None}
2021-07-19 17:00:45.112 parsl.dataflow.dflow:442 [INFO]  Task 14 completed (launched -> exec_done)
2021-07-19 17:00:45.113 parsl.dataflow.dflow:1166 [WARNING]  No tasks checkpointed so far in this run. Please ensure caching is enabled
2021-07-19 17:00:45.114 parsl.dataflow.memoization:229 [DEBUG]  Task 15 will not be memoized
2021-07-19 17:00:45.114 parsl.executors.high_throughput.executor:557 [DEBUG]  Pushing function <function MonitoringHub.monitor_wrapper.<locals>.wrapped at 0x7f93e0e6a940> to queue with args (10,)
2021-07-19 17:00:45.117 parsl.monitoring.monitoring:274 [DEBUG]  Sending message MessageType.TASK_INFO, {'task_func_name': 'app_E', 'task_memoize': False, 'task_hashsum': None, 'task_fail_count': 0, 'task_status': <States.launched: 7>, 'task_id': 15, 'task_time_invoked': datetime.datetime(2021, 7, 19, 17, 0, 44, 492523), 'task_try_time_launched': datetime.datetime(2021, 7, 19, 17, 0, 45, 114086), 'task_time_returned': None, 'task_try_time_returned': None, 'task_executor': 'htex_Local', 'run_id': '6e7fb33f-b5ab-4db1-8b21-8ccaff74721c', 'try_id': 0, 'timestamp': datetime.datetime(2021, 7, 19, 17, 0, 45, 117024), 'task_status_name': 'launched', 'tasks_failed_count': 0, 'tasks_completed_count': 15, 'tasks_memo_completed_count': 0, 'from_memo': False, 'task_inputs': 'None', 'task_outputs': 'None', 'task_stdin': None, 'task_stdout': None, 'task_stderr': None, 'task_fail_history': '', 'task_depends': '14', 'task_joins': None}
2021-07-19 17:00:45.117 parsl.dataflow.dflow:591 [INFO]  Task 15 launched on executor htex_Local
2021-07-19 17:00:45.118 parsl.monitoring.monitoring:274 [DEBUG]  Sending message MessageType.TASK_INFO, {'task_func_name': 'app_D', 'task_memoize': False, 'task_hashsum': None, 'task_fail_count': 0, 'task_status': <States.exec_done: 3>, 'task_id': 14, 'task_time_invoked': datetime.datetime(2021, 7, 19, 17, 0, 44, 491707), 'task_try_time_launched': datetime.datetime(2021, 7, 19, 17, 0, 44, 904604), 'task_time_returned': datetime.datetime(2021, 7, 19, 17, 0, 45, 113033), 'task_try_time_returned': datetime.datetime(2021, 7, 19, 17, 0, 45, 112759), 'task_executor': 'htex_Local', 'run_id': '6e7fb33f-b5ab-4db1-8b21-8ccaff74721c', 'try_id': 0, 'timestamp': datetime.datetime(2021, 7, 19, 17, 0, 45, 118157), 'task_status_name': 'exec_done', 'tasks_failed_count': 0, 'tasks_completed_count': 15, 'tasks_memo_completed_count': 0, 'from_memo': False, 'task_inputs': 'None', 'task_outputs': 'None', 'task_stdin': None, 'task_stdout': None, 'task_stderr': None, 'task_fail_history': '', 'task_depends': '13', 'task_joins': None}
2021-07-19 17:00:45.324 parsl.dataflow.dflow:442 [INFO]  Task 15 completed (launched -> exec_done)
2021-07-19 17:00:45.325 parsl.dataflow.dflow:1037 [INFO]  DFK cleanup initiated
2021-07-19 17:00:45.326 parsl.dataflow.dflow:927 [INFO]  Summary of tasks in DFK:
2021-07-19 17:00:45.326 parsl.dataflow.dflow:941 [INFO]  Tasks in state States.exec_done: 16
2021-07-19 17:00:45.326 parsl.dataflow.dflow:947 [INFO]  End of summary
2021-07-19 17:00:45.327 parsl.dataflow.dflow:1166 [WARNING]  No tasks checkpointed so far in this run. Please ensure caching is enabled
2021-07-19 17:00:45.327 parsl.monitoring.monitoring:274 [DEBUG]  Sending message MessageType.TASK_INFO, {'task_func_name': 'app_E', 'task_memoize': False, 'task_hashsum': None, 'task_fail_count': 0, 'task_status': <States.exec_done: 3>, 'task_id': 15, 'task_time_invoked': datetime.datetime(2021, 7, 19, 17, 0, 44, 492523), 'task_try_time_launched': datetime.datetime(2021, 7, 19, 17, 0, 45, 114086), 'task_time_returned': datetime.datetime(2021, 7, 19, 17, 0, 45, 325078), 'task_try_time_returned': datetime.datetime(2021, 7, 19, 17, 0, 45, 324805), 'task_executor': 'htex_Local', 'run_id': '6e7fb33f-b5ab-4db1-8b21-8ccaff74721c', 'try_id': 0, 'timestamp': datetime.datetime(2021, 7, 19, 17, 0, 45, 327436), 'task_status_name': 'exec_done', 'tasks_failed_count': 0, 'tasks_completed_count': 16, 'tasks_memo_completed_count': 0, 'from_memo': False, 'task_inputs': 'None', 'task_outputs': 'None', 'task_stdin': None, 'task_stdout': None, 'task_stderr': None, 'task_fail_history': '', 'task_depends': '14', 'task_joins': None}
2021-07-19 17:00:45.329 parsl.dataflow.dflow:1166 [WARNING]  No tasks checkpointed so far in this run. Please ensure caching is enabled
2021-07-19 17:00:45.329 parsl.dataflow.dflow:1061 [INFO]  Terminating flow_control and strategy threads
2021-07-19 17:00:45.333 parsl.executors.high_throughput.executor:688 [DEBUG]  Current blocks : {'0': '4120'}
2021-07-19 17:00:45.335 parsl.executors.high_throughput.executor:521 [DEBUG]  [HOLD_BLOCK]: Sending hold to manager: 63286c76a352
2021-07-19 17:00:45.338 parsl.executors.high_throughput.executor:490 [DEBUG]  Sent hold request to worker: 63286c76a352
2021-07-19 17:00:45.338 parsl.providers.local.local:266 [DEBUG]  Terminating job/proc_id: 4120
2021-07-19 17:00:45.353 parsl.providers.local.local:270 [WARNING]  Failed to kill PID: 4120 and child processes on local
2021-07-19 17:00:45.354 parsl.dataflow.dflow:1074 [DEBUG]  Sending message [{'run_id': '6e7fb33f-b5ab-4db1-8b21-8ccaff74721c', 'status': 'CANCELLED', 'timestamp': datetime.datetime(2021, 7, 19, 17, 0, 45, 354008), 'executor_label': 'htex_Local', 'job_id': '4120', 'block_id': '0'}] to hub from DFK
2021-07-19 17:00:45.354 parsl.monitoring.monitoring:274 [DEBUG]  Sending message MessageType.BLOCK_INFO, [{'run_id': '6e7fb33f-b5ab-4db1-8b21-8ccaff74721c', 'status': 'CANCELLED', 'timestamp': datetime.datetime(2021, 7, 19, 17, 0, 45, 354008), 'executor_label': 'htex_Local', 'job_id': '4120', 'block_id': '0'}]
2021-07-19 17:00:45.355 parsl.executors.high_throughput.executor:727 [INFO]  Attempting HighThroughputExecutor shutdown
2021-07-19 17:00:45.355 parsl.executors.high_throughput.executor:729 [INFO]  Finished HighThroughputExecutor shutdown attempt
2021-07-19 17:00:45.355 parsl.executors.threads:101 [DEBUG]  Done with executor shutdown
2021-07-19 17:00:45.356 parsl.monitoring.monitoring:274 [DEBUG]  Sending message MessageType.WORKFLOW_INFO, {'tasks_failed_count': 0, 'tasks_completed_count': 16, 'time_began': datetime.datetime(2021, 7, 19, 17, 0, 40, 361744), 'time_completed': datetime.datetime(2021, 7, 19, 17, 0, 45, 355882), 'run_id': '6e7fb33f-b5ab-4db1-8b21-8ccaff74721c', 'rundir': '/Users/ananthhariharan/Documents/Code/GitHub/Parsl-Project/runinfo/016'}
2021-07-19 17:00:45.356 parsl.monitoring.monitoring:283 [INFO]  Terminating Monitoring Hub
2021-07-19 17:00:45.357 parsl.monitoring.monitoring:300 [INFO]  Waiting for Hub to receive all messages and terminate
2021-07-19 17:00:48.388 parsl.process_loggers:28 [DEBUG]  Normal ending for router_starter on thread MainThread
2021-07-19 17:00:48.393 parsl.monitoring.monitoring:302 [DEBUG]  Finished waiting for Hub termination
2021-07-19 17:00:48.671 parsl.monitoring.monitoring:306 [DEBUG]  Finished waiting for DBM termination
2021-07-19 17:00:48.671 parsl.dataflow.dflow:1090 [INFO]  DFK cleanup complete
