2021-07-16 17:42:52.270 parsl:626 Rank:0 [INFO]  Python version: 3.8.8 (default, Apr 13 2021, 12:59:45) 
[Clang 10.0.0 ]
2021-07-16 17:42:52.271 parsl:627 Rank:0 [INFO]  Debug logging: True
2021-07-16 17:42:52.271 parsl:628 Rank:0 [INFO]  Log dir: /Users/ananthhariharan/Documents/Code/GitHub/Parsl-Project/runinfo/010/htex_Local
2021-07-16 17:42:52.271 parsl:629 Rank:0 [INFO]  Manager ID: a151569e532c
2021-07-16 17:42:52.271 parsl:630 Rank:0 [INFO]  Block ID: 0
2021-07-16 17:42:52.271 parsl:631 Rank:0 [INFO]  cores_per_worker: 1
2021-07-16 17:42:52.271 parsl:632 Rank:0 [INFO]  mem_per_worker: None
2021-07-16 17:42:52.271 parsl:633 Rank:0 [INFO]  task_port: 54144
2021-07-16 17:42:52.271 parsl:634 Rank:0 [INFO]  result_port: 54174
2021-07-16 17:42:52.271 parsl:635 Rank:0 [INFO]  addresses: Ananths-Macbook.local,192.168.4.29,69.174.173.76
2021-07-16 17:42:52.271 parsl:636 Rank:0 [INFO]  max_workers: 3
2021-07-16 17:42:52.271 parsl:637 Rank:0 [INFO]  poll_period: 100
2021-07-16 17:42:52.271 parsl:638 Rank:0 [INFO]  address_probe_timeout: 30
2021-07-16 17:42:52.271 parsl:639 Rank:0 [INFO]  Prefetch capacity: 0
2021-07-16 17:42:52.271 parsl:640 Rank:0 [INFO]  Heartbeat threshold: 5
2021-07-16 17:42:52.271 parsl:641 Rank:0 [INFO]  Heartbeat period: 2
2021-07-16 17:42:52.271 parsl:642 Rank:0 [INFO]  CPU affinity: none
2021-07-16 17:42:52.271 parsl:118 Rank:0 [INFO]  Manager started
2021-07-16 17:42:52.272 parsl.executors.high_throughput.probe:34 Rank:0 [DEBUG]  Trying to connect back on tcp://Ananths-Macbook.local:54144
2021-07-16 17:42:52.273 parsl.executors.high_throughput.probe:34 Rank:0 [DEBUG]  Trying to connect back on tcp://192.168.4.29:54144
2021-07-16 17:42:52.273 parsl.executors.high_throughput.probe:34 Rank:0 [DEBUG]  Trying to connect back on tcp://69.174.173.76:54144
2021-07-16 17:42:52.443 parsl.executors.high_throughput.probe:47 Rank:0 [INFO]  Connected to interchange on Ananths-Macbook.local
2021-07-16 17:42:52.447 parsl:125 Rank:0 [INFO]  Connection to Interchange successful on Ananths-Macbook.local
2021-07-16 17:42:52.447 parsl:128 Rank:0 [INFO]  Task url : tcp://Ananths-Macbook.local:54144
2021-07-16 17:42:52.447 parsl:129 Rank:0 [INFO]  Result url : tcp://Ananths-Macbook.local:54174
2021-07-16 17:42:52.448 parsl:147 Rank:0 [INFO]  Manager connected
2021-07-16 17:42:52.448 parsl:173 Rank:0 [INFO]  Manager will spawn 3 workers
2021-07-16 17:42:52.503 parsl:401 Rank:0 [DEBUG]  Manager synced with workers
2021-07-16 17:42:52.506 parsl:226 Rank:0 [INFO]  [TASK PULL THREAD] starting
2021-07-16 17:42:52.507 parsl:307 Rank:0 [DEBUG]  [RESULT_PUSH_THREAD] Starting thread
2021-07-16 17:42:52.508 parsl:310 Rank:0 [DEBUG]  [RESULT_PUSH_THREAD] push poll period: 0.1
2021-07-16 17:42:52.508 parsl:232 Rank:0 [DEBUG]  Sending registration message: b'{"parsl_v": "1.1.0", "python_v": "3.8.8", "worker_count": 3, "uid": "a151569e532c", "block_id": "0", "prefetch_capacity": 0, "max_capacity": 3, "os": "Darwin", "hostname": "Ananths-Macbook.local", "dir": "/Users/ananthhariharan/Documents/Code/GitHub/Parsl-Project", "cpu_count": 2, "total_memory": 8589934592}'
2021-07-16 17:42:52.509 parsl:344 Rank:0 [DEBUG]  [WORKER_WATCHDOG_THREAD] Starting thread
2021-07-16 17:42:52.510 parsl:244 Rank:0 [DEBUG]  [TASK_PULL_THREAD] ready workers:0, pending tasks:0
2021-07-16 17:42:52.511 parsl:416 Rank:0 [INFO]  Loop start
2021-07-16 17:42:52.612 parsl:283 Rank:0 [DEBUG]  [TASK_PULL_THREAD] No incoming tasks
2021-07-16 17:42:52.612 parsl:244 Rank:0 [DEBUG]  [TASK_PULL_THREAD] ready workers:3, pending tasks:0
2021-07-16 17:42:52.612 parsl:252 Rank:0 [DEBUG]  [TASK_PULL_THREAD] Requesting tasks: 3
2021-07-16 17:42:52.617 parsl:274 Rank:0 [DEBUG]  [TASK_PULL_THREAD] Got tasks: [1] of 1
2021-07-16 17:42:52.618 parsl:244 Rank:0 [DEBUG]  [TASK_PULL_THREAD] ready workers:3, pending tasks:1
2021-07-16 17:42:52.619 parsl:252 Rank:0 [DEBUG]  [TASK_PULL_THREAD] Requesting tasks: 3
2021-07-16 17:42:52.619 parsl:283 Rank:0 [DEBUG]  [TASK_PULL_THREAD] No incoming tasks
2021-07-16 17:42:52.620 parsl:244 Rank:0 [DEBUG]  [TASK_PULL_THREAD] ready workers:3, pending tasks:0
2021-07-16 17:42:52.620 parsl:252 Rank:0 [DEBUG]  [TASK_PULL_THREAD] Requesting tasks: 3
2021-07-16 17:42:52.627 parsl.process_loggers:28 Rank:0 [DEBUG]  Normal ending for send_first_message on thread MainThread
2021-07-16 17:42:52.825 parsl:283 Rank:0 [DEBUG]  [TASK_PULL_THREAD] No incoming tasks
2021-07-16 17:42:52.826 parsl:244 Rank:0 [DEBUG]  [TASK_PULL_THREAD] ready workers:3, pending tasks:0
2021-07-16 17:42:52.826 parsl:252 Rank:0 [DEBUG]  [TASK_PULL_THREAD] Requesting tasks: 3
2021-07-16 17:42:52.831 parsl:274 Rank:0 [DEBUG]  [TASK_PULL_THREAD] Got tasks: [2, 3] of 3
2021-07-16 17:42:52.832 parsl:244 Rank:0 [DEBUG]  [TASK_PULL_THREAD] ready workers:3, pending tasks:2
2021-07-16 17:42:52.832 parsl:252 Rank:0 [DEBUG]  [TASK_PULL_THREAD] Requesting tasks: 3
2021-07-16 17:42:52.833 parsl:283 Rank:0 [DEBUG]  [TASK_PULL_THREAD] No incoming tasks
2021-07-16 17:42:52.833 parsl:244 Rank:0 [DEBUG]  [TASK_PULL_THREAD] ready workers:3, pending tasks:0
2021-07-16 17:42:52.834 parsl:252 Rank:0 [DEBUG]  [TASK_PULL_THREAD] Requesting tasks: 3
2021-07-16 17:42:52.844 parsl.process_loggers:28 Rank:0 [DEBUG]  Normal ending for send_first_message on thread MainThread
2021-07-16 17:42:52.844 parsl.process_loggers:28 Rank:0 [DEBUG]  Normal ending for send_first_message on thread MainThread
2021-07-16 17:42:53.038 parsl:283 Rank:0 [DEBUG]  [TASK_PULL_THREAD] No incoming tasks
2021-07-16 17:42:53.039 parsl:244 Rank:0 [DEBUG]  [TASK_PULL_THREAD] ready workers:3, pending tasks:0
2021-07-16 17:42:53.039 parsl:252 Rank:0 [DEBUG]  [TASK_PULL_THREAD] Requesting tasks: 3
2021-07-16 17:42:53.043 parsl:274 Rank:0 [DEBUG]  [TASK_PULL_THREAD] Got tasks: [4] of 4
2021-07-16 17:42:53.044 parsl:244 Rank:0 [DEBUG]  [TASK_PULL_THREAD] ready workers:3, pending tasks:1
2021-07-16 17:42:53.044 parsl:252 Rank:0 [DEBUG]  [TASK_PULL_THREAD] Requesting tasks: 3
2021-07-16 17:42:53.044 parsl:283 Rank:0 [DEBUG]  [TASK_PULL_THREAD] No incoming tasks
2021-07-16 17:42:53.045 parsl:244 Rank:0 [DEBUG]  [TASK_PULL_THREAD] ready workers:3, pending tasks:0
2021-07-16 17:42:53.045 parsl:252 Rank:0 [DEBUG]  [TASK_PULL_THREAD] Requesting tasks: 3
2021-07-16 17:42:53.049 parsl.process_loggers:28 Rank:0 [DEBUG]  Normal ending for send_first_message on thread MainThread
2021-07-16 17:42:53.249 parsl:283 Rank:0 [DEBUG]  [TASK_PULL_THREAD] No incoming tasks
2021-07-16 17:42:53.250 parsl:244 Rank:0 [DEBUG]  [TASK_PULL_THREAD] ready workers:3, pending tasks:0
2021-07-16 17:42:53.250 parsl:252 Rank:0 [DEBUG]  [TASK_PULL_THREAD] Requesting tasks: 3
2021-07-16 17:42:53.254 parsl:274 Rank:0 [DEBUG]  [TASK_PULL_THREAD] Got tasks: [5] of 5
2021-07-16 17:42:53.255 parsl:244 Rank:0 [DEBUG]  [TASK_PULL_THREAD] ready workers:3, pending tasks:1
2021-07-16 17:42:53.255 parsl:252 Rank:0 [DEBUG]  [TASK_PULL_THREAD] Requesting tasks: 3
2021-07-16 17:42:53.255 parsl:283 Rank:0 [DEBUG]  [TASK_PULL_THREAD] No incoming tasks
2021-07-16 17:42:53.256 parsl:244 Rank:0 [DEBUG]  [TASK_PULL_THREAD] ready workers:3, pending tasks:0
2021-07-16 17:42:53.256 parsl:252 Rank:0 [DEBUG]  [TASK_PULL_THREAD] Requesting tasks: 3
2021-07-16 17:42:53.260 parsl.process_loggers:28 Rank:0 [DEBUG]  Normal ending for send_first_message on thread MainThread
2021-07-16 17:42:53.460 parsl:283 Rank:0 [DEBUG]  [TASK_PULL_THREAD] No incoming tasks
2021-07-16 17:42:53.460 parsl:244 Rank:0 [DEBUG]  [TASK_PULL_THREAD] ready workers:3, pending tasks:0
2021-07-16 17:42:53.460 parsl:252 Rank:0 [DEBUG]  [TASK_PULL_THREAD] Requesting tasks: 3
2021-07-16 17:42:53.465 parsl:274 Rank:0 [DEBUG]  [TASK_PULL_THREAD] Got tasks: [6] of 6
2021-07-16 17:42:53.466 parsl:244 Rank:0 [DEBUG]  [TASK_PULL_THREAD] ready workers:3, pending tasks:1
2021-07-16 17:42:53.466 parsl:252 Rank:0 [DEBUG]  [TASK_PULL_THREAD] Requesting tasks: 3
2021-07-16 17:42:53.466 parsl:283 Rank:0 [DEBUG]  [TASK_PULL_THREAD] No incoming tasks
2021-07-16 17:42:53.467 parsl:244 Rank:0 [DEBUG]  [TASK_PULL_THREAD] ready workers:3, pending tasks:0
2021-07-16 17:42:53.467 parsl:252 Rank:0 [DEBUG]  [TASK_PULL_THREAD] Requesting tasks: 3
2021-07-16 17:42:53.471 parsl.process_loggers:28 Rank:0 [DEBUG]  Normal ending for send_first_message on thread MainThread
2021-07-16 17:42:53.669 parsl:283 Rank:0 [DEBUG]  [TASK_PULL_THREAD] No incoming tasks
2021-07-16 17:42:53.669 parsl:244 Rank:0 [DEBUG]  [TASK_PULL_THREAD] ready workers:3, pending tasks:0
2021-07-16 17:42:53.669 parsl:252 Rank:0 [DEBUG]  [TASK_PULL_THREAD] Requesting tasks: 3
2021-07-16 17:42:53.675 parsl:274 Rank:0 [DEBUG]  [TASK_PULL_THREAD] Got tasks: [7, 8] of 8
2021-07-16 17:42:53.675 parsl:244 Rank:0 [DEBUG]  [TASK_PULL_THREAD] ready workers:3, pending tasks:2
2021-07-16 17:42:53.675 parsl:252 Rank:0 [DEBUG]  [TASK_PULL_THREAD] Requesting tasks: 3
2021-07-16 17:42:53.677 parsl:283 Rank:0 [DEBUG]  [TASK_PULL_THREAD] No incoming tasks
2021-07-16 17:42:53.678 parsl:244 Rank:0 [DEBUG]  [TASK_PULL_THREAD] ready workers:3, pending tasks:0
2021-07-16 17:42:53.678 parsl:252 Rank:0 [DEBUG]  [TASK_PULL_THREAD] Requesting tasks: 3
2021-07-16 17:42:53.684 parsl.process_loggers:28 Rank:0 [DEBUG]  Normal ending for send_first_message on thread MainThread
2021-07-16 17:42:53.684 parsl.process_loggers:28 Rank:0 [DEBUG]  Normal ending for send_first_message on thread MainThread
2021-07-16 17:42:53.883 parsl:283 Rank:0 [DEBUG]  [TASK_PULL_THREAD] No incoming tasks
2021-07-16 17:42:53.883 parsl:244 Rank:0 [DEBUG]  [TASK_PULL_THREAD] ready workers:3, pending tasks:0
2021-07-16 17:42:53.883 parsl:252 Rank:0 [DEBUG]  [TASK_PULL_THREAD] Requesting tasks: 3
2021-07-16 17:42:53.887 parsl:274 Rank:0 [DEBUG]  [TASK_PULL_THREAD] Got tasks: [9] of 9
2021-07-16 17:42:53.887 parsl:244 Rank:0 [DEBUG]  [TASK_PULL_THREAD] ready workers:3, pending tasks:1
2021-07-16 17:42:53.887 parsl:252 Rank:0 [DEBUG]  [TASK_PULL_THREAD] Requesting tasks: 3
2021-07-16 17:42:53.887 parsl:283 Rank:0 [DEBUG]  [TASK_PULL_THREAD] No incoming tasks
2021-07-16 17:42:53.888 parsl:244 Rank:0 [DEBUG]  [TASK_PULL_THREAD] ready workers:3, pending tasks:0
2021-07-16 17:42:53.888 parsl:252 Rank:0 [DEBUG]  [TASK_PULL_THREAD] Requesting tasks: 3
2021-07-16 17:42:53.890 parsl.process_loggers:28 Rank:0 [DEBUG]  Normal ending for send_first_message on thread MainThread
2021-07-16 17:42:54.093 parsl:283 Rank:0 [DEBUG]  [TASK_PULL_THREAD] No incoming tasks
2021-07-16 17:42:54.093 parsl:244 Rank:0 [DEBUG]  [TASK_PULL_THREAD] ready workers:3, pending tasks:0
2021-07-16 17:42:54.094 parsl:252 Rank:0 [DEBUG]  [TASK_PULL_THREAD] Requesting tasks: 3
2021-07-16 17:42:54.098 parsl:274 Rank:0 [DEBUG]  [TASK_PULL_THREAD] Got tasks: [10] of 10
2021-07-16 17:42:54.099 parsl:244 Rank:0 [DEBUG]  [TASK_PULL_THREAD] ready workers:3, pending tasks:1
2021-07-16 17:42:54.099 parsl:252 Rank:0 [DEBUG]  [TASK_PULL_THREAD] Requesting tasks: 3
2021-07-16 17:42:54.099 parsl:283 Rank:0 [DEBUG]  [TASK_PULL_THREAD] No incoming tasks
2021-07-16 17:42:54.100 parsl:244 Rank:0 [DEBUG]  [TASK_PULL_THREAD] ready workers:3, pending tasks:0
2021-07-16 17:42:54.100 parsl:252 Rank:0 [DEBUG]  [TASK_PULL_THREAD] Requesting tasks: 3
2021-07-16 17:42:54.103 parsl.process_loggers:28 Rank:0 [DEBUG]  Normal ending for send_first_message on thread MainThread
2021-07-16 17:42:54.305 parsl:283 Rank:0 [DEBUG]  [TASK_PULL_THREAD] No incoming tasks
2021-07-16 17:42:54.306 parsl:244 Rank:0 [DEBUG]  [TASK_PULL_THREAD] ready workers:3, pending tasks:0
2021-07-16 17:42:54.306 parsl:252 Rank:0 [DEBUG]  [TASK_PULL_THREAD] Requesting tasks: 3
2021-07-16 17:42:54.312 parsl:274 Rank:0 [DEBUG]  [TASK_PULL_THREAD] Got tasks: [11] of 11
2021-07-16 17:42:54.312 parsl:244 Rank:0 [DEBUG]  [TASK_PULL_THREAD] ready workers:3, pending tasks:1
2021-07-16 17:42:54.312 parsl:252 Rank:0 [DEBUG]  [TASK_PULL_THREAD] Requesting tasks: 3
2021-07-16 17:42:54.313 parsl:283 Rank:0 [DEBUG]  [TASK_PULL_THREAD] No incoming tasks
2021-07-16 17:42:54.313 parsl:244 Rank:0 [DEBUG]  [TASK_PULL_THREAD] ready workers:3, pending tasks:0
2021-07-16 17:42:54.313 parsl:252 Rank:0 [DEBUG]  [TASK_PULL_THREAD] Requesting tasks: 3
2021-07-16 17:42:54.317 parsl.process_loggers:28 Rank:0 [DEBUG]  Normal ending for send_first_message on thread MainThread
2021-07-16 17:42:54.517 parsl:283 Rank:0 [DEBUG]  [TASK_PULL_THREAD] No incoming tasks
2021-07-16 17:42:54.517 parsl:244 Rank:0 [DEBUG]  [TASK_PULL_THREAD] ready workers:3, pending tasks:0
2021-07-16 17:42:54.517 parsl:214 Rank:0 [DEBUG]  Return from heartbeat: None
2021-07-16 17:42:54.517 parsl:252 Rank:0 [DEBUG]  [TASK_PULL_THREAD] Requesting tasks: 3
2021-07-16 17:42:54.520 parsl:270 Rank:0 [DEBUG]  Got heartbeat from interchange
2021-07-16 17:42:54.520 parsl:244 Rank:0 [DEBUG]  [TASK_PULL_THREAD] ready workers:3, pending tasks:0
2021-07-16 17:42:54.520 parsl:252 Rank:0 [DEBUG]  [TASK_PULL_THREAD] Requesting tasks: 3
2021-07-16 17:42:54.520 parsl:283 Rank:0 [DEBUG]  [TASK_PULL_THREAD] No incoming tasks
2021-07-16 17:42:54.521 parsl:244 Rank:0 [DEBUG]  [TASK_PULL_THREAD] ready workers:3, pending tasks:0
2021-07-16 17:42:54.521 parsl:252 Rank:0 [DEBUG]  [TASK_PULL_THREAD] Requesting tasks: 3
2021-07-16 17:42:54.522 parsl:274 Rank:0 [DEBUG]  [TASK_PULL_THREAD] Got tasks: [12, 13] of 13
2021-07-16 17:42:54.522 parsl:244 Rank:0 [DEBUG]  [TASK_PULL_THREAD] ready workers:3, pending tasks:2
2021-07-16 17:42:54.522 parsl:252 Rank:0 [DEBUG]  [TASK_PULL_THREAD] Requesting tasks: 3
2021-07-16 17:42:54.523 parsl:283 Rank:0 [DEBUG]  [TASK_PULL_THREAD] No incoming tasks
2021-07-16 17:42:54.523 parsl:244 Rank:0 [DEBUG]  [TASK_PULL_THREAD] ready workers:3, pending tasks:0
2021-07-16 17:42:54.523 parsl:252 Rank:0 [DEBUG]  [TASK_PULL_THREAD] Requesting tasks: 3
2021-07-16 17:42:54.528 parsl.process_loggers:28 Rank:0 [DEBUG]  Normal ending for send_first_message on thread MainThread
2021-07-16 17:42:54.530 parsl.process_loggers:28 Rank:0 [DEBUG]  Normal ending for send_first_message on thread MainThread
2021-07-16 17:42:54.728 parsl:283 Rank:0 [DEBUG]  [TASK_PULL_THREAD] No incoming tasks
2021-07-16 17:42:54.728 parsl:244 Rank:0 [DEBUG]  [TASK_PULL_THREAD] ready workers:3, pending tasks:0
2021-07-16 17:42:54.728 parsl:252 Rank:0 [DEBUG]  [TASK_PULL_THREAD] Requesting tasks: 3
2021-07-16 17:42:54.733 parsl:274 Rank:0 [DEBUG]  [TASK_PULL_THREAD] Got tasks: [14] of 14
2021-07-16 17:42:54.733 parsl:244 Rank:0 [DEBUG]  [TASK_PULL_THREAD] ready workers:3, pending tasks:1
2021-07-16 17:42:54.733 parsl:252 Rank:0 [DEBUG]  [TASK_PULL_THREAD] Requesting tasks: 3
2021-07-16 17:42:54.734 parsl:283 Rank:0 [DEBUG]  [TASK_PULL_THREAD] No incoming tasks
2021-07-16 17:42:54.734 parsl:244 Rank:0 [DEBUG]  [TASK_PULL_THREAD] ready workers:3, pending tasks:0
2021-07-16 17:42:54.734 parsl:252 Rank:0 [DEBUG]  [TASK_PULL_THREAD] Requesting tasks: 3
2021-07-16 17:42:54.738 parsl.process_loggers:28 Rank:0 [DEBUG]  Normal ending for send_first_message on thread MainThread
2021-07-16 17:42:54.936 parsl:283 Rank:0 [DEBUG]  [TASK_PULL_THREAD] No incoming tasks
2021-07-16 17:42:54.936 parsl:244 Rank:0 [DEBUG]  [TASK_PULL_THREAD] ready workers:3, pending tasks:0
2021-07-16 17:42:54.936 parsl:252 Rank:0 [DEBUG]  [TASK_PULL_THREAD] Requesting tasks: 3
2021-07-16 17:42:54.940 parsl:274 Rank:0 [DEBUG]  [TASK_PULL_THREAD] Got tasks: [15] of 15
2021-07-16 17:42:54.941 parsl:244 Rank:0 [DEBUG]  [TASK_PULL_THREAD] ready workers:3, pending tasks:1
2021-07-16 17:42:54.941 parsl:252 Rank:0 [DEBUG]  [TASK_PULL_THREAD] Requesting tasks: 3
2021-07-16 17:42:54.942 parsl:283 Rank:0 [DEBUG]  [TASK_PULL_THREAD] No incoming tasks
2021-07-16 17:42:54.942 parsl:244 Rank:0 [DEBUG]  [TASK_PULL_THREAD] ready workers:3, pending tasks:0
2021-07-16 17:42:54.942 parsl:252 Rank:0 [DEBUG]  [TASK_PULL_THREAD] Requesting tasks: 3
2021-07-16 17:42:54.947 parsl.process_loggers:28 Rank:0 [DEBUG]  Normal ending for send_first_message on thread MainThread
2021-07-16 17:42:55.147 parsl:283 Rank:0 [DEBUG]  [TASK_PULL_THREAD] No incoming tasks
2021-07-16 17:42:55.147 parsl:244 Rank:0 [DEBUG]  [TASK_PULL_THREAD] ready workers:3, pending tasks:0
2021-07-16 17:42:55.147 parsl:252 Rank:0 [DEBUG]  [TASK_PULL_THREAD] Requesting tasks: 3
2021-07-16 17:42:55.152 parsl:274 Rank:0 [DEBUG]  [TASK_PULL_THREAD] Got tasks: [16] of 16
2021-07-16 17:42:55.152 parsl:244 Rank:0 [DEBUG]  [TASK_PULL_THREAD] ready workers:3, pending tasks:1
2021-07-16 17:42:55.152 parsl:252 Rank:0 [DEBUG]  [TASK_PULL_THREAD] Requesting tasks: 3
2021-07-16 17:42:55.153 parsl:283 Rank:0 [DEBUG]  [TASK_PULL_THREAD] No incoming tasks
2021-07-16 17:42:55.153 parsl:244 Rank:0 [DEBUG]  [TASK_PULL_THREAD] ready workers:3, pending tasks:0
2021-07-16 17:42:55.153 parsl:252 Rank:0 [DEBUG]  [TASK_PULL_THREAD] Requesting tasks: 3
2021-07-16 17:42:55.157 parsl.process_loggers:28 Rank:0 [DEBUG]  Normal ending for send_first_message on thread MainThread
2021-07-16 17:42:55.356 parsl:283 Rank:0 [DEBUG]  [TASK_PULL_THREAD] No incoming tasks
2021-07-16 17:42:55.356 parsl:244 Rank:0 [DEBUG]  [TASK_PULL_THREAD] ready workers:3, pending tasks:0
2021-07-16 17:42:55.356 parsl:252 Rank:0 [DEBUG]  [TASK_PULL_THREAD] Requesting tasks: 3
2021-07-16 17:42:55.361 parsl:274 Rank:0 [DEBUG]  [TASK_PULL_THREAD] Got tasks: [17, 18] of 18
2021-07-16 17:42:55.361 parsl:244 Rank:0 [DEBUG]  [TASK_PULL_THREAD] ready workers:3, pending tasks:2
2021-07-16 17:42:55.361 parsl:252 Rank:0 [DEBUG]  [TASK_PULL_THREAD] Requesting tasks: 3
2021-07-16 17:42:55.362 parsl:283 Rank:0 [DEBUG]  [TASK_PULL_THREAD] No incoming tasks
2021-07-16 17:42:55.362 parsl:244 Rank:0 [DEBUG]  [TASK_PULL_THREAD] ready workers:3, pending tasks:0
2021-07-16 17:42:55.362 parsl:252 Rank:0 [DEBUG]  [TASK_PULL_THREAD] Requesting tasks: 3
2021-07-16 17:42:55.367 parsl.process_loggers:28 Rank:0 [DEBUG]  Normal ending for send_first_message on thread MainThread
2021-07-16 17:42:55.367 parsl.process_loggers:28 Rank:0 [DEBUG]  Normal ending for send_first_message on thread MainThread
2021-07-16 17:42:55.564 parsl:283 Rank:0 [DEBUG]  [TASK_PULL_THREAD] No incoming tasks
2021-07-16 17:42:55.564 parsl:244 Rank:0 [DEBUG]  [TASK_PULL_THREAD] ready workers:3, pending tasks:0
2021-07-16 17:42:55.564 parsl:252 Rank:0 [DEBUG]  [TASK_PULL_THREAD] Requesting tasks: 3
2021-07-16 17:42:55.568 parsl:274 Rank:0 [DEBUG]  [TASK_PULL_THREAD] Got tasks: [19] of 19
2021-07-16 17:42:55.569 parsl:244 Rank:0 [DEBUG]  [TASK_PULL_THREAD] ready workers:3, pending tasks:1
2021-07-16 17:42:55.569 parsl:252 Rank:0 [DEBUG]  [TASK_PULL_THREAD] Requesting tasks: 3
2021-07-16 17:42:55.570 parsl:283 Rank:0 [DEBUG]  [TASK_PULL_THREAD] No incoming tasks
2021-07-16 17:42:55.570 parsl:244 Rank:0 [DEBUG]  [TASK_PULL_THREAD] ready workers:3, pending tasks:0
2021-07-16 17:42:55.570 parsl:252 Rank:0 [DEBUG]  [TASK_PULL_THREAD] Requesting tasks: 3
2021-07-16 17:42:55.574 parsl.process_loggers:28 Rank:0 [DEBUG]  Normal ending for send_first_message on thread MainThread
2021-07-16 17:42:55.771 parsl:283 Rank:0 [DEBUG]  [TASK_PULL_THREAD] No incoming tasks
2021-07-16 17:42:55.771 parsl:244 Rank:0 [DEBUG]  [TASK_PULL_THREAD] ready workers:3, pending tasks:0
2021-07-16 17:42:55.771 parsl:252 Rank:0 [DEBUG]  [TASK_PULL_THREAD] Requesting tasks: 3
2021-07-16 17:42:55.776 parsl:274 Rank:0 [DEBUG]  [TASK_PULL_THREAD] Got tasks: [20] of 20
2021-07-16 17:42:55.776 parsl:244 Rank:0 [DEBUG]  [TASK_PULL_THREAD] ready workers:3, pending tasks:1
2021-07-16 17:42:55.776 parsl:252 Rank:0 [DEBUG]  [TASK_PULL_THREAD] Requesting tasks: 3
2021-07-16 17:42:55.777 parsl:283 Rank:0 [DEBUG]  [TASK_PULL_THREAD] No incoming tasks
2021-07-16 17:42:55.777 parsl:244 Rank:0 [DEBUG]  [TASK_PULL_THREAD] ready workers:3, pending tasks:0
2021-07-16 17:42:55.777 parsl:252 Rank:0 [DEBUG]  [TASK_PULL_THREAD] Requesting tasks: 3
2021-07-16 17:42:55.781 parsl.process_loggers:28 Rank:0 [DEBUG]  Normal ending for send_first_message on thread MainThread
2021-07-16 17:42:55.982 parsl:283 Rank:0 [DEBUG]  [TASK_PULL_THREAD] No incoming tasks
2021-07-16 17:42:55.982 parsl:244 Rank:0 [DEBUG]  [TASK_PULL_THREAD] ready workers:3, pending tasks:0
2021-07-16 17:42:55.983 parsl:252 Rank:0 [DEBUG]  [TASK_PULL_THREAD] Requesting tasks: 3
2021-07-16 17:42:55.987 parsl:274 Rank:0 [DEBUG]  [TASK_PULL_THREAD] Got tasks: [21] of 21
2021-07-16 17:42:55.988 parsl:244 Rank:0 [DEBUG]  [TASK_PULL_THREAD] ready workers:3, pending tasks:1
2021-07-16 17:42:55.988 parsl:252 Rank:0 [DEBUG]  [TASK_PULL_THREAD] Requesting tasks: 3
2021-07-16 17:42:55.989 parsl:283 Rank:0 [DEBUG]  [TASK_PULL_THREAD] No incoming tasks
2021-07-16 17:42:55.989 parsl:244 Rank:0 [DEBUG]  [TASK_PULL_THREAD] ready workers:3, pending tasks:0
2021-07-16 17:42:55.989 parsl:252 Rank:0 [DEBUG]  [TASK_PULL_THREAD] Requesting tasks: 3
2021-07-16 17:42:55.993 parsl.process_loggers:28 Rank:0 [DEBUG]  Normal ending for send_first_message on thread MainThread
2021-07-16 17:42:56.194 parsl:283 Rank:0 [DEBUG]  [TASK_PULL_THREAD] No incoming tasks
2021-07-16 17:42:56.194 parsl:244 Rank:0 [DEBUG]  [TASK_PULL_THREAD] ready workers:3, pending tasks:0
2021-07-16 17:42:56.195 parsl:252 Rank:0 [DEBUG]  [TASK_PULL_THREAD] Requesting tasks: 3
2021-07-16 17:42:56.199 parsl:274 Rank:0 [DEBUG]  [TASK_PULL_THREAD] Got tasks: [22, 23] of 23
2021-07-16 17:42:56.199 parsl:244 Rank:0 [DEBUG]  [TASK_PULL_THREAD] ready workers:3, pending tasks:2
2021-07-16 17:42:56.200 parsl:252 Rank:0 [DEBUG]  [TASK_PULL_THREAD] Requesting tasks: 3
2021-07-16 17:42:56.200 parsl:283 Rank:0 [DEBUG]  [TASK_PULL_THREAD] No incoming tasks
2021-07-16 17:42:56.201 parsl:244 Rank:0 [DEBUG]  [TASK_PULL_THREAD] ready workers:3, pending tasks:0
2021-07-16 17:42:56.201 parsl:252 Rank:0 [DEBUG]  [TASK_PULL_THREAD] Requesting tasks: 3
2021-07-16 17:42:56.205 parsl.process_loggers:28 Rank:0 [DEBUG]  Normal ending for send_first_message on thread MainThread
2021-07-16 17:42:56.206 parsl.process_loggers:28 Rank:0 [DEBUG]  Normal ending for send_first_message on thread MainThread
2021-07-16 17:42:56.404 parsl:283 Rank:0 [DEBUG]  [TASK_PULL_THREAD] No incoming tasks
2021-07-16 17:42:56.405 parsl:244 Rank:0 [DEBUG]  [TASK_PULL_THREAD] ready workers:3, pending tasks:0
2021-07-16 17:42:56.405 parsl:252 Rank:0 [DEBUG]  [TASK_PULL_THREAD] Requesting tasks: 3
2021-07-16 17:42:56.409 parsl:274 Rank:0 [DEBUG]  [TASK_PULL_THREAD] Got tasks: [24] of 24
2021-07-16 17:42:56.409 parsl:244 Rank:0 [DEBUG]  [TASK_PULL_THREAD] ready workers:3, pending tasks:1
2021-07-16 17:42:56.410 parsl:252 Rank:0 [DEBUG]  [TASK_PULL_THREAD] Requesting tasks: 3
2021-07-16 17:42:56.410 parsl:283 Rank:0 [DEBUG]  [TASK_PULL_THREAD] No incoming tasks
2021-07-16 17:42:56.410 parsl:244 Rank:0 [DEBUG]  [TASK_PULL_THREAD] ready workers:3, pending tasks:0
2021-07-16 17:42:56.410 parsl:252 Rank:0 [DEBUG]  [TASK_PULL_THREAD] Requesting tasks: 3
2021-07-16 17:42:56.414 parsl.process_loggers:28 Rank:0 [DEBUG]  Normal ending for send_first_message on thread MainThread
2021-07-16 17:42:56.614 parsl:283 Rank:0 [DEBUG]  [TASK_PULL_THREAD] No incoming tasks
2021-07-16 17:42:56.615 parsl:244 Rank:0 [DEBUG]  [TASK_PULL_THREAD] ready workers:3, pending tasks:0
2021-07-16 17:42:56.615 parsl:214 Rank:0 [DEBUG]  Return from heartbeat: None
2021-07-16 17:42:56.615 parsl:252 Rank:0 [DEBUG]  [TASK_PULL_THREAD] Requesting tasks: 3
2021-07-16 17:42:56.617 parsl:270 Rank:0 [DEBUG]  Got heartbeat from interchange
2021-07-16 17:42:56.618 parsl:244 Rank:0 [DEBUG]  [TASK_PULL_THREAD] ready workers:3, pending tasks:0
2021-07-16 17:42:56.618 parsl:252 Rank:0 [DEBUG]  [TASK_PULL_THREAD] Requesting tasks: 3
2021-07-16 17:42:56.618 parsl:283 Rank:0 [DEBUG]  [TASK_PULL_THREAD] No incoming tasks
2021-07-16 17:42:56.619 parsl:244 Rank:0 [DEBUG]  [TASK_PULL_THREAD] ready workers:3, pending tasks:0
2021-07-16 17:42:56.619 parsl:252 Rank:0 [DEBUG]  [TASK_PULL_THREAD] Requesting tasks: 3
2021-07-16 17:42:56.620 parsl:274 Rank:0 [DEBUG]  [TASK_PULL_THREAD] Got tasks: [25] of 25
2021-07-16 17:42:56.620 parsl:244 Rank:0 [DEBUG]  [TASK_PULL_THREAD] ready workers:3, pending tasks:1
2021-07-16 17:42:56.620 parsl:252 Rank:0 [DEBUG]  [TASK_PULL_THREAD] Requesting tasks: 3
2021-07-16 17:42:56.621 parsl:283 Rank:0 [DEBUG]  [TASK_PULL_THREAD] No incoming tasks
2021-07-16 17:42:56.621 parsl:244 Rank:0 [DEBUG]  [TASK_PULL_THREAD] ready workers:3, pending tasks:0
2021-07-16 17:42:56.621 parsl:252 Rank:0 [DEBUG]  [TASK_PULL_THREAD] Requesting tasks: 3
2021-07-16 17:42:56.625 parsl.process_loggers:28 Rank:0 [DEBUG]  Normal ending for send_first_message on thread MainThread
2021-07-16 17:42:56.827 parsl:283 Rank:0 [DEBUG]  [TASK_PULL_THREAD] No incoming tasks
2021-07-16 17:42:56.827 parsl:244 Rank:0 [DEBUG]  [TASK_PULL_THREAD] ready workers:3, pending tasks:0
2021-07-16 17:42:56.827 parsl:252 Rank:0 [DEBUG]  [TASK_PULL_THREAD] Requesting tasks: 3
2021-07-16 17:42:56.833 parsl:274 Rank:0 [DEBUG]  [TASK_PULL_THREAD] Got tasks: [26] of 26
2021-07-16 17:42:56.833 parsl:244 Rank:0 [DEBUG]  [TASK_PULL_THREAD] ready workers:3, pending tasks:1
2021-07-16 17:42:56.833 parsl:252 Rank:0 [DEBUG]  [TASK_PULL_THREAD] Requesting tasks: 3
2021-07-16 17:42:56.834 parsl:283 Rank:0 [DEBUG]  [TASK_PULL_THREAD] No incoming tasks
2021-07-16 17:42:56.834 parsl:244 Rank:0 [DEBUG]  [TASK_PULL_THREAD] ready workers:3, pending tasks:0
2021-07-16 17:42:56.834 parsl:252 Rank:0 [DEBUG]  [TASK_PULL_THREAD] Requesting tasks: 3
2021-07-16 17:42:56.838 parsl.process_loggers:28 Rank:0 [DEBUG]  Normal ending for send_first_message on thread MainThread
2021-07-16 17:42:57.038 parsl:283 Rank:0 [DEBUG]  [TASK_PULL_THREAD] No incoming tasks
2021-07-16 17:42:57.039 parsl:244 Rank:0 [DEBUG]  [TASK_PULL_THREAD] ready workers:3, pending tasks:0
2021-07-16 17:42:57.039 parsl:252 Rank:0 [DEBUG]  [TASK_PULL_THREAD] Requesting tasks: 3
2021-07-16 17:42:57.043 parsl:274 Rank:0 [DEBUG]  [TASK_PULL_THREAD] Got tasks: [27, 28] of 28
2021-07-16 17:42:57.044 parsl:244 Rank:0 [DEBUG]  [TASK_PULL_THREAD] ready workers:3, pending tasks:2
2021-07-16 17:42:57.044 parsl:252 Rank:0 [DEBUG]  [TASK_PULL_THREAD] Requesting tasks: 3
2021-07-16 17:42:57.045 parsl:283 Rank:0 [DEBUG]  [TASK_PULL_THREAD] No incoming tasks
2021-07-16 17:42:57.045 parsl:244 Rank:0 [DEBUG]  [TASK_PULL_THREAD] ready workers:3, pending tasks:0
2021-07-16 17:42:57.045 parsl:252 Rank:0 [DEBUG]  [TASK_PULL_THREAD] Requesting tasks: 3
2021-07-16 17:42:57.049 parsl.process_loggers:28 Rank:0 [DEBUG]  Normal ending for send_first_message on thread MainThread
2021-07-16 17:42:57.050 parsl.process_loggers:28 Rank:0 [DEBUG]  Normal ending for send_first_message on thread MainThread
2021-07-16 17:42:57.251 parsl:283 Rank:0 [DEBUG]  [TASK_PULL_THREAD] No incoming tasks
2021-07-16 17:42:57.252 parsl:244 Rank:0 [DEBUG]  [TASK_PULL_THREAD] ready workers:3, pending tasks:0
2021-07-16 17:42:57.252 parsl:252 Rank:0 [DEBUG]  [TASK_PULL_THREAD] Requesting tasks: 3
2021-07-16 17:42:57.256 parsl:274 Rank:0 [DEBUG]  [TASK_PULL_THREAD] Got tasks: [29] of 29
2021-07-16 17:42:57.256 parsl:244 Rank:0 [DEBUG]  [TASK_PULL_THREAD] ready workers:3, pending tasks:1
2021-07-16 17:42:57.257 parsl:252 Rank:0 [DEBUG]  [TASK_PULL_THREAD] Requesting tasks: 3
2021-07-16 17:42:57.257 parsl:283 Rank:0 [DEBUG]  [TASK_PULL_THREAD] No incoming tasks
2021-07-16 17:42:57.257 parsl:244 Rank:0 [DEBUG]  [TASK_PULL_THREAD] ready workers:3, pending tasks:0
2021-07-16 17:42:57.257 parsl:252 Rank:0 [DEBUG]  [TASK_PULL_THREAD] Requesting tasks: 3
2021-07-16 17:42:57.262 parsl.process_loggers:28 Rank:0 [DEBUG]  Normal ending for send_first_message on thread MainThread
2021-07-16 17:42:57.463 parsl:283 Rank:0 [DEBUG]  [TASK_PULL_THREAD] No incoming tasks
2021-07-16 17:42:57.463 parsl:244 Rank:0 [DEBUG]  [TASK_PULL_THREAD] ready workers:3, pending tasks:0
2021-07-16 17:42:57.463 parsl:252 Rank:0 [DEBUG]  [TASK_PULL_THREAD] Requesting tasks: 3
2021-07-16 17:42:57.469 parsl:274 Rank:0 [DEBUG]  [TASK_PULL_THREAD] Got tasks: [30] of 30
2021-07-16 17:42:57.469 parsl:244 Rank:0 [DEBUG]  [TASK_PULL_THREAD] ready workers:3, pending tasks:1
2021-07-16 17:42:57.469 parsl:252 Rank:0 [DEBUG]  [TASK_PULL_THREAD] Requesting tasks: 3
2021-07-16 17:42:57.470 parsl:283 Rank:0 [DEBUG]  [TASK_PULL_THREAD] No incoming tasks
2021-07-16 17:42:57.470 parsl:244 Rank:0 [DEBUG]  [TASK_PULL_THREAD] ready workers:3, pending tasks:0
2021-07-16 17:42:57.470 parsl:252 Rank:0 [DEBUG]  [TASK_PULL_THREAD] Requesting tasks: 3
2021-07-16 17:42:57.474 parsl.process_loggers:28 Rank:0 [DEBUG]  Normal ending for send_first_message on thread MainThread
2021-07-16 17:42:57.674 parsl:283 Rank:0 [DEBUG]  [TASK_PULL_THREAD] No incoming tasks
2021-07-16 17:42:57.674 parsl:244 Rank:0 [DEBUG]  [TASK_PULL_THREAD] ready workers:3, pending tasks:0
2021-07-16 17:42:57.674 parsl:252 Rank:0 [DEBUG]  [TASK_PULL_THREAD] Requesting tasks: 3
2021-07-16 17:42:57.680 parsl:274 Rank:0 [DEBUG]  [TASK_PULL_THREAD] Got tasks: [31] of 31
2021-07-16 17:42:57.680 parsl:244 Rank:0 [DEBUG]  [TASK_PULL_THREAD] ready workers:3, pending tasks:1
2021-07-16 17:42:57.681 parsl:252 Rank:0 [DEBUG]  [TASK_PULL_THREAD] Requesting tasks: 3
2021-07-16 17:42:57.681 parsl:283 Rank:0 [DEBUG]  [TASK_PULL_THREAD] No incoming tasks
2021-07-16 17:42:57.682 parsl:244 Rank:0 [DEBUG]  [TASK_PULL_THREAD] ready workers:3, pending tasks:0
2021-07-16 17:42:57.682 parsl:252 Rank:0 [DEBUG]  [TASK_PULL_THREAD] Requesting tasks: 3
2021-07-16 17:42:57.686 parsl.process_loggers:28 Rank:0 [DEBUG]  Normal ending for send_first_message on thread MainThread
2021-07-16 17:42:57.883 parsl:283 Rank:0 [DEBUG]  [TASK_PULL_THREAD] No incoming tasks
2021-07-16 17:42:57.884 parsl:244 Rank:0 [DEBUG]  [TASK_PULL_THREAD] ready workers:3, pending tasks:0
2021-07-16 17:42:57.884 parsl:252 Rank:0 [DEBUG]  [TASK_PULL_THREAD] Requesting tasks: 3
2021-07-16 17:42:57.888 parsl:274 Rank:0 [DEBUG]  [TASK_PULL_THREAD] Got tasks: [32, 33] of 33
2021-07-16 17:42:57.888 parsl:244 Rank:0 [DEBUG]  [TASK_PULL_THREAD] ready workers:3, pending tasks:2
2021-07-16 17:42:57.889 parsl:252 Rank:0 [DEBUG]  [TASK_PULL_THREAD] Requesting tasks: 3
2021-07-16 17:42:57.889 parsl:283 Rank:0 [DEBUG]  [TASK_PULL_THREAD] No incoming tasks
2021-07-16 17:42:57.890 parsl:244 Rank:0 [DEBUG]  [TASK_PULL_THREAD] ready workers:3, pending tasks:0
2021-07-16 17:42:57.890 parsl:252 Rank:0 [DEBUG]  [TASK_PULL_THREAD] Requesting tasks: 3
2021-07-16 17:42:57.894 parsl.process_loggers:28 Rank:0 [DEBUG]  Normal ending for send_first_message on thread MainThread
2021-07-16 17:42:57.894 parsl.process_loggers:28 Rank:0 [DEBUG]  Normal ending for send_first_message on thread MainThread
2021-07-16 17:42:58.094 parsl:283 Rank:0 [DEBUG]  [TASK_PULL_THREAD] No incoming tasks
2021-07-16 17:42:58.094 parsl:244 Rank:0 [DEBUG]  [TASK_PULL_THREAD] ready workers:3, pending tasks:0
2021-07-16 17:42:58.094 parsl:252 Rank:0 [DEBUG]  [TASK_PULL_THREAD] Requesting tasks: 3
2021-07-16 17:42:58.099 parsl:274 Rank:0 [DEBUG]  [TASK_PULL_THREAD] Got tasks: [34] of 34
2021-07-16 17:42:58.099 parsl:244 Rank:0 [DEBUG]  [TASK_PULL_THREAD] ready workers:3, pending tasks:1
2021-07-16 17:42:58.099 parsl:252 Rank:0 [DEBUG]  [TASK_PULL_THREAD] Requesting tasks: 3
2021-07-16 17:42:58.100 parsl:283 Rank:0 [DEBUG]  [TASK_PULL_THREAD] No incoming tasks
2021-07-16 17:42:58.100 parsl:244 Rank:0 [DEBUG]  [TASK_PULL_THREAD] ready workers:3, pending tasks:0
2021-07-16 17:42:58.100 parsl:252 Rank:0 [DEBUG]  [TASK_PULL_THREAD] Requesting tasks: 3
2021-07-16 17:42:58.104 parsl.process_loggers:28 Rank:0 [DEBUG]  Normal ending for send_first_message on thread MainThread
2021-07-16 17:42:58.304 parsl:283 Rank:0 [DEBUG]  [TASK_PULL_THREAD] No incoming tasks
2021-07-16 17:42:58.304 parsl:244 Rank:0 [DEBUG]  [TASK_PULL_THREAD] ready workers:3, pending tasks:0
2021-07-16 17:42:58.304 parsl:252 Rank:0 [DEBUG]  [TASK_PULL_THREAD] Requesting tasks: 3
2021-07-16 17:42:58.308 parsl:274 Rank:0 [DEBUG]  [TASK_PULL_THREAD] Got tasks: [35] of 35
2021-07-16 17:42:58.309 parsl:244 Rank:0 [DEBUG]  [TASK_PULL_THREAD] ready workers:3, pending tasks:1
2021-07-16 17:42:58.309 parsl:252 Rank:0 [DEBUG]  [TASK_PULL_THREAD] Requesting tasks: 3
2021-07-16 17:42:58.309 parsl:283 Rank:0 [DEBUG]  [TASK_PULL_THREAD] No incoming tasks
2021-07-16 17:42:58.310 parsl:244 Rank:0 [DEBUG]  [TASK_PULL_THREAD] ready workers:3, pending tasks:0
2021-07-16 17:42:58.310 parsl:252 Rank:0 [DEBUG]  [TASK_PULL_THREAD] Requesting tasks: 3
2021-07-16 17:42:58.314 parsl.process_loggers:28 Rank:0 [DEBUG]  Normal ending for send_first_message on thread MainThread
2021-07-16 17:42:58.512 parsl:283 Rank:0 [DEBUG]  [TASK_PULL_THREAD] No incoming tasks
2021-07-16 17:42:58.512 parsl:244 Rank:0 [DEBUG]  [TASK_PULL_THREAD] ready workers:3, pending tasks:0
2021-07-16 17:42:58.512 parsl:252 Rank:0 [DEBUG]  [TASK_PULL_THREAD] Requesting tasks: 3
2021-07-16 17:42:58.517 parsl:274 Rank:0 [DEBUG]  [TASK_PULL_THREAD] Got tasks: [36] of 36
2021-07-16 17:42:58.517 parsl:244 Rank:0 [DEBUG]  [TASK_PULL_THREAD] ready workers:3, pending tasks:1
2021-07-16 17:42:58.517 parsl:252 Rank:0 [DEBUG]  [TASK_PULL_THREAD] Requesting tasks: 3
2021-07-16 17:42:58.518 parsl:283 Rank:0 [DEBUG]  [TASK_PULL_THREAD] No incoming tasks
2021-07-16 17:42:58.518 parsl:244 Rank:0 [DEBUG]  [TASK_PULL_THREAD] ready workers:3, pending tasks:0
2021-07-16 17:42:58.518 parsl:252 Rank:0 [DEBUG]  [TASK_PULL_THREAD] Requesting tasks: 3
2021-07-16 17:42:58.522 parsl.process_loggers:28 Rank:0 [DEBUG]  Normal ending for send_first_message on thread MainThread
2021-07-16 17:42:58.722 parsl:283 Rank:0 [DEBUG]  [TASK_PULL_THREAD] No incoming tasks
2021-07-16 17:42:58.723 parsl:244 Rank:0 [DEBUG]  [TASK_PULL_THREAD] ready workers:3, pending tasks:0
2021-07-16 17:42:58.723 parsl:214 Rank:0 [DEBUG]  Return from heartbeat: None
2021-07-16 17:42:58.723 parsl:252 Rank:0 [DEBUG]  [TASK_PULL_THREAD] Requesting tasks: 3
2021-07-16 17:42:58.726 parsl:270 Rank:0 [DEBUG]  Got heartbeat from interchange
2021-07-16 17:42:58.726 parsl:244 Rank:0 [DEBUG]  [TASK_PULL_THREAD] ready workers:3, pending tasks:0
2021-07-16 17:42:58.726 parsl:252 Rank:0 [DEBUG]  [TASK_PULL_THREAD] Requesting tasks: 3
2021-07-16 17:42:58.726 parsl:283 Rank:0 [DEBUG]  [TASK_PULL_THREAD] No incoming tasks
2021-07-16 17:42:58.726 parsl:244 Rank:0 [DEBUG]  [TASK_PULL_THREAD] ready workers:3, pending tasks:0
2021-07-16 17:42:58.727 parsl:252 Rank:0 [DEBUG]  [TASK_PULL_THREAD] Requesting tasks: 3
2021-07-16 17:42:58.729 parsl:274 Rank:0 [DEBUG]  [TASK_PULL_THREAD] Got tasks: [37, 38] of 38
2021-07-16 17:42:58.729 parsl:244 Rank:0 [DEBUG]  [TASK_PULL_THREAD] ready workers:3, pending tasks:2
2021-07-16 17:42:58.729 parsl:252 Rank:0 [DEBUG]  [TASK_PULL_THREAD] Requesting tasks: 3
2021-07-16 17:42:58.730 parsl:283 Rank:0 [DEBUG]  [TASK_PULL_THREAD] No incoming tasks
2021-07-16 17:42:58.730 parsl:244 Rank:0 [DEBUG]  [TASK_PULL_THREAD] ready workers:3, pending tasks:0
2021-07-16 17:42:58.730 parsl:252 Rank:0 [DEBUG]  [TASK_PULL_THREAD] Requesting tasks: 3
2021-07-16 17:42:58.734 parsl.process_loggers:28 Rank:0 [DEBUG]  Normal ending for send_first_message on thread MainThread
2021-07-16 17:42:58.735 parsl.process_loggers:28 Rank:0 [DEBUG]  Normal ending for send_first_message on thread MainThread
2021-07-16 17:42:58.931 parsl:283 Rank:0 [DEBUG]  [TASK_PULL_THREAD] No incoming tasks
2021-07-16 17:42:58.931 parsl:244 Rank:0 [DEBUG]  [TASK_PULL_THREAD] ready workers:3, pending tasks:0
2021-07-16 17:42:58.931 parsl:252 Rank:0 [DEBUG]  [TASK_PULL_THREAD] Requesting tasks: 3
2021-07-16 17:42:58.936 parsl:274 Rank:0 [DEBUG]  [TASK_PULL_THREAD] Got tasks: [39] of 39
2021-07-16 17:42:58.936 parsl:244 Rank:0 [DEBUG]  [TASK_PULL_THREAD] ready workers:3, pending tasks:1
2021-07-16 17:42:58.936 parsl:252 Rank:0 [DEBUG]  [TASK_PULL_THREAD] Requesting tasks: 3
2021-07-16 17:42:58.937 parsl:283 Rank:0 [DEBUG]  [TASK_PULL_THREAD] No incoming tasks
2021-07-16 17:42:58.937 parsl:244 Rank:0 [DEBUG]  [TASK_PULL_THREAD] ready workers:3, pending tasks:0
2021-07-16 17:42:58.937 parsl:252 Rank:0 [DEBUG]  [TASK_PULL_THREAD] Requesting tasks: 3
2021-07-16 17:42:58.941 parsl.process_loggers:28 Rank:0 [DEBUG]  Normal ending for send_first_message on thread MainThread
2021-07-16 17:42:59.053 parsl:274 Rank:0 [DEBUG]  [TASK_PULL_THREAD] Got tasks: [40] of 40
2021-07-16 17:42:59.053 parsl:244 Rank:0 [DEBUG]  [TASK_PULL_THREAD] ready workers:3, pending tasks:1
2021-07-16 17:42:59.053 parsl:252 Rank:0 [DEBUG]  [TASK_PULL_THREAD] Requesting tasks: 3
2021-07-16 17:42:59.054 parsl:283 Rank:0 [DEBUG]  [TASK_PULL_THREAD] No incoming tasks
2021-07-16 17:42:59.054 parsl:244 Rank:0 [DEBUG]  [TASK_PULL_THREAD] ready workers:3, pending tasks:0
2021-07-16 17:42:59.054 parsl:252 Rank:0 [DEBUG]  [TASK_PULL_THREAD] Requesting tasks: 3
2021-07-16 17:42:59.058 parsl.process_loggers:28 Rank:0 [DEBUG]  Normal ending for send_first_message on thread MainThread
2021-07-16 17:42:59.259 parsl:283 Rank:0 [DEBUG]  [TASK_PULL_THREAD] No incoming tasks
2021-07-16 17:42:59.259 parsl:244 Rank:0 [DEBUG]  [TASK_PULL_THREAD] ready workers:3, pending tasks:0
2021-07-16 17:42:59.259 parsl:252 Rank:0 [DEBUG]  [TASK_PULL_THREAD] Requesting tasks: 3
2021-07-16 17:42:59.263 parsl:274 Rank:0 [DEBUG]  [TASK_PULL_THREAD] Got tasks: [41] of 41
2021-07-16 17:42:59.264 parsl:244 Rank:0 [DEBUG]  [TASK_PULL_THREAD] ready workers:3, pending tasks:1
2021-07-16 17:42:59.264 parsl:252 Rank:0 [DEBUG]  [TASK_PULL_THREAD] Requesting tasks: 3
2021-07-16 17:42:59.265 parsl:283 Rank:0 [DEBUG]  [TASK_PULL_THREAD] No incoming tasks
2021-07-16 17:42:59.265 parsl:244 Rank:0 [DEBUG]  [TASK_PULL_THREAD] ready workers:3, pending tasks:0
2021-07-16 17:42:59.265 parsl:252 Rank:0 [DEBUG]  [TASK_PULL_THREAD] Requesting tasks: 3
2021-07-16 17:42:59.269 parsl.process_loggers:28 Rank:0 [DEBUG]  Normal ending for send_first_message on thread MainThread
