2021-07-19 09:10:38.446 parsl.dataflow.dflow:84 [DEBUG]  Starting DataFlowKernel with config
Config(
    app_cache=True, 
    checkpoint_files=None, 
    checkpoint_mode='task_exit', 
    checkpoint_period=None, 
    executors=[HighThroughputExecutor(
        address=None, 
        address_probe_timeout=None, 
        cores_per_worker=1, 
        cpu_affinity='none', 
        heartbeat_period=2, 
        heartbeat_threshold=5, 
        interchange_port_range=(55000, 56000), 
        label='htex_Local', 
        launch_cmd='process_worker_pool.py {debug} {max_workers} -a {addresses} -p {prefetch_capacity} -c {cores_per_worker} -m {mem_per_worker} --poll {poll_period} --task_port={task_port} --result_port={result_port} --logdir={logdir} --block_id={{block_id}} --hb_period={heartbeat_period} {address_probe_timeout_string} --hb_threshold={heartbeat_threshold} --cpu-affinity {cpu_affinity} ', 
        managed=True, 
        max_workers=3, 
        mem_per_worker=None, 
        poll_period=100, 
        prefetch_capacity=0, 
        provider=LocalProvider(
            channel=LocalChannel(
                envs={}, 
                script_dir=None, 
                userhome='/Users/ananthhariharan/Documents/Code/GitHub/Parsl-Project'
            ), 
            cmd_timeout=30, 
            init_blocks=0, 
            launcher=SingleNodeLauncher(debug=True, fail_on_any=False), 
            max_blocks=5, 
            min_blocks=0, 
            move_files=None, 
            nodes_per_block=1, 
            parallelism=1, 
            worker_init=''
        ), 
        storage_access=[FTPInTaskStaging(), HTTPInTaskStaging(), NoOpFileStaging()], 
        worker_debug=True, 
        worker_logdir_root=None, 
        worker_port_range=(54000, 55000), 
        worker_ports=None, 
        working_dir='/Users/ananthhariharan/Documents/Code/GitHub/Parsl-Project/test_htex_alternate'
    )], 
    garbage_collect=True, 
    initialize_logging=True, 
    internal_tasks_max_threads=10, 
    max_idletime=120.0, 
    monitoring=MonitoringHub(
        'localhost',
        client_address='127.0.0.1', 
        client_port_range=(55000, 56000), 
        hub_port=55055, 
        hub_port_range=(55050, 56000), 
        logdir=None, 
        logging_endpoint='sqlite:///monitoring.db', 
        monitoring_debug=False, 
        resource_monitoring_enabled=True, 
        resource_monitoring_interval=1, 
        workflow_name=None, 
        workflow_version=None
    ), 
    retries=2, 
    run_dir='runinfo', 
    strategy='simple', 
    usage_tracking=False
)
2021-07-19 09:10:38.446 parsl.dataflow.dflow:86 [INFO]  Parsl version: 1.1.0
2021-07-19 09:10:38.447 parsl.dataflow.usage_tracking.usage:125 [DEBUG]  Tracking status: False
2021-07-19 09:10:38.447 parsl.monitoring.monitoring:209 [INFO]  Monitoring Hub initialized
2021-07-19 09:10:38.447 parsl.monitoring.monitoring:211 [DEBUG]  Initializing ZMQ Pipes to client
2021-07-19 09:10:38.477 parsl.monitoring.monitoring:255 [INFO]  Started the Hub process 97307 and DBM process 97308
2021-07-19 09:10:38.495 parsl.dataflow.dflow:114 [INFO]  Run id is: d06bed20-dd7c-4a17-8dfa-7f3672cc349a
2021-07-19 09:10:38.627 parsl.monitoring.monitoring:274 [DEBUG]  Sending message MessageType.WORKFLOW_INFO, {'python_version': '3.8.8', 'parsl_version': '1.1.0', 'time_began': datetime.datetime(2021, 7, 19, 9, 10, 38, 495572), 'time_completed': None, 'run_id': 'd06bed20-dd7c-4a17-8dfa-7f3672cc349a', 'workflow_name': 'test.py', 'workflow_version': '2021-07-19 09:10:38', 'rundir': '/Users/ananthhariharan/Documents/Code/GitHub/Parsl-Project/runinfo/013', 'tasks_completed_count': 0, 'tasks_failed_count': 0, 'user': 'ananthhariharan', 'host': 'Ananths-Macbook.local'}
2021-07-19 09:10:38.628 parsl.dataflow.memoization:164 [INFO]  App caching initialized
2021-07-19 09:10:38.629 parsl.dataflow.strategy:127 [DEBUG]  Scaling strategy: simple
2021-07-19 09:10:38.631 parsl.executors.high_throughput.executor:468 [DEBUG]  Starting queue management thread
2021-07-19 09:10:38.632 parsl.executors.high_throughput.executor:358 [DEBUG]  [MTHREAD] queue management worker starting
2021-07-19 09:10:38.632 parsl.executors.high_throughput.executor:472 [DEBUG]  Started queue management thread
2021-07-19 09:10:38.648 parsl.executors.high_throughput.executor:319 [DEBUG]  Created management thread: <Thread(HTEX-Queue-Management-Thread, started daemon 123145583259648)>
2021-07-19 09:10:38.649 parsl.executors.high_throughput.executor:291 [DEBUG]  Launch command: process_worker_pool.py --debug --max_workers=3 -a Ananths-Macbook.local,216.125.243.231,10.224.48.133 -p 0 -c 1 -m None --poll 100 --task_port=54550 --result_port=54961 --logdir=/Users/ananthhariharan/Documents/Code/GitHub/Parsl-Project/runinfo/013/htex_Local --block_id={block_id} --hb_period=2  --hb_threshold=5 --cpu-affinity none 
2021-07-19 09:10:38.649 parsl.executors.high_throughput.executor:294 [DEBUG]  Starting HighThroughputExecutor with provider:
LocalProvider(
    channel=LocalChannel(
        envs={}, 
        script_dir='/Users/ananthhariharan/Documents/Code/GitHub/Parsl-Project/runinfo/013/submit_scripts', 
        userhome='/Users/ananthhariharan/Documents/Code/GitHub/Parsl-Project'
    ), 
    cmd_timeout=30, 
    init_blocks=0, 
    launcher=SingleNodeLauncher(debug=True, fail_on_any=False), 
    max_blocks=5, 
    min_blocks=0, 
    move_files=None, 
    nodes_per_block=1, 
    parallelism=1, 
    worker_init=''
)
2021-07-19 09:10:38.654 parsl.dataflow.task_status_poller:114 [DEBUG]  Adding executor htex_Local
2021-07-19 09:10:38.655 parsl.dataflow.task_status_poller:37 [INFO]  Monitoring enabled on task status poller
2021-07-19 09:10:38.661 parsl.dataflow.dflow:802 [DEBUG]  Task 0 will be sent to executor htex_Local
2021-07-19 09:10:38.662 parsl.dataflow.dflow:628 [DEBUG]  Adding output dependencies
2021-07-19 09:10:38.662 parsl.dataflow.dflow:881 [INFO]  Task 0 submitted for App app_F, not waiting on any dependency
2021-07-19 09:10:38.662 parsl.dataflow.dflow:889 [DEBUG]  Task 0 set to pending state with AppFuture: <AppFuture super=<AppFuture at 0x7ffd8c731130 state=pending>>
2021-07-19 09:10:38.662 parsl.monitoring.monitoring:274 [DEBUG]  Sending message MessageType.TASK_INFO, {'task_func_name': 'app_F', 'task_memoize': False, 'task_hashsum': None, 'task_fail_count': 0, 'task_status': <States.pending: 0>, 'task_id': 0, 'task_time_invoked': datetime.datetime(2021, 7, 19, 9, 10, 38, 661958), 'task_try_time_launched': None, 'task_time_returned': None, 'task_try_time_returned': None, 'task_executor': 'htex_Local', 'run_id': 'd06bed20-dd7c-4a17-8dfa-7f3672cc349a', 'try_id': 0, 'timestamp': datetime.datetime(2021, 7, 19, 9, 10, 38, 662348), 'task_status_name': 'pending', 'tasks_failed_count': 0, 'tasks_completed_count': 0, 'tasks_memo_completed_count': 0, 'from_memo': None, 'task_inputs': 'None', 'task_outputs': 'None', 'task_stdin': None, 'task_stdout': None, 'task_stderr': None, 'task_fail_history': '', 'task_depends': '', 'task_joins': None}
2021-07-19 09:10:38.663 parsl.dataflow.memoization:229 [DEBUG]  Task 0 will not be memoized
2021-07-19 09:10:38.663 parsl.executors.high_throughput.executor:557 [DEBUG]  Pushing function <function MonitoringHub.monitor_wrapper.<locals>.wrapped at 0x7ffd8c72fee0> to queue with args ()
2021-07-19 09:10:38.665 parsl.monitoring.monitoring:274 [DEBUG]  Sending message MessageType.TASK_INFO, {'task_func_name': 'app_F', 'task_memoize': False, 'task_hashsum': None, 'task_fail_count': 0, 'task_status': <States.launched: 7>, 'task_id': 0, 'task_time_invoked': datetime.datetime(2021, 7, 19, 9, 10, 38, 661958), 'task_try_time_launched': datetime.datetime(2021, 7, 19, 9, 10, 38, 662961), 'task_time_returned': None, 'task_try_time_returned': None, 'task_executor': 'htex_Local', 'run_id': 'd06bed20-dd7c-4a17-8dfa-7f3672cc349a', 'try_id': 0, 'timestamp': datetime.datetime(2021, 7, 19, 9, 10, 38, 665402), 'task_status_name': 'launched', 'tasks_failed_count': 0, 'tasks_completed_count': 0, 'tasks_memo_completed_count': 0, 'from_memo': False, 'task_inputs': 'None', 'task_outputs': 'None', 'task_stdin': None, 'task_stdout': None, 'task_stderr': None, 'task_fail_history': '', 'task_depends': '', 'task_joins': None}
2021-07-19 09:10:38.665 parsl.dataflow.dflow:591 [INFO]  Task 0 launched on executor htex_Local
2021-07-19 09:10:39.634 parsl.dataflow.task_status_poller:52 [DEBUG]  Sending message [] to hub from task status poller
2021-07-19 09:10:39.643 parsl.dataflow.strategy:205 [DEBUG]  Executor htex_Local has 1 active tasks, 0/0 running/pending blocks, and 0 connected workers
2021-07-19 09:10:39.643 parsl.dataflow.strategy:265 [DEBUG]  Requesting 1 more blocks
2021-07-19 09:10:39.644 parsl.providers.local.local:217 [DEBUG]  Launching in remote mode
2021-07-19 09:10:39.664 parsl.executors.high_throughput.executor:620 [DEBUG]  Launched block 0->97311
2021-07-19 09:10:39.665 parsl.dataflow.task_status_poller:52 [DEBUG]  Sending message [{'run_id': 'd06bed20-dd7c-4a17-8dfa-7f3672cc349a', 'status': 'PENDING', 'timestamp': datetime.datetime(2021, 7, 19, 9, 10, 39, 665101), 'executor_label': 'htex_Local', 'job_id': '97311', 'block_id': '0'}] to hub from task status poller
2021-07-19 09:10:40.845 parsl.dataflow.dflow:442 [INFO]  Task 0 completed (launched -> exec_done)
2021-07-19 09:10:40.846 parsl.dataflow.dflow:802 [DEBUG]  Task 1 will be sent to executor htex_Local
2021-07-19 09:10:40.847 parsl.dataflow.dflow:628 [DEBUG]  Adding output dependencies
2021-07-19 09:10:40.847 parsl.dataflow.dflow:881 [INFO]  Task 1 submitted for App app_A, not waiting on any dependency
2021-07-19 09:10:40.847 parsl.dataflow.dflow:889 [DEBUG]  Task 1 set to pending state with AppFuture: <AppFuture super=<AppFuture at 0x7ffd8c744550 state=pending>>
2021-07-19 09:10:40.848 parsl.monitoring.monitoring:274 [DEBUG]  Sending message MessageType.TASK_INFO, {'task_func_name': 'app_A', 'task_memoize': False, 'task_hashsum': None, 'task_fail_count': 0, 'task_status': <States.pending: 0>, 'task_id': 1, 'task_time_invoked': datetime.datetime(2021, 7, 19, 9, 10, 40, 847059), 'task_try_time_launched': None, 'task_time_returned': None, 'task_try_time_returned': None, 'task_executor': 'htex_Local', 'run_id': 'd06bed20-dd7c-4a17-8dfa-7f3672cc349a', 'try_id': 0, 'timestamp': datetime.datetime(2021, 7, 19, 9, 10, 40, 847900), 'task_status_name': 'pending', 'tasks_failed_count': 0, 'tasks_completed_count': 1, 'tasks_memo_completed_count': 0, 'from_memo': None, 'task_inputs': 'None', 'task_outputs': 'None', 'task_stdin': None, 'task_stdout': None, 'task_stderr': None, 'task_fail_history': '', 'task_depends': '', 'task_joins': None}
2021-07-19 09:10:40.849 parsl.dataflow.memoization:229 [DEBUG]  Task 1 will not be memoized
2021-07-19 09:10:40.850 parsl.executors.high_throughput.executor:557 [DEBUG]  Pushing function <function MonitoringHub.monitor_wrapper.<locals>.wrapped at 0x7ffd8c737430> to queue with args ()
2021-07-19 09:10:40.852 parsl.dataflow.dflow:1166 [WARNING]  No tasks checkpointed so far in this run. Please ensure caching is enabled
2021-07-19 09:10:40.853 parsl.monitoring.monitoring:274 [DEBUG]  Sending message MessageType.TASK_INFO, {'task_func_name': 'app_A', 'task_memoize': False, 'task_hashsum': None, 'task_fail_count': 0, 'task_status': <States.launched: 7>, 'task_id': 1, 'task_time_invoked': datetime.datetime(2021, 7, 19, 9, 10, 40, 847059), 'task_try_time_launched': datetime.datetime(2021, 7, 19, 9, 10, 40, 849389), 'task_time_returned': None, 'task_try_time_returned': None, 'task_executor': 'htex_Local', 'run_id': 'd06bed20-dd7c-4a17-8dfa-7f3672cc349a', 'try_id': 0, 'timestamp': datetime.datetime(2021, 7, 19, 9, 10, 40, 853238), 'task_status_name': 'launched', 'tasks_failed_count': 0, 'tasks_completed_count': 1, 'tasks_memo_completed_count': 0, 'from_memo': False, 'task_inputs': 'None', 'task_outputs': 'None', 'task_stdin': None, 'task_stdout': None, 'task_stderr': None, 'task_fail_history': '', 'task_depends': '', 'task_joins': None}
2021-07-19 09:10:40.853 parsl.monitoring.monitoring:274 [DEBUG]  Sending message MessageType.TASK_INFO, {'task_func_name': 'app_F', 'task_memoize': False, 'task_hashsum': None, 'task_fail_count': 0, 'task_status': <States.exec_done: 3>, 'task_id': 0, 'task_time_invoked': datetime.datetime(2021, 7, 19, 9, 10, 38, 661958), 'task_try_time_launched': datetime.datetime(2021, 7, 19, 9, 10, 38, 662961), 'task_time_returned': datetime.datetime(2021, 7, 19, 9, 10, 40, 846205), 'task_try_time_returned': datetime.datetime(2021, 7, 19, 9, 10, 40, 845706), 'task_executor': 'htex_Local', 'run_id': 'd06bed20-dd7c-4a17-8dfa-7f3672cc349a', 'try_id': 0, 'timestamp': datetime.datetime(2021, 7, 19, 9, 10, 40, 853697), 'task_status_name': 'exec_done', 'tasks_failed_count': 0, 'tasks_completed_count': 1, 'tasks_memo_completed_count': 0, 'from_memo': False, 'task_inputs': 'None', 'task_outputs': 'None', 'task_stdin': None, 'task_stdout': None, 'task_stderr': None, 'task_fail_history': '', 'task_depends': '', 'task_joins': None}
2021-07-19 09:10:40.854 parsl.dataflow.dflow:591 [INFO]  Task 1 launched on executor htex_Local
2021-07-19 09:10:40.854 parsl.dataflow.dflow:802 [DEBUG]  Task 2 will be sent to executor htex_Local
2021-07-19 09:10:40.855 parsl.dataflow.dflow:628 [DEBUG]  Adding output dependencies
2021-07-19 09:10:40.855 parsl.dataflow.dflow:881 [INFO]  Task 2 submitted for App app_B, not waiting on any dependency
2021-07-19 09:10:40.855 parsl.dataflow.dflow:889 [DEBUG]  Task 2 set to pending state with AppFuture: <AppFuture super=<AppFuture at 0x7ffd8c744370 state=pending>>
2021-07-19 09:10:40.855 parsl.monitoring.monitoring:274 [DEBUG]  Sending message MessageType.TASK_INFO, {'task_func_name': 'app_B', 'task_memoize': False, 'task_hashsum': None, 'task_fail_count': 0, 'task_status': <States.pending: 0>, 'task_id': 2, 'task_time_invoked': datetime.datetime(2021, 7, 19, 9, 10, 40, 855047), 'task_try_time_launched': None, 'task_time_returned': None, 'task_try_time_returned': None, 'task_executor': 'htex_Local', 'run_id': 'd06bed20-dd7c-4a17-8dfa-7f3672cc349a', 'try_id': 0, 'timestamp': datetime.datetime(2021, 7, 19, 9, 10, 40, 855389), 'task_status_name': 'pending', 'tasks_failed_count': 0, 'tasks_completed_count': 1, 'tasks_memo_completed_count': 0, 'from_memo': None, 'task_inputs': 'None', 'task_outputs': 'None', 'task_stdin': None, 'task_stdout': None, 'task_stderr': None, 'task_fail_history': '', 'task_depends': '', 'task_joins': None}
2021-07-19 09:10:40.855 parsl.dataflow.memoization:229 [DEBUG]  Task 2 will not be memoized
2021-07-19 09:10:40.856 parsl.executors.high_throughput.executor:557 [DEBUG]  Pushing function <function MonitoringHub.monitor_wrapper.<locals>.wrapped at 0x7ffd8c737280> to queue with args ()
2021-07-19 09:10:40.857 parsl.monitoring.monitoring:274 [DEBUG]  Sending message MessageType.TASK_INFO, {'task_func_name': 'app_B', 'task_memoize': False, 'task_hashsum': None, 'task_fail_count': 0, 'task_status': <States.launched: 7>, 'task_id': 2, 'task_time_invoked': datetime.datetime(2021, 7, 19, 9, 10, 40, 855047), 'task_try_time_launched': datetime.datetime(2021, 7, 19, 9, 10, 40, 855805), 'task_time_returned': None, 'task_try_time_returned': None, 'task_executor': 'htex_Local', 'run_id': 'd06bed20-dd7c-4a17-8dfa-7f3672cc349a', 'try_id': 0, 'timestamp': datetime.datetime(2021, 7, 19, 9, 10, 40, 857529), 'task_status_name': 'launched', 'tasks_failed_count': 0, 'tasks_completed_count': 1, 'tasks_memo_completed_count': 0, 'from_memo': False, 'task_inputs': 'None', 'task_outputs': 'None', 'task_stdin': None, 'task_stdout': None, 'task_stderr': None, 'task_fail_history': '', 'task_depends': '', 'task_joins': None}
2021-07-19 09:10:40.858 parsl.dataflow.dflow:591 [INFO]  Task 2 launched on executor htex_Local
2021-07-19 09:10:40.858 parsl.dataflow.dflow:802 [DEBUG]  Task 3 will be sent to executor htex_Local
2021-07-19 09:10:40.858 parsl.dataflow.dflow:628 [DEBUG]  Adding output dependencies
2021-07-19 09:10:40.858 parsl.dataflow.dflow:881 [INFO]  Task 3 submitted for App app_C, waiting on task 1, task 2
2021-07-19 09:10:40.858 parsl.dataflow.dflow:889 [DEBUG]  Task 3 set to pending state with AppFuture: <AppFuture super=<AppFuture at 0x7ffd8c74e400 state=pending>>
2021-07-19 09:10:40.859 parsl.monitoring.monitoring:274 [DEBUG]  Sending message MessageType.TASK_INFO, {'task_func_name': 'app_C', 'task_memoize': False, 'task_hashsum': None, 'task_fail_count': 0, 'task_status': <States.pending: 0>, 'task_id': 3, 'task_time_invoked': datetime.datetime(2021, 7, 19, 9, 10, 40, 858540), 'task_try_time_launched': None, 'task_time_returned': None, 'task_try_time_returned': None, 'task_executor': 'htex_Local', 'run_id': 'd06bed20-dd7c-4a17-8dfa-7f3672cc349a', 'try_id': 0, 'timestamp': datetime.datetime(2021, 7, 19, 9, 10, 40, 858899), 'task_status_name': 'pending', 'tasks_failed_count': 0, 'tasks_completed_count': 1, 'tasks_memo_completed_count': 0, 'from_memo': None, 'task_inputs': 'None', 'task_outputs': 'None', 'task_stdin': None, 'task_stdout': None, 'task_stderr': None, 'task_fail_history': '', 'task_depends': '1,2', 'task_joins': None}
2021-07-19 09:10:40.859 parsl.dataflow.dflow:802 [DEBUG]  Task 4 will be sent to executor htex_Local
2021-07-19 09:10:40.859 parsl.dataflow.dflow:628 [DEBUG]  Adding output dependencies
2021-07-19 09:10:40.859 parsl.dataflow.dflow:881 [INFO]  Task 4 submitted for App app_D, waiting on task 3
2021-07-19 09:10:40.859 parsl.dataflow.dflow:889 [DEBUG]  Task 4 set to pending state with AppFuture: <AppFuture super=<AppFuture at 0x7ffd8c74e5e0 state=pending>>
2021-07-19 09:10:40.859 parsl.monitoring.monitoring:274 [DEBUG]  Sending message MessageType.TASK_INFO, {'task_func_name': 'app_D', 'task_memoize': False, 'task_hashsum': None, 'task_fail_count': 0, 'task_status': <States.pending: 0>, 'task_id': 4, 'task_time_invoked': datetime.datetime(2021, 7, 19, 9, 10, 40, 859464), 'task_try_time_launched': None, 'task_time_returned': None, 'task_try_time_returned': None, 'task_executor': 'htex_Local', 'run_id': 'd06bed20-dd7c-4a17-8dfa-7f3672cc349a', 'try_id': 0, 'timestamp': datetime.datetime(2021, 7, 19, 9, 10, 40, 859759), 'task_status_name': 'pending', 'tasks_failed_count': 0, 'tasks_completed_count': 1, 'tasks_memo_completed_count': 0, 'from_memo': None, 'task_inputs': 'None', 'task_outputs': 'None', 'task_stdin': None, 'task_stdout': None, 'task_stderr': None, 'task_fail_history': '', 'task_depends': '3', 'task_joins': None}
2021-07-19 09:10:40.860 parsl.dataflow.dflow:802 [DEBUG]  Task 5 will be sent to executor htex_Local
2021-07-19 09:10:40.860 parsl.dataflow.dflow:628 [DEBUG]  Adding output dependencies
2021-07-19 09:10:40.860 parsl.dataflow.dflow:881 [INFO]  Task 5 submitted for App app_E, waiting on task 4
2021-07-19 09:10:40.860 parsl.dataflow.dflow:889 [DEBUG]  Task 5 set to pending state with AppFuture: <AppFuture super=<AppFuture at 0x7ffd8c74e760 state=pending>>
2021-07-19 09:10:40.860 parsl.monitoring.monitoring:274 [DEBUG]  Sending message MessageType.TASK_INFO, {'task_func_name': 'app_E', 'task_memoize': False, 'task_hashsum': None, 'task_fail_count': 0, 'task_status': <States.pending: 0>, 'task_id': 5, 'task_time_invoked': datetime.datetime(2021, 7, 19, 9, 10, 40, 860367), 'task_try_time_launched': None, 'task_time_returned': None, 'task_try_time_returned': None, 'task_executor': 'htex_Local', 'run_id': 'd06bed20-dd7c-4a17-8dfa-7f3672cc349a', 'try_id': 0, 'timestamp': datetime.datetime(2021, 7, 19, 9, 10, 40, 860656), 'task_status_name': 'pending', 'tasks_failed_count': 0, 'tasks_completed_count': 1, 'tasks_memo_completed_count': 0, 'from_memo': None, 'task_inputs': 'None', 'task_outputs': 'None', 'task_stdin': None, 'task_stdout': None, 'task_stderr': None, 'task_fail_history': '', 'task_depends': '4', 'task_joins': None}
2021-07-19 09:10:41.051 parsl.dataflow.dflow:442 [INFO]  Task 2 completed (launched -> exec_done)
2021-07-19 09:10:41.052 parsl.dataflow.dflow:1166 [WARNING]  No tasks checkpointed so far in this run. Please ensure caching is enabled
2021-07-19 09:10:41.052 parsl.monitoring.monitoring:274 [DEBUG]  Sending message MessageType.TASK_INFO, {'task_func_name': 'app_B', 'task_memoize': False, 'task_hashsum': None, 'task_fail_count': 0, 'task_status': <States.exec_done: 3>, 'task_id': 2, 'task_time_invoked': datetime.datetime(2021, 7, 19, 9, 10, 40, 855047), 'task_try_time_launched': datetime.datetime(2021, 7, 19, 9, 10, 40, 855805), 'task_time_returned': datetime.datetime(2021, 7, 19, 9, 10, 41, 51455), 'task_try_time_returned': datetime.datetime(2021, 7, 19, 9, 10, 41, 51167), 'task_executor': 'htex_Local', 'run_id': 'd06bed20-dd7c-4a17-8dfa-7f3672cc349a', 'try_id': 0, 'timestamp': datetime.datetime(2021, 7, 19, 9, 10, 41, 52482), 'task_status_name': 'exec_done', 'tasks_failed_count': 0, 'tasks_completed_count': 2, 'tasks_memo_completed_count': 0, 'from_memo': False, 'task_inputs': 'None', 'task_outputs': 'None', 'task_stdin': None, 'task_stdout': None, 'task_stderr': None, 'task_fail_history': '', 'task_depends': '', 'task_joins': None}
2021-07-19 09:10:41.053 parsl.dataflow.dflow:442 [INFO]  Task 1 completed (launched -> exec_done)
2021-07-19 09:10:41.055 parsl.dataflow.dflow:1166 [WARNING]  No tasks checkpointed so far in this run. Please ensure caching is enabled
2021-07-19 09:10:41.055 parsl.dataflow.memoization:229 [DEBUG]  Task 3 will not be memoized
2021-07-19 09:10:41.056 parsl.executors.high_throughput.executor:557 [DEBUG]  Pushing function <function MonitoringHub.monitor_wrapper.<locals>.wrapped at 0x7ffd8c737940> to queue with args (7, 3.0)
2021-07-19 09:10:41.059 parsl.monitoring.monitoring:274 [DEBUG]  Sending message MessageType.TASK_INFO, {'task_func_name': 'app_C', 'task_memoize': False, 'task_hashsum': None, 'task_fail_count': 0, 'task_status': <States.launched: 7>, 'task_id': 3, 'task_time_invoked': datetime.datetime(2021, 7, 19, 9, 10, 40, 858540), 'task_try_time_launched': datetime.datetime(2021, 7, 19, 9, 10, 41, 55820), 'task_time_returned': None, 'task_try_time_returned': None, 'task_executor': 'htex_Local', 'run_id': 'd06bed20-dd7c-4a17-8dfa-7f3672cc349a', 'try_id': 0, 'timestamp': datetime.datetime(2021, 7, 19, 9, 10, 41, 58765), 'task_status_name': 'launched', 'tasks_failed_count': 0, 'tasks_completed_count': 3, 'tasks_memo_completed_count': 0, 'from_memo': False, 'task_inputs': 'None', 'task_outputs': 'None', 'task_stdin': None, 'task_stdout': None, 'task_stderr': None, 'task_fail_history': '', 'task_depends': '1,2', 'task_joins': None}
2021-07-19 09:10:41.059 parsl.dataflow.dflow:591 [INFO]  Task 3 launched on executor htex_Local
2021-07-19 09:10:41.060 parsl.monitoring.monitoring:274 [DEBUG]  Sending message MessageType.TASK_INFO, {'task_func_name': 'app_A', 'task_memoize': False, 'task_hashsum': None, 'task_fail_count': 0, 'task_status': <States.exec_done: 3>, 'task_id': 1, 'task_time_invoked': datetime.datetime(2021, 7, 19, 9, 10, 40, 847059), 'task_try_time_launched': datetime.datetime(2021, 7, 19, 9, 10, 40, 849389), 'task_time_returned': datetime.datetime(2021, 7, 19, 9, 10, 41, 53491), 'task_try_time_returned': datetime.datetime(2021, 7, 19, 9, 10, 41, 53283), 'task_executor': 'htex_Local', 'run_id': 'd06bed20-dd7c-4a17-8dfa-7f3672cc349a', 'try_id': 0, 'timestamp': datetime.datetime(2021, 7, 19, 9, 10, 41, 59808), 'task_status_name': 'exec_done', 'tasks_failed_count': 0, 'tasks_completed_count': 3, 'tasks_memo_completed_count': 0, 'from_memo': False, 'task_inputs': 'None', 'task_outputs': 'None', 'task_stdin': None, 'task_stdout': None, 'task_stderr': None, 'task_fail_history': '', 'task_depends': '', 'task_joins': None}
2021-07-19 09:10:41.149 parsl.dataflow.dflow:442 [INFO]  Task 3 completed (launched -> exec_done)
2021-07-19 09:10:41.151 parsl.dataflow.dflow:1166 [WARNING]  No tasks checkpointed so far in this run. Please ensure caching is enabled
2021-07-19 09:10:41.152 parsl.dataflow.memoization:229 [DEBUG]  Task 4 will not be memoized
2021-07-19 09:10:41.152 parsl.executors.high_throughput.executor:557 [DEBUG]  Pushing function <function MonitoringHub.monitor_wrapper.<locals>.wrapped at 0x7ffd8c737b80> to queue with args (10, 7, 10.0)
2021-07-19 09:10:41.153 parsl.monitoring.monitoring:274 [DEBUG]  Sending message MessageType.TASK_INFO, {'task_func_name': 'app_D', 'task_memoize': False, 'task_hashsum': None, 'task_fail_count': 0, 'task_status': <States.launched: 7>, 'task_id': 4, 'task_time_invoked': datetime.datetime(2021, 7, 19, 9, 10, 40, 859464), 'task_try_time_launched': datetime.datetime(2021, 7, 19, 9, 10, 41, 152103), 'task_time_returned': None, 'task_try_time_returned': None, 'task_executor': 'htex_Local', 'run_id': 'd06bed20-dd7c-4a17-8dfa-7f3672cc349a', 'try_id': 0, 'timestamp': datetime.datetime(2021, 7, 19, 9, 10, 41, 153623), 'task_status_name': 'launched', 'tasks_failed_count': 0, 'tasks_completed_count': 4, 'tasks_memo_completed_count': 0, 'from_memo': False, 'task_inputs': 'None', 'task_outputs': 'None', 'task_stdin': None, 'task_stdout': None, 'task_stderr': None, 'task_fail_history': '', 'task_depends': '3', 'task_joins': None}
2021-07-19 09:10:41.154 parsl.dataflow.dflow:591 [INFO]  Task 4 launched on executor htex_Local
2021-07-19 09:10:41.154 parsl.monitoring.monitoring:274 [DEBUG]  Sending message MessageType.TASK_INFO, {'task_func_name': 'app_C', 'task_memoize': False, 'task_hashsum': None, 'task_fail_count': 0, 'task_status': <States.exec_done: 3>, 'task_id': 3, 'task_time_invoked': datetime.datetime(2021, 7, 19, 9, 10, 40, 858540), 'task_try_time_launched': datetime.datetime(2021, 7, 19, 9, 10, 41, 55820), 'task_time_returned': datetime.datetime(2021, 7, 19, 9, 10, 41, 150061), 'task_try_time_returned': datetime.datetime(2021, 7, 19, 9, 10, 41, 149905), 'task_executor': 'htex_Local', 'run_id': 'd06bed20-dd7c-4a17-8dfa-7f3672cc349a', 'try_id': 0, 'timestamp': datetime.datetime(2021, 7, 19, 9, 10, 41, 154340), 'task_status_name': 'exec_done', 'tasks_failed_count': 0, 'tasks_completed_count': 4, 'tasks_memo_completed_count': 0, 'from_memo': False, 'task_inputs': 'None', 'task_outputs': 'None', 'task_stdin': None, 'task_stdout': None, 'task_stderr': None, 'task_fail_history': '', 'task_depends': '1,2', 'task_joins': None}
2021-07-19 09:10:41.372 parsl.dataflow.dflow:442 [INFO]  Task 4 completed (launched -> exec_done)
2021-07-19 09:10:41.373 parsl.dataflow.dflow:1166 [WARNING]  No tasks checkpointed so far in this run. Please ensure caching is enabled
2021-07-19 09:10:41.373 parsl.dataflow.memoization:229 [DEBUG]  Task 5 will not be memoized
2021-07-19 09:10:41.374 parsl.executors.high_throughput.executor:557 [DEBUG]  Pushing function <function MonitoringHub.monitor_wrapper.<locals>.wrapped at 0x7ffd8c737dc0> to queue with args (10,)
2021-07-19 09:10:41.376 parsl.monitoring.monitoring:274 [DEBUG]  Sending message MessageType.TASK_INFO, {'task_func_name': 'app_E', 'task_memoize': False, 'task_hashsum': None, 'task_fail_count': 0, 'task_status': <States.launched: 7>, 'task_id': 5, 'task_time_invoked': datetime.datetime(2021, 7, 19, 9, 10, 40, 860367), 'task_try_time_launched': datetime.datetime(2021, 7, 19, 9, 10, 41, 373513), 'task_time_returned': None, 'task_try_time_returned': None, 'task_executor': 'htex_Local', 'run_id': 'd06bed20-dd7c-4a17-8dfa-7f3672cc349a', 'try_id': 0, 'timestamp': datetime.datetime(2021, 7, 19, 9, 10, 41, 376447), 'task_status_name': 'launched', 'tasks_failed_count': 0, 'tasks_completed_count': 5, 'tasks_memo_completed_count': 0, 'from_memo': False, 'task_inputs': 'None', 'task_outputs': 'None', 'task_stdin': None, 'task_stdout': None, 'task_stderr': None, 'task_fail_history': '', 'task_depends': '4', 'task_joins': None}
2021-07-19 09:10:41.377 parsl.dataflow.dflow:591 [INFO]  Task 5 launched on executor htex_Local
2021-07-19 09:10:41.377 parsl.monitoring.monitoring:274 [DEBUG]  Sending message MessageType.TASK_INFO, {'task_func_name': 'app_D', 'task_memoize': False, 'task_hashsum': None, 'task_fail_count': 0, 'task_status': <States.exec_done: 3>, 'task_id': 4, 'task_time_invoked': datetime.datetime(2021, 7, 19, 9, 10, 40, 859464), 'task_try_time_launched': datetime.datetime(2021, 7, 19, 9, 10, 41, 152103), 'task_time_returned': datetime.datetime(2021, 7, 19, 9, 10, 41, 372573), 'task_try_time_returned': datetime.datetime(2021, 7, 19, 9, 10, 41, 372295), 'task_executor': 'htex_Local', 'run_id': 'd06bed20-dd7c-4a17-8dfa-7f3672cc349a', 'try_id': 0, 'timestamp': datetime.datetime(2021, 7, 19, 9, 10, 41, 377517), 'task_status_name': 'exec_done', 'tasks_failed_count': 0, 'tasks_completed_count': 5, 'tasks_memo_completed_count': 0, 'from_memo': False, 'task_inputs': 'None', 'task_outputs': 'None', 'task_stdin': None, 'task_stdout': None, 'task_stderr': None, 'task_fail_history': '', 'task_depends': '3', 'task_joins': None}
2021-07-19 09:10:41.579 parsl.dataflow.dflow:442 [INFO]  Task 5 completed (launched -> exec_done)
2021-07-19 09:10:41.580 parsl.dataflow.dflow:802 [DEBUG]  Task 6 will be sent to executor htex_Local
2021-07-19 09:10:41.580 parsl.dataflow.dflow:628 [DEBUG]  Adding output dependencies
2021-07-19 09:10:41.581 parsl.dataflow.dflow:881 [INFO]  Task 6 submitted for App app_A, not waiting on any dependency
2021-07-19 09:10:41.581 parsl.dataflow.dflow:889 [DEBUG]  Task 6 set to pending state with AppFuture: <AppFuture super=<AppFuture at 0x7ffd8c75d070 state=pending>>
2021-07-19 09:10:41.581 parsl.monitoring.monitoring:274 [DEBUG]  Sending message MessageType.TASK_INFO, {'task_func_name': 'app_A', 'task_memoize': False, 'task_hashsum': None, 'task_fail_count': 0, 'task_status': <States.pending: 0>, 'task_id': 6, 'task_time_invoked': datetime.datetime(2021, 7, 19, 9, 10, 41, 580795), 'task_try_time_launched': None, 'task_time_returned': None, 'task_try_time_returned': None, 'task_executor': 'htex_Local', 'run_id': 'd06bed20-dd7c-4a17-8dfa-7f3672cc349a', 'try_id': 0, 'timestamp': datetime.datetime(2021, 7, 19, 9, 10, 41, 581466), 'task_status_name': 'pending', 'tasks_failed_count': 0, 'tasks_completed_count': 6, 'tasks_memo_completed_count': 0, 'from_memo': None, 'task_inputs': 'None', 'task_outputs': 'None', 'task_stdin': None, 'task_stdout': None, 'task_stderr': None, 'task_fail_history': '', 'task_depends': '', 'task_joins': None}
2021-07-19 09:10:41.582 parsl.dataflow.dflow:1166 [WARNING]  No tasks checkpointed so far in this run. Please ensure caching is enabled
2021-07-19 09:10:41.582 parsl.dataflow.memoization:229 [DEBUG]  Task 6 will not be memoized
2021-07-19 09:10:41.583 parsl.monitoring.monitoring:274 [DEBUG]  Sending message MessageType.TASK_INFO, {'task_func_name': 'app_E', 'task_memoize': False, 'task_hashsum': None, 'task_fail_count': 0, 'task_status': <States.exec_done: 3>, 'task_id': 5, 'task_time_invoked': datetime.datetime(2021, 7, 19, 9, 10, 40, 860367), 'task_try_time_launched': datetime.datetime(2021, 7, 19, 9, 10, 41, 373513), 'task_time_returned': datetime.datetime(2021, 7, 19, 9, 10, 41, 579969), 'task_try_time_returned': datetime.datetime(2021, 7, 19, 9, 10, 41, 579693), 'task_executor': 'htex_Local', 'run_id': 'd06bed20-dd7c-4a17-8dfa-7f3672cc349a', 'try_id': 0, 'timestamp': datetime.datetime(2021, 7, 19, 9, 10, 41, 582771), 'task_status_name': 'exec_done', 'tasks_failed_count': 0, 'tasks_completed_count': 6, 'tasks_memo_completed_count': 0, 'from_memo': False, 'task_inputs': 'None', 'task_outputs': 'None', 'task_stdin': None, 'task_stdout': None, 'task_stderr': None, 'task_fail_history': '', 'task_depends': '4', 'task_joins': None}
2021-07-19 09:10:41.583 parsl.executors.high_throughput.executor:557 [DEBUG]  Pushing function <function MonitoringHub.monitor_wrapper.<locals>.wrapped at 0x7ffd8c75a040> to queue with args ()
2021-07-19 09:10:41.586 parsl.monitoring.monitoring:274 [DEBUG]  Sending message MessageType.TASK_INFO, {'task_func_name': 'app_A', 'task_memoize': False, 'task_hashsum': None, 'task_fail_count': 0, 'task_status': <States.launched: 7>, 'task_id': 6, 'task_time_invoked': datetime.datetime(2021, 7, 19, 9, 10, 41, 580795), 'task_try_time_launched': datetime.datetime(2021, 7, 19, 9, 10, 41, 582575), 'task_time_returned': None, 'task_try_time_returned': None, 'task_executor': 'htex_Local', 'run_id': 'd06bed20-dd7c-4a17-8dfa-7f3672cc349a', 'try_id': 0, 'timestamp': datetime.datetime(2021, 7, 19, 9, 10, 41, 586434), 'task_status_name': 'launched', 'tasks_failed_count': 0, 'tasks_completed_count': 6, 'tasks_memo_completed_count': 0, 'from_memo': False, 'task_inputs': 'None', 'task_outputs': 'None', 'task_stdin': None, 'task_stdout': None, 'task_stderr': None, 'task_fail_history': '', 'task_depends': '', 'task_joins': None}
2021-07-19 09:10:41.587 parsl.dataflow.dflow:591 [INFO]  Task 6 launched on executor htex_Local
2021-07-19 09:10:41.587 parsl.dataflow.dflow:802 [DEBUG]  Task 7 will be sent to executor htex_Local
2021-07-19 09:10:41.587 parsl.dataflow.dflow:628 [DEBUG]  Adding output dependencies
2021-07-19 09:10:41.587 parsl.dataflow.dflow:881 [INFO]  Task 7 submitted for App app_B, not waiting on any dependency
2021-07-19 09:10:41.587 parsl.dataflow.dflow:889 [DEBUG]  Task 7 set to pending state with AppFuture: <AppFuture super=<AppFuture at 0x7ffd8c75d880 state=pending>>
2021-07-19 09:10:41.588 parsl.monitoring.monitoring:274 [DEBUG]  Sending message MessageType.TASK_INFO, {'task_func_name': 'app_B', 'task_memoize': False, 'task_hashsum': None, 'task_fail_count': 0, 'task_status': <States.pending: 0>, 'task_id': 7, 'task_time_invoked': datetime.datetime(2021, 7, 19, 9, 10, 41, 587594), 'task_try_time_launched': None, 'task_time_returned': None, 'task_try_time_returned': None, 'task_executor': 'htex_Local', 'run_id': 'd06bed20-dd7c-4a17-8dfa-7f3672cc349a', 'try_id': 0, 'timestamp': datetime.datetime(2021, 7, 19, 9, 10, 41, 588007), 'task_status_name': 'pending', 'tasks_failed_count': 0, 'tasks_completed_count': 6, 'tasks_memo_completed_count': 0, 'from_memo': None, 'task_inputs': 'None', 'task_outputs': 'None', 'task_stdin': None, 'task_stdout': None, 'task_stderr': None, 'task_fail_history': '', 'task_depends': '', 'task_joins': None}
2021-07-19 09:10:41.588 parsl.dataflow.memoization:229 [DEBUG]  Task 7 will not be memoized
2021-07-19 09:10:41.589 parsl.executors.high_throughput.executor:557 [DEBUG]  Pushing function <function MonitoringHub.monitor_wrapper.<locals>.wrapped at 0x7ffd8c75a280> to queue with args ()
2021-07-19 09:10:41.591 parsl.monitoring.monitoring:274 [DEBUG]  Sending message MessageType.TASK_INFO, {'task_func_name': 'app_B', 'task_memoize': False, 'task_hashsum': None, 'task_fail_count': 0, 'task_status': <States.launched: 7>, 'task_id': 7, 'task_time_invoked': datetime.datetime(2021, 7, 19, 9, 10, 41, 587594), 'task_try_time_launched': datetime.datetime(2021, 7, 19, 9, 10, 41, 588494), 'task_time_returned': None, 'task_try_time_returned': None, 'task_executor': 'htex_Local', 'run_id': 'd06bed20-dd7c-4a17-8dfa-7f3672cc349a', 'try_id': 0, 'timestamp': datetime.datetime(2021, 7, 19, 9, 10, 41, 590991), 'task_status_name': 'launched', 'tasks_failed_count': 0, 'tasks_completed_count': 6, 'tasks_memo_completed_count': 0, 'from_memo': False, 'task_inputs': 'None', 'task_outputs': 'None', 'task_stdin': None, 'task_stdout': None, 'task_stderr': None, 'task_fail_history': '', 'task_depends': '', 'task_joins': None}
2021-07-19 09:10:41.591 parsl.dataflow.dflow:591 [INFO]  Task 7 launched on executor htex_Local
2021-07-19 09:10:41.591 parsl.dataflow.dflow:802 [DEBUG]  Task 8 will be sent to executor htex_Local
2021-07-19 09:10:41.591 parsl.dataflow.dflow:628 [DEBUG]  Adding output dependencies
2021-07-19 09:10:41.591 parsl.dataflow.dflow:881 [INFO]  Task 8 submitted for App app_C, waiting on task 6, task 7
2021-07-19 09:10:41.592 parsl.dataflow.dflow:889 [DEBUG]  Task 8 set to pending state with AppFuture: <AppFuture super=<AppFuture at 0x7ffd8c75dbb0 state=pending>>
2021-07-19 09:10:41.592 parsl.monitoring.monitoring:274 [DEBUG]  Sending message MessageType.TASK_INFO, {'task_func_name': 'app_C', 'task_memoize': False, 'task_hashsum': None, 'task_fail_count': 0, 'task_status': <States.pending: 0>, 'task_id': 8, 'task_time_invoked': datetime.datetime(2021, 7, 19, 9, 10, 41, 591831), 'task_try_time_launched': None, 'task_time_returned': None, 'task_try_time_returned': None, 'task_executor': 'htex_Local', 'run_id': 'd06bed20-dd7c-4a17-8dfa-7f3672cc349a', 'try_id': 0, 'timestamp': datetime.datetime(2021, 7, 19, 9, 10, 41, 592172), 'task_status_name': 'pending', 'tasks_failed_count': 0, 'tasks_completed_count': 6, 'tasks_memo_completed_count': 0, 'from_memo': None, 'task_inputs': 'None', 'task_outputs': 'None', 'task_stdin': None, 'task_stdout': None, 'task_stderr': None, 'task_fail_history': '', 'task_depends': '6,7', 'task_joins': None}
2021-07-19 09:10:41.592 parsl.dataflow.dflow:802 [DEBUG]  Task 9 will be sent to executor htex_Local
2021-07-19 09:10:41.592 parsl.dataflow.dflow:628 [DEBUG]  Adding output dependencies
2021-07-19 09:10:41.593 parsl.dataflow.dflow:881 [INFO]  Task 9 submitted for App app_D, waiting on task 8
2021-07-19 09:10:41.593 parsl.dataflow.dflow:889 [DEBUG]  Task 9 set to pending state with AppFuture: <AppFuture super=<AppFuture at 0x7ffd8c75dd90 state=pending>>
2021-07-19 09:10:41.593 parsl.monitoring.monitoring:274 [DEBUG]  Sending message MessageType.TASK_INFO, {'task_func_name': 'app_D', 'task_memoize': False, 'task_hashsum': None, 'task_fail_count': 0, 'task_status': <States.pending: 0>, 'task_id': 9, 'task_time_invoked': datetime.datetime(2021, 7, 19, 9, 10, 41, 592830), 'task_try_time_launched': None, 'task_time_returned': None, 'task_try_time_returned': None, 'task_executor': 'htex_Local', 'run_id': 'd06bed20-dd7c-4a17-8dfa-7f3672cc349a', 'try_id': 0, 'timestamp': datetime.datetime(2021, 7, 19, 9, 10, 41, 593221), 'task_status_name': 'pending', 'tasks_failed_count': 0, 'tasks_completed_count': 6, 'tasks_memo_completed_count': 0, 'from_memo': None, 'task_inputs': 'None', 'task_outputs': 'None', 'task_stdin': None, 'task_stdout': None, 'task_stderr': None, 'task_fail_history': '', 'task_depends': '8', 'task_joins': None}
2021-07-19 09:10:41.593 parsl.dataflow.dflow:802 [DEBUG]  Task 10 will be sent to executor htex_Local
2021-07-19 09:10:41.593 parsl.dataflow.dflow:628 [DEBUG]  Adding output dependencies
2021-07-19 09:10:41.593 parsl.dataflow.dflow:881 [INFO]  Task 10 submitted for App app_E, waiting on task 9
2021-07-19 09:10:41.594 parsl.dataflow.dflow:889 [DEBUG]  Task 10 set to pending state with AppFuture: <AppFuture super=<AppFuture at 0x7ffd8c75df10 state=pending>>
2021-07-19 09:10:41.594 parsl.monitoring.monitoring:274 [DEBUG]  Sending message MessageType.TASK_INFO, {'task_func_name': 'app_E', 'task_memoize': False, 'task_hashsum': None, 'task_fail_count': 0, 'task_status': <States.pending: 0>, 'task_id': 10, 'task_time_invoked': datetime.datetime(2021, 7, 19, 9, 10, 41, 593891), 'task_try_time_launched': None, 'task_time_returned': None, 'task_try_time_returned': None, 'task_executor': 'htex_Local', 'run_id': 'd06bed20-dd7c-4a17-8dfa-7f3672cc349a', 'try_id': 0, 'timestamp': datetime.datetime(2021, 7, 19, 9, 10, 41, 594127), 'task_status_name': 'pending', 'tasks_failed_count': 0, 'tasks_completed_count': 6, 'tasks_memo_completed_count': 0, 'from_memo': None, 'task_inputs': 'None', 'task_outputs': 'None', 'task_stdin': None, 'task_stdout': None, 'task_stderr': None, 'task_fail_history': '', 'task_depends': '9', 'task_joins': None}
2021-07-19 09:10:41.792 parsl.dataflow.dflow:442 [INFO]  Task 6 completed (launched -> exec_done)
2021-07-19 09:10:41.793 parsl.dataflow.dflow:1166 [WARNING]  No tasks checkpointed so far in this run. Please ensure caching is enabled
2021-07-19 09:10:41.793 parsl.monitoring.monitoring:274 [DEBUG]  Sending message MessageType.TASK_INFO, {'task_func_name': 'app_A', 'task_memoize': False, 'task_hashsum': None, 'task_fail_count': 0, 'task_status': <States.exec_done: 3>, 'task_id': 6, 'task_time_invoked': datetime.datetime(2021, 7, 19, 9, 10, 41, 580795), 'task_try_time_launched': datetime.datetime(2021, 7, 19, 9, 10, 41, 582575), 'task_time_returned': datetime.datetime(2021, 7, 19, 9, 10, 41, 792601), 'task_try_time_returned': datetime.datetime(2021, 7, 19, 9, 10, 41, 792324), 'task_executor': 'htex_Local', 'run_id': 'd06bed20-dd7c-4a17-8dfa-7f3672cc349a', 'try_id': 0, 'timestamp': datetime.datetime(2021, 7, 19, 9, 10, 41, 793547), 'task_status_name': 'exec_done', 'tasks_failed_count': 0, 'tasks_completed_count': 7, 'tasks_memo_completed_count': 0, 'from_memo': False, 'task_inputs': 'None', 'task_outputs': 'None', 'task_stdin': None, 'task_stdout': None, 'task_stderr': None, 'task_fail_history': '', 'task_depends': '', 'task_joins': None}
2021-07-19 09:10:41.794 parsl.dataflow.dflow:442 [INFO]  Task 7 completed (launched -> exec_done)
2021-07-19 09:10:41.795 parsl.dataflow.dflow:1166 [WARNING]  No tasks checkpointed so far in this run. Please ensure caching is enabled
2021-07-19 09:10:41.795 parsl.dataflow.memoization:229 [DEBUG]  Task 8 will not be memoized
2021-07-19 09:10:41.796 parsl.executors.high_throughput.executor:557 [DEBUG]  Pushing function <function MonitoringHub.monitor_wrapper.<locals>.wrapped at 0x7ffd8c75a700> to queue with args (7, 3.0)
2021-07-19 09:10:41.798 parsl.monitoring.monitoring:274 [DEBUG]  Sending message MessageType.TASK_INFO, {'task_func_name': 'app_C', 'task_memoize': False, 'task_hashsum': None, 'task_fail_count': 0, 'task_status': <States.launched: 7>, 'task_id': 8, 'task_time_invoked': datetime.datetime(2021, 7, 19, 9, 10, 41, 591831), 'task_try_time_launched': datetime.datetime(2021, 7, 19, 9, 10, 41, 795679), 'task_time_returned': None, 'task_try_time_returned': None, 'task_executor': 'htex_Local', 'run_id': 'd06bed20-dd7c-4a17-8dfa-7f3672cc349a', 'try_id': 0, 'timestamp': datetime.datetime(2021, 7, 19, 9, 10, 41, 798508), 'task_status_name': 'launched', 'tasks_failed_count': 0, 'tasks_completed_count': 8, 'tasks_memo_completed_count': 0, 'from_memo': False, 'task_inputs': 'None', 'task_outputs': 'None', 'task_stdin': None, 'task_stdout': None, 'task_stderr': None, 'task_fail_history': '', 'task_depends': '6,7', 'task_joins': None}
2021-07-19 09:10:41.799 parsl.dataflow.dflow:591 [INFO]  Task 8 launched on executor htex_Local
2021-07-19 09:10:41.799 parsl.monitoring.monitoring:274 [DEBUG]  Sending message MessageType.TASK_INFO, {'task_func_name': 'app_B', 'task_memoize': False, 'task_hashsum': None, 'task_fail_count': 0, 'task_status': <States.exec_done: 3>, 'task_id': 7, 'task_time_invoked': datetime.datetime(2021, 7, 19, 9, 10, 41, 587594), 'task_try_time_launched': datetime.datetime(2021, 7, 19, 9, 10, 41, 588494), 'task_time_returned': datetime.datetime(2021, 7, 19, 9, 10, 41, 794782), 'task_try_time_returned': datetime.datetime(2021, 7, 19, 9, 10, 41, 794494), 'task_executor': 'htex_Local', 'run_id': 'd06bed20-dd7c-4a17-8dfa-7f3672cc349a', 'try_id': 0, 'timestamp': datetime.datetime(2021, 7, 19, 9, 10, 41, 799377), 'task_status_name': 'exec_done', 'tasks_failed_count': 0, 'tasks_completed_count': 8, 'tasks_memo_completed_count': 0, 'from_memo': False, 'task_inputs': 'None', 'task_outputs': 'None', 'task_stdin': None, 'task_stdout': None, 'task_stderr': None, 'task_fail_history': '', 'task_depends': '', 'task_joins': None}
2021-07-19 09:10:41.999 parsl.dataflow.dflow:442 [INFO]  Task 8 completed (launched -> exec_done)
2021-07-19 09:10:42.001 parsl.dataflow.dflow:1166 [WARNING]  No tasks checkpointed so far in this run. Please ensure caching is enabled
2021-07-19 09:10:42.001 parsl.dataflow.memoization:229 [DEBUG]  Task 9 will not be memoized
2021-07-19 09:10:42.002 parsl.executors.high_throughput.executor:557 [DEBUG]  Pushing function <function MonitoringHub.monitor_wrapper.<locals>.wrapped at 0x7ffd8c75a940> to queue with args (10, 7, 10.0)
2021-07-19 09:10:42.005 parsl.monitoring.monitoring:274 [DEBUG]  Sending message MessageType.TASK_INFO, {'task_func_name': 'app_D', 'task_memoize': False, 'task_hashsum': None, 'task_fail_count': 0, 'task_status': <States.launched: 7>, 'task_id': 9, 'task_time_invoked': datetime.datetime(2021, 7, 19, 9, 10, 41, 592830), 'task_try_time_launched': datetime.datetime(2021, 7, 19, 9, 10, 42, 1633), 'task_time_returned': None, 'task_try_time_returned': None, 'task_executor': 'htex_Local', 'run_id': 'd06bed20-dd7c-4a17-8dfa-7f3672cc349a', 'try_id': 0, 'timestamp': datetime.datetime(2021, 7, 19, 9, 10, 42, 4742), 'task_status_name': 'launched', 'tasks_failed_count': 0, 'tasks_completed_count': 9, 'tasks_memo_completed_count': 0, 'from_memo': False, 'task_inputs': 'None', 'task_outputs': 'None', 'task_stdin': None, 'task_stdout': None, 'task_stderr': None, 'task_fail_history': '', 'task_depends': '8', 'task_joins': None}
2021-07-19 09:10:42.005 parsl.dataflow.dflow:591 [INFO]  Task 9 launched on executor htex_Local
2021-07-19 09:10:42.006 parsl.monitoring.monitoring:274 [DEBUG]  Sending message MessageType.TASK_INFO, {'task_func_name': 'app_C', 'task_memoize': False, 'task_hashsum': None, 'task_fail_count': 0, 'task_status': <States.exec_done: 3>, 'task_id': 8, 'task_time_invoked': datetime.datetime(2021, 7, 19, 9, 10, 41, 591831), 'task_try_time_launched': datetime.datetime(2021, 7, 19, 9, 10, 41, 795679), 'task_time_returned': datetime.datetime(2021, 7, 19, 9, 10, 41, 999453), 'task_try_time_returned': datetime.datetime(2021, 7, 19, 9, 10, 41, 999174), 'task_executor': 'htex_Local', 'run_id': 'd06bed20-dd7c-4a17-8dfa-7f3672cc349a', 'try_id': 0, 'timestamp': datetime.datetime(2021, 7, 19, 9, 10, 42, 5911), 'task_status_name': 'exec_done', 'tasks_failed_count': 0, 'tasks_completed_count': 9, 'tasks_memo_completed_count': 0, 'from_memo': False, 'task_inputs': 'None', 'task_outputs': 'None', 'task_stdin': None, 'task_stdout': None, 'task_stderr': None, 'task_fail_history': '', 'task_depends': '6,7', 'task_joins': None}
2021-07-19 09:10:42.213 parsl.dataflow.dflow:442 [INFO]  Task 9 completed (launched -> exec_done)
2021-07-19 09:10:42.214 parsl.dataflow.dflow:1166 [WARNING]  No tasks checkpointed so far in this run. Please ensure caching is enabled
2021-07-19 09:10:42.214 parsl.dataflow.memoization:229 [DEBUG]  Task 10 will not be memoized
2021-07-19 09:10:42.215 parsl.executors.high_throughput.executor:557 [DEBUG]  Pushing function <function MonitoringHub.monitor_wrapper.<locals>.wrapped at 0x7ffd8c75ab80> to queue with args (10,)
2021-07-19 09:10:42.217 parsl.monitoring.monitoring:274 [DEBUG]  Sending message MessageType.TASK_INFO, {'task_func_name': 'app_E', 'task_memoize': False, 'task_hashsum': None, 'task_fail_count': 0, 'task_status': <States.launched: 7>, 'task_id': 10, 'task_time_invoked': datetime.datetime(2021, 7, 19, 9, 10, 41, 593891), 'task_try_time_launched': datetime.datetime(2021, 7, 19, 9, 10, 42, 214722), 'task_time_returned': None, 'task_try_time_returned': None, 'task_executor': 'htex_Local', 'run_id': 'd06bed20-dd7c-4a17-8dfa-7f3672cc349a', 'try_id': 0, 'timestamp': datetime.datetime(2021, 7, 19, 9, 10, 42, 217458), 'task_status_name': 'launched', 'tasks_failed_count': 0, 'tasks_completed_count': 10, 'tasks_memo_completed_count': 0, 'from_memo': False, 'task_inputs': 'None', 'task_outputs': 'None', 'task_stdin': None, 'task_stdout': None, 'task_stderr': None, 'task_fail_history': '', 'task_depends': '9', 'task_joins': None}
2021-07-19 09:10:42.218 parsl.dataflow.dflow:591 [INFO]  Task 10 launched on executor htex_Local
2021-07-19 09:10:42.218 parsl.monitoring.monitoring:274 [DEBUG]  Sending message MessageType.TASK_INFO, {'task_func_name': 'app_D', 'task_memoize': False, 'task_hashsum': None, 'task_fail_count': 0, 'task_status': <States.exec_done: 3>, 'task_id': 9, 'task_time_invoked': datetime.datetime(2021, 7, 19, 9, 10, 41, 592830), 'task_try_time_launched': datetime.datetime(2021, 7, 19, 9, 10, 42, 1633), 'task_time_returned': datetime.datetime(2021, 7, 19, 9, 10, 42, 213762), 'task_try_time_returned': datetime.datetime(2021, 7, 19, 9, 10, 42, 213485), 'task_executor': 'htex_Local', 'run_id': 'd06bed20-dd7c-4a17-8dfa-7f3672cc349a', 'try_id': 0, 'timestamp': datetime.datetime(2021, 7, 19, 9, 10, 42, 218453), 'task_status_name': 'exec_done', 'tasks_failed_count': 0, 'tasks_completed_count': 10, 'tasks_memo_completed_count': 0, 'from_memo': False, 'task_inputs': 'None', 'task_outputs': 'None', 'task_stdin': None, 'task_stdout': None, 'task_stderr': None, 'task_fail_history': '', 'task_depends': '8', 'task_joins': None}
2021-07-19 09:10:42.420 parsl.dataflow.dflow:442 [INFO]  Task 10 completed (launched -> exec_done)
2021-07-19 09:10:42.421 parsl.dataflow.dflow:1037 [INFO]  DFK cleanup initiated
2021-07-19 09:10:42.421 parsl.dataflow.dflow:927 [INFO]  Summary of tasks in DFK:
2021-07-19 09:10:42.422 parsl.dataflow.dflow:941 [INFO]  Tasks in state States.exec_done: 11
2021-07-19 09:10:42.422 parsl.dataflow.dflow:947 [INFO]  End of summary
2021-07-19 09:10:42.422 parsl.dataflow.dflow:1166 [WARNING]  No tasks checkpointed so far in this run. Please ensure caching is enabled
2021-07-19 09:10:42.423 parsl.monitoring.monitoring:274 [DEBUG]  Sending message MessageType.TASK_INFO, {'task_func_name': 'app_E', 'task_memoize': False, 'task_hashsum': None, 'task_fail_count': 0, 'task_status': <States.exec_done: 3>, 'task_id': 10, 'task_time_invoked': datetime.datetime(2021, 7, 19, 9, 10, 41, 593891), 'task_try_time_launched': datetime.datetime(2021, 7, 19, 9, 10, 42, 214722), 'task_time_returned': datetime.datetime(2021, 7, 19, 9, 10, 42, 421141), 'task_try_time_returned': datetime.datetime(2021, 7, 19, 9, 10, 42, 420889), 'task_executor': 'htex_Local', 'run_id': 'd06bed20-dd7c-4a17-8dfa-7f3672cc349a', 'try_id': 0, 'timestamp': datetime.datetime(2021, 7, 19, 9, 10, 42, 422973), 'task_status_name': 'exec_done', 'tasks_failed_count': 0, 'tasks_completed_count': 11, 'tasks_memo_completed_count': 0, 'from_memo': False, 'task_inputs': 'None', 'task_outputs': 'None', 'task_stdin': None, 'task_stdout': None, 'task_stderr': None, 'task_fail_history': '', 'task_depends': '9', 'task_joins': None}
2021-07-19 09:10:42.424 parsl.dataflow.dflow:1166 [WARNING]  No tasks checkpointed so far in this run. Please ensure caching is enabled
2021-07-19 09:10:42.424 parsl.dataflow.dflow:1061 [INFO]  Terminating flow_control and strategy threads
2021-07-19 09:10:42.426 parsl.executors.high_throughput.executor:688 [DEBUG]  Current blocks : {'0': '97311'}
2021-07-19 09:10:42.428 parsl.executors.high_throughput.executor:521 [DEBUG]  [HOLD_BLOCK]: Sending hold to manager: 09f17ca948e0
2021-07-19 09:10:42.431 parsl.executors.high_throughput.executor:490 [DEBUG]  Sent hold request to worker: 09f17ca948e0
2021-07-19 09:10:42.431 parsl.providers.local.local:266 [DEBUG]  Terminating job/proc_id: 97311
2021-07-19 09:10:42.454 parsl.dataflow.dflow:1074 [DEBUG]  Sending message [{'run_id': 'd06bed20-dd7c-4a17-8dfa-7f3672cc349a', 'status': 'CANCELLED', 'timestamp': datetime.datetime(2021, 7, 19, 9, 10, 42, 454181), 'executor_label': 'htex_Local', 'job_id': '97311', 'block_id': '0'}] to hub from DFK
2021-07-19 09:10:42.455 parsl.monitoring.monitoring:274 [DEBUG]  Sending message MessageType.BLOCK_INFO, [{'run_id': 'd06bed20-dd7c-4a17-8dfa-7f3672cc349a', 'status': 'CANCELLED', 'timestamp': datetime.datetime(2021, 7, 19, 9, 10, 42, 454181), 'executor_label': 'htex_Local', 'job_id': '97311', 'block_id': '0'}]
2021-07-19 09:10:42.456 parsl.executors.high_throughput.executor:727 [INFO]  Attempting HighThroughputExecutor shutdown
2021-07-19 09:10:42.456 parsl.executors.high_throughput.executor:729 [INFO]  Finished HighThroughputExecutor shutdown attempt
2021-07-19 09:10:42.456 parsl.executors.threads:101 [DEBUG]  Done with executor shutdown
2021-07-19 09:10:42.457 parsl.monitoring.monitoring:274 [DEBUG]  Sending message MessageType.WORKFLOW_INFO, {'tasks_failed_count': 0, 'tasks_completed_count': 11, 'time_began': datetime.datetime(2021, 7, 19, 9, 10, 38, 495572), 'time_completed': datetime.datetime(2021, 7, 19, 9, 10, 42, 457042), 'run_id': 'd06bed20-dd7c-4a17-8dfa-7f3672cc349a', 'rundir': '/Users/ananthhariharan/Documents/Code/GitHub/Parsl-Project/runinfo/013'}
2021-07-19 09:10:42.458 parsl.monitoring.monitoring:283 [INFO]  Terminating Monitoring Hub
2021-07-19 09:10:42.458 parsl.monitoring.monitoring:300 [INFO]  Waiting for Hub to receive all messages and terminate
2021-07-19 09:10:45.496 parsl.process_loggers:28 [DEBUG]  Normal ending for router_starter on thread MainThread
2021-07-19 09:10:45.500 parsl.monitoring.monitoring:302 [DEBUG]  Finished waiting for Hub termination
2021-07-19 09:10:45.609 parsl.monitoring.monitoring:306 [DEBUG]  Finished waiting for DBM termination
2021-07-19 09:10:45.609 parsl.dataflow.dflow:1090 [INFO]  DFK cleanup complete
