2021-07-27 15:59:52.336 parsl.dataflow.dflow:84 [DEBUG]  Starting DataFlowKernel with config
Config(
    app_cache=True, 
    checkpoint_files=None, 
    checkpoint_mode='task_exit', 
    checkpoint_period=None, 
    executors=[HighThroughputExecutor(
        address=None, 
        address_probe_timeout=None, 
        cores_per_worker=0.25, 
        cpu_affinity='none', 
        heartbeat_period=2, 
        heartbeat_threshold=5, 
        interchange_port_range=(55000, 56000), 
        label='htex_Local', 
        launch_cmd='process_worker_pool.py {debug} {max_workers} -a {addresses} -p {prefetch_capacity} -c {cores_per_worker} -m {mem_per_worker} --poll {poll_period} --task_port={task_port} --result_port={result_port} --logdir={logdir} --block_id={{block_id}} --hb_period={heartbeat_period} {address_probe_timeout_string} --hb_threshold={heartbeat_threshold} --cpu-affinity {cpu_affinity} ', 
        managed=True, 
        max_workers=inf, 
        mem_per_worker=None, 
        poll_period=100, 
        prefetch_capacity=0, 
        provider=LocalProvider(
            channel=LocalChannel(
                envs={}, 
                script_dir=None, 
                userhome='/Users/ananthhariharan/Documents/Code/GitHub/Parsl-Project'
            ), 
            cmd_timeout=30, 
            init_blocks=0, 
            launcher=SingleNodeLauncher(debug=True, fail_on_any=False), 
            max_blocks=5, 
            min_blocks=0, 
            move_files=None, 
            nodes_per_block=1, 
            parallelism=1, 
            worker_init=''
        ), 
        storage_access=[FTPInTaskStaging(), HTTPInTaskStaging(), NoOpFileStaging()], 
        worker_debug=True, 
        worker_logdir_root=None, 
        worker_port_range=(54000, 55000), 
        worker_ports=None, 
        working_dir='/Users/ananthhariharan/Documents/Code/GitHub/Parsl-Project/test_htex_alternate'
    )], 
    garbage_collect=True, 
    initialize_logging=True, 
    internal_tasks_max_threads=10, 
    max_idletime=120.0, 
    monitoring=MonitoringHub(
        'localhost',
        client_address='127.0.0.1', 
        client_port_range=(55000, 56000), 
        hub_port=55055, 
        hub_port_range=(55050, 56000), 
        logdir=None, 
        logging_endpoint='sqlite:///monitoring.db', 
        monitoring_debug=False, 
        resource_monitoring_enabled=True, 
        resource_monitoring_interval=1, 
        workflow_name=None, 
        workflow_version=None
    ), 
    retries=2, 
    run_dir='runinfo', 
    strategy='simple', 
    usage_tracking=False
)
2021-07-27 15:59:52.336 parsl.dataflow.dflow:86 [INFO]  Parsl version: 1.1.0
2021-07-27 15:59:52.337 parsl.dataflow.usage_tracking.usage:125 [DEBUG]  Tracking status: False
2021-07-27 15:59:52.337 parsl.monitoring.monitoring:209 [INFO]  Monitoring Hub initialized
2021-07-27 15:59:52.337 parsl.monitoring.monitoring:211 [DEBUG]  Initializing ZMQ Pipes to client
2021-07-27 15:59:52.365 parsl.monitoring.monitoring:255 [INFO]  Started the Hub process 27414 and DBM process 27415
2021-07-27 15:59:52.381 parsl.dataflow.dflow:114 [INFO]  Run id is: 94cd5899-20fb-42a5-a7d2-d73869780ad0
2021-07-27 15:59:52.510 parsl.monitoring.monitoring:274 [DEBUG]  Sending message MessageType.WORKFLOW_INFO, {'python_version': '3.8.8', 'parsl_version': '1.1.0', 'time_began': datetime.datetime(2021, 7, 27, 15, 59, 52, 381453), 'time_completed': None, 'run_id': '94cd5899-20fb-42a5-a7d2-d73869780ad0', 'workflow_name': 'cpw_eval.py', 'workflow_version': '2021-07-27 15:59:52', 'rundir': '/Users/ananthhariharan/Documents/Code/GitHub/Parsl-Project/runinfo/027', 'tasks_completed_count': 0, 'tasks_failed_count': 0, 'user': 'ananthhariharan', 'host': 'Ananths-Macbook.local'}
2021-07-27 15:59:52.511 parsl.dataflow.memoization:164 [INFO]  App caching initialized
2021-07-27 15:59:52.511 parsl.dataflow.strategy:127 [DEBUG]  Scaling strategy: simple
2021-07-27 15:59:52.514 parsl.executors.high_throughput.executor:468 [DEBUG]  Starting queue management thread
2021-07-27 15:59:52.514 parsl.executors.high_throughput.executor:358 [DEBUG]  [MTHREAD] queue management worker starting
2021-07-27 15:59:52.514 parsl.executors.high_throughput.executor:472 [DEBUG]  Started queue management thread
2021-07-27 15:59:52.530 parsl.executors.high_throughput.executor:319 [DEBUG]  Created management thread: <Thread(HTEX-Queue-Management-Thread, started daemon 123145524801536)>
2021-07-27 15:59:52.532 parsl.executors.high_throughput.executor:291 [DEBUG]  Launch command: process_worker_pool.py --debug  -a 192.168.4.29,Ananths-Macbook.local,69.174.173.76 -p 0 -c 0.25 -m None --poll 100 --task_port=54372 --result_port=54688 --logdir=/Users/ananthhariharan/Documents/Code/GitHub/Parsl-Project/runinfo/027/htex_Local --block_id={block_id} --hb_period=2  --hb_threshold=5 --cpu-affinity none 
2021-07-27 15:59:52.532 parsl.executors.high_throughput.executor:294 [DEBUG]  Starting HighThroughputExecutor with provider:
LocalProvider(
    channel=LocalChannel(
        envs={}, 
        script_dir='/Users/ananthhariharan/Documents/Code/GitHub/Parsl-Project/runinfo/027/submit_scripts', 
        userhome='/Users/ananthhariharan/Documents/Code/GitHub/Parsl-Project'
    ), 
    cmd_timeout=30, 
    init_blocks=0, 
    launcher=SingleNodeLauncher(debug=True, fail_on_any=False), 
    max_blocks=5, 
    min_blocks=0, 
    move_files=None, 
    nodes_per_block=1, 
    parallelism=1, 
    worker_init=''
)
2021-07-27 15:59:52.536 parsl.dataflow.task_status_poller:114 [DEBUG]  Adding executor htex_Local
2021-07-27 15:59:52.537 parsl.dataflow.task_status_poller:37 [INFO]  Monitoring enabled on task status poller
2021-07-27 15:59:52.543 parsl.dataflow.dflow:802 [DEBUG]  Task 0 will be sent to executor htex_Local
2021-07-27 15:59:52.543 parsl.dataflow.dflow:628 [DEBUG]  Adding output dependencies
2021-07-27 15:59:52.543 parsl.dataflow.dflow:881 [INFO]  Task 0 submitted for App app_A, not waiting on any dependency
2021-07-27 15:59:52.544 parsl.dataflow.dflow:889 [DEBUG]  Task 0 set to pending state with AppFuture: <AppFuture super=<AppFuture at 0x7ffc1e633070 state=pending>>
2021-07-27 15:59:52.544 parsl.monitoring.monitoring:274 [DEBUG]  Sending message MessageType.TASK_INFO, {'task_func_name': 'app_A', 'task_memoize': False, 'task_hashsum': None, 'task_fail_count': 0, 'task_status': <States.pending: 0>, 'task_id': 0, 'task_time_invoked': datetime.datetime(2021, 7, 27, 15, 59, 52, 543693), 'task_try_time_launched': None, 'task_time_returned': None, 'task_try_time_returned': None, 'task_executor': 'htex_Local', 'run_id': '94cd5899-20fb-42a5-a7d2-d73869780ad0', 'try_id': 0, 'timestamp': datetime.datetime(2021, 7, 27, 15, 59, 52, 544129), 'task_status_name': 'pending', 'tasks_failed_count': 0, 'tasks_completed_count': 0, 'tasks_memo_completed_count': 0, 'from_memo': None, 'task_inputs': 'None', 'task_outputs': 'None', 'task_stdin': None, 'task_stdout': None, 'task_stderr': None, 'task_fail_history': '', 'task_depends': '', 'task_joins': None}
2021-07-27 15:59:52.544 parsl.dataflow.memoization:229 [DEBUG]  Task 0 will not be memoized
2021-07-27 15:59:52.545 parsl.executors.high_throughput.executor:557 [DEBUG]  Pushing function <function MonitoringHub.monitor_wrapper.<locals>.wrapped at 0x7ffc1e630e50> to queue with args ()
2021-07-27 15:59:52.547 parsl.monitoring.monitoring:274 [DEBUG]  Sending message MessageType.TASK_INFO, {'task_func_name': 'app_A', 'task_memoize': False, 'task_hashsum': None, 'task_fail_count': 0, 'task_status': <States.launched: 7>, 'task_id': 0, 'task_time_invoked': datetime.datetime(2021, 7, 27, 15, 59, 52, 543693), 'task_try_time_launched': datetime.datetime(2021, 7, 27, 15, 59, 52, 544801), 'task_time_returned': None, 'task_try_time_returned': None, 'task_executor': 'htex_Local', 'run_id': '94cd5899-20fb-42a5-a7d2-d73869780ad0', 'try_id': 0, 'timestamp': datetime.datetime(2021, 7, 27, 15, 59, 52, 547587), 'task_status_name': 'launched', 'tasks_failed_count': 0, 'tasks_completed_count': 0, 'tasks_memo_completed_count': 0, 'from_memo': False, 'task_inputs': 'None', 'task_outputs': 'None', 'task_stdin': None, 'task_stdout': None, 'task_stderr': None, 'task_fail_history': '', 'task_depends': '', 'task_joins': None}
2021-07-27 15:59:52.548 parsl.dataflow.dflow:591 [INFO]  Task 0 launched on executor htex_Local
2021-07-27 15:59:52.548 parsl.dataflow.dflow:802 [DEBUG]  Task 1 will be sent to executor htex_Local
2021-07-27 15:59:52.548 parsl.dataflow.dflow:628 [DEBUG]  Adding output dependencies
2021-07-27 15:59:52.548 parsl.dataflow.dflow:881 [INFO]  Task 1 submitted for App app_B, not waiting on any dependency
2021-07-27 15:59:52.548 parsl.dataflow.dflow:889 [DEBUG]  Task 1 set to pending state with AppFuture: <AppFuture super=<AppFuture at 0x7ffc1e646250 state=pending>>
2021-07-27 15:59:52.548 parsl.monitoring.monitoring:274 [DEBUG]  Sending message MessageType.TASK_INFO, {'task_func_name': 'app_B', 'task_memoize': False, 'task_hashsum': None, 'task_fail_count': 0, 'task_status': <States.pending: 0>, 'task_id': 1, 'task_time_invoked': datetime.datetime(2021, 7, 27, 15, 59, 52, 548397), 'task_try_time_launched': None, 'task_time_returned': None, 'task_try_time_returned': None, 'task_executor': 'htex_Local', 'run_id': '94cd5899-20fb-42a5-a7d2-d73869780ad0', 'try_id': 0, 'timestamp': datetime.datetime(2021, 7, 27, 15, 59, 52, 548647), 'task_status_name': 'pending', 'tasks_failed_count': 0, 'tasks_completed_count': 0, 'tasks_memo_completed_count': 0, 'from_memo': None, 'task_inputs': 'None', 'task_outputs': 'None', 'task_stdin': None, 'task_stdout': None, 'task_stderr': None, 'task_fail_history': '', 'task_depends': '', 'task_joins': None}
2021-07-27 15:59:52.548 parsl.dataflow.memoization:229 [DEBUG]  Task 1 will not be memoized
2021-07-27 15:59:52.549 parsl.executors.high_throughput.executor:557 [DEBUG]  Pushing function <function MonitoringHub.monitor_wrapper.<locals>.wrapped at 0x7ffc1e6391f0> to queue with args ()
2021-07-27 15:59:52.550 parsl.monitoring.monitoring:274 [DEBUG]  Sending message MessageType.TASK_INFO, {'task_func_name': 'app_B', 'task_memoize': False, 'task_hashsum': None, 'task_fail_count': 0, 'task_status': <States.launched: 7>, 'task_id': 1, 'task_time_invoked': datetime.datetime(2021, 7, 27, 15, 59, 52, 548397), 'task_try_time_launched': datetime.datetime(2021, 7, 27, 15, 59, 52, 548948), 'task_time_returned': None, 'task_try_time_returned': None, 'task_executor': 'htex_Local', 'run_id': '94cd5899-20fb-42a5-a7d2-d73869780ad0', 'try_id': 0, 'timestamp': datetime.datetime(2021, 7, 27, 15, 59, 52, 550696), 'task_status_name': 'launched', 'tasks_failed_count': 0, 'tasks_completed_count': 0, 'tasks_memo_completed_count': 0, 'from_memo': False, 'task_inputs': 'None', 'task_outputs': 'None', 'task_stdin': None, 'task_stdout': None, 'task_stderr': None, 'task_fail_history': '', 'task_depends': '', 'task_joins': None}
2021-07-27 15:59:52.551 parsl.dataflow.dflow:591 [INFO]  Task 1 launched on executor htex_Local
2021-07-27 15:59:52.551 parsl.dataflow.dflow:802 [DEBUG]  Task 2 will be sent to executor htex_Local
2021-07-27 15:59:52.551 parsl.dataflow.dflow:628 [DEBUG]  Adding output dependencies
2021-07-27 15:59:52.551 parsl.dataflow.dflow:881 [INFO]  Task 2 submitted for App app_C, waiting on task 0, task 1
2021-07-27 15:59:52.551 parsl.dataflow.dflow:889 [DEBUG]  Task 2 set to pending state with AppFuture: <AppFuture super=<AppFuture at 0x7ffc1e646940 state=pending>>
2021-07-27 15:59:52.551 parsl.monitoring.monitoring:274 [DEBUG]  Sending message MessageType.TASK_INFO, {'task_func_name': 'app_C', 'task_memoize': False, 'task_hashsum': None, 'task_fail_count': 0, 'task_status': <States.pending: 0>, 'task_id': 2, 'task_time_invoked': datetime.datetime(2021, 7, 27, 15, 59, 52, 551333), 'task_try_time_launched': None, 'task_time_returned': None, 'task_try_time_returned': None, 'task_executor': 'htex_Local', 'run_id': '94cd5899-20fb-42a5-a7d2-d73869780ad0', 'try_id': 0, 'timestamp': datetime.datetime(2021, 7, 27, 15, 59, 52, 551620), 'task_status_name': 'pending', 'tasks_failed_count': 0, 'tasks_completed_count': 0, 'tasks_memo_completed_count': 0, 'from_memo': None, 'task_inputs': 'None', 'task_outputs': 'None', 'task_stdin': None, 'task_stdout': None, 'task_stderr': None, 'task_fail_history': '', 'task_depends': '0,1', 'task_joins': None}
2021-07-27 15:59:52.551 parsl.dataflow.dflow:802 [DEBUG]  Task 3 will be sent to executor htex_Local
2021-07-27 15:59:52.552 parsl.dataflow.dflow:628 [DEBUG]  Adding output dependencies
2021-07-27 15:59:52.552 parsl.dataflow.dflow:881 [INFO]  Task 3 submitted for App app_D, waiting on task 2
2021-07-27 15:59:52.552 parsl.dataflow.dflow:889 [DEBUG]  Task 3 set to pending state with AppFuture: <AppFuture super=<AppFuture at 0x7ffc1e646b20 state=pending>>
2021-07-27 15:59:52.552 parsl.monitoring.monitoring:274 [DEBUG]  Sending message MessageType.TASK_INFO, {'task_func_name': 'app_D', 'task_memoize': False, 'task_hashsum': None, 'task_fail_count': 0, 'task_status': <States.pending: 0>, 'task_id': 3, 'task_time_invoked': datetime.datetime(2021, 7, 27, 15, 59, 52, 552054), 'task_try_time_launched': None, 'task_time_returned': None, 'task_try_time_returned': None, 'task_executor': 'htex_Local', 'run_id': '94cd5899-20fb-42a5-a7d2-d73869780ad0', 'try_id': 0, 'timestamp': datetime.datetime(2021, 7, 27, 15, 59, 52, 552259), 'task_status_name': 'pending', 'tasks_failed_count': 0, 'tasks_completed_count': 0, 'tasks_memo_completed_count': 0, 'from_memo': None, 'task_inputs': 'None', 'task_outputs': 'None', 'task_stdin': None, 'task_stdout': None, 'task_stderr': None, 'task_fail_history': '', 'task_depends': '2', 'task_joins': None}
2021-07-27 15:59:52.552 parsl.dataflow.dflow:802 [DEBUG]  Task 4 will be sent to executor htex_Local
2021-07-27 15:59:52.552 parsl.dataflow.dflow:628 [DEBUG]  Adding output dependencies
2021-07-27 15:59:52.552 parsl.dataflow.dflow:881 [INFO]  Task 4 submitted for App app_E, waiting on task 3
2021-07-27 15:59:52.552 parsl.dataflow.dflow:889 [DEBUG]  Task 4 set to pending state with AppFuture: <AppFuture super=<AppFuture at 0x7ffc1e646ca0 state=pending>>
2021-07-27 15:59:52.552 parsl.monitoring.monitoring:274 [DEBUG]  Sending message MessageType.TASK_INFO, {'task_func_name': 'app_E', 'task_memoize': False, 'task_hashsum': None, 'task_fail_count': 0, 'task_status': <States.pending: 0>, 'task_id': 4, 'task_time_invoked': datetime.datetime(2021, 7, 27, 15, 59, 52, 552651), 'task_try_time_launched': None, 'task_time_returned': None, 'task_try_time_returned': None, 'task_executor': 'htex_Local', 'run_id': '94cd5899-20fb-42a5-a7d2-d73869780ad0', 'try_id': 0, 'timestamp': datetime.datetime(2021, 7, 27, 15, 59, 52, 552859), 'task_status_name': 'pending', 'tasks_failed_count': 0, 'tasks_completed_count': 0, 'tasks_memo_completed_count': 0, 'from_memo': None, 'task_inputs': 'None', 'task_outputs': 'None', 'task_stdin': None, 'task_stdout': None, 'task_stderr': None, 'task_fail_history': '', 'task_depends': '3', 'task_joins': None}
2021-07-27 15:59:53.515 parsl.dataflow.task_status_poller:52 [DEBUG]  Sending message [] to hub from task status poller
2021-07-27 15:59:53.523 parsl.dataflow.strategy:205 [DEBUG]  Executor htex_Local has 2 active tasks, 0/0 running/pending blocks, and 0 connected workers
2021-07-27 15:59:53.523 parsl.dataflow.strategy:265 [DEBUG]  Requesting 2 more blocks
2021-07-27 15:59:53.524 parsl.providers.local.local:217 [DEBUG]  Launching in remote mode
2021-07-27 15:59:53.552 parsl.executors.high_throughput.executor:620 [DEBUG]  Launched block 0->27418
2021-07-27 15:59:53.553 parsl.providers.local.local:217 [DEBUG]  Launching in remote mode
2021-07-27 15:59:53.578 parsl.executors.high_throughput.executor:620 [DEBUG]  Launched block 1->27425
2021-07-27 15:59:53.579 parsl.dataflow.task_status_poller:52 [DEBUG]  Sending message [{'run_id': '94cd5899-20fb-42a5-a7d2-d73869780ad0', 'status': 'PENDING', 'timestamp': datetime.datetime(2021, 7, 27, 15, 59, 53, 579381), 'executor_label': 'htex_Local', 'job_id': '27418', 'block_id': '0'}, {'run_id': '94cd5899-20fb-42a5-a7d2-d73869780ad0', 'status': 'PENDING', 'timestamp': datetime.datetime(2021, 7, 27, 15, 59, 53, 579401), 'executor_label': 'htex_Local', 'job_id': '27425', 'block_id': '1'}] to hub from task status poller
2021-07-27 15:59:54.854 parsl.dataflow.dflow:442 [INFO]  Task 0 completed (launched -> exec_done)
2021-07-27 15:59:54.855 parsl.dataflow.dflow:1166 [WARNING]  No tasks checkpointed so far in this run. Please ensure caching is enabled
2021-07-27 15:59:54.856 parsl.monitoring.monitoring:274 [DEBUG]  Sending message MessageType.TASK_INFO, {'task_func_name': 'app_A', 'task_memoize': False, 'task_hashsum': None, 'task_fail_count': 0, 'task_status': <States.exec_done: 3>, 'task_id': 0, 'task_time_invoked': datetime.datetime(2021, 7, 27, 15, 59, 52, 543693), 'task_try_time_launched': datetime.datetime(2021, 7, 27, 15, 59, 52, 544801), 'task_time_returned': datetime.datetime(2021, 7, 27, 15, 59, 54, 854507), 'task_try_time_returned': datetime.datetime(2021, 7, 27, 15, 59, 54, 854075), 'task_executor': 'htex_Local', 'run_id': '94cd5899-20fb-42a5-a7d2-d73869780ad0', 'try_id': 0, 'timestamp': datetime.datetime(2021, 7, 27, 15, 59, 54, 855871), 'task_status_name': 'exec_done', 'tasks_failed_count': 0, 'tasks_completed_count': 1, 'tasks_memo_completed_count': 0, 'from_memo': False, 'task_inputs': 'None', 'task_outputs': 'None', 'task_stdin': None, 'task_stdout': None, 'task_stderr': None, 'task_fail_history': '', 'task_depends': '', 'task_joins': None}
2021-07-27 15:59:54.856 parsl.dataflow.dflow:442 [INFO]  Task 1 completed (launched -> exec_done)
2021-07-27 15:59:54.857 parsl.dataflow.dflow:1166 [WARNING]  No tasks checkpointed so far in this run. Please ensure caching is enabled
2021-07-27 15:59:54.857 parsl.dataflow.memoization:229 [DEBUG]  Task 2 will not be memoized
2021-07-27 15:59:54.858 parsl.executors.high_throughput.executor:557 [DEBUG]  Pushing function <function MonitoringHub.monitor_wrapper.<locals>.wrapped at 0x7ffc1e639670> to queue with args (7, 3.0)
2021-07-27 15:59:54.861 parsl.monitoring.monitoring:274 [DEBUG]  Sending message MessageType.TASK_INFO, {'task_func_name': 'app_C', 'task_memoize': False, 'task_hashsum': None, 'task_fail_count': 0, 'task_status': <States.launched: 7>, 'task_id': 2, 'task_time_invoked': datetime.datetime(2021, 7, 27, 15, 59, 52, 551333), 'task_try_time_launched': datetime.datetime(2021, 7, 27, 15, 59, 54, 857820), 'task_time_returned': None, 'task_try_time_returned': None, 'task_executor': 'htex_Local', 'run_id': '94cd5899-20fb-42a5-a7d2-d73869780ad0', 'try_id': 0, 'timestamp': datetime.datetime(2021, 7, 27, 15, 59, 54, 861100), 'task_status_name': 'launched', 'tasks_failed_count': 0, 'tasks_completed_count': 2, 'tasks_memo_completed_count': 0, 'from_memo': False, 'task_inputs': 'None', 'task_outputs': 'None', 'task_stdin': None, 'task_stdout': None, 'task_stderr': None, 'task_fail_history': '', 'task_depends': '0,1', 'task_joins': None}
2021-07-27 15:59:54.861 parsl.dataflow.dflow:591 [INFO]  Task 2 launched on executor htex_Local
2021-07-27 15:59:54.862 parsl.monitoring.monitoring:274 [DEBUG]  Sending message MessageType.TASK_INFO, {'task_func_name': 'app_B', 'task_memoize': False, 'task_hashsum': None, 'task_fail_count': 0, 'task_status': <States.exec_done: 3>, 'task_id': 1, 'task_time_invoked': datetime.datetime(2021, 7, 27, 15, 59, 52, 548397), 'task_try_time_launched': datetime.datetime(2021, 7, 27, 15, 59, 52, 548948), 'task_time_returned': datetime.datetime(2021, 7, 27, 15, 59, 54, 857078), 'task_try_time_returned': datetime.datetime(2021, 7, 27, 15, 59, 54, 856908), 'task_executor': 'htex_Local', 'run_id': '94cd5899-20fb-42a5-a7d2-d73869780ad0', 'try_id': 0, 'timestamp': datetime.datetime(2021, 7, 27, 15, 59, 54, 861929), 'task_status_name': 'exec_done', 'tasks_failed_count': 0, 'tasks_completed_count': 2, 'tasks_memo_completed_count': 0, 'from_memo': False, 'task_inputs': 'None', 'task_outputs': 'None', 'task_stdin': None, 'task_stdout': None, 'task_stderr': None, 'task_fail_history': '', 'task_depends': '', 'task_joins': None}
2021-07-27 15:59:55.028 parsl.dataflow.dflow:442 [INFO]  Task 2 completed (launched -> exec_done)
2021-07-27 15:59:55.029 parsl.dataflow.dflow:1166 [WARNING]  No tasks checkpointed so far in this run. Please ensure caching is enabled
2021-07-27 15:59:55.029 parsl.dataflow.memoization:229 [DEBUG]  Task 3 will not be memoized
2021-07-27 15:59:55.030 parsl.executors.high_throughput.executor:557 [DEBUG]  Pushing function <function MonitoringHub.monitor_wrapper.<locals>.wrapped at 0x7ffc1e6398b0> to queue with args (10, 7, 10.0)
2021-07-27 15:59:55.033 parsl.monitoring.monitoring:274 [DEBUG]  Sending message MessageType.TASK_INFO, {'task_func_name': 'app_D', 'task_memoize': False, 'task_hashsum': None, 'task_fail_count': 0, 'task_status': <States.launched: 7>, 'task_id': 3, 'task_time_invoked': datetime.datetime(2021, 7, 27, 15, 59, 52, 552054), 'task_try_time_launched': datetime.datetime(2021, 7, 27, 15, 59, 55, 29684), 'task_time_returned': None, 'task_try_time_returned': None, 'task_executor': 'htex_Local', 'run_id': '94cd5899-20fb-42a5-a7d2-d73869780ad0', 'try_id': 0, 'timestamp': datetime.datetime(2021, 7, 27, 15, 59, 55, 32609), 'task_status_name': 'launched', 'tasks_failed_count': 0, 'tasks_completed_count': 3, 'tasks_memo_completed_count': 0, 'from_memo': False, 'task_inputs': 'None', 'task_outputs': 'None', 'task_stdin': None, 'task_stdout': None, 'task_stderr': None, 'task_fail_history': '', 'task_depends': '2', 'task_joins': None}
2021-07-27 15:59:55.033 parsl.dataflow.dflow:591 [INFO]  Task 3 launched on executor htex_Local
2021-07-27 15:59:55.034 parsl.monitoring.monitoring:274 [DEBUG]  Sending message MessageType.TASK_INFO, {'task_func_name': 'app_C', 'task_memoize': False, 'task_hashsum': None, 'task_fail_count': 0, 'task_status': <States.exec_done: 3>, 'task_id': 2, 'task_time_invoked': datetime.datetime(2021, 7, 27, 15, 59, 52, 551333), 'task_try_time_launched': datetime.datetime(2021, 7, 27, 15, 59, 54, 857820), 'task_time_returned': datetime.datetime(2021, 7, 27, 15, 59, 55, 28663), 'task_try_time_returned': datetime.datetime(2021, 7, 27, 15, 59, 55, 28389), 'task_executor': 'htex_Local', 'run_id': '94cd5899-20fb-42a5-a7d2-d73869780ad0', 'try_id': 0, 'timestamp': datetime.datetime(2021, 7, 27, 15, 59, 55, 34037), 'task_status_name': 'exec_done', 'tasks_failed_count': 0, 'tasks_completed_count': 3, 'tasks_memo_completed_count': 0, 'from_memo': False, 'task_inputs': 'None', 'task_outputs': 'None', 'task_stdin': None, 'task_stdout': None, 'task_stderr': None, 'task_fail_history': '', 'task_depends': '0,1', 'task_joins': None}
2021-07-27 15:59:55.241 parsl.dataflow.dflow:442 [INFO]  Task 3 completed (launched -> exec_done)
2021-07-27 15:59:55.242 parsl.dataflow.dflow:1166 [WARNING]  No tasks checkpointed so far in this run. Please ensure caching is enabled
2021-07-27 15:59:55.242 parsl.dataflow.memoization:229 [DEBUG]  Task 4 will not be memoized
2021-07-27 15:59:55.243 parsl.executors.high_throughput.executor:557 [DEBUG]  Pushing function <function MonitoringHub.monitor_wrapper.<locals>.wrapped at 0x7ffc1e639af0> to queue with args (7.0,)
2021-07-27 15:59:55.246 parsl.monitoring.monitoring:274 [DEBUG]  Sending message MessageType.TASK_INFO, {'task_func_name': 'app_E', 'task_memoize': False, 'task_hashsum': None, 'task_fail_count': 0, 'task_status': <States.launched: 7>, 'task_id': 4, 'task_time_invoked': datetime.datetime(2021, 7, 27, 15, 59, 52, 552651), 'task_try_time_launched': datetime.datetime(2021, 7, 27, 15, 59, 55, 242782), 'task_time_returned': None, 'task_try_time_returned': None, 'task_executor': 'htex_Local', 'run_id': '94cd5899-20fb-42a5-a7d2-d73869780ad0', 'try_id': 0, 'timestamp': datetime.datetime(2021, 7, 27, 15, 59, 55, 246050), 'task_status_name': 'launched', 'tasks_failed_count': 0, 'tasks_completed_count': 4, 'tasks_memo_completed_count': 0, 'from_memo': False, 'task_inputs': 'None', 'task_outputs': 'None', 'task_stdin': None, 'task_stdout': None, 'task_stderr': None, 'task_fail_history': '', 'task_depends': '3', 'task_joins': None}
2021-07-27 15:59:55.246 parsl.dataflow.dflow:591 [INFO]  Task 4 launched on executor htex_Local
2021-07-27 15:59:55.247 parsl.monitoring.monitoring:274 [DEBUG]  Sending message MessageType.TASK_INFO, {'task_func_name': 'app_D', 'task_memoize': False, 'task_hashsum': None, 'task_fail_count': 0, 'task_status': <States.exec_done: 3>, 'task_id': 3, 'task_time_invoked': datetime.datetime(2021, 7, 27, 15, 59, 52, 552054), 'task_try_time_launched': datetime.datetime(2021, 7, 27, 15, 59, 55, 29684), 'task_time_returned': datetime.datetime(2021, 7, 27, 15, 59, 55, 241806), 'task_try_time_returned': datetime.datetime(2021, 7, 27, 15, 59, 55, 241536), 'task_executor': 'htex_Local', 'run_id': '94cd5899-20fb-42a5-a7d2-d73869780ad0', 'try_id': 0, 'timestamp': datetime.datetime(2021, 7, 27, 15, 59, 55, 247209), 'task_status_name': 'exec_done', 'tasks_failed_count': 0, 'tasks_completed_count': 4, 'tasks_memo_completed_count': 0, 'from_memo': False, 'task_inputs': 'None', 'task_outputs': 'None', 'task_stdin': None, 'task_stdout': None, 'task_stderr': None, 'task_fail_history': '', 'task_depends': '2', 'task_joins': None}
2021-07-27 15:59:55.452 parsl.dataflow.dflow:442 [INFO]  Task 4 completed (launched -> exec_done)
2021-07-27 15:59:55.453 parsl.dataflow.dflow:802 [DEBUG]  Task 5 will be sent to executor htex_Local
2021-07-27 15:59:55.453 parsl.dataflow.dflow:628 [DEBUG]  Adding output dependencies
2021-07-27 15:59:55.454 parsl.dataflow.dflow:881 [INFO]  Task 5 submitted for App app_A, not waiting on any dependency
2021-07-27 15:59:55.454 parsl.dataflow.dflow:889 [DEBUG]  Task 5 set to pending state with AppFuture: <AppFuture super=<AppFuture at 0x7ffc1e656730 state=pending>>
2021-07-27 15:59:55.454 parsl.monitoring.monitoring:274 [DEBUG]  Sending message MessageType.TASK_INFO, {'task_func_name': 'app_A', 'task_memoize': False, 'task_hashsum': None, 'task_fail_count': 0, 'task_status': <States.pending: 0>, 'task_id': 5, 'task_time_invoked': datetime.datetime(2021, 7, 27, 15, 59, 55, 453865), 'task_try_time_launched': None, 'task_time_returned': None, 'task_try_time_returned': None, 'task_executor': 'htex_Local', 'run_id': '94cd5899-20fb-42a5-a7d2-d73869780ad0', 'try_id': 0, 'timestamp': datetime.datetime(2021, 7, 27, 15, 59, 55, 454426), 'task_status_name': 'pending', 'tasks_failed_count': 0, 'tasks_completed_count': 5, 'tasks_memo_completed_count': 0, 'from_memo': None, 'task_inputs': 'None', 'task_outputs': 'None', 'task_stdin': None, 'task_stdout': None, 'task_stderr': None, 'task_fail_history': '', 'task_depends': '', 'task_joins': None}
2021-07-27 15:59:55.455 parsl.dataflow.dflow:1166 [WARNING]  No tasks checkpointed so far in this run. Please ensure caching is enabled
2021-07-27 15:59:55.455 parsl.dataflow.memoization:229 [DEBUG]  Task 5 will not be memoized
2021-07-27 15:59:55.455 parsl.monitoring.monitoring:274 [DEBUG]  Sending message MessageType.TASK_INFO, {'task_func_name': 'app_E', 'task_memoize': False, 'task_hashsum': None, 'task_fail_count': 0, 'task_status': <States.exec_done: 3>, 'task_id': 4, 'task_time_invoked': datetime.datetime(2021, 7, 27, 15, 59, 52, 552651), 'task_try_time_launched': datetime.datetime(2021, 7, 27, 15, 59, 55, 242782), 'task_time_returned': datetime.datetime(2021, 7, 27, 15, 59, 55, 453172), 'task_try_time_returned': datetime.datetime(2021, 7, 27, 15, 59, 55, 452925), 'task_executor': 'htex_Local', 'run_id': '94cd5899-20fb-42a5-a7d2-d73869780ad0', 'try_id': 0, 'timestamp': datetime.datetime(2021, 7, 27, 15, 59, 55, 455402), 'task_status_name': 'exec_done', 'tasks_failed_count': 0, 'tasks_completed_count': 5, 'tasks_memo_completed_count': 0, 'from_memo': False, 'task_inputs': 'None', 'task_outputs': 'None', 'task_stdin': None, 'task_stdout': None, 'task_stderr': None, 'task_fail_history': '', 'task_depends': '3', 'task_joins': None}
2021-07-27 15:59:55.456 parsl.executors.high_throughput.executor:557 [DEBUG]  Pushing function <function MonitoringHub.monitor_wrapper.<locals>.wrapped at 0x7ffc1e639d30> to queue with args ()
2021-07-27 15:59:55.459 parsl.monitoring.monitoring:274 [DEBUG]  Sending message MessageType.TASK_INFO, {'task_func_name': 'app_A', 'task_memoize': False, 'task_hashsum': None, 'task_fail_count': 0, 'task_status': <States.launched: 7>, 'task_id': 5, 'task_time_invoked': datetime.datetime(2021, 7, 27, 15, 59, 55, 453865), 'task_try_time_launched': datetime.datetime(2021, 7, 27, 15, 59, 55, 455270), 'task_time_returned': None, 'task_try_time_returned': None, 'task_executor': 'htex_Local', 'run_id': '94cd5899-20fb-42a5-a7d2-d73869780ad0', 'try_id': 0, 'timestamp': datetime.datetime(2021, 7, 27, 15, 59, 55, 458778), 'task_status_name': 'launched', 'tasks_failed_count': 0, 'tasks_completed_count': 5, 'tasks_memo_completed_count': 0, 'from_memo': False, 'task_inputs': 'None', 'task_outputs': 'None', 'task_stdin': None, 'task_stdout': None, 'task_stderr': None, 'task_fail_history': '', 'task_depends': '', 'task_joins': None}
2021-07-27 15:59:55.459 parsl.dataflow.dflow:591 [INFO]  Task 5 launched on executor htex_Local
2021-07-27 15:59:55.459 parsl.dataflow.dflow:802 [DEBUG]  Task 6 will be sent to executor htex_Local
2021-07-27 15:59:55.460 parsl.dataflow.dflow:628 [DEBUG]  Adding output dependencies
2021-07-27 15:59:55.460 parsl.dataflow.dflow:881 [INFO]  Task 6 submitted for App app_B, not waiting on any dependency
2021-07-27 15:59:55.460 parsl.dataflow.dflow:889 [DEBUG]  Task 6 set to pending state with AppFuture: <AppFuture super=<AppFuture at 0x7ffc1e656e50 state=pending>>
2021-07-27 15:59:55.460 parsl.monitoring.monitoring:274 [DEBUG]  Sending message MessageType.TASK_INFO, {'task_func_name': 'app_B', 'task_memoize': False, 'task_hashsum': None, 'task_fail_count': 0, 'task_status': <States.pending: 0>, 'task_id': 6, 'task_time_invoked': datetime.datetime(2021, 7, 27, 15, 59, 55, 459950), 'task_try_time_launched': None, 'task_time_returned': None, 'task_try_time_returned': None, 'task_executor': 'htex_Local', 'run_id': '94cd5899-20fb-42a5-a7d2-d73869780ad0', 'try_id': 0, 'timestamp': datetime.datetime(2021, 7, 27, 15, 59, 55, 460429), 'task_status_name': 'pending', 'tasks_failed_count': 0, 'tasks_completed_count': 5, 'tasks_memo_completed_count': 0, 'from_memo': None, 'task_inputs': 'None', 'task_outputs': 'None', 'task_stdin': None, 'task_stdout': None, 'task_stderr': None, 'task_fail_history': '', 'task_depends': '', 'task_joins': None}
2021-07-27 15:59:55.461 parsl.dataflow.memoization:229 [DEBUG]  Task 6 will not be memoized
2021-07-27 15:59:55.461 parsl.executors.high_throughput.executor:557 [DEBUG]  Pushing function <function MonitoringHub.monitor_wrapper.<locals>.wrapped at 0x7ffc1e639f70> to queue with args ()
2021-07-27 15:59:55.464 parsl.monitoring.monitoring:274 [DEBUG]  Sending message MessageType.TASK_INFO, {'task_func_name': 'app_B', 'task_memoize': False, 'task_hashsum': None, 'task_fail_count': 0, 'task_status': <States.launched: 7>, 'task_id': 6, 'task_time_invoked': datetime.datetime(2021, 7, 27, 15, 59, 55, 459950), 'task_try_time_launched': datetime.datetime(2021, 7, 27, 15, 59, 55, 460984), 'task_time_returned': None, 'task_try_time_returned': None, 'task_executor': 'htex_Local', 'run_id': '94cd5899-20fb-42a5-a7d2-d73869780ad0', 'try_id': 0, 'timestamp': datetime.datetime(2021, 7, 27, 15, 59, 55, 463901), 'task_status_name': 'launched', 'tasks_failed_count': 0, 'tasks_completed_count': 5, 'tasks_memo_completed_count': 0, 'from_memo': False, 'task_inputs': 'None', 'task_outputs': 'None', 'task_stdin': None, 'task_stdout': None, 'task_stderr': None, 'task_fail_history': '', 'task_depends': '', 'task_joins': None}
2021-07-27 15:59:55.464 parsl.dataflow.dflow:591 [INFO]  Task 6 launched on executor htex_Local
2021-07-27 15:59:55.464 parsl.dataflow.dflow:802 [DEBUG]  Task 7 will be sent to executor htex_Local
2021-07-27 15:59:55.464 parsl.dataflow.dflow:628 [DEBUG]  Adding output dependencies
2021-07-27 15:59:55.465 parsl.dataflow.dflow:881 [INFO]  Task 7 submitted for App app_C, waiting on task 5, task 6
2021-07-27 15:59:55.465 parsl.dataflow.dflow:889 [DEBUG]  Task 7 set to pending state with AppFuture: <AppFuture super=<AppFuture at 0x7ffc1e65c6a0 state=pending>>
2021-07-27 15:59:55.465 parsl.monitoring.monitoring:274 [DEBUG]  Sending message MessageType.TASK_INFO, {'task_func_name': 'app_C', 'task_memoize': False, 'task_hashsum': None, 'task_fail_count': 0, 'task_status': <States.pending: 0>, 'task_id': 7, 'task_time_invoked': datetime.datetime(2021, 7, 27, 15, 59, 55, 464895), 'task_try_time_launched': None, 'task_time_returned': None, 'task_try_time_returned': None, 'task_executor': 'htex_Local', 'run_id': '94cd5899-20fb-42a5-a7d2-d73869780ad0', 'try_id': 0, 'timestamp': datetime.datetime(2021, 7, 27, 15, 59, 55, 465289), 'task_status_name': 'pending', 'tasks_failed_count': 0, 'tasks_completed_count': 5, 'tasks_memo_completed_count': 0, 'from_memo': None, 'task_inputs': 'None', 'task_outputs': 'None', 'task_stdin': None, 'task_stdout': None, 'task_stderr': None, 'task_fail_history': '', 'task_depends': '5,6', 'task_joins': None}
2021-07-27 15:59:55.465 parsl.dataflow.dflow:802 [DEBUG]  Task 8 will be sent to executor htex_Local
2021-07-27 15:59:55.466 parsl.dataflow.dflow:628 [DEBUG]  Adding output dependencies
2021-07-27 15:59:55.466 parsl.dataflow.dflow:881 [INFO]  Task 8 submitted for App app_D, waiting on task 7
2021-07-27 15:59:55.466 parsl.dataflow.dflow:889 [DEBUG]  Task 8 set to pending state with AppFuture: <AppFuture super=<AppFuture at 0x7ffc1e65c850 state=pending>>
2021-07-27 15:59:55.466 parsl.monitoring.monitoring:274 [DEBUG]  Sending message MessageType.TASK_INFO, {'task_func_name': 'app_D', 'task_memoize': False, 'task_hashsum': None, 'task_fail_count': 0, 'task_status': <States.pending: 0>, 'task_id': 8, 'task_time_invoked': datetime.datetime(2021, 7, 27, 15, 59, 55, 466007), 'task_try_time_launched': None, 'task_time_returned': None, 'task_try_time_returned': None, 'task_executor': 'htex_Local', 'run_id': '94cd5899-20fb-42a5-a7d2-d73869780ad0', 'try_id': 0, 'timestamp': datetime.datetime(2021, 7, 27, 15, 59, 55, 466514), 'task_status_name': 'pending', 'tasks_failed_count': 0, 'tasks_completed_count': 5, 'tasks_memo_completed_count': 0, 'from_memo': None, 'task_inputs': 'None', 'task_outputs': 'None', 'task_stdin': None, 'task_stdout': None, 'task_stderr': None, 'task_fail_history': '', 'task_depends': '7', 'task_joins': None}
2021-07-27 15:59:55.466 parsl.dataflow.dflow:802 [DEBUG]  Task 9 will be sent to executor htex_Local
2021-07-27 15:59:55.467 parsl.dataflow.dflow:628 [DEBUG]  Adding output dependencies
2021-07-27 15:59:55.467 parsl.dataflow.dflow:881 [INFO]  Task 9 submitted for App app_E, waiting on task 8
2021-07-27 15:59:55.467 parsl.dataflow.dflow:889 [DEBUG]  Task 9 set to pending state with AppFuture: <AppFuture super=<AppFuture at 0x7ffc1e656a00 state=pending>>
2021-07-27 15:59:55.467 parsl.monitoring.monitoring:274 [DEBUG]  Sending message MessageType.TASK_INFO, {'task_func_name': 'app_E', 'task_memoize': False, 'task_hashsum': None, 'task_fail_count': 0, 'task_status': <States.pending: 0>, 'task_id': 9, 'task_time_invoked': datetime.datetime(2021, 7, 27, 15, 59, 55, 467035), 'task_try_time_launched': None, 'task_time_returned': None, 'task_try_time_returned': None, 'task_executor': 'htex_Local', 'run_id': '94cd5899-20fb-42a5-a7d2-d73869780ad0', 'try_id': 0, 'timestamp': datetime.datetime(2021, 7, 27, 15, 59, 55, 467271), 'task_status_name': 'pending', 'tasks_failed_count': 0, 'tasks_completed_count': 5, 'tasks_memo_completed_count': 0, 'from_memo': None, 'task_inputs': 'None', 'task_outputs': 'None', 'task_stdin': None, 'task_stdout': None, 'task_stderr': None, 'task_fail_history': '', 'task_depends': '8', 'task_joins': None}
2021-07-27 15:59:55.678 parsl.dataflow.dflow:442 [INFO]  Task 6 completed (launched -> exec_done)
2021-07-27 15:59:55.678 parsl.dataflow.dflow:1166 [WARNING]  No tasks checkpointed so far in this run. Please ensure caching is enabled
2021-07-27 15:59:55.679 parsl.monitoring.monitoring:274 [DEBUG]  Sending message MessageType.TASK_INFO, {'task_func_name': 'app_B', 'task_memoize': False, 'task_hashsum': None, 'task_fail_count': 0, 'task_status': <States.exec_done: 3>, 'task_id': 6, 'task_time_invoked': datetime.datetime(2021, 7, 27, 15, 59, 55, 459950), 'task_try_time_launched': datetime.datetime(2021, 7, 27, 15, 59, 55, 460984), 'task_time_returned': datetime.datetime(2021, 7, 27, 15, 59, 55, 678218), 'task_try_time_returned': datetime.datetime(2021, 7, 27, 15, 59, 55, 678025), 'task_executor': 'htex_Local', 'run_id': '94cd5899-20fb-42a5-a7d2-d73869780ad0', 'try_id': 0, 'timestamp': datetime.datetime(2021, 7, 27, 15, 59, 55, 678909), 'task_status_name': 'exec_done', 'tasks_failed_count': 0, 'tasks_completed_count': 6, 'tasks_memo_completed_count': 0, 'from_memo': False, 'task_inputs': 'None', 'task_outputs': 'None', 'task_stdin': None, 'task_stdout': None, 'task_stderr': None, 'task_fail_history': '', 'task_depends': '', 'task_joins': None}
2021-07-27 15:59:55.679 parsl.dataflow.dflow:442 [INFO]  Task 5 completed (launched -> exec_done)
2021-07-27 15:59:55.680 parsl.dataflow.dflow:1166 [WARNING]  No tasks checkpointed so far in this run. Please ensure caching is enabled
2021-07-27 15:59:55.680 parsl.dataflow.memoization:229 [DEBUG]  Task 7 will not be memoized
2021-07-27 15:59:55.680 parsl.executors.high_throughput.executor:557 [DEBUG]  Pushing function <function MonitoringHub.monitor_wrapper.<locals>.wrapped at 0x7ffc1e65f430> to queue with args (7, 3.0)
2021-07-27 15:59:55.682 parsl.monitoring.monitoring:274 [DEBUG]  Sending message MessageType.TASK_INFO, {'task_func_name': 'app_C', 'task_memoize': False, 'task_hashsum': None, 'task_fail_count': 0, 'task_status': <States.launched: 7>, 'task_id': 7, 'task_time_invoked': datetime.datetime(2021, 7, 27, 15, 59, 55, 464895), 'task_try_time_launched': datetime.datetime(2021, 7, 27, 15, 59, 55, 680156), 'task_time_returned': None, 'task_try_time_returned': None, 'task_executor': 'htex_Local', 'run_id': '94cd5899-20fb-42a5-a7d2-d73869780ad0', 'try_id': 0, 'timestamp': datetime.datetime(2021, 7, 27, 15, 59, 55, 681725), 'task_status_name': 'launched', 'tasks_failed_count': 0, 'tasks_completed_count': 7, 'tasks_memo_completed_count': 0, 'from_memo': False, 'task_inputs': 'None', 'task_outputs': 'None', 'task_stdin': None, 'task_stdout': None, 'task_stderr': None, 'task_fail_history': '', 'task_depends': '5,6', 'task_joins': None}
2021-07-27 15:59:55.682 parsl.dataflow.dflow:591 [INFO]  Task 7 launched on executor htex_Local
2021-07-27 15:59:55.682 parsl.monitoring.monitoring:274 [DEBUG]  Sending message MessageType.TASK_INFO, {'task_func_name': 'app_A', 'task_memoize': False, 'task_hashsum': None, 'task_fail_count': 0, 'task_status': <States.exec_done: 3>, 'task_id': 5, 'task_time_invoked': datetime.datetime(2021, 7, 27, 15, 59, 55, 453865), 'task_try_time_launched': datetime.datetime(2021, 7, 27, 15, 59, 55, 455270), 'task_time_returned': datetime.datetime(2021, 7, 27, 15, 59, 55, 679610), 'task_try_time_returned': datetime.datetime(2021, 7, 27, 15, 59, 55, 679465), 'task_executor': 'htex_Local', 'run_id': '94cd5899-20fb-42a5-a7d2-d73869780ad0', 'try_id': 0, 'timestamp': datetime.datetime(2021, 7, 27, 15, 59, 55, 682632), 'task_status_name': 'exec_done', 'tasks_failed_count': 0, 'tasks_completed_count': 7, 'tasks_memo_completed_count': 0, 'from_memo': False, 'task_inputs': 'None', 'task_outputs': 'None', 'task_stdin': None, 'task_stdout': None, 'task_stderr': None, 'task_fail_history': '', 'task_depends': '', 'task_joins': None}
2021-07-27 15:59:55.856 parsl.dataflow.dflow:442 [INFO]  Task 7 completed (launched -> exec_done)
2021-07-27 15:59:55.857 parsl.dataflow.dflow:1166 [WARNING]  No tasks checkpointed so far in this run. Please ensure caching is enabled
2021-07-27 15:59:55.858 parsl.dataflow.memoization:229 [DEBUG]  Task 8 will not be memoized
2021-07-27 15:59:55.858 parsl.executors.high_throughput.executor:557 [DEBUG]  Pushing function <function MonitoringHub.monitor_wrapper.<locals>.wrapped at 0x7ffc1e65f670> to queue with args (10, 7, 10.0)
2021-07-27 15:59:55.860 parsl.monitoring.monitoring:274 [DEBUG]  Sending message MessageType.TASK_INFO, {'task_func_name': 'app_D', 'task_memoize': False, 'task_hashsum': None, 'task_fail_count': 0, 'task_status': <States.launched: 7>, 'task_id': 8, 'task_time_invoked': datetime.datetime(2021, 7, 27, 15, 59, 55, 466007), 'task_try_time_launched': datetime.datetime(2021, 7, 27, 15, 59, 55, 858254), 'task_time_returned': None, 'task_try_time_returned': None, 'task_executor': 'htex_Local', 'run_id': '94cd5899-20fb-42a5-a7d2-d73869780ad0', 'try_id': 0, 'timestamp': datetime.datetime(2021, 7, 27, 15, 59, 55, 860235), 'task_status_name': 'launched', 'tasks_failed_count': 0, 'tasks_completed_count': 8, 'tasks_memo_completed_count': 0, 'from_memo': False, 'task_inputs': 'None', 'task_outputs': 'None', 'task_stdin': None, 'task_stdout': None, 'task_stderr': None, 'task_fail_history': '', 'task_depends': '7', 'task_joins': None}
2021-07-27 15:59:55.860 parsl.dataflow.dflow:591 [INFO]  Task 8 launched on executor htex_Local
2021-07-27 15:59:55.861 parsl.monitoring.monitoring:274 [DEBUG]  Sending message MessageType.TASK_INFO, {'task_func_name': 'app_C', 'task_memoize': False, 'task_hashsum': None, 'task_fail_count': 0, 'task_status': <States.exec_done: 3>, 'task_id': 7, 'task_time_invoked': datetime.datetime(2021, 7, 27, 15, 59, 55, 464895), 'task_try_time_launched': datetime.datetime(2021, 7, 27, 15, 59, 55, 680156), 'task_time_returned': datetime.datetime(2021, 7, 27, 15, 59, 55, 857098), 'task_try_time_returned': datetime.datetime(2021, 7, 27, 15, 59, 55, 856875), 'task_executor': 'htex_Local', 'run_id': '94cd5899-20fb-42a5-a7d2-d73869780ad0', 'try_id': 0, 'timestamp': datetime.datetime(2021, 7, 27, 15, 59, 55, 861011), 'task_status_name': 'exec_done', 'tasks_failed_count': 0, 'tasks_completed_count': 8, 'tasks_memo_completed_count': 0, 'from_memo': False, 'task_inputs': 'None', 'task_outputs': 'None', 'task_stdin': None, 'task_stdout': None, 'task_stderr': None, 'task_fail_history': '', 'task_depends': '5,6', 'task_joins': None}
2021-07-27 15:59:55.955 parsl.dataflow.dflow:442 [INFO]  Task 8 completed (launched -> exec_done)
2021-07-27 15:59:55.956 parsl.dataflow.dflow:1166 [WARNING]  No tasks checkpointed so far in this run. Please ensure caching is enabled
2021-07-27 15:59:55.956 parsl.dataflow.memoization:229 [DEBUG]  Task 9 will not be memoized
2021-07-27 15:59:55.956 parsl.executors.high_throughput.executor:557 [DEBUG]  Pushing function <function MonitoringHub.monitor_wrapper.<locals>.wrapped at 0x7ffc1e65f8b0> to queue with args (7.0,)
2021-07-27 15:59:55.958 parsl.monitoring.monitoring:274 [DEBUG]  Sending message MessageType.TASK_INFO, {'task_func_name': 'app_E', 'task_memoize': False, 'task_hashsum': None, 'task_fail_count': 0, 'task_status': <States.launched: 7>, 'task_id': 9, 'task_time_invoked': datetime.datetime(2021, 7, 27, 15, 59, 55, 467035), 'task_try_time_launched': datetime.datetime(2021, 7, 27, 15, 59, 55, 956435), 'task_time_returned': None, 'task_try_time_returned': None, 'task_executor': 'htex_Local', 'run_id': '94cd5899-20fb-42a5-a7d2-d73869780ad0', 'try_id': 0, 'timestamp': datetime.datetime(2021, 7, 27, 15, 59, 55, 957897), 'task_status_name': 'launched', 'tasks_failed_count': 0, 'tasks_completed_count': 9, 'tasks_memo_completed_count': 0, 'from_memo': False, 'task_inputs': 'None', 'task_outputs': 'None', 'task_stdin': None, 'task_stdout': None, 'task_stderr': None, 'task_fail_history': '', 'task_depends': '8', 'task_joins': None}
2021-07-27 15:59:55.958 parsl.dataflow.dflow:591 [INFO]  Task 9 launched on executor htex_Local
2021-07-27 15:59:55.958 parsl.monitoring.monitoring:274 [DEBUG]  Sending message MessageType.TASK_INFO, {'task_func_name': 'app_D', 'task_memoize': False, 'task_hashsum': None, 'task_fail_count': 0, 'task_status': <States.exec_done: 3>, 'task_id': 8, 'task_time_invoked': datetime.datetime(2021, 7, 27, 15, 59, 55, 466007), 'task_try_time_launched': datetime.datetime(2021, 7, 27, 15, 59, 55, 858254), 'task_time_returned': datetime.datetime(2021, 7, 27, 15, 59, 55, 955936), 'task_try_time_returned': datetime.datetime(2021, 7, 27, 15, 59, 55, 955783), 'task_executor': 'htex_Local', 'run_id': '94cd5899-20fb-42a5-a7d2-d73869780ad0', 'try_id': 0, 'timestamp': datetime.datetime(2021, 7, 27, 15, 59, 55, 958510), 'task_status_name': 'exec_done', 'tasks_failed_count': 0, 'tasks_completed_count': 9, 'tasks_memo_completed_count': 0, 'from_memo': False, 'task_inputs': 'None', 'task_outputs': 'None', 'task_stdin': None, 'task_stdout': None, 'task_stderr': None, 'task_fail_history': '', 'task_depends': '7', 'task_joins': None}
2021-07-27 15:59:56.185 parsl.dataflow.dflow:442 [INFO]  Task 9 completed (launched -> exec_done)
2021-07-27 15:59:56.185 parsl.dataflow.dflow:802 [DEBUG]  Task 10 will be sent to executor htex_Local
2021-07-27 15:59:56.186 parsl.dataflow.dflow:628 [DEBUG]  Adding output dependencies
2021-07-27 15:59:56.186 parsl.dataflow.dflow:881 [INFO]  Task 10 submitted for App app_A, not waiting on any dependency
2021-07-27 15:59:56.186 parsl.dataflow.dflow:889 [DEBUG]  Task 10 set to pending state with AppFuture: <AppFuture super=<AppFuture at 0x7ffc1e664d90 state=pending>>
2021-07-27 15:59:56.186 parsl.monitoring.monitoring:274 [DEBUG]  Sending message MessageType.TASK_INFO, {'task_func_name': 'app_A', 'task_memoize': False, 'task_hashsum': None, 'task_fail_count': 0, 'task_status': <States.pending: 0>, 'task_id': 10, 'task_time_invoked': datetime.datetime(2021, 7, 27, 15, 59, 56, 186172), 'task_try_time_launched': None, 'task_time_returned': None, 'task_try_time_returned': None, 'task_executor': 'htex_Local', 'run_id': '94cd5899-20fb-42a5-a7d2-d73869780ad0', 'try_id': 0, 'timestamp': datetime.datetime(2021, 7, 27, 15, 59, 56, 186643), 'task_status_name': 'pending', 'tasks_failed_count': 0, 'tasks_completed_count': 10, 'tasks_memo_completed_count': 0, 'from_memo': None, 'task_inputs': 'None', 'task_outputs': 'None', 'task_stdin': None, 'task_stdout': None, 'task_stderr': None, 'task_fail_history': '', 'task_depends': '', 'task_joins': None}
2021-07-27 15:59:56.187 parsl.dataflow.memoization:229 [DEBUG]  Task 10 will not be memoized
2021-07-27 15:59:56.187 parsl.dataflow.dflow:1166 [WARNING]  No tasks checkpointed so far in this run. Please ensure caching is enabled
2021-07-27 15:59:56.187 parsl.executors.high_throughput.executor:557 [DEBUG]  Pushing function <function MonitoringHub.monitor_wrapper.<locals>.wrapped at 0x7ffc1e65fca0> to queue with args ()
2021-07-27 15:59:56.188 parsl.monitoring.monitoring:274 [DEBUG]  Sending message MessageType.TASK_INFO, {'task_func_name': 'app_E', 'task_memoize': False, 'task_hashsum': None, 'task_fail_count': 0, 'task_status': <States.exec_done: 3>, 'task_id': 9, 'task_time_invoked': datetime.datetime(2021, 7, 27, 15, 59, 55, 467035), 'task_try_time_launched': datetime.datetime(2021, 7, 27, 15, 59, 55, 956435), 'task_time_returned': datetime.datetime(2021, 7, 27, 15, 59, 56, 185712), 'task_try_time_returned': datetime.datetime(2021, 7, 27, 15, 59, 56, 185490), 'task_executor': 'htex_Local', 'run_id': '94cd5899-20fb-42a5-a7d2-d73869780ad0', 'try_id': 0, 'timestamp': datetime.datetime(2021, 7, 27, 15, 59, 56, 187881), 'task_status_name': 'exec_done', 'tasks_failed_count': 0, 'tasks_completed_count': 10, 'tasks_memo_completed_count': 0, 'from_memo': False, 'task_inputs': 'None', 'task_outputs': 'None', 'task_stdin': None, 'task_stdout': None, 'task_stderr': None, 'task_fail_history': '', 'task_depends': '8', 'task_joins': None}
2021-07-27 15:59:56.189 parsl.monitoring.monitoring:274 [DEBUG]  Sending message MessageType.TASK_INFO, {'task_func_name': 'app_A', 'task_memoize': False, 'task_hashsum': None, 'task_fail_count': 0, 'task_status': <States.launched: 7>, 'task_id': 10, 'task_time_invoked': datetime.datetime(2021, 7, 27, 15, 59, 56, 186172), 'task_try_time_launched': datetime.datetime(2021, 7, 27, 15, 59, 56, 187220), 'task_time_returned': None, 'task_try_time_returned': None, 'task_executor': 'htex_Local', 'run_id': '94cd5899-20fb-42a5-a7d2-d73869780ad0', 'try_id': 0, 'timestamp': datetime.datetime(2021, 7, 27, 15, 59, 56, 189366), 'task_status_name': 'launched', 'tasks_failed_count': 0, 'tasks_completed_count': 10, 'tasks_memo_completed_count': 0, 'from_memo': False, 'task_inputs': 'None', 'task_outputs': 'None', 'task_stdin': None, 'task_stdout': None, 'task_stderr': None, 'task_fail_history': '', 'task_depends': '', 'task_joins': None}
2021-07-27 15:59:56.189 parsl.dataflow.dflow:591 [INFO]  Task 10 launched on executor htex_Local
2021-07-27 15:59:56.190 parsl.dataflow.dflow:802 [DEBUG]  Task 11 will be sent to executor htex_Local
2021-07-27 15:59:56.190 parsl.dataflow.dflow:628 [DEBUG]  Adding output dependencies
2021-07-27 15:59:56.190 parsl.dataflow.dflow:881 [INFO]  Task 11 submitted for App app_B, not waiting on any dependency
2021-07-27 15:59:56.190 parsl.dataflow.dflow:889 [DEBUG]  Task 11 set to pending state with AppFuture: <AppFuture super=<AppFuture at 0x7ffc1e664ca0 state=pending>>
2021-07-27 15:59:56.190 parsl.monitoring.monitoring:274 [DEBUG]  Sending message MessageType.TASK_INFO, {'task_func_name': 'app_B', 'task_memoize': False, 'task_hashsum': None, 'task_fail_count': 0, 'task_status': <States.pending: 0>, 'task_id': 11, 'task_time_invoked': datetime.datetime(2021, 7, 27, 15, 59, 56, 190102), 'task_try_time_launched': None, 'task_time_returned': None, 'task_try_time_returned': None, 'task_executor': 'htex_Local', 'run_id': '94cd5899-20fb-42a5-a7d2-d73869780ad0', 'try_id': 0, 'timestamp': datetime.datetime(2021, 7, 27, 15, 59, 56, 190355), 'task_status_name': 'pending', 'tasks_failed_count': 0, 'tasks_completed_count': 10, 'tasks_memo_completed_count': 0, 'from_memo': None, 'task_inputs': 'None', 'task_outputs': 'None', 'task_stdin': None, 'task_stdout': None, 'task_stderr': None, 'task_fail_history': '', 'task_depends': '', 'task_joins': None}
2021-07-27 15:59:56.190 parsl.dataflow.memoization:229 [DEBUG]  Task 11 will not be memoized
2021-07-27 15:59:56.190 parsl.executors.high_throughput.executor:557 [DEBUG]  Pushing function <function MonitoringHub.monitor_wrapper.<locals>.wrapped at 0x7ffc1e65fd30> to queue with args ()
2021-07-27 15:59:56.192 parsl.monitoring.monitoring:274 [DEBUG]  Sending message MessageType.TASK_INFO, {'task_func_name': 'app_B', 'task_memoize': False, 'task_hashsum': None, 'task_fail_count': 0, 'task_status': <States.launched: 7>, 'task_id': 11, 'task_time_invoked': datetime.datetime(2021, 7, 27, 15, 59, 56, 190102), 'task_try_time_launched': datetime.datetime(2021, 7, 27, 15, 59, 56, 190655), 'task_time_returned': None, 'task_try_time_returned': None, 'task_executor': 'htex_Local', 'run_id': '94cd5899-20fb-42a5-a7d2-d73869780ad0', 'try_id': 0, 'timestamp': datetime.datetime(2021, 7, 27, 15, 59, 56, 192398), 'task_status_name': 'launched', 'tasks_failed_count': 0, 'tasks_completed_count': 10, 'tasks_memo_completed_count': 0, 'from_memo': False, 'task_inputs': 'None', 'task_outputs': 'None', 'task_stdin': None, 'task_stdout': None, 'task_stderr': None, 'task_fail_history': '', 'task_depends': '', 'task_joins': None}
2021-07-27 15:59:56.193 parsl.dataflow.dflow:591 [INFO]  Task 11 launched on executor htex_Local
2021-07-27 15:59:56.193 parsl.dataflow.dflow:802 [DEBUG]  Task 12 will be sent to executor htex_Local
2021-07-27 15:59:56.193 parsl.dataflow.dflow:628 [DEBUG]  Adding output dependencies
2021-07-27 15:59:56.193 parsl.dataflow.dflow:881 [INFO]  Task 12 submitted for App app_C, waiting on task 10, task 11
2021-07-27 15:59:56.193 parsl.dataflow.dflow:889 [DEBUG]  Task 12 set to pending state with AppFuture: <AppFuture super=<AppFuture at 0x7ffc1e666ca0 state=pending>>
2021-07-27 15:59:56.193 parsl.monitoring.monitoring:274 [DEBUG]  Sending message MessageType.TASK_INFO, {'task_func_name': 'app_C', 'task_memoize': False, 'task_hashsum': None, 'task_fail_count': 0, 'task_status': <States.pending: 0>, 'task_id': 12, 'task_time_invoked': datetime.datetime(2021, 7, 27, 15, 59, 56, 193290), 'task_try_time_launched': None, 'task_time_returned': None, 'task_try_time_returned': None, 'task_executor': 'htex_Local', 'run_id': '94cd5899-20fb-42a5-a7d2-d73869780ad0', 'try_id': 0, 'timestamp': datetime.datetime(2021, 7, 27, 15, 59, 56, 193764), 'task_status_name': 'pending', 'tasks_failed_count': 0, 'tasks_completed_count': 10, 'tasks_memo_completed_count': 0, 'from_memo': None, 'task_inputs': 'None', 'task_outputs': 'None', 'task_stdin': None, 'task_stdout': None, 'task_stderr': None, 'task_fail_history': '', 'task_depends': '10,11', 'task_joins': None}
2021-07-27 15:59:56.194 parsl.dataflow.dflow:802 [DEBUG]  Task 13 will be sent to executor htex_Local
2021-07-27 15:59:56.194 parsl.dataflow.dflow:628 [DEBUG]  Adding output dependencies
2021-07-27 15:59:56.194 parsl.dataflow.dflow:881 [INFO]  Task 13 submitted for App app_D, waiting on task 12
2021-07-27 15:59:56.194 parsl.dataflow.dflow:889 [DEBUG]  Task 13 set to pending state with AppFuture: <AppFuture super=<AppFuture at 0x7ffc1e666e80 state=pending>>
2021-07-27 15:59:56.194 parsl.monitoring.monitoring:274 [DEBUG]  Sending message MessageType.TASK_INFO, {'task_func_name': 'app_D', 'task_memoize': False, 'task_hashsum': None, 'task_fail_count': 0, 'task_status': <States.pending: 0>, 'task_id': 13, 'task_time_invoked': datetime.datetime(2021, 7, 27, 15, 59, 56, 194245), 'task_try_time_launched': None, 'task_time_returned': None, 'task_try_time_returned': None, 'task_executor': 'htex_Local', 'run_id': '94cd5899-20fb-42a5-a7d2-d73869780ad0', 'try_id': 0, 'timestamp': datetime.datetime(2021, 7, 27, 15, 59, 56, 194512), 'task_status_name': 'pending', 'tasks_failed_count': 0, 'tasks_completed_count': 10, 'tasks_memo_completed_count': 0, 'from_memo': None, 'task_inputs': 'None', 'task_outputs': 'None', 'task_stdin': None, 'task_stdout': None, 'task_stderr': None, 'task_fail_history': '', 'task_depends': '12', 'task_joins': None}
2021-07-27 15:59:56.194 parsl.dataflow.dflow:802 [DEBUG]  Task 14 will be sent to executor htex_Local
2021-07-27 15:59:56.195 parsl.dataflow.dflow:628 [DEBUG]  Adding output dependencies
2021-07-27 15:59:56.195 parsl.dataflow.dflow:881 [INFO]  Task 14 submitted for App app_E, waiting on task 13
2021-07-27 15:59:56.195 parsl.dataflow.dflow:889 [DEBUG]  Task 14 set to pending state with AppFuture: <AppFuture super=<AppFuture at 0x7ffc1e66d040 state=pending>>
2021-07-27 15:59:56.195 parsl.monitoring.monitoring:274 [DEBUG]  Sending message MessageType.TASK_INFO, {'task_func_name': 'app_E', 'task_memoize': False, 'task_hashsum': None, 'task_fail_count': 0, 'task_status': <States.pending: 0>, 'task_id': 14, 'task_time_invoked': datetime.datetime(2021, 7, 27, 15, 59, 56, 194999), 'task_try_time_launched': None, 'task_time_returned': None, 'task_try_time_returned': None, 'task_executor': 'htex_Local', 'run_id': '94cd5899-20fb-42a5-a7d2-d73869780ad0', 'try_id': 0, 'timestamp': datetime.datetime(2021, 7, 27, 15, 59, 56, 195221), 'task_status_name': 'pending', 'tasks_failed_count': 0, 'tasks_completed_count': 10, 'tasks_memo_completed_count': 0, 'from_memo': None, 'task_inputs': 'None', 'task_outputs': 'None', 'task_stdin': None, 'task_stdout': None, 'task_stderr': None, 'task_fail_history': '', 'task_depends': '13', 'task_joins': None}
2021-07-27 15:59:56.398 parsl.dataflow.dflow:442 [INFO]  Task 10 completed (launched -> exec_done)
2021-07-27 15:59:56.399 parsl.dataflow.dflow:1166 [WARNING]  No tasks checkpointed so far in this run. Please ensure caching is enabled
2021-07-27 15:59:56.400 parsl.monitoring.monitoring:274 [DEBUG]  Sending message MessageType.TASK_INFO, {'task_func_name': 'app_A', 'task_memoize': False, 'task_hashsum': None, 'task_fail_count': 0, 'task_status': <States.exec_done: 3>, 'task_id': 10, 'task_time_invoked': datetime.datetime(2021, 7, 27, 15, 59, 56, 186172), 'task_try_time_launched': datetime.datetime(2021, 7, 27, 15, 59, 56, 187220), 'task_time_returned': datetime.datetime(2021, 7, 27, 15, 59, 56, 398879), 'task_try_time_returned': datetime.datetime(2021, 7, 27, 15, 59, 56, 398608), 'task_executor': 'htex_Local', 'run_id': '94cd5899-20fb-42a5-a7d2-d73869780ad0', 'try_id': 0, 'timestamp': datetime.datetime(2021, 7, 27, 15, 59, 56, 400007), 'task_status_name': 'exec_done', 'tasks_failed_count': 0, 'tasks_completed_count': 11, 'tasks_memo_completed_count': 0, 'from_memo': False, 'task_inputs': 'None', 'task_outputs': 'None', 'task_stdin': None, 'task_stdout': None, 'task_stderr': None, 'task_fail_history': '', 'task_depends': '', 'task_joins': None}
2021-07-27 15:59:56.400 parsl.dataflow.dflow:442 [INFO]  Task 11 completed (launched -> exec_done)
2021-07-27 15:59:56.401 parsl.dataflow.dflow:1166 [WARNING]  No tasks checkpointed so far in this run. Please ensure caching is enabled
2021-07-27 15:59:56.402 parsl.dataflow.memoization:229 [DEBUG]  Task 12 will not be memoized
2021-07-27 15:59:56.402 parsl.executors.high_throughput.executor:557 [DEBUG]  Pushing function <function MonitoringHub.monitor_wrapper.<locals>.wrapped at 0x7ffc1e66b1f0> to queue with args (7, 3.0)
2021-07-27 15:59:56.405 parsl.monitoring.monitoring:274 [DEBUG]  Sending message MessageType.TASK_INFO, {'task_func_name': 'app_C', 'task_memoize': False, 'task_hashsum': None, 'task_fail_count': 0, 'task_status': <States.launched: 7>, 'task_id': 12, 'task_time_invoked': datetime.datetime(2021, 7, 27, 15, 59, 56, 193290), 'task_try_time_launched': datetime.datetime(2021, 7, 27, 15, 59, 56, 402015), 'task_time_returned': None, 'task_try_time_returned': None, 'task_executor': 'htex_Local', 'run_id': '94cd5899-20fb-42a5-a7d2-d73869780ad0', 'try_id': 0, 'timestamp': datetime.datetime(2021, 7, 27, 15, 59, 56, 404897), 'task_status_name': 'launched', 'tasks_failed_count': 0, 'tasks_completed_count': 12, 'tasks_memo_completed_count': 0, 'from_memo': False, 'task_inputs': 'None', 'task_outputs': 'None', 'task_stdin': None, 'task_stdout': None, 'task_stderr': None, 'task_fail_history': '', 'task_depends': '10,11', 'task_joins': None}
2021-07-27 15:59:56.405 parsl.dataflow.dflow:591 [INFO]  Task 12 launched on executor htex_Local
2021-07-27 15:59:56.406 parsl.monitoring.monitoring:274 [DEBUG]  Sending message MessageType.TASK_INFO, {'task_func_name': 'app_B', 'task_memoize': False, 'task_hashsum': None, 'task_fail_count': 0, 'task_status': <States.exec_done: 3>, 'task_id': 11, 'task_time_invoked': datetime.datetime(2021, 7, 27, 15, 59, 56, 190102), 'task_try_time_launched': datetime.datetime(2021, 7, 27, 15, 59, 56, 190655), 'task_time_returned': datetime.datetime(2021, 7, 27, 15, 59, 56, 401098), 'task_try_time_returned': datetime.datetime(2021, 7, 27, 15, 59, 56, 400807), 'task_executor': 'htex_Local', 'run_id': '94cd5899-20fb-42a5-a7d2-d73869780ad0', 'try_id': 0, 'timestamp': datetime.datetime(2021, 7, 27, 15, 59, 56, 405800), 'task_status_name': 'exec_done', 'tasks_failed_count': 0, 'tasks_completed_count': 12, 'tasks_memo_completed_count': 0, 'from_memo': False, 'task_inputs': 'None', 'task_outputs': 'None', 'task_stdin': None, 'task_stdout': None, 'task_stderr': None, 'task_fail_history': '', 'task_depends': '', 'task_joins': None}
2021-07-27 15:59:56.602 parsl.dataflow.dflow:442 [INFO]  Task 12 completed (launched -> exec_done)
2021-07-27 15:59:56.603 parsl.dataflow.dflow:1166 [WARNING]  No tasks checkpointed so far in this run. Please ensure caching is enabled
2021-07-27 15:59:56.603 parsl.dataflow.memoization:229 [DEBUG]  Task 13 will not be memoized
2021-07-27 15:59:56.604 parsl.executors.high_throughput.executor:557 [DEBUG]  Pushing function <function MonitoringHub.monitor_wrapper.<locals>.wrapped at 0x7ffc1e66b430> to queue with args (10, 7, 10.0)
2021-07-27 15:59:56.606 parsl.monitoring.monitoring:274 [DEBUG]  Sending message MessageType.TASK_INFO, {'task_func_name': 'app_D', 'task_memoize': False, 'task_hashsum': None, 'task_fail_count': 0, 'task_status': <States.launched: 7>, 'task_id': 13, 'task_time_invoked': datetime.datetime(2021, 7, 27, 15, 59, 56, 194245), 'task_try_time_launched': datetime.datetime(2021, 7, 27, 15, 59, 56, 603948), 'task_time_returned': None, 'task_try_time_returned': None, 'task_executor': 'htex_Local', 'run_id': '94cd5899-20fb-42a5-a7d2-d73869780ad0', 'try_id': 0, 'timestamp': datetime.datetime(2021, 7, 27, 15, 59, 56, 606338), 'task_status_name': 'launched', 'tasks_failed_count': 0, 'tasks_completed_count': 13, 'tasks_memo_completed_count': 0, 'from_memo': False, 'task_inputs': 'None', 'task_outputs': 'None', 'task_stdin': None, 'task_stdout': None, 'task_stderr': None, 'task_fail_history': '', 'task_depends': '12', 'task_joins': None}
2021-07-27 15:59:56.607 parsl.dataflow.dflow:591 [INFO]  Task 13 launched on executor htex_Local
2021-07-27 15:59:56.607 parsl.monitoring.monitoring:274 [DEBUG]  Sending message MessageType.TASK_INFO, {'task_func_name': 'app_C', 'task_memoize': False, 'task_hashsum': None, 'task_fail_count': 0, 'task_status': <States.exec_done: 3>, 'task_id': 12, 'task_time_invoked': datetime.datetime(2021, 7, 27, 15, 59, 56, 193290), 'task_try_time_launched': datetime.datetime(2021, 7, 27, 15, 59, 56, 402015), 'task_time_returned': datetime.datetime(2021, 7, 27, 15, 59, 56, 603025), 'task_try_time_returned': datetime.datetime(2021, 7, 27, 15, 59, 56, 602750), 'task_executor': 'htex_Local', 'run_id': '94cd5899-20fb-42a5-a7d2-d73869780ad0', 'try_id': 0, 'timestamp': datetime.datetime(2021, 7, 27, 15, 59, 56, 607332), 'task_status_name': 'exec_done', 'tasks_failed_count': 0, 'tasks_completed_count': 13, 'tasks_memo_completed_count': 0, 'from_memo': False, 'task_inputs': 'None', 'task_outputs': 'None', 'task_stdin': None, 'task_stdout': None, 'task_stderr': None, 'task_fail_history': '', 'task_depends': '10,11', 'task_joins': None}
2021-07-27 15:59:56.818 parsl.dataflow.dflow:442 [INFO]  Task 13 completed (launched -> exec_done)
2021-07-27 15:59:56.819 parsl.dataflow.dflow:1166 [WARNING]  No tasks checkpointed so far in this run. Please ensure caching is enabled
2021-07-27 15:59:56.819 parsl.dataflow.memoization:229 [DEBUG]  Task 14 will not be memoized
2021-07-27 15:59:56.820 parsl.executors.high_throughput.executor:557 [DEBUG]  Pushing function <function MonitoringHub.monitor_wrapper.<locals>.wrapped at 0x7ffc1e66b670> to queue with args (7.0,)
2021-07-27 15:59:56.823 parsl.monitoring.monitoring:274 [DEBUG]  Sending message MessageType.TASK_INFO, {'task_func_name': 'app_E', 'task_memoize': False, 'task_hashsum': None, 'task_fail_count': 0, 'task_status': <States.launched: 7>, 'task_id': 14, 'task_time_invoked': datetime.datetime(2021, 7, 27, 15, 59, 56, 194999), 'task_try_time_launched': datetime.datetime(2021, 7, 27, 15, 59, 56, 819598), 'task_time_returned': None, 'task_try_time_returned': None, 'task_executor': 'htex_Local', 'run_id': '94cd5899-20fb-42a5-a7d2-d73869780ad0', 'try_id': 0, 'timestamp': datetime.datetime(2021, 7, 27, 15, 59, 56, 822367), 'task_status_name': 'launched', 'tasks_failed_count': 0, 'tasks_completed_count': 14, 'tasks_memo_completed_count': 0, 'from_memo': False, 'task_inputs': 'None', 'task_outputs': 'None', 'task_stdin': None, 'task_stdout': None, 'task_stderr': None, 'task_fail_history': '', 'task_depends': '13', 'task_joins': None}
2021-07-27 15:59:56.823 parsl.dataflow.dflow:591 [INFO]  Task 14 launched on executor htex_Local
2021-07-27 15:59:56.824 parsl.monitoring.monitoring:274 [DEBUG]  Sending message MessageType.TASK_INFO, {'task_func_name': 'app_D', 'task_memoize': False, 'task_hashsum': None, 'task_fail_count': 0, 'task_status': <States.exec_done: 3>, 'task_id': 13, 'task_time_invoked': datetime.datetime(2021, 7, 27, 15, 59, 56, 194245), 'task_try_time_launched': datetime.datetime(2021, 7, 27, 15, 59, 56, 603948), 'task_time_returned': datetime.datetime(2021, 7, 27, 15, 59, 56, 818644), 'task_try_time_returned': datetime.datetime(2021, 7, 27, 15, 59, 56, 818371), 'task_executor': 'htex_Local', 'run_id': '94cd5899-20fb-42a5-a7d2-d73869780ad0', 'try_id': 0, 'timestamp': datetime.datetime(2021, 7, 27, 15, 59, 56, 823941), 'task_status_name': 'exec_done', 'tasks_failed_count': 0, 'tasks_completed_count': 14, 'tasks_memo_completed_count': 0, 'from_memo': False, 'task_inputs': 'None', 'task_outputs': 'None', 'task_stdin': None, 'task_stdout': None, 'task_stderr': None, 'task_fail_history': '', 'task_depends': '12', 'task_joins': None}
2021-07-27 15:59:57.023 parsl.dataflow.dflow:442 [INFO]  Task 14 completed (launched -> exec_done)
2021-07-27 15:59:57.023 parsl.dataflow.dflow:802 [DEBUG]  Task 15 will be sent to executor htex_Local
2021-07-27 15:59:57.024 parsl.dataflow.dflow:628 [DEBUG]  Adding output dependencies
2021-07-27 15:59:57.024 parsl.dataflow.dflow:881 [INFO]  Task 15 submitted for App app_A, not waiting on any dependency
2021-07-27 15:59:57.024 parsl.dataflow.dflow:889 [DEBUG]  Task 15 set to pending state with AppFuture: <AppFuture super=<AppFuture at 0x7ffc1e66d160 state=pending>>
2021-07-27 15:59:57.025 parsl.monitoring.monitoring:274 [DEBUG]  Sending message MessageType.TASK_INFO, {'task_func_name': 'app_A', 'task_memoize': False, 'task_hashsum': None, 'task_fail_count': 0, 'task_status': <States.pending: 0>, 'task_id': 15, 'task_time_invoked': datetime.datetime(2021, 7, 27, 15, 59, 57, 24159), 'task_try_time_launched': None, 'task_time_returned': None, 'task_try_time_returned': None, 'task_executor': 'htex_Local', 'run_id': '94cd5899-20fb-42a5-a7d2-d73869780ad0', 'try_id': 0, 'timestamp': datetime.datetime(2021, 7, 27, 15, 59, 57, 25028), 'task_status_name': 'pending', 'tasks_failed_count': 0, 'tasks_completed_count': 15, 'tasks_memo_completed_count': 0, 'from_memo': None, 'task_inputs': 'None', 'task_outputs': 'None', 'task_stdin': None, 'task_stdout': None, 'task_stderr': None, 'task_fail_history': '', 'task_depends': '', 'task_joins': None}
2021-07-27 15:59:57.025 parsl.dataflow.dflow:1166 [WARNING]  No tasks checkpointed so far in this run. Please ensure caching is enabled
2021-07-27 15:59:57.026 parsl.dataflow.memoization:229 [DEBUG]  Task 15 will not be memoized
2021-07-27 15:59:57.026 parsl.monitoring.monitoring:274 [DEBUG]  Sending message MessageType.TASK_INFO, {'task_func_name': 'app_E', 'task_memoize': False, 'task_hashsum': None, 'task_fail_count': 0, 'task_status': <States.exec_done: 3>, 'task_id': 14, 'task_time_invoked': datetime.datetime(2021, 7, 27, 15, 59, 56, 194999), 'task_try_time_launched': datetime.datetime(2021, 7, 27, 15, 59, 56, 819598), 'task_time_returned': datetime.datetime(2021, 7, 27, 15, 59, 57, 23608), 'task_try_time_returned': datetime.datetime(2021, 7, 27, 15, 59, 57, 23365), 'task_executor': 'htex_Local', 'run_id': '94cd5899-20fb-42a5-a7d2-d73869780ad0', 'try_id': 0, 'timestamp': datetime.datetime(2021, 7, 27, 15, 59, 57, 26167), 'task_status_name': 'exec_done', 'tasks_failed_count': 0, 'tasks_completed_count': 15, 'tasks_memo_completed_count': 0, 'from_memo': False, 'task_inputs': 'None', 'task_outputs': 'None', 'task_stdin': None, 'task_stdout': None, 'task_stderr': None, 'task_fail_history': '', 'task_depends': '13', 'task_joins': None}
2021-07-27 15:59:57.026 parsl.executors.high_throughput.executor:557 [DEBUG]  Pushing function <function MonitoringHub.monitor_wrapper.<locals>.wrapped at 0x7ffc1e66b8b0> to queue with args ()
2021-07-27 15:59:57.028 parsl.monitoring.monitoring:274 [DEBUG]  Sending message MessageType.TASK_INFO, {'task_func_name': 'app_A', 'task_memoize': False, 'task_hashsum': None, 'task_fail_count': 0, 'task_status': <States.launched: 7>, 'task_id': 15, 'task_time_invoked': datetime.datetime(2021, 7, 27, 15, 59, 57, 24159), 'task_try_time_launched': datetime.datetime(2021, 7, 27, 15, 59, 57, 26013), 'task_time_returned': None, 'task_try_time_returned': None, 'task_executor': 'htex_Local', 'run_id': '94cd5899-20fb-42a5-a7d2-d73869780ad0', 'try_id': 0, 'timestamp': datetime.datetime(2021, 7, 27, 15, 59, 57, 28612), 'task_status_name': 'launched', 'tasks_failed_count': 0, 'tasks_completed_count': 15, 'tasks_memo_completed_count': 0, 'from_memo': False, 'task_inputs': 'None', 'task_outputs': 'None', 'task_stdin': None, 'task_stdout': None, 'task_stderr': None, 'task_fail_history': '', 'task_depends': '', 'task_joins': None}
2021-07-27 15:59:57.029 parsl.dataflow.dflow:591 [INFO]  Task 15 launched on executor htex_Local
2021-07-27 15:59:57.029 parsl.dataflow.dflow:802 [DEBUG]  Task 16 will be sent to executor htex_Local
2021-07-27 15:59:57.029 parsl.dataflow.dflow:628 [DEBUG]  Adding output dependencies
2021-07-27 15:59:57.029 parsl.dataflow.dflow:881 [INFO]  Task 16 submitted for App app_B, not waiting on any dependency
2021-07-27 15:59:57.029 parsl.dataflow.dflow:889 [DEBUG]  Task 16 set to pending state with AppFuture: <AppFuture super=<AppFuture at 0x7ffc1e66fa90 state=pending>>
2021-07-27 15:59:57.029 parsl.monitoring.monitoring:274 [DEBUG]  Sending message MessageType.TASK_INFO, {'task_func_name': 'app_B', 'task_memoize': False, 'task_hashsum': None, 'task_fail_count': 0, 'task_status': <States.pending: 0>, 'task_id': 16, 'task_time_invoked': datetime.datetime(2021, 7, 27, 15, 59, 57, 29220), 'task_try_time_launched': None, 'task_time_returned': None, 'task_try_time_returned': None, 'task_executor': 'htex_Local', 'run_id': '94cd5899-20fb-42a5-a7d2-d73869780ad0', 'try_id': 0, 'timestamp': datetime.datetime(2021, 7, 27, 15, 59, 57, 29443), 'task_status_name': 'pending', 'tasks_failed_count': 0, 'tasks_completed_count': 15, 'tasks_memo_completed_count': 0, 'from_memo': None, 'task_inputs': 'None', 'task_outputs': 'None', 'task_stdin': None, 'task_stdout': None, 'task_stderr': None, 'task_fail_history': '', 'task_depends': '', 'task_joins': None}
2021-07-27 15:59:57.029 parsl.dataflow.memoization:229 [DEBUG]  Task 16 will not be memoized
2021-07-27 15:59:57.030 parsl.executors.high_throughput.executor:557 [DEBUG]  Pushing function <function MonitoringHub.monitor_wrapper.<locals>.wrapped at 0x7ffc1e66baf0> to queue with args ()
2021-07-27 15:59:57.031 parsl.monitoring.monitoring:274 [DEBUG]  Sending message MessageType.TASK_INFO, {'task_func_name': 'app_B', 'task_memoize': False, 'task_hashsum': None, 'task_fail_count': 0, 'task_status': <States.launched: 7>, 'task_id': 16, 'task_time_invoked': datetime.datetime(2021, 7, 27, 15, 59, 57, 29220), 'task_try_time_launched': datetime.datetime(2021, 7, 27, 15, 59, 57, 29767), 'task_time_returned': None, 'task_try_time_returned': None, 'task_executor': 'htex_Local', 'run_id': '94cd5899-20fb-42a5-a7d2-d73869780ad0', 'try_id': 0, 'timestamp': datetime.datetime(2021, 7, 27, 15, 59, 57, 31192), 'task_status_name': 'launched', 'tasks_failed_count': 0, 'tasks_completed_count': 15, 'tasks_memo_completed_count': 0, 'from_memo': False, 'task_inputs': 'None', 'task_outputs': 'None', 'task_stdin': None, 'task_stdout': None, 'task_stderr': None, 'task_fail_history': '', 'task_depends': '', 'task_joins': None}
2021-07-27 15:59:57.031 parsl.dataflow.dflow:591 [INFO]  Task 16 launched on executor htex_Local
2021-07-27 15:59:57.031 parsl.dataflow.dflow:802 [DEBUG]  Task 17 will be sent to executor htex_Local
2021-07-27 15:59:57.031 parsl.dataflow.dflow:628 [DEBUG]  Adding output dependencies
2021-07-27 15:59:57.031 parsl.dataflow.dflow:881 [INFO]  Task 17 submitted for App app_C, waiting on task 15, task 16
2021-07-27 15:59:57.032 parsl.dataflow.dflow:889 [DEBUG]  Task 17 set to pending state with AppFuture: <AppFuture super=<AppFuture at 0x7ffc1e6771f0 state=pending>>
2021-07-27 15:59:57.032 parsl.monitoring.monitoring:274 [DEBUG]  Sending message MessageType.TASK_INFO, {'task_func_name': 'app_C', 'task_memoize': False, 'task_hashsum': None, 'task_fail_count': 0, 'task_status': <States.pending: 0>, 'task_id': 17, 'task_time_invoked': datetime.datetime(2021, 7, 27, 15, 59, 57, 31866), 'task_try_time_launched': None, 'task_time_returned': None, 'task_try_time_returned': None, 'task_executor': 'htex_Local', 'run_id': '94cd5899-20fb-42a5-a7d2-d73869780ad0', 'try_id': 0, 'timestamp': datetime.datetime(2021, 7, 27, 15, 59, 57, 32104), 'task_status_name': 'pending', 'tasks_failed_count': 0, 'tasks_completed_count': 15, 'tasks_memo_completed_count': 0, 'from_memo': None, 'task_inputs': 'None', 'task_outputs': 'None', 'task_stdin': None, 'task_stdout': None, 'task_stderr': None, 'task_fail_history': '', 'task_depends': '15,16', 'task_joins': None}
2021-07-27 15:59:57.032 parsl.dataflow.dflow:802 [DEBUG]  Task 18 will be sent to executor htex_Local
2021-07-27 15:59:57.032 parsl.dataflow.dflow:628 [DEBUG]  Adding output dependencies
2021-07-27 15:59:57.032 parsl.dataflow.dflow:881 [INFO]  Task 18 submitted for App app_D, waiting on task 17
2021-07-27 15:59:57.032 parsl.dataflow.dflow:889 [DEBUG]  Task 18 set to pending state with AppFuture: <AppFuture super=<AppFuture at 0x7ffc1e6773d0 state=pending>>
2021-07-27 15:59:57.032 parsl.monitoring.monitoring:274 [DEBUG]  Sending message MessageType.TASK_INFO, {'task_func_name': 'app_D', 'task_memoize': False, 'task_hashsum': None, 'task_fail_count': 0, 'task_status': <States.pending: 0>, 'task_id': 18, 'task_time_invoked': datetime.datetime(2021, 7, 27, 15, 59, 57, 32533), 'task_try_time_launched': None, 'task_time_returned': None, 'task_try_time_returned': None, 'task_executor': 'htex_Local', 'run_id': '94cd5899-20fb-42a5-a7d2-d73869780ad0', 'try_id': 0, 'timestamp': datetime.datetime(2021, 7, 27, 15, 59, 57, 32744), 'task_status_name': 'pending', 'tasks_failed_count': 0, 'tasks_completed_count': 15, 'tasks_memo_completed_count': 0, 'from_memo': None, 'task_inputs': 'None', 'task_outputs': 'None', 'task_stdin': None, 'task_stdout': None, 'task_stderr': None, 'task_fail_history': '', 'task_depends': '17', 'task_joins': None}
2021-07-27 15:59:57.033 parsl.dataflow.dflow:802 [DEBUG]  Task 19 will be sent to executor htex_Local
2021-07-27 15:59:57.033 parsl.dataflow.dflow:628 [DEBUG]  Adding output dependencies
2021-07-27 15:59:57.033 parsl.dataflow.dflow:881 [INFO]  Task 19 submitted for App app_E, waiting on task 18
2021-07-27 15:59:57.033 parsl.dataflow.dflow:889 [DEBUG]  Task 19 set to pending state with AppFuture: <AppFuture super=<AppFuture at 0x7ffc1e677550 state=pending>>
2021-07-27 15:59:57.033 parsl.monitoring.monitoring:274 [DEBUG]  Sending message MessageType.TASK_INFO, {'task_func_name': 'app_E', 'task_memoize': False, 'task_hashsum': None, 'task_fail_count': 0, 'task_status': <States.pending: 0>, 'task_id': 19, 'task_time_invoked': datetime.datetime(2021, 7, 27, 15, 59, 57, 33148), 'task_try_time_launched': None, 'task_time_returned': None, 'task_try_time_returned': None, 'task_executor': 'htex_Local', 'run_id': '94cd5899-20fb-42a5-a7d2-d73869780ad0', 'try_id': 0, 'timestamp': datetime.datetime(2021, 7, 27, 15, 59, 57, 33383), 'task_status_name': 'pending', 'tasks_failed_count': 0, 'tasks_completed_count': 15, 'tasks_memo_completed_count': 0, 'from_memo': None, 'task_inputs': 'None', 'task_outputs': 'None', 'task_stdin': None, 'task_stdout': None, 'task_stderr': None, 'task_fail_history': '', 'task_depends': '18', 'task_joins': None}
2021-07-27 15:59:57.239 parsl.dataflow.dflow:442 [INFO]  Task 16 completed (launched -> exec_done)
2021-07-27 15:59:57.240 parsl.dataflow.dflow:1166 [WARNING]  No tasks checkpointed so far in this run. Please ensure caching is enabled
2021-07-27 15:59:57.241 parsl.monitoring.monitoring:274 [DEBUG]  Sending message MessageType.TASK_INFO, {'task_func_name': 'app_B', 'task_memoize': False, 'task_hashsum': None, 'task_fail_count': 0, 'task_status': <States.exec_done: 3>, 'task_id': 16, 'task_time_invoked': datetime.datetime(2021, 7, 27, 15, 59, 57, 29220), 'task_try_time_launched': datetime.datetime(2021, 7, 27, 15, 59, 57, 29767), 'task_time_returned': datetime.datetime(2021, 7, 27, 15, 59, 57, 240134), 'task_try_time_returned': datetime.datetime(2021, 7, 27, 15, 59, 57, 239908), 'task_executor': 'htex_Local', 'run_id': '94cd5899-20fb-42a5-a7d2-d73869780ad0', 'try_id': 0, 'timestamp': datetime.datetime(2021, 7, 27, 15, 59, 57, 240954), 'task_status_name': 'exec_done', 'tasks_failed_count': 0, 'tasks_completed_count': 16, 'tasks_memo_completed_count': 0, 'from_memo': False, 'task_inputs': 'None', 'task_outputs': 'None', 'task_stdin': None, 'task_stdout': None, 'task_stderr': None, 'task_fail_history': '', 'task_depends': '', 'task_joins': None}
2021-07-27 15:59:57.241 parsl.dataflow.dflow:442 [INFO]  Task 15 completed (launched -> exec_done)
2021-07-27 15:59:57.242 parsl.dataflow.dflow:1166 [WARNING]  No tasks checkpointed so far in this run. Please ensure caching is enabled
2021-07-27 15:59:57.242 parsl.dataflow.memoization:229 [DEBUG]  Task 17 will not be memoized
2021-07-27 15:59:57.243 parsl.executors.high_throughput.executor:557 [DEBUG]  Pushing function <function MonitoringHub.monitor_wrapper.<locals>.wrapped at 0x7ffc1e66bf70> to queue with args (7, 3.0)
2021-07-27 15:59:57.245 parsl.monitoring.monitoring:274 [DEBUG]  Sending message MessageType.TASK_INFO, {'task_func_name': 'app_C', 'task_memoize': False, 'task_hashsum': None, 'task_fail_count': 0, 'task_status': <States.launched: 7>, 'task_id': 17, 'task_time_invoked': datetime.datetime(2021, 7, 27, 15, 59, 57, 31866), 'task_try_time_launched': datetime.datetime(2021, 7, 27, 15, 59, 57, 242860), 'task_time_returned': None, 'task_try_time_returned': None, 'task_executor': 'htex_Local', 'run_id': '94cd5899-20fb-42a5-a7d2-d73869780ad0', 'try_id': 0, 'timestamp': datetime.datetime(2021, 7, 27, 15, 59, 57, 245416), 'task_status_name': 'launched', 'tasks_failed_count': 0, 'tasks_completed_count': 17, 'tasks_memo_completed_count': 0, 'from_memo': False, 'task_inputs': 'None', 'task_outputs': 'None', 'task_stdin': None, 'task_stdout': None, 'task_stderr': None, 'task_fail_history': '', 'task_depends': '15,16', 'task_joins': None}
2021-07-27 15:59:57.246 parsl.dataflow.dflow:591 [INFO]  Task 17 launched on executor htex_Local
2021-07-27 15:59:57.246 parsl.monitoring.monitoring:274 [DEBUG]  Sending message MessageType.TASK_INFO, {'task_func_name': 'app_A', 'task_memoize': False, 'task_hashsum': None, 'task_fail_count': 0, 'task_status': <States.exec_done: 3>, 'task_id': 15, 'task_time_invoked': datetime.datetime(2021, 7, 27, 15, 59, 57, 24159), 'task_try_time_launched': datetime.datetime(2021, 7, 27, 15, 59, 57, 26013), 'task_time_returned': datetime.datetime(2021, 7, 27, 15, 59, 57, 241988), 'task_try_time_returned': datetime.datetime(2021, 7, 27, 15, 59, 57, 241690), 'task_executor': 'htex_Local', 'run_id': '94cd5899-20fb-42a5-a7d2-d73869780ad0', 'try_id': 0, 'timestamp': datetime.datetime(2021, 7, 27, 15, 59, 57, 246410), 'task_status_name': 'exec_done', 'tasks_failed_count': 0, 'tasks_completed_count': 17, 'tasks_memo_completed_count': 0, 'from_memo': False, 'task_inputs': 'None', 'task_outputs': 'None', 'task_stdin': None, 'task_stdout': None, 'task_stderr': None, 'task_fail_history': '', 'task_depends': '', 'task_joins': None}
2021-07-27 15:59:57.442 parsl.dataflow.dflow:442 [INFO]  Task 17 completed (launched -> exec_done)
2021-07-27 15:59:57.443 parsl.dataflow.dflow:1166 [WARNING]  No tasks checkpointed so far in this run. Please ensure caching is enabled
2021-07-27 15:59:57.443 parsl.dataflow.memoization:229 [DEBUG]  Task 18 will not be memoized
2021-07-27 15:59:57.443 parsl.executors.high_throughput.executor:557 [DEBUG]  Pushing function <function MonitoringHub.monitor_wrapper.<locals>.wrapped at 0x7ffc1e67a1f0> to queue with args (10, 7, 10.0)
2021-07-27 15:59:57.445 parsl.monitoring.monitoring:274 [DEBUG]  Sending message MessageType.TASK_INFO, {'task_func_name': 'app_D', 'task_memoize': False, 'task_hashsum': None, 'task_fail_count': 0, 'task_status': <States.launched: 7>, 'task_id': 18, 'task_time_invoked': datetime.datetime(2021, 7, 27, 15, 59, 57, 32533), 'task_try_time_launched': datetime.datetime(2021, 7, 27, 15, 59, 57, 443520), 'task_time_returned': None, 'task_try_time_returned': None, 'task_executor': 'htex_Local', 'run_id': '94cd5899-20fb-42a5-a7d2-d73869780ad0', 'try_id': 0, 'timestamp': datetime.datetime(2021, 7, 27, 15, 59, 57, 445339), 'task_status_name': 'launched', 'tasks_failed_count': 0, 'tasks_completed_count': 18, 'tasks_memo_completed_count': 0, 'from_memo': False, 'task_inputs': 'None', 'task_outputs': 'None', 'task_stdin': None, 'task_stdout': None, 'task_stderr': None, 'task_fail_history': '', 'task_depends': '17', 'task_joins': None}
2021-07-27 15:59:57.446 parsl.dataflow.dflow:591 [INFO]  Task 18 launched on executor htex_Local
2021-07-27 15:59:57.446 parsl.monitoring.monitoring:274 [DEBUG]  Sending message MessageType.TASK_INFO, {'task_func_name': 'app_C', 'task_memoize': False, 'task_hashsum': None, 'task_fail_count': 0, 'task_status': <States.exec_done: 3>, 'task_id': 17, 'task_time_invoked': datetime.datetime(2021, 7, 27, 15, 59, 57, 31866), 'task_try_time_launched': datetime.datetime(2021, 7, 27, 15, 59, 57, 242860), 'task_time_returned': datetime.datetime(2021, 7, 27, 15, 59, 57, 442846), 'task_try_time_returned': datetime.datetime(2021, 7, 27, 15, 59, 57, 442692), 'task_executor': 'htex_Local', 'run_id': '94cd5899-20fb-42a5-a7d2-d73869780ad0', 'try_id': 0, 'timestamp': datetime.datetime(2021, 7, 27, 15, 59, 57, 446217), 'task_status_name': 'exec_done', 'tasks_failed_count': 0, 'tasks_completed_count': 18, 'tasks_memo_completed_count': 0, 'from_memo': False, 'task_inputs': 'None', 'task_outputs': 'None', 'task_stdin': None, 'task_stdout': None, 'task_stderr': None, 'task_fail_history': '', 'task_depends': '15,16', 'task_joins': None}
2021-07-27 15:59:57.662 parsl.dataflow.dflow:442 [INFO]  Task 18 completed (launched -> exec_done)
2021-07-27 15:59:57.663 parsl.dataflow.dflow:1166 [WARNING]  No tasks checkpointed so far in this run. Please ensure caching is enabled
2021-07-27 15:59:57.667 parsl.dataflow.memoization:229 [DEBUG]  Task 19 will not be memoized
2021-07-27 15:59:57.673 parsl.executors.high_throughput.executor:557 [DEBUG]  Pushing function <function MonitoringHub.monitor_wrapper.<locals>.wrapped at 0x7ffc1e67a430> to queue with args (7.0,)
2021-07-27 15:59:57.676 parsl.monitoring.monitoring:274 [DEBUG]  Sending message MessageType.TASK_INFO, {'task_func_name': 'app_E', 'task_memoize': False, 'task_hashsum': None, 'task_fail_count': 0, 'task_status': <States.launched: 7>, 'task_id': 19, 'task_time_invoked': datetime.datetime(2021, 7, 27, 15, 59, 57, 33148), 'task_try_time_launched': datetime.datetime(2021, 7, 27, 15, 59, 57, 667719), 'task_time_returned': None, 'task_try_time_returned': None, 'task_executor': 'htex_Local', 'run_id': '94cd5899-20fb-42a5-a7d2-d73869780ad0', 'try_id': 0, 'timestamp': datetime.datetime(2021, 7, 27, 15, 59, 57, 675847), 'task_status_name': 'launched', 'tasks_failed_count': 0, 'tasks_completed_count': 19, 'tasks_memo_completed_count': 0, 'from_memo': False, 'task_inputs': 'None', 'task_outputs': 'None', 'task_stdin': None, 'task_stdout': None, 'task_stderr': None, 'task_fail_history': '', 'task_depends': '18', 'task_joins': None}
2021-07-27 15:59:57.677 parsl.dataflow.dflow:591 [INFO]  Task 19 launched on executor htex_Local
2021-07-27 15:59:57.678 parsl.monitoring.monitoring:274 [DEBUG]  Sending message MessageType.TASK_INFO, {'task_func_name': 'app_D', 'task_memoize': False, 'task_hashsum': None, 'task_fail_count': 0, 'task_status': <States.exec_done: 3>, 'task_id': 18, 'task_time_invoked': datetime.datetime(2021, 7, 27, 15, 59, 57, 32533), 'task_try_time_launched': datetime.datetime(2021, 7, 27, 15, 59, 57, 443520), 'task_time_returned': datetime.datetime(2021, 7, 27, 15, 59, 57, 662710), 'task_try_time_returned': datetime.datetime(2021, 7, 27, 15, 59, 57, 662404), 'task_executor': 'htex_Local', 'run_id': '94cd5899-20fb-42a5-a7d2-d73869780ad0', 'try_id': 0, 'timestamp': datetime.datetime(2021, 7, 27, 15, 59, 57, 677494), 'task_status_name': 'exec_done', 'tasks_failed_count': 0, 'tasks_completed_count': 19, 'tasks_memo_completed_count': 0, 'from_memo': False, 'task_inputs': 'None', 'task_outputs': 'None', 'task_stdin': None, 'task_stdout': None, 'task_stderr': None, 'task_fail_history': '', 'task_depends': '17', 'task_joins': None}
2021-07-27 15:59:57.855 parsl.dataflow.dflow:442 [INFO]  Task 19 completed (launched -> exec_done)
2021-07-27 15:59:57.856 parsl.dataflow.dflow:1037 [INFO]  DFK cleanup initiated
2021-07-27 15:59:57.856 parsl.dataflow.dflow:927 [INFO]  Summary of tasks in DFK:
2021-07-27 15:59:57.857 parsl.dataflow.dflow:941 [INFO]  Tasks in state States.exec_done: 20
2021-07-27 15:59:57.857 parsl.dataflow.dflow:947 [INFO]  End of summary
2021-07-27 15:59:57.857 parsl.dataflow.dflow:1166 [WARNING]  No tasks checkpointed so far in this run. Please ensure caching is enabled
2021-07-27 15:59:57.858 parsl.monitoring.monitoring:274 [DEBUG]  Sending message MessageType.TASK_INFO, {'task_func_name': 'app_E', 'task_memoize': False, 'task_hashsum': None, 'task_fail_count': 0, 'task_status': <States.exec_done: 3>, 'task_id': 19, 'task_time_invoked': datetime.datetime(2021, 7, 27, 15, 59, 57, 33148), 'task_try_time_launched': datetime.datetime(2021, 7, 27, 15, 59, 57, 667719), 'task_time_returned': datetime.datetime(2021, 7, 27, 15, 59, 57, 855866), 'task_try_time_returned': datetime.datetime(2021, 7, 27, 15, 59, 57, 855613), 'task_executor': 'htex_Local', 'run_id': '94cd5899-20fb-42a5-a7d2-d73869780ad0', 'try_id': 0, 'timestamp': datetime.datetime(2021, 7, 27, 15, 59, 57, 857966), 'task_status_name': 'exec_done', 'tasks_failed_count': 0, 'tasks_completed_count': 20, 'tasks_memo_completed_count': 0, 'from_memo': False, 'task_inputs': 'None', 'task_outputs': 'None', 'task_stdin': None, 'task_stdout': None, 'task_stderr': None, 'task_fail_history': '', 'task_depends': '18', 'task_joins': None}
2021-07-27 15:59:57.859 parsl.dataflow.dflow:1166 [WARNING]  No tasks checkpointed so far in this run. Please ensure caching is enabled
2021-07-27 15:59:57.860 parsl.dataflow.dflow:1061 [INFO]  Terminating flow_control and strategy threads
2021-07-27 15:59:57.863 parsl.executors.high_throughput.executor:688 [DEBUG]  Current blocks : {'0': '27418', '1': '27425'}
2021-07-27 15:59:57.865 parsl.executors.high_throughput.executor:521 [DEBUG]  [HOLD_BLOCK]: Sending hold to manager: 4d3298d56dca
2021-07-27 15:59:57.868 parsl.executors.high_throughput.executor:490 [DEBUG]  Sent hold request to worker: 4d3298d56dca
2021-07-27 15:59:57.869 parsl.executors.high_throughput.executor:521 [DEBUG]  [HOLD_BLOCK]: Sending hold to manager: a45ef64983cc
2021-07-27 15:59:57.872 parsl.executors.high_throughput.executor:490 [DEBUG]  Sent hold request to worker: a45ef64983cc
2021-07-27 15:59:57.872 parsl.providers.local.local:266 [DEBUG]  Terminating job/proc_id: 27418
2021-07-27 15:59:57.899 parsl.providers.local.local:266 [DEBUG]  Terminating job/proc_id: 27425
2021-07-27 15:59:57.934 parsl.dataflow.dflow:1074 [DEBUG]  Sending message [{'run_id': '94cd5899-20fb-42a5-a7d2-d73869780ad0', 'status': 'CANCELLED', 'timestamp': datetime.datetime(2021, 7, 27, 15, 59, 57, 934140), 'executor_label': 'htex_Local', 'job_id': '27418', 'block_id': '0'}, {'run_id': '94cd5899-20fb-42a5-a7d2-d73869780ad0', 'status': 'CANCELLED', 'timestamp': datetime.datetime(2021, 7, 27, 15, 59, 57, 934243), 'executor_label': 'htex_Local', 'job_id': '27425', 'block_id': '1'}] to hub from DFK
2021-07-27 15:59:57.935 parsl.monitoring.monitoring:274 [DEBUG]  Sending message MessageType.BLOCK_INFO, [{'run_id': '94cd5899-20fb-42a5-a7d2-d73869780ad0', 'status': 'CANCELLED', 'timestamp': datetime.datetime(2021, 7, 27, 15, 59, 57, 934140), 'executor_label': 'htex_Local', 'job_id': '27418', 'block_id': '0'}, {'run_id': '94cd5899-20fb-42a5-a7d2-d73869780ad0', 'status': 'CANCELLED', 'timestamp': datetime.datetime(2021, 7, 27, 15, 59, 57, 934243), 'executor_label': 'htex_Local', 'job_id': '27425', 'block_id': '1'}]
2021-07-27 15:59:57.936 parsl.executors.high_throughput.executor:727 [INFO]  Attempting HighThroughputExecutor shutdown
2021-07-27 15:59:57.936 parsl.executors.high_throughput.executor:729 [INFO]  Finished HighThroughputExecutor shutdown attempt
2021-07-27 15:59:57.936 parsl.executors.threads:101 [DEBUG]  Done with executor shutdown
2021-07-27 15:59:57.937 parsl.monitoring.monitoring:274 [DEBUG]  Sending message MessageType.WORKFLOW_INFO, {'tasks_failed_count': 0, 'tasks_completed_count': 20, 'time_began': datetime.datetime(2021, 7, 27, 15, 59, 52, 381453), 'time_completed': datetime.datetime(2021, 7, 27, 15, 59, 57, 937069), 'run_id': '94cd5899-20fb-42a5-a7d2-d73869780ad0', 'rundir': '/Users/ananthhariharan/Documents/Code/GitHub/Parsl-Project/runinfo/027'}
2021-07-27 15:59:57.938 parsl.monitoring.monitoring:283 [INFO]  Terminating Monitoring Hub
2021-07-27 15:59:57.940 parsl.monitoring.monitoring:300 [INFO]  Waiting for Hub to receive all messages and terminate
2021-07-27 16:00:00.979 parsl.process_loggers:28 [DEBUG]  Normal ending for router_starter on thread MainThread
2021-07-27 16:00:00.984 parsl.monitoring.monitoring:302 [DEBUG]  Finished waiting for Hub termination
2021-07-27 16:00:01.144 parsl.monitoring.monitoring:306 [DEBUG]  Finished waiting for DBM termination
2021-07-27 16:00:01.145 parsl.dataflow.dflow:1090 [INFO]  DFK cleanup complete
