2021-07-16 19:29:38.154 parsl:626 Rank:0 [INFO]  Python version: 3.8.8 (default, Apr 13 2021, 12:59:45) 
[Clang 10.0.0 ]
2021-07-16 19:29:38.154 parsl:627 Rank:0 [INFO]  Debug logging: True
2021-07-16 19:29:38.154 parsl:628 Rank:0 [INFO]  Log dir: /Users/ananthhariharan/Documents/Code/GitHub/Parsl-Project/runinfo/011/htex_Local
2021-07-16 19:29:38.155 parsl:629 Rank:0 [INFO]  Manager ID: ec4aeb2916d1
2021-07-16 19:29:38.155 parsl:630 Rank:0 [INFO]  Block ID: 0
2021-07-16 19:29:38.155 parsl:631 Rank:0 [INFO]  cores_per_worker: 1
2021-07-16 19:29:38.155 parsl:632 Rank:0 [INFO]  mem_per_worker: None
2021-07-16 19:29:38.155 parsl:633 Rank:0 [INFO]  task_port: 54336
2021-07-16 19:29:38.155 parsl:634 Rank:0 [INFO]  result_port: 54705
2021-07-16 19:29:38.155 parsl:635 Rank:0 [INFO]  addresses: Ananths-Macbook.local,206.189.29.228,10.31.2.198
2021-07-16 19:29:38.155 parsl:636 Rank:0 [INFO]  max_workers: 3
2021-07-16 19:29:38.155 parsl:637 Rank:0 [INFO]  poll_period: 100
2021-07-16 19:29:38.155 parsl:638 Rank:0 [INFO]  address_probe_timeout: 30
2021-07-16 19:29:38.155 parsl:639 Rank:0 [INFO]  Prefetch capacity: 0
2021-07-16 19:29:38.155 parsl:640 Rank:0 [INFO]  Heartbeat threshold: 5
2021-07-16 19:29:38.155 parsl:641 Rank:0 [INFO]  Heartbeat period: 2
2021-07-16 19:29:38.155 parsl:642 Rank:0 [INFO]  CPU affinity: none
2021-07-16 19:29:38.155 parsl:118 Rank:0 [INFO]  Manager started
2021-07-16 19:29:38.156 parsl.executors.high_throughput.probe:34 Rank:0 [DEBUG]  Trying to connect back on tcp://Ananths-Macbook.local:54336
2021-07-16 19:29:38.156 parsl.executors.high_throughput.probe:34 Rank:0 [DEBUG]  Trying to connect back on tcp://206.189.29.228:54336
2021-07-16 19:29:38.157 parsl.executors.high_throughput.probe:34 Rank:0 [DEBUG]  Trying to connect back on tcp://10.31.2.198:54336
2021-07-16 19:29:38.400 parsl.executors.high_throughput.probe:47 Rank:0 [INFO]  Connected to interchange on Ananths-Macbook.local
2021-07-16 19:29:38.404 parsl:125 Rank:0 [INFO]  Connection to Interchange successful on Ananths-Macbook.local
2021-07-16 19:29:38.404 parsl:128 Rank:0 [INFO]  Task url : tcp://Ananths-Macbook.local:54336
2021-07-16 19:29:38.404 parsl:129 Rank:0 [INFO]  Result url : tcp://Ananths-Macbook.local:54705
2021-07-16 19:29:38.405 parsl:147 Rank:0 [INFO]  Manager connected
2021-07-16 19:29:38.406 parsl:173 Rank:0 [INFO]  Manager will spawn 3 workers
2021-07-16 19:29:38.473 parsl:401 Rank:0 [DEBUG]  Manager synced with workers
2021-07-16 19:29:38.477 parsl:226 Rank:0 [INFO]  [TASK PULL THREAD] starting
2021-07-16 19:29:38.478 parsl:232 Rank:0 [DEBUG]  Sending registration message: b'{"parsl_v": "1.1.0", "python_v": "3.8.8", "worker_count": 3, "uid": "ec4aeb2916d1", "block_id": "0", "prefetch_capacity": 0, "max_capacity": 3, "os": "Darwin", "hostname": "Ananths-Macbook.local", "dir": "/Users/ananthhariharan/Documents/Code/GitHub/Parsl-Project", "cpu_count": 2, "total_memory": 8589934592}'
2021-07-16 19:29:38.479 parsl:244 Rank:0 [DEBUG]  [TASK_PULL_THREAD] ready workers:0, pending tasks:0
2021-07-16 19:29:38.480 parsl:307 Rank:0 [DEBUG]  [RESULT_PUSH_THREAD] Starting thread
2021-07-16 19:29:38.480 parsl:310 Rank:0 [DEBUG]  [RESULT_PUSH_THREAD] push poll period: 0.1
2021-07-16 19:29:38.481 parsl:344 Rank:0 [DEBUG]  [WORKER_WATCHDOG_THREAD] Starting thread
2021-07-16 19:29:38.482 parsl:416 Rank:0 [INFO]  Loop start
2021-07-16 19:29:38.585 parsl:283 Rank:0 [DEBUG]  [TASK_PULL_THREAD] No incoming tasks
2021-07-16 19:29:38.585 parsl:244 Rank:0 [DEBUG]  [TASK_PULL_THREAD] ready workers:3, pending tasks:0
2021-07-16 19:29:38.586 parsl:252 Rank:0 [DEBUG]  [TASK_PULL_THREAD] Requesting tasks: 3
2021-07-16 19:29:38.590 parsl:274 Rank:0 [DEBUG]  [TASK_PULL_THREAD] Got tasks: [1] of 1
2021-07-16 19:29:38.592 parsl:244 Rank:0 [DEBUG]  [TASK_PULL_THREAD] ready workers:3, pending tasks:1
2021-07-16 19:29:38.592 parsl:252 Rank:0 [DEBUG]  [TASK_PULL_THREAD] Requesting tasks: 3
2021-07-16 19:29:38.593 parsl:283 Rank:0 [DEBUG]  [TASK_PULL_THREAD] No incoming tasks
2021-07-16 19:29:38.593 parsl:244 Rank:0 [DEBUG]  [TASK_PULL_THREAD] ready workers:3, pending tasks:0
2021-07-16 19:29:38.593 parsl:252 Rank:0 [DEBUG]  [TASK_PULL_THREAD] Requesting tasks: 3
2021-07-16 19:29:38.602 parsl.process_loggers:28 Rank:0 [DEBUG]  Normal ending for send_first_message on thread MainThread
2021-07-16 19:29:38.799 parsl:283 Rank:0 [DEBUG]  [TASK_PULL_THREAD] No incoming tasks
2021-07-16 19:29:38.799 parsl:244 Rank:0 [DEBUG]  [TASK_PULL_THREAD] ready workers:3, pending tasks:0
2021-07-16 19:29:38.799 parsl:252 Rank:0 [DEBUG]  [TASK_PULL_THREAD] Requesting tasks: 3
2021-07-16 19:29:38.804 parsl:274 Rank:0 [DEBUG]  [TASK_PULL_THREAD] Got tasks: [2, 3] of 3
2021-07-16 19:29:38.804 parsl:244 Rank:0 [DEBUG]  [TASK_PULL_THREAD] ready workers:3, pending tasks:2
2021-07-16 19:29:38.805 parsl:252 Rank:0 [DEBUG]  [TASK_PULL_THREAD] Requesting tasks: 3
2021-07-16 19:29:38.805 parsl:283 Rank:0 [DEBUG]  [TASK_PULL_THREAD] No incoming tasks
2021-07-16 19:29:38.805 parsl:244 Rank:0 [DEBUG]  [TASK_PULL_THREAD] ready workers:3, pending tasks:0
2021-07-16 19:29:38.806 parsl:252 Rank:0 [DEBUG]  [TASK_PULL_THREAD] Requesting tasks: 3
2021-07-16 19:29:38.815 parsl.process_loggers:28 Rank:0 [DEBUG]  Normal ending for send_first_message on thread MainThread
2021-07-16 19:29:38.815 parsl.process_loggers:28 Rank:0 [DEBUG]  Normal ending for send_first_message on thread MainThread
2021-07-16 19:29:39.007 parsl:283 Rank:0 [DEBUG]  [TASK_PULL_THREAD] No incoming tasks
2021-07-16 19:29:39.007 parsl:244 Rank:0 [DEBUG]  [TASK_PULL_THREAD] ready workers:3, pending tasks:0
2021-07-16 19:29:39.007 parsl:252 Rank:0 [DEBUG]  [TASK_PULL_THREAD] Requesting tasks: 3
2021-07-16 19:29:39.011 parsl:274 Rank:0 [DEBUG]  [TASK_PULL_THREAD] Got tasks: [4] of 4
2021-07-16 19:29:39.012 parsl:244 Rank:0 [DEBUG]  [TASK_PULL_THREAD] ready workers:3, pending tasks:1
2021-07-16 19:29:39.012 parsl:252 Rank:0 [DEBUG]  [TASK_PULL_THREAD] Requesting tasks: 3
2021-07-16 19:29:39.012 parsl:283 Rank:0 [DEBUG]  [TASK_PULL_THREAD] No incoming tasks
2021-07-16 19:29:39.013 parsl:244 Rank:0 [DEBUG]  [TASK_PULL_THREAD] ready workers:3, pending tasks:0
2021-07-16 19:29:39.013 parsl:252 Rank:0 [DEBUG]  [TASK_PULL_THREAD] Requesting tasks: 3
2021-07-16 19:29:39.017 parsl.process_loggers:28 Rank:0 [DEBUG]  Normal ending for send_first_message on thread MainThread
2021-07-16 19:29:39.219 parsl:283 Rank:0 [DEBUG]  [TASK_PULL_THREAD] No incoming tasks
2021-07-16 19:29:39.219 parsl:244 Rank:0 [DEBUG]  [TASK_PULL_THREAD] ready workers:3, pending tasks:0
2021-07-16 19:29:39.219 parsl:252 Rank:0 [DEBUG]  [TASK_PULL_THREAD] Requesting tasks: 3
2021-07-16 19:29:39.224 parsl:274 Rank:0 [DEBUG]  [TASK_PULL_THREAD] Got tasks: [5] of 5
2021-07-16 19:29:39.225 parsl:244 Rank:0 [DEBUG]  [TASK_PULL_THREAD] ready workers:3, pending tasks:1
2021-07-16 19:29:39.225 parsl:252 Rank:0 [DEBUG]  [TASK_PULL_THREAD] Requesting tasks: 3
2021-07-16 19:29:39.225 parsl:283 Rank:0 [DEBUG]  [TASK_PULL_THREAD] No incoming tasks
2021-07-16 19:29:39.226 parsl:244 Rank:0 [DEBUG]  [TASK_PULL_THREAD] ready workers:3, pending tasks:0
2021-07-16 19:29:39.226 parsl:252 Rank:0 [DEBUG]  [TASK_PULL_THREAD] Requesting tasks: 3
2021-07-16 19:29:39.230 parsl.process_loggers:28 Rank:0 [DEBUG]  Normal ending for send_first_message on thread MainThread
2021-07-16 19:29:39.427 parsl:283 Rank:0 [DEBUG]  [TASK_PULL_THREAD] No incoming tasks
2021-07-16 19:29:39.428 parsl:244 Rank:0 [DEBUG]  [TASK_PULL_THREAD] ready workers:3, pending tasks:0
2021-07-16 19:29:39.428 parsl:252 Rank:0 [DEBUG]  [TASK_PULL_THREAD] Requesting tasks: 3
2021-07-16 19:29:39.432 parsl:274 Rank:0 [DEBUG]  [TASK_PULL_THREAD] Got tasks: [6] of 6
2021-07-16 19:29:39.433 parsl:244 Rank:0 [DEBUG]  [TASK_PULL_THREAD] ready workers:3, pending tasks:1
2021-07-16 19:29:39.433 parsl:252 Rank:0 [DEBUG]  [TASK_PULL_THREAD] Requesting tasks: 3
2021-07-16 19:29:39.434 parsl:283 Rank:0 [DEBUG]  [TASK_PULL_THREAD] No incoming tasks
2021-07-16 19:29:39.434 parsl:244 Rank:0 [DEBUG]  [TASK_PULL_THREAD] ready workers:3, pending tasks:0
2021-07-16 19:29:39.434 parsl:252 Rank:0 [DEBUG]  [TASK_PULL_THREAD] Requesting tasks: 3
2021-07-16 19:29:39.438 parsl.process_loggers:28 Rank:0 [DEBUG]  Normal ending for send_first_message on thread MainThread
