2021-07-19 09:00:05.979 parsl.dataflow.dflow:84 [DEBUG]  Starting DataFlowKernel with config
Config(
    app_cache=True, 
    checkpoint_files=None, 
    checkpoint_mode='task_exit', 
    checkpoint_period=None, 
    executors=[HighThroughputExecutor(
        address=None, 
        address_probe_timeout=None, 
        cores_per_worker=1, 
        cpu_affinity='none', 
        heartbeat_period=2, 
        heartbeat_threshold=5, 
        interchange_port_range=(55000, 56000), 
        label='htex_Local', 
        launch_cmd='process_worker_pool.py {debug} {max_workers} -a {addresses} -p {prefetch_capacity} -c {cores_per_worker} -m {mem_per_worker} --poll {poll_period} --task_port={task_port} --result_port={result_port} --logdir={logdir} --block_id={{block_id}} --hb_period={heartbeat_period} {address_probe_timeout_string} --hb_threshold={heartbeat_threshold} --cpu-affinity {cpu_affinity} ', 
        managed=True, 
        max_workers=3, 
        mem_per_worker=None, 
        poll_period=100, 
        prefetch_capacity=0, 
        provider=LocalProvider(
            channel=LocalChannel(
                envs={}, 
                script_dir=None, 
                userhome='/Users/ananthhariharan/Documents/Code/GitHub/Parsl-Project'
            ), 
            cmd_timeout=30, 
            init_blocks=0, 
            launcher=SingleNodeLauncher(debug=True, fail_on_any=False), 
            max_blocks=5, 
            min_blocks=0, 
            move_files=None, 
            nodes_per_block=1, 
            parallelism=1, 
            worker_init=''
        ), 
        storage_access=[FTPInTaskStaging(), HTTPInTaskStaging(), NoOpFileStaging()], 
        worker_debug=True, 
        worker_logdir_root=None, 
        worker_port_range=(54000, 55000), 
        worker_ports=None, 
        working_dir='/Users/ananthhariharan/Documents/Code/GitHub/Parsl-Project/test_htex_alternate'
    )], 
    garbage_collect=True, 
    initialize_logging=True, 
    internal_tasks_max_threads=10, 
    max_idletime=120.0, 
    monitoring=MonitoringHub(
        'localhost',
        client_address='127.0.0.1', 
        client_port_range=(55000, 56000), 
        hub_port=55055, 
        hub_port_range=(55050, 56000), 
        logdir=None, 
        logging_endpoint='sqlite:///monitoring.db', 
        monitoring_debug=False, 
        resource_monitoring_enabled=True, 
        resource_monitoring_interval=1, 
        workflow_name=None, 
        workflow_version=None
    ), 
    retries=2, 
    run_dir='runinfo', 
    strategy='simple', 
    usage_tracking=False
)
2021-07-19 09:00:05.979 parsl.dataflow.dflow:86 [INFO]  Parsl version: 1.1.0
2021-07-19 09:00:05.979 parsl.dataflow.usage_tracking.usage:125 [DEBUG]  Tracking status: False
2021-07-19 09:00:05.980 parsl.monitoring.monitoring:209 [INFO]  Monitoring Hub initialized
2021-07-19 09:00:05.980 parsl.monitoring.monitoring:211 [DEBUG]  Initializing ZMQ Pipes to client
2021-07-19 09:00:06.015 parsl.monitoring.monitoring:255 [INFO]  Started the Hub process 97170 and DBM process 97171
2021-07-19 09:00:06.032 parsl.dataflow.dflow:114 [INFO]  Run id is: 56acd361-53d9-4fc2-a6c5-588f15bc9539
2021-07-19 09:00:06.175 parsl.monitoring.monitoring:274 [DEBUG]  Sending message MessageType.WORKFLOW_INFO, {'python_version': '3.8.8', 'parsl_version': '1.1.0', 'time_began': datetime.datetime(2021, 7, 19, 9, 0, 6, 32339), 'time_completed': None, 'run_id': '56acd361-53d9-4fc2-a6c5-588f15bc9539', 'workflow_name': 'test.py', 'workflow_version': '2021-07-19 09:00:06', 'rundir': '/Users/ananthhariharan/Documents/Code/GitHub/Parsl-Project/runinfo/012', 'tasks_completed_count': 0, 'tasks_failed_count': 0, 'user': 'ananthhariharan', 'host': 'Ananths-Macbook.local'}
2021-07-19 09:00:06.176 parsl.dataflow.memoization:164 [INFO]  App caching initialized
2021-07-19 09:00:06.176 parsl.dataflow.strategy:127 [DEBUG]  Scaling strategy: simple
2021-07-19 09:00:06.179 parsl.executors.high_throughput.executor:468 [DEBUG]  Starting queue management thread
2021-07-19 09:00:06.180 parsl.executors.high_throughput.executor:358 [DEBUG]  [MTHREAD] queue management worker starting
2021-07-19 09:00:06.180 parsl.executors.high_throughput.executor:472 [DEBUG]  Started queue management thread
2021-07-19 09:00:06.196 parsl.executors.high_throughput.executor:319 [DEBUG]  Created management thread: <Thread(HTEX-Queue-Management-Thread, started daemon 123145347084288)>
2021-07-19 09:00:06.197 parsl.executors.high_throughput.executor:291 [DEBUG]  Launch command: process_worker_pool.py --debug --max_workers=3 -a 216.125.243.231,Ananths-Macbook.local,10.224.48.133 -p 0 -c 1 -m None --poll 100 --task_port=54953 --result_port=54067 --logdir=/Users/ananthhariharan/Documents/Code/GitHub/Parsl-Project/runinfo/012/htex_Local --block_id={block_id} --hb_period=2  --hb_threshold=5 --cpu-affinity none 
2021-07-19 09:00:06.197 parsl.executors.high_throughput.executor:294 [DEBUG]  Starting HighThroughputExecutor with provider:
LocalProvider(
    channel=LocalChannel(
        envs={}, 
        script_dir='/Users/ananthhariharan/Documents/Code/GitHub/Parsl-Project/runinfo/012/submit_scripts', 
        userhome='/Users/ananthhariharan/Documents/Code/GitHub/Parsl-Project'
    ), 
    cmd_timeout=30, 
    init_blocks=0, 
    launcher=SingleNodeLauncher(debug=True, fail_on_any=False), 
    max_blocks=5, 
    min_blocks=0, 
    move_files=None, 
    nodes_per_block=1, 
    parallelism=1, 
    worker_init=''
)
2021-07-19 09:00:06.203 parsl.dataflow.task_status_poller:114 [DEBUG]  Adding executor htex_Local
2021-07-19 09:00:06.204 parsl.dataflow.task_status_poller:37 [INFO]  Monitoring enabled on task status poller
2021-07-19 09:00:06.213 parsl.dataflow.dflow:802 [DEBUG]  Task 0 will be sent to executor htex_Local
2021-07-19 09:00:06.213 parsl.dataflow.dflow:628 [DEBUG]  Adding output dependencies
2021-07-19 09:00:06.213 parsl.dataflow.dflow:881 [INFO]  Task 0 submitted for App app_F, not waiting on any dependency
2021-07-19 09:00:06.213 parsl.dataflow.dflow:889 [DEBUG]  Task 0 set to pending state with AppFuture: <AppFuture super=<AppFuture at 0x7fa728f31130 state=pending>>
2021-07-19 09:00:06.213 parsl.monitoring.monitoring:274 [DEBUG]  Sending message MessageType.TASK_INFO, {'task_func_name': 'app_F', 'task_memoize': False, 'task_hashsum': None, 'task_fail_count': 0, 'task_status': <States.pending: 0>, 'task_id': 0, 'task_time_invoked': datetime.datetime(2021, 7, 19, 9, 0, 6, 213348), 'task_try_time_launched': None, 'task_time_returned': None, 'task_try_time_returned': None, 'task_executor': 'htex_Local', 'run_id': '56acd361-53d9-4fc2-a6c5-588f15bc9539', 'try_id': 0, 'timestamp': datetime.datetime(2021, 7, 19, 9, 0, 6, 213723), 'task_status_name': 'pending', 'tasks_failed_count': 0, 'tasks_completed_count': 0, 'tasks_memo_completed_count': 0, 'from_memo': None, 'task_inputs': 'None', 'task_outputs': 'None', 'task_stdin': None, 'task_stdout': None, 'task_stderr': None, 'task_fail_history': '', 'task_depends': '', 'task_joins': None}
2021-07-19 09:00:06.214 parsl.dataflow.memoization:229 [DEBUG]  Task 0 will not be memoized
2021-07-19 09:00:06.214 parsl.executors.high_throughput.executor:557 [DEBUG]  Pushing function <function MonitoringHub.monitor_wrapper.<locals>.wrapped at 0x7fa728f2fee0> to queue with args ()
2021-07-19 09:00:06.216 parsl.monitoring.monitoring:274 [DEBUG]  Sending message MessageType.TASK_INFO, {'task_func_name': 'app_F', 'task_memoize': False, 'task_hashsum': None, 'task_fail_count': 0, 'task_status': <States.launched: 7>, 'task_id': 0, 'task_time_invoked': datetime.datetime(2021, 7, 19, 9, 0, 6, 213348), 'task_try_time_launched': datetime.datetime(2021, 7, 19, 9, 0, 6, 214338), 'task_time_returned': None, 'task_try_time_returned': None, 'task_executor': 'htex_Local', 'run_id': '56acd361-53d9-4fc2-a6c5-588f15bc9539', 'try_id': 0, 'timestamp': datetime.datetime(2021, 7, 19, 9, 0, 6, 216715), 'task_status_name': 'launched', 'tasks_failed_count': 0, 'tasks_completed_count': 0, 'tasks_memo_completed_count': 0, 'from_memo': False, 'task_inputs': 'None', 'task_outputs': 'None', 'task_stdin': None, 'task_stdout': None, 'task_stderr': None, 'task_fail_history': '', 'task_depends': '', 'task_joins': None}
2021-07-19 09:00:06.217 parsl.dataflow.dflow:591 [INFO]  Task 0 launched on executor htex_Local
2021-07-19 09:00:07.178 parsl.dataflow.task_status_poller:52 [DEBUG]  Sending message [] to hub from task status poller
2021-07-19 09:00:07.186 parsl.dataflow.strategy:205 [DEBUG]  Executor htex_Local has 1 active tasks, 0/0 running/pending blocks, and 0 connected workers
2021-07-19 09:00:07.186 parsl.dataflow.strategy:265 [DEBUG]  Requesting 1 more blocks
2021-07-19 09:00:07.187 parsl.providers.local.local:217 [DEBUG]  Launching in remote mode
2021-07-19 09:00:07.241 parsl.executors.high_throughput.executor:620 [DEBUG]  Launched block 0->97176
2021-07-19 09:00:07.242 parsl.dataflow.task_status_poller:52 [DEBUG]  Sending message [{'run_id': '56acd361-53d9-4fc2-a6c5-588f15bc9539', 'status': 'PENDING', 'timestamp': datetime.datetime(2021, 7, 19, 9, 0, 7, 242132), 'executor_label': 'htex_Local', 'job_id': '97176', 'block_id': '0'}] to hub from task status poller
2021-07-19 09:00:08.370 parsl.dataflow.dflow:442 [INFO]  Task 0 completed (launched -> exec_done)
2021-07-19 09:00:08.370 parsl.dataflow.dflow:802 [DEBUG]  Task 1 will be sent to executor htex_Local
2021-07-19 09:00:08.371 parsl.dataflow.dflow:628 [DEBUG]  Adding output dependencies
2021-07-19 09:00:08.371 parsl.dataflow.dflow:881 [INFO]  Task 1 submitted for App app_A, not waiting on any dependency
2021-07-19 09:00:08.372 parsl.dataflow.dflow:1166 [WARNING]  No tasks checkpointed so far in this run. Please ensure caching is enabled
2021-07-19 09:00:08.372 parsl.dataflow.dflow:889 [DEBUG]  Task 1 set to pending state with AppFuture: <AppFuture super=<AppFuture at 0x7fa728f44550 state=pending>>
2021-07-19 09:00:08.373 parsl.monitoring.monitoring:274 [DEBUG]  Sending message MessageType.TASK_INFO, {'task_func_name': 'app_F', 'task_memoize': False, 'task_hashsum': None, 'task_fail_count': 0, 'task_status': <States.exec_done: 3>, 'task_id': 0, 'task_time_invoked': datetime.datetime(2021, 7, 19, 9, 0, 6, 213348), 'task_try_time_launched': datetime.datetime(2021, 7, 19, 9, 0, 6, 214338), 'task_time_returned': datetime.datetime(2021, 7, 19, 9, 0, 8, 370531), 'task_try_time_returned': datetime.datetime(2021, 7, 19, 9, 0, 8, 370066), 'task_executor': 'htex_Local', 'run_id': '56acd361-53d9-4fc2-a6c5-588f15bc9539', 'try_id': 0, 'timestamp': datetime.datetime(2021, 7, 19, 9, 0, 8, 373077), 'task_status_name': 'exec_done', 'tasks_failed_count': 0, 'tasks_completed_count': 1, 'tasks_memo_completed_count': 0, 'from_memo': False, 'task_inputs': 'None', 'task_outputs': 'None', 'task_stdin': None, 'task_stdout': None, 'task_stderr': None, 'task_fail_history': '', 'task_depends': '', 'task_joins': None}
2021-07-19 09:00:08.374 parsl.monitoring.monitoring:274 [DEBUG]  Sending message MessageType.TASK_INFO, {'task_func_name': 'app_A', 'task_memoize': False, 'task_hashsum': None, 'task_fail_count': 0, 'task_status': <States.pending: 0>, 'task_id': 1, 'task_time_invoked': datetime.datetime(2021, 7, 19, 9, 0, 8, 371504), 'task_try_time_launched': None, 'task_time_returned': None, 'task_try_time_returned': None, 'task_executor': 'htex_Local', 'run_id': '56acd361-53d9-4fc2-a6c5-588f15bc9539', 'try_id': 0, 'timestamp': datetime.datetime(2021, 7, 19, 9, 0, 8, 373870), 'task_status_name': 'pending', 'tasks_failed_count': 0, 'tasks_completed_count': 1, 'tasks_memo_completed_count': 0, 'from_memo': None, 'task_inputs': 'None', 'task_outputs': 'None', 'task_stdin': None, 'task_stdout': None, 'task_stderr': None, 'task_fail_history': '', 'task_depends': '', 'task_joins': None}
2021-07-19 09:00:08.374 parsl.dataflow.memoization:229 [DEBUG]  Task 1 will not be memoized
2021-07-19 09:00:08.375 parsl.executors.high_throughput.executor:557 [DEBUG]  Pushing function <function MonitoringHub.monitor_wrapper.<locals>.wrapped at 0x7fa728f38280> to queue with args ()
2021-07-19 09:00:08.377 parsl.monitoring.monitoring:274 [DEBUG]  Sending message MessageType.TASK_INFO, {'task_func_name': 'app_A', 'task_memoize': False, 'task_hashsum': None, 'task_fail_count': 0, 'task_status': <States.launched: 7>, 'task_id': 1, 'task_time_invoked': datetime.datetime(2021, 7, 19, 9, 0, 8, 371504), 'task_try_time_launched': datetime.datetime(2021, 7, 19, 9, 0, 8, 374850), 'task_time_returned': None, 'task_try_time_returned': None, 'task_executor': 'htex_Local', 'run_id': '56acd361-53d9-4fc2-a6c5-588f15bc9539', 'try_id': 0, 'timestamp': datetime.datetime(2021, 7, 19, 9, 0, 8, 377440), 'task_status_name': 'launched', 'tasks_failed_count': 0, 'tasks_completed_count': 1, 'tasks_memo_completed_count': 0, 'from_memo': False, 'task_inputs': 'None', 'task_outputs': 'None', 'task_stdin': None, 'task_stdout': None, 'task_stderr': None, 'task_fail_history': '', 'task_depends': '', 'task_joins': None}
2021-07-19 09:00:08.378 parsl.dataflow.dflow:591 [INFO]  Task 1 launched on executor htex_Local
2021-07-19 09:00:08.378 parsl.dataflow.dflow:802 [DEBUG]  Task 2 will be sent to executor htex_Local
2021-07-19 09:00:08.378 parsl.dataflow.dflow:628 [DEBUG]  Adding output dependencies
2021-07-19 09:00:08.378 parsl.dataflow.dflow:881 [INFO]  Task 2 submitted for App app_B, not waiting on any dependency
2021-07-19 09:00:08.378 parsl.dataflow.dflow:889 [DEBUG]  Task 2 set to pending state with AppFuture: <AppFuture super=<AppFuture at 0x7fa728f44b80 state=pending>>
2021-07-19 09:00:08.378 parsl.monitoring.monitoring:274 [DEBUG]  Sending message MessageType.TASK_INFO, {'task_func_name': 'app_B', 'task_memoize': False, 'task_hashsum': None, 'task_fail_count': 0, 'task_status': <States.pending: 0>, 'task_id': 2, 'task_time_invoked': datetime.datetime(2021, 7, 19, 9, 0, 8, 378491), 'task_try_time_launched': None, 'task_time_returned': None, 'task_try_time_returned': None, 'task_executor': 'htex_Local', 'run_id': '56acd361-53d9-4fc2-a6c5-588f15bc9539', 'try_id': 0, 'timestamp': datetime.datetime(2021, 7, 19, 9, 0, 8, 378726), 'task_status_name': 'pending', 'tasks_failed_count': 0, 'tasks_completed_count': 1, 'tasks_memo_completed_count': 0, 'from_memo': None, 'task_inputs': 'None', 'task_outputs': 'None', 'task_stdin': None, 'task_stdout': None, 'task_stderr': None, 'task_fail_history': '', 'task_depends': '', 'task_joins': None}
2021-07-19 09:00:08.379 parsl.dataflow.memoization:229 [DEBUG]  Task 2 will not be memoized
2021-07-19 09:00:08.379 parsl.executors.high_throughput.executor:557 [DEBUG]  Pushing function <function MonitoringHub.monitor_wrapper.<locals>.wrapped at 0x7fa728f384c0> to queue with args ()
2021-07-19 09:00:08.380 parsl.monitoring.monitoring:274 [DEBUG]  Sending message MessageType.TASK_INFO, {'task_func_name': 'app_B', 'task_memoize': False, 'task_hashsum': None, 'task_fail_count': 0, 'task_status': <States.launched: 7>, 'task_id': 2, 'task_time_invoked': datetime.datetime(2021, 7, 19, 9, 0, 8, 378491), 'task_try_time_launched': datetime.datetime(2021, 7, 19, 9, 0, 8, 379080), 'task_time_returned': None, 'task_try_time_returned': None, 'task_executor': 'htex_Local', 'run_id': '56acd361-53d9-4fc2-a6c5-588f15bc9539', 'try_id': 0, 'timestamp': datetime.datetime(2021, 7, 19, 9, 0, 8, 380559), 'task_status_name': 'launched', 'tasks_failed_count': 0, 'tasks_completed_count': 1, 'tasks_memo_completed_count': 0, 'from_memo': False, 'task_inputs': 'None', 'task_outputs': 'None', 'task_stdin': None, 'task_stdout': None, 'task_stderr': None, 'task_fail_history': '', 'task_depends': '', 'task_joins': None}
2021-07-19 09:00:08.381 parsl.dataflow.dflow:591 [INFO]  Task 2 launched on executor htex_Local
2021-07-19 09:00:08.381 parsl.dataflow.dflow:802 [DEBUG]  Task 3 will be sent to executor htex_Local
2021-07-19 09:00:08.381 parsl.dataflow.dflow:628 [DEBUG]  Adding output dependencies
2021-07-19 09:00:08.381 parsl.dataflow.dflow:881 [INFO]  Task 3 submitted for App app_C, waiting on task 1, task 2
2021-07-19 09:00:08.381 parsl.dataflow.dflow:889 [DEBUG]  Task 3 set to pending state with AppFuture: <AppFuture super=<AppFuture at 0x7fa728f4f400 state=pending>>
2021-07-19 09:00:08.382 parsl.monitoring.monitoring:274 [DEBUG]  Sending message MessageType.TASK_INFO, {'task_func_name': 'app_C', 'task_memoize': False, 'task_hashsum': None, 'task_fail_count': 0, 'task_status': <States.pending: 0>, 'task_id': 3, 'task_time_invoked': datetime.datetime(2021, 7, 19, 9, 0, 8, 381572), 'task_try_time_launched': None, 'task_time_returned': None, 'task_try_time_returned': None, 'task_executor': 'htex_Local', 'run_id': '56acd361-53d9-4fc2-a6c5-588f15bc9539', 'try_id': 0, 'timestamp': datetime.datetime(2021, 7, 19, 9, 0, 8, 381904), 'task_status_name': 'pending', 'tasks_failed_count': 0, 'tasks_completed_count': 1, 'tasks_memo_completed_count': 0, 'from_memo': None, 'task_inputs': 'None', 'task_outputs': 'None', 'task_stdin': None, 'task_stdout': None, 'task_stderr': None, 'task_fail_history': '', 'task_depends': '1,2', 'task_joins': None}
2021-07-19 09:00:08.382 parsl.dataflow.dflow:802 [DEBUG]  Task 4 will be sent to executor htex_Local
2021-07-19 09:00:08.382 parsl.dataflow.dflow:628 [DEBUG]  Adding output dependencies
2021-07-19 09:00:08.382 parsl.dataflow.dflow:881 [INFO]  Task 4 submitted for App app_D, waiting on task 3
2021-07-19 09:00:08.382 parsl.dataflow.dflow:889 [DEBUG]  Task 4 set to pending state with AppFuture: <AppFuture super=<AppFuture at 0x7fa728f4f5e0 state=pending>>
2021-07-19 09:00:08.382 parsl.monitoring.monitoring:274 [DEBUG]  Sending message MessageType.TASK_INFO, {'task_func_name': 'app_D', 'task_memoize': False, 'task_hashsum': None, 'task_fail_count': 0, 'task_status': <States.pending: 0>, 'task_id': 4, 'task_time_invoked': datetime.datetime(2021, 7, 19, 9, 0, 8, 382453), 'task_try_time_launched': None, 'task_time_returned': None, 'task_try_time_returned': None, 'task_executor': 'htex_Local', 'run_id': '56acd361-53d9-4fc2-a6c5-588f15bc9539', 'try_id': 0, 'timestamp': datetime.datetime(2021, 7, 19, 9, 0, 8, 382699), 'task_status_name': 'pending', 'tasks_failed_count': 0, 'tasks_completed_count': 1, 'tasks_memo_completed_count': 0, 'from_memo': None, 'task_inputs': 'None', 'task_outputs': 'None', 'task_stdin': None, 'task_stdout': None, 'task_stderr': None, 'task_fail_history': '', 'task_depends': '3', 'task_joins': None}
2021-07-19 09:00:08.383 parsl.dataflow.dflow:802 [DEBUG]  Task 5 will be sent to executor htex_Local
2021-07-19 09:00:08.383 parsl.dataflow.dflow:628 [DEBUG]  Adding output dependencies
2021-07-19 09:00:08.383 parsl.dataflow.dflow:881 [INFO]  Task 5 submitted for App app_E, waiting on task 4
2021-07-19 09:00:08.383 parsl.dataflow.dflow:889 [DEBUG]  Task 5 set to pending state with AppFuture: <AppFuture super=<AppFuture at 0x7fa728f4f760 state=pending>>
2021-07-19 09:00:08.384 parsl.monitoring.monitoring:274 [DEBUG]  Sending message MessageType.TASK_INFO, {'task_func_name': 'app_E', 'task_memoize': False, 'task_hashsum': None, 'task_fail_count': 0, 'task_status': <States.pending: 0>, 'task_id': 5, 'task_time_invoked': datetime.datetime(2021, 7, 19, 9, 0, 8, 383549), 'task_try_time_launched': None, 'task_time_returned': None, 'task_try_time_returned': None, 'task_executor': 'htex_Local', 'run_id': '56acd361-53d9-4fc2-a6c5-588f15bc9539', 'try_id': 0, 'timestamp': datetime.datetime(2021, 7, 19, 9, 0, 8, 384035), 'task_status_name': 'pending', 'tasks_failed_count': 0, 'tasks_completed_count': 1, 'tasks_memo_completed_count': 0, 'from_memo': None, 'task_inputs': 'None', 'task_outputs': 'None', 'task_stdin': None, 'task_stdout': None, 'task_stderr': None, 'task_fail_history': '', 'task_depends': '4', 'task_joins': None}
2021-07-19 09:00:08.579 parsl.dataflow.dflow:442 [INFO]  Task 2 completed (launched -> exec_done)
2021-07-19 09:00:08.581 parsl.dataflow.dflow:1166 [WARNING]  No tasks checkpointed so far in this run. Please ensure caching is enabled
2021-07-19 09:00:08.582 parsl.monitoring.monitoring:274 [DEBUG]  Sending message MessageType.TASK_INFO, {'task_func_name': 'app_B', 'task_memoize': False, 'task_hashsum': None, 'task_fail_count': 0, 'task_status': <States.exec_done: 3>, 'task_id': 2, 'task_time_invoked': datetime.datetime(2021, 7, 19, 9, 0, 8, 378491), 'task_try_time_launched': datetime.datetime(2021, 7, 19, 9, 0, 8, 379080), 'task_time_returned': datetime.datetime(2021, 7, 19, 9, 0, 8, 580201), 'task_try_time_returned': datetime.datetime(2021, 7, 19, 9, 0, 8, 579836), 'task_executor': 'htex_Local', 'run_id': '56acd361-53d9-4fc2-a6c5-588f15bc9539', 'try_id': 0, 'timestamp': datetime.datetime(2021, 7, 19, 9, 0, 8, 581626), 'task_status_name': 'exec_done', 'tasks_failed_count': 0, 'tasks_completed_count': 2, 'tasks_memo_completed_count': 0, 'from_memo': False, 'task_inputs': 'None', 'task_outputs': 'None', 'task_stdin': None, 'task_stdout': None, 'task_stderr': None, 'task_fail_history': '', 'task_depends': '', 'task_joins': None}
2021-07-19 09:00:08.582 parsl.dataflow.dflow:442 [INFO]  Task 1 completed (launched -> exec_done)
2021-07-19 09:00:08.584 parsl.dataflow.dflow:1166 [WARNING]  No tasks checkpointed so far in this run. Please ensure caching is enabled
2021-07-19 09:00:08.584 parsl.dataflow.memoization:229 [DEBUG]  Task 3 will not be memoized
2021-07-19 09:00:08.585 parsl.executors.high_throughput.executor:557 [DEBUG]  Pushing function <function MonitoringHub.monitor_wrapper.<locals>.wrapped at 0x7fa728f38940> to queue with args (7, 3.0)
2021-07-19 09:00:08.588 parsl.monitoring.monitoring:274 [DEBUG]  Sending message MessageType.TASK_INFO, {'task_func_name': 'app_C', 'task_memoize': False, 'task_hashsum': None, 'task_fail_count': 0, 'task_status': <States.launched: 7>, 'task_id': 3, 'task_time_invoked': datetime.datetime(2021, 7, 19, 9, 0, 8, 381572), 'task_try_time_launched': datetime.datetime(2021, 7, 19, 9, 0, 8, 584531), 'task_time_returned': None, 'task_try_time_returned': None, 'task_executor': 'htex_Local', 'run_id': '56acd361-53d9-4fc2-a6c5-588f15bc9539', 'try_id': 0, 'timestamp': datetime.datetime(2021, 7, 19, 9, 0, 8, 588097), 'task_status_name': 'launched', 'tasks_failed_count': 0, 'tasks_completed_count': 3, 'tasks_memo_completed_count': 0, 'from_memo': False, 'task_inputs': 'None', 'task_outputs': 'None', 'task_stdin': None, 'task_stdout': None, 'task_stderr': None, 'task_fail_history': '', 'task_depends': '1,2', 'task_joins': None}
2021-07-19 09:00:08.588 parsl.dataflow.dflow:591 [INFO]  Task 3 launched on executor htex_Local
2021-07-19 09:00:08.589 parsl.monitoring.monitoring:274 [DEBUG]  Sending message MessageType.TASK_INFO, {'task_func_name': 'app_A', 'task_memoize': False, 'task_hashsum': None, 'task_fail_count': 0, 'task_status': <States.exec_done: 3>, 'task_id': 1, 'task_time_invoked': datetime.datetime(2021, 7, 19, 9, 0, 8, 371504), 'task_try_time_launched': datetime.datetime(2021, 7, 19, 9, 0, 8, 374850), 'task_time_returned': datetime.datetime(2021, 7, 19, 9, 0, 8, 583184), 'task_try_time_returned': datetime.datetime(2021, 7, 19, 9, 0, 8, 582851), 'task_executor': 'htex_Local', 'run_id': '56acd361-53d9-4fc2-a6c5-588f15bc9539', 'try_id': 0, 'timestamp': datetime.datetime(2021, 7, 19, 9, 0, 8, 589001), 'task_status_name': 'exec_done', 'tasks_failed_count': 0, 'tasks_completed_count': 3, 'tasks_memo_completed_count': 0, 'from_memo': False, 'task_inputs': 'None', 'task_outputs': 'None', 'task_stdin': None, 'task_stdout': None, 'task_stderr': None, 'task_fail_history': '', 'task_depends': '', 'task_joins': None}
2021-07-19 09:00:08.791 parsl.dataflow.dflow:442 [INFO]  Task 3 completed (launched -> exec_done)
2021-07-19 09:00:08.792 parsl.dataflow.dflow:1166 [WARNING]  No tasks checkpointed so far in this run. Please ensure caching is enabled
2021-07-19 09:00:08.792 parsl.dataflow.memoization:229 [DEBUG]  Task 4 will not be memoized
2021-07-19 09:00:08.793 parsl.executors.high_throughput.executor:557 [DEBUG]  Pushing function <function MonitoringHub.monitor_wrapper.<locals>.wrapped at 0x7fa728f38b80> to queue with args (10, 7, 10.0)
2021-07-19 09:00:08.796 parsl.monitoring.monitoring:274 [DEBUG]  Sending message MessageType.TASK_INFO, {'task_func_name': 'app_D', 'task_memoize': False, 'task_hashsum': None, 'task_fail_count': 0, 'task_status': <States.launched: 7>, 'task_id': 4, 'task_time_invoked': datetime.datetime(2021, 7, 19, 9, 0, 8, 382453), 'task_try_time_launched': datetime.datetime(2021, 7, 19, 9, 0, 8, 792817), 'task_time_returned': None, 'task_try_time_returned': None, 'task_executor': 'htex_Local', 'run_id': '56acd361-53d9-4fc2-a6c5-588f15bc9539', 'try_id': 0, 'timestamp': datetime.datetime(2021, 7, 19, 9, 0, 8, 795622), 'task_status_name': 'launched', 'tasks_failed_count': 0, 'tasks_completed_count': 4, 'tasks_memo_completed_count': 0, 'from_memo': False, 'task_inputs': 'None', 'task_outputs': 'None', 'task_stdin': None, 'task_stdout': None, 'task_stderr': None, 'task_fail_history': '', 'task_depends': '3', 'task_joins': None}
2021-07-19 09:00:08.796 parsl.dataflow.dflow:591 [INFO]  Task 4 launched on executor htex_Local
2021-07-19 09:00:08.797 parsl.monitoring.monitoring:274 [DEBUG]  Sending message MessageType.TASK_INFO, {'task_func_name': 'app_C', 'task_memoize': False, 'task_hashsum': None, 'task_fail_count': 0, 'task_status': <States.exec_done: 3>, 'task_id': 3, 'task_time_invoked': datetime.datetime(2021, 7, 19, 9, 0, 8, 381572), 'task_try_time_launched': datetime.datetime(2021, 7, 19, 9, 0, 8, 584531), 'task_time_returned': datetime.datetime(2021, 7, 19, 9, 0, 8, 791886), 'task_try_time_returned': datetime.datetime(2021, 7, 19, 9, 0, 8, 791610), 'task_executor': 'htex_Local', 'run_id': '56acd361-53d9-4fc2-a6c5-588f15bc9539', 'try_id': 0, 'timestamp': datetime.datetime(2021, 7, 19, 9, 0, 8, 796845), 'task_status_name': 'exec_done', 'tasks_failed_count': 0, 'tasks_completed_count': 4, 'tasks_memo_completed_count': 0, 'from_memo': False, 'task_inputs': 'None', 'task_outputs': 'None', 'task_stdin': None, 'task_stdout': None, 'task_stderr': None, 'task_fail_history': '', 'task_depends': '1,2', 'task_joins': None}
2021-07-19 09:00:08.999 parsl.dataflow.dflow:442 [INFO]  Task 4 completed (launched -> exec_done)
2021-07-19 09:00:09.000 parsl.dataflow.dflow:1166 [WARNING]  No tasks checkpointed so far in this run. Please ensure caching is enabled
2021-07-19 09:00:09.000 parsl.dataflow.memoization:229 [DEBUG]  Task 5 will not be memoized
2021-07-19 09:00:09.001 parsl.executors.high_throughput.executor:557 [DEBUG]  Pushing function <function MonitoringHub.monitor_wrapper.<locals>.wrapped at 0x7fa728f38dc0> to queue with args (10,)
2021-07-19 09:00:09.003 parsl.monitoring.monitoring:274 [DEBUG]  Sending message MessageType.TASK_INFO, {'task_func_name': 'app_E', 'task_memoize': False, 'task_hashsum': None, 'task_fail_count': 0, 'task_status': <States.launched: 7>, 'task_id': 5, 'task_time_invoked': datetime.datetime(2021, 7, 19, 9, 0, 8, 383549), 'task_try_time_launched': datetime.datetime(2021, 7, 19, 9, 0, 9, 679), 'task_time_returned': None, 'task_try_time_returned': None, 'task_executor': 'htex_Local', 'run_id': '56acd361-53d9-4fc2-a6c5-588f15bc9539', 'try_id': 0, 'timestamp': datetime.datetime(2021, 7, 19, 9, 0, 9, 3532), 'task_status_name': 'launched', 'tasks_failed_count': 0, 'tasks_completed_count': 5, 'tasks_memo_completed_count': 0, 'from_memo': False, 'task_inputs': 'None', 'task_outputs': 'None', 'task_stdin': None, 'task_stdout': None, 'task_stderr': None, 'task_fail_history': '', 'task_depends': '4', 'task_joins': None}
2021-07-19 09:00:09.004 parsl.dataflow.dflow:591 [INFO]  Task 5 launched on executor htex_Local
2021-07-19 09:00:09.004 parsl.monitoring.monitoring:274 [DEBUG]  Sending message MessageType.TASK_INFO, {'task_func_name': 'app_D', 'task_memoize': False, 'task_hashsum': None, 'task_fail_count': 0, 'task_status': <States.exec_done: 3>, 'task_id': 4, 'task_time_invoked': datetime.datetime(2021, 7, 19, 9, 0, 8, 382453), 'task_try_time_launched': datetime.datetime(2021, 7, 19, 9, 0, 8, 792817), 'task_time_returned': datetime.datetime(2021, 7, 19, 9, 0, 8, 999741), 'task_try_time_returned': datetime.datetime(2021, 7, 19, 9, 0, 8, 999463), 'task_executor': 'htex_Local', 'run_id': '56acd361-53d9-4fc2-a6c5-588f15bc9539', 'try_id': 0, 'timestamp': datetime.datetime(2021, 7, 19, 9, 0, 9, 4583), 'task_status_name': 'exec_done', 'tasks_failed_count': 0, 'tasks_completed_count': 5, 'tasks_memo_completed_count': 0, 'from_memo': False, 'task_inputs': 'None', 'task_outputs': 'None', 'task_stdin': None, 'task_stdout': None, 'task_stderr': None, 'task_fail_history': '', 'task_depends': '3', 'task_joins': None}
2021-07-19 09:00:09.099 parsl.dataflow.dflow:442 [INFO]  Task 5 completed (launched -> exec_done)
2021-07-19 09:00:09.099 parsl.dataflow.dflow:802 [DEBUG]  Task 6 will be sent to executor htex_Local
2021-07-19 09:00:09.100 parsl.dataflow.dflow:628 [DEBUG]  Adding output dependencies
2021-07-19 09:00:09.100 parsl.dataflow.dflow:881 [INFO]  Task 6 submitted for App app_A, not waiting on any dependency
2021-07-19 09:00:09.100 parsl.dataflow.dflow:889 [DEBUG]  Task 6 set to pending state with AppFuture: <AppFuture super=<AppFuture at 0x7fa728f5d0d0 state=pending>>
2021-07-19 09:00:09.100 parsl.monitoring.monitoring:274 [DEBUG]  Sending message MessageType.TASK_INFO, {'task_func_name': 'app_A', 'task_memoize': False, 'task_hashsum': None, 'task_fail_count': 0, 'task_status': <States.pending: 0>, 'task_id': 6, 'task_time_invoked': datetime.datetime(2021, 7, 19, 9, 0, 9, 99954), 'task_try_time_launched': None, 'task_time_returned': None, 'task_try_time_returned': None, 'task_executor': 'htex_Local', 'run_id': '56acd361-53d9-4fc2-a6c5-588f15bc9539', 'try_id': 0, 'timestamp': datetime.datetime(2021, 7, 19, 9, 0, 9, 100642), 'task_status_name': 'pending', 'tasks_failed_count': 0, 'tasks_completed_count': 6, 'tasks_memo_completed_count': 0, 'from_memo': None, 'task_inputs': 'None', 'task_outputs': 'None', 'task_stdin': None, 'task_stdout': None, 'task_stderr': None, 'task_fail_history': '', 'task_depends': '', 'task_joins': None}
2021-07-19 09:00:09.101 parsl.dataflow.dflow:1166 [WARNING]  No tasks checkpointed so far in this run. Please ensure caching is enabled
2021-07-19 09:00:09.101 parsl.dataflow.memoization:229 [DEBUG]  Task 6 will not be memoized
2021-07-19 09:00:09.101 parsl.monitoring.monitoring:274 [DEBUG]  Sending message MessageType.TASK_INFO, {'task_func_name': 'app_E', 'task_memoize': False, 'task_hashsum': None, 'task_fail_count': 0, 'task_status': <States.exec_done: 3>, 'task_id': 5, 'task_time_invoked': datetime.datetime(2021, 7, 19, 9, 0, 8, 383549), 'task_try_time_launched': datetime.datetime(2021, 7, 19, 9, 0, 9, 679), 'task_time_returned': datetime.datetime(2021, 7, 19, 9, 0, 9, 99531), 'task_try_time_returned': datetime.datetime(2021, 7, 19, 9, 0, 9, 99247), 'task_executor': 'htex_Local', 'run_id': '56acd361-53d9-4fc2-a6c5-588f15bc9539', 'try_id': 0, 'timestamp': datetime.datetime(2021, 7, 19, 9, 0, 9, 101476), 'task_status_name': 'exec_done', 'tasks_failed_count': 0, 'tasks_completed_count': 6, 'tasks_memo_completed_count': 0, 'from_memo': False, 'task_inputs': 'None', 'task_outputs': 'None', 'task_stdin': None, 'task_stdout': None, 'task_stderr': None, 'task_fail_history': '', 'task_depends': '4', 'task_joins': None}
2021-07-19 09:00:09.102 parsl.executors.high_throughput.executor:557 [DEBUG]  Pushing function <function MonitoringHub.monitor_wrapper.<locals>.wrapped at 0x7fa728f5c040> to queue with args ()
2021-07-19 09:00:09.103 parsl.monitoring.monitoring:274 [DEBUG]  Sending message MessageType.TASK_INFO, {'task_func_name': 'app_A', 'task_memoize': False, 'task_hashsum': None, 'task_fail_count': 0, 'task_status': <States.launched: 7>, 'task_id': 6, 'task_time_invoked': datetime.datetime(2021, 7, 19, 9, 0, 9, 99954), 'task_try_time_launched': datetime.datetime(2021, 7, 19, 9, 0, 9, 101366), 'task_time_returned': None, 'task_try_time_returned': None, 'task_executor': 'htex_Local', 'run_id': '56acd361-53d9-4fc2-a6c5-588f15bc9539', 'try_id': 0, 'timestamp': datetime.datetime(2021, 7, 19, 9, 0, 9, 103602), 'task_status_name': 'launched', 'tasks_failed_count': 0, 'tasks_completed_count': 6, 'tasks_memo_completed_count': 0, 'from_memo': False, 'task_inputs': 'None', 'task_outputs': 'None', 'task_stdin': None, 'task_stdout': None, 'task_stderr': None, 'task_fail_history': '', 'task_depends': '', 'task_joins': None}
2021-07-19 09:00:09.104 parsl.dataflow.dflow:591 [INFO]  Task 6 launched on executor htex_Local
2021-07-19 09:00:09.104 parsl.dataflow.dflow:802 [DEBUG]  Task 7 will be sent to executor htex_Local
2021-07-19 09:00:09.104 parsl.dataflow.dflow:628 [DEBUG]  Adding output dependencies
2021-07-19 09:00:09.104 parsl.dataflow.dflow:881 [INFO]  Task 7 submitted for App app_B, not waiting on any dependency
2021-07-19 09:00:09.104 parsl.dataflow.dflow:889 [DEBUG]  Task 7 set to pending state with AppFuture: <AppFuture super=<AppFuture at 0x7fa728f5d880 state=pending>>
2021-07-19 09:00:09.104 parsl.monitoring.monitoring:274 [DEBUG]  Sending message MessageType.TASK_INFO, {'task_func_name': 'app_B', 'task_memoize': False, 'task_hashsum': None, 'task_fail_count': 0, 'task_status': <States.pending: 0>, 'task_id': 7, 'task_time_invoked': datetime.datetime(2021, 7, 19, 9, 0, 9, 104291), 'task_try_time_launched': None, 'task_time_returned': None, 'task_try_time_returned': None, 'task_executor': 'htex_Local', 'run_id': '56acd361-53d9-4fc2-a6c5-588f15bc9539', 'try_id': 0, 'timestamp': datetime.datetime(2021, 7, 19, 9, 0, 9, 104558), 'task_status_name': 'pending', 'tasks_failed_count': 0, 'tasks_completed_count': 6, 'tasks_memo_completed_count': 0, 'from_memo': None, 'task_inputs': 'None', 'task_outputs': 'None', 'task_stdin': None, 'task_stdout': None, 'task_stderr': None, 'task_fail_history': '', 'task_depends': '', 'task_joins': None}
2021-07-19 09:00:09.104 parsl.dataflow.memoization:229 [DEBUG]  Task 7 will not be memoized
2021-07-19 09:00:09.105 parsl.executors.high_throughput.executor:557 [DEBUG]  Pushing function <function MonitoringHub.monitor_wrapper.<locals>.wrapped at 0x7fa728f5c280> to queue with args ()
2021-07-19 09:00:09.106 parsl.monitoring.monitoring:274 [DEBUG]  Sending message MessageType.TASK_INFO, {'task_func_name': 'app_B', 'task_memoize': False, 'task_hashsum': None, 'task_fail_count': 0, 'task_status': <States.launched: 7>, 'task_id': 7, 'task_time_invoked': datetime.datetime(2021, 7, 19, 9, 0, 9, 104291), 'task_try_time_launched': datetime.datetime(2021, 7, 19, 9, 0, 9, 104852), 'task_time_returned': None, 'task_try_time_returned': None, 'task_executor': 'htex_Local', 'run_id': '56acd361-53d9-4fc2-a6c5-588f15bc9539', 'try_id': 0, 'timestamp': datetime.datetime(2021, 7, 19, 9, 0, 9, 106349), 'task_status_name': 'launched', 'tasks_failed_count': 0, 'tasks_completed_count': 6, 'tasks_memo_completed_count': 0, 'from_memo': False, 'task_inputs': 'None', 'task_outputs': 'None', 'task_stdin': None, 'task_stdout': None, 'task_stderr': None, 'task_fail_history': '', 'task_depends': '', 'task_joins': None}
2021-07-19 09:00:09.106 parsl.dataflow.dflow:591 [INFO]  Task 7 launched on executor htex_Local
2021-07-19 09:00:09.106 parsl.dataflow.dflow:802 [DEBUG]  Task 8 will be sent to executor htex_Local
2021-07-19 09:00:09.107 parsl.dataflow.dflow:628 [DEBUG]  Adding output dependencies
2021-07-19 09:00:09.107 parsl.dataflow.dflow:881 [INFO]  Task 8 submitted for App app_C, waiting on task 6, task 7
2021-07-19 09:00:09.107 parsl.dataflow.dflow:889 [DEBUG]  Task 8 set to pending state with AppFuture: <AppFuture super=<AppFuture at 0x7fa728f5dbb0 state=pending>>
2021-07-19 09:00:09.107 parsl.monitoring.monitoring:274 [DEBUG]  Sending message MessageType.TASK_INFO, {'task_func_name': 'app_C', 'task_memoize': False, 'task_hashsum': None, 'task_fail_count': 0, 'task_status': <States.pending: 0>, 'task_id': 8, 'task_time_invoked': datetime.datetime(2021, 7, 19, 9, 0, 9, 107090), 'task_try_time_launched': None, 'task_time_returned': None, 'task_try_time_returned': None, 'task_executor': 'htex_Local', 'run_id': '56acd361-53d9-4fc2-a6c5-588f15bc9539', 'try_id': 0, 'timestamp': datetime.datetime(2021, 7, 19, 9, 0, 9, 107467), 'task_status_name': 'pending', 'tasks_failed_count': 0, 'tasks_completed_count': 6, 'tasks_memo_completed_count': 0, 'from_memo': None, 'task_inputs': 'None', 'task_outputs': 'None', 'task_stdin': None, 'task_stdout': None, 'task_stderr': None, 'task_fail_history': '', 'task_depends': '6,7', 'task_joins': None}
2021-07-19 09:00:09.107 parsl.dataflow.dflow:802 [DEBUG]  Task 9 will be sent to executor htex_Local
2021-07-19 09:00:09.108 parsl.dataflow.dflow:628 [DEBUG]  Adding output dependencies
2021-07-19 09:00:09.108 parsl.dataflow.dflow:881 [INFO]  Task 9 submitted for App app_D, waiting on task 8
2021-07-19 09:00:09.108 parsl.dataflow.dflow:889 [DEBUG]  Task 9 set to pending state with AppFuture: <AppFuture super=<AppFuture at 0x7fa728f5dd90 state=pending>>
2021-07-19 09:00:09.108 parsl.monitoring.monitoring:274 [DEBUG]  Sending message MessageType.TASK_INFO, {'task_func_name': 'app_D', 'task_memoize': False, 'task_hashsum': None, 'task_fail_count': 0, 'task_status': <States.pending: 0>, 'task_id': 9, 'task_time_invoked': datetime.datetime(2021, 7, 19, 9, 0, 9, 108056), 'task_try_time_launched': None, 'task_time_returned': None, 'task_try_time_returned': None, 'task_executor': 'htex_Local', 'run_id': '56acd361-53d9-4fc2-a6c5-588f15bc9539', 'try_id': 0, 'timestamp': datetime.datetime(2021, 7, 19, 9, 0, 9, 108326), 'task_status_name': 'pending', 'tasks_failed_count': 0, 'tasks_completed_count': 6, 'tasks_memo_completed_count': 0, 'from_memo': None, 'task_inputs': 'None', 'task_outputs': 'None', 'task_stdin': None, 'task_stdout': None, 'task_stderr': None, 'task_fail_history': '', 'task_depends': '8', 'task_joins': None}
2021-07-19 09:00:09.108 parsl.dataflow.dflow:802 [DEBUG]  Task 10 will be sent to executor htex_Local
2021-07-19 09:00:09.108 parsl.dataflow.dflow:628 [DEBUG]  Adding output dependencies
2021-07-19 09:00:09.108 parsl.dataflow.dflow:881 [INFO]  Task 10 submitted for App app_E, waiting on task 9
2021-07-19 09:00:09.108 parsl.dataflow.dflow:889 [DEBUG]  Task 10 set to pending state with AppFuture: <AppFuture super=<AppFuture at 0x7fa728f5df10 state=pending>>
2021-07-19 09:00:09.109 parsl.monitoring.monitoring:274 [DEBUG]  Sending message MessageType.TASK_INFO, {'task_func_name': 'app_E', 'task_memoize': False, 'task_hashsum': None, 'task_fail_count': 0, 'task_status': <States.pending: 0>, 'task_id': 10, 'task_time_invoked': datetime.datetime(2021, 7, 19, 9, 0, 9, 108809), 'task_try_time_launched': None, 'task_time_returned': None, 'task_try_time_returned': None, 'task_executor': 'htex_Local', 'run_id': '56acd361-53d9-4fc2-a6c5-588f15bc9539', 'try_id': 0, 'timestamp': datetime.datetime(2021, 7, 19, 9, 0, 9, 109026), 'task_status_name': 'pending', 'tasks_failed_count': 0, 'tasks_completed_count': 6, 'tasks_memo_completed_count': 0, 'from_memo': None, 'task_inputs': 'None', 'task_outputs': 'None', 'task_stdin': None, 'task_stdout': None, 'task_stderr': None, 'task_fail_history': '', 'task_depends': '9', 'task_joins': None}
2021-07-19 09:00:09.325 parsl.dataflow.dflow:442 [INFO]  Task 6 completed (launched -> exec_done)
2021-07-19 09:00:09.326 parsl.dataflow.dflow:1166 [WARNING]  No tasks checkpointed so far in this run. Please ensure caching is enabled
2021-07-19 09:00:09.327 parsl.monitoring.monitoring:274 [DEBUG]  Sending message MessageType.TASK_INFO, {'task_func_name': 'app_A', 'task_memoize': False, 'task_hashsum': None, 'task_fail_count': 0, 'task_status': <States.exec_done: 3>, 'task_id': 6, 'task_time_invoked': datetime.datetime(2021, 7, 19, 9, 0, 9, 99954), 'task_try_time_launched': datetime.datetime(2021, 7, 19, 9, 0, 9, 101366), 'task_time_returned': datetime.datetime(2021, 7, 19, 9, 0, 9, 326136), 'task_try_time_returned': datetime.datetime(2021, 7, 19, 9, 0, 9, 325869), 'task_executor': 'htex_Local', 'run_id': '56acd361-53d9-4fc2-a6c5-588f15bc9539', 'try_id': 0, 'timestamp': datetime.datetime(2021, 7, 19, 9, 0, 9, 327289), 'task_status_name': 'exec_done', 'tasks_failed_count': 0, 'tasks_completed_count': 7, 'tasks_memo_completed_count': 0, 'from_memo': False, 'task_inputs': 'None', 'task_outputs': 'None', 'task_stdin': None, 'task_stdout': None, 'task_stderr': None, 'task_fail_history': '', 'task_depends': '', 'task_joins': None}
2021-07-19 09:00:09.328 parsl.dataflow.dflow:442 [INFO]  Task 7 completed (launched -> exec_done)
2021-07-19 09:00:09.328 parsl.dataflow.dflow:1166 [WARNING]  No tasks checkpointed so far in this run. Please ensure caching is enabled
2021-07-19 09:00:09.328 parsl.dataflow.memoization:229 [DEBUG]  Task 8 will not be memoized
2021-07-19 09:00:09.329 parsl.executors.high_throughput.executor:557 [DEBUG]  Pushing function <function MonitoringHub.monitor_wrapper.<locals>.wrapped at 0x7fa728f5c700> to queue with args (7, 3.0)
2021-07-19 09:00:09.331 parsl.monitoring.monitoring:274 [DEBUG]  Sending message MessageType.TASK_INFO, {'task_func_name': 'app_C', 'task_memoize': False, 'task_hashsum': None, 'task_fail_count': 0, 'task_status': <States.launched: 7>, 'task_id': 8, 'task_time_invoked': datetime.datetime(2021, 7, 19, 9, 0, 9, 107090), 'task_try_time_launched': datetime.datetime(2021, 7, 19, 9, 0, 9, 328961), 'task_time_returned': None, 'task_try_time_returned': None, 'task_executor': 'htex_Local', 'run_id': '56acd361-53d9-4fc2-a6c5-588f15bc9539', 'try_id': 0, 'timestamp': datetime.datetime(2021, 7, 19, 9, 0, 9, 331305), 'task_status_name': 'launched', 'tasks_failed_count': 0, 'tasks_completed_count': 8, 'tasks_memo_completed_count': 0, 'from_memo': False, 'task_inputs': 'None', 'task_outputs': 'None', 'task_stdin': None, 'task_stdout': None, 'task_stderr': None, 'task_fail_history': '', 'task_depends': '6,7', 'task_joins': None}
2021-07-19 09:00:09.332 parsl.dataflow.dflow:591 [INFO]  Task 8 launched on executor htex_Local
2021-07-19 09:00:09.332 parsl.monitoring.monitoring:274 [DEBUG]  Sending message MessageType.TASK_INFO, {'task_func_name': 'app_B', 'task_memoize': False, 'task_hashsum': None, 'task_fail_count': 0, 'task_status': <States.exec_done: 3>, 'task_id': 7, 'task_time_invoked': datetime.datetime(2021, 7, 19, 9, 0, 9, 104291), 'task_try_time_launched': datetime.datetime(2021, 7, 19, 9, 0, 9, 104852), 'task_time_returned': datetime.datetime(2021, 7, 19, 9, 0, 9, 328191), 'task_try_time_returned': datetime.datetime(2021, 7, 19, 9, 0, 9, 327964), 'task_executor': 'htex_Local', 'run_id': '56acd361-53d9-4fc2-a6c5-588f15bc9539', 'try_id': 0, 'timestamp': datetime.datetime(2021, 7, 19, 9, 0, 9, 332195), 'task_status_name': 'exec_done', 'tasks_failed_count': 0, 'tasks_completed_count': 8, 'tasks_memo_completed_count': 0, 'from_memo': False, 'task_inputs': 'None', 'task_outputs': 'None', 'task_stdin': None, 'task_stdout': None, 'task_stderr': None, 'task_fail_history': '', 'task_depends': '', 'task_joins': None}
2021-07-19 09:00:09.533 parsl.dataflow.dflow:442 [INFO]  Task 8 completed (launched -> exec_done)
2021-07-19 09:00:09.534 parsl.dataflow.dflow:1166 [WARNING]  No tasks checkpointed so far in this run. Please ensure caching is enabled
2021-07-19 09:00:09.534 parsl.dataflow.memoization:229 [DEBUG]  Task 9 will not be memoized
2021-07-19 09:00:09.535 parsl.executors.high_throughput.executor:557 [DEBUG]  Pushing function <function MonitoringHub.monitor_wrapper.<locals>.wrapped at 0x7fa728f5c940> to queue with args (10, 7, 10.0)
2021-07-19 09:00:09.537 parsl.monitoring.monitoring:274 [DEBUG]  Sending message MessageType.TASK_INFO, {'task_func_name': 'app_D', 'task_memoize': False, 'task_hashsum': None, 'task_fail_count': 0, 'task_status': <States.launched: 7>, 'task_id': 9, 'task_time_invoked': datetime.datetime(2021, 7, 19, 9, 0, 9, 108056), 'task_try_time_launched': datetime.datetime(2021, 7, 19, 9, 0, 9, 534618), 'task_time_returned': None, 'task_try_time_returned': None, 'task_executor': 'htex_Local', 'run_id': '56acd361-53d9-4fc2-a6c5-588f15bc9539', 'try_id': 0, 'timestamp': datetime.datetime(2021, 7, 19, 9, 0, 9, 537459), 'task_status_name': 'launched', 'tasks_failed_count': 0, 'tasks_completed_count': 9, 'tasks_memo_completed_count': 0, 'from_memo': False, 'task_inputs': 'None', 'task_outputs': 'None', 'task_stdin': None, 'task_stdout': None, 'task_stderr': None, 'task_fail_history': '', 'task_depends': '8', 'task_joins': None}
2021-07-19 09:00:09.538 parsl.dataflow.dflow:591 [INFO]  Task 9 launched on executor htex_Local
2021-07-19 09:00:09.538 parsl.monitoring.monitoring:274 [DEBUG]  Sending message MessageType.TASK_INFO, {'task_func_name': 'app_C', 'task_memoize': False, 'task_hashsum': None, 'task_fail_count': 0, 'task_status': <States.exec_done: 3>, 'task_id': 8, 'task_time_invoked': datetime.datetime(2021, 7, 19, 9, 0, 9, 107090), 'task_try_time_launched': datetime.datetime(2021, 7, 19, 9, 0, 9, 328961), 'task_time_returned': datetime.datetime(2021, 7, 19, 9, 0, 9, 533670), 'task_try_time_returned': datetime.datetime(2021, 7, 19, 9, 0, 9, 533395), 'task_executor': 'htex_Local', 'run_id': '56acd361-53d9-4fc2-a6c5-588f15bc9539', 'try_id': 0, 'timestamp': datetime.datetime(2021, 7, 19, 9, 0, 9, 538588), 'task_status_name': 'exec_done', 'tasks_failed_count': 0, 'tasks_completed_count': 9, 'tasks_memo_completed_count': 0, 'from_memo': False, 'task_inputs': 'None', 'task_outputs': 'None', 'task_stdin': None, 'task_stdout': None, 'task_stderr': None, 'task_fail_history': '', 'task_depends': '6,7', 'task_joins': None}
2021-07-19 09:00:09.741 parsl.dataflow.dflow:442 [INFO]  Task 9 completed (launched -> exec_done)
2021-07-19 09:00:09.742 parsl.dataflow.dflow:1166 [WARNING]  No tasks checkpointed so far in this run. Please ensure caching is enabled
2021-07-19 09:00:09.742 parsl.dataflow.memoization:229 [DEBUG]  Task 10 will not be memoized
2021-07-19 09:00:09.742 parsl.executors.high_throughput.executor:557 [DEBUG]  Pushing function <function MonitoringHub.monitor_wrapper.<locals>.wrapped at 0x7fa728f5cb80> to queue with args (10,)
2021-07-19 09:00:09.745 parsl.monitoring.monitoring:274 [DEBUG]  Sending message MessageType.TASK_INFO, {'task_func_name': 'app_E', 'task_memoize': False, 'task_hashsum': None, 'task_fail_count': 0, 'task_status': <States.launched: 7>, 'task_id': 10, 'task_time_invoked': datetime.datetime(2021, 7, 19, 9, 0, 9, 108809), 'task_try_time_launched': datetime.datetime(2021, 7, 19, 9, 0, 9, 742473), 'task_time_returned': None, 'task_try_time_returned': None, 'task_executor': 'htex_Local', 'run_id': '56acd361-53d9-4fc2-a6c5-588f15bc9539', 'try_id': 0, 'timestamp': datetime.datetime(2021, 7, 19, 9, 0, 9, 745324), 'task_status_name': 'launched', 'tasks_failed_count': 0, 'tasks_completed_count': 10, 'tasks_memo_completed_count': 0, 'from_memo': False, 'task_inputs': 'None', 'task_outputs': 'None', 'task_stdin': None, 'task_stdout': None, 'task_stderr': None, 'task_fail_history': '', 'task_depends': '9', 'task_joins': None}
2021-07-19 09:00:09.746 parsl.dataflow.dflow:591 [INFO]  Task 10 launched on executor htex_Local
2021-07-19 09:00:09.746 parsl.monitoring.monitoring:274 [DEBUG]  Sending message MessageType.TASK_INFO, {'task_func_name': 'app_D', 'task_memoize': False, 'task_hashsum': None, 'task_fail_count': 0, 'task_status': <States.exec_done: 3>, 'task_id': 9, 'task_time_invoked': datetime.datetime(2021, 7, 19, 9, 0, 9, 108056), 'task_try_time_launched': datetime.datetime(2021, 7, 19, 9, 0, 9, 534618), 'task_time_returned': datetime.datetime(2021, 7, 19, 9, 0, 9, 741508), 'task_try_time_returned': datetime.datetime(2021, 7, 19, 9, 0, 9, 741232), 'task_executor': 'htex_Local', 'run_id': '56acd361-53d9-4fc2-a6c5-588f15bc9539', 'try_id': 0, 'timestamp': datetime.datetime(2021, 7, 19, 9, 0, 9, 746462), 'task_status_name': 'exec_done', 'tasks_failed_count': 0, 'tasks_completed_count': 10, 'tasks_memo_completed_count': 0, 'from_memo': False, 'task_inputs': 'None', 'task_outputs': 'None', 'task_stdin': None, 'task_stdout': None, 'task_stderr': None, 'task_fail_history': '', 'task_depends': '8', 'task_joins': None}
2021-07-19 09:00:09.952 parsl.dataflow.dflow:442 [INFO]  Task 10 completed (launched -> exec_done)
2021-07-19 09:00:09.953 parsl.dataflow.dflow:1037 [INFO]  DFK cleanup initiated
2021-07-19 09:00:09.953 parsl.dataflow.dflow:927 [INFO]  Summary of tasks in DFK:
2021-07-19 09:00:09.954 parsl.dataflow.dflow:941 [INFO]  Tasks in state States.exec_done: 11
2021-07-19 09:00:09.954 parsl.dataflow.dflow:947 [INFO]  End of summary
2021-07-19 09:00:09.955 parsl.dataflow.dflow:1166 [WARNING]  No tasks checkpointed so far in this run. Please ensure caching is enabled
2021-07-19 09:00:09.955 parsl.monitoring.monitoring:274 [DEBUG]  Sending message MessageType.TASK_INFO, {'task_func_name': 'app_E', 'task_memoize': False, 'task_hashsum': None, 'task_fail_count': 0, 'task_status': <States.exec_done: 3>, 'task_id': 10, 'task_time_invoked': datetime.datetime(2021, 7, 19, 9, 0, 9, 108809), 'task_try_time_launched': datetime.datetime(2021, 7, 19, 9, 0, 9, 742473), 'task_time_returned': datetime.datetime(2021, 7, 19, 9, 0, 9, 953050), 'task_try_time_returned': datetime.datetime(2021, 7, 19, 9, 0, 9, 952775), 'task_executor': 'htex_Local', 'run_id': '56acd361-53d9-4fc2-a6c5-588f15bc9539', 'try_id': 0, 'timestamp': datetime.datetime(2021, 7, 19, 9, 0, 9, 955348), 'task_status_name': 'exec_done', 'tasks_failed_count': 0, 'tasks_completed_count': 11, 'tasks_memo_completed_count': 0, 'from_memo': False, 'task_inputs': 'None', 'task_outputs': 'None', 'task_stdin': None, 'task_stdout': None, 'task_stderr': None, 'task_fail_history': '', 'task_depends': '9', 'task_joins': None}
2021-07-19 09:00:09.956 parsl.dataflow.dflow:1166 [WARNING]  No tasks checkpointed so far in this run. Please ensure caching is enabled
2021-07-19 09:00:09.957 parsl.dataflow.dflow:1061 [INFO]  Terminating flow_control and strategy threads
2021-07-19 09:00:09.961 parsl.executors.high_throughput.executor:688 [DEBUG]  Current blocks : {'0': '97176'}
2021-07-19 09:00:09.963 parsl.executors.high_throughput.executor:521 [DEBUG]  [HOLD_BLOCK]: Sending hold to manager: 59435d4e7f74
2021-07-19 09:00:09.967 parsl.executors.high_throughput.executor:490 [DEBUG]  Sent hold request to worker: 59435d4e7f74
2021-07-19 09:00:09.967 parsl.providers.local.local:266 [DEBUG]  Terminating job/proc_id: 97176
2021-07-19 09:00:09.992 parsl.dataflow.dflow:1074 [DEBUG]  Sending message [{'run_id': '56acd361-53d9-4fc2-a6c5-588f15bc9539', 'status': 'CANCELLED', 'timestamp': datetime.datetime(2021, 7, 19, 9, 0, 9, 992177), 'executor_label': 'htex_Local', 'job_id': '97176', 'block_id': '0'}] to hub from DFK
2021-07-19 09:00:09.993 parsl.monitoring.monitoring:274 [DEBUG]  Sending message MessageType.BLOCK_INFO, [{'run_id': '56acd361-53d9-4fc2-a6c5-588f15bc9539', 'status': 'CANCELLED', 'timestamp': datetime.datetime(2021, 7, 19, 9, 0, 9, 992177), 'executor_label': 'htex_Local', 'job_id': '97176', 'block_id': '0'}]
2021-07-19 09:00:09.993 parsl.executors.high_throughput.executor:727 [INFO]  Attempting HighThroughputExecutor shutdown
2021-07-19 09:00:09.993 parsl.executors.high_throughput.executor:729 [INFO]  Finished HighThroughputExecutor shutdown attempt
2021-07-19 09:00:09.994 parsl.executors.threads:101 [DEBUG]  Done with executor shutdown
2021-07-19 09:00:09.994 parsl.monitoring.monitoring:274 [DEBUG]  Sending message MessageType.WORKFLOW_INFO, {'tasks_failed_count': 0, 'tasks_completed_count': 11, 'time_began': datetime.datetime(2021, 7, 19, 9, 0, 6, 32339), 'time_completed': datetime.datetime(2021, 7, 19, 9, 0, 9, 994355), 'run_id': '56acd361-53d9-4fc2-a6c5-588f15bc9539', 'rundir': '/Users/ananthhariharan/Documents/Code/GitHub/Parsl-Project/runinfo/012'}
2021-07-19 09:00:09.995 parsl.monitoring.monitoring:283 [INFO]  Terminating Monitoring Hub
2021-07-19 09:00:09.996 parsl.monitoring.monitoring:300 [INFO]  Waiting for Hub to receive all messages and terminate
2021-07-19 09:00:13.045 parsl.process_loggers:28 [DEBUG]  Normal ending for router_starter on thread MainThread
2021-07-19 09:00:13.050 parsl.monitoring.monitoring:302 [DEBUG]  Finished waiting for Hub termination
2021-07-19 09:00:13.152 parsl.monitoring.monitoring:306 [DEBUG]  Finished waiting for DBM termination
2021-07-19 09:00:13.153 parsl.dataflow.dflow:1090 [INFO]  DFK cleanup complete
