2021-07-16 12:28:13.526 parsl:626 Rank:0 [INFO]  Python version: 3.8.8 (default, Apr 13 2021, 12:59:45) 
[Clang 10.0.0 ]
2021-07-16 12:28:13.527 parsl:627 Rank:0 [INFO]  Debug logging: True
2021-07-16 12:28:13.527 parsl:628 Rank:0 [INFO]  Log dir: /Users/ananthhariharan/Documents/Code/GitHub/Parsl-Project/runinfo/006/htex_Local
2021-07-16 12:28:13.527 parsl:629 Rank:0 [INFO]  Manager ID: ee6801941662
2021-07-16 12:28:13.527 parsl:630 Rank:0 [INFO]  Block ID: 0
2021-07-16 12:28:13.527 parsl:631 Rank:0 [INFO]  cores_per_worker: 1
2021-07-16 12:28:13.527 parsl:632 Rank:0 [INFO]  mem_per_worker: None
2021-07-16 12:28:13.527 parsl:633 Rank:0 [INFO]  task_port: 54980
2021-07-16 12:28:13.527 parsl:634 Rank:0 [INFO]  result_port: 54128
2021-07-16 12:28:13.527 parsl:635 Rank:0 [INFO]  addresses: Ananths-Macbook.local,69.174.173.76,192.168.4.29
2021-07-16 12:28:13.527 parsl:636 Rank:0 [INFO]  max_workers: 3
2021-07-16 12:28:13.527 parsl:637 Rank:0 [INFO]  poll_period: 100
2021-07-16 12:28:13.527 parsl:638 Rank:0 [INFO]  address_probe_timeout: 30
2021-07-16 12:28:13.527 parsl:639 Rank:0 [INFO]  Prefetch capacity: 0
2021-07-16 12:28:13.527 parsl:640 Rank:0 [INFO]  Heartbeat threshold: 5
2021-07-16 12:28:13.527 parsl:641 Rank:0 [INFO]  Heartbeat period: 2
2021-07-16 12:28:13.527 parsl:642 Rank:0 [INFO]  CPU affinity: none
2021-07-16 12:28:13.528 parsl:118 Rank:0 [INFO]  Manager started
2021-07-16 12:28:13.528 parsl.executors.high_throughput.probe:34 Rank:0 [DEBUG]  Trying to connect back on tcp://Ananths-Macbook.local:54980
2021-07-16 12:28:13.528 parsl.executors.high_throughput.probe:34 Rank:0 [DEBUG]  Trying to connect back on tcp://69.174.173.76:54980
2021-07-16 12:28:13.529 parsl.executors.high_throughput.probe:34 Rank:0 [DEBUG]  Trying to connect back on tcp://192.168.4.29:54980
2021-07-16 12:28:13.755 parsl.executors.high_throughput.probe:47 Rank:0 [INFO]  Connected to interchange on 192.168.4.29
2021-07-16 12:28:13.759 parsl:125 Rank:0 [INFO]  Connection to Interchange successful on 192.168.4.29
2021-07-16 12:28:13.760 parsl:128 Rank:0 [INFO]  Task url : tcp://192.168.4.29:54980
2021-07-16 12:28:13.760 parsl:129 Rank:0 [INFO]  Result url : tcp://192.168.4.29:54128
2021-07-16 12:28:13.761 parsl:147 Rank:0 [INFO]  Manager connected
2021-07-16 12:28:13.762 parsl:173 Rank:0 [INFO]  Manager will spawn 3 workers
2021-07-16 12:28:13.826 parsl:401 Rank:0 [DEBUG]  Manager synced with workers
2021-07-16 12:28:13.832 parsl:226 Rank:0 [INFO]  [TASK PULL THREAD] starting
2021-07-16 12:28:13.834 parsl:232 Rank:0 [DEBUG]  Sending registration message: b'{"parsl_v": "1.1.0", "python_v": "3.8.8", "worker_count": 3, "uid": "ee6801941662", "block_id": "0", "prefetch_capacity": 0, "max_capacity": 3, "os": "Darwin", "hostname": "Ananths-Macbook.local", "dir": "/Users/ananthhariharan/Documents/Code/GitHub/Parsl-Project", "cpu_count": 2, "total_memory": 8589934592}'
2021-07-16 12:28:13.835 parsl:307 Rank:0 [DEBUG]  [RESULT_PUSH_THREAD] Starting thread
2021-07-16 12:28:13.835 parsl:310 Rank:0 [DEBUG]  [RESULT_PUSH_THREAD] push poll period: 0.1
2021-07-16 12:28:13.838 parsl:344 Rank:0 [DEBUG]  [WORKER_WATCHDOG_THREAD] Starting thread
2021-07-16 12:28:13.839 parsl:416 Rank:0 [INFO]  Loop start
2021-07-16 12:28:13.840 parsl:244 Rank:0 [DEBUG]  [TASK_PULL_THREAD] ready workers:0, pending tasks:0
2021-07-16 12:28:13.945 parsl:283 Rank:0 [DEBUG]  [TASK_PULL_THREAD] No incoming tasks
2021-07-16 12:28:13.946 parsl:244 Rank:0 [DEBUG]  [TASK_PULL_THREAD] ready workers:3, pending tasks:0
2021-07-16 12:28:13.946 parsl:252 Rank:0 [DEBUG]  [TASK_PULL_THREAD] Requesting tasks: 3
2021-07-16 12:28:13.951 parsl:274 Rank:0 [DEBUG]  [TASK_PULL_THREAD] Got tasks: [1] of 1
2021-07-16 12:28:13.952 parsl:244 Rank:0 [DEBUG]  [TASK_PULL_THREAD] ready workers:3, pending tasks:1
2021-07-16 12:28:13.953 parsl:252 Rank:0 [DEBUG]  [TASK_PULL_THREAD] Requesting tasks: 3
2021-07-16 12:28:13.954 parsl:283 Rank:0 [DEBUG]  [TASK_PULL_THREAD] No incoming tasks
2021-07-16 12:28:13.954 parsl:244 Rank:0 [DEBUG]  [TASK_PULL_THREAD] ready workers:3, pending tasks:0
2021-07-16 12:28:13.954 parsl:252 Rank:0 [DEBUG]  [TASK_PULL_THREAD] Requesting tasks: 3
2021-07-16 12:28:13.961 parsl.process_loggers:28 Rank:0 [DEBUG]  Normal ending for send_first_message on thread MainThread
2021-07-16 12:28:14.155 parsl:283 Rank:0 [DEBUG]  [TASK_PULL_THREAD] No incoming tasks
2021-07-16 12:28:14.155 parsl:244 Rank:0 [DEBUG]  [TASK_PULL_THREAD] ready workers:3, pending tasks:0
2021-07-16 12:28:14.156 parsl:252 Rank:0 [DEBUG]  [TASK_PULL_THREAD] Requesting tasks: 3
2021-07-16 12:28:14.162 parsl:274 Rank:0 [DEBUG]  [TASK_PULL_THREAD] Got tasks: [2, 3] of 3
2021-07-16 12:28:14.162 parsl:244 Rank:0 [DEBUG]  [TASK_PULL_THREAD] ready workers:3, pending tasks:2
2021-07-16 12:28:14.163 parsl:252 Rank:0 [DEBUG]  [TASK_PULL_THREAD] Requesting tasks: 3
2021-07-16 12:28:14.164 parsl:283 Rank:0 [DEBUG]  [TASK_PULL_THREAD] No incoming tasks
2021-07-16 12:28:14.164 parsl:244 Rank:0 [DEBUG]  [TASK_PULL_THREAD] ready workers:3, pending tasks:0
2021-07-16 12:28:14.165 parsl:252 Rank:0 [DEBUG]  [TASK_PULL_THREAD] Requesting tasks: 3
2021-07-16 12:28:14.172 parsl.process_loggers:28 Rank:0 [DEBUG]  Normal ending for send_first_message on thread MainThread
2021-07-16 12:28:14.172 parsl.process_loggers:28 Rank:0 [DEBUG]  Normal ending for send_first_message on thread MainThread
2021-07-16 12:28:14.368 parsl:283 Rank:0 [DEBUG]  [TASK_PULL_THREAD] No incoming tasks
2021-07-16 12:28:14.368 parsl:244 Rank:0 [DEBUG]  [TASK_PULL_THREAD] ready workers:3, pending tasks:0
2021-07-16 12:28:14.369 parsl:252 Rank:0 [DEBUG]  [TASK_PULL_THREAD] Requesting tasks: 3
2021-07-16 12:28:14.373 parsl:274 Rank:0 [DEBUG]  [TASK_PULL_THREAD] Got tasks: [4] of 4
2021-07-16 12:28:14.373 parsl:244 Rank:0 [DEBUG]  [TASK_PULL_THREAD] ready workers:3, pending tasks:1
2021-07-16 12:28:14.374 parsl:252 Rank:0 [DEBUG]  [TASK_PULL_THREAD] Requesting tasks: 3
2021-07-16 12:28:14.374 parsl:283 Rank:0 [DEBUG]  [TASK_PULL_THREAD] No incoming tasks
2021-07-16 12:28:14.375 parsl:244 Rank:0 [DEBUG]  [TASK_PULL_THREAD] ready workers:3, pending tasks:0
2021-07-16 12:28:14.375 parsl:252 Rank:0 [DEBUG]  [TASK_PULL_THREAD] Requesting tasks: 3
2021-07-16 12:28:14.378 parsl.process_loggers:28 Rank:0 [DEBUG]  Normal ending for send_first_message on thread MainThread
2021-07-16 12:28:14.579 parsl:283 Rank:0 [DEBUG]  [TASK_PULL_THREAD] No incoming tasks
2021-07-16 12:28:14.579 parsl:244 Rank:0 [DEBUG]  [TASK_PULL_THREAD] ready workers:3, pending tasks:0
2021-07-16 12:28:14.579 parsl:252 Rank:0 [DEBUG]  [TASK_PULL_THREAD] Requesting tasks: 3
2021-07-16 12:28:14.584 parsl:274 Rank:0 [DEBUG]  [TASK_PULL_THREAD] Got tasks: [5] of 5
2021-07-16 12:28:14.584 parsl:244 Rank:0 [DEBUG]  [TASK_PULL_THREAD] ready workers:3, pending tasks:1
2021-07-16 12:28:14.584 parsl:252 Rank:0 [DEBUG]  [TASK_PULL_THREAD] Requesting tasks: 3
2021-07-16 12:28:14.584 parsl:283 Rank:0 [DEBUG]  [TASK_PULL_THREAD] No incoming tasks
2021-07-16 12:28:14.585 parsl:244 Rank:0 [DEBUG]  [TASK_PULL_THREAD] ready workers:3, pending tasks:0
2021-07-16 12:28:14.585 parsl:252 Rank:0 [DEBUG]  [TASK_PULL_THREAD] Requesting tasks: 3
2021-07-16 12:28:14.587 parsl.process_loggers:28 Rank:0 [DEBUG]  Normal ending for send_first_message on thread MainThread
2021-07-16 12:28:14.789 parsl:283 Rank:0 [DEBUG]  [TASK_PULL_THREAD] No incoming tasks
2021-07-16 12:28:14.790 parsl:244 Rank:0 [DEBUG]  [TASK_PULL_THREAD] ready workers:3, pending tasks:0
2021-07-16 12:28:14.790 parsl:252 Rank:0 [DEBUG]  [TASK_PULL_THREAD] Requesting tasks: 3
2021-07-16 12:28:14.795 parsl:274 Rank:0 [DEBUG]  [TASK_PULL_THREAD] Got tasks: [6] of 6
2021-07-16 12:28:14.795 parsl:244 Rank:0 [DEBUG]  [TASK_PULL_THREAD] ready workers:3, pending tasks:1
2021-07-16 12:28:14.796 parsl:252 Rank:0 [DEBUG]  [TASK_PULL_THREAD] Requesting tasks: 3
2021-07-16 12:28:14.796 parsl:283 Rank:0 [DEBUG]  [TASK_PULL_THREAD] No incoming tasks
2021-07-16 12:28:14.797 parsl:244 Rank:0 [DEBUG]  [TASK_PULL_THREAD] ready workers:3, pending tasks:0
2021-07-16 12:28:14.797 parsl:252 Rank:0 [DEBUG]  [TASK_PULL_THREAD] Requesting tasks: 3
2021-07-16 12:28:14.804 parsl.process_loggers:28 Rank:0 [DEBUG]  Normal ending for send_first_message on thread MainThread
2021-07-16 12:28:15.000 parsl:283 Rank:0 [DEBUG]  [TASK_PULL_THREAD] No incoming tasks
2021-07-16 12:28:15.000 parsl:244 Rank:0 [DEBUG]  [TASK_PULL_THREAD] ready workers:3, pending tasks:0
2021-07-16 12:28:15.000 parsl:252 Rank:0 [DEBUG]  [TASK_PULL_THREAD] Requesting tasks: 3
2021-07-16 12:28:15.004 parsl:274 Rank:0 [DEBUG]  [TASK_PULL_THREAD] Got tasks: [7, 8] of 8
2021-07-16 12:28:15.004 parsl:244 Rank:0 [DEBUG]  [TASK_PULL_THREAD] ready workers:3, pending tasks:2
2021-07-16 12:28:15.004 parsl:252 Rank:0 [DEBUG]  [TASK_PULL_THREAD] Requesting tasks: 3
2021-07-16 12:28:15.005 parsl:283 Rank:0 [DEBUG]  [TASK_PULL_THREAD] No incoming tasks
2021-07-16 12:28:15.005 parsl:244 Rank:0 [DEBUG]  [TASK_PULL_THREAD] ready workers:3, pending tasks:0
2021-07-16 12:28:15.005 parsl:252 Rank:0 [DEBUG]  [TASK_PULL_THREAD] Requesting tasks: 3
2021-07-16 12:28:15.008 parsl.process_loggers:28 Rank:0 [DEBUG]  Normal ending for send_first_message on thread MainThread
2021-07-16 12:28:15.008 parsl.process_loggers:28 Rank:0 [DEBUG]  Normal ending for send_first_message on thread MainThread
2021-07-16 12:28:15.206 parsl:283 Rank:0 [DEBUG]  [TASK_PULL_THREAD] No incoming tasks
2021-07-16 12:28:15.206 parsl:244 Rank:0 [DEBUG]  [TASK_PULL_THREAD] ready workers:3, pending tasks:0
2021-07-16 12:28:15.207 parsl:252 Rank:0 [DEBUG]  [TASK_PULL_THREAD] Requesting tasks: 3
2021-07-16 12:28:15.213 parsl:274 Rank:0 [DEBUG]  [TASK_PULL_THREAD] Got tasks: [9] of 9
2021-07-16 12:28:15.213 parsl:244 Rank:0 [DEBUG]  [TASK_PULL_THREAD] ready workers:3, pending tasks:1
2021-07-16 12:28:15.214 parsl:252 Rank:0 [DEBUG]  [TASK_PULL_THREAD] Requesting tasks: 3
2021-07-16 12:28:15.215 parsl:283 Rank:0 [DEBUG]  [TASK_PULL_THREAD] No incoming tasks
2021-07-16 12:28:15.216 parsl:244 Rank:0 [DEBUG]  [TASK_PULL_THREAD] ready workers:3, pending tasks:0
2021-07-16 12:28:15.216 parsl:252 Rank:0 [DEBUG]  [TASK_PULL_THREAD] Requesting tasks: 3
2021-07-16 12:28:15.219 parsl.process_loggers:28 Rank:0 [DEBUG]  Normal ending for send_first_message on thread MainThread
2021-07-16 12:28:15.417 parsl:283 Rank:0 [DEBUG]  [TASK_PULL_THREAD] No incoming tasks
2021-07-16 12:28:15.417 parsl:244 Rank:0 [DEBUG]  [TASK_PULL_THREAD] ready workers:3, pending tasks:0
2021-07-16 12:28:15.417 parsl:252 Rank:0 [DEBUG]  [TASK_PULL_THREAD] Requesting tasks: 3
2021-07-16 12:28:15.422 parsl:274 Rank:0 [DEBUG]  [TASK_PULL_THREAD] Got tasks: [10] of 10
2021-07-16 12:28:15.422 parsl:244 Rank:0 [DEBUG]  [TASK_PULL_THREAD] ready workers:3, pending tasks:1
2021-07-16 12:28:15.422 parsl:252 Rank:0 [DEBUG]  [TASK_PULL_THREAD] Requesting tasks: 3
2021-07-16 12:28:15.423 parsl:283 Rank:0 [DEBUG]  [TASK_PULL_THREAD] No incoming tasks
2021-07-16 12:28:15.423 parsl:244 Rank:0 [DEBUG]  [TASK_PULL_THREAD] ready workers:3, pending tasks:0
2021-07-16 12:28:15.423 parsl:252 Rank:0 [DEBUG]  [TASK_PULL_THREAD] Requesting tasks: 3
2021-07-16 12:28:15.427 parsl.process_loggers:28 Rank:0 [DEBUG]  Normal ending for send_first_message on thread MainThread
2021-07-16 12:28:15.627 parsl:283 Rank:0 [DEBUG]  [TASK_PULL_THREAD] No incoming tasks
2021-07-16 12:28:15.627 parsl:244 Rank:0 [DEBUG]  [TASK_PULL_THREAD] ready workers:3, pending tasks:0
2021-07-16 12:28:15.627 parsl:252 Rank:0 [DEBUG]  [TASK_PULL_THREAD] Requesting tasks: 3
2021-07-16 12:28:15.631 parsl:274 Rank:0 [DEBUG]  [TASK_PULL_THREAD] Got tasks: [11] of 11
2021-07-16 12:28:15.632 parsl:244 Rank:0 [DEBUG]  [TASK_PULL_THREAD] ready workers:3, pending tasks:1
2021-07-16 12:28:15.632 parsl:252 Rank:0 [DEBUG]  [TASK_PULL_THREAD] Requesting tasks: 3
2021-07-16 12:28:15.633 parsl:283 Rank:0 [DEBUG]  [TASK_PULL_THREAD] No incoming tasks
2021-07-16 12:28:15.633 parsl:244 Rank:0 [DEBUG]  [TASK_PULL_THREAD] ready workers:3, pending tasks:0
2021-07-16 12:28:15.633 parsl:252 Rank:0 [DEBUG]  [TASK_PULL_THREAD] Requesting tasks: 3
2021-07-16 12:28:15.639 parsl.process_loggers:28 Rank:0 [DEBUG]  Normal ending for send_first_message on thread MainThread
2021-07-16 12:28:15.836 parsl:283 Rank:0 [DEBUG]  [TASK_PULL_THREAD] No incoming tasks
2021-07-16 12:28:15.836 parsl:244 Rank:0 [DEBUG]  [TASK_PULL_THREAD] ready workers:3, pending tasks:0
2021-07-16 12:28:15.837 parsl:252 Rank:0 [DEBUG]  [TASK_PULL_THREAD] Requesting tasks: 3
2021-07-16 12:28:15.864 parsl:274 Rank:0 [DEBUG]  [TASK_PULL_THREAD] Got tasks: [12, 13] of 13
2021-07-16 12:28:15.864 parsl:244 Rank:0 [DEBUG]  [TASK_PULL_THREAD] ready workers:3, pending tasks:2
2021-07-16 12:28:15.866 parsl:214 Rank:0 [DEBUG]  Return from heartbeat: None
2021-07-16 12:28:15.866 parsl:252 Rank:0 [DEBUG]  [TASK_PULL_THREAD] Requesting tasks: 3
2021-07-16 12:28:15.867 parsl:283 Rank:0 [DEBUG]  [TASK_PULL_THREAD] No incoming tasks
2021-07-16 12:28:15.868 parsl:244 Rank:0 [DEBUG]  [TASK_PULL_THREAD] ready workers:3, pending tasks:0
2021-07-16 12:28:15.868 parsl:252 Rank:0 [DEBUG]  [TASK_PULL_THREAD] Requesting tasks: 3
2021-07-16 12:28:15.873 parsl:270 Rank:0 [DEBUG]  Got heartbeat from interchange
2021-07-16 12:28:15.873 parsl:244 Rank:0 [DEBUG]  [TASK_PULL_THREAD] ready workers:1, pending tasks:0
2021-07-16 12:28:15.872 parsl.process_loggers:28 Rank:0 [DEBUG]  Normal ending for send_first_message on thread MainThread
2021-07-16 12:28:15.873 parsl.process_loggers:28 Rank:0 [DEBUG]  Normal ending for send_first_message on thread MainThread
2021-07-16 12:28:15.873 parsl:252 Rank:0 [DEBUG]  [TASK_PULL_THREAD] Requesting tasks: 1
2021-07-16 12:28:15.875 parsl:283 Rank:0 [DEBUG]  [TASK_PULL_THREAD] No incoming tasks
2021-07-16 12:28:15.875 parsl:244 Rank:0 [DEBUG]  [TASK_PULL_THREAD] ready workers:1, pending tasks:0
2021-07-16 12:28:15.876 parsl:252 Rank:0 [DEBUG]  [TASK_PULL_THREAD] Requesting tasks: 1
2021-07-16 12:28:16.079 parsl:283 Rank:0 [DEBUG]  [TASK_PULL_THREAD] No incoming tasks
2021-07-16 12:28:16.079 parsl:244 Rank:0 [DEBUG]  [TASK_PULL_THREAD] ready workers:3, pending tasks:0
2021-07-16 12:28:16.079 parsl:252 Rank:0 [DEBUG]  [TASK_PULL_THREAD] Requesting tasks: 3
2021-07-16 12:28:16.084 parsl:274 Rank:0 [DEBUG]  [TASK_PULL_THREAD] Got tasks: [14] of 14
2021-07-16 12:28:16.084 parsl:244 Rank:0 [DEBUG]  [TASK_PULL_THREAD] ready workers:3, pending tasks:1
2021-07-16 12:28:16.084 parsl:252 Rank:0 [DEBUG]  [TASK_PULL_THREAD] Requesting tasks: 3
2021-07-16 12:28:16.085 parsl:283 Rank:0 [DEBUG]  [TASK_PULL_THREAD] No incoming tasks
2021-07-16 12:28:16.085 parsl:244 Rank:0 [DEBUG]  [TASK_PULL_THREAD] ready workers:3, pending tasks:0
2021-07-16 12:28:16.085 parsl:252 Rank:0 [DEBUG]  [TASK_PULL_THREAD] Requesting tasks: 3
2021-07-16 12:28:16.090 parsl.process_loggers:28 Rank:0 [DEBUG]  Normal ending for send_first_message on thread MainThread
2021-07-16 12:28:16.291 parsl:283 Rank:0 [DEBUG]  [TASK_PULL_THREAD] No incoming tasks
2021-07-16 12:28:16.291 parsl:244 Rank:0 [DEBUG]  [TASK_PULL_THREAD] ready workers:3, pending tasks:0
2021-07-16 12:28:16.291 parsl:252 Rank:0 [DEBUG]  [TASK_PULL_THREAD] Requesting tasks: 3
2021-07-16 12:28:16.297 parsl:274 Rank:0 [DEBUG]  [TASK_PULL_THREAD] Got tasks: [15] of 15
2021-07-16 12:28:16.297 parsl:244 Rank:0 [DEBUG]  [TASK_PULL_THREAD] ready workers:3, pending tasks:1
2021-07-16 12:28:16.297 parsl:252 Rank:0 [DEBUG]  [TASK_PULL_THREAD] Requesting tasks: 3
2021-07-16 12:28:16.298 parsl:283 Rank:0 [DEBUG]  [TASK_PULL_THREAD] No incoming tasks
2021-07-16 12:28:16.298 parsl:244 Rank:0 [DEBUG]  [TASK_PULL_THREAD] ready workers:3, pending tasks:0
2021-07-16 12:28:16.298 parsl:252 Rank:0 [DEBUG]  [TASK_PULL_THREAD] Requesting tasks: 3
2021-07-16 12:28:16.302 parsl.process_loggers:28 Rank:0 [DEBUG]  Normal ending for send_first_message on thread MainThread
2021-07-16 12:28:16.500 parsl:283 Rank:0 [DEBUG]  [TASK_PULL_THREAD] No incoming tasks
2021-07-16 12:28:16.500 parsl:244 Rank:0 [DEBUG]  [TASK_PULL_THREAD] ready workers:3, pending tasks:0
2021-07-16 12:28:16.500 parsl:252 Rank:0 [DEBUG]  [TASK_PULL_THREAD] Requesting tasks: 3
2021-07-16 12:28:16.505 parsl:274 Rank:0 [DEBUG]  [TASK_PULL_THREAD] Got tasks: [16] of 16
2021-07-16 12:28:16.505 parsl:244 Rank:0 [DEBUG]  [TASK_PULL_THREAD] ready workers:3, pending tasks:1
2021-07-16 12:28:16.505 parsl:252 Rank:0 [DEBUG]  [TASK_PULL_THREAD] Requesting tasks: 3
2021-07-16 12:28:16.506 parsl:283 Rank:0 [DEBUG]  [TASK_PULL_THREAD] No incoming tasks
2021-07-16 12:28:16.506 parsl:244 Rank:0 [DEBUG]  [TASK_PULL_THREAD] ready workers:3, pending tasks:0
2021-07-16 12:28:16.506 parsl:252 Rank:0 [DEBUG]  [TASK_PULL_THREAD] Requesting tasks: 3
2021-07-16 12:28:16.510 parsl.process_loggers:28 Rank:0 [DEBUG]  Normal ending for send_first_message on thread MainThread
2021-07-16 12:28:16.712 parsl:283 Rank:0 [DEBUG]  [TASK_PULL_THREAD] No incoming tasks
2021-07-16 12:28:16.712 parsl:244 Rank:0 [DEBUG]  [TASK_PULL_THREAD] ready workers:3, pending tasks:0
2021-07-16 12:28:16.712 parsl:252 Rank:0 [DEBUG]  [TASK_PULL_THREAD] Requesting tasks: 3
2021-07-16 12:28:16.717 parsl:274 Rank:0 [DEBUG]  [TASK_PULL_THREAD] Got tasks: [17, 18] of 18
2021-07-16 12:28:16.717 parsl:244 Rank:0 [DEBUG]  [TASK_PULL_THREAD] ready workers:3, pending tasks:2
2021-07-16 12:28:16.717 parsl:252 Rank:0 [DEBUG]  [TASK_PULL_THREAD] Requesting tasks: 3
2021-07-16 12:28:16.718 parsl:283 Rank:0 [DEBUG]  [TASK_PULL_THREAD] No incoming tasks
2021-07-16 12:28:16.718 parsl:244 Rank:0 [DEBUG]  [TASK_PULL_THREAD] ready workers:3, pending tasks:0
2021-07-16 12:28:16.719 parsl:252 Rank:0 [DEBUG]  [TASK_PULL_THREAD] Requesting tasks: 3
2021-07-16 12:28:16.723 parsl.process_loggers:28 Rank:0 [DEBUG]  Normal ending for send_first_message on thread MainThread
2021-07-16 12:28:16.723 parsl.process_loggers:28 Rank:0 [DEBUG]  Normal ending for send_first_message on thread MainThread
2021-07-16 12:28:16.919 parsl:283 Rank:0 [DEBUG]  [TASK_PULL_THREAD] No incoming tasks
2021-07-16 12:28:16.920 parsl:244 Rank:0 [DEBUG]  [TASK_PULL_THREAD] ready workers:3, pending tasks:0
2021-07-16 12:28:16.920 parsl:252 Rank:0 [DEBUG]  [TASK_PULL_THREAD] Requesting tasks: 3
2021-07-16 12:28:16.925 parsl:274 Rank:0 [DEBUG]  [TASK_PULL_THREAD] Got tasks: [19] of 19
2021-07-16 12:28:16.926 parsl:244 Rank:0 [DEBUG]  [TASK_PULL_THREAD] ready workers:3, pending tasks:1
2021-07-16 12:28:16.926 parsl:252 Rank:0 [DEBUG]  [TASK_PULL_THREAD] Requesting tasks: 3
2021-07-16 12:28:16.927 parsl:283 Rank:0 [DEBUG]  [TASK_PULL_THREAD] No incoming tasks
2021-07-16 12:28:16.927 parsl:244 Rank:0 [DEBUG]  [TASK_PULL_THREAD] ready workers:3, pending tasks:0
2021-07-16 12:28:16.927 parsl:252 Rank:0 [DEBUG]  [TASK_PULL_THREAD] Requesting tasks: 3
2021-07-16 12:28:16.931 parsl.process_loggers:28 Rank:0 [DEBUG]  Normal ending for send_first_message on thread MainThread
2021-07-16 12:28:17.130 parsl:283 Rank:0 [DEBUG]  [TASK_PULL_THREAD] No incoming tasks
2021-07-16 12:28:17.130 parsl:244 Rank:0 [DEBUG]  [TASK_PULL_THREAD] ready workers:3, pending tasks:0
2021-07-16 12:28:17.130 parsl:252 Rank:0 [DEBUG]  [TASK_PULL_THREAD] Requesting tasks: 3
2021-07-16 12:28:17.135 parsl:274 Rank:0 [DEBUG]  [TASK_PULL_THREAD] Got tasks: [20] of 20
2021-07-16 12:28:17.135 parsl:244 Rank:0 [DEBUG]  [TASK_PULL_THREAD] ready workers:3, pending tasks:1
2021-07-16 12:28:17.135 parsl:252 Rank:0 [DEBUG]  [TASK_PULL_THREAD] Requesting tasks: 3
2021-07-16 12:28:17.136 parsl:283 Rank:0 [DEBUG]  [TASK_PULL_THREAD] No incoming tasks
2021-07-16 12:28:17.136 parsl:244 Rank:0 [DEBUG]  [TASK_PULL_THREAD] ready workers:3, pending tasks:0
2021-07-16 12:28:17.137 parsl:252 Rank:0 [DEBUG]  [TASK_PULL_THREAD] Requesting tasks: 3
2021-07-16 12:28:17.142 parsl.process_loggers:28 Rank:0 [DEBUG]  Normal ending for send_first_message on thread MainThread
2021-07-16 12:28:17.341 parsl:283 Rank:0 [DEBUG]  [TASK_PULL_THREAD] No incoming tasks
2021-07-16 12:28:17.341 parsl:244 Rank:0 [DEBUG]  [TASK_PULL_THREAD] ready workers:3, pending tasks:0
2021-07-16 12:28:17.341 parsl:252 Rank:0 [DEBUG]  [TASK_PULL_THREAD] Requesting tasks: 3
2021-07-16 12:28:17.348 parsl:274 Rank:0 [DEBUG]  [TASK_PULL_THREAD] Got tasks: [21] of 21
2021-07-16 12:28:17.349 parsl:244 Rank:0 [DEBUG]  [TASK_PULL_THREAD] ready workers:3, pending tasks:1
2021-07-16 12:28:17.349 parsl:252 Rank:0 [DEBUG]  [TASK_PULL_THREAD] Requesting tasks: 3
2021-07-16 12:28:17.350 parsl:283 Rank:0 [DEBUG]  [TASK_PULL_THREAD] No incoming tasks
2021-07-16 12:28:17.351 parsl:244 Rank:0 [DEBUG]  [TASK_PULL_THREAD] ready workers:3, pending tasks:0
2021-07-16 12:28:17.351 parsl:252 Rank:0 [DEBUG]  [TASK_PULL_THREAD] Requesting tasks: 3
2021-07-16 12:28:17.354 parsl.process_loggers:28 Rank:0 [DEBUG]  Normal ending for send_first_message on thread MainThread
