2021-07-29 20:14:44.688 parsl:626 Rank:0 [INFO]  Python version: 3.8.8 (default, Apr 13 2021, 12:59:45) 
[Clang 10.0.0 ]
2021-07-29 20:14:44.689 parsl:627 Rank:0 [INFO]  Debug logging: True
2021-07-29 20:14:44.689 parsl:628 Rank:0 [INFO]  Log dir: /Users/ananthhariharan/Documents/Code/GitHub/Parsl-Project/runinfo/029/htex_Local
2021-07-29 20:14:44.689 parsl:629 Rank:0 [INFO]  Manager ID: 00c6aaa241ac
2021-07-29 20:14:44.689 parsl:630 Rank:0 [INFO]  Block ID: 0
2021-07-29 20:14:44.689 parsl:631 Rank:0 [INFO]  cores_per_worker: 0.25
2021-07-29 20:14:44.689 parsl:632 Rank:0 [INFO]  mem_per_worker: None
2021-07-29 20:14:44.689 parsl:633 Rank:0 [INFO]  task_port: 54792
2021-07-29 20:14:44.690 parsl:634 Rank:0 [INFO]  result_port: 54906
2021-07-29 20:14:44.690 parsl:635 Rank:0 [INFO]  addresses: 192.168.4.29,Ananths-Macbook.local,69.174.173.76
2021-07-29 20:14:44.690 parsl:636 Rank:0 [INFO]  max_workers: inf
2021-07-29 20:14:44.690 parsl:637 Rank:0 [INFO]  poll_period: 100
2021-07-29 20:14:44.690 parsl:638 Rank:0 [INFO]  address_probe_timeout: 30
2021-07-29 20:14:44.691 parsl:639 Rank:0 [INFO]  Prefetch capacity: 0
2021-07-29 20:14:44.691 parsl:640 Rank:0 [INFO]  Heartbeat threshold: 5
2021-07-29 20:14:44.691 parsl:641 Rank:0 [INFO]  Heartbeat period: 2
2021-07-29 20:14:44.691 parsl:642 Rank:0 [INFO]  CPU affinity: none
2021-07-29 20:14:44.692 parsl:118 Rank:0 [INFO]  Manager started
2021-07-29 20:14:44.693 parsl.executors.high_throughput.probe:34 Rank:0 [DEBUG]  Trying to connect back on tcp://192.168.4.29:54792
2021-07-29 20:14:44.699 parsl.executors.high_throughput.probe:34 Rank:0 [DEBUG]  Trying to connect back on tcp://Ananths-Macbook.local:54792
2021-07-29 20:14:44.701 parsl.executors.high_throughput.probe:34 Rank:0 [DEBUG]  Trying to connect back on tcp://69.174.173.76:54792
2021-07-29 20:14:44.704 parsl.executors.high_throughput.probe:47 Rank:0 [INFO]  Connected to interchange on 192.168.4.29
2021-07-29 20:14:44.827 parsl:125 Rank:0 [INFO]  Connection to Interchange successful on 192.168.4.29
2021-07-29 20:14:44.828 parsl:128 Rank:0 [INFO]  Task url : tcp://192.168.4.29:54792
2021-07-29 20:14:44.829 parsl:129 Rank:0 [INFO]  Result url : tcp://192.168.4.29:54906
2021-07-29 20:14:44.831 parsl:147 Rank:0 [INFO]  Manager connected
2021-07-29 20:14:44.832 parsl:173 Rank:0 [INFO]  Manager will spawn 16 workers
2021-07-29 20:14:45.697 parsl:401 Rank:0 [DEBUG]  Manager synced with workers
2021-07-29 20:14:45.711 parsl:226 Rank:0 [INFO]  [TASK PULL THREAD] starting
2021-07-29 20:14:45.712 parsl:232 Rank:0 [DEBUG]  Sending registration message: b'{"parsl_v": "1.1.0", "python_v": "3.8.8", "worker_count": 16, "uid": "00c6aaa241ac", "block_id": "0", "prefetch_capacity": 0, "max_capacity": 16, "os": "Darwin", "hostname": "Ananths-Macbook.local", "dir": "/Users/ananthhariharan/Documents/Code/GitHub/Parsl-Project", "cpu_count": 2, "total_memory": 8589934592}'
2021-07-29 20:14:45.713 parsl:244 Rank:0 [DEBUG]  [TASK_PULL_THREAD] ready workers:16, pending tasks:0
2021-07-29 20:14:45.713 parsl:252 Rank:0 [DEBUG]  [TASK_PULL_THREAD] Requesting tasks: 16
2021-07-29 20:14:45.713 parsl:307 Rank:0 [DEBUG]  [RESULT_PUSH_THREAD] Starting thread
2021-07-29 20:14:45.714 parsl:310 Rank:0 [DEBUG]  [RESULT_PUSH_THREAD] push poll period: 0.1
2021-07-29 20:14:45.813 parsl:344 Rank:0 [DEBUG]  [WORKER_WATCHDOG_THREAD] Starting thread
2021-07-29 20:14:45.817 parsl:283 Rank:0 [DEBUG]  [TASK_PULL_THREAD] No incoming tasks
2021-07-29 20:14:45.818 parsl:244 Rank:0 [DEBUG]  [TASK_PULL_THREAD] ready workers:16, pending tasks:0
2021-07-29 20:14:45.818 parsl:252 Rank:0 [DEBUG]  [TASK_PULL_THREAD] Requesting tasks: 16
2021-07-29 20:14:45.824 parsl:416 Rank:0 [INFO]  Loop start
2021-07-29 20:14:46.019 parsl:283 Rank:0 [DEBUG]  [TASK_PULL_THREAD] No incoming tasks
2021-07-29 20:14:46.019 parsl:244 Rank:0 [DEBUG]  [TASK_PULL_THREAD] ready workers:16, pending tasks:0
2021-07-29 20:14:46.020 parsl:252 Rank:0 [DEBUG]  [TASK_PULL_THREAD] Requesting tasks: 16
2021-07-29 20:14:46.424 parsl:283 Rank:0 [DEBUG]  [TASK_PULL_THREAD] No incoming tasks
2021-07-29 20:14:46.425 parsl:244 Rank:0 [DEBUG]  [TASK_PULL_THREAD] ready workers:16, pending tasks:0
2021-07-29 20:14:46.425 parsl:252 Rank:0 [DEBUG]  [TASK_PULL_THREAD] Requesting tasks: 16
2021-07-29 20:14:47.228 parsl:283 Rank:0 [DEBUG]  [TASK_PULL_THREAD] No incoming tasks
2021-07-29 20:14:47.228 parsl:244 Rank:0 [DEBUG]  [TASK_PULL_THREAD] ready workers:16, pending tasks:0
2021-07-29 20:14:47.228 parsl:252 Rank:0 [DEBUG]  [TASK_PULL_THREAD] Requesting tasks: 16
2021-07-29 20:14:48.833 parsl:283 Rank:0 [DEBUG]  [TASK_PULL_THREAD] No incoming tasks
2021-07-29 20:14:48.834 parsl:244 Rank:0 [DEBUG]  [TASK_PULL_THREAD] ready workers:16, pending tasks:0
2021-07-29 20:14:48.834 parsl:214 Rank:0 [DEBUG]  Return from heartbeat: None
2021-07-29 20:14:48.834 parsl:252 Rank:0 [DEBUG]  [TASK_PULL_THREAD] Requesting tasks: 16
2021-07-29 20:14:48.838 parsl:270 Rank:0 [DEBUG]  Got heartbeat from interchange
2021-07-29 20:14:48.838 parsl:244 Rank:0 [DEBUG]  [TASK_PULL_THREAD] ready workers:16, pending tasks:0
2021-07-29 20:14:48.838 parsl:252 Rank:0 [DEBUG]  [TASK_PULL_THREAD] Requesting tasks: 16
2021-07-29 20:14:48.839 parsl:283 Rank:0 [DEBUG]  [TASK_PULL_THREAD] No incoming tasks
2021-07-29 20:14:48.839 parsl:244 Rank:0 [DEBUG]  [TASK_PULL_THREAD] ready workers:16, pending tasks:0
2021-07-29 20:14:48.840 parsl:252 Rank:0 [DEBUG]  [TASK_PULL_THREAD] Requesting tasks: 16
2021-07-29 20:14:49.045 parsl:283 Rank:0 [DEBUG]  [TASK_PULL_THREAD] No incoming tasks
2021-07-29 20:14:49.045 parsl:244 Rank:0 [DEBUG]  [TASK_PULL_THREAD] ready workers:16, pending tasks:0
2021-07-29 20:14:49.045 parsl:252 Rank:0 [DEBUG]  [TASK_PULL_THREAD] Requesting tasks: 16
2021-07-29 20:14:49.450 parsl:283 Rank:0 [DEBUG]  [TASK_PULL_THREAD] No incoming tasks
2021-07-29 20:14:49.450 parsl:244 Rank:0 [DEBUG]  [TASK_PULL_THREAD] ready workers:16, pending tasks:0
2021-07-29 20:14:49.450 parsl:252 Rank:0 [DEBUG]  [TASK_PULL_THREAD] Requesting tasks: 16
2021-07-29 20:14:50.252 parsl:283 Rank:0 [DEBUG]  [TASK_PULL_THREAD] No incoming tasks
2021-07-29 20:14:50.252 parsl:244 Rank:0 [DEBUG]  [TASK_PULL_THREAD] ready workers:16, pending tasks:0
2021-07-29 20:14:50.253 parsl:252 Rank:0 [DEBUG]  [TASK_PULL_THREAD] Requesting tasks: 16
2021-07-29 20:14:51.854 parsl:283 Rank:0 [DEBUG]  [TASK_PULL_THREAD] No incoming tasks
2021-07-29 20:14:51.854 parsl:244 Rank:0 [DEBUG]  [TASK_PULL_THREAD] ready workers:16, pending tasks:0
2021-07-29 20:14:51.854 parsl:214 Rank:0 [DEBUG]  Return from heartbeat: None
2021-07-29 20:14:51.854 parsl:252 Rank:0 [DEBUG]  [TASK_PULL_THREAD] Requesting tasks: 16
2021-07-29 20:14:51.856 parsl:270 Rank:0 [DEBUG]  Got heartbeat from interchange
2021-07-29 20:14:51.856 parsl:244 Rank:0 [DEBUG]  [TASK_PULL_THREAD] ready workers:16, pending tasks:0
2021-07-29 20:14:51.856 parsl:252 Rank:0 [DEBUG]  [TASK_PULL_THREAD] Requesting tasks: 16
2021-07-29 20:14:51.856 parsl:283 Rank:0 [DEBUG]  [TASK_PULL_THREAD] No incoming tasks
2021-07-29 20:14:51.856 parsl:244 Rank:0 [DEBUG]  [TASK_PULL_THREAD] ready workers:16, pending tasks:0
2021-07-29 20:14:51.857 parsl:252 Rank:0 [DEBUG]  [TASK_PULL_THREAD] Requesting tasks: 16
2021-07-29 20:14:52.060 parsl:283 Rank:0 [DEBUG]  [TASK_PULL_THREAD] No incoming tasks
2021-07-29 20:14:52.060 parsl:244 Rank:0 [DEBUG]  [TASK_PULL_THREAD] ready workers:16, pending tasks:0
2021-07-29 20:14:52.061 parsl:252 Rank:0 [DEBUG]  [TASK_PULL_THREAD] Requesting tasks: 16
2021-07-29 20:14:52.465 parsl:283 Rank:0 [DEBUG]  [TASK_PULL_THREAD] No incoming tasks
2021-07-29 20:14:52.465 parsl:244 Rank:0 [DEBUG]  [TASK_PULL_THREAD] ready workers:16, pending tasks:0
2021-07-29 20:14:52.465 parsl:252 Rank:0 [DEBUG]  [TASK_PULL_THREAD] Requesting tasks: 16
2021-07-29 20:14:53.268 parsl:283 Rank:0 [DEBUG]  [TASK_PULL_THREAD] No incoming tasks
2021-07-29 20:14:53.268 parsl:244 Rank:0 [DEBUG]  [TASK_PULL_THREAD] ready workers:16, pending tasks:0
2021-07-29 20:14:53.269 parsl:252 Rank:0 [DEBUG]  [TASK_PULL_THREAD] Requesting tasks: 16
2021-07-29 20:14:54.873 parsl:283 Rank:0 [DEBUG]  [TASK_PULL_THREAD] No incoming tasks
2021-07-29 20:14:54.873 parsl:244 Rank:0 [DEBUG]  [TASK_PULL_THREAD] ready workers:16, pending tasks:0
2021-07-29 20:14:54.874 parsl:214 Rank:0 [DEBUG]  Return from heartbeat: None
2021-07-29 20:14:54.875 parsl:252 Rank:0 [DEBUG]  [TASK_PULL_THREAD] Requesting tasks: 16
2021-07-29 20:14:54.879 parsl:270 Rank:0 [DEBUG]  Got heartbeat from interchange
2021-07-29 20:14:54.879 parsl:244 Rank:0 [DEBUG]  [TASK_PULL_THREAD] ready workers:16, pending tasks:0
2021-07-29 20:14:54.879 parsl:252 Rank:0 [DEBUG]  [TASK_PULL_THREAD] Requesting tasks: 16
2021-07-29 20:14:54.880 parsl:283 Rank:0 [DEBUG]  [TASK_PULL_THREAD] No incoming tasks
2021-07-29 20:14:54.880 parsl:244 Rank:0 [DEBUG]  [TASK_PULL_THREAD] ready workers:16, pending tasks:0
2021-07-29 20:14:54.880 parsl:252 Rank:0 [DEBUG]  [TASK_PULL_THREAD] Requesting tasks: 16
2021-07-29 20:14:55.082 parsl:283 Rank:0 [DEBUG]  [TASK_PULL_THREAD] No incoming tasks
2021-07-29 20:14:55.082 parsl:244 Rank:0 [DEBUG]  [TASK_PULL_THREAD] ready workers:16, pending tasks:0
2021-07-29 20:14:55.083 parsl:252 Rank:0 [DEBUG]  [TASK_PULL_THREAD] Requesting tasks: 16
2021-07-29 20:14:55.486 parsl:283 Rank:0 [DEBUG]  [TASK_PULL_THREAD] No incoming tasks
2021-07-29 20:14:55.487 parsl:244 Rank:0 [DEBUG]  [TASK_PULL_THREAD] ready workers:16, pending tasks:0
2021-07-29 20:14:55.487 parsl:252 Rank:0 [DEBUG]  [TASK_PULL_THREAD] Requesting tasks: 16
2021-07-29 20:14:56.291 parsl:283 Rank:0 [DEBUG]  [TASK_PULL_THREAD] No incoming tasks
2021-07-29 20:14:56.292 parsl:244 Rank:0 [DEBUG]  [TASK_PULL_THREAD] ready workers:16, pending tasks:0
2021-07-29 20:14:56.292 parsl:252 Rank:0 [DEBUG]  [TASK_PULL_THREAD] Requesting tasks: 16
2021-07-29 20:14:57.893 parsl:283 Rank:0 [DEBUG]  [TASK_PULL_THREAD] No incoming tasks
2021-07-29 20:14:57.893 parsl:244 Rank:0 [DEBUG]  [TASK_PULL_THREAD] ready workers:16, pending tasks:0
2021-07-29 20:14:57.894 parsl:214 Rank:0 [DEBUG]  Return from heartbeat: None
2021-07-29 20:14:57.894 parsl:252 Rank:0 [DEBUG]  [TASK_PULL_THREAD] Requesting tasks: 16
2021-07-29 20:14:57.897 parsl:270 Rank:0 [DEBUG]  Got heartbeat from interchange
2021-07-29 20:14:57.897 parsl:244 Rank:0 [DEBUG]  [TASK_PULL_THREAD] ready workers:16, pending tasks:0
2021-07-29 20:14:57.897 parsl:252 Rank:0 [DEBUG]  [TASK_PULL_THREAD] Requesting tasks: 16
2021-07-29 20:14:57.899 parsl:283 Rank:0 [DEBUG]  [TASK_PULL_THREAD] No incoming tasks
2021-07-29 20:14:57.899 parsl:244 Rank:0 [DEBUG]  [TASK_PULL_THREAD] ready workers:16, pending tasks:0
2021-07-29 20:14:57.899 parsl:252 Rank:0 [DEBUG]  [TASK_PULL_THREAD] Requesting tasks: 16
2021-07-29 20:14:58.101 parsl:283 Rank:0 [DEBUG]  [TASK_PULL_THREAD] No incoming tasks
2021-07-29 20:14:58.101 parsl:244 Rank:0 [DEBUG]  [TASK_PULL_THREAD] ready workers:16, pending tasks:0
2021-07-29 20:14:58.101 parsl:252 Rank:0 [DEBUG]  [TASK_PULL_THREAD] Requesting tasks: 16
2021-07-29 20:14:58.503 parsl:283 Rank:0 [DEBUG]  [TASK_PULL_THREAD] No incoming tasks
2021-07-29 20:14:58.504 parsl:244 Rank:0 [DEBUG]  [TASK_PULL_THREAD] ready workers:16, pending tasks:0
2021-07-29 20:14:58.504 parsl:252 Rank:0 [DEBUG]  [TASK_PULL_THREAD] Requesting tasks: 16
2021-07-29 20:14:59.308 parsl:283 Rank:0 [DEBUG]  [TASK_PULL_THREAD] No incoming tasks
2021-07-29 20:14:59.308 parsl:244 Rank:0 [DEBUG]  [TASK_PULL_THREAD] ready workers:16, pending tasks:0
2021-07-29 20:14:59.308 parsl:252 Rank:0 [DEBUG]  [TASK_PULL_THREAD] Requesting tasks: 16
2021-07-29 20:15:00.910 parsl:283 Rank:0 [DEBUG]  [TASK_PULL_THREAD] No incoming tasks
2021-07-29 20:15:00.910 parsl:244 Rank:0 [DEBUG]  [TASK_PULL_THREAD] ready workers:16, pending tasks:0
2021-07-29 20:15:00.910 parsl:214 Rank:0 [DEBUG]  Return from heartbeat: None
2021-07-29 20:15:00.911 parsl:252 Rank:0 [DEBUG]  [TASK_PULL_THREAD] Requesting tasks: 16
2021-07-29 20:15:00.913 parsl:270 Rank:0 [DEBUG]  Got heartbeat from interchange
2021-07-29 20:15:00.913 parsl:244 Rank:0 [DEBUG]  [TASK_PULL_THREAD] ready workers:16, pending tasks:0
2021-07-29 20:15:00.913 parsl:252 Rank:0 [DEBUG]  [TASK_PULL_THREAD] Requesting tasks: 16
2021-07-29 20:15:00.914 parsl:283 Rank:0 [DEBUG]  [TASK_PULL_THREAD] No incoming tasks
2021-07-29 20:15:00.914 parsl:244 Rank:0 [DEBUG]  [TASK_PULL_THREAD] ready workers:16, pending tasks:0
2021-07-29 20:15:00.914 parsl:252 Rank:0 [DEBUG]  [TASK_PULL_THREAD] Requesting tasks: 16
2021-07-29 20:15:01.116 parsl:283 Rank:0 [DEBUG]  [TASK_PULL_THREAD] No incoming tasks
2021-07-29 20:15:01.117 parsl:244 Rank:0 [DEBUG]  [TASK_PULL_THREAD] ready workers:16, pending tasks:0
2021-07-29 20:15:01.117 parsl:252 Rank:0 [DEBUG]  [TASK_PULL_THREAD] Requesting tasks: 16
2021-07-29 20:15:01.522 parsl:283 Rank:0 [DEBUG]  [TASK_PULL_THREAD] No incoming tasks
2021-07-29 20:15:01.522 parsl:244 Rank:0 [DEBUG]  [TASK_PULL_THREAD] ready workers:16, pending tasks:0
2021-07-29 20:15:01.522 parsl:252 Rank:0 [DEBUG]  [TASK_PULL_THREAD] Requesting tasks: 16
2021-07-29 20:15:02.328 parsl:283 Rank:0 [DEBUG]  [TASK_PULL_THREAD] No incoming tasks
2021-07-29 20:15:02.328 parsl:244 Rank:0 [DEBUG]  [TASK_PULL_THREAD] ready workers:16, pending tasks:0
2021-07-29 20:15:02.328 parsl:252 Rank:0 [DEBUG]  [TASK_PULL_THREAD] Requesting tasks: 16
2021-07-29 20:15:03.930 parsl:283 Rank:0 [DEBUG]  [TASK_PULL_THREAD] No incoming tasks
2021-07-29 20:15:03.930 parsl:244 Rank:0 [DEBUG]  [TASK_PULL_THREAD] ready workers:16, pending tasks:0
2021-07-29 20:15:03.930 parsl:214 Rank:0 [DEBUG]  Return from heartbeat: None
2021-07-29 20:15:03.931 parsl:252 Rank:0 [DEBUG]  [TASK_PULL_THREAD] Requesting tasks: 16
2021-07-29 20:15:03.937 parsl:270 Rank:0 [DEBUG]  Got heartbeat from interchange
2021-07-29 20:15:03.937 parsl:244 Rank:0 [DEBUG]  [TASK_PULL_THREAD] ready workers:16, pending tasks:0
2021-07-29 20:15:03.938 parsl:252 Rank:0 [DEBUG]  [TASK_PULL_THREAD] Requesting tasks: 16
2021-07-29 20:15:03.939 parsl:283 Rank:0 [DEBUG]  [TASK_PULL_THREAD] No incoming tasks
2021-07-29 20:15:03.940 parsl:244 Rank:0 [DEBUG]  [TASK_PULL_THREAD] ready workers:16, pending tasks:0
2021-07-29 20:15:03.940 parsl:252 Rank:0 [DEBUG]  [TASK_PULL_THREAD] Requesting tasks: 16
2021-07-29 20:15:04.144 parsl:283 Rank:0 [DEBUG]  [TASK_PULL_THREAD] No incoming tasks
2021-07-29 20:15:04.145 parsl:244 Rank:0 [DEBUG]  [TASK_PULL_THREAD] ready workers:16, pending tasks:0
2021-07-29 20:15:04.145 parsl:252 Rank:0 [DEBUG]  [TASK_PULL_THREAD] Requesting tasks: 16
2021-07-29 20:15:04.548 parsl:283 Rank:0 [DEBUG]  [TASK_PULL_THREAD] No incoming tasks
2021-07-29 20:15:04.548 parsl:244 Rank:0 [DEBUG]  [TASK_PULL_THREAD] ready workers:16, pending tasks:0
2021-07-29 20:15:04.548 parsl:252 Rank:0 [DEBUG]  [TASK_PULL_THREAD] Requesting tasks: 16
2021-07-29 20:15:05.313 parsl:274 Rank:0 [DEBUG]  [TASK_PULL_THREAD] Got tasks: [12] of 1
2021-07-29 20:15:05.315 parsl:244 Rank:0 [DEBUG]  [TASK_PULL_THREAD] ready workers:16, pending tasks:1
2021-07-29 20:15:05.316 parsl:252 Rank:0 [DEBUG]  [TASK_PULL_THREAD] Requesting tasks: 16
2021-07-29 20:15:05.316 parsl:283 Rank:0 [DEBUG]  [TASK_PULL_THREAD] No incoming tasks
2021-07-29 20:15:05.316 parsl:244 Rank:0 [DEBUG]  [TASK_PULL_THREAD] ready workers:16, pending tasks:0
2021-07-29 20:15:05.317 parsl:252 Rank:0 [DEBUG]  [TASK_PULL_THREAD] Requesting tasks: 16
2021-07-29 20:15:05.327 parsl.process_loggers:28 Rank:0 [DEBUG]  Normal ending for send_first_message on thread MainThread
2021-07-29 20:15:05.521 parsl:283 Rank:0 [DEBUG]  [TASK_PULL_THREAD] No incoming tasks
2021-07-29 20:15:05.521 parsl:244 Rank:0 [DEBUG]  [TASK_PULL_THREAD] ready workers:15, pending tasks:0
2021-07-29 20:15:05.521 parsl:252 Rank:0 [DEBUG]  [TASK_PULL_THREAD] Requesting tasks: 15
2021-07-29 20:15:05.926 parsl:283 Rank:0 [DEBUG]  [TASK_PULL_THREAD] No incoming tasks
2021-07-29 20:15:05.926 parsl:244 Rank:0 [DEBUG]  [TASK_PULL_THREAD] ready workers:15, pending tasks:0
2021-07-29 20:15:05.926 parsl:252 Rank:0 [DEBUG]  [TASK_PULL_THREAD] Requesting tasks: 15
2021-07-29 20:15:06.729 parsl:283 Rank:0 [DEBUG]  [TASK_PULL_THREAD] No incoming tasks
2021-07-29 20:15:06.730 parsl:244 Rank:0 [DEBUG]  [TASK_PULL_THREAD] ready workers:15, pending tasks:0
2021-07-29 20:15:06.730 parsl:214 Rank:0 [DEBUG]  Return from heartbeat: None
2021-07-29 20:15:06.731 parsl:252 Rank:0 [DEBUG]  [TASK_PULL_THREAD] Requesting tasks: 15
2021-07-29 20:15:06.733 parsl:270 Rank:0 [DEBUG]  Got heartbeat from interchange
2021-07-29 20:15:06.733 parsl:244 Rank:0 [DEBUG]  [TASK_PULL_THREAD] ready workers:15, pending tasks:0
2021-07-29 20:15:06.734 parsl:252 Rank:0 [DEBUG]  [TASK_PULL_THREAD] Requesting tasks: 15
2021-07-29 20:15:06.734 parsl:283 Rank:0 [DEBUG]  [TASK_PULL_THREAD] No incoming tasks
2021-07-29 20:15:06.734 parsl:244 Rank:0 [DEBUG]  [TASK_PULL_THREAD] ready workers:15, pending tasks:0
2021-07-29 20:15:06.734 parsl:252 Rank:0 [DEBUG]  [TASK_PULL_THREAD] Requesting tasks: 15
2021-07-29 20:15:06.938 parsl:283 Rank:0 [DEBUG]  [TASK_PULL_THREAD] No incoming tasks
2021-07-29 20:15:06.938 parsl:244 Rank:0 [DEBUG]  [TASK_PULL_THREAD] ready workers:15, pending tasks:0
2021-07-29 20:15:06.938 parsl:252 Rank:0 [DEBUG]  [TASK_PULL_THREAD] Requesting tasks: 15
2021-07-29 20:15:07.343 parsl:283 Rank:0 [DEBUG]  [TASK_PULL_THREAD] No incoming tasks
2021-07-29 20:15:07.343 parsl:244 Rank:0 [DEBUG]  [TASK_PULL_THREAD] ready workers:15, pending tasks:0
2021-07-29 20:15:07.343 parsl:252 Rank:0 [DEBUG]  [TASK_PULL_THREAD] Requesting tasks: 15
2021-07-29 20:15:08.148 parsl:283 Rank:0 [DEBUG]  [TASK_PULL_THREAD] No incoming tasks
2021-07-29 20:15:08.148 parsl:244 Rank:0 [DEBUG]  [TASK_PULL_THREAD] ready workers:15, pending tasks:0
2021-07-29 20:15:08.148 parsl:252 Rank:0 [DEBUG]  [TASK_PULL_THREAD] Requesting tasks: 15
2021-07-29 20:15:09.752 parsl:283 Rank:0 [DEBUG]  [TASK_PULL_THREAD] No incoming tasks
2021-07-29 20:15:09.752 parsl:244 Rank:0 [DEBUG]  [TASK_PULL_THREAD] ready workers:16, pending tasks:0
2021-07-29 20:15:09.753 parsl:214 Rank:0 [DEBUG]  Return from heartbeat: None
2021-07-29 20:15:09.753 parsl:252 Rank:0 [DEBUG]  [TASK_PULL_THREAD] Requesting tasks: 16
2021-07-29 20:15:09.758 parsl:270 Rank:0 [DEBUG]  Got heartbeat from interchange
2021-07-29 20:15:09.758 parsl:244 Rank:0 [DEBUG]  [TASK_PULL_THREAD] ready workers:16, pending tasks:0
2021-07-29 20:15:09.759 parsl:252 Rank:0 [DEBUG]  [TASK_PULL_THREAD] Requesting tasks: 16
2021-07-29 20:15:09.760 parsl:283 Rank:0 [DEBUG]  [TASK_PULL_THREAD] No incoming tasks
2021-07-29 20:15:09.760 parsl:244 Rank:0 [DEBUG]  [TASK_PULL_THREAD] ready workers:16, pending tasks:0
2021-07-29 20:15:09.761 parsl:252 Rank:0 [DEBUG]  [TASK_PULL_THREAD] Requesting tasks: 16
2021-07-29 20:15:09.962 parsl:283 Rank:0 [DEBUG]  [TASK_PULL_THREAD] No incoming tasks
2021-07-29 20:15:09.963 parsl:244 Rank:0 [DEBUG]  [TASK_PULL_THREAD] ready workers:16, pending tasks:0
2021-07-29 20:15:09.964 parsl:252 Rank:0 [DEBUG]  [TASK_PULL_THREAD] Requesting tasks: 16
2021-07-29 20:15:10.331 parsl:274 Rank:0 [DEBUG]  [TASK_PULL_THREAD] Got tasks: [13] of 2
2021-07-29 20:15:10.331 parsl:244 Rank:0 [DEBUG]  [TASK_PULL_THREAD] ready workers:16, pending tasks:1
2021-07-29 20:15:10.332 parsl:252 Rank:0 [DEBUG]  [TASK_PULL_THREAD] Requesting tasks: 16
2021-07-29 20:15:10.334 parsl:283 Rank:0 [DEBUG]  [TASK_PULL_THREAD] No incoming tasks
2021-07-29 20:15:10.335 parsl:244 Rank:0 [DEBUG]  [TASK_PULL_THREAD] ready workers:16, pending tasks:0
2021-07-29 20:15:10.335 parsl:252 Rank:0 [DEBUG]  [TASK_PULL_THREAD] Requesting tasks: 16
2021-07-29 20:15:10.350 parsl.process_loggers:28 Rank:0 [DEBUG]  Normal ending for send_first_message on thread MainThread
2021-07-29 20:15:10.539 parsl:283 Rank:0 [DEBUG]  [TASK_PULL_THREAD] No incoming tasks
2021-07-29 20:15:10.540 parsl:244 Rank:0 [DEBUG]  [TASK_PULL_THREAD] ready workers:15, pending tasks:0
2021-07-29 20:15:10.540 parsl:252 Rank:0 [DEBUG]  [TASK_PULL_THREAD] Requesting tasks: 15
2021-07-29 20:15:10.943 parsl:283 Rank:0 [DEBUG]  [TASK_PULL_THREAD] No incoming tasks
2021-07-29 20:15:10.943 parsl:244 Rank:0 [DEBUG]  [TASK_PULL_THREAD] ready workers:15, pending tasks:0
2021-07-29 20:15:10.943 parsl:252 Rank:0 [DEBUG]  [TASK_PULL_THREAD] Requesting tasks: 15
2021-07-29 20:15:11.744 parsl:283 Rank:0 [DEBUG]  [TASK_PULL_THREAD] No incoming tasks
2021-07-29 20:15:11.744 parsl:244 Rank:0 [DEBUG]  [TASK_PULL_THREAD] ready workers:16, pending tasks:0
2021-07-29 20:15:11.744 parsl:252 Rank:0 [DEBUG]  [TASK_PULL_THREAD] Requesting tasks: 16
2021-07-29 20:15:13.350 parsl:283 Rank:0 [DEBUG]  [TASK_PULL_THREAD] No incoming tasks
2021-07-29 20:15:13.351 parsl:244 Rank:0 [DEBUG]  [TASK_PULL_THREAD] ready workers:16, pending tasks:0
2021-07-29 20:15:13.351 parsl:214 Rank:0 [DEBUG]  Return from heartbeat: None
2021-07-29 20:15:13.352 parsl:252 Rank:0 [DEBUG]  [TASK_PULL_THREAD] Requesting tasks: 16
2021-07-29 20:15:13.354 parsl:270 Rank:0 [DEBUG]  Got heartbeat from interchange
2021-07-29 20:15:13.354 parsl:244 Rank:0 [DEBUG]  [TASK_PULL_THREAD] ready workers:16, pending tasks:0
2021-07-29 20:15:13.354 parsl:252 Rank:0 [DEBUG]  [TASK_PULL_THREAD] Requesting tasks: 16
2021-07-29 20:15:13.355 parsl:283 Rank:0 [DEBUG]  [TASK_PULL_THREAD] No incoming tasks
2021-07-29 20:15:13.355 parsl:244 Rank:0 [DEBUG]  [TASK_PULL_THREAD] ready workers:16, pending tasks:0
2021-07-29 20:15:13.355 parsl:252 Rank:0 [DEBUG]  [TASK_PULL_THREAD] Requesting tasks: 16
2021-07-29 20:15:13.558 parsl:283 Rank:0 [DEBUG]  [TASK_PULL_THREAD] No incoming tasks
2021-07-29 20:15:13.559 parsl:244 Rank:0 [DEBUG]  [TASK_PULL_THREAD] ready workers:16, pending tasks:0
2021-07-29 20:15:13.560 parsl:252 Rank:0 [DEBUG]  [TASK_PULL_THREAD] Requesting tasks: 16
2021-07-29 20:15:13.962 parsl:283 Rank:0 [DEBUG]  [TASK_PULL_THREAD] No incoming tasks
2021-07-29 20:15:13.962 parsl:244 Rank:0 [DEBUG]  [TASK_PULL_THREAD] ready workers:16, pending tasks:0
2021-07-29 20:15:13.963 parsl:252 Rank:0 [DEBUG]  [TASK_PULL_THREAD] Requesting tasks: 16
2021-07-29 20:15:14.769 parsl:283 Rank:0 [DEBUG]  [TASK_PULL_THREAD] No incoming tasks
2021-07-29 20:15:14.769 parsl:244 Rank:0 [DEBUG]  [TASK_PULL_THREAD] ready workers:16, pending tasks:0
2021-07-29 20:15:14.769 parsl:252 Rank:0 [DEBUG]  [TASK_PULL_THREAD] Requesting tasks: 16
2021-07-29 20:15:16.373 parsl:283 Rank:0 [DEBUG]  [TASK_PULL_THREAD] No incoming tasks
2021-07-29 20:15:16.373 parsl:244 Rank:0 [DEBUG]  [TASK_PULL_THREAD] ready workers:16, pending tasks:0
2021-07-29 20:15:16.373 parsl:214 Rank:0 [DEBUG]  Return from heartbeat: None
2021-07-29 20:15:16.373 parsl:252 Rank:0 [DEBUG]  [TASK_PULL_THREAD] Requesting tasks: 16
2021-07-29 20:15:16.376 parsl:270 Rank:0 [DEBUG]  Got heartbeat from interchange
2021-07-29 20:15:16.376 parsl:244 Rank:0 [DEBUG]  [TASK_PULL_THREAD] ready workers:16, pending tasks:0
2021-07-29 20:15:16.376 parsl:252 Rank:0 [DEBUG]  [TASK_PULL_THREAD] Requesting tasks: 16
2021-07-29 20:15:16.376 parsl:283 Rank:0 [DEBUG]  [TASK_PULL_THREAD] No incoming tasks
2021-07-29 20:15:16.376 parsl:244 Rank:0 [DEBUG]  [TASK_PULL_THREAD] ready workers:16, pending tasks:0
2021-07-29 20:15:16.376 parsl:252 Rank:0 [DEBUG]  [TASK_PULL_THREAD] Requesting tasks: 16
2021-07-29 20:15:16.581 parsl:283 Rank:0 [DEBUG]  [TASK_PULL_THREAD] No incoming tasks
2021-07-29 20:15:16.581 parsl:244 Rank:0 [DEBUG]  [TASK_PULL_THREAD] ready workers:16, pending tasks:0
2021-07-29 20:15:16.581 parsl:252 Rank:0 [DEBUG]  [TASK_PULL_THREAD] Requesting tasks: 16
2021-07-29 20:15:16.986 parsl:283 Rank:0 [DEBUG]  [TASK_PULL_THREAD] No incoming tasks
2021-07-29 20:15:16.986 parsl:244 Rank:0 [DEBUG]  [TASK_PULL_THREAD] ready workers:16, pending tasks:0
2021-07-29 20:15:16.986 parsl:252 Rank:0 [DEBUG]  [TASK_PULL_THREAD] Requesting tasks: 16
2021-07-29 20:15:17.788 parsl:283 Rank:0 [DEBUG]  [TASK_PULL_THREAD] No incoming tasks
2021-07-29 20:15:17.789 parsl:244 Rank:0 [DEBUG]  [TASK_PULL_THREAD] ready workers:16, pending tasks:0
2021-07-29 20:15:17.789 parsl:252 Rank:0 [DEBUG]  [TASK_PULL_THREAD] Requesting tasks: 16
2021-07-29 20:15:19.408 parsl:283 Rank:0 [DEBUG]  [TASK_PULL_THREAD] No incoming tasks
2021-07-29 20:15:19.408 parsl:244 Rank:0 [DEBUG]  [TASK_PULL_THREAD] ready workers:16, pending tasks:0
2021-07-29 20:15:19.411 parsl:214 Rank:0 [DEBUG]  Return from heartbeat: None
2021-07-29 20:15:19.424 parsl:252 Rank:0 [DEBUG]  [TASK_PULL_THREAD] Requesting tasks: 16
2021-07-29 20:15:19.455 parsl:270 Rank:0 [DEBUG]  Got heartbeat from interchange
2021-07-29 20:15:19.455 parsl:244 Rank:0 [DEBUG]  [TASK_PULL_THREAD] ready workers:16, pending tasks:0
2021-07-29 20:15:19.455 parsl:252 Rank:0 [DEBUG]  [TASK_PULL_THREAD] Requesting tasks: 16
2021-07-29 20:15:19.456 parsl:283 Rank:0 [DEBUG]  [TASK_PULL_THREAD] No incoming tasks
2021-07-29 20:15:19.456 parsl:244 Rank:0 [DEBUG]  [TASK_PULL_THREAD] ready workers:16, pending tasks:0
2021-07-29 20:15:19.456 parsl:252 Rank:0 [DEBUG]  [TASK_PULL_THREAD] Requesting tasks: 16
2021-07-29 20:15:19.661 parsl:283 Rank:0 [DEBUG]  [TASK_PULL_THREAD] No incoming tasks
2021-07-29 20:15:19.662 parsl:244 Rank:0 [DEBUG]  [TASK_PULL_THREAD] ready workers:16, pending tasks:0
2021-07-29 20:15:19.662 parsl:252 Rank:0 [DEBUG]  [TASK_PULL_THREAD] Requesting tasks: 16
2021-07-29 20:15:20.068 parsl:283 Rank:0 [DEBUG]  [TASK_PULL_THREAD] No incoming tasks
2021-07-29 20:15:20.069 parsl:244 Rank:0 [DEBUG]  [TASK_PULL_THREAD] ready workers:16, pending tasks:0
2021-07-29 20:15:20.069 parsl:252 Rank:0 [DEBUG]  [TASK_PULL_THREAD] Requesting tasks: 16
2021-07-29 20:15:20.872 parsl:283 Rank:0 [DEBUG]  [TASK_PULL_THREAD] No incoming tasks
2021-07-29 20:15:20.872 parsl:244 Rank:0 [DEBUG]  [TASK_PULL_THREAD] ready workers:16, pending tasks:0
2021-07-29 20:15:20.873 parsl:252 Rank:0 [DEBUG]  [TASK_PULL_THREAD] Requesting tasks: 16
2021-07-29 20:15:22.478 parsl:283 Rank:0 [DEBUG]  [TASK_PULL_THREAD] No incoming tasks
2021-07-29 20:15:22.478 parsl:244 Rank:0 [DEBUG]  [TASK_PULL_THREAD] ready workers:16, pending tasks:0
2021-07-29 20:15:22.478 parsl:214 Rank:0 [DEBUG]  Return from heartbeat: None
2021-07-29 20:15:22.478 parsl:252 Rank:0 [DEBUG]  [TASK_PULL_THREAD] Requesting tasks: 16
2021-07-29 20:15:22.481 parsl:270 Rank:0 [DEBUG]  Got heartbeat from interchange
2021-07-29 20:15:22.482 parsl:244 Rank:0 [DEBUG]  [TASK_PULL_THREAD] ready workers:16, pending tasks:0
2021-07-29 20:15:22.482 parsl:252 Rank:0 [DEBUG]  [TASK_PULL_THREAD] Requesting tasks: 16
2021-07-29 20:15:22.483 parsl:283 Rank:0 [DEBUG]  [TASK_PULL_THREAD] No incoming tasks
2021-07-29 20:15:22.483 parsl:244 Rank:0 [DEBUG]  [TASK_PULL_THREAD] ready workers:16, pending tasks:0
2021-07-29 20:15:22.484 parsl:252 Rank:0 [DEBUG]  [TASK_PULL_THREAD] Requesting tasks: 16
2021-07-29 20:15:22.688 parsl:283 Rank:0 [DEBUG]  [TASK_PULL_THREAD] No incoming tasks
2021-07-29 20:15:22.689 parsl:244 Rank:0 [DEBUG]  [TASK_PULL_THREAD] ready workers:16, pending tasks:0
2021-07-29 20:15:22.690 parsl:252 Rank:0 [DEBUG]  [TASK_PULL_THREAD] Requesting tasks: 16
2021-07-29 20:15:23.094 parsl:283 Rank:0 [DEBUG]  [TASK_PULL_THREAD] No incoming tasks
2021-07-29 20:15:23.094 parsl:244 Rank:0 [DEBUG]  [TASK_PULL_THREAD] ready workers:16, pending tasks:0
2021-07-29 20:15:23.094 parsl:252 Rank:0 [DEBUG]  [TASK_PULL_THREAD] Requesting tasks: 16
2021-07-29 20:15:23.896 parsl:283 Rank:0 [DEBUG]  [TASK_PULL_THREAD] No incoming tasks
2021-07-29 20:15:23.896 parsl:244 Rank:0 [DEBUG]  [TASK_PULL_THREAD] ready workers:16, pending tasks:0
2021-07-29 20:15:23.896 parsl:252 Rank:0 [DEBUG]  [TASK_PULL_THREAD] Requesting tasks: 16
2021-07-29 20:15:25.501 parsl:283 Rank:0 [DEBUG]  [TASK_PULL_THREAD] No incoming tasks
2021-07-29 20:15:25.502 parsl:244 Rank:0 [DEBUG]  [TASK_PULL_THREAD] ready workers:16, pending tasks:0
2021-07-29 20:15:25.502 parsl:214 Rank:0 [DEBUG]  Return from heartbeat: None
2021-07-29 20:15:25.502 parsl:252 Rank:0 [DEBUG]  [TASK_PULL_THREAD] Requesting tasks: 16
2021-07-29 20:15:25.506 parsl:270 Rank:0 [DEBUG]  Got heartbeat from interchange
2021-07-29 20:15:25.507 parsl:244 Rank:0 [DEBUG]  [TASK_PULL_THREAD] ready workers:16, pending tasks:0
2021-07-29 20:15:25.507 parsl:252 Rank:0 [DEBUG]  [TASK_PULL_THREAD] Requesting tasks: 16
2021-07-29 20:15:25.507 parsl:283 Rank:0 [DEBUG]  [TASK_PULL_THREAD] No incoming tasks
2021-07-29 20:15:25.507 parsl:244 Rank:0 [DEBUG]  [TASK_PULL_THREAD] ready workers:16, pending tasks:0
2021-07-29 20:15:25.507 parsl:252 Rank:0 [DEBUG]  [TASK_PULL_THREAD] Requesting tasks: 16
2021-07-29 20:15:25.712 parsl:283 Rank:0 [DEBUG]  [TASK_PULL_THREAD] No incoming tasks
2021-07-29 20:15:25.713 parsl:244 Rank:0 [DEBUG]  [TASK_PULL_THREAD] ready workers:16, pending tasks:0
2021-07-29 20:15:25.713 parsl:252 Rank:0 [DEBUG]  [TASK_PULL_THREAD] Requesting tasks: 16
2021-07-29 20:15:26.117 parsl:283 Rank:0 [DEBUG]  [TASK_PULL_THREAD] No incoming tasks
2021-07-29 20:15:26.118 parsl:244 Rank:0 [DEBUG]  [TASK_PULL_THREAD] ready workers:16, pending tasks:0
2021-07-29 20:15:26.118 parsl:252 Rank:0 [DEBUG]  [TASK_PULL_THREAD] Requesting tasks: 16
2021-07-29 20:15:26.921 parsl:283 Rank:0 [DEBUG]  [TASK_PULL_THREAD] No incoming tasks
2021-07-29 20:15:26.921 parsl:244 Rank:0 [DEBUG]  [TASK_PULL_THREAD] ready workers:16, pending tasks:0
2021-07-29 20:15:26.921 parsl:252 Rank:0 [DEBUG]  [TASK_PULL_THREAD] Requesting tasks: 16
2021-07-29 20:15:28.522 parsl:283 Rank:0 [DEBUG]  [TASK_PULL_THREAD] No incoming tasks
2021-07-29 20:15:28.524 parsl:244 Rank:0 [DEBUG]  [TASK_PULL_THREAD] ready workers:16, pending tasks:0
2021-07-29 20:15:28.524 parsl:214 Rank:0 [DEBUG]  Return from heartbeat: None
2021-07-29 20:15:28.525 parsl:252 Rank:0 [DEBUG]  [TASK_PULL_THREAD] Requesting tasks: 16
2021-07-29 20:15:28.528 parsl:270 Rank:0 [DEBUG]  Got heartbeat from interchange
2021-07-29 20:15:28.529 parsl:244 Rank:0 [DEBUG]  [TASK_PULL_THREAD] ready workers:16, pending tasks:0
2021-07-29 20:15:28.529 parsl:252 Rank:0 [DEBUG]  [TASK_PULL_THREAD] Requesting tasks: 16
2021-07-29 20:15:28.530 parsl:283 Rank:0 [DEBUG]  [TASK_PULL_THREAD] No incoming tasks
2021-07-29 20:15:28.530 parsl:244 Rank:0 [DEBUG]  [TASK_PULL_THREAD] ready workers:16, pending tasks:0
2021-07-29 20:15:28.530 parsl:252 Rank:0 [DEBUG]  [TASK_PULL_THREAD] Requesting tasks: 16
2021-07-29 20:15:28.735 parsl:283 Rank:0 [DEBUG]  [TASK_PULL_THREAD] No incoming tasks
2021-07-29 20:15:28.736 parsl:244 Rank:0 [DEBUG]  [TASK_PULL_THREAD] ready workers:16, pending tasks:0
2021-07-29 20:15:28.736 parsl:252 Rank:0 [DEBUG]  [TASK_PULL_THREAD] Requesting tasks: 16
2021-07-29 20:15:29.140 parsl:283 Rank:0 [DEBUG]  [TASK_PULL_THREAD] No incoming tasks
2021-07-29 20:15:29.141 parsl:244 Rank:0 [DEBUG]  [TASK_PULL_THREAD] ready workers:16, pending tasks:0
2021-07-29 20:15:29.141 parsl:252 Rank:0 [DEBUG]  [TASK_PULL_THREAD] Requesting tasks: 16
2021-07-29 20:15:29.944 parsl:283 Rank:0 [DEBUG]  [TASK_PULL_THREAD] No incoming tasks
2021-07-29 20:15:29.945 parsl:244 Rank:0 [DEBUG]  [TASK_PULL_THREAD] ready workers:16, pending tasks:0
2021-07-29 20:15:29.945 parsl:252 Rank:0 [DEBUG]  [TASK_PULL_THREAD] Requesting tasks: 16
2021-07-29 20:15:31.554 parsl:283 Rank:0 [DEBUG]  [TASK_PULL_THREAD] No incoming tasks
2021-07-29 20:15:31.554 parsl:244 Rank:0 [DEBUG]  [TASK_PULL_THREAD] ready workers:16, pending tasks:0
2021-07-29 20:15:31.554 parsl:214 Rank:0 [DEBUG]  Return from heartbeat: None
2021-07-29 20:15:31.554 parsl:252 Rank:0 [DEBUG]  [TASK_PULL_THREAD] Requesting tasks: 16
2021-07-29 20:15:31.556 parsl:270 Rank:0 [DEBUG]  Got heartbeat from interchange
2021-07-29 20:15:31.556 parsl:244 Rank:0 [DEBUG]  [TASK_PULL_THREAD] ready workers:16, pending tasks:0
2021-07-29 20:15:31.556 parsl:252 Rank:0 [DEBUG]  [TASK_PULL_THREAD] Requesting tasks: 16
2021-07-29 20:15:31.556 parsl:283 Rank:0 [DEBUG]  [TASK_PULL_THREAD] No incoming tasks
2021-07-29 20:15:31.557 parsl:244 Rank:0 [DEBUG]  [TASK_PULL_THREAD] ready workers:16, pending tasks:0
2021-07-29 20:15:31.557 parsl:252 Rank:0 [DEBUG]  [TASK_PULL_THREAD] Requesting tasks: 16
2021-07-29 20:15:31.761 parsl:283 Rank:0 [DEBUG]  [TASK_PULL_THREAD] No incoming tasks
2021-07-29 20:15:31.761 parsl:244 Rank:0 [DEBUG]  [TASK_PULL_THREAD] ready workers:16, pending tasks:0
2021-07-29 20:15:31.762 parsl:252 Rank:0 [DEBUG]  [TASK_PULL_THREAD] Requesting tasks: 16
2021-07-29 20:15:32.163 parsl:283 Rank:0 [DEBUG]  [TASK_PULL_THREAD] No incoming tasks
2021-07-29 20:15:32.163 parsl:244 Rank:0 [DEBUG]  [TASK_PULL_THREAD] ready workers:16, pending tasks:0
2021-07-29 20:15:32.163 parsl:252 Rank:0 [DEBUG]  [TASK_PULL_THREAD] Requesting tasks: 16
2021-07-29 20:15:32.968 parsl:283 Rank:0 [DEBUG]  [TASK_PULL_THREAD] No incoming tasks
2021-07-29 20:15:32.969 parsl:244 Rank:0 [DEBUG]  [TASK_PULL_THREAD] ready workers:16, pending tasks:0
2021-07-29 20:15:32.969 parsl:252 Rank:0 [DEBUG]  [TASK_PULL_THREAD] Requesting tasks: 16
2021-07-29 20:15:34.574 parsl:283 Rank:0 [DEBUG]  [TASK_PULL_THREAD] No incoming tasks
2021-07-29 20:15:34.574 parsl:244 Rank:0 [DEBUG]  [TASK_PULL_THREAD] ready workers:16, pending tasks:0
2021-07-29 20:15:34.575 parsl:214 Rank:0 [DEBUG]  Return from heartbeat: None
2021-07-29 20:15:34.576 parsl:252 Rank:0 [DEBUG]  [TASK_PULL_THREAD] Requesting tasks: 16
2021-07-29 20:15:34.578 parsl:270 Rank:0 [DEBUG]  Got heartbeat from interchange
2021-07-29 20:15:34.579 parsl:244 Rank:0 [DEBUG]  [TASK_PULL_THREAD] ready workers:16, pending tasks:0
2021-07-29 20:15:34.579 parsl:252 Rank:0 [DEBUG]  [TASK_PULL_THREAD] Requesting tasks: 16
2021-07-29 20:15:34.579 parsl:283 Rank:0 [DEBUG]  [TASK_PULL_THREAD] No incoming tasks
2021-07-29 20:15:34.580 parsl:244 Rank:0 [DEBUG]  [TASK_PULL_THREAD] ready workers:16, pending tasks:0
2021-07-29 20:15:34.580 parsl:252 Rank:0 [DEBUG]  [TASK_PULL_THREAD] Requesting tasks: 16
2021-07-29 20:15:34.783 parsl:283 Rank:0 [DEBUG]  [TASK_PULL_THREAD] No incoming tasks
2021-07-29 20:15:34.784 parsl:244 Rank:0 [DEBUG]  [TASK_PULL_THREAD] ready workers:16, pending tasks:0
2021-07-29 20:15:34.784 parsl:252 Rank:0 [DEBUG]  [TASK_PULL_THREAD] Requesting tasks: 16
2021-07-29 20:15:35.189 parsl:283 Rank:0 [DEBUG]  [TASK_PULL_THREAD] No incoming tasks
2021-07-29 20:15:35.189 parsl:244 Rank:0 [DEBUG]  [TASK_PULL_THREAD] ready workers:16, pending tasks:0
2021-07-29 20:15:35.189 parsl:252 Rank:0 [DEBUG]  [TASK_PULL_THREAD] Requesting tasks: 16
2021-07-29 20:15:35.994 parsl:283 Rank:0 [DEBUG]  [TASK_PULL_THREAD] No incoming tasks
2021-07-29 20:15:35.994 parsl:244 Rank:0 [DEBUG]  [TASK_PULL_THREAD] ready workers:16, pending tasks:0
2021-07-29 20:15:35.995 parsl:252 Rank:0 [DEBUG]  [TASK_PULL_THREAD] Requesting tasks: 16
2021-07-29 20:15:37.599 parsl:283 Rank:0 [DEBUG]  [TASK_PULL_THREAD] No incoming tasks
2021-07-29 20:15:37.600 parsl:244 Rank:0 [DEBUG]  [TASK_PULL_THREAD] ready workers:16, pending tasks:0
2021-07-29 20:15:37.600 parsl:214 Rank:0 [DEBUG]  Return from heartbeat: None
2021-07-29 20:15:37.600 parsl:252 Rank:0 [DEBUG]  [TASK_PULL_THREAD] Requesting tasks: 16
2021-07-29 20:15:37.605 parsl:270 Rank:0 [DEBUG]  Got heartbeat from interchange
2021-07-29 20:15:37.605 parsl:244 Rank:0 [DEBUG]  [TASK_PULL_THREAD] ready workers:16, pending tasks:0
2021-07-29 20:15:37.605 parsl:252 Rank:0 [DEBUG]  [TASK_PULL_THREAD] Requesting tasks: 16
2021-07-29 20:15:37.605 parsl:283 Rank:0 [DEBUG]  [TASK_PULL_THREAD] No incoming tasks
2021-07-29 20:15:37.606 parsl:244 Rank:0 [DEBUG]  [TASK_PULL_THREAD] ready workers:16, pending tasks:0
2021-07-29 20:15:37.606 parsl:252 Rank:0 [DEBUG]  [TASK_PULL_THREAD] Requesting tasks: 16
2021-07-29 20:15:37.808 parsl:283 Rank:0 [DEBUG]  [TASK_PULL_THREAD] No incoming tasks
2021-07-29 20:15:37.809 parsl:244 Rank:0 [DEBUG]  [TASK_PULL_THREAD] ready workers:16, pending tasks:0
2021-07-29 20:15:37.809 parsl:252 Rank:0 [DEBUG]  [TASK_PULL_THREAD] Requesting tasks: 16
2021-07-29 20:15:38.212 parsl:283 Rank:0 [DEBUG]  [TASK_PULL_THREAD] No incoming tasks
2021-07-29 20:15:38.212 parsl:244 Rank:0 [DEBUG]  [TASK_PULL_THREAD] ready workers:16, pending tasks:0
2021-07-29 20:15:38.212 parsl:252 Rank:0 [DEBUG]  [TASK_PULL_THREAD] Requesting tasks: 16
2021-07-29 20:15:39.015 parsl:283 Rank:0 [DEBUG]  [TASK_PULL_THREAD] No incoming tasks
2021-07-29 20:15:39.016 parsl:244 Rank:0 [DEBUG]  [TASK_PULL_THREAD] ready workers:16, pending tasks:0
2021-07-29 20:15:39.016 parsl:252 Rank:0 [DEBUG]  [TASK_PULL_THREAD] Requesting tasks: 16
2021-07-29 20:15:40.621 parsl:283 Rank:0 [DEBUG]  [TASK_PULL_THREAD] No incoming tasks
2021-07-29 20:15:40.621 parsl:244 Rank:0 [DEBUG]  [TASK_PULL_THREAD] ready workers:16, pending tasks:0
2021-07-29 20:15:40.622 parsl:214 Rank:0 [DEBUG]  Return from heartbeat: None
2021-07-29 20:15:40.623 parsl:252 Rank:0 [DEBUG]  [TASK_PULL_THREAD] Requesting tasks: 16
2021-07-29 20:15:40.626 parsl:270 Rank:0 [DEBUG]  Got heartbeat from interchange
2021-07-29 20:15:40.626 parsl:244 Rank:0 [DEBUG]  [TASK_PULL_THREAD] ready workers:16, pending tasks:0
2021-07-29 20:15:40.627 parsl:252 Rank:0 [DEBUG]  [TASK_PULL_THREAD] Requesting tasks: 16
2021-07-29 20:15:40.627 parsl:283 Rank:0 [DEBUG]  [TASK_PULL_THREAD] No incoming tasks
2021-07-29 20:15:40.628 parsl:244 Rank:0 [DEBUG]  [TASK_PULL_THREAD] ready workers:16, pending tasks:0
2021-07-29 20:15:40.628 parsl:252 Rank:0 [DEBUG]  [TASK_PULL_THREAD] Requesting tasks: 16
2021-07-29 20:15:40.831 parsl:283 Rank:0 [DEBUG]  [TASK_PULL_THREAD] No incoming tasks
2021-07-29 20:15:40.832 parsl:244 Rank:0 [DEBUG]  [TASK_PULL_THREAD] ready workers:16, pending tasks:0
2021-07-29 20:15:40.832 parsl:252 Rank:0 [DEBUG]  [TASK_PULL_THREAD] Requesting tasks: 16
2021-07-29 20:15:41.237 parsl:283 Rank:0 [DEBUG]  [TASK_PULL_THREAD] No incoming tasks
2021-07-29 20:15:41.237 parsl:244 Rank:0 [DEBUG]  [TASK_PULL_THREAD] ready workers:16, pending tasks:0
2021-07-29 20:15:41.237 parsl:252 Rank:0 [DEBUG]  [TASK_PULL_THREAD] Requesting tasks: 16
2021-07-29 20:15:42.042 parsl:283 Rank:0 [DEBUG]  [TASK_PULL_THREAD] No incoming tasks
2021-07-29 20:15:42.042 parsl:244 Rank:0 [DEBUG]  [TASK_PULL_THREAD] ready workers:16, pending tasks:0
2021-07-29 20:15:42.042 parsl:252 Rank:0 [DEBUG]  [TASK_PULL_THREAD] Requesting tasks: 16
2021-07-29 20:15:43.645 parsl:283 Rank:0 [DEBUG]  [TASK_PULL_THREAD] No incoming tasks
2021-07-29 20:15:43.646 parsl:244 Rank:0 [DEBUG]  [TASK_PULL_THREAD] ready workers:16, pending tasks:0
2021-07-29 20:15:43.646 parsl:214 Rank:0 [DEBUG]  Return from heartbeat: None
2021-07-29 20:15:43.646 parsl:252 Rank:0 [DEBUG]  [TASK_PULL_THREAD] Requesting tasks: 16
2021-07-29 20:15:43.649 parsl:270 Rank:0 [DEBUG]  Got heartbeat from interchange
2021-07-29 20:15:43.649 parsl:244 Rank:0 [DEBUG]  [TASK_PULL_THREAD] ready workers:16, pending tasks:0
2021-07-29 20:15:43.650 parsl:252 Rank:0 [DEBUG]  [TASK_PULL_THREAD] Requesting tasks: 16
2021-07-29 20:15:43.650 parsl:283 Rank:0 [DEBUG]  [TASK_PULL_THREAD] No incoming tasks
2021-07-29 20:15:43.651 parsl:244 Rank:0 [DEBUG]  [TASK_PULL_THREAD] ready workers:16, pending tasks:0
2021-07-29 20:15:43.651 parsl:252 Rank:0 [DEBUG]  [TASK_PULL_THREAD] Requesting tasks: 16
2021-07-29 20:15:43.855 parsl:283 Rank:0 [DEBUG]  [TASK_PULL_THREAD] No incoming tasks
2021-07-29 20:15:43.856 parsl:244 Rank:0 [DEBUG]  [TASK_PULL_THREAD] ready workers:16, pending tasks:0
2021-07-29 20:15:43.856 parsl:252 Rank:0 [DEBUG]  [TASK_PULL_THREAD] Requesting tasks: 16
2021-07-29 20:15:44.259 parsl:283 Rank:0 [DEBUG]  [TASK_PULL_THREAD] No incoming tasks
2021-07-29 20:15:44.259 parsl:244 Rank:0 [DEBUG]  [TASK_PULL_THREAD] ready workers:16, pending tasks:0
2021-07-29 20:15:44.259 parsl:252 Rank:0 [DEBUG]  [TASK_PULL_THREAD] Requesting tasks: 16
2021-07-29 20:15:45.062 parsl:283 Rank:0 [DEBUG]  [TASK_PULL_THREAD] No incoming tasks
2021-07-29 20:15:45.062 parsl:244 Rank:0 [DEBUG]  [TASK_PULL_THREAD] ready workers:16, pending tasks:0
2021-07-29 20:15:45.063 parsl:252 Rank:0 [DEBUG]  [TASK_PULL_THREAD] Requesting tasks: 16
2021-07-29 20:15:46.664 parsl:283 Rank:0 [DEBUG]  [TASK_PULL_THREAD] No incoming tasks
2021-07-29 20:15:46.665 parsl:244 Rank:0 [DEBUG]  [TASK_PULL_THREAD] ready workers:16, pending tasks:0
2021-07-29 20:15:46.665 parsl:214 Rank:0 [DEBUG]  Return from heartbeat: None
2021-07-29 20:15:46.665 parsl:252 Rank:0 [DEBUG]  [TASK_PULL_THREAD] Requesting tasks: 16
2021-07-29 20:15:46.668 parsl:270 Rank:0 [DEBUG]  Got heartbeat from interchange
2021-07-29 20:15:46.668 parsl:244 Rank:0 [DEBUG]  [TASK_PULL_THREAD] ready workers:16, pending tasks:0
2021-07-29 20:15:46.668 parsl:252 Rank:0 [DEBUG]  [TASK_PULL_THREAD] Requesting tasks: 16
2021-07-29 20:15:46.669 parsl:283 Rank:0 [DEBUG]  [TASK_PULL_THREAD] No incoming tasks
2021-07-29 20:15:46.669 parsl:244 Rank:0 [DEBUG]  [TASK_PULL_THREAD] ready workers:16, pending tasks:0
2021-07-29 20:15:46.669 parsl:252 Rank:0 [DEBUG]  [TASK_PULL_THREAD] Requesting tasks: 16
2021-07-29 20:15:46.872 parsl:283 Rank:0 [DEBUG]  [TASK_PULL_THREAD] No incoming tasks
2021-07-29 20:15:46.873 parsl:244 Rank:0 [DEBUG]  [TASK_PULL_THREAD] ready workers:16, pending tasks:0
2021-07-29 20:15:46.873 parsl:252 Rank:0 [DEBUG]  [TASK_PULL_THREAD] Requesting tasks: 16
2021-07-29 20:15:47.273 parsl:283 Rank:0 [DEBUG]  [TASK_PULL_THREAD] No incoming tasks
2021-07-29 20:15:47.274 parsl:244 Rank:0 [DEBUG]  [TASK_PULL_THREAD] ready workers:16, pending tasks:0
2021-07-29 20:15:47.274 parsl:252 Rank:0 [DEBUG]  [TASK_PULL_THREAD] Requesting tasks: 16
2021-07-29 20:15:48.075 parsl:283 Rank:0 [DEBUG]  [TASK_PULL_THREAD] No incoming tasks
2021-07-29 20:15:48.075 parsl:244 Rank:0 [DEBUG]  [TASK_PULL_THREAD] ready workers:16, pending tasks:0
2021-07-29 20:15:48.075 parsl:252 Rank:0 [DEBUG]  [TASK_PULL_THREAD] Requesting tasks: 16
2021-07-29 20:15:49.678 parsl:283 Rank:0 [DEBUG]  [TASK_PULL_THREAD] No incoming tasks
2021-07-29 20:15:49.678 parsl:244 Rank:0 [DEBUG]  [TASK_PULL_THREAD] ready workers:16, pending tasks:0
2021-07-29 20:15:49.679 parsl:214 Rank:0 [DEBUG]  Return from heartbeat: None
2021-07-29 20:15:49.679 parsl:252 Rank:0 [DEBUG]  [TASK_PULL_THREAD] Requesting tasks: 16
2021-07-29 20:15:51.679 parsl:283 Rank:0 [DEBUG]  [TASK_PULL_THREAD] No incoming tasks
2021-07-29 20:15:51.680 parsl:292 Rank:0 [CRITICAL]  [TASK_PULL_THREAD] Missing contact with interchange beyond heartbeat_threshold
2021-07-29 20:15:51.680 parsl:294 Rank:0 [CRITICAL]  [TASK_PULL_THREAD] Exiting
2021-07-29 20:15:51.680 parsl.process_loggers:28 Rank:0 [DEBUG]  Normal ending for pull_tasks on thread Task-Puller
2021-07-29 20:15:51.680 parsl:421 Rank:0 [CRITICAL]  [MAIN] Received kill event, terminating worker processes
2021-07-29 20:15:51.699 parsl:332 Rank:0 [CRITICAL]  [RESULT_PUSH_THREAD] Exiting
2021-07-29 20:15:51.699 parsl.process_loggers:28 Rank:0 [DEBUG]  Normal ending for push_results on thread Result-Pusher
2021-07-29 20:41:25.935 parsl:376 Rank:0 [CRITICAL]  [WORKER_WATCHDOG_THREAD] Exiting
2021-07-29 20:41:25.939 parsl.process_loggers:28 Rank:0 [DEBUG]  Normal ending for worker_watchdog on thread worker-watchdog
2021-07-29 20:41:25.940 parsl:428 Rank:0 [CRITICAL]  Terminating worker <ForkProcess name='HTEX-Worker-0' pid=6273 parent=6231 started>: is_alive()=True
2021-07-29 20:41:25.946 parsl:431 Rank:0 [DEBUG]  Worker <ForkProcess name='HTEX-Worker-0' pid=6273 parent=6231 stopped exitcode=-SIGTERM> joined successfully
2021-07-29 20:41:25.946 parsl:428 Rank:0 [CRITICAL]  Terminating worker <ForkProcess name='HTEX-Worker-1' pid=6276 parent=6231 started>: is_alive()=True
2021-07-29 20:41:25.950 parsl:431 Rank:0 [DEBUG]  Worker <ForkProcess name='HTEX-Worker-1' pid=6276 parent=6231 stopped exitcode=-SIGTERM> joined successfully
2021-07-29 20:41:25.950 parsl:428 Rank:0 [CRITICAL]  Terminating worker <ForkProcess name='HTEX-Worker-2' pid=6279 parent=6231 started>: is_alive()=True
2021-07-29 20:41:25.954 parsl:431 Rank:0 [DEBUG]  Worker <ForkProcess name='HTEX-Worker-2' pid=6279 parent=6231 stopped exitcode=-SIGTERM> joined successfully
2021-07-29 20:41:25.954 parsl:428 Rank:0 [CRITICAL]  Terminating worker <ForkProcess name='HTEX-Worker-3' pid=6284 parent=6231 started>: is_alive()=True
2021-07-29 20:41:25.957 parsl:431 Rank:0 [DEBUG]  Worker <ForkProcess name='HTEX-Worker-3' pid=6284 parent=6231 stopped exitcode=-SIGTERM> joined successfully
2021-07-29 20:41:25.958 parsl:428 Rank:0 [CRITICAL]  Terminating worker <ForkProcess name='HTEX-Worker-4' pid=6286 parent=6231 started>: is_alive()=True
2021-07-29 20:41:25.961 parsl:431 Rank:0 [DEBUG]  Worker <ForkProcess name='HTEX-Worker-4' pid=6286 parent=6231 stopped exitcode=-SIGTERM> joined successfully
2021-07-29 20:41:25.961 parsl:428 Rank:0 [CRITICAL]  Terminating worker <ForkProcess name='HTEX-Worker-5' pid=6288 parent=6231 started>: is_alive()=True
2021-07-29 20:41:25.964 parsl:431 Rank:0 [DEBUG]  Worker <ForkProcess name='HTEX-Worker-5' pid=6288 parent=6231 stopped exitcode=-SIGTERM> joined successfully
2021-07-29 20:41:25.964 parsl:428 Rank:0 [CRITICAL]  Terminating worker <ForkProcess name='HTEX-Worker-6' pid=6290 parent=6231 started>: is_alive()=True
2021-07-29 20:41:25.967 parsl:431 Rank:0 [DEBUG]  Worker <ForkProcess name='HTEX-Worker-6' pid=6290 parent=6231 stopped exitcode=-SIGTERM> joined successfully
2021-07-29 20:41:25.967 parsl:428 Rank:0 [CRITICAL]  Terminating worker <ForkProcess name='HTEX-Worker-7' pid=6293 parent=6231 started>: is_alive()=True
2021-07-29 20:41:25.970 parsl:431 Rank:0 [DEBUG]  Worker <ForkProcess name='HTEX-Worker-7' pid=6293 parent=6231 stopped exitcode=-SIGTERM> joined successfully
2021-07-29 20:41:25.971 parsl:428 Rank:0 [CRITICAL]  Terminating worker <ForkProcess name='HTEX-Worker-8' pid=6298 parent=6231 started>: is_alive()=True
2021-07-29 20:41:25.974 parsl:431 Rank:0 [DEBUG]  Worker <ForkProcess name='HTEX-Worker-8' pid=6298 parent=6231 stopped exitcode=-SIGTERM> joined successfully
2021-07-29 20:41:25.974 parsl:428 Rank:0 [CRITICAL]  Terminating worker <ForkProcess name='HTEX-Worker-9' pid=6301 parent=6231 started>: is_alive()=True
2021-07-29 20:41:25.977 parsl:431 Rank:0 [DEBUG]  Worker <ForkProcess name='HTEX-Worker-9' pid=6301 parent=6231 stopped exitcode=-SIGTERM> joined successfully
2021-07-29 20:41:25.978 parsl:428 Rank:0 [CRITICAL]  Terminating worker <ForkProcess name='HTEX-Worker-10' pid=6316 parent=6231 started>: is_alive()=True
2021-07-29 20:41:25.981 parsl:431 Rank:0 [DEBUG]  Worker <ForkProcess name='HTEX-Worker-10' pid=6316 parent=6231 stopped exitcode=-SIGTERM> joined successfully
2021-07-29 20:41:25.981 parsl:428 Rank:0 [CRITICAL]  Terminating worker <ForkProcess name='HTEX-Worker-11' pid=6326 parent=6231 started>: is_alive()=True
2021-07-29 20:41:25.985 parsl:431 Rank:0 [DEBUG]  Worker <ForkProcess name='HTEX-Worker-11' pid=6326 parent=6231 stopped exitcode=-SIGTERM> joined successfully
2021-07-29 20:41:25.985 parsl:428 Rank:0 [CRITICAL]  Terminating worker <ForkProcess name='HTEX-Worker-12' pid=6327 parent=6231 started>: is_alive()=True
2021-07-29 20:41:25.989 parsl:431 Rank:0 [DEBUG]  Worker <ForkProcess name='HTEX-Worker-12' pid=6327 parent=6231 stopped exitcode=-SIGTERM> joined successfully
2021-07-29 20:41:25.989 parsl:428 Rank:0 [CRITICAL]  Terminating worker <ForkProcess name='HTEX-Worker-13' pid=6330 parent=6231 started>: is_alive()=True
2021-07-29 20:41:25.993 parsl:431 Rank:0 [DEBUG]  Worker <ForkProcess name='HTEX-Worker-13' pid=6330 parent=6231 stopped exitcode=-SIGTERM> joined successfully
2021-07-29 20:41:25.993 parsl:428 Rank:0 [CRITICAL]  Terminating worker <ForkProcess name='HTEX-Worker-14' pid=6331 parent=6231 started>: is_alive()=True
2021-07-29 20:41:25.996 parsl:431 Rank:0 [DEBUG]  Worker <ForkProcess name='HTEX-Worker-14' pid=6331 parent=6231 stopped exitcode=-SIGTERM> joined successfully
2021-07-29 20:41:25.996 parsl:428 Rank:0 [CRITICAL]  Terminating worker <ForkProcess name='HTEX-Worker-15' pid=6333 parent=6231 started>: is_alive()=True
2021-07-29 20:41:26.000 parsl:431 Rank:0 [DEBUG]  Worker <ForkProcess name='HTEX-Worker-15' pid=6333 parent=6231 stopped exitcode=-SIGTERM> joined successfully
2021-07-29 20:41:26.002 parsl:437 Rank:0 [INFO]  process_worker_pool ran for 1601.1268401145935 seconds
2021-07-29 20:41:26.002 parsl:664 Rank:0 [INFO]  Process worker pool exiting normally
