2021-07-09 14:13:56.215 parsl:650 Rank:0 [INFO]  Python version: 3.9.6 (v3.9.6:db3ff76da1, Jun 28 2021, 11:49:53) 
[Clang 6.0 (clang-600.0.57)]
2021-07-09 14:13:56.215 parsl:651 Rank:0 [INFO]  Debug logging: True
2021-07-09 14:13:56.215 parsl:652 Rank:0 [INFO]  Log dir: /Users/vedkommalapati/Documents/GitHub/Parsl/runinfo/000/htex_Local
2021-07-09 14:13:56.215 parsl:653 Rank:0 [INFO]  Manager ID: 1d216e35894c
2021-07-09 14:13:56.215 parsl:654 Rank:0 [INFO]  Block ID: 1
2021-07-09 14:13:56.215 parsl:655 Rank:0 [INFO]  cores_per_worker: 1
2021-07-09 14:13:56.215 parsl:656 Rank:0 [INFO]  mem_per_worker: None
2021-07-09 14:13:56.215 parsl:657 Rank:0 [INFO]  task_port: 54144
2021-07-09 14:13:56.215 parsl:658 Rank:0 [INFO]  result_port: 54869
2021-07-09 14:13:56.215 parsl:659 Rank:0 [INFO]  addresses: 73.211.248.63,192.168.1.6,Veds-MacBook-Pro.local
2021-07-09 14:13:56.215 parsl:660 Rank:0 [INFO]  max_workers: inf
2021-07-09 14:13:56.215 parsl:661 Rank:0 [INFO]  poll_period: 100
2021-07-09 14:13:56.215 parsl:662 Rank:0 [INFO]  address_probe_timeout: 30
2021-07-09 14:13:56.215 parsl:663 Rank:0 [INFO]  Prefetch capacity: 0
2021-07-09 14:13:56.215 parsl:664 Rank:0 [INFO]  Heartbeat threshold: 5
2021-07-09 14:13:56.215 parsl:665 Rank:0 [INFO]  Heartbeat period: 2
2021-07-09 14:13:56.216 parsl:666 Rank:0 [INFO]  CPU affinity: none
2021-07-09 14:13:56.216 parsl:125 Rank:0 [INFO]  Manager started
2021-07-09 14:13:56.216 parsl.executors.high_throughput.probe:34 Rank:0 [DEBUG]  Trying to connect back on tcp://73.211.248.63:54144
2021-07-09 14:13:56.217 parsl.executors.high_throughput.probe:34 Rank:0 [DEBUG]  Trying to connect back on tcp://192.168.1.6:54144
2021-07-09 14:13:56.217 parsl.executors.high_throughput.probe:34 Rank:0 [DEBUG]  Trying to connect back on tcp://Veds-MacBook-Pro.local:54144
2021-07-09 14:13:56.228 parsl.executors.high_throughput.probe:47 Rank:0 [INFO]  Connected to interchange on 192.168.1.6
2021-07-09 14:13:56.231 parsl:132 Rank:0 [INFO]  Connection to Interchange successful on 192.168.1.6
2021-07-09 14:13:56.231 parsl:135 Rank:0 [INFO]  Task url : tcp://192.168.1.6:54144
2021-07-09 14:13:56.231 parsl:136 Rank:0 [INFO]  Result url : tcp://192.168.1.6:54869
2021-07-09 14:13:56.231 parsl:154 Rank:0 [INFO]  Manager connected
2021-07-09 14:13:56.232 parsl:180 Rank:0 [INFO]  Manager will spawn 4 workers
2021-07-09 14:13:56.449 parsl:421 Rank:0 [DEBUG]  Workers started
2021-07-09 14:13:56.453 parsl:235 Rank:0 [INFO]  [TASK PULL THREAD] starting
2021-07-09 14:13:56.454 parsl:241 Rank:0 [DEBUG]  Sending registration message: b'{"parsl_v": "1.1.0+desc-2021.07.09a", "python_v": "3.9.6", "worker_count": 4, "uid": "1d216e35894c", "block_id": "1", "prefetch_capacity": 0, "max_capacity": 4, "os": "Darwin", "hostname": "Veds-MacBook-Pro.local", "dir": "/Users/vedkommalapati/Documents/GitHub/Parsl", "cpu_count": 2, "total_memory": 8589934592}'
2021-07-09 14:13:56.457 parsl:254 Rank:0 [DEBUG]  [TASK_PULL_THREAD] ready workers: 0, pending tasks: 0
2021-07-09 14:13:56.458 parsl:318 Rank:0 [DEBUG]  [RESULT_PUSH_THREAD] Starting thread
2021-07-09 14:13:56.458 parsl:326 Rank:0 [DEBUG]  [RESULT_PUSH_THREAD] push poll period: 0.1
2021-07-09 14:13:56.462 parsl:360 Rank:0 [DEBUG]  [WORKER_WATCHDOG_THREAD] Starting thread
2021-07-09 14:13:56.463 parsl:363 Rank:0 [DEBUG]  [WORKER_WATCHDOG_THREAD] Loop
2021-07-09 14:13:56.463 parsl:392 Rank:0 [INFO]  [WORKER_WATCHDOG_THREAD] Worker 0 is alive
2021-07-09 14:13:56.465 parsl:436 Rank:0 [INFO]  Loop start
2021-07-09 14:13:56.565 parsl:294 Rank:0 [DEBUG]  [TASK_PULL_THREAD] No incoming tasks
2021-07-09 14:13:56.565 parsl:254 Rank:0 [DEBUG]  [TASK_PULL_THREAD] ready workers: 4, pending tasks: 0
2021-07-09 14:13:56.565 parsl:262 Rank:0 [DEBUG]  [TASK_PULL_THREAD] Requesting tasks: 4
2021-07-09 14:13:56.568 parsl:273 Rank:0 [DEBUG]  Updating time of last heartbeat from interchange at 1625858036.568656
2021-07-09 14:13:56.568 parsl:285 Rank:0 [DEBUG]  [TASK_PULL_THREAD] Got tasks: [1, 2] of 2
2021-07-09 14:13:56.569 parsl:254 Rank:0 [DEBUG]  [TASK_PULL_THREAD] ready workers: 4, pending tasks: 2
2021-07-09 14:13:56.569 parsl:262 Rank:0 [DEBUG]  [TASK_PULL_THREAD] Requesting tasks: 4
2021-07-09 14:13:56.570 parsl:294 Rank:0 [DEBUG]  [TASK_PULL_THREAD] No incoming tasks
2021-07-09 14:13:56.570 parsl:254 Rank:0 [DEBUG]  [TASK_PULL_THREAD] ready workers: 4, pending tasks: 0
2021-07-09 14:13:56.571 parsl:262 Rank:0 [DEBUG]  [TASK_PULL_THREAD] Requesting tasks: 4
2021-07-09 14:13:56.574 parsl.monitoring.monitoring:450 Rank:0 [DEBUG]  wrapped: 1. start of wrapped
2021-07-09 14:13:56.575 parsl.monitoring.monitoring:132 Rank:0 [INFO]  htex-based monitoring channel initialising
2021-07-09 14:13:56.575 parsl.monitoring.monitoring:450 Rank:0 [DEBUG]  wrapped: 1. start of wrapped
2021-07-09 14:13:56.576 parsl.monitoring.monitoring:132 Rank:0 [INFO]  htex-based monitoring channel initialising
2021-07-09 14:13:56.577 parsl.process_loggers:28 Rank:0 [DEBUG]  Normal ending for send_first_message on thread MainThread
2021-07-09 14:13:56.578 parsl.monitoring.monitoring:458 Rank:0 [DEBUG]  wrapped: 2. sent first message
2021-07-09 14:13:56.579 parsl.monitoring.monitoring:473 Rank:0 [DEBUG]  wrapped: 3. created monitor process, pid None
2021-07-09 14:13:56.578 parsl.process_loggers:28 Rank:0 [DEBUG]  Normal ending for send_first_message on thread MainThread
2021-07-09 14:13:56.579 parsl.monitoring.monitoring:458 Rank:0 [DEBUG]  wrapped: 2. sent first message
2021-07-09 14:13:56.580 parsl.monitoring.monitoring:473 Rank:0 [DEBUG]  wrapped: 3. created monitor process, pid None
2021-07-09 14:13:56.582 parsl.monitoring.monitoring:475 Rank:0 [DEBUG]  wrapped: 4. started monitor process, pid 38429
2021-07-09 14:13:56.583 parsl.monitoring.monitoring:485 Rank:0 [DEBUG]  wrapped: 5. invoking wrapped function
2021-07-09 14:13:56.584 parsl.monitoring.monitoring:487 Rank:0 [DEBUG]  wrapped: 6. back from wrapped function ok
2021-07-09 14:13:56.585 parsl.monitoring.monitoring:490 Rank:0 [DEBUG]  wrapped: 10 in 2nd finally
2021-07-09 14:13:56.585 parsl.monitoring.monitoring:475 Rank:0 [DEBUG]  wrapped: 4. started monitor process, pid 38430
2021-07-09 14:13:56.586 parsl.monitoring.monitoring:485 Rank:0 [DEBUG]  wrapped: 5. invoking wrapped function
2021-07-09 14:13:56.586 parsl.monitoring.monitoring:491 Rank:0 [DEBUG]  wrapped: 10.1 sending last message
2021-07-09 14:13:56.587 parsl.monitoring.monitoring:487 Rank:0 [DEBUG]  wrapped: 6. back from wrapped function ok
2021-07-09 14:13:56.587 parsl.monitoring.monitoring:490 Rank:0 [DEBUG]  wrapped: 10 in 2nd finally
2021-07-09 14:13:56.587 parsl.monitoring.monitoring:132 Rank:0 [INFO]  htex-based monitoring channel initialising
2021-07-09 14:13:56.588 parsl.monitoring.monitoring:491 Rank:0 [DEBUG]  wrapped: 10.1 sending last message
2021-07-09 14:13:56.588 parsl.monitoring.monitoring:132 Rank:0 [INFO]  htex-based monitoring channel initialising
2021-07-09 14:13:56.590 parsl.process_loggers:28 Rank:0 [DEBUG]  Normal ending for send_last_message on thread MainThread
2021-07-09 14:13:56.590 parsl.process_loggers:28 Rank:0 [DEBUG]  Normal ending for send_last_message on thread MainThread
2021-07-09 14:13:56.591 parsl.monitoring.monitoring:497 Rank:0 [DEBUG]  wrapped: 10.1 sent last message
2021-07-09 14:13:56.591 parsl.monitoring.monitoring:497 Rank:0 [DEBUG]  wrapped: 10.1 sent last message
2021-07-09 14:13:56.592 parsl.monitoring.monitoring:501 Rank:0 [DEBUG]  wrapped: 11 done terminating monitor
2021-07-09 14:13:56.592 parsl.monitoring.monitoring:501 Rank:0 [DEBUG]  wrapped: 11 done terminating monitor
2021-07-09 14:13:56.593 parsl.monitoring.monitoring:503 Rank:0 [DEBUG]  wrapped: 12 done joining monitor again
2021-07-09 14:13:56.594 parsl.monitoring.monitoring:503 Rank:0 [DEBUG]  wrapped: 12 done joining monitor again
2021-07-09 14:13:56.771 parsl:294 Rank:0 [DEBUG]  [TASK_PULL_THREAD] No incoming tasks
2021-07-09 14:13:56.772 parsl:254 Rank:0 [DEBUG]  [TASK_PULL_THREAD] ready workers: 4, pending tasks: 0
2021-07-09 14:13:56.773 parsl:262 Rank:0 [DEBUG]  [TASK_PULL_THREAD] Requesting tasks: 4
2021-07-09 14:13:56.776 parsl:273 Rank:0 [DEBUG]  Updating time of last heartbeat from interchange at 1625858036.7760751
2021-07-09 14:13:56.776 parsl:285 Rank:0 [DEBUG]  [TASK_PULL_THREAD] Got tasks: [3] of 3
2021-07-09 14:13:56.776 parsl:254 Rank:0 [DEBUG]  [TASK_PULL_THREAD] ready workers: 4, pending tasks: 1
2021-07-09 14:13:56.776 parsl:262 Rank:0 [DEBUG]  [TASK_PULL_THREAD] Requesting tasks: 4
2021-07-09 14:13:56.776 parsl:294 Rank:0 [DEBUG]  [TASK_PULL_THREAD] No incoming tasks
2021-07-09 14:13:56.777 parsl:254 Rank:0 [DEBUG]  [TASK_PULL_THREAD] ready workers: 4, pending tasks: 0
2021-07-09 14:13:56.777 parsl:262 Rank:0 [DEBUG]  [TASK_PULL_THREAD] Requesting tasks: 4
2021-07-09 14:13:56.779 parsl.monitoring.monitoring:450 Rank:0 [DEBUG]  wrapped: 1. start of wrapped
2021-07-09 14:13:56.780 parsl.monitoring.monitoring:132 Rank:0 [INFO]  htex-based monitoring channel initialising
2021-07-09 14:13:56.782 parsl.process_loggers:28 Rank:0 [DEBUG]  Normal ending for send_first_message on thread MainThread
2021-07-09 14:13:56.782 parsl.monitoring.monitoring:458 Rank:0 [DEBUG]  wrapped: 2. sent first message
2021-07-09 14:13:56.783 parsl.monitoring.monitoring:473 Rank:0 [DEBUG]  wrapped: 3. created monitor process, pid None
2021-07-09 14:13:56.784 parsl.monitoring.monitoring:475 Rank:0 [DEBUG]  wrapped: 4. started monitor process, pid 38435
2021-07-09 14:13:56.785 parsl.monitoring.monitoring:485 Rank:0 [DEBUG]  wrapped: 5. invoking wrapped function
2021-07-09 14:13:56.786 parsl.monitoring.monitoring:487 Rank:0 [DEBUG]  wrapped: 6. back from wrapped function ok
2021-07-09 14:13:56.787 parsl.monitoring.monitoring:490 Rank:0 [DEBUG]  wrapped: 10 in 2nd finally
2021-07-09 14:13:56.788 parsl.monitoring.monitoring:491 Rank:0 [DEBUG]  wrapped: 10.1 sending last message
2021-07-09 14:13:56.789 parsl.monitoring.monitoring:132 Rank:0 [INFO]  htex-based monitoring channel initialising
2021-07-09 14:13:56.790 parsl.process_loggers:28 Rank:0 [DEBUG]  Normal ending for send_last_message on thread MainThread
2021-07-09 14:13:56.791 parsl.monitoring.monitoring:497 Rank:0 [DEBUG]  wrapped: 10.1 sent last message
2021-07-09 14:13:56.791 parsl.monitoring.monitoring:501 Rank:0 [DEBUG]  wrapped: 11 done terminating monitor
2021-07-09 14:13:56.793 parsl.monitoring.monitoring:503 Rank:0 [DEBUG]  wrapped: 12 done joining monitor again
