2021-07-22 15:06:14.799 interchange:158 [DEBUG]  Initializing Interchange process
2021-07-22 15:06:14.799 interchange:164 [INFO]  Attempting connection to client at 127.0.0.1 on ports: 55846,55568,55343
2021-07-22 15:06:14.801 interchange:178 [INFO]  Connected to client
2021-07-22 15:06:14.803 interchange:208 [INFO]  Bound to ports 54574,54977 for incoming worker connections
2021-07-22 15:06:14.805 interchange:223 [INFO]  Platform info: {'parsl_v': '1.1.0', 'python_v': '3.8.8', 'os': 'Darwin', 'hostname': 'Ananths-Macbook.local', 'dir': '/Users/ananthhariharan/Documents/Code/GitHub/Parsl-Project'}
2021-07-22 15:06:14.806 interchange:371 [INFO]  Incoming ports bound
2021-07-22 15:06:14.808 interchange:282 [INFO]  Connecting to monitoring
2021-07-22 15:06:14.809 interchange:286 [INFO]  Monitoring enabled and connected to hub
2021-07-22 15:06:14.811 interchange:259 [INFO]  [TASK_PULL_THREAD] Starting
2021-07-22 15:06:14.812 interchange:302 [DEBUG]  [COMMAND] Command Server Starting
2021-07-22 15:06:14.813 interchange:282 [INFO]  Connecting to monitoring
2021-07-22 15:06:14.814 interchange:286 [INFO]  Monitoring enabled and connected to hub
2021-07-22 15:06:14.824 interchange:269 [DEBUG]  [TASK_PULL_THREAD] 0 tasks in internal queue
2021-07-22 15:06:14.835 interchange:278 [DEBUG]  [TASK_PULL_THREAD] Fetched task:1
2021-07-22 15:06:14.847 interchange:269 [DEBUG]  [TASK_PULL_THREAD] 1 tasks in internal queue
2021-07-22 15:06:14.859 interchange:269 [DEBUG]  [TASK_PULL_THREAD] 1 tasks in internal queue
2021-07-22 15:06:14.870 interchange:269 [DEBUG]  [TASK_PULL_THREAD] 1 tasks in internal queue
2021-07-22 15:06:14.884 interchange:269 [DEBUG]  [TASK_PULL_THREAD] 1 tasks in internal queue
2021-07-22 15:06:14.897 interchange:269 [DEBUG]  [TASK_PULL_THREAD] 1 tasks in internal queue
2021-07-22 15:06:14.909 interchange:269 [DEBUG]  [TASK_PULL_THREAD] 1 tasks in internal queue
2021-07-22 15:06:14.913 interchange:476 [DEBUG]  Managers count (interesting/total): 0/0
2021-07-22 15:06:14.914 interchange:512 [DEBUG]  [MAIN] either no interesting managers or no tasks, so skipping manager pass
2021-07-22 15:06:14.921 interchange:269 [DEBUG]  [TASK_PULL_THREAD] 1 tasks in internal queue
2021-07-22 15:06:14.933 interchange:269 [DEBUG]  [TASK_PULL_THREAD] 1 tasks in internal queue
2021-07-22 15:06:14.946 interchange:269 [DEBUG]  [TASK_PULL_THREAD] 1 tasks in internal queue
2021-07-22 15:06:14.959 interchange:269 [DEBUG]  [TASK_PULL_THREAD] 1 tasks in internal queue
2021-07-22 15:06:14.970 interchange:269 [DEBUG]  [TASK_PULL_THREAD] 1 tasks in internal queue
2021-07-22 15:06:14.985 interchange:269 [DEBUG]  [TASK_PULL_THREAD] 1 tasks in internal queue
2021-07-22 15:06:14.997 interchange:269 [DEBUG]  [TASK_PULL_THREAD] 1 tasks in internal queue
2021-07-22 15:06:15.009 interchange:269 [DEBUG]  [TASK_PULL_THREAD] 1 tasks in internal queue
2021-07-22 15:06:15.015 interchange:476 [DEBUG]  Managers count (interesting/total): 0/0
2021-07-22 15:06:15.016 interchange:512 [DEBUG]  [MAIN] either no interesting managers or no tasks, so skipping manager pass
2021-07-22 15:06:15.021 interchange:269 [DEBUG]  [TASK_PULL_THREAD] 1 tasks in internal queue
2021-07-22 15:06:15.034 interchange:269 [DEBUG]  [TASK_PULL_THREAD] 1 tasks in internal queue
2021-07-22 15:06:15.047 interchange:269 [DEBUG]  [TASK_PULL_THREAD] 1 tasks in internal queue
2021-07-22 15:06:15.058 interchange:269 [DEBUG]  [TASK_PULL_THREAD] 1 tasks in internal queue
2021-07-22 15:06:15.072 interchange:269 [DEBUG]  [TASK_PULL_THREAD] 1 tasks in internal queue
2021-07-22 15:06:15.084 interchange:269 [DEBUG]  [TASK_PULL_THREAD] 1 tasks in internal queue
2021-07-22 15:06:15.098 interchange:269 [DEBUG]  [TASK_PULL_THREAD] 1 tasks in internal queue
2021-07-22 15:06:15.109 interchange:269 [DEBUG]  [TASK_PULL_THREAD] 1 tasks in internal queue
2021-07-22 15:06:15.117 interchange:476 [DEBUG]  Managers count (interesting/total): 0/0
2021-07-22 15:06:15.117 interchange:512 [DEBUG]  [MAIN] either no interesting managers or no tasks, so skipping manager pass
2021-07-22 15:06:15.123 interchange:269 [DEBUG]  [TASK_PULL_THREAD] 1 tasks in internal queue
2021-07-22 15:06:15.136 interchange:269 [DEBUG]  [TASK_PULL_THREAD] 1 tasks in internal queue
2021-07-22 15:06:15.149 interchange:269 [DEBUG]  [TASK_PULL_THREAD] 1 tasks in internal queue
2021-07-22 15:06:15.161 interchange:269 [DEBUG]  [TASK_PULL_THREAD] 1 tasks in internal queue
2021-07-22 15:06:15.174 interchange:269 [DEBUG]  [TASK_PULL_THREAD] 1 tasks in internal queue
2021-07-22 15:06:15.186 interchange:269 [DEBUG]  [TASK_PULL_THREAD] 1 tasks in internal queue
2021-07-22 15:06:15.199 interchange:269 [DEBUG]  [TASK_PULL_THREAD] 1 tasks in internal queue
2021-07-22 15:06:15.212 interchange:269 [DEBUG]  [TASK_PULL_THREAD] 1 tasks in internal queue
2021-07-22 15:06:15.218 interchange:476 [DEBUG]  Managers count (interesting/total): 0/0
2021-07-22 15:06:15.219 interchange:512 [DEBUG]  [MAIN] either no interesting managers or no tasks, so skipping manager pass
2021-07-22 15:06:15.225 interchange:269 [DEBUG]  [TASK_PULL_THREAD] 1 tasks in internal queue
2021-07-22 15:06:15.238 interchange:269 [DEBUG]  [TASK_PULL_THREAD] 1 tasks in internal queue
2021-07-22 15:06:15.250 interchange:269 [DEBUG]  [TASK_PULL_THREAD] 1 tasks in internal queue
2021-07-22 15:06:15.264 interchange:269 [DEBUG]  [TASK_PULL_THREAD] 1 tasks in internal queue
2021-07-22 15:06:15.277 interchange:269 [DEBUG]  [TASK_PULL_THREAD] 1 tasks in internal queue
2021-07-22 15:06:15.289 interchange:269 [DEBUG]  [TASK_PULL_THREAD] 1 tasks in internal queue
2021-07-22 15:06:15.301 interchange:269 [DEBUG]  [TASK_PULL_THREAD] 1 tasks in internal queue
2021-07-22 15:06:15.313 interchange:269 [DEBUG]  [TASK_PULL_THREAD] 1 tasks in internal queue
2021-07-22 15:06:15.320 interchange:476 [DEBUG]  Managers count (interesting/total): 0/0
2021-07-22 15:06:15.320 interchange:512 [DEBUG]  [MAIN] either no interesting managers or no tasks, so skipping manager pass
2021-07-22 15:06:15.327 interchange:269 [DEBUG]  [TASK_PULL_THREAD] 1 tasks in internal queue
2021-07-22 15:06:15.338 interchange:269 [DEBUG]  [TASK_PULL_THREAD] 1 tasks in internal queue
2021-07-22 15:06:15.350 interchange:269 [DEBUG]  [TASK_PULL_THREAD] 1 tasks in internal queue
2021-07-22 15:06:15.361 interchange:269 [DEBUG]  [TASK_PULL_THREAD] 1 tasks in internal queue
2021-07-22 15:06:15.372 interchange:269 [DEBUG]  [TASK_PULL_THREAD] 1 tasks in internal queue
2021-07-22 15:06:15.385 interchange:269 [DEBUG]  [TASK_PULL_THREAD] 1 tasks in internal queue
2021-07-22 15:06:15.397 interchange:269 [DEBUG]  [TASK_PULL_THREAD] 1 tasks in internal queue
2021-07-22 15:06:15.409 interchange:269 [DEBUG]  [TASK_PULL_THREAD] 1 tasks in internal queue
2021-07-22 15:06:15.421 interchange:269 [DEBUG]  [TASK_PULL_THREAD] 1 tasks in internal queue
2021-07-22 15:06:15.422 interchange:476 [DEBUG]  Managers count (interesting/total): 0/0
2021-07-22 15:06:15.423 interchange:512 [DEBUG]  [MAIN] either no interesting managers or no tasks, so skipping manager pass
2021-07-22 15:06:15.433 interchange:269 [DEBUG]  [TASK_PULL_THREAD] 1 tasks in internal queue
2021-07-22 15:06:15.444 interchange:269 [DEBUG]  [TASK_PULL_THREAD] 1 tasks in internal queue
2021-07-22 15:06:15.458 interchange:269 [DEBUG]  [TASK_PULL_THREAD] 1 tasks in internal queue
2021-07-22 15:06:15.470 interchange:269 [DEBUG]  [TASK_PULL_THREAD] 1 tasks in internal queue
2021-07-22 15:06:15.482 interchange:269 [DEBUG]  [TASK_PULL_THREAD] 1 tasks in internal queue
2021-07-22 15:06:15.494 interchange:269 [DEBUG]  [TASK_PULL_THREAD] 1 tasks in internal queue
2021-07-22 15:06:15.507 interchange:269 [DEBUG]  [TASK_PULL_THREAD] 1 tasks in internal queue
2021-07-22 15:06:15.520 interchange:269 [DEBUG]  [TASK_PULL_THREAD] 1 tasks in internal queue
2021-07-22 15:06:15.524 interchange:476 [DEBUG]  Managers count (interesting/total): 0/0
2021-07-22 15:06:15.525 interchange:512 [DEBUG]  [MAIN] either no interesting managers or no tasks, so skipping manager pass
2021-07-22 15:06:15.532 interchange:269 [DEBUG]  [TASK_PULL_THREAD] 1 tasks in internal queue
2021-07-22 15:06:15.544 interchange:269 [DEBUG]  [TASK_PULL_THREAD] 1 tasks in internal queue
2021-07-22 15:06:15.557 interchange:269 [DEBUG]  [TASK_PULL_THREAD] 1 tasks in internal queue
2021-07-22 15:06:15.570 interchange:269 [DEBUG]  [TASK_PULL_THREAD] 1 tasks in internal queue
2021-07-22 15:06:15.583 interchange:269 [DEBUG]  [TASK_PULL_THREAD] 1 tasks in internal queue
2021-07-22 15:06:15.596 interchange:269 [DEBUG]  [TASK_PULL_THREAD] 1 tasks in internal queue
2021-07-22 15:06:15.609 interchange:269 [DEBUG]  [TASK_PULL_THREAD] 1 tasks in internal queue
2021-07-22 15:06:15.621 interchange:269 [DEBUG]  [TASK_PULL_THREAD] 1 tasks in internal queue
2021-07-22 15:06:15.627 interchange:476 [DEBUG]  Managers count (interesting/total): 0/0
2021-07-22 15:06:15.628 interchange:512 [DEBUG]  [MAIN] either no interesting managers or no tasks, so skipping manager pass
2021-07-22 15:06:15.633 interchange:269 [DEBUG]  [TASK_PULL_THREAD] 1 tasks in internal queue
2021-07-22 15:06:15.644 interchange:269 [DEBUG]  [TASK_PULL_THREAD] 1 tasks in internal queue
2021-07-22 15:06:15.657 interchange:269 [DEBUG]  [TASK_PULL_THREAD] 1 tasks in internal queue
2021-07-22 15:06:15.670 interchange:269 [DEBUG]  [TASK_PULL_THREAD] 1 tasks in internal queue
2021-07-22 15:06:15.684 interchange:269 [DEBUG]  [TASK_PULL_THREAD] 1 tasks in internal queue
2021-07-22 15:06:15.697 interchange:269 [DEBUG]  [TASK_PULL_THREAD] 1 tasks in internal queue
2021-07-22 15:06:15.709 interchange:269 [DEBUG]  [TASK_PULL_THREAD] 1 tasks in internal queue
2021-07-22 15:06:15.722 interchange:269 [DEBUG]  [TASK_PULL_THREAD] 1 tasks in internal queue
2021-07-22 15:06:15.730 interchange:476 [DEBUG]  Managers count (interesting/total): 0/0
2021-07-22 15:06:15.732 interchange:512 [DEBUG]  [MAIN] either no interesting managers or no tasks, so skipping manager pass
2021-07-22 15:06:15.733 interchange:269 [DEBUG]  [TASK_PULL_THREAD] 1 tasks in internal queue
2021-07-22 15:06:15.747 interchange:269 [DEBUG]  [TASK_PULL_THREAD] 1 tasks in internal queue
2021-07-22 15:06:15.758 interchange:269 [DEBUG]  [TASK_PULL_THREAD] 1 tasks in internal queue
2021-07-22 15:06:15.769 interchange:269 [DEBUG]  [TASK_PULL_THREAD] 1 tasks in internal queue
2021-07-22 15:06:15.781 interchange:269 [DEBUG]  [TASK_PULL_THREAD] 1 tasks in internal queue
2021-07-22 15:06:15.792 interchange:310 [DEBUG]  [COMMAND] Received command request: OUTSTANDING_C
2021-07-22 15:06:15.792 interchange:356 [DEBUG]  [COMMAND] Reply: 1
2021-07-22 15:06:15.793 interchange:269 [DEBUG]  [TASK_PULL_THREAD] 1 tasks in internal queue
2021-07-22 15:06:15.794 interchange:310 [DEBUG]  [COMMAND] Received command request: WORKERS
2021-07-22 15:06:15.794 interchange:356 [DEBUG]  [COMMAND] Reply: 0
2021-07-22 15:06:15.795 interchange:310 [DEBUG]  [COMMAND] Received command request: WORKERS
2021-07-22 15:06:15.796 interchange:356 [DEBUG]  [COMMAND] Reply: 0
2021-07-22 15:06:15.806 interchange:269 [DEBUG]  [TASK_PULL_THREAD] 1 tasks in internal queue
2021-07-22 15:06:15.819 interchange:269 [DEBUG]  [TASK_PULL_THREAD] 1 tasks in internal queue
2021-07-22 15:06:15.832 interchange:269 [DEBUG]  [TASK_PULL_THREAD] 1 tasks in internal queue
2021-07-22 15:06:15.834 interchange:476 [DEBUG]  Managers count (interesting/total): 0/0
2021-07-22 15:06:15.835 interchange:512 [DEBUG]  [MAIN] either no interesting managers or no tasks, so skipping manager pass
2021-07-22 15:06:15.845 interchange:269 [DEBUG]  [TASK_PULL_THREAD] 1 tasks in internal queue
2021-07-22 15:06:15.859 interchange:269 [DEBUG]  [TASK_PULL_THREAD] 1 tasks in internal queue
2021-07-22 15:06:15.873 interchange:269 [DEBUG]  [TASK_PULL_THREAD] 1 tasks in internal queue
2021-07-22 15:06:15.886 interchange:269 [DEBUG]  [TASK_PULL_THREAD] 1 tasks in internal queue
2021-07-22 15:06:15.899 interchange:269 [DEBUG]  [TASK_PULL_THREAD] 1 tasks in internal queue
2021-07-22 15:06:15.912 interchange:269 [DEBUG]  [TASK_PULL_THREAD] 1 tasks in internal queue
2021-07-22 15:06:15.925 interchange:269 [DEBUG]  [TASK_PULL_THREAD] 1 tasks in internal queue
2021-07-22 15:06:15.937 interchange:269 [DEBUG]  [TASK_PULL_THREAD] 1 tasks in internal queue
2021-07-22 15:06:15.937 interchange:476 [DEBUG]  Managers count (interesting/total): 0/0
2021-07-22 15:06:15.938 interchange:512 [DEBUG]  [MAIN] either no interesting managers or no tasks, so skipping manager pass
2021-07-22 15:06:15.950 interchange:269 [DEBUG]  [TASK_PULL_THREAD] 1 tasks in internal queue
2021-07-22 15:06:15.962 interchange:269 [DEBUG]  [TASK_PULL_THREAD] 1 tasks in internal queue
2021-07-22 15:06:15.975 interchange:269 [DEBUG]  [TASK_PULL_THREAD] 1 tasks in internal queue
2021-07-22 15:06:15.986 interchange:269 [DEBUG]  [TASK_PULL_THREAD] 1 tasks in internal queue
2021-07-22 15:06:15.999 interchange:269 [DEBUG]  [TASK_PULL_THREAD] 1 tasks in internal queue
2021-07-22 15:06:16.012 interchange:269 [DEBUG]  [TASK_PULL_THREAD] 1 tasks in internal queue
2021-07-22 15:06:16.024 interchange:269 [DEBUG]  [TASK_PULL_THREAD] 1 tasks in internal queue
2021-07-22 15:06:16.037 interchange:269 [DEBUG]  [TASK_PULL_THREAD] 1 tasks in internal queue
2021-07-22 15:06:16.041 interchange:476 [DEBUG]  Managers count (interesting/total): 0/0
2021-07-22 15:06:16.041 interchange:512 [DEBUG]  [MAIN] either no interesting managers or no tasks, so skipping manager pass
2021-07-22 15:06:16.049 interchange:269 [DEBUG]  [TASK_PULL_THREAD] 1 tasks in internal queue
2021-07-22 15:06:16.061 interchange:269 [DEBUG]  [TASK_PULL_THREAD] 1 tasks in internal queue
2021-07-22 15:06:16.073 interchange:269 [DEBUG]  [TASK_PULL_THREAD] 1 tasks in internal queue
2021-07-22 15:06:16.085 interchange:269 [DEBUG]  [TASK_PULL_THREAD] 1 tasks in internal queue
2021-07-22 15:06:16.096 interchange:269 [DEBUG]  [TASK_PULL_THREAD] 1 tasks in internal queue
2021-07-22 15:06:16.109 interchange:269 [DEBUG]  [TASK_PULL_THREAD] 1 tasks in internal queue
2021-07-22 15:06:16.121 interchange:269 [DEBUG]  [TASK_PULL_THREAD] 1 tasks in internal queue
2021-07-22 15:06:16.132 interchange:269 [DEBUG]  [TASK_PULL_THREAD] 1 tasks in internal queue
2021-07-22 15:06:16.143 interchange:476 [DEBUG]  Managers count (interesting/total): 0/0
2021-07-22 15:06:16.143 interchange:512 [DEBUG]  [MAIN] either no interesting managers or no tasks, so skipping manager pass
2021-07-22 15:06:16.144 interchange:269 [DEBUG]  [TASK_PULL_THREAD] 1 tasks in internal queue
2021-07-22 15:06:16.155 interchange:269 [DEBUG]  [TASK_PULL_THREAD] 1 tasks in internal queue
2021-07-22 15:06:16.168 interchange:269 [DEBUG]  [TASK_PULL_THREAD] 1 tasks in internal queue
2021-07-22 15:06:16.180 interchange:269 [DEBUG]  [TASK_PULL_THREAD] 1 tasks in internal queue
2021-07-22 15:06:16.193 interchange:269 [DEBUG]  [TASK_PULL_THREAD] 1 tasks in internal queue
2021-07-22 15:06:16.205 interchange:269 [DEBUG]  [TASK_PULL_THREAD] 1 tasks in internal queue
2021-07-22 15:06:16.216 interchange:269 [DEBUG]  [TASK_PULL_THREAD] 1 tasks in internal queue
2021-07-22 15:06:16.229 interchange:269 [DEBUG]  [TASK_PULL_THREAD] 1 tasks in internal queue
2021-07-22 15:06:16.242 interchange:269 [DEBUG]  [TASK_PULL_THREAD] 1 tasks in internal queue
2021-07-22 15:06:16.246 interchange:476 [DEBUG]  Managers count (interesting/total): 0/0
2021-07-22 15:06:16.246 interchange:512 [DEBUG]  [MAIN] either no interesting managers or no tasks, so skipping manager pass
2021-07-22 15:06:16.253 interchange:269 [DEBUG]  [TASK_PULL_THREAD] 1 tasks in internal queue
2021-07-22 15:06:16.265 interchange:269 [DEBUG]  [TASK_PULL_THREAD] 1 tasks in internal queue
2021-07-22 15:06:16.276 interchange:269 [DEBUG]  [TASK_PULL_THREAD] 1 tasks in internal queue
2021-07-22 15:06:16.287 interchange:269 [DEBUG]  [TASK_PULL_THREAD] 1 tasks in internal queue
2021-07-22 15:06:16.300 interchange:269 [DEBUG]  [TASK_PULL_THREAD] 1 tasks in internal queue
2021-07-22 15:06:16.313 interchange:269 [DEBUG]  [TASK_PULL_THREAD] 1 tasks in internal queue
2021-07-22 15:06:16.328 interchange:269 [DEBUG]  [TASK_PULL_THREAD] 1 tasks in internal queue
2021-07-22 15:06:16.340 interchange:269 [DEBUG]  [TASK_PULL_THREAD] 1 tasks in internal queue
2021-07-22 15:06:16.348 interchange:476 [DEBUG]  Managers count (interesting/total): 0/0
2021-07-22 15:06:16.351 interchange:512 [DEBUG]  [MAIN] either no interesting managers or no tasks, so skipping manager pass
2021-07-22 15:06:16.374 interchange:269 [DEBUG]  [TASK_PULL_THREAD] 1 tasks in internal queue
2021-07-22 15:06:16.386 interchange:269 [DEBUG]  [TASK_PULL_THREAD] 1 tasks in internal queue
2021-07-22 15:06:16.399 interchange:269 [DEBUG]  [TASK_PULL_THREAD] 1 tasks in internal queue
2021-07-22 15:06:16.416 interchange:269 [DEBUG]  [TASK_PULL_THREAD] 1 tasks in internal queue
2021-07-22 15:06:16.427 interchange:269 [DEBUG]  [TASK_PULL_THREAD] 1 tasks in internal queue
2021-07-22 15:06:16.439 interchange:269 [DEBUG]  [TASK_PULL_THREAD] 1 tasks in internal queue
2021-07-22 15:06:16.451 interchange:269 [DEBUG]  [TASK_PULL_THREAD] 1 tasks in internal queue
2021-07-22 15:06:16.465 interchange:269 [DEBUG]  [TASK_PULL_THREAD] 1 tasks in internal queue
2021-07-22 15:06:16.477 interchange:476 [DEBUG]  Managers count (interesting/total): 0/0
2021-07-22 15:06:16.478 interchange:512 [DEBUG]  [MAIN] either no interesting managers or no tasks, so skipping manager pass
2021-07-22 15:06:16.479 interchange:269 [DEBUG]  [TASK_PULL_THREAD] 1 tasks in internal queue
2021-07-22 15:06:16.492 interchange:269 [DEBUG]  [TASK_PULL_THREAD] 1 tasks in internal queue
2021-07-22 15:06:16.504 interchange:269 [DEBUG]  [TASK_PULL_THREAD] 1 tasks in internal queue
2021-07-22 15:06:16.515 interchange:269 [DEBUG]  [TASK_PULL_THREAD] 1 tasks in internal queue
2021-07-22 15:06:16.530 interchange:269 [DEBUG]  [TASK_PULL_THREAD] 1 tasks in internal queue
2021-07-22 15:06:16.542 interchange:269 [DEBUG]  [TASK_PULL_THREAD] 1 tasks in internal queue
2021-07-22 15:06:16.555 interchange:269 [DEBUG]  [TASK_PULL_THREAD] 1 tasks in internal queue
2021-07-22 15:06:16.566 interchange:269 [DEBUG]  [TASK_PULL_THREAD] 1 tasks in internal queue
2021-07-22 15:06:16.580 interchange:269 [DEBUG]  [TASK_PULL_THREAD] 1 tasks in internal queue
2021-07-22 15:06:16.581 interchange:476 [DEBUG]  Managers count (interesting/total): 0/0
2021-07-22 15:06:16.582 interchange:512 [DEBUG]  [MAIN] either no interesting managers or no tasks, so skipping manager pass
2021-07-22 15:06:16.593 interchange:269 [DEBUG]  [TASK_PULL_THREAD] 1 tasks in internal queue
2021-07-22 15:06:16.605 interchange:269 [DEBUG]  [TASK_PULL_THREAD] 1 tasks in internal queue
2021-07-22 15:06:16.618 interchange:269 [DEBUG]  [TASK_PULL_THREAD] 1 tasks in internal queue
2021-07-22 15:06:16.629 interchange:269 [DEBUG]  [TASK_PULL_THREAD] 1 tasks in internal queue
2021-07-22 15:06:16.643 interchange:269 [DEBUG]  [TASK_PULL_THREAD] 1 tasks in internal queue
2021-07-22 15:06:16.654 interchange:269 [DEBUG]  [TASK_PULL_THREAD] 1 tasks in internal queue
2021-07-22 15:06:16.667 interchange:269 [DEBUG]  [TASK_PULL_THREAD] 1 tasks in internal queue
2021-07-22 15:06:16.678 interchange:269 [DEBUG]  [TASK_PULL_THREAD] 1 tasks in internal queue
2021-07-22 15:06:16.683 interchange:476 [DEBUG]  Managers count (interesting/total): 0/0
2021-07-22 15:06:16.683 interchange:512 [DEBUG]  [MAIN] either no interesting managers or no tasks, so skipping manager pass
2021-07-22 15:06:16.691 interchange:269 [DEBUG]  [TASK_PULL_THREAD] 1 tasks in internal queue
2021-07-22 15:06:16.702 interchange:269 [DEBUG]  [TASK_PULL_THREAD] 1 tasks in internal queue
2021-07-22 15:06:16.715 interchange:269 [DEBUG]  [TASK_PULL_THREAD] 1 tasks in internal queue
2021-07-22 15:06:16.726 interchange:269 [DEBUG]  [TASK_PULL_THREAD] 1 tasks in internal queue
2021-07-22 15:06:16.737 interchange:269 [DEBUG]  [TASK_PULL_THREAD] 1 tasks in internal queue
2021-07-22 15:06:16.749 interchange:269 [DEBUG]  [TASK_PULL_THREAD] 1 tasks in internal queue
2021-07-22 15:06:16.760 interchange:269 [DEBUG]  [TASK_PULL_THREAD] 1 tasks in internal queue
2021-07-22 15:06:16.771 interchange:269 [DEBUG]  [TASK_PULL_THREAD] 1 tasks in internal queue
2021-07-22 15:06:16.783 interchange:269 [DEBUG]  [TASK_PULL_THREAD] 1 tasks in internal queue
2021-07-22 15:06:16.785 interchange:476 [DEBUG]  Managers count (interesting/total): 0/0
2021-07-22 15:06:16.786 interchange:512 [DEBUG]  [MAIN] either no interesting managers or no tasks, so skipping manager pass
2021-07-22 15:06:16.793 interchange:269 [DEBUG]  [TASK_PULL_THREAD] 1 tasks in internal queue
2021-07-22 15:06:16.800 interchange:360 [DEBUG]  [COMMAND] is alive
2021-07-22 15:06:16.807 interchange:269 [DEBUG]  [TASK_PULL_THREAD] 1 tasks in internal queue
2021-07-22 15:06:16.820 interchange:269 [DEBUG]  [TASK_PULL_THREAD] 1 tasks in internal queue
2021-07-22 15:06:16.834 interchange:269 [DEBUG]  [TASK_PULL_THREAD] 1 tasks in internal queue
2021-07-22 15:06:16.845 interchange:269 [DEBUG]  [TASK_PULL_THREAD] 1 tasks in internal queue
2021-07-22 15:06:16.857 interchange:269 [DEBUG]  [TASK_PULL_THREAD] 1 tasks in internal queue
2021-07-22 15:06:16.868 interchange:269 [DEBUG]  [TASK_PULL_THREAD] 1 tasks in internal queue
2021-07-22 15:06:16.881 interchange:269 [DEBUG]  [TASK_PULL_THREAD] 1 tasks in internal queue
2021-07-22 15:06:16.888 interchange:476 [DEBUG]  Managers count (interesting/total): 0/0
2021-07-22 15:06:16.889 interchange:512 [DEBUG]  [MAIN] either no interesting managers or no tasks, so skipping manager pass
2021-07-22 15:06:16.894 interchange:269 [DEBUG]  [TASK_PULL_THREAD] 1 tasks in internal queue
2021-07-22 15:06:16.905 interchange:269 [DEBUG]  [TASK_PULL_THREAD] 1 tasks in internal queue
2021-07-22 15:06:16.916 interchange:269 [DEBUG]  [TASK_PULL_THREAD] 1 tasks in internal queue
2021-07-22 15:06:16.929 interchange:269 [DEBUG]  [TASK_PULL_THREAD] 1 tasks in internal queue
2021-07-22 15:06:16.942 interchange:269 [DEBUG]  [TASK_PULL_THREAD] 1 tasks in internal queue
2021-07-22 15:06:16.953 interchange:269 [DEBUG]  [TASK_PULL_THREAD] 1 tasks in internal queue
2021-07-22 15:06:16.965 interchange:269 [DEBUG]  [TASK_PULL_THREAD] 1 tasks in internal queue
2021-07-22 15:06:16.977 interchange:269 [DEBUG]  [TASK_PULL_THREAD] 1 tasks in internal queue
2021-07-22 15:06:16.989 interchange:269 [DEBUG]  [TASK_PULL_THREAD] 1 tasks in internal queue
2021-07-22 15:06:16.990 interchange:476 [DEBUG]  Managers count (interesting/total): 0/0
2021-07-22 15:06:16.991 interchange:512 [DEBUG]  [MAIN] either no interesting managers or no tasks, so skipping manager pass
2021-07-22 15:06:17.001 interchange:269 [DEBUG]  [TASK_PULL_THREAD] 1 tasks in internal queue
2021-07-22 15:06:17.013 interchange:269 [DEBUG]  [TASK_PULL_THREAD] 1 tasks in internal queue
2021-07-22 15:06:17.026 interchange:269 [DEBUG]  [TASK_PULL_THREAD] 1 tasks in internal queue
2021-07-22 15:06:17.037 interchange:269 [DEBUG]  [TASK_PULL_THREAD] 1 tasks in internal queue
2021-07-22 15:06:17.049 interchange:269 [DEBUG]  [TASK_PULL_THREAD] 1 tasks in internal queue
2021-07-22 15:06:17.062 interchange:269 [DEBUG]  [TASK_PULL_THREAD] 1 tasks in internal queue
2021-07-22 15:06:17.073 interchange:269 [DEBUG]  [TASK_PULL_THREAD] 1 tasks in internal queue
2021-07-22 15:06:17.087 interchange:269 [DEBUG]  [TASK_PULL_THREAD] 1 tasks in internal queue
2021-07-22 15:06:17.093 interchange:476 [DEBUG]  Managers count (interesting/total): 0/0
2021-07-22 15:06:17.094 interchange:512 [DEBUG]  [MAIN] either no interesting managers or no tasks, so skipping manager pass
2021-07-22 15:06:17.098 interchange:269 [DEBUG]  [TASK_PULL_THREAD] 1 tasks in internal queue
2021-07-22 15:06:17.110 interchange:269 [DEBUG]  [TASK_PULL_THREAD] 1 tasks in internal queue
2021-07-22 15:06:17.123 interchange:269 [DEBUG]  [TASK_PULL_THREAD] 1 tasks in internal queue
2021-07-22 15:06:17.137 interchange:269 [DEBUG]  [TASK_PULL_THREAD] 1 tasks in internal queue
2021-07-22 15:06:17.152 interchange:269 [DEBUG]  [TASK_PULL_THREAD] 1 tasks in internal queue
2021-07-22 15:06:17.166 interchange:269 [DEBUG]  [TASK_PULL_THREAD] 1 tasks in internal queue
2021-07-22 15:06:17.178 interchange:269 [DEBUG]  [TASK_PULL_THREAD] 1 tasks in internal queue
2021-07-22 15:06:17.192 interchange:269 [DEBUG]  [TASK_PULL_THREAD] 1 tasks in internal queue
2021-07-22 15:06:17.196 interchange:476 [DEBUG]  Managers count (interesting/total): 0/0
2021-07-22 15:06:17.197 interchange:512 [DEBUG]  [MAIN] either no interesting managers or no tasks, so skipping manager pass
2021-07-22 15:06:17.204 interchange:269 [DEBUG]  [TASK_PULL_THREAD] 1 tasks in internal queue
2021-07-22 15:06:17.218 interchange:269 [DEBUG]  [TASK_PULL_THREAD] 1 tasks in internal queue
2021-07-22 15:06:17.230 interchange:269 [DEBUG]  [TASK_PULL_THREAD] 1 tasks in internal queue
2021-07-22 15:06:17.243 interchange:269 [DEBUG]  [TASK_PULL_THREAD] 1 tasks in internal queue
2021-07-22 15:06:17.256 interchange:269 [DEBUG]  [TASK_PULL_THREAD] 1 tasks in internal queue
2021-07-22 15:06:17.269 interchange:269 [DEBUG]  [TASK_PULL_THREAD] 1 tasks in internal queue
2021-07-22 15:06:17.281 interchange:269 [DEBUG]  [TASK_PULL_THREAD] 1 tasks in internal queue
2021-07-22 15:06:17.293 interchange:269 [DEBUG]  [TASK_PULL_THREAD] 1 tasks in internal queue
2021-07-22 15:06:17.299 interchange:476 [DEBUG]  Managers count (interesting/total): 0/0
2021-07-22 15:06:17.300 interchange:512 [DEBUG]  [MAIN] either no interesting managers or no tasks, so skipping manager pass
2021-07-22 15:06:17.307 interchange:269 [DEBUG]  [TASK_PULL_THREAD] 1 tasks in internal queue
2021-07-22 15:06:17.322 interchange:269 [DEBUG]  [TASK_PULL_THREAD] 1 tasks in internal queue
2021-07-22 15:06:17.334 interchange:269 [DEBUG]  [TASK_PULL_THREAD] 1 tasks in internal queue
2021-07-22 15:06:17.346 interchange:269 [DEBUG]  [TASK_PULL_THREAD] 1 tasks in internal queue
2021-07-22 15:06:17.348 interchange:408 [DEBUG]  [MAIN] starting task_outgoing section
2021-07-22 15:06:17.350 interchange:434 [INFO]  [MAIN] Adding manager: b'ff29a9f5db9f' to ready queue
2021-07-22 15:06:17.352 interchange:436 [INFO]  [MAIN] Registration info for manager b'ff29a9f5db9f': {'parsl_v': '1.1.0', 'python_v': '3.8.8', 'worker_count': 3, 'uid': 'ff29a9f5db9f', 'block_id': '0', 'prefetch_capacity': 0, 'max_capacity': 3, 'os': 'Darwin', 'hostname': 'Ananths-Macbook.local', 'dir': '/Users/ananthhariharan/Documents/Code/GitHub/Parsl-Project', 'cpu_count': 2, 'total_memory': 8589934592}
2021-07-22 15:06:17.354 interchange:293 [INFO]  Sending message {'last_heartbeat': 1626984377.3501701, 'idle_since': 1626984377.3501701, 'free_capacity': 0, 'block_id': '0', 'max_capacity': 3, 'worker_count': 3, 'active': True, 'tasks': [], 'parsl_v': '1.1.0', 'python_v': '3.8.8', 'uid': 'ff29a9f5db9f', 'prefetch_capacity': 0, 'os': 'Darwin', 'hostname': 'Ananths-Macbook.local', 'dir': '/Users/ananthhariharan/Documents/Code/GitHub/Parsl-Project', 'cpu_count': 2, 'total_memory': 8589934592} to hub
2021-07-22 15:06:17.358 interchange:454 [INFO]  [MAIN] Manager b'ff29a9f5db9f' has compatible Parsl version 1.1.0
2021-07-22 15:06:17.359 interchange:455 [INFO]  [MAIN] Manager b'ff29a9f5db9f' has compatible Python version 3.8
2021-07-22 15:06:17.360 interchange:472 [DEBUG]  [MAIN] leaving task_outgoing section
2021-07-22 15:06:17.361 interchange:476 [DEBUG]  Managers count (interesting/total): 1/1
2021-07-22 15:06:17.361 interchange:510 [DEBUG]  [MAIN] leaving _ready_manager_queue section, with 0 managers still interesting
2021-07-22 15:06:17.364 interchange:269 [DEBUG]  [TASK_PULL_THREAD] 1 tasks in internal queue
2021-07-22 15:06:17.394 interchange:269 [DEBUG]  [TASK_PULL_THREAD] 1 tasks in internal queue
2021-07-22 15:06:17.406 interchange:269 [DEBUG]  [TASK_PULL_THREAD] 1 tasks in internal queue
2021-07-22 15:06:17.418 interchange:269 [DEBUG]  [TASK_PULL_THREAD] 1 tasks in internal queue
2021-07-22 15:06:17.431 interchange:269 [DEBUG]  [TASK_PULL_THREAD] 1 tasks in internal queue
2021-07-22 15:06:17.444 interchange:269 [DEBUG]  [TASK_PULL_THREAD] 1 tasks in internal queue
2021-07-22 15:06:17.451 interchange:408 [DEBUG]  [MAIN] starting task_outgoing section
2021-07-22 15:06:17.452 interchange:469 [DEBUG]  [MAIN] Manager b'ff29a9f5db9f' requested 3 tasks
2021-07-22 15:06:17.453 interchange:472 [DEBUG]  [MAIN] leaving task_outgoing section
2021-07-22 15:06:17.454 interchange:476 [DEBUG]  Managers count (interesting/total): 1/1
2021-07-22 15:06:17.454 interchange:500 [DEBUG]  [MAIN] Sent tasks: [1] to manager b'ff29a9f5db9f'
2021-07-22 15:06:17.455 interchange:502 [DEBUG]  [MAIN] Manager b'ff29a9f5db9f' has free_capacity 2
2021-07-22 15:06:17.456 interchange:510 [DEBUG]  [MAIN] leaving _ready_manager_queue section, with 1 managers still interesting
2021-07-22 15:06:17.457 interchange:269 [DEBUG]  [TASK_PULL_THREAD] 0 tasks in internal queue
2021-07-22 15:06:17.459 interchange:408 [DEBUG]  [MAIN] starting task_outgoing section
2021-07-22 15:06:17.460 interchange:469 [DEBUG]  [MAIN] Manager b'ff29a9f5db9f' requested 3 tasks
2021-07-22 15:06:17.461 interchange:472 [DEBUG]  [MAIN] leaving task_outgoing section
2021-07-22 15:06:17.462 interchange:476 [DEBUG]  Managers count (interesting/total): 1/1
2021-07-22 15:06:17.463 interchange:512 [DEBUG]  [MAIN] either no interesting managers or no tasks, so skipping manager pass
2021-07-22 15:06:17.466 interchange:408 [DEBUG]  [MAIN] starting task_outgoing section
2021-07-22 15:06:17.467 interchange:469 [DEBUG]  [MAIN] Manager b'ff29a9f5db9f' requested 3 tasks
2021-07-22 15:06:17.469 interchange:472 [DEBUG]  [MAIN] leaving task_outgoing section
2021-07-22 15:06:17.470 interchange:476 [DEBUG]  Managers count (interesting/total): 1/1
2021-07-22 15:06:17.471 interchange:512 [DEBUG]  [MAIN] either no interesting managers or no tasks, so skipping manager pass
2021-07-22 15:06:17.473 interchange:269 [DEBUG]  [TASK_PULL_THREAD] 0 tasks in internal queue
2021-07-22 15:06:17.485 interchange:269 [DEBUG]  [TASK_PULL_THREAD] 0 tasks in internal queue
2021-07-22 15:06:17.498 interchange:269 [DEBUG]  [TASK_PULL_THREAD] 0 tasks in internal queue
2021-07-22 15:06:17.511 interchange:269 [DEBUG]  [TASK_PULL_THREAD] 0 tasks in internal queue
2021-07-22 15:06:17.525 interchange:269 [DEBUG]  [TASK_PULL_THREAD] 0 tasks in internal queue
2021-07-22 15:06:17.538 interchange:269 [DEBUG]  [TASK_PULL_THREAD] 0 tasks in internal queue
2021-07-22 15:06:17.550 interchange:269 [DEBUG]  [TASK_PULL_THREAD] 0 tasks in internal queue
2021-07-22 15:06:17.563 interchange:269 [DEBUG]  [TASK_PULL_THREAD] 0 tasks in internal queue
2021-07-22 15:06:17.575 interchange:476 [DEBUG]  Managers count (interesting/total): 1/1
2021-07-22 15:06:17.575 interchange:512 [DEBUG]  [MAIN] either no interesting managers or no tasks, so skipping manager pass
2021-07-22 15:06:17.576 interchange:269 [DEBUG]  [TASK_PULL_THREAD] 0 tasks in internal queue
2021-07-22 15:06:17.585 interchange:476 [DEBUG]  Managers count (interesting/total): 1/1
2021-07-22 15:06:17.586 interchange:512 [DEBUG]  [MAIN] either no interesting managers or no tasks, so skipping manager pass
2021-07-22 15:06:17.587 interchange:515 [DEBUG]  [MAIN] entering results_incoming section
2021-07-22 15:06:17.587 interchange:520 [DEBUG]  [MAIN] Got 1 result items in batch
2021-07-22 15:06:17.588 interchange:533 [DEBUG]  [MAIN] Current tasks: []
2021-07-22 15:06:17.590 interchange:269 [DEBUG]  [TASK_PULL_THREAD] 0 tasks in internal queue
2021-07-22 15:06:17.590 interchange:536 [DEBUG]  [MAIN] leaving results_incoming section
2021-07-22 15:06:17.596 interchange:278 [DEBUG]  [TASK_PULL_THREAD] Fetched task:2
2021-07-22 15:06:17.602 interchange:278 [DEBUG]  [TASK_PULL_THREAD] Fetched task:3
2021-07-22 15:06:17.614 interchange:269 [DEBUG]  [TASK_PULL_THREAD] 2 tasks in internal queue
2021-07-22 15:06:17.625 interchange:269 [DEBUG]  [TASK_PULL_THREAD] 2 tasks in internal queue
2021-07-22 15:06:17.637 interchange:269 [DEBUG]  [TASK_PULL_THREAD] 2 tasks in internal queue
2021-07-22 15:06:17.649 interchange:269 [DEBUG]  [TASK_PULL_THREAD] 2 tasks in internal queue
2021-07-22 15:06:17.662 interchange:269 [DEBUG]  [TASK_PULL_THREAD] 2 tasks in internal queue
2021-07-22 15:06:17.664 interchange:408 [DEBUG]  [MAIN] starting task_outgoing section
2021-07-22 15:06:17.666 interchange:469 [DEBUG]  [MAIN] Manager b'ff29a9f5db9f' requested 3 tasks
2021-07-22 15:06:17.667 interchange:472 [DEBUG]  [MAIN] leaving task_outgoing section
2021-07-22 15:06:17.667 interchange:476 [DEBUG]  Managers count (interesting/total): 1/1
2021-07-22 15:06:17.668 interchange:500 [DEBUG]  [MAIN] Sent tasks: [2, 3] to manager b'ff29a9f5db9f'
2021-07-22 15:06:17.669 interchange:502 [DEBUG]  [MAIN] Manager b'ff29a9f5db9f' has free_capacity 1
2021-07-22 15:06:17.670 interchange:510 [DEBUG]  [MAIN] leaving _ready_manager_queue section, with 1 managers still interesting
2021-07-22 15:06:17.671 interchange:408 [DEBUG]  [MAIN] starting task_outgoing section
2021-07-22 15:06:17.672 interchange:469 [DEBUG]  [MAIN] Manager b'ff29a9f5db9f' requested 3 tasks
2021-07-22 15:06:17.673 interchange:472 [DEBUG]  [MAIN] leaving task_outgoing section
2021-07-22 15:06:17.673 interchange:476 [DEBUG]  Managers count (interesting/total): 1/1
2021-07-22 15:06:17.674 interchange:512 [DEBUG]  [MAIN] either no interesting managers or no tasks, so skipping manager pass
2021-07-22 15:06:17.675 interchange:269 [DEBUG]  [TASK_PULL_THREAD] 0 tasks in internal queue
2021-07-22 15:06:17.676 interchange:408 [DEBUG]  [MAIN] starting task_outgoing section
2021-07-22 15:06:17.676 interchange:469 [DEBUG]  [MAIN] Manager b'ff29a9f5db9f' requested 3 tasks
2021-07-22 15:06:17.677 interchange:472 [DEBUG]  [MAIN] leaving task_outgoing section
2021-07-22 15:06:17.677 interchange:476 [DEBUG]  Managers count (interesting/total): 1/1
2021-07-22 15:06:17.678 interchange:512 [DEBUG]  [MAIN] either no interesting managers or no tasks, so skipping manager pass
2021-07-22 15:06:17.686 interchange:269 [DEBUG]  [TASK_PULL_THREAD] 0 tasks in internal queue
2021-07-22 15:06:17.687 interchange:476 [DEBUG]  Managers count (interesting/total): 1/1
2021-07-22 15:06:17.687 interchange:512 [DEBUG]  [MAIN] either no interesting managers or no tasks, so skipping manager pass
2021-07-22 15:06:17.688 interchange:515 [DEBUG]  [MAIN] entering results_incoming section
2021-07-22 15:06:17.689 interchange:520 [DEBUG]  [MAIN] Got 1 result items in batch
2021-07-22 15:06:17.690 interchange:533 [DEBUG]  [MAIN] Current tasks: [3]
2021-07-22 15:06:17.691 interchange:536 [DEBUG]  [MAIN] leaving results_incoming section
2021-07-22 15:06:17.697 interchange:269 [DEBUG]  [TASK_PULL_THREAD] 0 tasks in internal queue
2021-07-22 15:06:17.709 interchange:269 [DEBUG]  [TASK_PULL_THREAD] 0 tasks in internal queue
2021-07-22 15:06:17.722 interchange:269 [DEBUG]  [TASK_PULL_THREAD] 0 tasks in internal queue
2021-07-22 15:06:17.735 interchange:269 [DEBUG]  [TASK_PULL_THREAD] 0 tasks in internal queue
2021-07-22 15:06:17.748 interchange:269 [DEBUG]  [TASK_PULL_THREAD] 0 tasks in internal queue
2021-07-22 15:06:17.761 interchange:269 [DEBUG]  [TASK_PULL_THREAD] 0 tasks in internal queue
2021-07-22 15:06:17.773 interchange:269 [DEBUG]  [TASK_PULL_THREAD] 0 tasks in internal queue
2021-07-22 15:06:17.787 interchange:269 [DEBUG]  [TASK_PULL_THREAD] 0 tasks in internal queue
2021-07-22 15:06:17.791 interchange:476 [DEBUG]  Managers count (interesting/total): 1/1
2021-07-22 15:06:17.792 interchange:512 [DEBUG]  [MAIN] either no interesting managers or no tasks, so skipping manager pass
2021-07-22 15:06:17.793 interchange:515 [DEBUG]  [MAIN] entering results_incoming section
2021-07-22 15:06:17.794 interchange:520 [DEBUG]  [MAIN] Got 1 result items in batch
2021-07-22 15:06:17.796 interchange:533 [DEBUG]  [MAIN] Current tasks: []
2021-07-22 15:06:17.796 interchange:536 [DEBUG]  [MAIN] leaving results_incoming section
2021-07-22 15:06:17.800 interchange:269 [DEBUG]  [TASK_PULL_THREAD] 0 tasks in internal queue
2021-07-22 15:06:17.801 interchange:278 [DEBUG]  [TASK_PULL_THREAD] Fetched task:4
2021-07-22 15:06:17.805 interchange:360 [DEBUG]  [COMMAND] is alive
2021-07-22 15:06:17.812 interchange:269 [DEBUG]  [TASK_PULL_THREAD] 1 tasks in internal queue
2021-07-22 15:06:17.824 interchange:269 [DEBUG]  [TASK_PULL_THREAD] 1 tasks in internal queue
2021-07-22 15:06:17.837 interchange:269 [DEBUG]  [TASK_PULL_THREAD] 1 tasks in internal queue
2021-07-22 15:06:17.849 interchange:269 [DEBUG]  [TASK_PULL_THREAD] 1 tasks in internal queue
2021-07-22 15:06:17.862 interchange:269 [DEBUG]  [TASK_PULL_THREAD] 1 tasks in internal queue
2021-07-22 15:06:17.875 interchange:269 [DEBUG]  [TASK_PULL_THREAD] 1 tasks in internal queue
2021-07-22 15:06:17.877 interchange:408 [DEBUG]  [MAIN] starting task_outgoing section
2021-07-22 15:06:17.878 interchange:469 [DEBUG]  [MAIN] Manager b'ff29a9f5db9f' requested 3 tasks
2021-07-22 15:06:17.878 interchange:472 [DEBUG]  [MAIN] leaving task_outgoing section
2021-07-22 15:06:17.879 interchange:476 [DEBUG]  Managers count (interesting/total): 1/1
2021-07-22 15:06:17.879 interchange:500 [DEBUG]  [MAIN] Sent tasks: [4] to manager b'ff29a9f5db9f'
2021-07-22 15:06:17.880 interchange:502 [DEBUG]  [MAIN] Manager b'ff29a9f5db9f' has free_capacity 2
2021-07-22 15:06:17.881 interchange:510 [DEBUG]  [MAIN] leaving _ready_manager_queue section, with 1 managers still interesting
2021-07-22 15:06:17.883 interchange:408 [DEBUG]  [MAIN] starting task_outgoing section
2021-07-22 15:06:17.888 interchange:469 [DEBUG]  [MAIN] Manager b'ff29a9f5db9f' requested 3 tasks
2021-07-22 15:06:17.892 interchange:472 [DEBUG]  [MAIN] leaving task_outgoing section
2021-07-22 15:06:17.887 interchange:269 [DEBUG]  [TASK_PULL_THREAD] 0 tasks in internal queue
2021-07-22 15:06:17.894 interchange:476 [DEBUG]  Managers count (interesting/total): 1/1
2021-07-22 15:06:17.895 interchange:512 [DEBUG]  [MAIN] either no interesting managers or no tasks, so skipping manager pass
2021-07-22 15:06:17.896 interchange:408 [DEBUG]  [MAIN] starting task_outgoing section
2021-07-22 15:06:17.897 interchange:469 [DEBUG]  [MAIN] Manager b'ff29a9f5db9f' requested 3 tasks
2021-07-22 15:06:17.897 interchange:472 [DEBUG]  [MAIN] leaving task_outgoing section
2021-07-22 15:06:17.898 interchange:476 [DEBUG]  Managers count (interesting/total): 1/1
2021-07-22 15:06:17.899 interchange:512 [DEBUG]  [MAIN] either no interesting managers or no tasks, so skipping manager pass
2021-07-22 15:06:17.907 interchange:269 [DEBUG]  [TASK_PULL_THREAD] 0 tasks in internal queue
2021-07-22 15:06:17.921 interchange:269 [DEBUG]  [TASK_PULL_THREAD] 0 tasks in internal queue
2021-07-22 15:06:17.933 interchange:269 [DEBUG]  [TASK_PULL_THREAD] 0 tasks in internal queue
2021-07-22 15:06:17.944 interchange:269 [DEBUG]  [TASK_PULL_THREAD] 0 tasks in internal queue
2021-07-22 15:06:17.957 interchange:269 [DEBUG]  [TASK_PULL_THREAD] 0 tasks in internal queue
2021-07-22 15:06:17.970 interchange:269 [DEBUG]  [TASK_PULL_THREAD] 0 tasks in internal queue
2021-07-22 15:06:17.984 interchange:269 [DEBUG]  [TASK_PULL_THREAD] 0 tasks in internal queue
2021-07-22 15:06:17.998 interchange:269 [DEBUG]  [TASK_PULL_THREAD] 0 tasks in internal queue
2021-07-22 15:06:18.000 interchange:476 [DEBUG]  Managers count (interesting/total): 1/1
2021-07-22 15:06:18.001 interchange:512 [DEBUG]  [MAIN] either no interesting managers or no tasks, so skipping manager pass
2021-07-22 15:06:18.005 interchange:476 [DEBUG]  Managers count (interesting/total): 1/1
2021-07-22 15:06:18.006 interchange:512 [DEBUG]  [MAIN] either no interesting managers or no tasks, so skipping manager pass
2021-07-22 15:06:18.006 interchange:515 [DEBUG]  [MAIN] entering results_incoming section
2021-07-22 15:06:18.007 interchange:520 [DEBUG]  [MAIN] Got 1 result items in batch
2021-07-22 15:06:18.008 interchange:533 [DEBUG]  [MAIN] Current tasks: []
2021-07-22 15:06:18.009 interchange:536 [DEBUG]  [MAIN] leaving results_incoming section
2021-07-22 15:06:18.011 interchange:269 [DEBUG]  [TASK_PULL_THREAD] 0 tasks in internal queue
2021-07-22 15:06:18.012 interchange:278 [DEBUG]  [TASK_PULL_THREAD] Fetched task:5
2021-07-22 15:06:18.024 interchange:269 [DEBUG]  [TASK_PULL_THREAD] 1 tasks in internal queue
2021-07-22 15:06:18.038 interchange:269 [DEBUG]  [TASK_PULL_THREAD] 1 tasks in internal queue
2021-07-22 15:06:18.050 interchange:269 [DEBUG]  [TASK_PULL_THREAD] 1 tasks in internal queue
2021-07-22 15:06:18.064 interchange:269 [DEBUG]  [TASK_PULL_THREAD] 1 tasks in internal queue
2021-07-22 15:06:18.078 interchange:269 [DEBUG]  [TASK_PULL_THREAD] 1 tasks in internal queue
2021-07-22 15:06:18.090 interchange:269 [DEBUG]  [TASK_PULL_THREAD] 1 tasks in internal queue
2021-07-22 15:06:18.097 interchange:408 [DEBUG]  [MAIN] starting task_outgoing section
2021-07-22 15:06:18.098 interchange:469 [DEBUG]  [MAIN] Manager b'ff29a9f5db9f' requested 3 tasks
2021-07-22 15:06:18.098 interchange:472 [DEBUG]  [MAIN] leaving task_outgoing section
2021-07-22 15:06:18.099 interchange:476 [DEBUG]  Managers count (interesting/total): 1/1
2021-07-22 15:06:18.099 interchange:500 [DEBUG]  [MAIN] Sent tasks: [5] to manager b'ff29a9f5db9f'
2021-07-22 15:06:18.100 interchange:502 [DEBUG]  [MAIN] Manager b'ff29a9f5db9f' has free_capacity 2
2021-07-22 15:06:18.101 interchange:510 [DEBUG]  [MAIN] leaving _ready_manager_queue section, with 1 managers still interesting
2021-07-22 15:06:18.102 interchange:408 [DEBUG]  [MAIN] starting task_outgoing section
2021-07-22 15:06:18.102 interchange:469 [DEBUG]  [MAIN] Manager b'ff29a9f5db9f' requested 3 tasks
2021-07-22 15:06:18.103 interchange:472 [DEBUG]  [MAIN] leaving task_outgoing section
2021-07-22 15:06:18.104 interchange:476 [DEBUG]  Managers count (interesting/total): 1/1
2021-07-22 15:06:18.105 interchange:512 [DEBUG]  [MAIN] either no interesting managers or no tasks, so skipping manager pass
2021-07-22 15:06:18.105 interchange:269 [DEBUG]  [TASK_PULL_THREAD] 0 tasks in internal queue
2021-07-22 15:06:18.106 interchange:408 [DEBUG]  [MAIN] starting task_outgoing section
2021-07-22 15:06:18.108 interchange:469 [DEBUG]  [MAIN] Manager b'ff29a9f5db9f' requested 3 tasks
2021-07-22 15:06:18.109 interchange:472 [DEBUG]  [MAIN] leaving task_outgoing section
2021-07-22 15:06:18.110 interchange:476 [DEBUG]  Managers count (interesting/total): 1/1
2021-07-22 15:06:18.111 interchange:512 [DEBUG]  [MAIN] either no interesting managers or no tasks, so skipping manager pass
2021-07-22 15:06:18.118 interchange:269 [DEBUG]  [TASK_PULL_THREAD] 0 tasks in internal queue
2021-07-22 15:06:18.132 interchange:269 [DEBUG]  [TASK_PULL_THREAD] 0 tasks in internal queue
2021-07-22 15:06:18.144 interchange:269 [DEBUG]  [TASK_PULL_THREAD] 0 tasks in internal queue
2021-07-22 15:06:18.157 interchange:269 [DEBUG]  [TASK_PULL_THREAD] 0 tasks in internal queue
2021-07-22 15:06:18.171 interchange:269 [DEBUG]  [TASK_PULL_THREAD] 0 tasks in internal queue
2021-07-22 15:06:18.184 interchange:269 [DEBUG]  [TASK_PULL_THREAD] 0 tasks in internal queue
2021-07-22 15:06:18.199 interchange:269 [DEBUG]  [TASK_PULL_THREAD] 0 tasks in internal queue
2021-07-22 15:06:18.210 interchange:269 [DEBUG]  [TASK_PULL_THREAD] 0 tasks in internal queue
2021-07-22 15:06:18.213 interchange:476 [DEBUG]  Managers count (interesting/total): 1/1
2021-07-22 15:06:18.214 interchange:512 [DEBUG]  [MAIN] either no interesting managers or no tasks, so skipping manager pass
2021-07-22 15:06:18.216 interchange:476 [DEBUG]  Managers count (interesting/total): 1/1
2021-07-22 15:06:18.217 interchange:512 [DEBUG]  [MAIN] either no interesting managers or no tasks, so skipping manager pass
2021-07-22 15:06:18.218 interchange:515 [DEBUG]  [MAIN] entering results_incoming section
2021-07-22 15:06:18.219 interchange:520 [DEBUG]  [MAIN] Got 1 result items in batch
2021-07-22 15:06:18.219 interchange:533 [DEBUG]  [MAIN] Current tasks: []
2021-07-22 15:06:18.220 interchange:536 [DEBUG]  [MAIN] leaving results_incoming section
2021-07-22 15:06:18.223 interchange:278 [DEBUG]  [TASK_PULL_THREAD] Fetched task:6
2021-07-22 15:06:18.234 interchange:269 [DEBUG]  [TASK_PULL_THREAD] 1 tasks in internal queue
2021-07-22 15:06:18.248 interchange:269 [DEBUG]  [TASK_PULL_THREAD] 1 tasks in internal queue
2021-07-22 15:06:18.260 interchange:269 [DEBUG]  [TASK_PULL_THREAD] 1 tasks in internal queue
2021-07-22 15:06:18.273 interchange:269 [DEBUG]  [TASK_PULL_THREAD] 1 tasks in internal queue
2021-07-22 15:06:18.285 interchange:269 [DEBUG]  [TASK_PULL_THREAD] 1 tasks in internal queue
2021-07-22 15:06:18.298 interchange:269 [DEBUG]  [TASK_PULL_THREAD] 1 tasks in internal queue
2021-07-22 15:06:18.307 interchange:408 [DEBUG]  [MAIN] starting task_outgoing section
2021-07-22 15:06:18.309 interchange:469 [DEBUG]  [MAIN] Manager b'ff29a9f5db9f' requested 3 tasks
2021-07-22 15:06:18.310 interchange:269 [DEBUG]  [TASK_PULL_THREAD] 1 tasks in internal queue
2021-07-22 15:06:18.310 interchange:472 [DEBUG]  [MAIN] leaving task_outgoing section
2021-07-22 15:06:18.313 interchange:476 [DEBUG]  Managers count (interesting/total): 1/1
2021-07-22 15:06:18.314 interchange:500 [DEBUG]  [MAIN] Sent tasks: [6] to manager b'ff29a9f5db9f'
2021-07-22 15:06:18.315 interchange:502 [DEBUG]  [MAIN] Manager b'ff29a9f5db9f' has free_capacity 2
2021-07-22 15:06:18.316 interchange:510 [DEBUG]  [MAIN] leaving _ready_manager_queue section, with 1 managers still interesting
2021-07-22 15:06:18.318 interchange:408 [DEBUG]  [MAIN] starting task_outgoing section
2021-07-22 15:06:18.319 interchange:469 [DEBUG]  [MAIN] Manager b'ff29a9f5db9f' requested 3 tasks
2021-07-22 15:06:18.320 interchange:472 [DEBUG]  [MAIN] leaving task_outgoing section
2021-07-22 15:06:18.321 interchange:476 [DEBUG]  Managers count (interesting/total): 1/1
2021-07-22 15:06:18.321 interchange:512 [DEBUG]  [MAIN] either no interesting managers or no tasks, so skipping manager pass
2021-07-22 15:06:18.322 interchange:408 [DEBUG]  [MAIN] starting task_outgoing section
2021-07-22 15:06:18.323 interchange:469 [DEBUG]  [MAIN] Manager b'ff29a9f5db9f' requested 3 tasks
2021-07-22 15:06:18.323 interchange:269 [DEBUG]  [TASK_PULL_THREAD] 0 tasks in internal queue
2021-07-22 15:06:18.323 interchange:472 [DEBUG]  [MAIN] leaving task_outgoing section
2021-07-22 15:06:18.324 interchange:476 [DEBUG]  Managers count (interesting/total): 1/1
2021-07-22 15:06:18.325 interchange:512 [DEBUG]  [MAIN] either no interesting managers or no tasks, so skipping manager pass
2021-07-22 15:06:18.336 interchange:269 [DEBUG]  [TASK_PULL_THREAD] 0 tasks in internal queue
2021-07-22 15:06:18.349 interchange:269 [DEBUG]  [TASK_PULL_THREAD] 0 tasks in internal queue
2021-07-22 15:06:18.363 interchange:269 [DEBUG]  [TASK_PULL_THREAD] 0 tasks in internal queue
2021-07-22 15:06:18.376 interchange:269 [DEBUG]  [TASK_PULL_THREAD] 0 tasks in internal queue
2021-07-22 15:06:18.390 interchange:269 [DEBUG]  [TASK_PULL_THREAD] 0 tasks in internal queue
2021-07-22 15:06:18.401 interchange:269 [DEBUG]  [TASK_PULL_THREAD] 0 tasks in internal queue
2021-07-22 15:06:18.412 interchange:269 [DEBUG]  [TASK_PULL_THREAD] 0 tasks in internal queue
2021-07-22 15:06:18.425 interchange:269 [DEBUG]  [TASK_PULL_THREAD] 0 tasks in internal queue
2021-07-22 15:06:18.427 interchange:476 [DEBUG]  Managers count (interesting/total): 1/1
2021-07-22 15:06:18.427 interchange:512 [DEBUG]  [MAIN] either no interesting managers or no tasks, so skipping manager pass
2021-07-22 15:06:18.432 interchange:476 [DEBUG]  Managers count (interesting/total): 1/1
2021-07-22 15:06:18.432 interchange:512 [DEBUG]  [MAIN] either no interesting managers or no tasks, so skipping manager pass
2021-07-22 15:06:18.433 interchange:515 [DEBUG]  [MAIN] entering results_incoming section
2021-07-22 15:06:18.433 interchange:520 [DEBUG]  [MAIN] Got 1 result items in batch
2021-07-22 15:06:18.434 interchange:533 [DEBUG]  [MAIN] Current tasks: []
2021-07-22 15:06:18.435 interchange:536 [DEBUG]  [MAIN] leaving results_incoming section
2021-07-22 15:06:18.437 interchange:269 [DEBUG]  [TASK_PULL_THREAD] 0 tasks in internal queue
2021-07-22 15:06:18.438 interchange:310 [DEBUG]  [COMMAND] Received command request: MANAGERS
2021-07-22 15:06:18.438 interchange:356 [DEBUG]  [COMMAND] Reply: [{'manager': 'ff29a9f5db9f', 'block_id': '0', 'worker_count': 3, 'tasks': 0, 'idle_duration': 0.003888845443725586, 'active': True}]
2021-07-22 15:06:18.440 interchange:310 [DEBUG]  [COMMAND] Received command request: MANAGERS
2021-07-22 15:06:18.440 interchange:356 [DEBUG]  [COMMAND] Reply: [{'manager': 'ff29a9f5db9f', 'block_id': '0', 'worker_count': 3, 'tasks': 0, 'idle_duration': 0.005499839782714844, 'active': True}]
2021-07-22 15:06:18.441 interchange:310 [DEBUG]  [COMMAND] Received command request: HOLD_WORKER;ff29a9f5db9f
2021-07-22 15:06:18.442 interchange:340 [INFO]  [CMD] Received HOLD_WORKER for b'ff29a9f5db9f'
2021-07-22 15:06:18.442 interchange:293 [INFO]  Sending message {'last_heartbeat': 1626984378.3232472, 'idle_since': 1626984378.4350421, 'free_capacity': 3, 'block_id': '0', 'max_capacity': 3, 'worker_count': 3, 'active': False, 'tasks': [], 'parsl_v': '1.1.0', 'python_v': '3.8.8', 'uid': 'ff29a9f5db9f', 'prefetch_capacity': 0, 'os': 'Darwin', 'hostname': 'Ananths-Macbook.local', 'dir': '/Users/ananthhariharan/Documents/Code/GitHub/Parsl-Project', 'cpu_count': 2, 'total_memory': 8589934592} to hub
2021-07-22 15:06:18.443 interchange:356 [DEBUG]  [COMMAND] Reply: True
2021-07-22 15:06:18.448 interchange:269 [DEBUG]  [TASK_PULL_THREAD] 0 tasks in internal queue
2021-07-22 15:06:18.460 interchange:269 [DEBUG]  [TASK_PULL_THREAD] 0 tasks in internal queue
2021-07-22 15:06:18.471 interchange:269 [DEBUG]  [TASK_PULL_THREAD] 0 tasks in internal queue
2021-07-22 15:06:18.484 interchange:269 [DEBUG]  [TASK_PULL_THREAD] 0 tasks in internal queue
