2021-07-16 12:29:48.852 parsl.dataflow.dflow:84 [DEBUG]  Starting DataFlowKernel with config
Config(
    app_cache=True, 
    checkpoint_files=None, 
    checkpoint_mode='task_exit', 
    checkpoint_period=None, 
    executors=[HighThroughputExecutor(
        address=None, 
        address_probe_timeout=None, 
        cores_per_worker=1, 
        cpu_affinity='none', 
        heartbeat_period=2, 
        heartbeat_threshold=5, 
        interchange_port_range=(55000, 56000), 
        label='htex_Local', 
        launch_cmd='process_worker_pool.py {debug} {max_workers} -a {addresses} -p {prefetch_capacity} -c {cores_per_worker} -m {mem_per_worker} --poll {poll_period} --task_port={task_port} --result_port={result_port} --logdir={logdir} --block_id={{block_id}} --hb_period={heartbeat_period} {address_probe_timeout_string} --hb_threshold={heartbeat_threshold} --cpu-affinity {cpu_affinity} ', 
        managed=True, 
        max_workers=3, 
        mem_per_worker=None, 
        poll_period=100, 
        prefetch_capacity=0, 
        provider=LocalProvider(
            channel=LocalChannel(
                envs={}, 
                script_dir=None, 
                userhome='/Users/ananthhariharan/Documents/Code/GitHub/Parsl-Project'
            ), 
            cmd_timeout=30, 
            init_blocks=0, 
            launcher=SingleNodeLauncher(debug=True, fail_on_any=False), 
            max_blocks=5, 
            min_blocks=0, 
            move_files=None, 
            nodes_per_block=1, 
            parallelism=1, 
            worker_init=''
        ), 
        storage_access=[FTPInTaskStaging(), HTTPInTaskStaging(), NoOpFileStaging()], 
        worker_debug=True, 
        worker_logdir_root=None, 
        worker_port_range=(54000, 55000), 
        worker_ports=None, 
        working_dir='/Users/ananthhariharan/Documents/Code/GitHub/Parsl-Project/test_htex_alternate'
    )], 
    garbage_collect=True, 
    initialize_logging=True, 
    internal_tasks_max_threads=10, 
    max_idletime=120.0, 
    monitoring=MonitoringHub(
        'localhost',
        client_address='127.0.0.1', 
        client_port_range=(55000, 56000), 
        hub_port=55055, 
        hub_port_range=(55050, 56000), 
        logdir=None, 
        logging_endpoint='sqlite:///monitoring.db', 
        monitoring_debug=False, 
        resource_monitoring_enabled=True, 
        resource_monitoring_interval=1, 
        workflow_name=None, 
        workflow_version=None
    ), 
    retries=2, 
    run_dir='runinfo', 
    strategy='simple', 
    usage_tracking=False
)
2021-07-16 12:29:48.852 parsl.dataflow.dflow:86 [INFO]  Parsl version: 1.1.0
2021-07-16 12:29:48.852 parsl.dataflow.usage_tracking.usage:125 [DEBUG]  Tracking status: False
2021-07-16 12:29:48.853 parsl.monitoring.monitoring:209 [INFO]  Monitoring Hub initialized
2021-07-16 12:29:48.853 parsl.monitoring.monitoring:211 [DEBUG]  Initializing ZMQ Pipes to client
2021-07-16 12:29:48.881 parsl.monitoring.monitoring:255 [INFO]  Started the Hub process 90357 and DBM process 90358
2021-07-16 12:29:48.898 parsl.dataflow.dflow:114 [INFO]  Run id is: 53009e3f-fed3-4112-9578-8416901416fa
2021-07-16 12:29:49.032 parsl.monitoring.monitoring:274 [DEBUG]  Sending message MessageType.WORKFLOW_INFO, {'python_version': '3.8.8', 'parsl_version': '1.1.0', 'time_began': datetime.datetime(2021, 7, 16, 12, 29, 48, 898314), 'time_completed': None, 'run_id': '53009e3f-fed3-4112-9578-8416901416fa', 'workflow_name': 'test.py', 'workflow_version': '2021-07-16 12:29:48', 'rundir': '/Users/ananthhariharan/Documents/Code/GitHub/Parsl-Project/runinfo/007', 'tasks_completed_count': 0, 'tasks_failed_count': 0, 'user': 'ananthhariharan', 'host': 'Ananths-Macbook.local'}
2021-07-16 12:29:49.033 parsl.dataflow.memoization:164 [INFO]  App caching initialized
2021-07-16 12:29:49.033 parsl.dataflow.strategy:127 [DEBUG]  Scaling strategy: simple
2021-07-16 12:29:49.037 parsl.executors.high_throughput.executor:468 [DEBUG]  Starting queue management thread
2021-07-16 12:29:49.037 parsl.executors.high_throughput.executor:358 [DEBUG]  [MTHREAD] queue management worker starting
2021-07-16 12:29:49.037 parsl.executors.high_throughput.executor:472 [DEBUG]  Started queue management thread
2021-07-16 12:29:49.053 parsl.executors.high_throughput.executor:319 [DEBUG]  Created management thread: <Thread(HTEX-Queue-Management-Thread, started daemon 123145432268800)>
2021-07-16 12:29:49.055 parsl.executors.high_throughput.executor:291 [DEBUG]  Launch command: process_worker_pool.py --debug --max_workers=3 -a 69.174.173.76,Ananths-Macbook.local,192.168.4.29 -p 0 -c 1 -m None --poll 100 --task_port=54595 --result_port=54029 --logdir=/Users/ananthhariharan/Documents/Code/GitHub/Parsl-Project/runinfo/007/htex_Local --block_id={block_id} --hb_period=2  --hb_threshold=5 --cpu-affinity none 
2021-07-16 12:29:49.055 parsl.executors.high_throughput.executor:294 [DEBUG]  Starting HighThroughputExecutor with provider:
LocalProvider(
    channel=LocalChannel(
        envs={}, 
        script_dir='/Users/ananthhariharan/Documents/Code/GitHub/Parsl-Project/runinfo/007/submit_scripts', 
        userhome='/Users/ananthhariharan/Documents/Code/GitHub/Parsl-Project'
    ), 
    cmd_timeout=30, 
    init_blocks=0, 
    launcher=SingleNodeLauncher(debug=True, fail_on_any=False), 
    max_blocks=5, 
    min_blocks=0, 
    move_files=None, 
    nodes_per_block=1, 
    parallelism=1, 
    worker_init=''
)
2021-07-16 12:29:49.059 parsl.dataflow.task_status_poller:114 [DEBUG]  Adding executor htex_Local
2021-07-16 12:29:49.060 parsl.dataflow.task_status_poller:37 [INFO]  Monitoring enabled on task status poller
2021-07-16 12:29:49.066 parsl.dataflow.dflow:802 [DEBUG]  Task 0 will be sent to executor htex_Local
2021-07-16 12:29:49.067 parsl.dataflow.dflow:628 [DEBUG]  Adding output dependencies
2021-07-16 12:29:49.067 parsl.dataflow.dflow:881 [INFO]  Task 0 submitted for App app_F, not waiting on any dependency
2021-07-16 12:29:49.067 parsl.dataflow.dflow:889 [DEBUG]  Task 0 set to pending state with AppFuture: <AppFuture super=<AppFuture at 0x7ff0aedff130 state=pending>>
2021-07-16 12:29:49.067 parsl.monitoring.monitoring:274 [DEBUG]  Sending message MessageType.TASK_INFO, {'task_func_name': 'app_F', 'task_memoize': False, 'task_hashsum': None, 'task_fail_count': 0, 'task_status': <States.pending: 0>, 'task_id': 0, 'task_time_invoked': datetime.datetime(2021, 7, 16, 12, 29, 49, 66906), 'task_try_time_launched': None, 'task_time_returned': None, 'task_try_time_returned': None, 'task_executor': 'htex_Local', 'run_id': '53009e3f-fed3-4112-9578-8416901416fa', 'try_id': 0, 'timestamp': datetime.datetime(2021, 7, 16, 12, 29, 49, 67374), 'task_status_name': 'pending', 'tasks_failed_count': 0, 'tasks_completed_count': 0, 'tasks_memo_completed_count': 0, 'from_memo': None, 'task_inputs': 'None', 'task_outputs': 'None', 'task_stdin': None, 'task_stdout': None, 'task_stderr': None, 'task_fail_history': '', 'task_depends': '', 'task_joins': None}
2021-07-16 12:29:49.068 parsl.dataflow.memoization:229 [DEBUG]  Task 0 will not be memoized
2021-07-16 12:29:49.068 parsl.executors.high_throughput.executor:557 [DEBUG]  Pushing function <function MonitoringHub.monitor_wrapper.<locals>.wrapped at 0x7ff0aedfdee0> to queue with args ()
2021-07-16 12:29:49.071 parsl.monitoring.monitoring:274 [DEBUG]  Sending message MessageType.TASK_INFO, {'task_func_name': 'app_F', 'task_memoize': False, 'task_hashsum': None, 'task_fail_count': 0, 'task_status': <States.launched: 7>, 'task_id': 0, 'task_time_invoked': datetime.datetime(2021, 7, 16, 12, 29, 49, 66906), 'task_try_time_launched': datetime.datetime(2021, 7, 16, 12, 29, 49, 68020), 'task_time_returned': None, 'task_try_time_returned': None, 'task_executor': 'htex_Local', 'run_id': '53009e3f-fed3-4112-9578-8416901416fa', 'try_id': 0, 'timestamp': datetime.datetime(2021, 7, 16, 12, 29, 49, 71145), 'task_status_name': 'launched', 'tasks_failed_count': 0, 'tasks_completed_count': 0, 'tasks_memo_completed_count': 0, 'from_memo': False, 'task_inputs': 'None', 'task_outputs': 'None', 'task_stdin': None, 'task_stdout': None, 'task_stderr': None, 'task_fail_history': '', 'task_depends': '', 'task_joins': None}
2021-07-16 12:29:49.071 parsl.dataflow.dflow:591 [INFO]  Task 0 launched on executor htex_Local
2021-07-16 12:29:50.039 parsl.dataflow.task_status_poller:52 [DEBUG]  Sending message [] to hub from task status poller
2021-07-16 12:29:50.048 parsl.dataflow.strategy:205 [DEBUG]  Executor htex_Local has 1 active tasks, 0/0 running/pending blocks, and 0 connected workers
2021-07-16 12:29:50.049 parsl.dataflow.strategy:265 [DEBUG]  Requesting 1 more blocks
2021-07-16 12:29:50.051 parsl.providers.local.local:217 [DEBUG]  Launching in remote mode
2021-07-16 12:29:50.071 parsl.executors.high_throughput.executor:620 [DEBUG]  Launched block 0->90361
2021-07-16 12:29:50.071 parsl.dataflow.task_status_poller:52 [DEBUG]  Sending message [{'run_id': '53009e3f-fed3-4112-9578-8416901416fa', 'status': 'PENDING', 'timestamp': datetime.datetime(2021, 7, 16, 12, 29, 50, 71644), 'executor_label': 'htex_Local', 'job_id': '90361', 'block_id': '0'}] to hub from task status poller
2021-07-16 12:29:51.265 parsl.dataflow.dflow:442 [INFO]  Task 0 completed (launched -> exec_done)
2021-07-16 12:29:51.266 parsl.dataflow.dflow:802 [DEBUG]  Task 1 will be sent to executor htex_Local
2021-07-16 12:29:51.266 parsl.dataflow.dflow:628 [DEBUG]  Adding output dependencies
2021-07-16 12:29:51.267 parsl.dataflow.dflow:881 [INFO]  Task 1 submitted for App app_A, not waiting on any dependency
2021-07-16 12:29:51.267 parsl.dataflow.dflow:889 [DEBUG]  Task 1 set to pending state with AppFuture: <AppFuture super=<AppFuture at 0x7ff0aee11550 state=pending>>
2021-07-16 12:29:51.268 parsl.monitoring.monitoring:274 [DEBUG]  Sending message MessageType.TASK_INFO, {'task_func_name': 'app_A', 'task_memoize': False, 'task_hashsum': None, 'task_fail_count': 0, 'task_status': <States.pending: 0>, 'task_id': 1, 'task_time_invoked': datetime.datetime(2021, 7, 16, 12, 29, 51, 266728), 'task_try_time_launched': None, 'task_time_returned': None, 'task_try_time_returned': None, 'task_executor': 'htex_Local', 'run_id': '53009e3f-fed3-4112-9578-8416901416fa', 'try_id': 0, 'timestamp': datetime.datetime(2021, 7, 16, 12, 29, 51, 267593), 'task_status_name': 'pending', 'tasks_failed_count': 0, 'tasks_completed_count': 1, 'tasks_memo_completed_count': 0, 'from_memo': None, 'task_inputs': 'None', 'task_outputs': 'None', 'task_stdin': None, 'task_stdout': None, 'task_stderr': None, 'task_fail_history': '', 'task_depends': '', 'task_joins': None}
2021-07-16 12:29:51.269 parsl.dataflow.memoization:229 [DEBUG]  Task 1 will not be memoized
2021-07-16 12:29:51.269 parsl.executors.high_throughput.executor:557 [DEBUG]  Pushing function <function MonitoringHub.monitor_wrapper.<locals>.wrapped at 0x7ff0aee06430> to queue with args ()
2021-07-16 12:29:51.273 parsl.monitoring.monitoring:274 [DEBUG]  Sending message MessageType.TASK_INFO, {'task_func_name': 'app_A', 'task_memoize': False, 'task_hashsum': None, 'task_fail_count': 0, 'task_status': <States.launched: 7>, 'task_id': 1, 'task_time_invoked': datetime.datetime(2021, 7, 16, 12, 29, 51, 266728), 'task_try_time_launched': datetime.datetime(2021, 7, 16, 12, 29, 51, 268920), 'task_time_returned': None, 'task_try_time_returned': None, 'task_executor': 'htex_Local', 'run_id': '53009e3f-fed3-4112-9578-8416901416fa', 'try_id': 0, 'timestamp': datetime.datetime(2021, 7, 16, 12, 29, 51, 272860), 'task_status_name': 'launched', 'tasks_failed_count': 0, 'tasks_completed_count': 1, 'tasks_memo_completed_count': 0, 'from_memo': False, 'task_inputs': 'None', 'task_outputs': 'None', 'task_stdin': None, 'task_stdout': None, 'task_stderr': None, 'task_fail_history': '', 'task_depends': '', 'task_joins': None}
2021-07-16 12:29:51.273 parsl.dataflow.dflow:591 [INFO]  Task 1 launched on executor htex_Local
2021-07-16 12:29:51.274 parsl.dataflow.dflow:802 [DEBUG]  Task 2 will be sent to executor htex_Local
2021-07-16 12:29:51.274 parsl.dataflow.dflow:628 [DEBUG]  Adding output dependencies
2021-07-16 12:29:51.274 parsl.dataflow.dflow:881 [INFO]  Task 2 submitted for App app_B, not waiting on any dependency
2021-07-16 12:29:51.274 parsl.dataflow.dflow:889 [DEBUG]  Task 2 set to pending state with AppFuture: <AppFuture super=<AppFuture at 0x7ff0aee11ca0 state=pending>>
2021-07-16 12:29:51.274 parsl.dataflow.dflow:1166 [WARNING]  No tasks checkpointed so far in this run. Please ensure caching is enabled
2021-07-16 12:29:51.275 parsl.monitoring.monitoring:274 [DEBUG]  Sending message MessageType.TASK_INFO, {'task_func_name': 'app_B', 'task_memoize': False, 'task_hashsum': None, 'task_fail_count': 0, 'task_status': <States.pending: 0>, 'task_id': 2, 'task_time_invoked': datetime.datetime(2021, 7, 16, 12, 29, 51, 274227), 'task_try_time_launched': None, 'task_time_returned': None, 'task_try_time_returned': None, 'task_executor': 'htex_Local', 'run_id': '53009e3f-fed3-4112-9578-8416901416fa', 'try_id': 0, 'timestamp': datetime.datetime(2021, 7, 16, 12, 29, 51, 274890), 'task_status_name': 'pending', 'tasks_failed_count': 0, 'tasks_completed_count': 1, 'tasks_memo_completed_count': 0, 'from_memo': None, 'task_inputs': 'None', 'task_outputs': 'None', 'task_stdin': None, 'task_stdout': None, 'task_stderr': None, 'task_fail_history': '', 'task_depends': '', 'task_joins': None}
2021-07-16 12:29:51.275 parsl.monitoring.monitoring:274 [DEBUG]  Sending message MessageType.TASK_INFO, {'task_func_name': 'app_F', 'task_memoize': False, 'task_hashsum': None, 'task_fail_count': 0, 'task_status': <States.exec_done: 3>, 'task_id': 0, 'task_time_invoked': datetime.datetime(2021, 7, 16, 12, 29, 49, 66906), 'task_try_time_launched': datetime.datetime(2021, 7, 16, 12, 29, 49, 68020), 'task_time_returned': datetime.datetime(2021, 7, 16, 12, 29, 51, 265957), 'task_try_time_returned': datetime.datetime(2021, 7, 16, 12, 29, 51, 265413), 'task_executor': 'htex_Local', 'run_id': '53009e3f-fed3-4112-9578-8416901416fa', 'try_id': 0, 'timestamp': datetime.datetime(2021, 7, 16, 12, 29, 51, 275365), 'task_status_name': 'exec_done', 'tasks_failed_count': 0, 'tasks_completed_count': 1, 'tasks_memo_completed_count': 0, 'from_memo': False, 'task_inputs': 'None', 'task_outputs': 'None', 'task_stdin': None, 'task_stdout': None, 'task_stderr': None, 'task_fail_history': '', 'task_depends': '', 'task_joins': None}
2021-07-16 12:29:51.275 parsl.dataflow.memoization:229 [DEBUG]  Task 2 will not be memoized
2021-07-16 12:29:51.276 parsl.executors.high_throughput.executor:557 [DEBUG]  Pushing function <function MonitoringHub.monitor_wrapper.<locals>.wrapped at 0x7ff0aee06280> to queue with args ()
2021-07-16 12:29:51.278 parsl.monitoring.monitoring:274 [DEBUG]  Sending message MessageType.TASK_INFO, {'task_func_name': 'app_B', 'task_memoize': False, 'task_hashsum': None, 'task_fail_count': 0, 'task_status': <States.launched: 7>, 'task_id': 2, 'task_time_invoked': datetime.datetime(2021, 7, 16, 12, 29, 51, 274227), 'task_try_time_launched': datetime.datetime(2021, 7, 16, 12, 29, 51, 275897), 'task_time_returned': None, 'task_try_time_returned': None, 'task_executor': 'htex_Local', 'run_id': '53009e3f-fed3-4112-9578-8416901416fa', 'try_id': 0, 'timestamp': datetime.datetime(2021, 7, 16, 12, 29, 51, 278256), 'task_status_name': 'launched', 'tasks_failed_count': 0, 'tasks_completed_count': 1, 'tasks_memo_completed_count': 0, 'from_memo': False, 'task_inputs': 'None', 'task_outputs': 'None', 'task_stdin': None, 'task_stdout': None, 'task_stderr': None, 'task_fail_history': '', 'task_depends': '', 'task_joins': None}
2021-07-16 12:29:51.278 parsl.dataflow.dflow:591 [INFO]  Task 2 launched on executor htex_Local
2021-07-16 12:29:51.278 parsl.dataflow.dflow:802 [DEBUG]  Task 3 will be sent to executor htex_Local
2021-07-16 12:29:51.279 parsl.dataflow.dflow:628 [DEBUG]  Adding output dependencies
2021-07-16 12:29:51.279 parsl.dataflow.dflow:881 [INFO]  Task 3 submitted for App app_C, waiting on task 1, task 2
2021-07-16 12:29:51.279 parsl.dataflow.dflow:889 [DEBUG]  Task 3 set to pending state with AppFuture: <AppFuture super=<AppFuture at 0x7ff0aee1d460 state=pending>>
2021-07-16 12:29:51.279 parsl.monitoring.monitoring:274 [DEBUG]  Sending message MessageType.TASK_INFO, {'task_func_name': 'app_C', 'task_memoize': False, 'task_hashsum': None, 'task_fail_count': 0, 'task_status': <States.pending: 0>, 'task_id': 3, 'task_time_invoked': datetime.datetime(2021, 7, 16, 12, 29, 51, 279011), 'task_try_time_launched': None, 'task_time_returned': None, 'task_try_time_returned': None, 'task_executor': 'htex_Local', 'run_id': '53009e3f-fed3-4112-9578-8416901416fa', 'try_id': 0, 'timestamp': datetime.datetime(2021, 7, 16, 12, 29, 51, 279374), 'task_status_name': 'pending', 'tasks_failed_count': 0, 'tasks_completed_count': 1, 'tasks_memo_completed_count': 0, 'from_memo': None, 'task_inputs': 'None', 'task_outputs': 'None', 'task_stdin': None, 'task_stdout': None, 'task_stderr': None, 'task_fail_history': '', 'task_depends': '1,2', 'task_joins': None}
2021-07-16 12:29:51.279 parsl.dataflow.dflow:802 [DEBUG]  Task 4 will be sent to executor htex_Local
2021-07-16 12:29:51.279 parsl.dataflow.dflow:628 [DEBUG]  Adding output dependencies
2021-07-16 12:29:51.279 parsl.dataflow.dflow:881 [INFO]  Task 4 submitted for App app_D, waiting on task 3
2021-07-16 12:29:51.280 parsl.dataflow.dflow:889 [DEBUG]  Task 4 set to pending state with AppFuture: <AppFuture super=<AppFuture at 0x7ff0aee1d5e0 state=pending>>
2021-07-16 12:29:51.280 parsl.monitoring.monitoring:274 [DEBUG]  Sending message MessageType.TASK_INFO, {'task_func_name': 'app_D', 'task_memoize': False, 'task_hashsum': None, 'task_fail_count': 0, 'task_status': <States.pending: 0>, 'task_id': 4, 'task_time_invoked': datetime.datetime(2021, 7, 16, 12, 29, 51, 279871), 'task_try_time_launched': None, 'task_time_returned': None, 'task_try_time_returned': None, 'task_executor': 'htex_Local', 'run_id': '53009e3f-fed3-4112-9578-8416901416fa', 'try_id': 0, 'timestamp': datetime.datetime(2021, 7, 16, 12, 29, 51, 280138), 'task_status_name': 'pending', 'tasks_failed_count': 0, 'tasks_completed_count': 1, 'tasks_memo_completed_count': 0, 'from_memo': None, 'task_inputs': 'None', 'task_outputs': 'None', 'task_stdin': None, 'task_stdout': None, 'task_stderr': None, 'task_fail_history': '', 'task_depends': '3', 'task_joins': None}
2021-07-16 12:29:51.280 parsl.dataflow.dflow:802 [DEBUG]  Task 5 will be sent to executor htex_Local
2021-07-16 12:29:51.280 parsl.dataflow.dflow:628 [DEBUG]  Adding output dependencies
2021-07-16 12:29:51.280 parsl.dataflow.dflow:881 [INFO]  Task 5 submitted for App app_E, waiting on task 4
2021-07-16 12:29:51.280 parsl.dataflow.dflow:889 [DEBUG]  Task 5 set to pending state with AppFuture: <AppFuture super=<AppFuture at 0x7ff0aee1d760 state=pending>>
2021-07-16 12:29:51.280 parsl.monitoring.monitoring:274 [DEBUG]  Sending message MessageType.TASK_INFO, {'task_func_name': 'app_E', 'task_memoize': False, 'task_hashsum': None, 'task_fail_count': 0, 'task_status': <States.pending: 0>, 'task_id': 5, 'task_time_invoked': datetime.datetime(2021, 7, 16, 12, 29, 51, 280630), 'task_try_time_launched': None, 'task_time_returned': None, 'task_try_time_returned': None, 'task_executor': 'htex_Local', 'run_id': '53009e3f-fed3-4112-9578-8416901416fa', 'try_id': 0, 'timestamp': datetime.datetime(2021, 7, 16, 12, 29, 51, 280840), 'task_status_name': 'pending', 'tasks_failed_count': 0, 'tasks_completed_count': 1, 'tasks_memo_completed_count': 0, 'from_memo': None, 'task_inputs': 'None', 'task_outputs': 'None', 'task_stdin': None, 'task_stdout': None, 'task_stderr': None, 'task_fail_history': '', 'task_depends': '4', 'task_joins': None}
2021-07-16 12:29:51.482 parsl.dataflow.dflow:442 [INFO]  Task 1 completed (launched -> exec_done)
2021-07-16 12:29:51.483 parsl.dataflow.dflow:1166 [WARNING]  No tasks checkpointed so far in this run. Please ensure caching is enabled
2021-07-16 12:29:51.484 parsl.monitoring.monitoring:274 [DEBUG]  Sending message MessageType.TASK_INFO, {'task_func_name': 'app_A', 'task_memoize': False, 'task_hashsum': None, 'task_fail_count': 0, 'task_status': <States.exec_done: 3>, 'task_id': 1, 'task_time_invoked': datetime.datetime(2021, 7, 16, 12, 29, 51, 266728), 'task_try_time_launched': datetime.datetime(2021, 7, 16, 12, 29, 51, 268920), 'task_time_returned': datetime.datetime(2021, 7, 16, 12, 29, 51, 482511), 'task_try_time_returned': datetime.datetime(2021, 7, 16, 12, 29, 51, 482213), 'task_executor': 'htex_Local', 'run_id': '53009e3f-fed3-4112-9578-8416901416fa', 'try_id': 0, 'timestamp': datetime.datetime(2021, 7, 16, 12, 29, 51, 483639), 'task_status_name': 'exec_done', 'tasks_failed_count': 0, 'tasks_completed_count': 2, 'tasks_memo_completed_count': 0, 'from_memo': False, 'task_inputs': 'None', 'task_outputs': 'None', 'task_stdin': None, 'task_stdout': None, 'task_stderr': None, 'task_fail_history': '', 'task_depends': '', 'task_joins': None}
2021-07-16 12:29:51.484 parsl.dataflow.dflow:442 [INFO]  Task 2 completed (launched -> exec_done)
2021-07-16 12:29:51.485 parsl.dataflow.dflow:1166 [WARNING]  No tasks checkpointed so far in this run. Please ensure caching is enabled
2021-07-16 12:29:51.485 parsl.dataflow.memoization:229 [DEBUG]  Task 3 will not be memoized
2021-07-16 12:29:51.486 parsl.executors.high_throughput.executor:557 [DEBUG]  Pushing function <function MonitoringHub.monitor_wrapper.<locals>.wrapped at 0x7ff0aee06940> to queue with args (7, 3.0)
2021-07-16 12:29:51.489 parsl.monitoring.monitoring:274 [DEBUG]  Sending message MessageType.TASK_INFO, {'task_func_name': 'app_C', 'task_memoize': False, 'task_hashsum': None, 'task_fail_count': 0, 'task_status': <States.launched: 7>, 'task_id': 3, 'task_time_invoked': datetime.datetime(2021, 7, 16, 12, 29, 51, 279011), 'task_try_time_launched': datetime.datetime(2021, 7, 16, 12, 29, 51, 485811), 'task_time_returned': None, 'task_try_time_returned': None, 'task_executor': 'htex_Local', 'run_id': '53009e3f-fed3-4112-9578-8416901416fa', 'try_id': 0, 'timestamp': datetime.datetime(2021, 7, 16, 12, 29, 51, 488721), 'task_status_name': 'launched', 'tasks_failed_count': 0, 'tasks_completed_count': 3, 'tasks_memo_completed_count': 0, 'from_memo': False, 'task_inputs': 'None', 'task_outputs': 'None', 'task_stdin': None, 'task_stdout': None, 'task_stderr': None, 'task_fail_history': '', 'task_depends': '1,2', 'task_joins': None}
2021-07-16 12:29:51.489 parsl.dataflow.dflow:591 [INFO]  Task 3 launched on executor htex_Local
2021-07-16 12:29:51.490 parsl.monitoring.monitoring:274 [DEBUG]  Sending message MessageType.TASK_INFO, {'task_func_name': 'app_B', 'task_memoize': False, 'task_hashsum': None, 'task_fail_count': 0, 'task_status': <States.exec_done: 3>, 'task_id': 2, 'task_time_invoked': datetime.datetime(2021, 7, 16, 12, 29, 51, 274227), 'task_try_time_launched': datetime.datetime(2021, 7, 16, 12, 29, 51, 275897), 'task_time_returned': datetime.datetime(2021, 7, 16, 12, 29, 51, 484802), 'task_try_time_returned': datetime.datetime(2021, 7, 16, 12, 29, 51, 484533), 'task_executor': 'htex_Local', 'run_id': '53009e3f-fed3-4112-9578-8416901416fa', 'try_id': 0, 'timestamp': datetime.datetime(2021, 7, 16, 12, 29, 51, 489949), 'task_status_name': 'exec_done', 'tasks_failed_count': 0, 'tasks_completed_count': 3, 'tasks_memo_completed_count': 0, 'from_memo': False, 'task_inputs': 'None', 'task_outputs': 'None', 'task_stdin': None, 'task_stdout': None, 'task_stderr': None, 'task_fail_history': '', 'task_depends': '', 'task_joins': None}
2021-07-16 12:29:51.683 parsl.dataflow.dflow:442 [INFO]  Task 3 completed (launched -> exec_done)
2021-07-16 12:29:51.684 parsl.dataflow.dflow:1166 [WARNING]  No tasks checkpointed so far in this run. Please ensure caching is enabled
2021-07-16 12:29:51.684 parsl.dataflow.memoization:229 [DEBUG]  Task 4 will not be memoized
2021-07-16 12:29:51.684 parsl.executors.high_throughput.executor:557 [DEBUG]  Pushing function <function MonitoringHub.monitor_wrapper.<locals>.wrapped at 0x7ff0aee06b80> to queue with args (10, 7, 10.0)
2021-07-16 12:29:51.686 parsl.monitoring.monitoring:274 [DEBUG]  Sending message MessageType.TASK_INFO, {'task_func_name': 'app_D', 'task_memoize': False, 'task_hashsum': None, 'task_fail_count': 0, 'task_status': <States.launched: 7>, 'task_id': 4, 'task_time_invoked': datetime.datetime(2021, 7, 16, 12, 29, 51, 279871), 'task_try_time_launched': datetime.datetime(2021, 7, 16, 12, 29, 51, 684356), 'task_time_returned': None, 'task_try_time_returned': None, 'task_executor': 'htex_Local', 'run_id': '53009e3f-fed3-4112-9578-8416901416fa', 'try_id': 0, 'timestamp': datetime.datetime(2021, 7, 16, 12, 29, 51, 685796), 'task_status_name': 'launched', 'tasks_failed_count': 0, 'tasks_completed_count': 4, 'tasks_memo_completed_count': 0, 'from_memo': False, 'task_inputs': 'None', 'task_outputs': 'None', 'task_stdin': None, 'task_stdout': None, 'task_stderr': None, 'task_fail_history': '', 'task_depends': '3', 'task_joins': None}
2021-07-16 12:29:51.686 parsl.dataflow.dflow:591 [INFO]  Task 4 launched on executor htex_Local
2021-07-16 12:29:51.686 parsl.monitoring.monitoring:274 [DEBUG]  Sending message MessageType.TASK_INFO, {'task_func_name': 'app_C', 'task_memoize': False, 'task_hashsum': None, 'task_fail_count': 0, 'task_status': <States.exec_done: 3>, 'task_id': 3, 'task_time_invoked': datetime.datetime(2021, 7, 16, 12, 29, 51, 279011), 'task_try_time_launched': datetime.datetime(2021, 7, 16, 12, 29, 51, 485811), 'task_time_returned': datetime.datetime(2021, 7, 16, 12, 29, 51, 683753), 'task_try_time_returned': datetime.datetime(2021, 7, 16, 12, 29, 51, 683596), 'task_executor': 'htex_Local', 'run_id': '53009e3f-fed3-4112-9578-8416901416fa', 'try_id': 0, 'timestamp': datetime.datetime(2021, 7, 16, 12, 29, 51, 686429), 'task_status_name': 'exec_done', 'tasks_failed_count': 0, 'tasks_completed_count': 4, 'tasks_memo_completed_count': 0, 'from_memo': False, 'task_inputs': 'None', 'task_outputs': 'None', 'task_stdin': None, 'task_stdout': None, 'task_stderr': None, 'task_fail_history': '', 'task_depends': '1,2', 'task_joins': None}
2021-07-16 12:29:51.894 parsl.dataflow.dflow:442 [INFO]  Task 4 completed (launched -> exec_done)
2021-07-16 12:29:51.895 parsl.dataflow.dflow:1166 [WARNING]  No tasks checkpointed so far in this run. Please ensure caching is enabled
2021-07-16 12:29:51.896 parsl.dataflow.memoization:229 [DEBUG]  Task 5 will not be memoized
2021-07-16 12:29:51.896 parsl.executors.high_throughput.executor:557 [DEBUG]  Pushing function <function MonitoringHub.monitor_wrapper.<locals>.wrapped at 0x7ff0aee06dc0> to queue with args (10,)
2021-07-16 12:29:51.899 parsl.monitoring.monitoring:274 [DEBUG]  Sending message MessageType.TASK_INFO, {'task_func_name': 'app_E', 'task_memoize': False, 'task_hashsum': None, 'task_fail_count': 0, 'task_status': <States.launched: 7>, 'task_id': 5, 'task_time_invoked': datetime.datetime(2021, 7, 16, 12, 29, 51, 280630), 'task_try_time_launched': datetime.datetime(2021, 7, 16, 12, 29, 51, 896046), 'task_time_returned': None, 'task_try_time_returned': None, 'task_executor': 'htex_Local', 'run_id': '53009e3f-fed3-4112-9578-8416901416fa', 'try_id': 0, 'timestamp': datetime.datetime(2021, 7, 16, 12, 29, 51, 898907), 'task_status_name': 'launched', 'tasks_failed_count': 0, 'tasks_completed_count': 5, 'tasks_memo_completed_count': 0, 'from_memo': False, 'task_inputs': 'None', 'task_outputs': 'None', 'task_stdin': None, 'task_stdout': None, 'task_stderr': None, 'task_fail_history': '', 'task_depends': '4', 'task_joins': None}
2021-07-16 12:29:51.899 parsl.dataflow.dflow:591 [INFO]  Task 5 launched on executor htex_Local
2021-07-16 12:29:51.900 parsl.monitoring.monitoring:274 [DEBUG]  Sending message MessageType.TASK_INFO, {'task_func_name': 'app_D', 'task_memoize': False, 'task_hashsum': None, 'task_fail_count': 0, 'task_status': <States.exec_done: 3>, 'task_id': 4, 'task_time_invoked': datetime.datetime(2021, 7, 16, 12, 29, 51, 279871), 'task_try_time_launched': datetime.datetime(2021, 7, 16, 12, 29, 51, 684356), 'task_time_returned': datetime.datetime(2021, 7, 16, 12, 29, 51, 895024), 'task_try_time_returned': datetime.datetime(2021, 7, 16, 12, 29, 51, 894749), 'task_executor': 'htex_Local', 'run_id': '53009e3f-fed3-4112-9578-8416901416fa', 'try_id': 0, 'timestamp': datetime.datetime(2021, 7, 16, 12, 29, 51, 900018), 'task_status_name': 'exec_done', 'tasks_failed_count': 0, 'tasks_completed_count': 5, 'tasks_memo_completed_count': 0, 'from_memo': False, 'task_inputs': 'None', 'task_outputs': 'None', 'task_stdin': None, 'task_stdout': None, 'task_stderr': None, 'task_fail_history': '', 'task_depends': '3', 'task_joins': None}
2021-07-16 12:29:52.104 parsl.dataflow.dflow:442 [INFO]  Task 5 completed (launched -> exec_done)
2021-07-16 12:29:52.105 parsl.dataflow.dflow:802 [DEBUG]  Task 6 will be sent to executor htex_Local
2021-07-16 12:29:52.105 parsl.dataflow.dflow:628 [DEBUG]  Adding output dependencies
2021-07-16 12:29:52.105 parsl.dataflow.dflow:881 [INFO]  Task 6 submitted for App app_A, not waiting on any dependency
2021-07-16 12:29:52.105 parsl.dataflow.dflow:889 [DEBUG]  Task 6 set to pending state with AppFuture: <AppFuture super=<AppFuture at 0x7ff0aee2a070 state=pending>>
2021-07-16 12:29:52.106 parsl.monitoring.monitoring:274 [DEBUG]  Sending message MessageType.TASK_INFO, {'task_func_name': 'app_A', 'task_memoize': False, 'task_hashsum': None, 'task_fail_count': 0, 'task_status': <States.pending: 0>, 'task_id': 6, 'task_time_invoked': datetime.datetime(2021, 7, 16, 12, 29, 52, 105400), 'task_try_time_launched': None, 'task_time_returned': None, 'task_try_time_returned': None, 'task_executor': 'htex_Local', 'run_id': '53009e3f-fed3-4112-9578-8416901416fa', 'try_id': 0, 'timestamp': datetime.datetime(2021, 7, 16, 12, 29, 52, 106015), 'task_status_name': 'pending', 'tasks_failed_count': 0, 'tasks_completed_count': 6, 'tasks_memo_completed_count': 0, 'from_memo': None, 'task_inputs': 'None', 'task_outputs': 'None', 'task_stdin': None, 'task_stdout': None, 'task_stderr': None, 'task_fail_history': '', 'task_depends': '', 'task_joins': None}
2021-07-16 12:29:52.107 parsl.dataflow.memoization:229 [DEBUG]  Task 6 will not be memoized
2021-07-16 12:29:52.107 parsl.executors.high_throughput.executor:557 [DEBUG]  Pushing function <function MonitoringHub.monitor_wrapper.<locals>.wrapped at 0x7ff0aee281f0> to queue with args ()
2021-07-16 12:29:52.110 parsl.monitoring.monitoring:274 [DEBUG]  Sending message MessageType.TASK_INFO, {'task_func_name': 'app_A', 'task_memoize': False, 'task_hashsum': None, 'task_fail_count': 0, 'task_status': <States.launched: 7>, 'task_id': 6, 'task_time_invoked': datetime.datetime(2021, 7, 16, 12, 29, 52, 105400), 'task_try_time_launched': datetime.datetime(2021, 7, 16, 12, 29, 52, 107023), 'task_time_returned': None, 'task_try_time_returned': None, 'task_executor': 'htex_Local', 'run_id': '53009e3f-fed3-4112-9578-8416901416fa', 'try_id': 0, 'timestamp': datetime.datetime(2021, 7, 16, 12, 29, 52, 110335), 'task_status_name': 'launched', 'tasks_failed_count': 0, 'tasks_completed_count': 6, 'tasks_memo_completed_count': 0, 'from_memo': False, 'task_inputs': 'None', 'task_outputs': 'None', 'task_stdin': None, 'task_stdout': None, 'task_stderr': None, 'task_fail_history': '', 'task_depends': '', 'task_joins': None}
2021-07-16 12:29:52.110 parsl.dataflow.dflow:1166 [WARNING]  No tasks checkpointed so far in this run. Please ensure caching is enabled
2021-07-16 12:29:52.111 parsl.dataflow.dflow:591 [INFO]  Task 6 launched on executor htex_Local
2021-07-16 12:29:52.111 parsl.monitoring.monitoring:274 [DEBUG]  Sending message MessageType.TASK_INFO, {'task_func_name': 'app_E', 'task_memoize': False, 'task_hashsum': None, 'task_fail_count': 0, 'task_status': <States.exec_done: 3>, 'task_id': 5, 'task_time_invoked': datetime.datetime(2021, 7, 16, 12, 29, 51, 280630), 'task_try_time_launched': datetime.datetime(2021, 7, 16, 12, 29, 51, 896046), 'task_time_returned': datetime.datetime(2021, 7, 16, 12, 29, 52, 104852), 'task_try_time_returned': datetime.datetime(2021, 7, 16, 12, 29, 52, 104560), 'task_executor': 'htex_Local', 'run_id': '53009e3f-fed3-4112-9578-8416901416fa', 'try_id': 0, 'timestamp': datetime.datetime(2021, 7, 16, 12, 29, 52, 111343), 'task_status_name': 'exec_done', 'tasks_failed_count': 0, 'tasks_completed_count': 6, 'tasks_memo_completed_count': 0, 'from_memo': False, 'task_inputs': 'None', 'task_outputs': 'None', 'task_stdin': None, 'task_stdout': None, 'task_stderr': None, 'task_fail_history': '', 'task_depends': '4', 'task_joins': None}
2021-07-16 12:29:52.111 parsl.dataflow.dflow:802 [DEBUG]  Task 7 will be sent to executor htex_Local
2021-07-16 12:29:52.112 parsl.dataflow.dflow:628 [DEBUG]  Adding output dependencies
2021-07-16 12:29:52.112 parsl.dataflow.dflow:881 [INFO]  Task 7 submitted for App app_B, not waiting on any dependency
2021-07-16 12:29:52.112 parsl.dataflow.dflow:889 [DEBUG]  Task 7 set to pending state with AppFuture: <AppFuture super=<AppFuture at 0x7ff0aee24fa0 state=pending>>
2021-07-16 12:29:52.112 parsl.monitoring.monitoring:274 [DEBUG]  Sending message MessageType.TASK_INFO, {'task_func_name': 'app_B', 'task_memoize': False, 'task_hashsum': None, 'task_fail_count': 0, 'task_status': <States.pending: 0>, 'task_id': 7, 'task_time_invoked': datetime.datetime(2021, 7, 16, 12, 29, 52, 112119), 'task_try_time_launched': None, 'task_time_returned': None, 'task_try_time_returned': None, 'task_executor': 'htex_Local', 'run_id': '53009e3f-fed3-4112-9578-8416901416fa', 'try_id': 0, 'timestamp': datetime.datetime(2021, 7, 16, 12, 29, 52, 112390), 'task_status_name': 'pending', 'tasks_failed_count': 0, 'tasks_completed_count': 6, 'tasks_memo_completed_count': 0, 'from_memo': None, 'task_inputs': 'None', 'task_outputs': 'None', 'task_stdin': None, 'task_stdout': None, 'task_stderr': None, 'task_fail_history': '', 'task_depends': '', 'task_joins': None}
2021-07-16 12:29:52.112 parsl.dataflow.memoization:229 [DEBUG]  Task 7 will not be memoized
2021-07-16 12:29:52.113 parsl.executors.high_throughput.executor:557 [DEBUG]  Pushing function <function MonitoringHub.monitor_wrapper.<locals>.wrapped at 0x7ff0aee28040> to queue with args ()
2021-07-16 12:29:52.114 parsl.monitoring.monitoring:274 [DEBUG]  Sending message MessageType.TASK_INFO, {'task_func_name': 'app_B', 'task_memoize': False, 'task_hashsum': None, 'task_fail_count': 0, 'task_status': <States.launched: 7>, 'task_id': 7, 'task_time_invoked': datetime.datetime(2021, 7, 16, 12, 29, 52, 112119), 'task_try_time_launched': datetime.datetime(2021, 7, 16, 12, 29, 52, 112695), 'task_time_returned': None, 'task_try_time_returned': None, 'task_executor': 'htex_Local', 'run_id': '53009e3f-fed3-4112-9578-8416901416fa', 'try_id': 0, 'timestamp': datetime.datetime(2021, 7, 16, 12, 29, 52, 114572), 'task_status_name': 'launched', 'tasks_failed_count': 0, 'tasks_completed_count': 6, 'tasks_memo_completed_count': 0, 'from_memo': False, 'task_inputs': 'None', 'task_outputs': 'None', 'task_stdin': None, 'task_stdout': None, 'task_stderr': None, 'task_fail_history': '', 'task_depends': '', 'task_joins': None}
2021-07-16 12:29:52.115 parsl.dataflow.dflow:591 [INFO]  Task 7 launched on executor htex_Local
2021-07-16 12:29:52.115 parsl.dataflow.dflow:802 [DEBUG]  Task 8 will be sent to executor htex_Local
2021-07-16 12:29:52.115 parsl.dataflow.dflow:628 [DEBUG]  Adding output dependencies
2021-07-16 12:29:52.115 parsl.dataflow.dflow:881 [INFO]  Task 8 submitted for App app_C, waiting on task 6, task 7
2021-07-16 12:29:52.115 parsl.dataflow.dflow:889 [DEBUG]  Task 8 set to pending state with AppFuture: <AppFuture super=<AppFuture at 0x7ff0aee2abe0 state=pending>>
2021-07-16 12:29:52.116 parsl.monitoring.monitoring:274 [DEBUG]  Sending message MessageType.TASK_INFO, {'task_func_name': 'app_C', 'task_memoize': False, 'task_hashsum': None, 'task_fail_count': 0, 'task_status': <States.pending: 0>, 'task_id': 8, 'task_time_invoked': datetime.datetime(2021, 7, 16, 12, 29, 52, 115476), 'task_try_time_launched': None, 'task_time_returned': None, 'task_try_time_returned': None, 'task_executor': 'htex_Local', 'run_id': '53009e3f-fed3-4112-9578-8416901416fa', 'try_id': 0, 'timestamp': datetime.datetime(2021, 7, 16, 12, 29, 52, 115988), 'task_status_name': 'pending', 'tasks_failed_count': 0, 'tasks_completed_count': 6, 'tasks_memo_completed_count': 0, 'from_memo': None, 'task_inputs': 'None', 'task_outputs': 'None', 'task_stdin': None, 'task_stdout': None, 'task_stderr': None, 'task_fail_history': '', 'task_depends': '6,7', 'task_joins': None}
2021-07-16 12:29:52.116 parsl.dataflow.dflow:802 [DEBUG]  Task 9 will be sent to executor htex_Local
2021-07-16 12:29:52.116 parsl.dataflow.dflow:628 [DEBUG]  Adding output dependencies
2021-07-16 12:29:52.116 parsl.dataflow.dflow:881 [INFO]  Task 9 submitted for App app_D, waiting on task 8
2021-07-16 12:29:52.116 parsl.dataflow.dflow:889 [DEBUG]  Task 9 set to pending state with AppFuture: <AppFuture super=<AppFuture at 0x7ff0aee2adc0 state=pending>>
2021-07-16 12:29:52.116 parsl.monitoring.monitoring:274 [DEBUG]  Sending message MessageType.TASK_INFO, {'task_func_name': 'app_D', 'task_memoize': False, 'task_hashsum': None, 'task_fail_count': 0, 'task_status': <States.pending: 0>, 'task_id': 9, 'task_time_invoked': datetime.datetime(2021, 7, 16, 12, 29, 52, 116508), 'task_try_time_launched': None, 'task_time_returned': None, 'task_try_time_returned': None, 'task_executor': 'htex_Local', 'run_id': '53009e3f-fed3-4112-9578-8416901416fa', 'try_id': 0, 'timestamp': datetime.datetime(2021, 7, 16, 12, 29, 52, 116775), 'task_status_name': 'pending', 'tasks_failed_count': 0, 'tasks_completed_count': 6, 'tasks_memo_completed_count': 0, 'from_memo': None, 'task_inputs': 'None', 'task_outputs': 'None', 'task_stdin': None, 'task_stdout': None, 'task_stderr': None, 'task_fail_history': '', 'task_depends': '8', 'task_joins': None}
2021-07-16 12:29:52.117 parsl.dataflow.dflow:802 [DEBUG]  Task 10 will be sent to executor htex_Local
2021-07-16 12:29:52.117 parsl.dataflow.dflow:628 [DEBUG]  Adding output dependencies
2021-07-16 12:29:52.117 parsl.dataflow.dflow:881 [INFO]  Task 10 submitted for App app_E, waiting on task 9
2021-07-16 12:29:52.117 parsl.dataflow.dflow:889 [DEBUG]  Task 10 set to pending state with AppFuture: <AppFuture super=<AppFuture at 0x7ff0aee2af40 state=pending>>
2021-07-16 12:29:52.117 parsl.monitoring.monitoring:274 [DEBUG]  Sending message MessageType.TASK_INFO, {'task_func_name': 'app_E', 'task_memoize': False, 'task_hashsum': None, 'task_fail_count': 0, 'task_status': <States.pending: 0>, 'task_id': 10, 'task_time_invoked': datetime.datetime(2021, 7, 16, 12, 29, 52, 117255), 'task_try_time_launched': None, 'task_time_returned': None, 'task_try_time_returned': None, 'task_executor': 'htex_Local', 'run_id': '53009e3f-fed3-4112-9578-8416901416fa', 'try_id': 0, 'timestamp': datetime.datetime(2021, 7, 16, 12, 29, 52, 117488), 'task_status_name': 'pending', 'tasks_failed_count': 0, 'tasks_completed_count': 6, 'tasks_memo_completed_count': 0, 'from_memo': None, 'task_inputs': 'None', 'task_outputs': 'None', 'task_stdin': None, 'task_stdout': None, 'task_stderr': None, 'task_fail_history': '', 'task_depends': '9', 'task_joins': None}
2021-07-16 12:29:52.316 parsl.dataflow.dflow:442 [INFO]  Task 6 completed (launched -> exec_done)
2021-07-16 12:29:52.317 parsl.dataflow.dflow:1166 [WARNING]  No tasks checkpointed so far in this run. Please ensure caching is enabled
2021-07-16 12:29:52.317 parsl.monitoring.monitoring:274 [DEBUG]  Sending message MessageType.TASK_INFO, {'task_func_name': 'app_A', 'task_memoize': False, 'task_hashsum': None, 'task_fail_count': 0, 'task_status': <States.exec_done: 3>, 'task_id': 6, 'task_time_invoked': datetime.datetime(2021, 7, 16, 12, 29, 52, 105400), 'task_try_time_launched': datetime.datetime(2021, 7, 16, 12, 29, 52, 107023), 'task_time_returned': datetime.datetime(2021, 7, 16, 12, 29, 52, 316238), 'task_try_time_returned': datetime.datetime(2021, 7, 16, 12, 29, 52, 315952), 'task_executor': 'htex_Local', 'run_id': '53009e3f-fed3-4112-9578-8416901416fa', 'try_id': 0, 'timestamp': datetime.datetime(2021, 7, 16, 12, 29, 52, 317260), 'task_status_name': 'exec_done', 'tasks_failed_count': 0, 'tasks_completed_count': 7, 'tasks_memo_completed_count': 0, 'from_memo': False, 'task_inputs': 'None', 'task_outputs': 'None', 'task_stdin': None, 'task_stdout': None, 'task_stderr': None, 'task_fail_history': '', 'task_depends': '', 'task_joins': None}
2021-07-16 12:29:52.318 parsl.dataflow.dflow:442 [INFO]  Task 7 completed (launched -> exec_done)
2021-07-16 12:29:52.319 parsl.dataflow.dflow:1166 [WARNING]  No tasks checkpointed so far in this run. Please ensure caching is enabled
2021-07-16 12:29:52.319 parsl.dataflow.memoization:229 [DEBUG]  Task 8 will not be memoized
2021-07-16 12:29:52.319 parsl.executors.high_throughput.executor:557 [DEBUG]  Pushing function <function MonitoringHub.monitor_wrapper.<locals>.wrapped at 0x7ff0aee28700> to queue with args (7, 3.0)
2021-07-16 12:29:52.322 parsl.monitoring.monitoring:274 [DEBUG]  Sending message MessageType.TASK_INFO, {'task_func_name': 'app_C', 'task_memoize': False, 'task_hashsum': None, 'task_fail_count': 0, 'task_status': <States.launched: 7>, 'task_id': 8, 'task_time_invoked': datetime.datetime(2021, 7, 16, 12, 29, 52, 115476), 'task_try_time_launched': datetime.datetime(2021, 7, 16, 12, 29, 52, 319299), 'task_time_returned': None, 'task_try_time_returned': None, 'task_executor': 'htex_Local', 'run_id': '53009e3f-fed3-4112-9578-8416901416fa', 'try_id': 0, 'timestamp': datetime.datetime(2021, 7, 16, 12, 29, 52, 321760), 'task_status_name': 'launched', 'tasks_failed_count': 0, 'tasks_completed_count': 8, 'tasks_memo_completed_count': 0, 'from_memo': False, 'task_inputs': 'None', 'task_outputs': 'None', 'task_stdin': None, 'task_stdout': None, 'task_stderr': None, 'task_fail_history': '', 'task_depends': '6,7', 'task_joins': None}
2021-07-16 12:29:52.322 parsl.dataflow.dflow:591 [INFO]  Task 8 launched on executor htex_Local
2021-07-16 12:29:52.323 parsl.monitoring.monitoring:274 [DEBUG]  Sending message MessageType.TASK_INFO, {'task_func_name': 'app_B', 'task_memoize': False, 'task_hashsum': None, 'task_fail_count': 0, 'task_status': <States.exec_done: 3>, 'task_id': 7, 'task_time_invoked': datetime.datetime(2021, 7, 16, 12, 29, 52, 112119), 'task_try_time_launched': datetime.datetime(2021, 7, 16, 12, 29, 52, 112695), 'task_time_returned': datetime.datetime(2021, 7, 16, 12, 29, 52, 318323), 'task_try_time_returned': datetime.datetime(2021, 7, 16, 12, 29, 52, 318020), 'task_executor': 'htex_Local', 'run_id': '53009e3f-fed3-4112-9578-8416901416fa', 'try_id': 0, 'timestamp': datetime.datetime(2021, 7, 16, 12, 29, 52, 322693), 'task_status_name': 'exec_done', 'tasks_failed_count': 0, 'tasks_completed_count': 8, 'tasks_memo_completed_count': 0, 'from_memo': False, 'task_inputs': 'None', 'task_outputs': 'None', 'task_stdin': None, 'task_stdout': None, 'task_stderr': None, 'task_fail_history': '', 'task_depends': '', 'task_joins': None}
2021-07-16 12:29:52.521 parsl.dataflow.dflow:442 [INFO]  Task 8 completed (launched -> exec_done)
2021-07-16 12:29:52.522 parsl.dataflow.dflow:1166 [WARNING]  No tasks checkpointed so far in this run. Please ensure caching is enabled
2021-07-16 12:29:52.522 parsl.dataflow.memoization:229 [DEBUG]  Task 9 will not be memoized
2021-07-16 12:29:52.523 parsl.executors.high_throughput.executor:557 [DEBUG]  Pushing function <function MonitoringHub.monitor_wrapper.<locals>.wrapped at 0x7ff0aee28940> to queue with args (10, 7, 10.0)
2021-07-16 12:29:52.526 parsl.monitoring.monitoring:274 [DEBUG]  Sending message MessageType.TASK_INFO, {'task_func_name': 'app_D', 'task_memoize': False, 'task_hashsum': None, 'task_fail_count': 0, 'task_status': <States.launched: 7>, 'task_id': 9, 'task_time_invoked': datetime.datetime(2021, 7, 16, 12, 29, 52, 116508), 'task_try_time_launched': datetime.datetime(2021, 7, 16, 12, 29, 52, 522795), 'task_time_returned': None, 'task_try_time_returned': None, 'task_executor': 'htex_Local', 'run_id': '53009e3f-fed3-4112-9578-8416901416fa', 'try_id': 0, 'timestamp': datetime.datetime(2021, 7, 16, 12, 29, 52, 525679), 'task_status_name': 'launched', 'tasks_failed_count': 0, 'tasks_completed_count': 9, 'tasks_memo_completed_count': 0, 'from_memo': False, 'task_inputs': 'None', 'task_outputs': 'None', 'task_stdin': None, 'task_stdout': None, 'task_stderr': None, 'task_fail_history': '', 'task_depends': '8', 'task_joins': None}
2021-07-16 12:29:52.526 parsl.dataflow.dflow:591 [INFO]  Task 9 launched on executor htex_Local
2021-07-16 12:29:52.527 parsl.monitoring.monitoring:274 [DEBUG]  Sending message MessageType.TASK_INFO, {'task_func_name': 'app_C', 'task_memoize': False, 'task_hashsum': None, 'task_fail_count': 0, 'task_status': <States.exec_done: 3>, 'task_id': 8, 'task_time_invoked': datetime.datetime(2021, 7, 16, 12, 29, 52, 115476), 'task_try_time_launched': datetime.datetime(2021, 7, 16, 12, 29, 52, 319299), 'task_time_returned': datetime.datetime(2021, 7, 16, 12, 29, 52, 521811), 'task_try_time_returned': datetime.datetime(2021, 7, 16, 12, 29, 52, 521535), 'task_executor': 'htex_Local', 'run_id': '53009e3f-fed3-4112-9578-8416901416fa', 'try_id': 0, 'timestamp': datetime.datetime(2021, 7, 16, 12, 29, 52, 527155), 'task_status_name': 'exec_done', 'tasks_failed_count': 0, 'tasks_completed_count': 9, 'tasks_memo_completed_count': 0, 'from_memo': False, 'task_inputs': 'None', 'task_outputs': 'None', 'task_stdin': None, 'task_stdout': None, 'task_stderr': None, 'task_fail_history': '', 'task_depends': '6,7', 'task_joins': None}
2021-07-16 12:29:52.732 parsl.dataflow.dflow:442 [INFO]  Task 9 completed (launched -> exec_done)
2021-07-16 12:29:52.733 parsl.dataflow.dflow:1166 [WARNING]  No tasks checkpointed so far in this run. Please ensure caching is enabled
2021-07-16 12:29:52.733 parsl.dataflow.memoization:229 [DEBUG]  Task 10 will not be memoized
2021-07-16 12:29:52.734 parsl.executors.high_throughput.executor:557 [DEBUG]  Pushing function <function MonitoringHub.monitor_wrapper.<locals>.wrapped at 0x7ff0aee28b80> to queue with args (10,)
2021-07-16 12:29:52.736 parsl.monitoring.monitoring:274 [DEBUG]  Sending message MessageType.TASK_INFO, {'task_func_name': 'app_E', 'task_memoize': False, 'task_hashsum': None, 'task_fail_count': 0, 'task_status': <States.launched: 7>, 'task_id': 10, 'task_time_invoked': datetime.datetime(2021, 7, 16, 12, 29, 52, 117255), 'task_try_time_launched': datetime.datetime(2021, 7, 16, 12, 29, 52, 733665), 'task_time_returned': None, 'task_try_time_returned': None, 'task_executor': 'htex_Local', 'run_id': '53009e3f-fed3-4112-9578-8416901416fa', 'try_id': 0, 'timestamp': datetime.datetime(2021, 7, 16, 12, 29, 52, 736474), 'task_status_name': 'launched', 'tasks_failed_count': 0, 'tasks_completed_count': 10, 'tasks_memo_completed_count': 0, 'from_memo': False, 'task_inputs': 'None', 'task_outputs': 'None', 'task_stdin': None, 'task_stdout': None, 'task_stderr': None, 'task_fail_history': '', 'task_depends': '9', 'task_joins': None}
2021-07-16 12:29:52.737 parsl.dataflow.dflow:591 [INFO]  Task 10 launched on executor htex_Local
2021-07-16 12:29:52.738 parsl.monitoring.monitoring:274 [DEBUG]  Sending message MessageType.TASK_INFO, {'task_func_name': 'app_D', 'task_memoize': False, 'task_hashsum': None, 'task_fail_count': 0, 'task_status': <States.exec_done: 3>, 'task_id': 9, 'task_time_invoked': datetime.datetime(2021, 7, 16, 12, 29, 52, 116508), 'task_try_time_launched': datetime.datetime(2021, 7, 16, 12, 29, 52, 522795), 'task_time_returned': datetime.datetime(2021, 7, 16, 12, 29, 52, 732648), 'task_try_time_returned': datetime.datetime(2021, 7, 16, 12, 29, 52, 732367), 'task_executor': 'htex_Local', 'run_id': '53009e3f-fed3-4112-9578-8416901416fa', 'try_id': 0, 'timestamp': datetime.datetime(2021, 7, 16, 12, 29, 52, 737854), 'task_status_name': 'exec_done', 'tasks_failed_count': 0, 'tasks_completed_count': 10, 'tasks_memo_completed_count': 0, 'from_memo': False, 'task_inputs': 'None', 'task_outputs': 'None', 'task_stdin': None, 'task_stdout': None, 'task_stderr': None, 'task_fail_history': '', 'task_depends': '8', 'task_joins': None}
2021-07-16 12:29:52.938 parsl.dataflow.dflow:442 [INFO]  Task 10 completed (launched -> exec_done)
2021-07-16 12:29:52.939 parsl.dataflow.dflow:1037 [INFO]  DFK cleanup initiated
2021-07-16 12:29:52.939 parsl.dataflow.dflow:927 [INFO]  Summary of tasks in DFK:
2021-07-16 12:29:52.940 parsl.dataflow.dflow:941 [INFO]  Tasks in state States.exec_done: 11
2021-07-16 12:29:52.940 parsl.dataflow.dflow:947 [INFO]  End of summary
2021-07-16 12:29:52.940 parsl.dataflow.dflow:1166 [WARNING]  No tasks checkpointed so far in this run. Please ensure caching is enabled
2021-07-16 12:29:52.941 parsl.monitoring.monitoring:274 [DEBUG]  Sending message MessageType.TASK_INFO, {'task_func_name': 'app_E', 'task_memoize': False, 'task_hashsum': None, 'task_fail_count': 0, 'task_status': <States.exec_done: 3>, 'task_id': 10, 'task_time_invoked': datetime.datetime(2021, 7, 16, 12, 29, 52, 117255), 'task_try_time_launched': datetime.datetime(2021, 7, 16, 12, 29, 52, 733665), 'task_time_returned': datetime.datetime(2021, 7, 16, 12, 29, 52, 938551), 'task_try_time_returned': datetime.datetime(2021, 7, 16, 12, 29, 52, 938200), 'task_executor': 'htex_Local', 'run_id': '53009e3f-fed3-4112-9578-8416901416fa', 'try_id': 0, 'timestamp': datetime.datetime(2021, 7, 16, 12, 29, 52, 940986), 'task_status_name': 'exec_done', 'tasks_failed_count': 0, 'tasks_completed_count': 11, 'tasks_memo_completed_count': 0, 'from_memo': False, 'task_inputs': 'None', 'task_outputs': 'None', 'task_stdin': None, 'task_stdout': None, 'task_stderr': None, 'task_fail_history': '', 'task_depends': '9', 'task_joins': None}
2021-07-16 12:29:52.942 parsl.dataflow.dflow:1166 [WARNING]  No tasks checkpointed so far in this run. Please ensure caching is enabled
2021-07-16 12:29:52.943 parsl.dataflow.dflow:1061 [INFO]  Terminating flow_control and strategy threads
2021-07-16 12:29:52.946 parsl.executors.high_throughput.executor:688 [DEBUG]  Current blocks : {'0': '90361'}
2021-07-16 12:29:52.948 parsl.executors.high_throughput.executor:521 [DEBUG]  [HOLD_BLOCK]: Sending hold to manager: 359f71b72f71
2021-07-16 12:29:52.951 parsl.executors.high_throughput.executor:490 [DEBUG]  Sent hold request to worker: 359f71b72f71
2021-07-16 12:29:52.951 parsl.providers.local.local:266 [DEBUG]  Terminating job/proc_id: 90361
2021-07-16 12:29:52.976 parsl.dataflow.dflow:1074 [DEBUG]  Sending message [{'run_id': '53009e3f-fed3-4112-9578-8416901416fa', 'status': 'CANCELLED', 'timestamp': datetime.datetime(2021, 7, 16, 12, 29, 52, 976221), 'executor_label': 'htex_Local', 'job_id': '90361', 'block_id': '0'}] to hub from DFK
2021-07-16 12:29:52.977 parsl.monitoring.monitoring:274 [DEBUG]  Sending message MessageType.BLOCK_INFO, [{'run_id': '53009e3f-fed3-4112-9578-8416901416fa', 'status': 'CANCELLED', 'timestamp': datetime.datetime(2021, 7, 16, 12, 29, 52, 976221), 'executor_label': 'htex_Local', 'job_id': '90361', 'block_id': '0'}]
2021-07-16 12:29:52.978 parsl.executors.high_throughput.executor:727 [INFO]  Attempting HighThroughputExecutor shutdown
2021-07-16 12:29:52.978 parsl.executors.high_throughput.executor:729 [INFO]  Finished HighThroughputExecutor shutdown attempt
2021-07-16 12:29:52.978 parsl.executors.threads:101 [DEBUG]  Done with executor shutdown
2021-07-16 12:29:52.979 parsl.monitoring.monitoring:274 [DEBUG]  Sending message MessageType.WORKFLOW_INFO, {'tasks_failed_count': 0, 'tasks_completed_count': 11, 'time_began': datetime.datetime(2021, 7, 16, 12, 29, 48, 898314), 'time_completed': datetime.datetime(2021, 7, 16, 12, 29, 52, 979056), 'run_id': '53009e3f-fed3-4112-9578-8416901416fa', 'rundir': '/Users/ananthhariharan/Documents/Code/GitHub/Parsl-Project/runinfo/007'}
2021-07-16 12:29:52.979 parsl.monitoring.monitoring:283 [INFO]  Terminating Monitoring Hub
2021-07-16 12:29:52.980 parsl.monitoring.monitoring:300 [INFO]  Waiting for Hub to receive all messages and terminate
2021-07-16 12:29:56.032 parsl.process_loggers:28 [DEBUG]  Normal ending for router_starter on thread MainThread
2021-07-16 12:29:56.038 parsl.monitoring.monitoring:302 [DEBUG]  Finished waiting for Hub termination
2021-07-16 12:29:56.309 parsl.monitoring.monitoring:306 [DEBUG]  Finished waiting for DBM termination
2021-07-16 12:29:56.309 parsl.dataflow.dflow:1090 [INFO]  DFK cleanup complete
