2021-07-19 16:53:02.582 parsl:626 Rank:0 [INFO]  Python version: 3.8.8 (default, Apr 13 2021, 12:59:45) 
[Clang 10.0.0 ]
2021-07-19 16:53:02.583 parsl:627 Rank:0 [INFO]  Debug logging: True
2021-07-19 16:53:02.583 parsl:628 Rank:0 [INFO]  Log dir: /Users/ananthhariharan/Documents/Code/GitHub/Parsl-Project/runinfo/014/htex_Local
2021-07-19 16:53:02.583 parsl:629 Rank:0 [INFO]  Manager ID: fe86adfa2d9f
2021-07-19 16:53:02.583 parsl:630 Rank:0 [INFO]  Block ID: 0
2021-07-19 16:53:02.583 parsl:631 Rank:0 [INFO]  cores_per_worker: 1
2021-07-19 16:53:02.583 parsl:632 Rank:0 [INFO]  mem_per_worker: None
2021-07-19 16:53:02.583 parsl:633 Rank:0 [INFO]  task_port: 54304
2021-07-19 16:53:02.583 parsl:634 Rank:0 [INFO]  result_port: 54344
2021-07-19 16:53:02.583 parsl:635 Rank:0 [INFO]  addresses: Ananths-Macbook.local,69.174.173.76,192.168.4.29
2021-07-19 16:53:02.583 parsl:636 Rank:0 [INFO]  max_workers: 3
2021-07-19 16:53:02.583 parsl:637 Rank:0 [INFO]  poll_period: 100
2021-07-19 16:53:02.583 parsl:638 Rank:0 [INFO]  address_probe_timeout: 30
2021-07-19 16:53:02.584 parsl:639 Rank:0 [INFO]  Prefetch capacity: 0
2021-07-19 16:53:02.584 parsl:640 Rank:0 [INFO]  Heartbeat threshold: 5
2021-07-19 16:53:02.584 parsl:641 Rank:0 [INFO]  Heartbeat period: 2
2021-07-19 16:53:02.584 parsl:642 Rank:0 [INFO]  CPU affinity: none
2021-07-19 16:53:02.584 parsl:118 Rank:0 [INFO]  Manager started
2021-07-19 16:53:02.584 parsl.executors.high_throughput.probe:34 Rank:0 [DEBUG]  Trying to connect back on tcp://Ananths-Macbook.local:54304
2021-07-19 16:53:02.585 parsl.executors.high_throughput.probe:34 Rank:0 [DEBUG]  Trying to connect back on tcp://69.174.173.76:54304
2021-07-19 16:53:02.585 parsl.executors.high_throughput.probe:34 Rank:0 [DEBUG]  Trying to connect back on tcp://192.168.4.29:54304
2021-07-19 16:53:02.783 parsl.executors.high_throughput.probe:47 Rank:0 [INFO]  Connected to interchange on 192.168.4.29
2021-07-19 16:53:02.787 parsl:125 Rank:0 [INFO]  Connection to Interchange successful on 192.168.4.29
2021-07-19 16:53:02.788 parsl:128 Rank:0 [INFO]  Task url : tcp://192.168.4.29:54304
2021-07-19 16:53:02.788 parsl:129 Rank:0 [INFO]  Result url : tcp://192.168.4.29:54344
2021-07-19 16:53:02.789 parsl:147 Rank:0 [INFO]  Manager connected
2021-07-19 16:53:02.790 parsl:173 Rank:0 [INFO]  Manager will spawn 3 workers
2021-07-19 16:53:02.848 parsl:401 Rank:0 [DEBUG]  Manager synced with workers
2021-07-19 16:53:02.851 parsl:226 Rank:0 [INFO]  [TASK PULL THREAD] starting
2021-07-19 16:53:02.853 parsl:232 Rank:0 [DEBUG]  Sending registration message: b'{"parsl_v": "1.1.0", "python_v": "3.8.8", "worker_count": 3, "uid": "fe86adfa2d9f", "block_id": "0", "prefetch_capacity": 0, "max_capacity": 3, "os": "Darwin", "hostname": "Ananths-Macbook.local", "dir": "/Users/ananthhariharan/Documents/Code/GitHub/Parsl-Project", "cpu_count": 2, "total_memory": 8589934592}'
2021-07-19 16:53:02.854 parsl:307 Rank:0 [DEBUG]  [RESULT_PUSH_THREAD] Starting thread
2021-07-19 16:53:02.854 parsl:310 Rank:0 [DEBUG]  [RESULT_PUSH_THREAD] push poll period: 0.1
2021-07-19 16:53:02.856 parsl:344 Rank:0 [DEBUG]  [WORKER_WATCHDOG_THREAD] Starting thread
2021-07-19 16:53:02.857 parsl:244 Rank:0 [DEBUG]  [TASK_PULL_THREAD] ready workers:0, pending tasks:0
2021-07-19 16:53:02.857 parsl:416 Rank:0 [INFO]  Loop start
2021-07-19 16:53:02.966 parsl:283 Rank:0 [DEBUG]  [TASK_PULL_THREAD] No incoming tasks
2021-07-19 16:53:02.966 parsl:244 Rank:0 [DEBUG]  [TASK_PULL_THREAD] ready workers:3, pending tasks:0
2021-07-19 16:53:02.966 parsl:252 Rank:0 [DEBUG]  [TASK_PULL_THREAD] Requesting tasks: 3
2021-07-19 16:53:02.973 parsl:274 Rank:0 [DEBUG]  [TASK_PULL_THREAD] Got tasks: [1] of 1
2021-07-19 16:53:02.975 parsl:244 Rank:0 [DEBUG]  [TASK_PULL_THREAD] ready workers:3, pending tasks:1
2021-07-19 16:53:02.976 parsl:252 Rank:0 [DEBUG]  [TASK_PULL_THREAD] Requesting tasks: 3
2021-07-19 16:53:02.976 parsl:283 Rank:0 [DEBUG]  [TASK_PULL_THREAD] No incoming tasks
2021-07-19 16:53:02.977 parsl:244 Rank:0 [DEBUG]  [TASK_PULL_THREAD] ready workers:3, pending tasks:0
2021-07-19 16:53:02.977 parsl:252 Rank:0 [DEBUG]  [TASK_PULL_THREAD] Requesting tasks: 3
2021-07-19 16:53:02.986 parsl.process_loggers:28 Rank:0 [DEBUG]  Normal ending for send_first_message on thread MainThread
2021-07-19 16:53:03.182 parsl:283 Rank:0 [DEBUG]  [TASK_PULL_THREAD] No incoming tasks
2021-07-19 16:53:03.183 parsl:244 Rank:0 [DEBUG]  [TASK_PULL_THREAD] ready workers:3, pending tasks:0
2021-07-19 16:53:03.183 parsl:252 Rank:0 [DEBUG]  [TASK_PULL_THREAD] Requesting tasks: 3
2021-07-19 16:53:03.188 parsl:274 Rank:0 [DEBUG]  [TASK_PULL_THREAD] Got tasks: [2, 3] of 3
2021-07-19 16:53:03.189 parsl:244 Rank:0 [DEBUG]  [TASK_PULL_THREAD] ready workers:3, pending tasks:2
2021-07-19 16:53:03.189 parsl:252 Rank:0 [DEBUG]  [TASK_PULL_THREAD] Requesting tasks: 3
2021-07-19 16:53:03.191 parsl:283 Rank:0 [DEBUG]  [TASK_PULL_THREAD] No incoming tasks
2021-07-19 16:53:03.191 parsl:244 Rank:0 [DEBUG]  [TASK_PULL_THREAD] ready workers:3, pending tasks:0
2021-07-19 16:53:03.191 parsl:252 Rank:0 [DEBUG]  [TASK_PULL_THREAD] Requesting tasks: 3
2021-07-19 16:53:03.203 parsl.process_loggers:28 Rank:0 [DEBUG]  Normal ending for send_first_message on thread MainThread
2021-07-19 16:53:03.204 parsl.process_loggers:28 Rank:0 [DEBUG]  Normal ending for send_first_message on thread MainThread
2021-07-19 16:53:03.393 parsl:283 Rank:0 [DEBUG]  [TASK_PULL_THREAD] No incoming tasks
2021-07-19 16:53:03.394 parsl:244 Rank:0 [DEBUG]  [TASK_PULL_THREAD] ready workers:3, pending tasks:0
2021-07-19 16:53:03.394 parsl:252 Rank:0 [DEBUG]  [TASK_PULL_THREAD] Requesting tasks: 3
2021-07-19 16:53:03.398 parsl:274 Rank:0 [DEBUG]  [TASK_PULL_THREAD] Got tasks: [4] of 4
2021-07-19 16:53:03.398 parsl:244 Rank:0 [DEBUG]  [TASK_PULL_THREAD] ready workers:3, pending tasks:1
2021-07-19 16:53:03.399 parsl:252 Rank:0 [DEBUG]  [TASK_PULL_THREAD] Requesting tasks: 3
2021-07-19 16:53:03.399 parsl:283 Rank:0 [DEBUG]  [TASK_PULL_THREAD] No incoming tasks
2021-07-19 16:53:03.399 parsl:244 Rank:0 [DEBUG]  [TASK_PULL_THREAD] ready workers:3, pending tasks:0
2021-07-19 16:53:03.400 parsl:252 Rank:0 [DEBUG]  [TASK_PULL_THREAD] Requesting tasks: 3
2021-07-19 16:53:03.404 parsl.process_loggers:28 Rank:0 [DEBUG]  Normal ending for send_first_message on thread MainThread
2021-07-19 16:53:03.601 parsl:283 Rank:0 [DEBUG]  [TASK_PULL_THREAD] No incoming tasks
2021-07-19 16:53:03.602 parsl:244 Rank:0 [DEBUG]  [TASK_PULL_THREAD] ready workers:3, pending tasks:0
2021-07-19 16:53:03.602 parsl:252 Rank:0 [DEBUG]  [TASK_PULL_THREAD] Requesting tasks: 3
2021-07-19 16:53:03.608 parsl:274 Rank:0 [DEBUG]  [TASK_PULL_THREAD] Got tasks: [5] of 5
2021-07-19 16:53:03.608 parsl:244 Rank:0 [DEBUG]  [TASK_PULL_THREAD] ready workers:3, pending tasks:1
2021-07-19 16:53:03.608 parsl:252 Rank:0 [DEBUG]  [TASK_PULL_THREAD] Requesting tasks: 3
2021-07-19 16:53:03.608 parsl:283 Rank:0 [DEBUG]  [TASK_PULL_THREAD] No incoming tasks
2021-07-19 16:53:03.609 parsl:244 Rank:0 [DEBUG]  [TASK_PULL_THREAD] ready workers:3, pending tasks:0
2021-07-19 16:53:03.609 parsl:252 Rank:0 [DEBUG]  [TASK_PULL_THREAD] Requesting tasks: 3
2021-07-19 16:53:03.611 parsl.process_loggers:28 Rank:0 [DEBUG]  Normal ending for send_first_message on thread MainThread
2021-07-19 16:53:03.810 parsl:283 Rank:0 [DEBUG]  [TASK_PULL_THREAD] No incoming tasks
2021-07-19 16:53:03.811 parsl:244 Rank:0 [DEBUG]  [TASK_PULL_THREAD] ready workers:3, pending tasks:0
2021-07-19 16:53:03.811 parsl:252 Rank:0 [DEBUG]  [TASK_PULL_THREAD] Requesting tasks: 3
2021-07-19 16:53:03.814 parsl:274 Rank:0 [DEBUG]  [TASK_PULL_THREAD] Got tasks: [6] of 6
2021-07-19 16:53:03.814 parsl:244 Rank:0 [DEBUG]  [TASK_PULL_THREAD] ready workers:3, pending tasks:1
2021-07-19 16:53:03.814 parsl:252 Rank:0 [DEBUG]  [TASK_PULL_THREAD] Requesting tasks: 3
2021-07-19 16:53:03.815 parsl:283 Rank:0 [DEBUG]  [TASK_PULL_THREAD] No incoming tasks
2021-07-19 16:53:03.815 parsl:244 Rank:0 [DEBUG]  [TASK_PULL_THREAD] ready workers:3, pending tasks:0
2021-07-19 16:53:03.816 parsl:252 Rank:0 [DEBUG]  [TASK_PULL_THREAD] Requesting tasks: 3
2021-07-19 16:53:03.819 parsl.process_loggers:28 Rank:0 [DEBUG]  Normal ending for send_first_message on thread MainThread
2021-07-19 16:53:04.020 parsl:283 Rank:0 [DEBUG]  [TASK_PULL_THREAD] No incoming tasks
2021-07-19 16:53:04.020 parsl:244 Rank:0 [DEBUG]  [TASK_PULL_THREAD] ready workers:3, pending tasks:0
2021-07-19 16:53:04.021 parsl:252 Rank:0 [DEBUG]  [TASK_PULL_THREAD] Requesting tasks: 3
2021-07-19 16:53:04.025 parsl:274 Rank:0 [DEBUG]  [TASK_PULL_THREAD] Got tasks: [7, 8] of 8
2021-07-19 16:53:04.026 parsl:244 Rank:0 [DEBUG]  [TASK_PULL_THREAD] ready workers:3, pending tasks:2
2021-07-19 16:53:04.026 parsl:252 Rank:0 [DEBUG]  [TASK_PULL_THREAD] Requesting tasks: 3
2021-07-19 16:53:04.027 parsl:283 Rank:0 [DEBUG]  [TASK_PULL_THREAD] No incoming tasks
2021-07-19 16:53:04.027 parsl:244 Rank:0 [DEBUG]  [TASK_PULL_THREAD] ready workers:3, pending tasks:0
2021-07-19 16:53:04.027 parsl:252 Rank:0 [DEBUG]  [TASK_PULL_THREAD] Requesting tasks: 3
2021-07-19 16:53:04.031 parsl.process_loggers:28 Rank:0 [DEBUG]  Normal ending for send_first_message on thread MainThread
2021-07-19 16:53:04.032 parsl.process_loggers:28 Rank:0 [DEBUG]  Normal ending for send_first_message on thread MainThread
2021-07-19 16:53:04.232 parsl:283 Rank:0 [DEBUG]  [TASK_PULL_THREAD] No incoming tasks
2021-07-19 16:53:04.232 parsl:244 Rank:0 [DEBUG]  [TASK_PULL_THREAD] ready workers:3, pending tasks:0
2021-07-19 16:53:04.232 parsl:252 Rank:0 [DEBUG]  [TASK_PULL_THREAD] Requesting tasks: 3
2021-07-19 16:53:04.237 parsl:274 Rank:0 [DEBUG]  [TASK_PULL_THREAD] Got tasks: [9] of 9
2021-07-19 16:53:04.237 parsl:244 Rank:0 [DEBUG]  [TASK_PULL_THREAD] ready workers:3, pending tasks:1
2021-07-19 16:53:04.238 parsl:252 Rank:0 [DEBUG]  [TASK_PULL_THREAD] Requesting tasks: 3
2021-07-19 16:53:04.238 parsl:283 Rank:0 [DEBUG]  [TASK_PULL_THREAD] No incoming tasks
2021-07-19 16:53:04.238 parsl:244 Rank:0 [DEBUG]  [TASK_PULL_THREAD] ready workers:3, pending tasks:0
2021-07-19 16:53:04.238 parsl:252 Rank:0 [DEBUG]  [TASK_PULL_THREAD] Requesting tasks: 3
2021-07-19 16:53:04.241 parsl.process_loggers:28 Rank:0 [DEBUG]  Normal ending for send_first_message on thread MainThread
2021-07-19 16:53:04.444 parsl:283 Rank:0 [DEBUG]  [TASK_PULL_THREAD] No incoming tasks
2021-07-19 16:53:04.444 parsl:244 Rank:0 [DEBUG]  [TASK_PULL_THREAD] ready workers:3, pending tasks:0
2021-07-19 16:53:04.444 parsl:252 Rank:0 [DEBUG]  [TASK_PULL_THREAD] Requesting tasks: 3
2021-07-19 16:53:04.450 parsl:274 Rank:0 [DEBUG]  [TASK_PULL_THREAD] Got tasks: [10] of 10
2021-07-19 16:53:04.450 parsl:244 Rank:0 [DEBUG]  [TASK_PULL_THREAD] ready workers:3, pending tasks:1
2021-07-19 16:53:04.450 parsl:252 Rank:0 [DEBUG]  [TASK_PULL_THREAD] Requesting tasks: 3
2021-07-19 16:53:04.451 parsl:283 Rank:0 [DEBUG]  [TASK_PULL_THREAD] No incoming tasks
2021-07-19 16:53:04.451 parsl:244 Rank:0 [DEBUG]  [TASK_PULL_THREAD] ready workers:3, pending tasks:0
2021-07-19 16:53:04.451 parsl:252 Rank:0 [DEBUG]  [TASK_PULL_THREAD] Requesting tasks: 3
2021-07-19 16:53:04.456 parsl.process_loggers:28 Rank:0 [DEBUG]  Normal ending for send_first_message on thread MainThread
2021-07-19 16:53:04.654 parsl:283 Rank:0 [DEBUG]  [TASK_PULL_THREAD] No incoming tasks
2021-07-19 16:53:04.654 parsl:244 Rank:0 [DEBUG]  [TASK_PULL_THREAD] ready workers:3, pending tasks:0
2021-07-19 16:53:04.654 parsl:252 Rank:0 [DEBUG]  [TASK_PULL_THREAD] Requesting tasks: 3
2021-07-19 16:53:04.659 parsl:274 Rank:0 [DEBUG]  [TASK_PULL_THREAD] Got tasks: [11] of 11
2021-07-19 16:53:04.659 parsl:244 Rank:0 [DEBUG]  [TASK_PULL_THREAD] ready workers:3, pending tasks:1
2021-07-19 16:53:04.660 parsl:252 Rank:0 [DEBUG]  [TASK_PULL_THREAD] Requesting tasks: 3
2021-07-19 16:53:04.660 parsl:283 Rank:0 [DEBUG]  [TASK_PULL_THREAD] No incoming tasks
2021-07-19 16:53:04.660 parsl:244 Rank:0 [DEBUG]  [TASK_PULL_THREAD] ready workers:3, pending tasks:0
2021-07-19 16:53:04.661 parsl:252 Rank:0 [DEBUG]  [TASK_PULL_THREAD] Requesting tasks: 3
2021-07-19 16:53:04.665 parsl.process_loggers:28 Rank:0 [DEBUG]  Normal ending for send_first_message on thread MainThread
2021-07-19 16:53:04.866 parsl:283 Rank:0 [DEBUG]  [TASK_PULL_THREAD] No incoming tasks
2021-07-19 16:53:04.866 parsl:244 Rank:0 [DEBUG]  [TASK_PULL_THREAD] ready workers:3, pending tasks:0
2021-07-19 16:53:04.867 parsl:214 Rank:0 [DEBUG]  Return from heartbeat: None
2021-07-19 16:53:04.867 parsl:252 Rank:0 [DEBUG]  [TASK_PULL_THREAD] Requesting tasks: 3
2021-07-19 16:53:04.869 parsl:270 Rank:0 [DEBUG]  Got heartbeat from interchange
2021-07-19 16:53:04.869 parsl:244 Rank:0 [DEBUG]  [TASK_PULL_THREAD] ready workers:3, pending tasks:0
2021-07-19 16:53:04.870 parsl:252 Rank:0 [DEBUG]  [TASK_PULL_THREAD] Requesting tasks: 3
2021-07-19 16:53:04.870 parsl:283 Rank:0 [DEBUG]  [TASK_PULL_THREAD] No incoming tasks
2021-07-19 16:53:04.870 parsl:244 Rank:0 [DEBUG]  [TASK_PULL_THREAD] ready workers:3, pending tasks:0
2021-07-19 16:53:04.870 parsl:252 Rank:0 [DEBUG]  [TASK_PULL_THREAD] Requesting tasks: 3
2021-07-19 16:53:04.872 parsl:274 Rank:0 [DEBUG]  [TASK_PULL_THREAD] Got tasks: [12, 13] of 13
2021-07-19 16:53:04.873 parsl:244 Rank:0 [DEBUG]  [TASK_PULL_THREAD] ready workers:3, pending tasks:2
2021-07-19 16:53:04.873 parsl:252 Rank:0 [DEBUG]  [TASK_PULL_THREAD] Requesting tasks: 3
2021-07-19 16:53:04.874 parsl:283 Rank:0 [DEBUG]  [TASK_PULL_THREAD] No incoming tasks
2021-07-19 16:53:04.874 parsl:244 Rank:0 [DEBUG]  [TASK_PULL_THREAD] ready workers:3, pending tasks:0
2021-07-19 16:53:04.874 parsl:252 Rank:0 [DEBUG]  [TASK_PULL_THREAD] Requesting tasks: 3
2021-07-19 16:53:04.878 parsl.process_loggers:28 Rank:0 [DEBUG]  Normal ending for send_first_message on thread MainThread
2021-07-19 16:53:04.879 parsl.process_loggers:28 Rank:0 [DEBUG]  Normal ending for send_first_message on thread MainThread
2021-07-19 16:53:05.080 parsl:283 Rank:0 [DEBUG]  [TASK_PULL_THREAD] No incoming tasks
2021-07-19 16:53:05.080 parsl:244 Rank:0 [DEBUG]  [TASK_PULL_THREAD] ready workers:3, pending tasks:0
2021-07-19 16:53:05.080 parsl:252 Rank:0 [DEBUG]  [TASK_PULL_THREAD] Requesting tasks: 3
2021-07-19 16:53:05.085 parsl:274 Rank:0 [DEBUG]  [TASK_PULL_THREAD] Got tasks: [14] of 14
2021-07-19 16:53:05.086 parsl:244 Rank:0 [DEBUG]  [TASK_PULL_THREAD] ready workers:3, pending tasks:1
2021-07-19 16:53:05.086 parsl:252 Rank:0 [DEBUG]  [TASK_PULL_THREAD] Requesting tasks: 3
2021-07-19 16:53:05.087 parsl:283 Rank:0 [DEBUG]  [TASK_PULL_THREAD] No incoming tasks
2021-07-19 16:53:05.087 parsl:244 Rank:0 [DEBUG]  [TASK_PULL_THREAD] ready workers:3, pending tasks:0
2021-07-19 16:53:05.087 parsl:252 Rank:0 [DEBUG]  [TASK_PULL_THREAD] Requesting tasks: 3
2021-07-19 16:53:05.091 parsl.process_loggers:28 Rank:0 [DEBUG]  Normal ending for send_first_message on thread MainThread
2021-07-19 16:53:05.290 parsl:283 Rank:0 [DEBUG]  [TASK_PULL_THREAD] No incoming tasks
2021-07-19 16:53:05.291 parsl:244 Rank:0 [DEBUG]  [TASK_PULL_THREAD] ready workers:3, pending tasks:0
2021-07-19 16:53:05.291 parsl:252 Rank:0 [DEBUG]  [TASK_PULL_THREAD] Requesting tasks: 3
2021-07-19 16:53:05.295 parsl:274 Rank:0 [DEBUG]  [TASK_PULL_THREAD] Got tasks: [15] of 15
2021-07-19 16:53:05.296 parsl:244 Rank:0 [DEBUG]  [TASK_PULL_THREAD] ready workers:3, pending tasks:1
2021-07-19 16:53:05.296 parsl:252 Rank:0 [DEBUG]  [TASK_PULL_THREAD] Requesting tasks: 3
2021-07-19 16:53:05.297 parsl:283 Rank:0 [DEBUG]  [TASK_PULL_THREAD] No incoming tasks
2021-07-19 16:53:05.297 parsl:244 Rank:0 [DEBUG]  [TASK_PULL_THREAD] ready workers:3, pending tasks:0
2021-07-19 16:53:05.298 parsl:252 Rank:0 [DEBUG]  [TASK_PULL_THREAD] Requesting tasks: 3
2021-07-19 16:53:05.304 parsl.process_loggers:28 Rank:0 [DEBUG]  Normal ending for send_first_message on thread MainThread
2021-07-19 16:53:05.501 parsl:283 Rank:0 [DEBUG]  [TASK_PULL_THREAD] No incoming tasks
2021-07-19 16:53:05.502 parsl:244 Rank:0 [DEBUG]  [TASK_PULL_THREAD] ready workers:3, pending tasks:0
2021-07-19 16:53:05.502 parsl:252 Rank:0 [DEBUG]  [TASK_PULL_THREAD] Requesting tasks: 3
2021-07-19 16:53:05.506 parsl:274 Rank:0 [DEBUG]  [TASK_PULL_THREAD] Got tasks: [16] of 16
2021-07-19 16:53:05.506 parsl:244 Rank:0 [DEBUG]  [TASK_PULL_THREAD] ready workers:3, pending tasks:1
2021-07-19 16:53:05.507 parsl:252 Rank:0 [DEBUG]  [TASK_PULL_THREAD] Requesting tasks: 3
2021-07-19 16:53:05.507 parsl:283 Rank:0 [DEBUG]  [TASK_PULL_THREAD] No incoming tasks
2021-07-19 16:53:05.508 parsl:244 Rank:0 [DEBUG]  [TASK_PULL_THREAD] ready workers:3, pending tasks:0
2021-07-19 16:53:05.508 parsl:252 Rank:0 [DEBUG]  [TASK_PULL_THREAD] Requesting tasks: 3
2021-07-19 16:53:05.512 parsl.process_loggers:28 Rank:0 [DEBUG]  Normal ending for send_first_message on thread MainThread
2021-07-19 16:53:05.710 parsl:283 Rank:0 [DEBUG]  [TASK_PULL_THREAD] No incoming tasks
2021-07-19 16:53:05.711 parsl:244 Rank:0 [DEBUG]  [TASK_PULL_THREAD] ready workers:3, pending tasks:0
2021-07-19 16:53:05.711 parsl:252 Rank:0 [DEBUG]  [TASK_PULL_THREAD] Requesting tasks: 3
2021-07-19 16:53:05.715 parsl:274 Rank:0 [DEBUG]  [TASK_PULL_THREAD] Got tasks: [17, 18] of 18
2021-07-19 16:53:05.716 parsl:244 Rank:0 [DEBUG]  [TASK_PULL_THREAD] ready workers:3, pending tasks:2
2021-07-19 16:53:05.716 parsl:252 Rank:0 [DEBUG]  [TASK_PULL_THREAD] Requesting tasks: 3
2021-07-19 16:53:05.717 parsl:283 Rank:0 [DEBUG]  [TASK_PULL_THREAD] No incoming tasks
2021-07-19 16:53:05.717 parsl:244 Rank:0 [DEBUG]  [TASK_PULL_THREAD] ready workers:3, pending tasks:0
2021-07-19 16:53:05.717 parsl:252 Rank:0 [DEBUG]  [TASK_PULL_THREAD] Requesting tasks: 3
2021-07-19 16:53:05.722 parsl.process_loggers:28 Rank:0 [DEBUG]  Normal ending for send_first_message on thread MainThread
2021-07-19 16:53:05.722 parsl.process_loggers:28 Rank:0 [DEBUG]  Normal ending for send_first_message on thread MainThread
2021-07-19 16:53:05.920 parsl:283 Rank:0 [DEBUG]  [TASK_PULL_THREAD] No incoming tasks
2021-07-19 16:53:05.920 parsl:244 Rank:0 [DEBUG]  [TASK_PULL_THREAD] ready workers:3, pending tasks:0
2021-07-19 16:53:05.920 parsl:252 Rank:0 [DEBUG]  [TASK_PULL_THREAD] Requesting tasks: 3
2021-07-19 16:53:05.924 parsl:274 Rank:0 [DEBUG]  [TASK_PULL_THREAD] Got tasks: [19] of 19
2021-07-19 16:53:05.924 parsl:244 Rank:0 [DEBUG]  [TASK_PULL_THREAD] ready workers:3, pending tasks:1
2021-07-19 16:53:05.925 parsl:252 Rank:0 [DEBUG]  [TASK_PULL_THREAD] Requesting tasks: 3
2021-07-19 16:53:05.925 parsl:283 Rank:0 [DEBUG]  [TASK_PULL_THREAD] No incoming tasks
2021-07-19 16:53:05.926 parsl:244 Rank:0 [DEBUG]  [TASK_PULL_THREAD] ready workers:3, pending tasks:0
2021-07-19 16:53:05.926 parsl:252 Rank:0 [DEBUG]  [TASK_PULL_THREAD] Requesting tasks: 3
2021-07-19 16:53:05.930 parsl.process_loggers:28 Rank:0 [DEBUG]  Normal ending for send_first_message on thread MainThread
2021-07-19 16:53:06.129 parsl:283 Rank:0 [DEBUG]  [TASK_PULL_THREAD] No incoming tasks
2021-07-19 16:53:06.129 parsl:244 Rank:0 [DEBUG]  [TASK_PULL_THREAD] ready workers:3, pending tasks:0
2021-07-19 16:53:06.129 parsl:252 Rank:0 [DEBUG]  [TASK_PULL_THREAD] Requesting tasks: 3
2021-07-19 16:53:06.134 parsl:274 Rank:0 [DEBUG]  [TASK_PULL_THREAD] Got tasks: [20] of 20
2021-07-19 16:53:06.134 parsl:244 Rank:0 [DEBUG]  [TASK_PULL_THREAD] ready workers:3, pending tasks:1
2021-07-19 16:53:06.134 parsl:252 Rank:0 [DEBUG]  [TASK_PULL_THREAD] Requesting tasks: 3
2021-07-19 16:53:06.135 parsl:283 Rank:0 [DEBUG]  [TASK_PULL_THREAD] No incoming tasks
2021-07-19 16:53:06.135 parsl:244 Rank:0 [DEBUG]  [TASK_PULL_THREAD] ready workers:3, pending tasks:0
2021-07-19 16:53:06.135 parsl:252 Rank:0 [DEBUG]  [TASK_PULL_THREAD] Requesting tasks: 3
2021-07-19 16:53:06.139 parsl.process_loggers:28 Rank:0 [DEBUG]  Normal ending for send_first_message on thread MainThread
2021-07-19 16:53:06.340 parsl:283 Rank:0 [DEBUG]  [TASK_PULL_THREAD] No incoming tasks
2021-07-19 16:53:06.340 parsl:244 Rank:0 [DEBUG]  [TASK_PULL_THREAD] ready workers:3, pending tasks:0
2021-07-19 16:53:06.340 parsl:252 Rank:0 [DEBUG]  [TASK_PULL_THREAD] Requesting tasks: 3
2021-07-19 16:53:06.346 parsl:274 Rank:0 [DEBUG]  [TASK_PULL_THREAD] Got tasks: [21] of 21
2021-07-19 16:53:06.346 parsl:244 Rank:0 [DEBUG]  [TASK_PULL_THREAD] ready workers:3, pending tasks:1
2021-07-19 16:53:06.346 parsl:252 Rank:0 [DEBUG]  [TASK_PULL_THREAD] Requesting tasks: 3
2021-07-19 16:53:06.347 parsl:283 Rank:0 [DEBUG]  [TASK_PULL_THREAD] No incoming tasks
2021-07-19 16:53:06.347 parsl:244 Rank:0 [DEBUG]  [TASK_PULL_THREAD] ready workers:3, pending tasks:0
2021-07-19 16:53:06.347 parsl:252 Rank:0 [DEBUG]  [TASK_PULL_THREAD] Requesting tasks: 3
2021-07-19 16:53:06.350 parsl.process_loggers:28 Rank:0 [DEBUG]  Normal ending for send_first_message on thread MainThread
2021-07-19 16:53:06.552 parsl:283 Rank:0 [DEBUG]  [TASK_PULL_THREAD] No incoming tasks
2021-07-19 16:53:06.552 parsl:244 Rank:0 [DEBUG]  [TASK_PULL_THREAD] ready workers:3, pending tasks:0
2021-07-19 16:53:06.552 parsl:252 Rank:0 [DEBUG]  [TASK_PULL_THREAD] Requesting tasks: 3
2021-07-19 16:53:06.557 parsl:274 Rank:0 [DEBUG]  [TASK_PULL_THREAD] Got tasks: [22, 23] of 23
2021-07-19 16:53:06.557 parsl:244 Rank:0 [DEBUG]  [TASK_PULL_THREAD] ready workers:3, pending tasks:2
2021-07-19 16:53:06.558 parsl:252 Rank:0 [DEBUG]  [TASK_PULL_THREAD] Requesting tasks: 3
2021-07-19 16:53:06.558 parsl:283 Rank:0 [DEBUG]  [TASK_PULL_THREAD] No incoming tasks
2021-07-19 16:53:06.558 parsl:244 Rank:0 [DEBUG]  [TASK_PULL_THREAD] ready workers:3, pending tasks:0
2021-07-19 16:53:06.559 parsl:252 Rank:0 [DEBUG]  [TASK_PULL_THREAD] Requesting tasks: 3
2021-07-19 16:53:06.563 parsl.process_loggers:28 Rank:0 [DEBUG]  Normal ending for send_first_message on thread MainThread
2021-07-19 16:53:06.563 parsl.process_loggers:28 Rank:0 [DEBUG]  Normal ending for send_first_message on thread MainThread
2021-07-19 16:53:06.763 parsl:283 Rank:0 [DEBUG]  [TASK_PULL_THREAD] No incoming tasks
2021-07-19 16:53:06.763 parsl:244 Rank:0 [DEBUG]  [TASK_PULL_THREAD] ready workers:3, pending tasks:0
2021-07-19 16:53:06.763 parsl:252 Rank:0 [DEBUG]  [TASK_PULL_THREAD] Requesting tasks: 3
2021-07-19 16:53:06.768 parsl:274 Rank:0 [DEBUG]  [TASK_PULL_THREAD] Got tasks: [24] of 24
2021-07-19 16:53:06.769 parsl:244 Rank:0 [DEBUG]  [TASK_PULL_THREAD] ready workers:3, pending tasks:1
2021-07-19 16:53:06.769 parsl:252 Rank:0 [DEBUG]  [TASK_PULL_THREAD] Requesting tasks: 3
2021-07-19 16:53:06.770 parsl:283 Rank:0 [DEBUG]  [TASK_PULL_THREAD] No incoming tasks
2021-07-19 16:53:06.770 parsl:244 Rank:0 [DEBUG]  [TASK_PULL_THREAD] ready workers:3, pending tasks:0
2021-07-19 16:53:06.770 parsl:252 Rank:0 [DEBUG]  [TASK_PULL_THREAD] Requesting tasks: 3
2021-07-19 16:53:06.772 parsl.process_loggers:28 Rank:0 [DEBUG]  Normal ending for send_first_message on thread MainThread
2021-07-19 16:53:06.975 parsl:283 Rank:0 [DEBUG]  [TASK_PULL_THREAD] No incoming tasks
2021-07-19 16:53:06.976 parsl:244 Rank:0 [DEBUG]  [TASK_PULL_THREAD] ready workers:3, pending tasks:0
2021-07-19 16:53:06.976 parsl:214 Rank:0 [DEBUG]  Return from heartbeat: None
2021-07-19 16:53:06.976 parsl:252 Rank:0 [DEBUG]  [TASK_PULL_THREAD] Requesting tasks: 3
2021-07-19 16:53:06.980 parsl:270 Rank:0 [DEBUG]  Got heartbeat from interchange
2021-07-19 16:53:06.980 parsl:244 Rank:0 [DEBUG]  [TASK_PULL_THREAD] ready workers:3, pending tasks:0
2021-07-19 16:53:06.980 parsl:252 Rank:0 [DEBUG]  [TASK_PULL_THREAD] Requesting tasks: 3
2021-07-19 16:53:06.980 parsl:283 Rank:0 [DEBUG]  [TASK_PULL_THREAD] No incoming tasks
2021-07-19 16:53:06.981 parsl:244 Rank:0 [DEBUG]  [TASK_PULL_THREAD] ready workers:3, pending tasks:0
2021-07-19 16:53:06.981 parsl:252 Rank:0 [DEBUG]  [TASK_PULL_THREAD] Requesting tasks: 3
2021-07-19 16:53:06.982 parsl:274 Rank:0 [DEBUG]  [TASK_PULL_THREAD] Got tasks: [25] of 25
2021-07-19 16:53:06.982 parsl:244 Rank:0 [DEBUG]  [TASK_PULL_THREAD] ready workers:3, pending tasks:1
2021-07-19 16:53:06.983 parsl:252 Rank:0 [DEBUG]  [TASK_PULL_THREAD] Requesting tasks: 3
2021-07-19 16:53:06.983 parsl:283 Rank:0 [DEBUG]  [TASK_PULL_THREAD] No incoming tasks
2021-07-19 16:53:06.984 parsl:244 Rank:0 [DEBUG]  [TASK_PULL_THREAD] ready workers:3, pending tasks:0
2021-07-19 16:53:06.984 parsl:252 Rank:0 [DEBUG]  [TASK_PULL_THREAD] Requesting tasks: 3
2021-07-19 16:53:06.988 parsl.process_loggers:28 Rank:0 [DEBUG]  Normal ending for send_first_message on thread MainThread
2021-07-19 16:53:07.188 parsl:283 Rank:0 [DEBUG]  [TASK_PULL_THREAD] No incoming tasks
2021-07-19 16:53:07.188 parsl:244 Rank:0 [DEBUG]  [TASK_PULL_THREAD] ready workers:3, pending tasks:0
2021-07-19 16:53:07.188 parsl:252 Rank:0 [DEBUG]  [TASK_PULL_THREAD] Requesting tasks: 3
2021-07-19 16:53:07.192 parsl:274 Rank:0 [DEBUG]  [TASK_PULL_THREAD] Got tasks: [26] of 26
2021-07-19 16:53:07.193 parsl:244 Rank:0 [DEBUG]  [TASK_PULL_THREAD] ready workers:3, pending tasks:1
2021-07-19 16:53:07.193 parsl:252 Rank:0 [DEBUG]  [TASK_PULL_THREAD] Requesting tasks: 3
2021-07-19 16:53:07.193 parsl:283 Rank:0 [DEBUG]  [TASK_PULL_THREAD] No incoming tasks
2021-07-19 16:53:07.194 parsl:244 Rank:0 [DEBUG]  [TASK_PULL_THREAD] ready workers:3, pending tasks:0
2021-07-19 16:53:07.194 parsl:252 Rank:0 [DEBUG]  [TASK_PULL_THREAD] Requesting tasks: 3
2021-07-19 16:53:07.197 parsl.process_loggers:28 Rank:0 [DEBUG]  Normal ending for send_first_message on thread MainThread
2021-07-19 16:53:07.395 parsl:283 Rank:0 [DEBUG]  [TASK_PULL_THREAD] No incoming tasks
2021-07-19 16:53:07.396 parsl:244 Rank:0 [DEBUG]  [TASK_PULL_THREAD] ready workers:3, pending tasks:0
2021-07-19 16:53:07.396 parsl:252 Rank:0 [DEBUG]  [TASK_PULL_THREAD] Requesting tasks: 3
2021-07-19 16:53:07.401 parsl:274 Rank:0 [DEBUG]  [TASK_PULL_THREAD] Got tasks: [27, 28] of 28
2021-07-19 16:53:07.401 parsl:244 Rank:0 [DEBUG]  [TASK_PULL_THREAD] ready workers:3, pending tasks:2
2021-07-19 16:53:07.401 parsl:252 Rank:0 [DEBUG]  [TASK_PULL_THREAD] Requesting tasks: 3
2021-07-19 16:53:07.402 parsl:283 Rank:0 [DEBUG]  [TASK_PULL_THREAD] No incoming tasks
2021-07-19 16:53:07.402 parsl:244 Rank:0 [DEBUG]  [TASK_PULL_THREAD] ready workers:3, pending tasks:0
2021-07-19 16:53:07.403 parsl:252 Rank:0 [DEBUG]  [TASK_PULL_THREAD] Requesting tasks: 3
2021-07-19 16:53:07.408 parsl.process_loggers:28 Rank:0 [DEBUG]  Normal ending for send_first_message on thread MainThread
2021-07-19 16:53:07.408 parsl.process_loggers:28 Rank:0 [DEBUG]  Normal ending for send_first_message on thread MainThread
2021-07-19 16:53:07.608 parsl:283 Rank:0 [DEBUG]  [TASK_PULL_THREAD] No incoming tasks
2021-07-19 16:53:07.608 parsl:244 Rank:0 [DEBUG]  [TASK_PULL_THREAD] ready workers:3, pending tasks:0
2021-07-19 16:53:07.608 parsl:252 Rank:0 [DEBUG]  [TASK_PULL_THREAD] Requesting tasks: 3
2021-07-19 16:53:07.614 parsl:274 Rank:0 [DEBUG]  [TASK_PULL_THREAD] Got tasks: [29] of 29
2021-07-19 16:53:07.615 parsl:244 Rank:0 [DEBUG]  [TASK_PULL_THREAD] ready workers:3, pending tasks:1
2021-07-19 16:53:07.615 parsl:252 Rank:0 [DEBUG]  [TASK_PULL_THREAD] Requesting tasks: 3
2021-07-19 16:53:07.616 parsl:283 Rank:0 [DEBUG]  [TASK_PULL_THREAD] No incoming tasks
2021-07-19 16:53:07.616 parsl:244 Rank:0 [DEBUG]  [TASK_PULL_THREAD] ready workers:3, pending tasks:0
2021-07-19 16:53:07.616 parsl:252 Rank:0 [DEBUG]  [TASK_PULL_THREAD] Requesting tasks: 3
2021-07-19 16:53:07.621 parsl.process_loggers:28 Rank:0 [DEBUG]  Normal ending for send_first_message on thread MainThread
2021-07-19 16:53:07.820 parsl:283 Rank:0 [DEBUG]  [TASK_PULL_THREAD] No incoming tasks
2021-07-19 16:53:07.820 parsl:244 Rank:0 [DEBUG]  [TASK_PULL_THREAD] ready workers:3, pending tasks:0
2021-07-19 16:53:07.820 parsl:252 Rank:0 [DEBUG]  [TASK_PULL_THREAD] Requesting tasks: 3
2021-07-19 16:53:07.825 parsl:274 Rank:0 [DEBUG]  [TASK_PULL_THREAD] Got tasks: [30] of 30
2021-07-19 16:53:07.825 parsl:244 Rank:0 [DEBUG]  [TASK_PULL_THREAD] ready workers:3, pending tasks:1
2021-07-19 16:53:07.825 parsl:252 Rank:0 [DEBUG]  [TASK_PULL_THREAD] Requesting tasks: 3
2021-07-19 16:53:07.826 parsl:283 Rank:0 [DEBUG]  [TASK_PULL_THREAD] No incoming tasks
2021-07-19 16:53:07.826 parsl:244 Rank:0 [DEBUG]  [TASK_PULL_THREAD] ready workers:3, pending tasks:0
2021-07-19 16:53:07.826 parsl:252 Rank:0 [DEBUG]  [TASK_PULL_THREAD] Requesting tasks: 3
2021-07-19 16:53:07.830 parsl.process_loggers:28 Rank:0 [DEBUG]  Normal ending for send_first_message on thread MainThread
2021-07-19 16:53:08.030 parsl:283 Rank:0 [DEBUG]  [TASK_PULL_THREAD] No incoming tasks
2021-07-19 16:53:08.030 parsl:244 Rank:0 [DEBUG]  [TASK_PULL_THREAD] ready workers:3, pending tasks:0
2021-07-19 16:53:08.030 parsl:252 Rank:0 [DEBUG]  [TASK_PULL_THREAD] Requesting tasks: 3
2021-07-19 16:53:08.035 parsl:274 Rank:0 [DEBUG]  [TASK_PULL_THREAD] Got tasks: [31] of 31
2021-07-19 16:53:08.035 parsl:244 Rank:0 [DEBUG]  [TASK_PULL_THREAD] ready workers:3, pending tasks:1
2021-07-19 16:53:08.035 parsl:252 Rank:0 [DEBUG]  [TASK_PULL_THREAD] Requesting tasks: 3
2021-07-19 16:53:08.036 parsl:283 Rank:0 [DEBUG]  [TASK_PULL_THREAD] No incoming tasks
2021-07-19 16:53:08.036 parsl:244 Rank:0 [DEBUG]  [TASK_PULL_THREAD] ready workers:3, pending tasks:0
2021-07-19 16:53:08.036 parsl:252 Rank:0 [DEBUG]  [TASK_PULL_THREAD] Requesting tasks: 3
2021-07-19 16:53:08.041 parsl.process_loggers:28 Rank:0 [DEBUG]  Normal ending for send_first_message on thread MainThread
2021-07-19 16:53:08.240 parsl:283 Rank:0 [DEBUG]  [TASK_PULL_THREAD] No incoming tasks
2021-07-19 16:53:08.241 parsl:244 Rank:0 [DEBUG]  [TASK_PULL_THREAD] ready workers:3, pending tasks:0
2021-07-19 16:53:08.241 parsl:252 Rank:0 [DEBUG]  [TASK_PULL_THREAD] Requesting tasks: 3
2021-07-19 16:53:08.245 parsl:274 Rank:0 [DEBUG]  [TASK_PULL_THREAD] Got tasks: [32, 33] of 33
2021-07-19 16:53:08.246 parsl:244 Rank:0 [DEBUG]  [TASK_PULL_THREAD] ready workers:3, pending tasks:2
2021-07-19 16:53:08.246 parsl:252 Rank:0 [DEBUG]  [TASK_PULL_THREAD] Requesting tasks: 3
2021-07-19 16:53:08.246 parsl:283 Rank:0 [DEBUG]  [TASK_PULL_THREAD] No incoming tasks
2021-07-19 16:53:08.247 parsl:244 Rank:0 [DEBUG]  [TASK_PULL_THREAD] ready workers:3, pending tasks:0
2021-07-19 16:53:08.247 parsl:252 Rank:0 [DEBUG]  [TASK_PULL_THREAD] Requesting tasks: 3
2021-07-19 16:53:08.251 parsl.process_loggers:28 Rank:0 [DEBUG]  Normal ending for send_first_message on thread MainThread
2021-07-19 16:53:08.252 parsl.process_loggers:28 Rank:0 [DEBUG]  Normal ending for send_first_message on thread MainThread
2021-07-19 16:53:08.452 parsl:283 Rank:0 [DEBUG]  [TASK_PULL_THREAD] No incoming tasks
2021-07-19 16:53:08.452 parsl:244 Rank:0 [DEBUG]  [TASK_PULL_THREAD] ready workers:3, pending tasks:0
2021-07-19 16:53:08.452 parsl:252 Rank:0 [DEBUG]  [TASK_PULL_THREAD] Requesting tasks: 3
2021-07-19 16:53:08.457 parsl:274 Rank:0 [DEBUG]  [TASK_PULL_THREAD] Got tasks: [34] of 34
2021-07-19 16:53:08.457 parsl:244 Rank:0 [DEBUG]  [TASK_PULL_THREAD] ready workers:3, pending tasks:1
2021-07-19 16:53:08.457 parsl:252 Rank:0 [DEBUG]  [TASK_PULL_THREAD] Requesting tasks: 3
2021-07-19 16:53:08.458 parsl:283 Rank:0 [DEBUG]  [TASK_PULL_THREAD] No incoming tasks
2021-07-19 16:53:08.458 parsl:244 Rank:0 [DEBUG]  [TASK_PULL_THREAD] ready workers:3, pending tasks:0
2021-07-19 16:53:08.458 parsl:252 Rank:0 [DEBUG]  [TASK_PULL_THREAD] Requesting tasks: 3
2021-07-19 16:53:08.462 parsl.process_loggers:28 Rank:0 [DEBUG]  Normal ending for send_first_message on thread MainThread
2021-07-19 16:53:08.660 parsl:283 Rank:0 [DEBUG]  [TASK_PULL_THREAD] No incoming tasks
2021-07-19 16:53:08.660 parsl:244 Rank:0 [DEBUG]  [TASK_PULL_THREAD] ready workers:3, pending tasks:0
2021-07-19 16:53:08.660 parsl:252 Rank:0 [DEBUG]  [TASK_PULL_THREAD] Requesting tasks: 3
2021-07-19 16:53:08.665 parsl:274 Rank:0 [DEBUG]  [TASK_PULL_THREAD] Got tasks: [35] of 35
2021-07-19 16:53:08.665 parsl:244 Rank:0 [DEBUG]  [TASK_PULL_THREAD] ready workers:3, pending tasks:1
2021-07-19 16:53:08.665 parsl:252 Rank:0 [DEBUG]  [TASK_PULL_THREAD] Requesting tasks: 3
2021-07-19 16:53:08.666 parsl:283 Rank:0 [DEBUG]  [TASK_PULL_THREAD] No incoming tasks
2021-07-19 16:53:08.666 parsl:244 Rank:0 [DEBUG]  [TASK_PULL_THREAD] ready workers:3, pending tasks:0
2021-07-19 16:53:08.666 parsl:252 Rank:0 [DEBUG]  [TASK_PULL_THREAD] Requesting tasks: 3
2021-07-19 16:53:08.670 parsl.process_loggers:28 Rank:0 [DEBUG]  Normal ending for send_first_message on thread MainThread
2021-07-19 16:53:08.781 parsl:274 Rank:0 [DEBUG]  [TASK_PULL_THREAD] Got tasks: [36] of 36
2021-07-19 16:53:08.782 parsl:244 Rank:0 [DEBUG]  [TASK_PULL_THREAD] ready workers:3, pending tasks:1
2021-07-19 16:53:08.782 parsl:252 Rank:0 [DEBUG]  [TASK_PULL_THREAD] Requesting tasks: 3
2021-07-19 16:53:08.783 parsl:283 Rank:0 [DEBUG]  [TASK_PULL_THREAD] No incoming tasks
2021-07-19 16:53:08.783 parsl:244 Rank:0 [DEBUG]  [TASK_PULL_THREAD] ready workers:3, pending tasks:0
2021-07-19 16:53:08.783 parsl:252 Rank:0 [DEBUG]  [TASK_PULL_THREAD] Requesting tasks: 3
2021-07-19 16:53:08.787 parsl.process_loggers:28 Rank:0 [DEBUG]  Normal ending for send_first_message on thread MainThread
2021-07-19 16:53:08.987 parsl:283 Rank:0 [DEBUG]  [TASK_PULL_THREAD] No incoming tasks
2021-07-19 16:53:08.987 parsl:244 Rank:0 [DEBUG]  [TASK_PULL_THREAD] ready workers:3, pending tasks:0
2021-07-19 16:53:08.987 parsl:214 Rank:0 [DEBUG]  Return from heartbeat: None
2021-07-19 16:53:08.987 parsl:252 Rank:0 [DEBUG]  [TASK_PULL_THREAD] Requesting tasks: 3
2021-07-19 16:53:09.391 parsl:283 Rank:0 [DEBUG]  [TASK_PULL_THREAD] No incoming tasks
2021-07-19 16:53:09.391 parsl:244 Rank:0 [DEBUG]  [TASK_PULL_THREAD] ready workers:3, pending tasks:0
2021-07-19 16:53:09.392 parsl:252 Rank:0 [DEBUG]  [TASK_PULL_THREAD] Requesting tasks: 3
2021-07-19 16:53:10.197 parsl:283 Rank:0 [DEBUG]  [TASK_PULL_THREAD] No incoming tasks
2021-07-19 16:53:10.199 parsl:244 Rank:0 [DEBUG]  [TASK_PULL_THREAD] ready workers:3, pending tasks:0
2021-07-19 16:53:10.199 parsl:252 Rank:0 [DEBUG]  [TASK_PULL_THREAD] Requesting tasks: 3
2021-07-19 16:53:11.802 parsl:283 Rank:0 [DEBUG]  [TASK_PULL_THREAD] No incoming tasks
2021-07-19 16:53:11.802 parsl:244 Rank:0 [DEBUG]  [TASK_PULL_THREAD] ready workers:3, pending tasks:0
2021-07-19 16:53:11.802 parsl:214 Rank:0 [DEBUG]  Return from heartbeat: None
2021-07-19 16:53:11.802 parsl:252 Rank:0 [DEBUG]  [TASK_PULL_THREAD] Requesting tasks: 3
2021-07-19 16:53:13.809 parsl:283 Rank:0 [DEBUG]  [TASK_PULL_THREAD] No incoming tasks
2021-07-19 16:53:13.809 parsl:292 Rank:0 [CRITICAL]  [TASK_PULL_THREAD] Missing contact with interchange beyond heartbeat_threshold
2021-07-19 16:53:13.809 parsl:294 Rank:0 [CRITICAL]  [TASK_PULL_THREAD] Exiting
2021-07-19 16:53:13.809 parsl.process_loggers:28 Rank:0 [DEBUG]  Normal ending for pull_tasks on thread Task-Puller
2021-07-19 16:53:13.810 parsl:421 Rank:0 [CRITICAL]  [MAIN] Received kill event, terminating worker processes
2021-07-19 16:53:13.868 parsl:332 Rank:0 [CRITICAL]  [RESULT_PUSH_THREAD] Exiting
2021-07-19 16:53:13.868 parsl.process_loggers:28 Rank:0 [DEBUG]  Normal ending for push_results on thread Result-Pusher
2021-07-19 16:58:02.900 parsl:376 Rank:0 [CRITICAL]  [WORKER_WATCHDOG_THREAD] Exiting
2021-07-19 16:58:02.900 parsl.process_loggers:28 Rank:0 [DEBUG]  Normal ending for worker_watchdog on thread worker-watchdog
2021-07-19 16:58:02.901 parsl:428 Rank:0 [CRITICAL]  Terminating worker <ForkProcess name='HTEX-Worker-0' pid=2776 parent=2772 started>: is_alive()=True
2021-07-19 16:58:02.904 parsl:431 Rank:0 [DEBUG]  Worker <ForkProcess name='HTEX-Worker-0' pid=2776 parent=2772 stopped exitcode=-SIGTERM> joined successfully
2021-07-19 16:58:02.904 parsl:428 Rank:0 [CRITICAL]  Terminating worker <ForkProcess name='HTEX-Worker-1' pid=2777 parent=2772 started>: is_alive()=True
2021-07-19 16:58:02.906 parsl:431 Rank:0 [DEBUG]  Worker <ForkProcess name='HTEX-Worker-1' pid=2777 parent=2772 stopped exitcode=-SIGTERM> joined successfully
2021-07-19 16:58:02.907 parsl:428 Rank:0 [CRITICAL]  Terminating worker <ForkProcess name='HTEX-Worker-2' pid=2778 parent=2772 started>: is_alive()=True
2021-07-19 16:58:02.909 parsl:431 Rank:0 [DEBUG]  Worker <ForkProcess name='HTEX-Worker-2' pid=2778 parent=2772 stopped exitcode=-SIGTERM> joined successfully
2021-07-19 16:58:02.910 parsl:437 Rank:0 [INFO]  process_worker_pool ran for 300.09538316726685 seconds
2021-07-19 16:58:02.910 parsl:664 Rank:0 [INFO]  Process worker pool exiting normally
